[2021-06-07 18:53:12,558] {taskinstance.py:876} INFO - Dependencies all met for <TaskInstance: example_bash_operator.this_will_skip 2021-06-07T21:53:08.311476+00:00 [queued]>
[2021-06-07 18:53:12,564] {taskinstance.py:876} INFO - Dependencies all met for <TaskInstance: example_bash_operator.this_will_skip 2021-06-07T21:53:08.311476+00:00 [queued]>
[2021-06-07 18:53:12,564] {taskinstance.py:1067} INFO - 
--------------------------------------------------------------------------------
[2021-06-07 18:53:12,565] {taskinstance.py:1068} INFO - Starting attempt 1 of 1
[2021-06-07 18:53:12,566] {taskinstance.py:1069} INFO - 
--------------------------------------------------------------------------------
[2021-06-07 18:53:12,578] {taskinstance.py:1087} INFO - Executing <Task(BashOperator): this_will_skip> on 2021-06-07T21:53:08.311476+00:00
[2021-06-07 18:53:12,581] {standard_task_runner.py:52} INFO - Started process 10926 to run task
[2021-06-07 18:53:12,584] {standard_task_runner.py:76} INFO - Running: ['airflow', 'tasks', 'run', 'example_bash_operator', 'this_will_skip', '2021-06-07T21:53:08.311476+00:00', '--job-id', '21', '--pool', 'default_pool', '--raw', '--subdir', '/home/encrypted/abaceti/.virtualenvs/***-airflow-images/lib/python3.6/site-packages/airflow/example_dags/example_bash_operator.py', '--cfg-path', '/tmp/tmp4_ovsyhi', '--error-file', '/tmp/tmp2exhsa8_']
[2021-06-07 18:53:12,584] {standard_task_runner.py:77} INFO - Job 21: Subtask this_will_skip
[2021-06-07 18:53:12,621] {logging_mixin.py:104} INFO - Running <TaskInstance: example_bash_operator.this_will_skip 2021-06-07T21:53:08.311476+00:00 [running]> on host abaceti-A62-LIV
[2021-06-07 18:53:12,669] {taskinstance.py:1282} INFO - Exporting the following env vars:
AIRFLOW_CTX_DAG_OWNER=airflow
AIRFLOW_CTX_DAG_ID=example_bash_operator
AIRFLOW_CTX_TASK_ID=this_will_skip
AIRFLOW_CTX_EXECUTION_DATE=2021-06-07T21:53:08.311476+00:00
AIRFLOW_CTX_DAG_RUN_ID=manual__2021-06-07T21:53:08.311476+00:00
[2021-06-07 18:53:12,669] {subprocess.py:52} INFO - Tmp dir root location: 
 /tmp
[2021-06-07 18:53:12,670] {subprocess.py:63} INFO - Running command: ['bash', '-c', 'echo "hello world"; exit 99;']
[2021-06-07 18:53:12,675] {subprocess.py:75} INFO - Output:
[2021-06-07 18:53:12,675] {subprocess.py:79} INFO - hello world
[2021-06-07 18:53:12,676] {subprocess.py:83} INFO - Command exited with return code 99
[2021-06-07 18:53:12,676] {taskinstance.py:1147} INFO - Bash command returned exit code 99. Skipping.
[2021-06-07 18:53:12,686] {taskinstance.py:1157} INFO - Marking task as SKIPPED. dag_id=example_bash_operator, task_id=this_will_skip, execution_date=20210607T215308, start_date=20210607T215312, end_date=
[2021-06-07 18:53:12,687] {taskinstance.py:1191} INFO - Marking task as SUCCESS. dag_id=example_bash_operator, task_id=this_will_skip, execution_date=20210607T215308, start_date=20210607T215312, end_date=20210607T215312
[2021-06-07 18:53:12,713] {taskinstance.py:1245} INFO - 0 downstream tasks scheduled from follow-on schedule check
[2021-06-07 18:53:12,755] {local_task_job.py:151} INFO - Task exited with return code 0
