[2021-06-07 18:52:42,707] {taskinstance.py:876} INFO - Dependencies all met for <TaskInstance: example_bash_operator.runme_1 2021-06-07T21:51:38.947406+00:00 [queued]>
[2021-06-07 18:52:42,717] {taskinstance.py:876} INFO - Dependencies all met for <TaskInstance: example_bash_operator.runme_1 2021-06-07T21:51:38.947406+00:00 [queued]>
[2021-06-07 18:52:42,717] {taskinstance.py:1067} INFO - 
--------------------------------------------------------------------------------
[2021-06-07 18:52:42,717] {taskinstance.py:1068} INFO - Starting attempt 1 of 1
[2021-06-07 18:52:42,719] {taskinstance.py:1069} INFO - 
--------------------------------------------------------------------------------
[2021-06-07 18:52:42,738] {taskinstance.py:1087} INFO - Executing <Task(BashOperator): runme_1> on 2021-06-07T21:51:38.947406+00:00
[2021-06-07 18:52:42,742] {standard_task_runner.py:52} INFO - Started process 10235 to run task
[2021-06-07 18:52:42,745] {standard_task_runner.py:76} INFO - Running: ['airflow', 'tasks', 'run', 'example_bash_operator', 'runme_1', '2021-06-07T21:51:38.947406+00:00', '--job-id', '9', '--pool', 'default_pool', '--raw', '--subdir', '/home/encrypted/abaceti/.virtualenvs/***-airflow-images/lib/python3.6/site-packages/airflow/example_dags/example_bash_operator.py', '--cfg-path', '/tmp/tmpwy8yh4h9', '--error-file', '/tmp/tmpbujvl9hn']
[2021-06-07 18:52:42,746] {standard_task_runner.py:77} INFO - Job 9: Subtask runme_1
[2021-06-07 18:52:42,801] {logging_mixin.py:104} INFO - Running <TaskInstance: example_bash_operator.runme_1 2021-06-07T21:51:38.947406+00:00 [running]> on host abaceti-A62-LIV
[2021-06-07 18:52:42,895] {taskinstance.py:1282} INFO - Exporting the following env vars:
AIRFLOW_CTX_DAG_OWNER=airflow
AIRFLOW_CTX_DAG_ID=example_bash_operator
AIRFLOW_CTX_TASK_ID=runme_1
AIRFLOW_CTX_EXECUTION_DATE=2021-06-07T21:51:38.947406+00:00
AIRFLOW_CTX_DAG_RUN_ID=manual__2021-06-07T21:51:38.947406+00:00
[2021-06-07 18:52:42,895] {subprocess.py:52} INFO - Tmp dir root location: 
 /tmp
[2021-06-07 18:52:42,896] {subprocess.py:63} INFO - Running command: ['bash', '-c', 'echo "example_bash_operator__runme_1__20210607" && sleep 1']
[2021-06-07 18:52:42,903] {subprocess.py:75} INFO - Output:
[2021-06-07 18:52:42,904] {subprocess.py:79} INFO - example_bash_operator__runme_1__20210607
[2021-06-07 18:52:43,905] {subprocess.py:83} INFO - Command exited with return code 0
[2021-06-07 18:52:43,933] {taskinstance.py:1191} INFO - Marking task as SUCCESS. dag_id=example_bash_operator, task_id=runme_1, execution_date=20210607T215138, start_date=20210607T215242, end_date=20210607T215243
[2021-06-07 18:52:43,961] {taskinstance.py:1245} INFO - 1 downstream tasks scheduled from follow-on schedule check
[2021-06-07 18:52:44,005] {local_task_job.py:151} INFO - Task exited with return code 0
