[2021-06-07 18:39:19,968] {scheduler_job.py:182} INFO - Started process (PID=5665) to work on /home/encrypted/abaceti/.virtualenvs/pumpwood-airflow-images/lib/python3.6/site-packages/airflow/example_dags/example_branch_datetime_operator.py
[2021-06-07 18:39:19,968] {scheduler_job.py:633} INFO - Processing file /home/encrypted/abaceti/.virtualenvs/pumpwood-airflow-images/lib/python3.6/site-packages/airflow/example_dags/example_branch_datetime_operator.py for tasks to queue
[2021-06-07 18:39:19,968] {logging_mixin.py:104} INFO - [2021-06-07 18:39:19,968] {dagbag.py:487} INFO - Filling up the DagBag from /home/encrypted/abaceti/.virtualenvs/pumpwood-airflow-images/lib/python3.6/site-packages/airflow/example_dags/example_branch_datetime_operator.py
[2021-06-07 18:39:19,975] {scheduler_job.py:643} INFO - DAG(s) dict_keys(['example_branch_datetime_operator_2']) retrieved from /home/encrypted/abaceti/.virtualenvs/pumpwood-airflow-images/lib/python3.6/site-packages/airflow/example_dags/example_branch_datetime_operator.py
[2021-06-07 18:39:19,989] {logging_mixin.py:104} INFO - [2021-06-07 18:39:19,989] {dag.py:1832} INFO - Sync 1 DAGs
[2021-06-07 18:39:20,000] {logging_mixin.py:104} INFO - [2021-06-07 18:39:20,000] {dag.py:2305} INFO - Setting next_dagrun for example_branch_datetime_operator_2 to 2021-06-05 00:00:00+00:00
[2021-06-07 18:39:20,006] {scheduler_job.py:190} INFO - Processing /home/encrypted/abaceti/.virtualenvs/pumpwood-airflow-images/lib/python3.6/site-packages/airflow/example_dags/example_branch_datetime_operator.py took 0.040 seconds
[2021-06-07 18:39:50,154] {scheduler_job.py:182} INFO - Started process (PID=5829) to work on /home/encrypted/abaceti/.virtualenvs/pumpwood-airflow-images/lib/python3.6/site-packages/airflow/example_dags/example_branch_datetime_operator.py
[2021-06-07 18:39:50,155] {scheduler_job.py:633} INFO - Processing file /home/encrypted/abaceti/.virtualenvs/pumpwood-airflow-images/lib/python3.6/site-packages/airflow/example_dags/example_branch_datetime_operator.py for tasks to queue
[2021-06-07 18:39:50,155] {logging_mixin.py:104} INFO - [2021-06-07 18:39:50,155] {dagbag.py:487} INFO - Filling up the DagBag from /home/encrypted/abaceti/.virtualenvs/pumpwood-airflow-images/lib/python3.6/site-packages/airflow/example_dags/example_branch_datetime_operator.py
[2021-06-07 18:39:50,161] {scheduler_job.py:643} INFO - DAG(s) dict_keys(['example_branch_datetime_operator_2']) retrieved from /home/encrypted/abaceti/.virtualenvs/pumpwood-airflow-images/lib/python3.6/site-packages/airflow/example_dags/example_branch_datetime_operator.py
[2021-06-07 18:39:50,177] {logging_mixin.py:104} INFO - [2021-06-07 18:39:50,176] {dag.py:1832} INFO - Sync 1 DAGs
[2021-06-07 18:39:50,187] {logging_mixin.py:104} INFO - [2021-06-07 18:39:50,187] {dag.py:2305} INFO - Setting next_dagrun for example_branch_datetime_operator_2 to 2021-06-05 00:00:00+00:00
[2021-06-07 18:39:50,193] {scheduler_job.py:190} INFO - Processing /home/encrypted/abaceti/.virtualenvs/pumpwood-airflow-images/lib/python3.6/site-packages/airflow/example_dags/example_branch_datetime_operator.py took 0.040 seconds
[2021-06-07 18:40:20,334] {scheduler_job.py:182} INFO - Started process (PID=5981) to work on /home/encrypted/abaceti/.virtualenvs/pumpwood-airflow-images/lib/python3.6/site-packages/airflow/example_dags/example_branch_datetime_operator.py
[2021-06-07 18:40:20,335] {scheduler_job.py:633} INFO - Processing file /home/encrypted/abaceti/.virtualenvs/pumpwood-airflow-images/lib/python3.6/site-packages/airflow/example_dags/example_branch_datetime_operator.py for tasks to queue
[2021-06-07 18:40:20,335] {logging_mixin.py:104} INFO - [2021-06-07 18:40:20,335] {dagbag.py:487} INFO - Filling up the DagBag from /home/encrypted/abaceti/.virtualenvs/pumpwood-airflow-images/lib/python3.6/site-packages/airflow/example_dags/example_branch_datetime_operator.py
[2021-06-07 18:40:20,340] {scheduler_job.py:643} INFO - DAG(s) dict_keys(['example_branch_datetime_operator_2']) retrieved from /home/encrypted/abaceti/.virtualenvs/pumpwood-airflow-images/lib/python3.6/site-packages/airflow/example_dags/example_branch_datetime_operator.py
[2021-06-07 18:40:20,354] {logging_mixin.py:104} INFO - [2021-06-07 18:40:20,354] {dag.py:1832} INFO - Sync 1 DAGs
[2021-06-07 18:40:20,363] {logging_mixin.py:104} INFO - [2021-06-07 18:40:20,363] {dag.py:2305} INFO - Setting next_dagrun for example_branch_datetime_operator_2 to 2021-06-05 00:00:00+00:00
[2021-06-07 18:40:20,369] {scheduler_job.py:190} INFO - Processing /home/encrypted/abaceti/.virtualenvs/pumpwood-airflow-images/lib/python3.6/site-packages/airflow/example_dags/example_branch_datetime_operator.py took 0.037 seconds
[2021-06-07 18:40:50,557] {scheduler_job.py:182} INFO - Started process (PID=6173) to work on /home/encrypted/abaceti/.virtualenvs/pumpwood-airflow-images/lib/python3.6/site-packages/airflow/example_dags/example_branch_datetime_operator.py
[2021-06-07 18:40:50,558] {scheduler_job.py:633} INFO - Processing file /home/encrypted/abaceti/.virtualenvs/pumpwood-airflow-images/lib/python3.6/site-packages/airflow/example_dags/example_branch_datetime_operator.py for tasks to queue
[2021-06-07 18:40:50,558] {logging_mixin.py:104} INFO - [2021-06-07 18:40:50,558] {dagbag.py:487} INFO - Filling up the DagBag from /home/encrypted/abaceti/.virtualenvs/pumpwood-airflow-images/lib/python3.6/site-packages/airflow/example_dags/example_branch_datetime_operator.py
[2021-06-07 18:40:50,564] {scheduler_job.py:643} INFO - DAG(s) dict_keys(['example_branch_datetime_operator_2']) retrieved from /home/encrypted/abaceti/.virtualenvs/pumpwood-airflow-images/lib/python3.6/site-packages/airflow/example_dags/example_branch_datetime_operator.py
[2021-06-07 18:40:50,578] {logging_mixin.py:104} INFO - [2021-06-07 18:40:50,578] {dag.py:1832} INFO - Sync 1 DAGs
[2021-06-07 18:40:50,587] {logging_mixin.py:104} INFO - [2021-06-07 18:40:50,587] {dag.py:2305} INFO - Setting next_dagrun for example_branch_datetime_operator_2 to 2021-06-05 00:00:00+00:00
[2021-06-07 18:40:50,593] {scheduler_job.py:190} INFO - Processing /home/encrypted/abaceti/.virtualenvs/pumpwood-airflow-images/lib/python3.6/site-packages/airflow/example_dags/example_branch_datetime_operator.py took 0.037 seconds
[2021-06-07 18:41:20,790] {scheduler_job.py:182} INFO - Started process (PID=6289) to work on /home/encrypted/abaceti/.virtualenvs/pumpwood-airflow-images/lib/python3.6/site-packages/airflow/example_dags/example_branch_datetime_operator.py
[2021-06-07 18:41:20,790] {scheduler_job.py:633} INFO - Processing file /home/encrypted/abaceti/.virtualenvs/pumpwood-airflow-images/lib/python3.6/site-packages/airflow/example_dags/example_branch_datetime_operator.py for tasks to queue
[2021-06-07 18:41:20,791] {logging_mixin.py:104} INFO - [2021-06-07 18:41:20,791] {dagbag.py:487} INFO - Filling up the DagBag from /home/encrypted/abaceti/.virtualenvs/pumpwood-airflow-images/lib/python3.6/site-packages/airflow/example_dags/example_branch_datetime_operator.py
[2021-06-07 18:41:20,797] {scheduler_job.py:643} INFO - DAG(s) dict_keys(['example_branch_datetime_operator_2']) retrieved from /home/encrypted/abaceti/.virtualenvs/pumpwood-airflow-images/lib/python3.6/site-packages/airflow/example_dags/example_branch_datetime_operator.py
[2021-06-07 18:41:20,812] {logging_mixin.py:104} INFO - [2021-06-07 18:41:20,811] {dag.py:1832} INFO - Sync 1 DAGs
[2021-06-07 18:41:20,823] {logging_mixin.py:104} INFO - [2021-06-07 18:41:20,823] {dag.py:2305} INFO - Setting next_dagrun for example_branch_datetime_operator_2 to 2021-06-05 00:00:00+00:00
[2021-06-07 18:41:20,829] {scheduler_job.py:190} INFO - Processing /home/encrypted/abaceti/.virtualenvs/pumpwood-airflow-images/lib/python3.6/site-packages/airflow/example_dags/example_branch_datetime_operator.py took 0.041 seconds
[2021-06-07 18:41:50,954] {scheduler_job.py:182} INFO - Started process (PID=6457) to work on /home/encrypted/abaceti/.virtualenvs/pumpwood-airflow-images/lib/python3.6/site-packages/airflow/example_dags/example_branch_datetime_operator.py
[2021-06-07 18:41:50,955] {scheduler_job.py:633} INFO - Processing file /home/encrypted/abaceti/.virtualenvs/pumpwood-airflow-images/lib/python3.6/site-packages/airflow/example_dags/example_branch_datetime_operator.py for tasks to queue
[2021-06-07 18:41:50,955] {logging_mixin.py:104} INFO - [2021-06-07 18:41:50,955] {dagbag.py:487} INFO - Filling up the DagBag from /home/encrypted/abaceti/.virtualenvs/pumpwood-airflow-images/lib/python3.6/site-packages/airflow/example_dags/example_branch_datetime_operator.py
[2021-06-07 18:41:50,960] {scheduler_job.py:643} INFO - DAG(s) dict_keys(['example_branch_datetime_operator_2']) retrieved from /home/encrypted/abaceti/.virtualenvs/pumpwood-airflow-images/lib/python3.6/site-packages/airflow/example_dags/example_branch_datetime_operator.py
[2021-06-07 18:41:50,977] {logging_mixin.py:104} INFO - [2021-06-07 18:41:50,977] {dag.py:1832} INFO - Sync 1 DAGs
[2021-06-07 18:41:50,987] {logging_mixin.py:104} INFO - [2021-06-07 18:41:50,987] {dag.py:2305} INFO - Setting next_dagrun for example_branch_datetime_operator_2 to 2021-06-05 00:00:00+00:00
[2021-06-07 18:41:50,994] {scheduler_job.py:190} INFO - Processing /home/encrypted/abaceti/.virtualenvs/pumpwood-airflow-images/lib/python3.6/site-packages/airflow/example_dags/example_branch_datetime_operator.py took 0.041 seconds
[2021-06-07 18:42:21,161] {scheduler_job.py:182} INFO - Started process (PID=6574) to work on /home/encrypted/abaceti/.virtualenvs/pumpwood-airflow-images/lib/python3.6/site-packages/airflow/example_dags/example_branch_datetime_operator.py
[2021-06-07 18:42:21,162] {scheduler_job.py:633} INFO - Processing file /home/encrypted/abaceti/.virtualenvs/pumpwood-airflow-images/lib/python3.6/site-packages/airflow/example_dags/example_branch_datetime_operator.py for tasks to queue
[2021-06-07 18:42:21,162] {logging_mixin.py:104} INFO - [2021-06-07 18:42:21,162] {dagbag.py:487} INFO - Filling up the DagBag from /home/encrypted/abaceti/.virtualenvs/pumpwood-airflow-images/lib/python3.6/site-packages/airflow/example_dags/example_branch_datetime_operator.py
[2021-06-07 18:42:21,167] {scheduler_job.py:643} INFO - DAG(s) dict_keys(['example_branch_datetime_operator_2']) retrieved from /home/encrypted/abaceti/.virtualenvs/pumpwood-airflow-images/lib/python3.6/site-packages/airflow/example_dags/example_branch_datetime_operator.py
[2021-06-07 18:42:21,181] {logging_mixin.py:104} INFO - [2021-06-07 18:42:21,181] {dag.py:1832} INFO - Sync 1 DAGs
[2021-06-07 18:42:21,191] {logging_mixin.py:104} INFO - [2021-06-07 18:42:21,191] {dag.py:2305} INFO - Setting next_dagrun for example_branch_datetime_operator_2 to 2021-06-05 00:00:00+00:00
[2021-06-07 18:42:21,197] {scheduler_job.py:190} INFO - Processing /home/encrypted/abaceti/.virtualenvs/pumpwood-airflow-images/lib/python3.6/site-packages/airflow/example_dags/example_branch_datetime_operator.py took 0.037 seconds
[2021-06-07 18:42:52,199] {scheduler_job.py:182} INFO - Started process (PID=6780) to work on /home/encrypted/abaceti/.virtualenvs/pumpwood-airflow-images/lib/python3.6/site-packages/airflow/example_dags/example_branch_datetime_operator.py
[2021-06-07 18:42:52,199] {scheduler_job.py:633} INFO - Processing file /home/encrypted/abaceti/.virtualenvs/pumpwood-airflow-images/lib/python3.6/site-packages/airflow/example_dags/example_branch_datetime_operator.py for tasks to queue
[2021-06-07 18:42:52,200] {logging_mixin.py:104} INFO - [2021-06-07 18:42:52,199] {dagbag.py:487} INFO - Filling up the DagBag from /home/encrypted/abaceti/.virtualenvs/pumpwood-airflow-images/lib/python3.6/site-packages/airflow/example_dags/example_branch_datetime_operator.py
[2021-06-07 18:42:52,206] {scheduler_job.py:643} INFO - DAG(s) dict_keys(['example_branch_datetime_operator_2']) retrieved from /home/encrypted/abaceti/.virtualenvs/pumpwood-airflow-images/lib/python3.6/site-packages/airflow/example_dags/example_branch_datetime_operator.py
[2021-06-07 18:42:52,221] {logging_mixin.py:104} INFO - [2021-06-07 18:42:52,221] {dag.py:1832} INFO - Sync 1 DAGs
[2021-06-07 18:42:52,231] {logging_mixin.py:104} INFO - [2021-06-07 18:42:52,231] {dag.py:2305} INFO - Setting next_dagrun for example_branch_datetime_operator_2 to 2021-06-05 00:00:00+00:00
[2021-06-07 18:42:52,237] {scheduler_job.py:190} INFO - Processing /home/encrypted/abaceti/.virtualenvs/pumpwood-airflow-images/lib/python3.6/site-packages/airflow/example_dags/example_branch_datetime_operator.py took 0.040 seconds
[2021-06-07 18:43:23,298] {scheduler_job.py:182} INFO - Started process (PID=7025) to work on /home/encrypted/abaceti/.virtualenvs/pumpwood-airflow-images/lib/python3.6/site-packages/airflow/example_dags/example_branch_datetime_operator.py
[2021-06-07 18:43:23,298] {scheduler_job.py:633} INFO - Processing file /home/encrypted/abaceti/.virtualenvs/pumpwood-airflow-images/lib/python3.6/site-packages/airflow/example_dags/example_branch_datetime_operator.py for tasks to queue
[2021-06-07 18:43:23,299] {logging_mixin.py:104} INFO - [2021-06-07 18:43:23,299] {dagbag.py:487} INFO - Filling up the DagBag from /home/encrypted/abaceti/.virtualenvs/pumpwood-airflow-images/lib/python3.6/site-packages/airflow/example_dags/example_branch_datetime_operator.py
[2021-06-07 18:43:23,305] {scheduler_job.py:643} INFO - DAG(s) dict_keys(['example_branch_datetime_operator_2']) retrieved from /home/encrypted/abaceti/.virtualenvs/pumpwood-airflow-images/lib/python3.6/site-packages/airflow/example_dags/example_branch_datetime_operator.py
[2021-06-07 18:43:23,320] {logging_mixin.py:104} INFO - [2021-06-07 18:43:23,319] {dag.py:1832} INFO - Sync 1 DAGs
[2021-06-07 18:43:23,330] {logging_mixin.py:104} INFO - [2021-06-07 18:43:23,329] {dag.py:2305} INFO - Setting next_dagrun for example_branch_datetime_operator_2 to 2021-06-05 00:00:00+00:00
[2021-06-07 18:43:23,335] {scheduler_job.py:190} INFO - Processing /home/encrypted/abaceti/.virtualenvs/pumpwood-airflow-images/lib/python3.6/site-packages/airflow/example_dags/example_branch_datetime_operator.py took 0.039 seconds
[2021-06-07 18:43:54,383] {scheduler_job.py:182} INFO - Started process (PID=7261) to work on /home/encrypted/abaceti/.virtualenvs/pumpwood-airflow-images/lib/python3.6/site-packages/airflow/example_dags/example_branch_datetime_operator.py
[2021-06-07 18:43:54,384] {scheduler_job.py:633} INFO - Processing file /home/encrypted/abaceti/.virtualenvs/pumpwood-airflow-images/lib/python3.6/site-packages/airflow/example_dags/example_branch_datetime_operator.py for tasks to queue
[2021-06-07 18:43:54,384] {logging_mixin.py:104} INFO - [2021-06-07 18:43:54,384] {dagbag.py:487} INFO - Filling up the DagBag from /home/encrypted/abaceti/.virtualenvs/pumpwood-airflow-images/lib/python3.6/site-packages/airflow/example_dags/example_branch_datetime_operator.py
[2021-06-07 18:43:54,391] {scheduler_job.py:643} INFO - DAG(s) dict_keys(['example_branch_datetime_operator_2']) retrieved from /home/encrypted/abaceti/.virtualenvs/pumpwood-airflow-images/lib/python3.6/site-packages/airflow/example_dags/example_branch_datetime_operator.py
[2021-06-07 18:43:54,405] {logging_mixin.py:104} INFO - [2021-06-07 18:43:54,405] {dag.py:1832} INFO - Sync 1 DAGs
[2021-06-07 18:43:54,414] {logging_mixin.py:104} INFO - [2021-06-07 18:43:54,414] {dag.py:2305} INFO - Setting next_dagrun for example_branch_datetime_operator_2 to 2021-06-05 00:00:00+00:00
[2021-06-07 18:43:54,419] {scheduler_job.py:190} INFO - Processing /home/encrypted/abaceti/.virtualenvs/pumpwood-airflow-images/lib/python3.6/site-packages/airflow/example_dags/example_branch_datetime_operator.py took 0.037 seconds
[2021-06-07 18:44:24,543] {scheduler_job.py:182} INFO - Started process (PID=7377) to work on /home/encrypted/abaceti/.virtualenvs/pumpwood-airflow-images/lib/python3.6/site-packages/airflow/example_dags/example_branch_datetime_operator.py
[2021-06-07 18:44:24,544] {scheduler_job.py:633} INFO - Processing file /home/encrypted/abaceti/.virtualenvs/pumpwood-airflow-images/lib/python3.6/site-packages/airflow/example_dags/example_branch_datetime_operator.py for tasks to queue
[2021-06-07 18:44:24,544] {logging_mixin.py:104} INFO - [2021-06-07 18:44:24,544] {dagbag.py:487} INFO - Filling up the DagBag from /home/encrypted/abaceti/.virtualenvs/pumpwood-airflow-images/lib/python3.6/site-packages/airflow/example_dags/example_branch_datetime_operator.py
[2021-06-07 18:44:24,550] {scheduler_job.py:643} INFO - DAG(s) dict_keys(['example_branch_datetime_operator_2']) retrieved from /home/encrypted/abaceti/.virtualenvs/pumpwood-airflow-images/lib/python3.6/site-packages/airflow/example_dags/example_branch_datetime_operator.py
[2021-06-07 18:44:24,564] {logging_mixin.py:104} INFO - [2021-06-07 18:44:24,564] {dag.py:1832} INFO - Sync 1 DAGs
[2021-06-07 18:44:24,574] {logging_mixin.py:104} INFO - [2021-06-07 18:44:24,574] {dag.py:2305} INFO - Setting next_dagrun for example_branch_datetime_operator_2 to 2021-06-05 00:00:00+00:00
[2021-06-07 18:44:24,579] {scheduler_job.py:190} INFO - Processing /home/encrypted/abaceti/.virtualenvs/pumpwood-airflow-images/lib/python3.6/site-packages/airflow/example_dags/example_branch_datetime_operator.py took 0.038 seconds
[2021-06-07 18:44:55,603] {scheduler_job.py:182} INFO - Started process (PID=7548) to work on /home/encrypted/abaceti/.virtualenvs/pumpwood-airflow-images/lib/python3.6/site-packages/airflow/example_dags/example_branch_datetime_operator.py
[2021-06-07 18:44:55,604] {scheduler_job.py:633} INFO - Processing file /home/encrypted/abaceti/.virtualenvs/pumpwood-airflow-images/lib/python3.6/site-packages/airflow/example_dags/example_branch_datetime_operator.py for tasks to queue
[2021-06-07 18:44:55,604] {logging_mixin.py:104} INFO - [2021-06-07 18:44:55,604] {dagbag.py:487} INFO - Filling up the DagBag from /home/encrypted/abaceti/.virtualenvs/pumpwood-airflow-images/lib/python3.6/site-packages/airflow/example_dags/example_branch_datetime_operator.py
[2021-06-07 18:44:55,610] {scheduler_job.py:643} INFO - DAG(s) dict_keys(['example_branch_datetime_operator_2']) retrieved from /home/encrypted/abaceti/.virtualenvs/pumpwood-airflow-images/lib/python3.6/site-packages/airflow/example_dags/example_branch_datetime_operator.py
[2021-06-07 18:44:55,625] {logging_mixin.py:104} INFO - [2021-06-07 18:44:55,625] {dag.py:1832} INFO - Sync 1 DAGs
[2021-06-07 18:44:55,635] {logging_mixin.py:104} INFO - [2021-06-07 18:44:55,635] {dag.py:2305} INFO - Setting next_dagrun for example_branch_datetime_operator_2 to 2021-06-05 00:00:00+00:00
[2021-06-07 18:44:55,641] {scheduler_job.py:190} INFO - Processing /home/encrypted/abaceti/.virtualenvs/pumpwood-airflow-images/lib/python3.6/site-packages/airflow/example_dags/example_branch_datetime_operator.py took 0.039 seconds
[2021-06-07 18:45:26,588] {scheduler_job.py:182} INFO - Started process (PID=7669) to work on /home/encrypted/abaceti/.virtualenvs/pumpwood-airflow-images/lib/python3.6/site-packages/airflow/example_dags/example_branch_datetime_operator.py
[2021-06-07 18:45:26,589] {scheduler_job.py:633} INFO - Processing file /home/encrypted/abaceti/.virtualenvs/pumpwood-airflow-images/lib/python3.6/site-packages/airflow/example_dags/example_branch_datetime_operator.py for tasks to queue
[2021-06-07 18:45:26,589] {logging_mixin.py:104} INFO - [2021-06-07 18:45:26,589] {dagbag.py:487} INFO - Filling up the DagBag from /home/encrypted/abaceti/.virtualenvs/pumpwood-airflow-images/lib/python3.6/site-packages/airflow/example_dags/example_branch_datetime_operator.py
[2021-06-07 18:45:26,594] {scheduler_job.py:643} INFO - DAG(s) dict_keys(['example_branch_datetime_operator_2']) retrieved from /home/encrypted/abaceti/.virtualenvs/pumpwood-airflow-images/lib/python3.6/site-packages/airflow/example_dags/example_branch_datetime_operator.py
[2021-06-07 18:45:26,610] {logging_mixin.py:104} INFO - [2021-06-07 18:45:26,610] {dag.py:1832} INFO - Sync 1 DAGs
[2021-06-07 18:45:26,620] {logging_mixin.py:104} INFO - [2021-06-07 18:45:26,620] {dag.py:2305} INFO - Setting next_dagrun for example_branch_datetime_operator_2 to 2021-06-05 00:00:00+00:00
[2021-06-07 18:45:26,626] {scheduler_job.py:190} INFO - Processing /home/encrypted/abaceti/.virtualenvs/pumpwood-airflow-images/lib/python3.6/site-packages/airflow/example_dags/example_branch_datetime_operator.py took 0.039 seconds
[2021-06-07 18:45:56,742] {scheduler_job.py:182} INFO - Started process (PID=7835) to work on /home/encrypted/abaceti/.virtualenvs/pumpwood-airflow-images/lib/python3.6/site-packages/airflow/example_dags/example_branch_datetime_operator.py
[2021-06-07 18:45:56,742] {scheduler_job.py:633} INFO - Processing file /home/encrypted/abaceti/.virtualenvs/pumpwood-airflow-images/lib/python3.6/site-packages/airflow/example_dags/example_branch_datetime_operator.py for tasks to queue
[2021-06-07 18:45:56,743] {logging_mixin.py:104} INFO - [2021-06-07 18:45:56,743] {dagbag.py:487} INFO - Filling up the DagBag from /home/encrypted/abaceti/.virtualenvs/pumpwood-airflow-images/lib/python3.6/site-packages/airflow/example_dags/example_branch_datetime_operator.py
[2021-06-07 18:45:56,748] {scheduler_job.py:643} INFO - DAG(s) dict_keys(['example_branch_datetime_operator_2']) retrieved from /home/encrypted/abaceti/.virtualenvs/pumpwood-airflow-images/lib/python3.6/site-packages/airflow/example_dags/example_branch_datetime_operator.py
[2021-06-07 18:45:56,764] {logging_mixin.py:104} INFO - [2021-06-07 18:45:56,764] {dag.py:1832} INFO - Sync 1 DAGs
[2021-06-07 18:45:56,774] {logging_mixin.py:104} INFO - [2021-06-07 18:45:56,773] {dag.py:2305} INFO - Setting next_dagrun for example_branch_datetime_operator_2 to 2021-06-05 00:00:00+00:00
[2021-06-07 18:45:56,780] {scheduler_job.py:190} INFO - Processing /home/encrypted/abaceti/.virtualenvs/pumpwood-airflow-images/lib/python3.6/site-packages/airflow/example_dags/example_branch_datetime_operator.py took 0.039 seconds
[2021-06-07 18:46:26,882] {scheduler_job.py:182} INFO - Started process (PID=7954) to work on /home/encrypted/abaceti/.virtualenvs/pumpwood-airflow-images/lib/python3.6/site-packages/airflow/example_dags/example_branch_datetime_operator.py
[2021-06-07 18:46:26,883] {scheduler_job.py:633} INFO - Processing file /home/encrypted/abaceti/.virtualenvs/pumpwood-airflow-images/lib/python3.6/site-packages/airflow/example_dags/example_branch_datetime_operator.py for tasks to queue
[2021-06-07 18:46:26,883] {logging_mixin.py:104} INFO - [2021-06-07 18:46:26,883] {dagbag.py:487} INFO - Filling up the DagBag from /home/encrypted/abaceti/.virtualenvs/pumpwood-airflow-images/lib/python3.6/site-packages/airflow/example_dags/example_branch_datetime_operator.py
[2021-06-07 18:46:26,889] {scheduler_job.py:643} INFO - DAG(s) dict_keys(['example_branch_datetime_operator_2']) retrieved from /home/encrypted/abaceti/.virtualenvs/pumpwood-airflow-images/lib/python3.6/site-packages/airflow/example_dags/example_branch_datetime_operator.py
[2021-06-07 18:46:26,904] {logging_mixin.py:104} INFO - [2021-06-07 18:46:26,904] {dag.py:1832} INFO - Sync 1 DAGs
[2021-06-07 18:46:26,913] {logging_mixin.py:104} INFO - [2021-06-07 18:46:26,913] {dag.py:2305} INFO - Setting next_dagrun for example_branch_datetime_operator_2 to 2021-06-05 00:00:00+00:00
[2021-06-07 18:46:26,919] {scheduler_job.py:190} INFO - Processing /home/encrypted/abaceti/.virtualenvs/pumpwood-airflow-images/lib/python3.6/site-packages/airflow/example_dags/example_branch_datetime_operator.py took 0.038 seconds
[2021-06-07 18:46:56,955] {scheduler_job.py:182} INFO - Started process (PID=8138) to work on /home/encrypted/abaceti/.virtualenvs/pumpwood-airflow-images/lib/python3.6/site-packages/airflow/example_dags/example_branch_datetime_operator.py
[2021-06-07 18:46:56,956] {scheduler_job.py:633} INFO - Processing file /home/encrypted/abaceti/.virtualenvs/pumpwood-airflow-images/lib/python3.6/site-packages/airflow/example_dags/example_branch_datetime_operator.py for tasks to queue
[2021-06-07 18:46:56,956] {logging_mixin.py:104} INFO - [2021-06-07 18:46:56,956] {dagbag.py:487} INFO - Filling up the DagBag from /home/encrypted/abaceti/.virtualenvs/pumpwood-airflow-images/lib/python3.6/site-packages/airflow/example_dags/example_branch_datetime_operator.py
[2021-06-07 18:46:56,962] {scheduler_job.py:643} INFO - DAG(s) dict_keys(['example_branch_datetime_operator_2']) retrieved from /home/encrypted/abaceti/.virtualenvs/pumpwood-airflow-images/lib/python3.6/site-packages/airflow/example_dags/example_branch_datetime_operator.py
[2021-06-07 18:46:56,977] {logging_mixin.py:104} INFO - [2021-06-07 18:46:56,977] {dag.py:1832} INFO - Sync 1 DAGs
[2021-06-07 18:46:56,987] {logging_mixin.py:104} INFO - [2021-06-07 18:46:56,987] {dag.py:2305} INFO - Setting next_dagrun for example_branch_datetime_operator_2 to 2021-06-05 00:00:00+00:00
[2021-06-07 18:46:56,992] {scheduler_job.py:190} INFO - Processing /home/encrypted/abaceti/.virtualenvs/pumpwood-airflow-images/lib/python3.6/site-packages/airflow/example_dags/example_branch_datetime_operator.py took 0.038 seconds
[2021-06-07 18:47:27,022] {scheduler_job.py:182} INFO - Started process (PID=8270) to work on /home/encrypted/abaceti/.virtualenvs/pumpwood-airflow-images/lib/python3.6/site-packages/airflow/example_dags/example_branch_datetime_operator.py
[2021-06-07 18:47:27,023] {scheduler_job.py:633} INFO - Processing file /home/encrypted/abaceti/.virtualenvs/pumpwood-airflow-images/lib/python3.6/site-packages/airflow/example_dags/example_branch_datetime_operator.py for tasks to queue
[2021-06-07 18:47:27,023] {logging_mixin.py:104} INFO - [2021-06-07 18:47:27,023] {dagbag.py:487} INFO - Filling up the DagBag from /home/encrypted/abaceti/.virtualenvs/pumpwood-airflow-images/lib/python3.6/site-packages/airflow/example_dags/example_branch_datetime_operator.py
[2021-06-07 18:47:27,030] {scheduler_job.py:643} INFO - DAG(s) dict_keys(['example_branch_datetime_operator_2']) retrieved from /home/encrypted/abaceti/.virtualenvs/pumpwood-airflow-images/lib/python3.6/site-packages/airflow/example_dags/example_branch_datetime_operator.py
[2021-06-07 18:47:27,044] {logging_mixin.py:104} INFO - [2021-06-07 18:47:27,044] {dag.py:1832} INFO - Sync 1 DAGs
[2021-06-07 18:47:27,054] {logging_mixin.py:104} INFO - [2021-06-07 18:47:27,054] {dag.py:2305} INFO - Setting next_dagrun for example_branch_datetime_operator_2 to 2021-06-05 00:00:00+00:00
[2021-06-07 18:47:27,060] {scheduler_job.py:190} INFO - Processing /home/encrypted/abaceti/.virtualenvs/pumpwood-airflow-images/lib/python3.6/site-packages/airflow/example_dags/example_branch_datetime_operator.py took 0.039 seconds
[2021-06-07 18:47:57,216] {scheduler_job.py:182} INFO - Started process (PID=8490) to work on /home/encrypted/abaceti/.virtualenvs/pumpwood-airflow-images/lib/python3.6/site-packages/airflow/example_dags/example_branch_datetime_operator.py
[2021-06-07 18:47:57,216] {scheduler_job.py:633} INFO - Processing file /home/encrypted/abaceti/.virtualenvs/pumpwood-airflow-images/lib/python3.6/site-packages/airflow/example_dags/example_branch_datetime_operator.py for tasks to queue
[2021-06-07 18:47:57,217] {logging_mixin.py:104} INFO - [2021-06-07 18:47:57,217] {dagbag.py:487} INFO - Filling up the DagBag from /home/encrypted/abaceti/.virtualenvs/pumpwood-airflow-images/lib/python3.6/site-packages/airflow/example_dags/example_branch_datetime_operator.py
[2021-06-07 18:47:57,222] {scheduler_job.py:643} INFO - DAG(s) dict_keys(['example_branch_datetime_operator_2']) retrieved from /home/encrypted/abaceti/.virtualenvs/pumpwood-airflow-images/lib/python3.6/site-packages/airflow/example_dags/example_branch_datetime_operator.py
[2021-06-07 18:47:57,235] {logging_mixin.py:104} INFO - [2021-06-07 18:47:57,235] {dag.py:1832} INFO - Sync 1 DAGs
[2021-06-07 18:47:57,246] {logging_mixin.py:104} INFO - [2021-06-07 18:47:57,246] {dag.py:2305} INFO - Setting next_dagrun for example_branch_datetime_operator_2 to 2021-06-05 00:00:00+00:00
[2021-06-07 18:47:57,251] {scheduler_job.py:190} INFO - Processing /home/encrypted/abaceti/.virtualenvs/pumpwood-airflow-images/lib/python3.6/site-packages/airflow/example_dags/example_branch_datetime_operator.py took 0.036 seconds
[2021-06-07 18:48:27,521] {scheduler_job.py:182} INFO - Started process (PID=8716) to work on /home/encrypted/abaceti/.virtualenvs/pumpwood-airflow-images/lib/python3.6/site-packages/airflow/example_dags/example_branch_datetime_operator.py
[2021-06-07 18:48:27,522] {scheduler_job.py:633} INFO - Processing file /home/encrypted/abaceti/.virtualenvs/pumpwood-airflow-images/lib/python3.6/site-packages/airflow/example_dags/example_branch_datetime_operator.py for tasks to queue
[2021-06-07 18:48:27,522] {logging_mixin.py:104} INFO - [2021-06-07 18:48:27,522] {dagbag.py:487} INFO - Filling up the DagBag from /home/encrypted/abaceti/.virtualenvs/pumpwood-airflow-images/lib/python3.6/site-packages/airflow/example_dags/example_branch_datetime_operator.py
[2021-06-07 18:48:27,527] {scheduler_job.py:643} INFO - DAG(s) dict_keys(['example_branch_datetime_operator_2']) retrieved from /home/encrypted/abaceti/.virtualenvs/pumpwood-airflow-images/lib/python3.6/site-packages/airflow/example_dags/example_branch_datetime_operator.py
[2021-06-07 18:48:27,544] {logging_mixin.py:104} INFO - [2021-06-07 18:48:27,544] {dag.py:1832} INFO - Sync 1 DAGs
[2021-06-07 18:48:27,554] {logging_mixin.py:104} INFO - [2021-06-07 18:48:27,554] {dag.py:2305} INFO - Setting next_dagrun for example_branch_datetime_operator_2 to 2021-06-05 00:00:00+00:00
[2021-06-07 18:48:27,560] {scheduler_job.py:190} INFO - Processing /home/encrypted/abaceti/.virtualenvs/pumpwood-airflow-images/lib/python3.6/site-packages/airflow/example_dags/example_branch_datetime_operator.py took 0.040 seconds
[2021-06-07 18:48:49,667] {scheduler_job.py:182} INFO - Started process (PID=8896) to work on /home/encrypted/abaceti/.virtualenvs/pumpwood-airflow-images/lib/python3.6/site-packages/airflow/example_dags/example_branch_datetime_operator.py
[2021-06-07 18:48:49,667] {scheduler_job.py:633} INFO - Processing file /home/encrypted/abaceti/.virtualenvs/pumpwood-airflow-images/lib/python3.6/site-packages/airflow/example_dags/example_branch_datetime_operator.py for tasks to queue
[2021-06-07 18:48:49,668] {logging_mixin.py:104} INFO - [2021-06-07 18:48:49,668] {dagbag.py:487} INFO - Filling up the DagBag from /home/encrypted/abaceti/.virtualenvs/pumpwood-airflow-images/lib/python3.6/site-packages/airflow/example_dags/example_branch_datetime_operator.py
[2021-06-07 18:48:49,673] {scheduler_job.py:643} INFO - DAG(s) dict_keys(['example_branch_datetime_operator_2']) retrieved from /home/encrypted/abaceti/.virtualenvs/pumpwood-airflow-images/lib/python3.6/site-packages/airflow/example_dags/example_branch_datetime_operator.py
[2021-06-07 18:48:49,688] {logging_mixin.py:104} INFO - [2021-06-07 18:48:49,688] {dag.py:1832} INFO - Sync 1 DAGs
[2021-06-07 18:48:49,698] {logging_mixin.py:104} INFO - [2021-06-07 18:48:49,698] {dag.py:2305} INFO - Setting next_dagrun for example_branch_datetime_operator_2 to 2021-06-05 00:00:00+00:00
[2021-06-07 18:48:49,704] {scheduler_job.py:190} INFO - Processing /home/encrypted/abaceti/.virtualenvs/pumpwood-airflow-images/lib/python3.6/site-packages/airflow/example_dags/example_branch_datetime_operator.py took 0.038 seconds
[2021-06-07 18:49:20,739] {scheduler_job.py:182} INFO - Started process (PID=9020) to work on /home/encrypted/abaceti/.virtualenvs/pumpwood-airflow-images/lib/python3.6/site-packages/airflow/example_dags/example_branch_datetime_operator.py
[2021-06-07 18:49:20,740] {scheduler_job.py:633} INFO - Processing file /home/encrypted/abaceti/.virtualenvs/pumpwood-airflow-images/lib/python3.6/site-packages/airflow/example_dags/example_branch_datetime_operator.py for tasks to queue
[2021-06-07 18:49:20,740] {logging_mixin.py:104} INFO - [2021-06-07 18:49:20,740] {dagbag.py:487} INFO - Filling up the DagBag from /home/encrypted/abaceti/.virtualenvs/pumpwood-airflow-images/lib/python3.6/site-packages/airflow/example_dags/example_branch_datetime_operator.py
[2021-06-07 18:49:20,746] {scheduler_job.py:643} INFO - DAG(s) dict_keys(['example_branch_datetime_operator_2']) retrieved from /home/encrypted/abaceti/.virtualenvs/pumpwood-airflow-images/lib/python3.6/site-packages/airflow/example_dags/example_branch_datetime_operator.py
[2021-06-07 18:49:20,761] {logging_mixin.py:104} INFO - [2021-06-07 18:49:20,760] {dag.py:1832} INFO - Sync 1 DAGs
[2021-06-07 18:49:20,771] {logging_mixin.py:104} INFO - [2021-06-07 18:49:20,771] {dag.py:2305} INFO - Setting next_dagrun for example_branch_datetime_operator_2 to 2021-06-05 00:00:00+00:00
[2021-06-07 18:49:20,777] {scheduler_job.py:190} INFO - Processing /home/encrypted/abaceti/.virtualenvs/pumpwood-airflow-images/lib/python3.6/site-packages/airflow/example_dags/example_branch_datetime_operator.py took 0.039 seconds
[2021-06-07 18:49:51,023] {scheduler_job.py:182} INFO - Started process (PID=9198) to work on /home/encrypted/abaceti/.virtualenvs/pumpwood-airflow-images/lib/python3.6/site-packages/airflow/example_dags/example_branch_datetime_operator.py
[2021-06-07 18:49:51,023] {scheduler_job.py:633} INFO - Processing file /home/encrypted/abaceti/.virtualenvs/pumpwood-airflow-images/lib/python3.6/site-packages/airflow/example_dags/example_branch_datetime_operator.py for tasks to queue
[2021-06-07 18:49:51,023] {logging_mixin.py:104} INFO - [2021-06-07 18:49:51,023] {dagbag.py:487} INFO - Filling up the DagBag from /home/encrypted/abaceti/.virtualenvs/pumpwood-airflow-images/lib/python3.6/site-packages/airflow/example_dags/example_branch_datetime_operator.py
[2021-06-07 18:49:51,029] {scheduler_job.py:643} INFO - DAG(s) dict_keys(['example_branch_datetime_operator_2']) retrieved from /home/encrypted/abaceti/.virtualenvs/pumpwood-airflow-images/lib/python3.6/site-packages/airflow/example_dags/example_branch_datetime_operator.py
[2021-06-07 18:49:51,043] {logging_mixin.py:104} INFO - [2021-06-07 18:49:51,043] {dag.py:1832} INFO - Sync 1 DAGs
[2021-06-07 18:49:51,052] {logging_mixin.py:104} INFO - [2021-06-07 18:49:51,052] {dag.py:2305} INFO - Setting next_dagrun for example_branch_datetime_operator_2 to 2021-06-05 00:00:00+00:00
[2021-06-07 18:49:51,058] {scheduler_job.py:190} INFO - Processing /home/encrypted/abaceti/.virtualenvs/pumpwood-airflow-images/lib/python3.6/site-packages/airflow/example_dags/example_branch_datetime_operator.py took 0.036 seconds
[2021-06-07 18:50:21,277] {scheduler_job.py:182} INFO - Started process (PID=9439) to work on /home/encrypted/abaceti/.virtualenvs/pumpwood-airflow-images/lib/python3.6/site-packages/airflow/example_dags/example_branch_datetime_operator.py
[2021-06-07 18:50:21,278] {scheduler_job.py:633} INFO - Processing file /home/encrypted/abaceti/.virtualenvs/pumpwood-airflow-images/lib/python3.6/site-packages/airflow/example_dags/example_branch_datetime_operator.py for tasks to queue
[2021-06-07 18:50:21,278] {logging_mixin.py:104} INFO - [2021-06-07 18:50:21,278] {dagbag.py:487} INFO - Filling up the DagBag from /home/encrypted/abaceti/.virtualenvs/pumpwood-airflow-images/lib/python3.6/site-packages/airflow/example_dags/example_branch_datetime_operator.py
[2021-06-07 18:50:21,284] {scheduler_job.py:643} INFO - DAG(s) dict_keys(['example_branch_datetime_operator_2']) retrieved from /home/encrypted/abaceti/.virtualenvs/pumpwood-airflow-images/lib/python3.6/site-packages/airflow/example_dags/example_branch_datetime_operator.py
[2021-06-07 18:50:21,299] {logging_mixin.py:104} INFO - [2021-06-07 18:50:21,299] {dag.py:1832} INFO - Sync 1 DAGs
[2021-06-07 18:50:21,310] {logging_mixin.py:104} INFO - [2021-06-07 18:50:21,309] {dag.py:2305} INFO - Setting next_dagrun for example_branch_datetime_operator_2 to 2021-06-05 00:00:00+00:00
[2021-06-07 18:50:21,316] {scheduler_job.py:190} INFO - Processing /home/encrypted/abaceti/.virtualenvs/pumpwood-airflow-images/lib/python3.6/site-packages/airflow/example_dags/example_branch_datetime_operator.py took 0.040 seconds
[2021-06-07 18:50:51,510] {scheduler_job.py:182} INFO - Started process (PID=9596) to work on /home/encrypted/abaceti/.virtualenvs/pumpwood-airflow-images/lib/python3.6/site-packages/airflow/example_dags/example_branch_datetime_operator.py
[2021-06-07 18:50:51,511] {scheduler_job.py:633} INFO - Processing file /home/encrypted/abaceti/.virtualenvs/pumpwood-airflow-images/lib/python3.6/site-packages/airflow/example_dags/example_branch_datetime_operator.py for tasks to queue
[2021-06-07 18:50:51,511] {logging_mixin.py:104} INFO - [2021-06-07 18:50:51,511] {dagbag.py:487} INFO - Filling up the DagBag from /home/encrypted/abaceti/.virtualenvs/pumpwood-airflow-images/lib/python3.6/site-packages/airflow/example_dags/example_branch_datetime_operator.py
[2021-06-07 18:50:51,518] {scheduler_job.py:643} INFO - DAG(s) dict_keys(['example_branch_datetime_operator_2']) retrieved from /home/encrypted/abaceti/.virtualenvs/pumpwood-airflow-images/lib/python3.6/site-packages/airflow/example_dags/example_branch_datetime_operator.py
[2021-06-07 18:50:51,532] {logging_mixin.py:104} INFO - [2021-06-07 18:50:51,532] {dag.py:1832} INFO - Sync 1 DAGs
[2021-06-07 18:50:51,542] {logging_mixin.py:104} INFO - [2021-06-07 18:50:51,542] {dag.py:2305} INFO - Setting next_dagrun for example_branch_datetime_operator_2 to 2021-06-05 00:00:00+00:00
[2021-06-07 18:50:51,548] {scheduler_job.py:190} INFO - Processing /home/encrypted/abaceti/.virtualenvs/pumpwood-airflow-images/lib/python3.6/site-packages/airflow/example_dags/example_branch_datetime_operator.py took 0.039 seconds
[2021-06-07 18:51:21,641] {scheduler_job.py:182} INFO - Started process (PID=9713) to work on /home/encrypted/abaceti/.virtualenvs/pumpwood-airflow-images/lib/python3.6/site-packages/airflow/example_dags/example_branch_datetime_operator.py
[2021-06-07 18:51:21,641] {scheduler_job.py:633} INFO - Processing file /home/encrypted/abaceti/.virtualenvs/pumpwood-airflow-images/lib/python3.6/site-packages/airflow/example_dags/example_branch_datetime_operator.py for tasks to queue
[2021-06-07 18:51:21,642] {logging_mixin.py:104} INFO - [2021-06-07 18:51:21,642] {dagbag.py:487} INFO - Filling up the DagBag from /home/encrypted/abaceti/.virtualenvs/pumpwood-airflow-images/lib/python3.6/site-packages/airflow/example_dags/example_branch_datetime_operator.py
[2021-06-07 18:51:21,648] {scheduler_job.py:643} INFO - DAG(s) dict_keys(['example_branch_datetime_operator_2']) retrieved from /home/encrypted/abaceti/.virtualenvs/pumpwood-airflow-images/lib/python3.6/site-packages/airflow/example_dags/example_branch_datetime_operator.py
[2021-06-07 18:51:21,662] {logging_mixin.py:104} INFO - [2021-06-07 18:51:21,662] {dag.py:1832} INFO - Sync 1 DAGs
[2021-06-07 18:51:21,672] {logging_mixin.py:104} INFO - [2021-06-07 18:51:21,672] {dag.py:2305} INFO - Setting next_dagrun for example_branch_datetime_operator_2 to 2021-06-05 00:00:00+00:00
[2021-06-07 18:51:21,677] {scheduler_job.py:190} INFO - Processing /home/encrypted/abaceti/.virtualenvs/pumpwood-airflow-images/lib/python3.6/site-packages/airflow/example_dags/example_branch_datetime_operator.py took 0.038 seconds
[2021-06-07 18:51:51,792] {scheduler_job.py:182} INFO - Started process (PID=9877) to work on /home/encrypted/abaceti/.virtualenvs/pumpwood-airflow-images/lib/python3.6/site-packages/airflow/example_dags/example_branch_datetime_operator.py
[2021-06-07 18:51:51,793] {scheduler_job.py:633} INFO - Processing file /home/encrypted/abaceti/.virtualenvs/pumpwood-airflow-images/lib/python3.6/site-packages/airflow/example_dags/example_branch_datetime_operator.py for tasks to queue
[2021-06-07 18:51:51,793] {logging_mixin.py:104} INFO - [2021-06-07 18:51:51,793] {dagbag.py:487} INFO - Filling up the DagBag from /home/encrypted/abaceti/.virtualenvs/pumpwood-airflow-images/lib/python3.6/site-packages/airflow/example_dags/example_branch_datetime_operator.py
[2021-06-07 18:51:51,800] {scheduler_job.py:643} INFO - DAG(s) dict_keys(['example_branch_datetime_operator_2']) retrieved from /home/encrypted/abaceti/.virtualenvs/pumpwood-airflow-images/lib/python3.6/site-packages/airflow/example_dags/example_branch_datetime_operator.py
[2021-06-07 18:51:51,816] {logging_mixin.py:104} INFO - [2021-06-07 18:51:51,816] {dag.py:1832} INFO - Sync 1 DAGs
[2021-06-07 18:51:51,826] {logging_mixin.py:104} INFO - [2021-06-07 18:51:51,826] {dag.py:2305} INFO - Setting next_dagrun for example_branch_datetime_operator_2 to 2021-06-05 00:00:00+00:00
[2021-06-07 18:51:51,833] {scheduler_job.py:190} INFO - Processing /home/encrypted/abaceti/.virtualenvs/pumpwood-airflow-images/lib/python3.6/site-packages/airflow/example_dags/example_branch_datetime_operator.py took 0.043 seconds
[2021-06-07 18:52:22,047] {scheduler_job.py:182} INFO - Started process (PID=9999) to work on /home/encrypted/abaceti/.virtualenvs/pumpwood-airflow-images/lib/python3.6/site-packages/airflow/example_dags/example_branch_datetime_operator.py
[2021-06-07 18:52:22,047] {scheduler_job.py:633} INFO - Processing file /home/encrypted/abaceti/.virtualenvs/pumpwood-airflow-images/lib/python3.6/site-packages/airflow/example_dags/example_branch_datetime_operator.py for tasks to queue
[2021-06-07 18:52:22,047] {logging_mixin.py:104} INFO - [2021-06-07 18:52:22,047] {dagbag.py:487} INFO - Filling up the DagBag from /home/encrypted/abaceti/.virtualenvs/pumpwood-airflow-images/lib/python3.6/site-packages/airflow/example_dags/example_branch_datetime_operator.py
[2021-06-07 18:52:22,053] {scheduler_job.py:643} INFO - DAG(s) dict_keys(['example_branch_datetime_operator_2']) retrieved from /home/encrypted/abaceti/.virtualenvs/pumpwood-airflow-images/lib/python3.6/site-packages/airflow/example_dags/example_branch_datetime_operator.py
[2021-06-07 18:52:22,069] {logging_mixin.py:104} INFO - [2021-06-07 18:52:22,068] {dag.py:1832} INFO - Sync 1 DAGs
[2021-06-07 18:52:22,080] {logging_mixin.py:104} INFO - [2021-06-07 18:52:22,079] {dag.py:2305} INFO - Setting next_dagrun for example_branch_datetime_operator_2 to 2021-06-05 00:00:00+00:00
[2021-06-07 18:52:22,086] {scheduler_job.py:190} INFO - Processing /home/encrypted/abaceti/.virtualenvs/pumpwood-airflow-images/lib/python3.6/site-packages/airflow/example_dags/example_branch_datetime_operator.py took 0.041 seconds
[2021-06-07 18:52:53,176] {scheduler_job.py:182} INFO - Started process (PID=10808) to work on /home/encrypted/abaceti/.virtualenvs/pumpwood-airflow-images/lib/python3.6/site-packages/airflow/example_dags/example_branch_datetime_operator.py
[2021-06-07 18:52:53,176] {scheduler_job.py:633} INFO - Processing file /home/encrypted/abaceti/.virtualenvs/pumpwood-airflow-images/lib/python3.6/site-packages/airflow/example_dags/example_branch_datetime_operator.py for tasks to queue
[2021-06-07 18:52:53,176] {logging_mixin.py:104} INFO - [2021-06-07 18:52:53,176] {dagbag.py:487} INFO - Filling up the DagBag from /home/encrypted/abaceti/.virtualenvs/pumpwood-airflow-images/lib/python3.6/site-packages/airflow/example_dags/example_branch_datetime_operator.py
[2021-06-07 18:52:53,182] {scheduler_job.py:643} INFO - DAG(s) dict_keys(['example_branch_datetime_operator_2']) retrieved from /home/encrypted/abaceti/.virtualenvs/pumpwood-airflow-images/lib/python3.6/site-packages/airflow/example_dags/example_branch_datetime_operator.py
[2021-06-07 18:52:53,196] {logging_mixin.py:104} INFO - [2021-06-07 18:52:53,196] {dag.py:1832} INFO - Sync 1 DAGs
[2021-06-07 18:52:53,206] {logging_mixin.py:104} INFO - [2021-06-07 18:52:53,205] {dag.py:2305} INFO - Setting next_dagrun for example_branch_datetime_operator_2 to 2021-06-05 00:00:00+00:00
[2021-06-07 18:52:53,211] {scheduler_job.py:190} INFO - Processing /home/encrypted/abaceti/.virtualenvs/pumpwood-airflow-images/lib/python3.6/site-packages/airflow/example_dags/example_branch_datetime_operator.py took 0.037 seconds
[2021-06-07 18:53:23,387] {scheduler_job.py:182} INFO - Started process (PID=11133) to work on /home/encrypted/abaceti/.virtualenvs/pumpwood-airflow-images/lib/python3.6/site-packages/airflow/example_dags/example_branch_datetime_operator.py
[2021-06-07 18:53:23,387] {scheduler_job.py:633} INFO - Processing file /home/encrypted/abaceti/.virtualenvs/pumpwood-airflow-images/lib/python3.6/site-packages/airflow/example_dags/example_branch_datetime_operator.py for tasks to queue
[2021-06-07 18:53:23,388] {logging_mixin.py:104} INFO - [2021-06-07 18:53:23,388] {dagbag.py:487} INFO - Filling up the DagBag from /home/encrypted/abaceti/.virtualenvs/pumpwood-airflow-images/lib/python3.6/site-packages/airflow/example_dags/example_branch_datetime_operator.py
[2021-06-07 18:53:23,393] {scheduler_job.py:643} INFO - DAG(s) dict_keys(['example_branch_datetime_operator_2']) retrieved from /home/encrypted/abaceti/.virtualenvs/pumpwood-airflow-images/lib/python3.6/site-packages/airflow/example_dags/example_branch_datetime_operator.py
[2021-06-07 18:53:23,409] {logging_mixin.py:104} INFO - [2021-06-07 18:53:23,409] {dag.py:1832} INFO - Sync 1 DAGs
[2021-06-07 18:53:23,419] {logging_mixin.py:104} INFO - [2021-06-07 18:53:23,419] {dag.py:2305} INFO - Setting next_dagrun for example_branch_datetime_operator_2 to 2021-06-05 00:00:00+00:00
[2021-06-07 18:53:23,424] {scheduler_job.py:190} INFO - Processing /home/encrypted/abaceti/.virtualenvs/pumpwood-airflow-images/lib/python3.6/site-packages/airflow/example_dags/example_branch_datetime_operator.py took 0.039 seconds
[2021-06-07 18:53:53,598] {scheduler_job.py:182} INFO - Started process (PID=11519) to work on /home/encrypted/abaceti/.virtualenvs/pumpwood-airflow-images/lib/python3.6/site-packages/airflow/example_dags/example_branch_datetime_operator.py
[2021-06-07 18:53:53,599] {scheduler_job.py:633} INFO - Processing file /home/encrypted/abaceti/.virtualenvs/pumpwood-airflow-images/lib/python3.6/site-packages/airflow/example_dags/example_branch_datetime_operator.py for tasks to queue
[2021-06-07 18:53:53,599] {logging_mixin.py:104} INFO - [2021-06-07 18:53:53,599] {dagbag.py:487} INFO - Filling up the DagBag from /home/encrypted/abaceti/.virtualenvs/pumpwood-airflow-images/lib/python3.6/site-packages/airflow/example_dags/example_branch_datetime_operator.py
[2021-06-07 18:53:53,605] {scheduler_job.py:643} INFO - DAG(s) dict_keys(['example_branch_datetime_operator_2']) retrieved from /home/encrypted/abaceti/.virtualenvs/pumpwood-airflow-images/lib/python3.6/site-packages/airflow/example_dags/example_branch_datetime_operator.py
[2021-06-07 18:53:53,620] {logging_mixin.py:104} INFO - [2021-06-07 18:53:53,620] {dag.py:1832} INFO - Sync 1 DAGs
[2021-06-07 18:53:53,630] {logging_mixin.py:104} INFO - [2021-06-07 18:53:53,630] {dag.py:2305} INFO - Setting next_dagrun for example_branch_datetime_operator_2 to 2021-06-05 00:00:00+00:00
[2021-06-07 18:53:53,635] {scheduler_job.py:190} INFO - Processing /home/encrypted/abaceti/.virtualenvs/pumpwood-airflow-images/lib/python3.6/site-packages/airflow/example_dags/example_branch_datetime_operator.py took 0.038 seconds
[2021-06-07 18:54:24,734] {scheduler_job.py:182} INFO - Started process (PID=11930) to work on /home/encrypted/abaceti/.virtualenvs/pumpwood-airflow-images/lib/python3.6/site-packages/airflow/example_dags/example_branch_datetime_operator.py
[2021-06-07 18:54:24,734] {scheduler_job.py:633} INFO - Processing file /home/encrypted/abaceti/.virtualenvs/pumpwood-airflow-images/lib/python3.6/site-packages/airflow/example_dags/example_branch_datetime_operator.py for tasks to queue
[2021-06-07 18:54:24,735] {logging_mixin.py:104} INFO - [2021-06-07 18:54:24,735] {dagbag.py:487} INFO - Filling up the DagBag from /home/encrypted/abaceti/.virtualenvs/pumpwood-airflow-images/lib/python3.6/site-packages/airflow/example_dags/example_branch_datetime_operator.py
[2021-06-07 18:54:24,741] {scheduler_job.py:643} INFO - DAG(s) dict_keys(['example_branch_datetime_operator_2']) retrieved from /home/encrypted/abaceti/.virtualenvs/pumpwood-airflow-images/lib/python3.6/site-packages/airflow/example_dags/example_branch_datetime_operator.py
[2021-06-07 18:54:24,754] {logging_mixin.py:104} INFO - [2021-06-07 18:54:24,754] {dag.py:1832} INFO - Sync 1 DAGs
[2021-06-07 18:54:24,763] {logging_mixin.py:104} INFO - [2021-06-07 18:54:24,763] {dag.py:2305} INFO - Setting next_dagrun for example_branch_datetime_operator_2 to 2021-06-05 00:00:00+00:00
[2021-06-07 18:54:24,769] {scheduler_job.py:190} INFO - Processing /home/encrypted/abaceti/.virtualenvs/pumpwood-airflow-images/lib/python3.6/site-packages/airflow/example_dags/example_branch_datetime_operator.py took 0.036 seconds
[2021-06-07 18:54:54,905] {scheduler_job.py:182} INFO - Started process (PID=12145) to work on /home/encrypted/abaceti/.virtualenvs/pumpwood-airflow-images/lib/python3.6/site-packages/airflow/example_dags/example_branch_datetime_operator.py
[2021-06-07 18:54:54,906] {scheduler_job.py:633} INFO - Processing file /home/encrypted/abaceti/.virtualenvs/pumpwood-airflow-images/lib/python3.6/site-packages/airflow/example_dags/example_branch_datetime_operator.py for tasks to queue
[2021-06-07 18:54:54,906] {logging_mixin.py:104} INFO - [2021-06-07 18:54:54,906] {dagbag.py:487} INFO - Filling up the DagBag from /home/encrypted/abaceti/.virtualenvs/pumpwood-airflow-images/lib/python3.6/site-packages/airflow/example_dags/example_branch_datetime_operator.py
[2021-06-07 18:54:54,912] {scheduler_job.py:643} INFO - DAG(s) dict_keys(['example_branch_datetime_operator_2']) retrieved from /home/encrypted/abaceti/.virtualenvs/pumpwood-airflow-images/lib/python3.6/site-packages/airflow/example_dags/example_branch_datetime_operator.py
[2021-06-07 18:54:54,926] {logging_mixin.py:104} INFO - [2021-06-07 18:54:54,926] {dag.py:1832} INFO - Sync 1 DAGs
[2021-06-07 18:54:54,936] {logging_mixin.py:104} INFO - [2021-06-07 18:54:54,935] {dag.py:2305} INFO - Setting next_dagrun for example_branch_datetime_operator_2 to 2021-06-05 00:00:00+00:00
[2021-06-07 18:54:54,941] {scheduler_job.py:190} INFO - Processing /home/encrypted/abaceti/.virtualenvs/pumpwood-airflow-images/lib/python3.6/site-packages/airflow/example_dags/example_branch_datetime_operator.py took 0.037 seconds
[2021-06-07 18:55:24,988] {scheduler_job.py:182} INFO - Started process (PID=12316) to work on /home/encrypted/abaceti/.virtualenvs/pumpwood-airflow-images/lib/python3.6/site-packages/airflow/example_dags/example_branch_datetime_operator.py
[2021-06-07 18:55:24,989] {scheduler_job.py:633} INFO - Processing file /home/encrypted/abaceti/.virtualenvs/pumpwood-airflow-images/lib/python3.6/site-packages/airflow/example_dags/example_branch_datetime_operator.py for tasks to queue
[2021-06-07 18:55:24,989] {logging_mixin.py:104} INFO - [2021-06-07 18:55:24,989] {dagbag.py:487} INFO - Filling up the DagBag from /home/encrypted/abaceti/.virtualenvs/pumpwood-airflow-images/lib/python3.6/site-packages/airflow/example_dags/example_branch_datetime_operator.py
[2021-06-07 18:55:24,995] {scheduler_job.py:643} INFO - DAG(s) dict_keys(['example_branch_datetime_operator_2']) retrieved from /home/encrypted/abaceti/.virtualenvs/pumpwood-airflow-images/lib/python3.6/site-packages/airflow/example_dags/example_branch_datetime_operator.py
[2021-06-07 18:55:25,009] {logging_mixin.py:104} INFO - [2021-06-07 18:55:25,009] {dag.py:1832} INFO - Sync 1 DAGs
[2021-06-07 18:55:25,018] {logging_mixin.py:104} INFO - [2021-06-07 18:55:25,018] {dag.py:2305} INFO - Setting next_dagrun for example_branch_datetime_operator_2 to 2021-06-05 00:00:00+00:00
[2021-06-07 18:55:25,024] {scheduler_job.py:190} INFO - Processing /home/encrypted/abaceti/.virtualenvs/pumpwood-airflow-images/lib/python3.6/site-packages/airflow/example_dags/example_branch_datetime_operator.py took 0.037 seconds
[2021-06-07 18:55:55,161] {scheduler_job.py:182} INFO - Started process (PID=12540) to work on /home/encrypted/abaceti/.virtualenvs/pumpwood-airflow-images/lib/python3.6/site-packages/airflow/example_dags/example_branch_datetime_operator.py
[2021-06-07 18:55:55,161] {scheduler_job.py:633} INFO - Processing file /home/encrypted/abaceti/.virtualenvs/pumpwood-airflow-images/lib/python3.6/site-packages/airflow/example_dags/example_branch_datetime_operator.py for tasks to queue
[2021-06-07 18:55:55,162] {logging_mixin.py:104} INFO - [2021-06-07 18:55:55,162] {dagbag.py:487} INFO - Filling up the DagBag from /home/encrypted/abaceti/.virtualenvs/pumpwood-airflow-images/lib/python3.6/site-packages/airflow/example_dags/example_branch_datetime_operator.py
[2021-06-07 18:55:55,167] {scheduler_job.py:643} INFO - DAG(s) dict_keys(['example_branch_datetime_operator_2']) retrieved from /home/encrypted/abaceti/.virtualenvs/pumpwood-airflow-images/lib/python3.6/site-packages/airflow/example_dags/example_branch_datetime_operator.py
[2021-06-07 18:55:55,181] {logging_mixin.py:104} INFO - [2021-06-07 18:55:55,181] {dag.py:1832} INFO - Sync 1 DAGs
[2021-06-07 18:55:55,190] {logging_mixin.py:104} INFO - [2021-06-07 18:55:55,190] {dag.py:2305} INFO - Setting next_dagrun for example_branch_datetime_operator_2 to 2021-06-05 00:00:00+00:00
[2021-06-07 18:55:55,195] {scheduler_job.py:190} INFO - Processing /home/encrypted/abaceti/.virtualenvs/pumpwood-airflow-images/lib/python3.6/site-packages/airflow/example_dags/example_branch_datetime_operator.py took 0.036 seconds
[2021-06-07 18:56:25,389] {scheduler_job.py:182} INFO - Started process (PID=12758) to work on /home/encrypted/abaceti/.virtualenvs/pumpwood-airflow-images/lib/python3.6/site-packages/airflow/example_dags/example_branch_datetime_operator.py
[2021-06-07 18:56:25,389] {scheduler_job.py:633} INFO - Processing file /home/encrypted/abaceti/.virtualenvs/pumpwood-airflow-images/lib/python3.6/site-packages/airflow/example_dags/example_branch_datetime_operator.py for tasks to queue
[2021-06-07 18:56:25,390] {logging_mixin.py:104} INFO - [2021-06-07 18:56:25,390] {dagbag.py:487} INFO - Filling up the DagBag from /home/encrypted/abaceti/.virtualenvs/pumpwood-airflow-images/lib/python3.6/site-packages/airflow/example_dags/example_branch_datetime_operator.py
[2021-06-07 18:56:25,395] {scheduler_job.py:643} INFO - DAG(s) dict_keys(['example_branch_datetime_operator_2']) retrieved from /home/encrypted/abaceti/.virtualenvs/pumpwood-airflow-images/lib/python3.6/site-packages/airflow/example_dags/example_branch_datetime_operator.py
[2021-06-07 18:56:25,410] {logging_mixin.py:104} INFO - [2021-06-07 18:56:25,410] {dag.py:1832} INFO - Sync 1 DAGs
[2021-06-07 18:56:25,420] {logging_mixin.py:104} INFO - [2021-06-07 18:56:25,420] {dag.py:2305} INFO - Setting next_dagrun for example_branch_datetime_operator_2 to 2021-06-05 00:00:00+00:00
[2021-06-07 18:56:25,426] {scheduler_job.py:190} INFO - Processing /home/encrypted/abaceti/.virtualenvs/pumpwood-airflow-images/lib/python3.6/site-packages/airflow/example_dags/example_branch_datetime_operator.py took 0.039 seconds
[2021-06-07 18:56:56,384] {scheduler_job.py:182} INFO - Started process (PID=12942) to work on /home/encrypted/abaceti/.virtualenvs/pumpwood-airflow-images/lib/python3.6/site-packages/airflow/example_dags/example_branch_datetime_operator.py
[2021-06-07 18:56:56,384] {scheduler_job.py:633} INFO - Processing file /home/encrypted/abaceti/.virtualenvs/pumpwood-airflow-images/lib/python3.6/site-packages/airflow/example_dags/example_branch_datetime_operator.py for tasks to queue
[2021-06-07 18:56:56,385] {logging_mixin.py:104} INFO - [2021-06-07 18:56:56,385] {dagbag.py:487} INFO - Filling up the DagBag from /home/encrypted/abaceti/.virtualenvs/pumpwood-airflow-images/lib/python3.6/site-packages/airflow/example_dags/example_branch_datetime_operator.py
[2021-06-07 18:56:56,391] {scheduler_job.py:643} INFO - DAG(s) dict_keys(['example_branch_datetime_operator_2']) retrieved from /home/encrypted/abaceti/.virtualenvs/pumpwood-airflow-images/lib/python3.6/site-packages/airflow/example_dags/example_branch_datetime_operator.py
[2021-06-07 18:56:56,405] {logging_mixin.py:104} INFO - [2021-06-07 18:56:56,405] {dag.py:1832} INFO - Sync 1 DAGs
[2021-06-07 18:56:56,416] {logging_mixin.py:104} INFO - [2021-06-07 18:56:56,416] {dag.py:2305} INFO - Setting next_dagrun for example_branch_datetime_operator_2 to 2021-06-05 00:00:00+00:00
[2021-06-07 18:56:56,421] {scheduler_job.py:190} INFO - Processing /home/encrypted/abaceti/.virtualenvs/pumpwood-airflow-images/lib/python3.6/site-packages/airflow/example_dags/example_branch_datetime_operator.py took 0.038 seconds
[2021-06-07 18:57:27,375] {scheduler_job.py:182} INFO - Started process (PID=13060) to work on /home/encrypted/abaceti/.virtualenvs/pumpwood-airflow-images/lib/python3.6/site-packages/airflow/example_dags/example_branch_datetime_operator.py
[2021-06-07 18:57:27,376] {scheduler_job.py:633} INFO - Processing file /home/encrypted/abaceti/.virtualenvs/pumpwood-airflow-images/lib/python3.6/site-packages/airflow/example_dags/example_branch_datetime_operator.py for tasks to queue
[2021-06-07 18:57:27,376] {logging_mixin.py:104} INFO - [2021-06-07 18:57:27,376] {dagbag.py:487} INFO - Filling up the DagBag from /home/encrypted/abaceti/.virtualenvs/pumpwood-airflow-images/lib/python3.6/site-packages/airflow/example_dags/example_branch_datetime_operator.py
[2021-06-07 18:57:27,382] {scheduler_job.py:643} INFO - DAG(s) dict_keys(['example_branch_datetime_operator_2']) retrieved from /home/encrypted/abaceti/.virtualenvs/pumpwood-airflow-images/lib/python3.6/site-packages/airflow/example_dags/example_branch_datetime_operator.py
[2021-06-07 18:57:27,398] {logging_mixin.py:104} INFO - [2021-06-07 18:57:27,398] {dag.py:1832} INFO - Sync 1 DAGs
[2021-06-07 18:57:27,409] {logging_mixin.py:104} INFO - [2021-06-07 18:57:27,409] {dag.py:2305} INFO - Setting next_dagrun for example_branch_datetime_operator_2 to 2021-06-05 00:00:00+00:00
[2021-06-07 18:57:27,415] {scheduler_job.py:190} INFO - Processing /home/encrypted/abaceti/.virtualenvs/pumpwood-airflow-images/lib/python3.6/site-packages/airflow/example_dags/example_branch_datetime_operator.py took 0.041 seconds
[2021-06-07 18:57:57,668] {scheduler_job.py:182} INFO - Started process (PID=13235) to work on /home/encrypted/abaceti/.virtualenvs/pumpwood-airflow-images/lib/python3.6/site-packages/airflow/example_dags/example_branch_datetime_operator.py
[2021-06-07 18:57:57,668] {scheduler_job.py:633} INFO - Processing file /home/encrypted/abaceti/.virtualenvs/pumpwood-airflow-images/lib/python3.6/site-packages/airflow/example_dags/example_branch_datetime_operator.py for tasks to queue
[2021-06-07 18:57:57,669] {logging_mixin.py:104} INFO - [2021-06-07 18:57:57,669] {dagbag.py:487} INFO - Filling up the DagBag from /home/encrypted/abaceti/.virtualenvs/pumpwood-airflow-images/lib/python3.6/site-packages/airflow/example_dags/example_branch_datetime_operator.py
[2021-06-07 18:57:57,676] {scheduler_job.py:643} INFO - DAG(s) dict_keys(['example_branch_datetime_operator_2']) retrieved from /home/encrypted/abaceti/.virtualenvs/pumpwood-airflow-images/lib/python3.6/site-packages/airflow/example_dags/example_branch_datetime_operator.py
[2021-06-07 18:57:57,690] {logging_mixin.py:104} INFO - [2021-06-07 18:57:57,690] {dag.py:1832} INFO - Sync 1 DAGs
[2021-06-07 18:57:57,700] {logging_mixin.py:104} INFO - [2021-06-07 18:57:57,700] {dag.py:2305} INFO - Setting next_dagrun for example_branch_datetime_operator_2 to 2021-06-05 00:00:00+00:00
[2021-06-07 18:57:57,706] {scheduler_job.py:190} INFO - Processing /home/encrypted/abaceti/.virtualenvs/pumpwood-airflow-images/lib/python3.6/site-packages/airflow/example_dags/example_branch_datetime_operator.py took 0.040 seconds
[2021-06-07 18:58:28,674] {scheduler_job.py:182} INFO - Started process (PID=13349) to work on /home/encrypted/abaceti/.virtualenvs/pumpwood-airflow-images/lib/python3.6/site-packages/airflow/example_dags/example_branch_datetime_operator.py
[2021-06-07 18:58:28,674] {scheduler_job.py:633} INFO - Processing file /home/encrypted/abaceti/.virtualenvs/pumpwood-airflow-images/lib/python3.6/site-packages/airflow/example_dags/example_branch_datetime_operator.py for tasks to queue
[2021-06-07 18:58:28,675] {logging_mixin.py:104} INFO - [2021-06-07 18:58:28,674] {dagbag.py:487} INFO - Filling up the DagBag from /home/encrypted/abaceti/.virtualenvs/pumpwood-airflow-images/lib/python3.6/site-packages/airflow/example_dags/example_branch_datetime_operator.py
[2021-06-07 18:58:28,681] {scheduler_job.py:643} INFO - DAG(s) dict_keys(['example_branch_datetime_operator_2']) retrieved from /home/encrypted/abaceti/.virtualenvs/pumpwood-airflow-images/lib/python3.6/site-packages/airflow/example_dags/example_branch_datetime_operator.py
[2021-06-07 18:58:28,695] {logging_mixin.py:104} INFO - [2021-06-07 18:58:28,695] {dag.py:1832} INFO - Sync 1 DAGs
[2021-06-07 18:58:28,705] {logging_mixin.py:104} INFO - [2021-06-07 18:58:28,705] {dag.py:2305} INFO - Setting next_dagrun for example_branch_datetime_operator_2 to 2021-06-05 00:00:00+00:00
[2021-06-07 18:58:28,710] {scheduler_job.py:190} INFO - Processing /home/encrypted/abaceti/.virtualenvs/pumpwood-airflow-images/lib/python3.6/site-packages/airflow/example_dags/example_branch_datetime_operator.py took 0.038 seconds
[2021-06-07 18:58:59,886] {scheduler_job.py:182} INFO - Started process (PID=13525) to work on /home/encrypted/abaceti/.virtualenvs/pumpwood-airflow-images/lib/python3.6/site-packages/airflow/example_dags/example_branch_datetime_operator.py
[2021-06-07 18:58:59,887] {scheduler_job.py:633} INFO - Processing file /home/encrypted/abaceti/.virtualenvs/pumpwood-airflow-images/lib/python3.6/site-packages/airflow/example_dags/example_branch_datetime_operator.py for tasks to queue
[2021-06-07 18:58:59,887] {logging_mixin.py:104} INFO - [2021-06-07 18:58:59,887] {dagbag.py:487} INFO - Filling up the DagBag from /home/encrypted/abaceti/.virtualenvs/pumpwood-airflow-images/lib/python3.6/site-packages/airflow/example_dags/example_branch_datetime_operator.py
[2021-06-07 18:58:59,893] {scheduler_job.py:643} INFO - DAG(s) dict_keys(['example_branch_datetime_operator_2']) retrieved from /home/encrypted/abaceti/.virtualenvs/pumpwood-airflow-images/lib/python3.6/site-packages/airflow/example_dags/example_branch_datetime_operator.py
[2021-06-07 18:58:59,908] {logging_mixin.py:104} INFO - [2021-06-07 18:58:59,908] {dag.py:1832} INFO - Sync 1 DAGs
[2021-06-07 18:58:59,918] {logging_mixin.py:104} INFO - [2021-06-07 18:58:59,918] {dag.py:2305} INFO - Setting next_dagrun for example_branch_datetime_operator_2 to 2021-06-05 00:00:00+00:00
[2021-06-07 18:58:59,923] {scheduler_job.py:190} INFO - Processing /home/encrypted/abaceti/.virtualenvs/pumpwood-airflow-images/lib/python3.6/site-packages/airflow/example_dags/example_branch_datetime_operator.py took 0.038 seconds
[2021-06-07 18:59:30,071] {scheduler_job.py:182} INFO - Started process (PID=13650) to work on /home/encrypted/abaceti/.virtualenvs/pumpwood-airflow-images/lib/python3.6/site-packages/airflow/example_dags/example_branch_datetime_operator.py
[2021-06-07 18:59:30,071] {scheduler_job.py:633} INFO - Processing file /home/encrypted/abaceti/.virtualenvs/pumpwood-airflow-images/lib/python3.6/site-packages/airflow/example_dags/example_branch_datetime_operator.py for tasks to queue
[2021-06-07 18:59:30,071] {logging_mixin.py:104} INFO - [2021-06-07 18:59:30,071] {dagbag.py:487} INFO - Filling up the DagBag from /home/encrypted/abaceti/.virtualenvs/pumpwood-airflow-images/lib/python3.6/site-packages/airflow/example_dags/example_branch_datetime_operator.py
[2021-06-07 18:59:30,077] {scheduler_job.py:643} INFO - DAG(s) dict_keys(['example_branch_datetime_operator_2']) retrieved from /home/encrypted/abaceti/.virtualenvs/pumpwood-airflow-images/lib/python3.6/site-packages/airflow/example_dags/example_branch_datetime_operator.py
[2021-06-07 18:59:30,092] {logging_mixin.py:104} INFO - [2021-06-07 18:59:30,092] {dag.py:1832} INFO - Sync 1 DAGs
[2021-06-07 18:59:30,102] {logging_mixin.py:104} INFO - [2021-06-07 18:59:30,102] {dag.py:2305} INFO - Setting next_dagrun for example_branch_datetime_operator_2 to 2021-06-05 00:00:00+00:00
[2021-06-07 18:59:30,108] {scheduler_job.py:190} INFO - Processing /home/encrypted/abaceti/.virtualenvs/pumpwood-airflow-images/lib/python3.6/site-packages/airflow/example_dags/example_branch_datetime_operator.py took 0.038 seconds
[2021-06-07 19:00:00,209] {scheduler_job.py:182} INFO - Started process (PID=13812) to work on /home/encrypted/abaceti/.virtualenvs/pumpwood-airflow-images/lib/python3.6/site-packages/airflow/example_dags/example_branch_datetime_operator.py
[2021-06-07 19:00:00,209] {scheduler_job.py:633} INFO - Processing file /home/encrypted/abaceti/.virtualenvs/pumpwood-airflow-images/lib/python3.6/site-packages/airflow/example_dags/example_branch_datetime_operator.py for tasks to queue
[2021-06-07 19:00:00,209] {logging_mixin.py:104} INFO - [2021-06-07 19:00:00,209] {dagbag.py:487} INFO - Filling up the DagBag from /home/encrypted/abaceti/.virtualenvs/pumpwood-airflow-images/lib/python3.6/site-packages/airflow/example_dags/example_branch_datetime_operator.py
[2021-06-07 19:00:00,215] {scheduler_job.py:643} INFO - DAG(s) dict_keys(['example_branch_datetime_operator_2']) retrieved from /home/encrypted/abaceti/.virtualenvs/pumpwood-airflow-images/lib/python3.6/site-packages/airflow/example_dags/example_branch_datetime_operator.py
[2021-06-07 19:00:00,229] {logging_mixin.py:104} INFO - [2021-06-07 19:00:00,229] {dag.py:1832} INFO - Sync 1 DAGs
[2021-06-07 19:00:00,239] {logging_mixin.py:104} INFO - [2021-06-07 19:00:00,239] {dag.py:2305} INFO - Setting next_dagrun for example_branch_datetime_operator_2 to 2021-06-05 00:00:00+00:00
[2021-06-07 19:00:00,244] {scheduler_job.py:190} INFO - Processing /home/encrypted/abaceti/.virtualenvs/pumpwood-airflow-images/lib/python3.6/site-packages/airflow/example_dags/example_branch_datetime_operator.py took 0.037 seconds
[2021-06-07 19:00:30,365] {scheduler_job.py:182} INFO - Started process (PID=13928) to work on /home/encrypted/abaceti/.virtualenvs/pumpwood-airflow-images/lib/python3.6/site-packages/airflow/example_dags/example_branch_datetime_operator.py
[2021-06-07 19:00:30,366] {scheduler_job.py:633} INFO - Processing file /home/encrypted/abaceti/.virtualenvs/pumpwood-airflow-images/lib/python3.6/site-packages/airflow/example_dags/example_branch_datetime_operator.py for tasks to queue
[2021-06-07 19:00:30,366] {logging_mixin.py:104} INFO - [2021-06-07 19:00:30,366] {dagbag.py:487} INFO - Filling up the DagBag from /home/encrypted/abaceti/.virtualenvs/pumpwood-airflow-images/lib/python3.6/site-packages/airflow/example_dags/example_branch_datetime_operator.py
[2021-06-07 19:00:30,373] {scheduler_job.py:643} INFO - DAG(s) dict_keys(['example_branch_datetime_operator_2']) retrieved from /home/encrypted/abaceti/.virtualenvs/pumpwood-airflow-images/lib/python3.6/site-packages/airflow/example_dags/example_branch_datetime_operator.py
[2021-06-07 19:00:30,386] {logging_mixin.py:104} INFO - [2021-06-07 19:00:30,386] {dag.py:1832} INFO - Sync 1 DAGs
[2021-06-07 19:00:30,395] {logging_mixin.py:104} INFO - [2021-06-07 19:00:30,395] {dag.py:2305} INFO - Setting next_dagrun for example_branch_datetime_operator_2 to 2021-06-05 00:00:00+00:00
[2021-06-07 19:00:30,401] {scheduler_job.py:190} INFO - Processing /home/encrypted/abaceti/.virtualenvs/pumpwood-airflow-images/lib/python3.6/site-packages/airflow/example_dags/example_branch_datetime_operator.py took 0.037 seconds
[2021-06-07 19:01:00,548] {scheduler_job.py:182} INFO - Started process (PID=14121) to work on /home/encrypted/abaceti/.virtualenvs/pumpwood-airflow-images/lib/python3.6/site-packages/airflow/example_dags/example_branch_datetime_operator.py
[2021-06-07 19:01:00,549] {scheduler_job.py:633} INFO - Processing file /home/encrypted/abaceti/.virtualenvs/pumpwood-airflow-images/lib/python3.6/site-packages/airflow/example_dags/example_branch_datetime_operator.py for tasks to queue
[2021-06-07 19:01:00,549] {logging_mixin.py:104} INFO - [2021-06-07 19:01:00,549] {dagbag.py:487} INFO - Filling up the DagBag from /home/encrypted/abaceti/.virtualenvs/pumpwood-airflow-images/lib/python3.6/site-packages/airflow/example_dags/example_branch_datetime_operator.py
[2021-06-07 19:01:00,555] {scheduler_job.py:643} INFO - DAG(s) dict_keys(['example_branch_datetime_operator_2']) retrieved from /home/encrypted/abaceti/.virtualenvs/pumpwood-airflow-images/lib/python3.6/site-packages/airflow/example_dags/example_branch_datetime_operator.py
[2021-06-07 19:01:00,570] {logging_mixin.py:104} INFO - [2021-06-07 19:01:00,570] {dag.py:1832} INFO - Sync 1 DAGs
[2021-06-07 19:01:00,581] {logging_mixin.py:104} INFO - [2021-06-07 19:01:00,581] {dag.py:2305} INFO - Setting next_dagrun for example_branch_datetime_operator_2 to 2021-06-05 00:00:00+00:00
[2021-06-07 19:01:00,586] {scheduler_job.py:190} INFO - Processing /home/encrypted/abaceti/.virtualenvs/pumpwood-airflow-images/lib/python3.6/site-packages/airflow/example_dags/example_branch_datetime_operator.py took 0.040 seconds
[2021-06-07 19:01:30,883] {scheduler_job.py:182} INFO - Started process (PID=14245) to work on /home/encrypted/abaceti/.virtualenvs/pumpwood-airflow-images/lib/python3.6/site-packages/airflow/example_dags/example_branch_datetime_operator.py
[2021-06-07 19:01:30,884] {scheduler_job.py:633} INFO - Processing file /home/encrypted/abaceti/.virtualenvs/pumpwood-airflow-images/lib/python3.6/site-packages/airflow/example_dags/example_branch_datetime_operator.py for tasks to queue
[2021-06-07 19:01:30,884] {logging_mixin.py:104} INFO - [2021-06-07 19:01:30,884] {dagbag.py:487} INFO - Filling up the DagBag from /home/encrypted/abaceti/.virtualenvs/pumpwood-airflow-images/lib/python3.6/site-packages/airflow/example_dags/example_branch_datetime_operator.py
[2021-06-07 19:01:30,890] {scheduler_job.py:643} INFO - DAG(s) dict_keys(['example_branch_datetime_operator_2']) retrieved from /home/encrypted/abaceti/.virtualenvs/pumpwood-airflow-images/lib/python3.6/site-packages/airflow/example_dags/example_branch_datetime_operator.py
[2021-06-07 19:01:30,906] {logging_mixin.py:104} INFO - [2021-06-07 19:01:30,906] {dag.py:1832} INFO - Sync 1 DAGs
[2021-06-07 19:01:30,918] {logging_mixin.py:104} INFO - [2021-06-07 19:01:30,918] {dag.py:2305} INFO - Setting next_dagrun for example_branch_datetime_operator_2 to 2021-06-05 00:00:00+00:00
[2021-06-07 19:01:30,925] {scheduler_job.py:190} INFO - Processing /home/encrypted/abaceti/.virtualenvs/pumpwood-airflow-images/lib/python3.6/site-packages/airflow/example_dags/example_branch_datetime_operator.py took 0.044 seconds
[2021-06-07 19:02:01,035] {scheduler_job.py:182} INFO - Started process (PID=14427) to work on /home/encrypted/abaceti/.virtualenvs/pumpwood-airflow-images/lib/python3.6/site-packages/airflow/example_dags/example_branch_datetime_operator.py
[2021-06-07 19:02:01,036] {scheduler_job.py:633} INFO - Processing file /home/encrypted/abaceti/.virtualenvs/pumpwood-airflow-images/lib/python3.6/site-packages/airflow/example_dags/example_branch_datetime_operator.py for tasks to queue
[2021-06-07 19:02:01,036] {logging_mixin.py:104} INFO - [2021-06-07 19:02:01,036] {dagbag.py:487} INFO - Filling up the DagBag from /home/encrypted/abaceti/.virtualenvs/pumpwood-airflow-images/lib/python3.6/site-packages/airflow/example_dags/example_branch_datetime_operator.py
[2021-06-07 19:02:01,042] {scheduler_job.py:643} INFO - DAG(s) dict_keys(['example_branch_datetime_operator_2']) retrieved from /home/encrypted/abaceti/.virtualenvs/pumpwood-airflow-images/lib/python3.6/site-packages/airflow/example_dags/example_branch_datetime_operator.py
[2021-06-07 19:02:01,056] {logging_mixin.py:104} INFO - [2021-06-07 19:02:01,056] {dag.py:1832} INFO - Sync 1 DAGs
[2021-06-07 19:02:01,067] {logging_mixin.py:104} INFO - [2021-06-07 19:02:01,067] {dag.py:2305} INFO - Setting next_dagrun for example_branch_datetime_operator_2 to 2021-06-05 00:00:00+00:00
[2021-06-07 19:02:01,072] {scheduler_job.py:190} INFO - Processing /home/encrypted/abaceti/.virtualenvs/pumpwood-airflow-images/lib/python3.6/site-packages/airflow/example_dags/example_branch_datetime_operator.py took 0.039 seconds
[2021-06-07 19:02:31,130] {scheduler_job.py:182} INFO - Started process (PID=14639) to work on /home/encrypted/abaceti/.virtualenvs/pumpwood-airflow-images/lib/python3.6/site-packages/airflow/example_dags/example_branch_datetime_operator.py
[2021-06-07 19:02:31,131] {scheduler_job.py:633} INFO - Processing file /home/encrypted/abaceti/.virtualenvs/pumpwood-airflow-images/lib/python3.6/site-packages/airflow/example_dags/example_branch_datetime_operator.py for tasks to queue
[2021-06-07 19:02:31,131] {logging_mixin.py:104} INFO - [2021-06-07 19:02:31,131] {dagbag.py:487} INFO - Filling up the DagBag from /home/encrypted/abaceti/.virtualenvs/pumpwood-airflow-images/lib/python3.6/site-packages/airflow/example_dags/example_branch_datetime_operator.py
[2021-06-07 19:02:31,137] {scheduler_job.py:643} INFO - DAG(s) dict_keys(['example_branch_datetime_operator_2']) retrieved from /home/encrypted/abaceti/.virtualenvs/pumpwood-airflow-images/lib/python3.6/site-packages/airflow/example_dags/example_branch_datetime_operator.py
[2021-06-07 19:02:31,152] {logging_mixin.py:104} INFO - [2021-06-07 19:02:31,152] {dag.py:1832} INFO - Sync 1 DAGs
[2021-06-07 19:02:31,161] {logging_mixin.py:104} INFO - [2021-06-07 19:02:31,161] {dag.py:2305} INFO - Setting next_dagrun for example_branch_datetime_operator_2 to 2021-06-05 00:00:00+00:00
[2021-06-07 19:02:31,167] {scheduler_job.py:190} INFO - Processing /home/encrypted/abaceti/.virtualenvs/pumpwood-airflow-images/lib/python3.6/site-packages/airflow/example_dags/example_branch_datetime_operator.py took 0.039 seconds
