[2021-06-07 18:39:19,486] {scheduler_job.py:182} INFO - Started process (PID=5632) to work on /home/encrypted/abaceti/.virtualenvs/pumpwood-airflow-images/lib/python3.6/site-packages/airflow/example_dags/example_xcomargs.py
[2021-06-07 18:39:19,487] {scheduler_job.py:633} INFO - Processing file /home/encrypted/abaceti/.virtualenvs/pumpwood-airflow-images/lib/python3.6/site-packages/airflow/example_dags/example_xcomargs.py for tasks to queue
[2021-06-07 18:39:19,488] {logging_mixin.py:104} INFO - [2021-06-07 18:39:19,487] {dagbag.py:487} INFO - Filling up the DagBag from /home/encrypted/abaceti/.virtualenvs/pumpwood-airflow-images/lib/python3.6/site-packages/airflow/example_dags/example_xcomargs.py
[2021-06-07 18:39:19,502] {scheduler_job.py:643} INFO - DAG(s) dict_keys(['example_xcom_args', 'example_xcom_args_with_operators']) retrieved from /home/encrypted/abaceti/.virtualenvs/pumpwood-airflow-images/lib/python3.6/site-packages/airflow/example_dags/example_xcomargs.py
[2021-06-07 18:39:19,634] {logging_mixin.py:104} INFO - [2021-06-07 18:39:19,634] {dag.py:1832} INFO - Sync 2 DAGs
[2021-06-07 18:39:19,643] {logging_mixin.py:104} INFO - [2021-06-07 18:39:19,643] {dag.py:2305} INFO - Setting next_dagrun for example_xcom_args to None
[2021-06-07 18:39:19,644] {logging_mixin.py:104} INFO - [2021-06-07 18:39:19,644] {dag.py:2305} INFO - Setting next_dagrun for example_xcom_args_with_operators to None
[2021-06-07 18:39:19,651] {scheduler_job.py:190} INFO - Processing /home/encrypted/abaceti/.virtualenvs/pumpwood-airflow-images/lib/python3.6/site-packages/airflow/example_dags/example_xcomargs.py took 0.167 seconds
[2021-06-07 18:39:49,763] {scheduler_job.py:182} INFO - Started process (PID=5798) to work on /home/encrypted/abaceti/.virtualenvs/pumpwood-airflow-images/lib/python3.6/site-packages/airflow/example_dags/example_xcomargs.py
[2021-06-07 18:39:49,763] {scheduler_job.py:633} INFO - Processing file /home/encrypted/abaceti/.virtualenvs/pumpwood-airflow-images/lib/python3.6/site-packages/airflow/example_dags/example_xcomargs.py for tasks to queue
[2021-06-07 18:39:49,763] {logging_mixin.py:104} INFO - [2021-06-07 18:39:49,763] {dagbag.py:487} INFO - Filling up the DagBag from /home/encrypted/abaceti/.virtualenvs/pumpwood-airflow-images/lib/python3.6/site-packages/airflow/example_dags/example_xcomargs.py
[2021-06-07 18:39:49,772] {scheduler_job.py:643} INFO - DAG(s) dict_keys(['example_xcom_args', 'example_xcom_args_with_operators']) retrieved from /home/encrypted/abaceti/.virtualenvs/pumpwood-airflow-images/lib/python3.6/site-packages/airflow/example_dags/example_xcomargs.py
[2021-06-07 18:39:49,883] {logging_mixin.py:104} INFO - [2021-06-07 18:39:49,882] {dag.py:1832} INFO - Sync 2 DAGs
[2021-06-07 18:39:49,890] {logging_mixin.py:104} INFO - [2021-06-07 18:39:49,890] {dag.py:2305} INFO - Setting next_dagrun for example_xcom_args to None
[2021-06-07 18:39:49,890] {logging_mixin.py:104} INFO - [2021-06-07 18:39:49,890] {dag.py:2305} INFO - Setting next_dagrun for example_xcom_args_with_operators to None
[2021-06-07 18:39:49,897] {scheduler_job.py:190} INFO - Processing /home/encrypted/abaceti/.virtualenvs/pumpwood-airflow-images/lib/python3.6/site-packages/airflow/example_dags/example_xcomargs.py took 0.135 seconds
[2021-06-07 18:40:19,968] {scheduler_job.py:182} INFO - Started process (PID=5951) to work on /home/encrypted/abaceti/.virtualenvs/pumpwood-airflow-images/lib/python3.6/site-packages/airflow/example_dags/example_xcomargs.py
[2021-06-07 18:40:19,968] {scheduler_job.py:633} INFO - Processing file /home/encrypted/abaceti/.virtualenvs/pumpwood-airflow-images/lib/python3.6/site-packages/airflow/example_dags/example_xcomargs.py for tasks to queue
[2021-06-07 18:40:19,968] {logging_mixin.py:104} INFO - [2021-06-07 18:40:19,968] {dagbag.py:487} INFO - Filling up the DagBag from /home/encrypted/abaceti/.virtualenvs/pumpwood-airflow-images/lib/python3.6/site-packages/airflow/example_dags/example_xcomargs.py
[2021-06-07 18:40:19,978] {scheduler_job.py:643} INFO - DAG(s) dict_keys(['example_xcom_args', 'example_xcom_args_with_operators']) retrieved from /home/encrypted/abaceti/.virtualenvs/pumpwood-airflow-images/lib/python3.6/site-packages/airflow/example_dags/example_xcomargs.py
[2021-06-07 18:40:20,088] {logging_mixin.py:104} INFO - [2021-06-07 18:40:20,088] {dag.py:1832} INFO - Sync 2 DAGs
[2021-06-07 18:40:20,095] {logging_mixin.py:104} INFO - [2021-06-07 18:40:20,095] {dag.py:2305} INFO - Setting next_dagrun for example_xcom_args to None
[2021-06-07 18:40:20,096] {logging_mixin.py:104} INFO - [2021-06-07 18:40:20,096] {dag.py:2305} INFO - Setting next_dagrun for example_xcom_args_with_operators to None
[2021-06-07 18:40:20,103] {scheduler_job.py:190} INFO - Processing /home/encrypted/abaceti/.virtualenvs/pumpwood-airflow-images/lib/python3.6/site-packages/airflow/example_dags/example_xcomargs.py took 0.137 seconds
[2021-06-07 18:40:50,182] {scheduler_job.py:182} INFO - Started process (PID=6143) to work on /home/encrypted/abaceti/.virtualenvs/pumpwood-airflow-images/lib/python3.6/site-packages/airflow/example_dags/example_xcomargs.py
[2021-06-07 18:40:50,183] {scheduler_job.py:633} INFO - Processing file /home/encrypted/abaceti/.virtualenvs/pumpwood-airflow-images/lib/python3.6/site-packages/airflow/example_dags/example_xcomargs.py for tasks to queue
[2021-06-07 18:40:50,183] {logging_mixin.py:104} INFO - [2021-06-07 18:40:50,183] {dagbag.py:487} INFO - Filling up the DagBag from /home/encrypted/abaceti/.virtualenvs/pumpwood-airflow-images/lib/python3.6/site-packages/airflow/example_dags/example_xcomargs.py
[2021-06-07 18:40:50,192] {scheduler_job.py:643} INFO - DAG(s) dict_keys(['example_xcom_args', 'example_xcom_args_with_operators']) retrieved from /home/encrypted/abaceti/.virtualenvs/pumpwood-airflow-images/lib/python3.6/site-packages/airflow/example_dags/example_xcomargs.py
[2021-06-07 18:40:50,305] {logging_mixin.py:104} INFO - [2021-06-07 18:40:50,305] {dag.py:1832} INFO - Sync 2 DAGs
[2021-06-07 18:40:50,312] {logging_mixin.py:104} INFO - [2021-06-07 18:40:50,312] {dag.py:2305} INFO - Setting next_dagrun for example_xcom_args to None
[2021-06-07 18:40:50,313] {logging_mixin.py:104} INFO - [2021-06-07 18:40:50,312] {dag.py:2305} INFO - Setting next_dagrun for example_xcom_args_with_operators to None
[2021-06-07 18:40:50,319] {scheduler_job.py:190} INFO - Processing /home/encrypted/abaceti/.virtualenvs/pumpwood-airflow-images/lib/python3.6/site-packages/airflow/example_dags/example_xcomargs.py took 0.138 seconds
[2021-06-07 18:41:20,373] {scheduler_job.py:182} INFO - Started process (PID=6263) to work on /home/encrypted/abaceti/.virtualenvs/pumpwood-airflow-images/lib/python3.6/site-packages/airflow/example_dags/example_xcomargs.py
[2021-06-07 18:41:20,373] {scheduler_job.py:633} INFO - Processing file /home/encrypted/abaceti/.virtualenvs/pumpwood-airflow-images/lib/python3.6/site-packages/airflow/example_dags/example_xcomargs.py for tasks to queue
[2021-06-07 18:41:20,373] {logging_mixin.py:104} INFO - [2021-06-07 18:41:20,373] {dagbag.py:487} INFO - Filling up the DagBag from /home/encrypted/abaceti/.virtualenvs/pumpwood-airflow-images/lib/python3.6/site-packages/airflow/example_dags/example_xcomargs.py
[2021-06-07 18:41:20,383] {scheduler_job.py:643} INFO - DAG(s) dict_keys(['example_xcom_args', 'example_xcom_args_with_operators']) retrieved from /home/encrypted/abaceti/.virtualenvs/pumpwood-airflow-images/lib/python3.6/site-packages/airflow/example_dags/example_xcomargs.py
[2021-06-07 18:41:20,494] {logging_mixin.py:104} INFO - [2021-06-07 18:41:20,494] {dag.py:1832} INFO - Sync 2 DAGs
[2021-06-07 18:41:20,502] {logging_mixin.py:104} INFO - [2021-06-07 18:41:20,502] {dag.py:2305} INFO - Setting next_dagrun for example_xcom_args to None
[2021-06-07 18:41:20,502] {logging_mixin.py:104} INFO - [2021-06-07 18:41:20,502] {dag.py:2305} INFO - Setting next_dagrun for example_xcom_args_with_operators to None
[2021-06-07 18:41:20,508] {scheduler_job.py:190} INFO - Processing /home/encrypted/abaceti/.virtualenvs/pumpwood-airflow-images/lib/python3.6/site-packages/airflow/example_dags/example_xcomargs.py took 0.137 seconds
[2021-06-07 18:41:50,574] {scheduler_job.py:182} INFO - Started process (PID=6424) to work on /home/encrypted/abaceti/.virtualenvs/pumpwood-airflow-images/lib/python3.6/site-packages/airflow/example_dags/example_xcomargs.py
[2021-06-07 18:41:50,574] {scheduler_job.py:633} INFO - Processing file /home/encrypted/abaceti/.virtualenvs/pumpwood-airflow-images/lib/python3.6/site-packages/airflow/example_dags/example_xcomargs.py for tasks to queue
[2021-06-07 18:41:50,574] {logging_mixin.py:104} INFO - [2021-06-07 18:41:50,574] {dagbag.py:487} INFO - Filling up the DagBag from /home/encrypted/abaceti/.virtualenvs/pumpwood-airflow-images/lib/python3.6/site-packages/airflow/example_dags/example_xcomargs.py
[2021-06-07 18:41:50,584] {scheduler_job.py:643} INFO - DAG(s) dict_keys(['example_xcom_args', 'example_xcom_args_with_operators']) retrieved from /home/encrypted/abaceti/.virtualenvs/pumpwood-airflow-images/lib/python3.6/site-packages/airflow/example_dags/example_xcomargs.py
[2021-06-07 18:41:50,693] {logging_mixin.py:104} INFO - [2021-06-07 18:41:50,693] {dag.py:1832} INFO - Sync 2 DAGs
[2021-06-07 18:41:50,700] {logging_mixin.py:104} INFO - [2021-06-07 18:41:50,700] {dag.py:2305} INFO - Setting next_dagrun for example_xcom_args to None
[2021-06-07 18:41:50,701] {logging_mixin.py:104} INFO - [2021-06-07 18:41:50,701] {dag.py:2305} INFO - Setting next_dagrun for example_xcom_args_with_operators to None
[2021-06-07 18:41:50,707] {scheduler_job.py:190} INFO - Processing /home/encrypted/abaceti/.virtualenvs/pumpwood-airflow-images/lib/python3.6/site-packages/airflow/example_dags/example_xcomargs.py took 0.134 seconds
[2021-06-07 18:42:20,721] {scheduler_job.py:182} INFO - Started process (PID=6543) to work on /home/encrypted/abaceti/.virtualenvs/pumpwood-airflow-images/lib/python3.6/site-packages/airflow/example_dags/example_xcomargs.py
[2021-06-07 18:42:20,721] {scheduler_job.py:633} INFO - Processing file /home/encrypted/abaceti/.virtualenvs/pumpwood-airflow-images/lib/python3.6/site-packages/airflow/example_dags/example_xcomargs.py for tasks to queue
[2021-06-07 18:42:20,721] {logging_mixin.py:104} INFO - [2021-06-07 18:42:20,721] {dagbag.py:487} INFO - Filling up the DagBag from /home/encrypted/abaceti/.virtualenvs/pumpwood-airflow-images/lib/python3.6/site-packages/airflow/example_dags/example_xcomargs.py
[2021-06-07 18:42:20,732] {scheduler_job.py:643} INFO - DAG(s) dict_keys(['example_xcom_args', 'example_xcom_args_with_operators']) retrieved from /home/encrypted/abaceti/.virtualenvs/pumpwood-airflow-images/lib/python3.6/site-packages/airflow/example_dags/example_xcomargs.py
[2021-06-07 18:42:20,845] {logging_mixin.py:104} INFO - [2021-06-07 18:42:20,844] {dag.py:1832} INFO - Sync 2 DAGs
[2021-06-07 18:42:20,852] {logging_mixin.py:104} INFO - [2021-06-07 18:42:20,852] {dag.py:2305} INFO - Setting next_dagrun for example_xcom_args to None
[2021-06-07 18:42:20,853] {logging_mixin.py:104} INFO - [2021-06-07 18:42:20,853] {dag.py:2305} INFO - Setting next_dagrun for example_xcom_args_with_operators to None
[2021-06-07 18:42:20,859] {scheduler_job.py:190} INFO - Processing /home/encrypted/abaceti/.virtualenvs/pumpwood-airflow-images/lib/python3.6/site-packages/airflow/example_dags/example_xcomargs.py took 0.140 seconds
[2021-06-07 18:42:50,913] {scheduler_job.py:182} INFO - Started process (PID=6724) to work on /home/encrypted/abaceti/.virtualenvs/pumpwood-airflow-images/lib/python3.6/site-packages/airflow/example_dags/example_xcomargs.py
[2021-06-07 18:42:50,914] {scheduler_job.py:633} INFO - Processing file /home/encrypted/abaceti/.virtualenvs/pumpwood-airflow-images/lib/python3.6/site-packages/airflow/example_dags/example_xcomargs.py for tasks to queue
[2021-06-07 18:42:50,914] {logging_mixin.py:104} INFO - [2021-06-07 18:42:50,914] {dagbag.py:487} INFO - Filling up the DagBag from /home/encrypted/abaceti/.virtualenvs/pumpwood-airflow-images/lib/python3.6/site-packages/airflow/example_dags/example_xcomargs.py
[2021-06-07 18:42:50,924] {scheduler_job.py:643} INFO - DAG(s) dict_keys(['example_xcom_args', 'example_xcom_args_with_operators']) retrieved from /home/encrypted/abaceti/.virtualenvs/pumpwood-airflow-images/lib/python3.6/site-packages/airflow/example_dags/example_xcomargs.py
[2021-06-07 18:42:50,941] {logging_mixin.py:104} INFO - [2021-06-07 18:42:50,940] {dag.py:1832} INFO - Sync 2 DAGs
[2021-06-07 18:42:50,949] {logging_mixin.py:104} INFO - [2021-06-07 18:42:50,949] {dag.py:2305} INFO - Setting next_dagrun for example_xcom_args to None
[2021-06-07 18:42:50,949] {logging_mixin.py:104} INFO - [2021-06-07 18:42:50,949] {dag.py:2305} INFO - Setting next_dagrun for example_xcom_args_with_operators to None
[2021-06-07 18:42:50,954] {scheduler_job.py:190} INFO - Processing /home/encrypted/abaceti/.virtualenvs/pumpwood-airflow-images/lib/python3.6/site-packages/airflow/example_dags/example_xcomargs.py took 0.042 seconds
[2021-06-07 18:43:21,899] {scheduler_job.py:182} INFO - Started process (PID=6973) to work on /home/encrypted/abaceti/.virtualenvs/pumpwood-airflow-images/lib/python3.6/site-packages/airflow/example_dags/example_xcomargs.py
[2021-06-07 18:43:21,899] {scheduler_job.py:633} INFO - Processing file /home/encrypted/abaceti/.virtualenvs/pumpwood-airflow-images/lib/python3.6/site-packages/airflow/example_dags/example_xcomargs.py for tasks to queue
[2021-06-07 18:43:21,899] {logging_mixin.py:104} INFO - [2021-06-07 18:43:21,899] {dagbag.py:487} INFO - Filling up the DagBag from /home/encrypted/abaceti/.virtualenvs/pumpwood-airflow-images/lib/python3.6/site-packages/airflow/example_dags/example_xcomargs.py
[2021-06-07 18:43:21,909] {scheduler_job.py:643} INFO - DAG(s) dict_keys(['example_xcom_args', 'example_xcom_args_with_operators']) retrieved from /home/encrypted/abaceti/.virtualenvs/pumpwood-airflow-images/lib/python3.6/site-packages/airflow/example_dags/example_xcomargs.py
[2021-06-07 18:43:22,024] {logging_mixin.py:104} INFO - [2021-06-07 18:43:22,024] {dag.py:1832} INFO - Sync 2 DAGs
[2021-06-07 18:43:22,031] {logging_mixin.py:104} INFO - [2021-06-07 18:43:22,031] {dag.py:2305} INFO - Setting next_dagrun for example_xcom_args to None
[2021-06-07 18:43:22,032] {logging_mixin.py:104} INFO - [2021-06-07 18:43:22,032] {dag.py:2305} INFO - Setting next_dagrun for example_xcom_args_with_operators to None
[2021-06-07 18:43:22,037] {scheduler_job.py:190} INFO - Processing /home/encrypted/abaceti/.virtualenvs/pumpwood-airflow-images/lib/python3.6/site-packages/airflow/example_dags/example_xcomargs.py took 0.140 seconds
[2021-06-07 18:43:52,067] {scheduler_job.py:182} INFO - Started process (PID=7229) to work on /home/encrypted/abaceti/.virtualenvs/pumpwood-airflow-images/lib/python3.6/site-packages/airflow/example_dags/example_xcomargs.py
[2021-06-07 18:43:52,068] {scheduler_job.py:633} INFO - Processing file /home/encrypted/abaceti/.virtualenvs/pumpwood-airflow-images/lib/python3.6/site-packages/airflow/example_dags/example_xcomargs.py for tasks to queue
[2021-06-07 18:43:52,068] {logging_mixin.py:104} INFO - [2021-06-07 18:43:52,068] {dagbag.py:487} INFO - Filling up the DagBag from /home/encrypted/abaceti/.virtualenvs/pumpwood-airflow-images/lib/python3.6/site-packages/airflow/example_dags/example_xcomargs.py
[2021-06-07 18:43:52,079] {scheduler_job.py:643} INFO - DAG(s) dict_keys(['example_xcom_args', 'example_xcom_args_with_operators']) retrieved from /home/encrypted/abaceti/.virtualenvs/pumpwood-airflow-images/lib/python3.6/site-packages/airflow/example_dags/example_xcomargs.py
[2021-06-07 18:43:52,195] {logging_mixin.py:104} INFO - [2021-06-07 18:43:52,195] {dag.py:1832} INFO - Sync 2 DAGs
[2021-06-07 18:43:52,203] {logging_mixin.py:104} INFO - [2021-06-07 18:43:52,203] {dag.py:2305} INFO - Setting next_dagrun for example_xcom_args to None
[2021-06-07 18:43:52,204] {logging_mixin.py:104} INFO - [2021-06-07 18:43:52,204] {dag.py:2305} INFO - Setting next_dagrun for example_xcom_args_with_operators to None
[2021-06-07 18:43:52,210] {scheduler_job.py:190} INFO - Processing /home/encrypted/abaceti/.virtualenvs/pumpwood-airflow-images/lib/python3.6/site-packages/airflow/example_dags/example_xcomargs.py took 0.144 seconds
[2021-06-07 18:44:22,228] {scheduler_job.py:182} INFO - Started process (PID=7355) to work on /home/encrypted/abaceti/.virtualenvs/pumpwood-airflow-images/lib/python3.6/site-packages/airflow/example_dags/example_xcomargs.py
[2021-06-07 18:44:22,228] {scheduler_job.py:633} INFO - Processing file /home/encrypted/abaceti/.virtualenvs/pumpwood-airflow-images/lib/python3.6/site-packages/airflow/example_dags/example_xcomargs.py for tasks to queue
[2021-06-07 18:44:22,229] {logging_mixin.py:104} INFO - [2021-06-07 18:44:22,229] {dagbag.py:487} INFO - Filling up the DagBag from /home/encrypted/abaceti/.virtualenvs/pumpwood-airflow-images/lib/python3.6/site-packages/airflow/example_dags/example_xcomargs.py
[2021-06-07 18:44:22,238] {scheduler_job.py:643} INFO - DAG(s) dict_keys(['example_xcom_args', 'example_xcom_args_with_operators']) retrieved from /home/encrypted/abaceti/.virtualenvs/pumpwood-airflow-images/lib/python3.6/site-packages/airflow/example_dags/example_xcomargs.py
[2021-06-07 18:44:22,352] {logging_mixin.py:104} INFO - [2021-06-07 18:44:22,352] {dag.py:1832} INFO - Sync 2 DAGs
[2021-06-07 18:44:22,359] {logging_mixin.py:104} INFO - [2021-06-07 18:44:22,359] {dag.py:2305} INFO - Setting next_dagrun for example_xcom_args to None
[2021-06-07 18:44:22,360] {logging_mixin.py:104} INFO - [2021-06-07 18:44:22,360] {dag.py:2305} INFO - Setting next_dagrun for example_xcom_args_with_operators to None
[2021-06-07 18:44:22,366] {scheduler_job.py:190} INFO - Processing /home/encrypted/abaceti/.virtualenvs/pumpwood-airflow-images/lib/python3.6/site-packages/airflow/example_dags/example_xcomargs.py took 0.140 seconds
[2021-06-07 18:44:52,375] {scheduler_job.py:182} INFO - Started process (PID=7525) to work on /home/encrypted/abaceti/.virtualenvs/pumpwood-airflow-images/lib/python3.6/site-packages/airflow/example_dags/example_xcomargs.py
[2021-06-07 18:44:52,376] {scheduler_job.py:633} INFO - Processing file /home/encrypted/abaceti/.virtualenvs/pumpwood-airflow-images/lib/python3.6/site-packages/airflow/example_dags/example_xcomargs.py for tasks to queue
[2021-06-07 18:44:52,376] {logging_mixin.py:104} INFO - [2021-06-07 18:44:52,376] {dagbag.py:487} INFO - Filling up the DagBag from /home/encrypted/abaceti/.virtualenvs/pumpwood-airflow-images/lib/python3.6/site-packages/airflow/example_dags/example_xcomargs.py
[2021-06-07 18:44:52,386] {scheduler_job.py:643} INFO - DAG(s) dict_keys(['example_xcom_args', 'example_xcom_args_with_operators']) retrieved from /home/encrypted/abaceti/.virtualenvs/pumpwood-airflow-images/lib/python3.6/site-packages/airflow/example_dags/example_xcomargs.py
[2021-06-07 18:44:52,401] {logging_mixin.py:104} INFO - [2021-06-07 18:44:52,401] {dag.py:1832} INFO - Sync 2 DAGs
[2021-06-07 18:44:52,409] {logging_mixin.py:104} INFO - [2021-06-07 18:44:52,409] {dag.py:2305} INFO - Setting next_dagrun for example_xcom_args to None
[2021-06-07 18:44:52,410] {logging_mixin.py:104} INFO - [2021-06-07 18:44:52,410] {dag.py:2305} INFO - Setting next_dagrun for example_xcom_args_with_operators to None
[2021-06-07 18:44:52,415] {scheduler_job.py:190} INFO - Processing /home/encrypted/abaceti/.virtualenvs/pumpwood-airflow-images/lib/python3.6/site-packages/airflow/example_dags/example_xcomargs.py took 0.041 seconds
[2021-06-07 18:45:23,207] {scheduler_job.py:182} INFO - Started process (PID=7631) to work on /home/encrypted/abaceti/.virtualenvs/pumpwood-airflow-images/lib/python3.6/site-packages/airflow/example_dags/example_xcomargs.py
[2021-06-07 18:45:23,207] {scheduler_job.py:633} INFO - Processing file /home/encrypted/abaceti/.virtualenvs/pumpwood-airflow-images/lib/python3.6/site-packages/airflow/example_dags/example_xcomargs.py for tasks to queue
[2021-06-07 18:45:23,207] {logging_mixin.py:104} INFO - [2021-06-07 18:45:23,207] {dagbag.py:487} INFO - Filling up the DagBag from /home/encrypted/abaceti/.virtualenvs/pumpwood-airflow-images/lib/python3.6/site-packages/airflow/example_dags/example_xcomargs.py
[2021-06-07 18:45:23,217] {scheduler_job.py:643} INFO - DAG(s) dict_keys(['example_xcom_args', 'example_xcom_args_with_operators']) retrieved from /home/encrypted/abaceti/.virtualenvs/pumpwood-airflow-images/lib/python3.6/site-packages/airflow/example_dags/example_xcomargs.py
[2021-06-07 18:45:23,336] {logging_mixin.py:104} INFO - [2021-06-07 18:45:23,336] {dag.py:1832} INFO - Sync 2 DAGs
[2021-06-07 18:45:23,343] {logging_mixin.py:104} INFO - [2021-06-07 18:45:23,343] {dag.py:2305} INFO - Setting next_dagrun for example_xcom_args to None
[2021-06-07 18:45:23,344] {logging_mixin.py:104} INFO - [2021-06-07 18:45:23,344] {dag.py:2305} INFO - Setting next_dagrun for example_xcom_args_with_operators to None
[2021-06-07 18:45:23,350] {scheduler_job.py:190} INFO - Processing /home/encrypted/abaceti/.virtualenvs/pumpwood-airflow-images/lib/python3.6/site-packages/airflow/example_dags/example_xcomargs.py took 0.145 seconds
[2021-06-07 18:45:53,391] {scheduler_job.py:182} INFO - Started process (PID=7805) to work on /home/encrypted/abaceti/.virtualenvs/pumpwood-airflow-images/lib/python3.6/site-packages/airflow/example_dags/example_xcomargs.py
[2021-06-07 18:45:53,392] {scheduler_job.py:633} INFO - Processing file /home/encrypted/abaceti/.virtualenvs/pumpwood-airflow-images/lib/python3.6/site-packages/airflow/example_dags/example_xcomargs.py for tasks to queue
[2021-06-07 18:45:53,392] {logging_mixin.py:104} INFO - [2021-06-07 18:45:53,392] {dagbag.py:487} INFO - Filling up the DagBag from /home/encrypted/abaceti/.virtualenvs/pumpwood-airflow-images/lib/python3.6/site-packages/airflow/example_dags/example_xcomargs.py
[2021-06-07 18:45:53,402] {scheduler_job.py:643} INFO - DAG(s) dict_keys(['example_xcom_args', 'example_xcom_args_with_operators']) retrieved from /home/encrypted/abaceti/.virtualenvs/pumpwood-airflow-images/lib/python3.6/site-packages/airflow/example_dags/example_xcomargs.py
[2021-06-07 18:45:53,512] {logging_mixin.py:104} INFO - [2021-06-07 18:45:53,512] {dag.py:1832} INFO - Sync 2 DAGs
[2021-06-07 18:45:53,519] {logging_mixin.py:104} INFO - [2021-06-07 18:45:53,519] {dag.py:2305} INFO - Setting next_dagrun for example_xcom_args to None
[2021-06-07 18:45:53,520] {logging_mixin.py:104} INFO - [2021-06-07 18:45:53,520] {dag.py:2305} INFO - Setting next_dagrun for example_xcom_args_with_operators to None
[2021-06-07 18:45:53,526] {scheduler_job.py:190} INFO - Processing /home/encrypted/abaceti/.virtualenvs/pumpwood-airflow-images/lib/python3.6/site-packages/airflow/example_dags/example_xcomargs.py took 0.136 seconds
[2021-06-07 18:46:23,595] {scheduler_job.py:182} INFO - Started process (PID=7930) to work on /home/encrypted/abaceti/.virtualenvs/pumpwood-airflow-images/lib/python3.6/site-packages/airflow/example_dags/example_xcomargs.py
[2021-06-07 18:46:23,596] {scheduler_job.py:633} INFO - Processing file /home/encrypted/abaceti/.virtualenvs/pumpwood-airflow-images/lib/python3.6/site-packages/airflow/example_dags/example_xcomargs.py for tasks to queue
[2021-06-07 18:46:23,596] {logging_mixin.py:104} INFO - [2021-06-07 18:46:23,596] {dagbag.py:487} INFO - Filling up the DagBag from /home/encrypted/abaceti/.virtualenvs/pumpwood-airflow-images/lib/python3.6/site-packages/airflow/example_dags/example_xcomargs.py
[2021-06-07 18:46:23,605] {scheduler_job.py:643} INFO - DAG(s) dict_keys(['example_xcom_args', 'example_xcom_args_with_operators']) retrieved from /home/encrypted/abaceti/.virtualenvs/pumpwood-airflow-images/lib/python3.6/site-packages/airflow/example_dags/example_xcomargs.py
[2021-06-07 18:46:23,712] {logging_mixin.py:104} INFO - [2021-06-07 18:46:23,712] {dag.py:1832} INFO - Sync 2 DAGs
[2021-06-07 18:46:23,719] {logging_mixin.py:104} INFO - [2021-06-07 18:46:23,719] {dag.py:2305} INFO - Setting next_dagrun for example_xcom_args to None
[2021-06-07 18:46:23,719] {logging_mixin.py:104} INFO - [2021-06-07 18:46:23,719] {dag.py:2305} INFO - Setting next_dagrun for example_xcom_args_with_operators to None
[2021-06-07 18:46:23,726] {scheduler_job.py:190} INFO - Processing /home/encrypted/abaceti/.virtualenvs/pumpwood-airflow-images/lib/python3.6/site-packages/airflow/example_dags/example_xcomargs.py took 0.133 seconds
[2021-06-07 18:46:53,736] {scheduler_job.py:182} INFO - Started process (PID=8117) to work on /home/encrypted/abaceti/.virtualenvs/pumpwood-airflow-images/lib/python3.6/site-packages/airflow/example_dags/example_xcomargs.py
[2021-06-07 18:46:53,736] {scheduler_job.py:633} INFO - Processing file /home/encrypted/abaceti/.virtualenvs/pumpwood-airflow-images/lib/python3.6/site-packages/airflow/example_dags/example_xcomargs.py for tasks to queue
[2021-06-07 18:46:53,737] {logging_mixin.py:104} INFO - [2021-06-07 18:46:53,737] {dagbag.py:487} INFO - Filling up the DagBag from /home/encrypted/abaceti/.virtualenvs/pumpwood-airflow-images/lib/python3.6/site-packages/airflow/example_dags/example_xcomargs.py
[2021-06-07 18:46:53,747] {scheduler_job.py:643} INFO - DAG(s) dict_keys(['example_xcom_args', 'example_xcom_args_with_operators']) retrieved from /home/encrypted/abaceti/.virtualenvs/pumpwood-airflow-images/lib/python3.6/site-packages/airflow/example_dags/example_xcomargs.py
[2021-06-07 18:46:53,860] {logging_mixin.py:104} INFO - [2021-06-07 18:46:53,860] {dag.py:1832} INFO - Sync 2 DAGs
[2021-06-07 18:46:53,868] {logging_mixin.py:104} INFO - [2021-06-07 18:46:53,868] {dag.py:2305} INFO - Setting next_dagrun for example_xcom_args to None
[2021-06-07 18:46:53,868] {logging_mixin.py:104} INFO - [2021-06-07 18:46:53,868] {dag.py:2305} INFO - Setting next_dagrun for example_xcom_args_with_operators to None
[2021-06-07 18:46:53,875] {scheduler_job.py:190} INFO - Processing /home/encrypted/abaceti/.virtualenvs/pumpwood-airflow-images/lib/python3.6/site-packages/airflow/example_dags/example_xcomargs.py took 0.140 seconds
[2021-06-07 18:47:23,889] {scheduler_job.py:182} INFO - Started process (PID=8250) to work on /home/encrypted/abaceti/.virtualenvs/pumpwood-airflow-images/lib/python3.6/site-packages/airflow/example_dags/example_xcomargs.py
[2021-06-07 18:47:23,890] {scheduler_job.py:633} INFO - Processing file /home/encrypted/abaceti/.virtualenvs/pumpwood-airflow-images/lib/python3.6/site-packages/airflow/example_dags/example_xcomargs.py for tasks to queue
[2021-06-07 18:47:23,890] {logging_mixin.py:104} INFO - [2021-06-07 18:47:23,890] {dagbag.py:487} INFO - Filling up the DagBag from /home/encrypted/abaceti/.virtualenvs/pumpwood-airflow-images/lib/python3.6/site-packages/airflow/example_dags/example_xcomargs.py
[2021-06-07 18:47:23,903] {scheduler_job.py:643} INFO - DAG(s) dict_keys(['example_xcom_args', 'example_xcom_args_with_operators']) retrieved from /home/encrypted/abaceti/.virtualenvs/pumpwood-airflow-images/lib/python3.6/site-packages/airflow/example_dags/example_xcomargs.py
[2021-06-07 18:47:23,922] {logging_mixin.py:104} INFO - [2021-06-07 18:47:23,922] {dag.py:1832} INFO - Sync 2 DAGs
[2021-06-07 18:47:23,931] {logging_mixin.py:104} INFO - [2021-06-07 18:47:23,931] {dag.py:2305} INFO - Setting next_dagrun for example_xcom_args to None
[2021-06-07 18:47:23,931] {logging_mixin.py:104} INFO - [2021-06-07 18:47:23,931] {dag.py:2305} INFO - Setting next_dagrun for example_xcom_args_with_operators to None
[2021-06-07 18:47:23,937] {scheduler_job.py:190} INFO - Processing /home/encrypted/abaceti/.virtualenvs/pumpwood-airflow-images/lib/python3.6/site-packages/airflow/example_dags/example_xcomargs.py took 0.049 seconds
[2021-06-07 18:47:54,037] {scheduler_job.py:182} INFO - Started process (PID=8469) to work on /home/encrypted/abaceti/.virtualenvs/pumpwood-airflow-images/lib/python3.6/site-packages/airflow/example_dags/example_xcomargs.py
[2021-06-07 18:47:54,038] {scheduler_job.py:633} INFO - Processing file /home/encrypted/abaceti/.virtualenvs/pumpwood-airflow-images/lib/python3.6/site-packages/airflow/example_dags/example_xcomargs.py for tasks to queue
[2021-06-07 18:47:54,038] {logging_mixin.py:104} INFO - [2021-06-07 18:47:54,038] {dagbag.py:487} INFO - Filling up the DagBag from /home/encrypted/abaceti/.virtualenvs/pumpwood-airflow-images/lib/python3.6/site-packages/airflow/example_dags/example_xcomargs.py
[2021-06-07 18:47:54,048] {scheduler_job.py:643} INFO - DAG(s) dict_keys(['example_xcom_args', 'example_xcom_args_with_operators']) retrieved from /home/encrypted/abaceti/.virtualenvs/pumpwood-airflow-images/lib/python3.6/site-packages/airflow/example_dags/example_xcomargs.py
[2021-06-07 18:47:54,159] {logging_mixin.py:104} INFO - [2021-06-07 18:47:54,159] {dag.py:1832} INFO - Sync 2 DAGs
[2021-06-07 18:47:54,167] {logging_mixin.py:104} INFO - [2021-06-07 18:47:54,167] {dag.py:2305} INFO - Setting next_dagrun for example_xcom_args to None
[2021-06-07 18:47:54,167] {logging_mixin.py:104} INFO - [2021-06-07 18:47:54,167] {dag.py:2305} INFO - Setting next_dagrun for example_xcom_args_with_operators to None
[2021-06-07 18:47:54,173] {scheduler_job.py:190} INFO - Processing /home/encrypted/abaceti/.virtualenvs/pumpwood-airflow-images/lib/python3.6/site-packages/airflow/example_dags/example_xcomargs.py took 0.137 seconds
[2021-06-07 18:48:24,283] {scheduler_job.py:182} INFO - Started process (PID=8687) to work on /home/encrypted/abaceti/.virtualenvs/pumpwood-airflow-images/lib/python3.6/site-packages/airflow/example_dags/example_xcomargs.py
[2021-06-07 18:48:24,284] {scheduler_job.py:633} INFO - Processing file /home/encrypted/abaceti/.virtualenvs/pumpwood-airflow-images/lib/python3.6/site-packages/airflow/example_dags/example_xcomargs.py for tasks to queue
[2021-06-07 18:48:24,284] {logging_mixin.py:104} INFO - [2021-06-07 18:48:24,284] {dagbag.py:487} INFO - Filling up the DagBag from /home/encrypted/abaceti/.virtualenvs/pumpwood-airflow-images/lib/python3.6/site-packages/airflow/example_dags/example_xcomargs.py
[2021-06-07 18:48:24,295] {scheduler_job.py:643} INFO - DAG(s) dict_keys(['example_xcom_args', 'example_xcom_args_with_operators']) retrieved from /home/encrypted/abaceti/.virtualenvs/pumpwood-airflow-images/lib/python3.6/site-packages/airflow/example_dags/example_xcomargs.py
[2021-06-07 18:48:24,419] {logging_mixin.py:104} INFO - [2021-06-07 18:48:24,419] {dag.py:1832} INFO - Sync 2 DAGs
[2021-06-07 18:48:24,427] {logging_mixin.py:104} INFO - [2021-06-07 18:48:24,427] {dag.py:2305} INFO - Setting next_dagrun for example_xcom_args to None
[2021-06-07 18:48:24,428] {logging_mixin.py:104} INFO - [2021-06-07 18:48:24,428] {dag.py:2305} INFO - Setting next_dagrun for example_xcom_args_with_operators to None
[2021-06-07 18:48:24,434] {scheduler_job.py:190} INFO - Processing /home/encrypted/abaceti/.virtualenvs/pumpwood-airflow-images/lib/python3.6/site-packages/airflow/example_dags/example_xcomargs.py took 0.152 seconds
[2021-06-07 18:48:49,416] {scheduler_job.py:182} INFO - Started process (PID=8867) to work on /home/encrypted/abaceti/.virtualenvs/pumpwood-airflow-images/lib/python3.6/site-packages/airflow/example_dags/example_xcomargs.py
[2021-06-07 18:48:49,416] {scheduler_job.py:633} INFO - Processing file /home/encrypted/abaceti/.virtualenvs/pumpwood-airflow-images/lib/python3.6/site-packages/airflow/example_dags/example_xcomargs.py for tasks to queue
[2021-06-07 18:48:49,417] {logging_mixin.py:104} INFO - [2021-06-07 18:48:49,416] {dagbag.py:487} INFO - Filling up the DagBag from /home/encrypted/abaceti/.virtualenvs/pumpwood-airflow-images/lib/python3.6/site-packages/airflow/example_dags/example_xcomargs.py
[2021-06-07 18:48:49,426] {scheduler_job.py:643} INFO - DAG(s) dict_keys(['example_xcom_args', 'example_xcom_args_with_operators']) retrieved from /home/encrypted/abaceti/.virtualenvs/pumpwood-airflow-images/lib/python3.6/site-packages/airflow/example_dags/example_xcomargs.py
[2021-06-07 18:48:49,441] {logging_mixin.py:104} INFO - [2021-06-07 18:48:49,441] {dag.py:1832} INFO - Sync 2 DAGs
[2021-06-07 18:48:49,450] {logging_mixin.py:104} INFO - [2021-06-07 18:48:49,450] {dag.py:2305} INFO - Setting next_dagrun for example_xcom_args to None
[2021-06-07 18:48:49,451] {logging_mixin.py:104} INFO - [2021-06-07 18:48:49,451] {dag.py:2305} INFO - Setting next_dagrun for example_xcom_args_with_operators to None
[2021-06-07 18:48:49,457] {scheduler_job.py:190} INFO - Processing /home/encrypted/abaceti/.virtualenvs/pumpwood-airflow-images/lib/python3.6/site-packages/airflow/example_dags/example_xcomargs.py took 0.042 seconds
[2021-06-07 18:49:20,362] {scheduler_job.py:182} INFO - Started process (PID=8990) to work on /home/encrypted/abaceti/.virtualenvs/pumpwood-airflow-images/lib/python3.6/site-packages/airflow/example_dags/example_xcomargs.py
[2021-06-07 18:49:20,363] {scheduler_job.py:633} INFO - Processing file /home/encrypted/abaceti/.virtualenvs/pumpwood-airflow-images/lib/python3.6/site-packages/airflow/example_dags/example_xcomargs.py for tasks to queue
[2021-06-07 18:49:20,363] {logging_mixin.py:104} INFO - [2021-06-07 18:49:20,363] {dagbag.py:487} INFO - Filling up the DagBag from /home/encrypted/abaceti/.virtualenvs/pumpwood-airflow-images/lib/python3.6/site-packages/airflow/example_dags/example_xcomargs.py
[2021-06-07 18:49:20,373] {scheduler_job.py:643} INFO - DAG(s) dict_keys(['example_xcom_args', 'example_xcom_args_with_operators']) retrieved from /home/encrypted/abaceti/.virtualenvs/pumpwood-airflow-images/lib/python3.6/site-packages/airflow/example_dags/example_xcomargs.py
[2021-06-07 18:49:20,483] {logging_mixin.py:104} INFO - [2021-06-07 18:49:20,483] {dag.py:1832} INFO - Sync 2 DAGs
[2021-06-07 18:49:20,490] {logging_mixin.py:104} INFO - [2021-06-07 18:49:20,490] {dag.py:2305} INFO - Setting next_dagrun for example_xcom_args to None
[2021-06-07 18:49:20,491] {logging_mixin.py:104} INFO - [2021-06-07 18:49:20,491] {dag.py:2305} INFO - Setting next_dagrun for example_xcom_args_with_operators to None
[2021-06-07 18:49:20,498] {scheduler_job.py:190} INFO - Processing /home/encrypted/abaceti/.virtualenvs/pumpwood-airflow-images/lib/python3.6/site-packages/airflow/example_dags/example_xcomargs.py took 0.138 seconds
[2021-06-07 18:49:50,522] {scheduler_job.py:182} INFO - Started process (PID=9169) to work on /home/encrypted/abaceti/.virtualenvs/pumpwood-airflow-images/lib/python3.6/site-packages/airflow/example_dags/example_xcomargs.py
[2021-06-07 18:49:50,522] {scheduler_job.py:633} INFO - Processing file /home/encrypted/abaceti/.virtualenvs/pumpwood-airflow-images/lib/python3.6/site-packages/airflow/example_dags/example_xcomargs.py for tasks to queue
[2021-06-07 18:49:50,523] {logging_mixin.py:104} INFO - [2021-06-07 18:49:50,523] {dagbag.py:487} INFO - Filling up the DagBag from /home/encrypted/abaceti/.virtualenvs/pumpwood-airflow-images/lib/python3.6/site-packages/airflow/example_dags/example_xcomargs.py
[2021-06-07 18:49:50,532] {scheduler_job.py:643} INFO - DAG(s) dict_keys(['example_xcom_args', 'example_xcom_args_with_operators']) retrieved from /home/encrypted/abaceti/.virtualenvs/pumpwood-airflow-images/lib/python3.6/site-packages/airflow/example_dags/example_xcomargs.py
[2021-06-07 18:49:50,645] {logging_mixin.py:104} INFO - [2021-06-07 18:49:50,645] {dag.py:1832} INFO - Sync 2 DAGs
[2021-06-07 18:49:50,653] {logging_mixin.py:104} INFO - [2021-06-07 18:49:50,653] {dag.py:2305} INFO - Setting next_dagrun for example_xcom_args to None
[2021-06-07 18:49:50,653] {logging_mixin.py:104} INFO - [2021-06-07 18:49:50,653] {dag.py:2305} INFO - Setting next_dagrun for example_xcom_args_with_operators to None
[2021-06-07 18:49:50,661] {scheduler_job.py:190} INFO - Processing /home/encrypted/abaceti/.virtualenvs/pumpwood-airflow-images/lib/python3.6/site-packages/airflow/example_dags/example_xcomargs.py took 0.140 seconds
[2021-06-07 18:50:20,899] {scheduler_job.py:182} INFO - Started process (PID=9410) to work on /home/encrypted/abaceti/.virtualenvs/pumpwood-airflow-images/lib/python3.6/site-packages/airflow/example_dags/example_xcomargs.py
[2021-06-07 18:50:20,899] {scheduler_job.py:633} INFO - Processing file /home/encrypted/abaceti/.virtualenvs/pumpwood-airflow-images/lib/python3.6/site-packages/airflow/example_dags/example_xcomargs.py for tasks to queue
[2021-06-07 18:50:20,900] {logging_mixin.py:104} INFO - [2021-06-07 18:50:20,900] {dagbag.py:487} INFO - Filling up the DagBag from /home/encrypted/abaceti/.virtualenvs/pumpwood-airflow-images/lib/python3.6/site-packages/airflow/example_dags/example_xcomargs.py
[2021-06-07 18:50:20,909] {scheduler_job.py:643} INFO - DAG(s) dict_keys(['example_xcom_args', 'example_xcom_args_with_operators']) retrieved from /home/encrypted/abaceti/.virtualenvs/pumpwood-airflow-images/lib/python3.6/site-packages/airflow/example_dags/example_xcomargs.py
[2021-06-07 18:50:21,020] {logging_mixin.py:104} INFO - [2021-06-07 18:50:21,020] {dag.py:1832} INFO - Sync 2 DAGs
[2021-06-07 18:50:21,027] {logging_mixin.py:104} INFO - [2021-06-07 18:50:21,027] {dag.py:2305} INFO - Setting next_dagrun for example_xcom_args to None
[2021-06-07 18:50:21,028] {logging_mixin.py:104} INFO - [2021-06-07 18:50:21,028] {dag.py:2305} INFO - Setting next_dagrun for example_xcom_args_with_operators to None
[2021-06-07 18:50:21,034] {scheduler_job.py:190} INFO - Processing /home/encrypted/abaceti/.virtualenvs/pumpwood-airflow-images/lib/python3.6/site-packages/airflow/example_dags/example_xcomargs.py took 0.137 seconds
[2021-06-07 18:50:51,124] {scheduler_job.py:182} INFO - Started process (PID=9569) to work on /home/encrypted/abaceti/.virtualenvs/pumpwood-airflow-images/lib/python3.6/site-packages/airflow/example_dags/example_xcomargs.py
[2021-06-07 18:50:51,124] {scheduler_job.py:633} INFO - Processing file /home/encrypted/abaceti/.virtualenvs/pumpwood-airflow-images/lib/python3.6/site-packages/airflow/example_dags/example_xcomargs.py for tasks to queue
[2021-06-07 18:50:51,125] {logging_mixin.py:104} INFO - [2021-06-07 18:50:51,125] {dagbag.py:487} INFO - Filling up the DagBag from /home/encrypted/abaceti/.virtualenvs/pumpwood-airflow-images/lib/python3.6/site-packages/airflow/example_dags/example_xcomargs.py
[2021-06-07 18:50:51,135] {scheduler_job.py:643} INFO - DAG(s) dict_keys(['example_xcom_args', 'example_xcom_args_with_operators']) retrieved from /home/encrypted/abaceti/.virtualenvs/pumpwood-airflow-images/lib/python3.6/site-packages/airflow/example_dags/example_xcomargs.py
[2021-06-07 18:50:51,245] {logging_mixin.py:104} INFO - [2021-06-07 18:50:51,245] {dag.py:1832} INFO - Sync 2 DAGs
[2021-06-07 18:50:51,254] {logging_mixin.py:104} INFO - [2021-06-07 18:50:51,254] {dag.py:2305} INFO - Setting next_dagrun for example_xcom_args to None
[2021-06-07 18:50:51,254] {logging_mixin.py:104} INFO - [2021-06-07 18:50:51,254] {dag.py:2305} INFO - Setting next_dagrun for example_xcom_args_with_operators to None
[2021-06-07 18:50:51,261] {scheduler_job.py:190} INFO - Processing /home/encrypted/abaceti/.virtualenvs/pumpwood-airflow-images/lib/python3.6/site-packages/airflow/example_dags/example_xcomargs.py took 0.138 seconds
[2021-06-07 18:51:21,301] {scheduler_job.py:182} INFO - Started process (PID=9686) to work on /home/encrypted/abaceti/.virtualenvs/pumpwood-airflow-images/lib/python3.6/site-packages/airflow/example_dags/example_xcomargs.py
[2021-06-07 18:51:21,301] {scheduler_job.py:633} INFO - Processing file /home/encrypted/abaceti/.virtualenvs/pumpwood-airflow-images/lib/python3.6/site-packages/airflow/example_dags/example_xcomargs.py for tasks to queue
[2021-06-07 18:51:21,302] {logging_mixin.py:104} INFO - [2021-06-07 18:51:21,302] {dagbag.py:487} INFO - Filling up the DagBag from /home/encrypted/abaceti/.virtualenvs/pumpwood-airflow-images/lib/python3.6/site-packages/airflow/example_dags/example_xcomargs.py
[2021-06-07 18:51:21,311] {scheduler_job.py:643} INFO - DAG(s) dict_keys(['example_xcom_args', 'example_xcom_args_with_operators']) retrieved from /home/encrypted/abaceti/.virtualenvs/pumpwood-airflow-images/lib/python3.6/site-packages/airflow/example_dags/example_xcomargs.py
[2021-06-07 18:51:21,425] {logging_mixin.py:104} INFO - [2021-06-07 18:51:21,425] {dag.py:1832} INFO - Sync 2 DAGs
[2021-06-07 18:51:21,433] {logging_mixin.py:104} INFO - [2021-06-07 18:51:21,433] {dag.py:2305} INFO - Setting next_dagrun for example_xcom_args to None
[2021-06-07 18:51:21,433] {logging_mixin.py:104} INFO - [2021-06-07 18:51:21,433] {dag.py:2305} INFO - Setting next_dagrun for example_xcom_args_with_operators to None
[2021-06-07 18:51:21,440] {scheduler_job.py:190} INFO - Processing /home/encrypted/abaceti/.virtualenvs/pumpwood-airflow-images/lib/python3.6/site-packages/airflow/example_dags/example_xcomargs.py took 0.141 seconds
[2021-06-07 18:51:51,495] {scheduler_job.py:182} INFO - Started process (PID=9856) to work on /home/encrypted/abaceti/.virtualenvs/pumpwood-airflow-images/lib/python3.6/site-packages/airflow/example_dags/example_xcomargs.py
[2021-06-07 18:51:51,496] {scheduler_job.py:633} INFO - Processing file /home/encrypted/abaceti/.virtualenvs/pumpwood-airflow-images/lib/python3.6/site-packages/airflow/example_dags/example_xcomargs.py for tasks to queue
[2021-06-07 18:51:51,496] {logging_mixin.py:104} INFO - [2021-06-07 18:51:51,496] {dagbag.py:487} INFO - Filling up the DagBag from /home/encrypted/abaceti/.virtualenvs/pumpwood-airflow-images/lib/python3.6/site-packages/airflow/example_dags/example_xcomargs.py
[2021-06-07 18:51:51,505] {scheduler_job.py:643} INFO - DAG(s) dict_keys(['example_xcom_args', 'example_xcom_args_with_operators']) retrieved from /home/encrypted/abaceti/.virtualenvs/pumpwood-airflow-images/lib/python3.6/site-packages/airflow/example_dags/example_xcomargs.py
[2021-06-07 18:51:51,620] {logging_mixin.py:104} INFO - [2021-06-07 18:51:51,620] {dag.py:1832} INFO - Sync 2 DAGs
[2021-06-07 18:51:51,630] {logging_mixin.py:104} INFO - [2021-06-07 18:51:51,630] {dag.py:2305} INFO - Setting next_dagrun for example_xcom_args to None
[2021-06-07 18:51:51,630] {logging_mixin.py:104} INFO - [2021-06-07 18:51:51,630] {dag.py:2305} INFO - Setting next_dagrun for example_xcom_args_with_operators to None
[2021-06-07 18:51:51,636] {scheduler_job.py:190} INFO - Processing /home/encrypted/abaceti/.virtualenvs/pumpwood-airflow-images/lib/python3.6/site-packages/airflow/example_dags/example_xcomargs.py took 0.142 seconds
[2021-06-07 18:52:21,663] {scheduler_job.py:182} INFO - Started process (PID=9972) to work on /home/encrypted/abaceti/.virtualenvs/pumpwood-airflow-images/lib/python3.6/site-packages/airflow/example_dags/example_xcomargs.py
[2021-06-07 18:52:21,664] {scheduler_job.py:633} INFO - Processing file /home/encrypted/abaceti/.virtualenvs/pumpwood-airflow-images/lib/python3.6/site-packages/airflow/example_dags/example_xcomargs.py for tasks to queue
[2021-06-07 18:52:21,664] {logging_mixin.py:104} INFO - [2021-06-07 18:52:21,664] {dagbag.py:487} INFO - Filling up the DagBag from /home/encrypted/abaceti/.virtualenvs/pumpwood-airflow-images/lib/python3.6/site-packages/airflow/example_dags/example_xcomargs.py
[2021-06-07 18:52:21,674] {scheduler_job.py:643} INFO - DAG(s) dict_keys(['example_xcom_args', 'example_xcom_args_with_operators']) retrieved from /home/encrypted/abaceti/.virtualenvs/pumpwood-airflow-images/lib/python3.6/site-packages/airflow/example_dags/example_xcomargs.py
[2021-06-07 18:52:21,786] {logging_mixin.py:104} INFO - [2021-06-07 18:52:21,786] {dag.py:1832} INFO - Sync 2 DAGs
[2021-06-07 18:52:21,794] {logging_mixin.py:104} INFO - [2021-06-07 18:52:21,793] {dag.py:2305} INFO - Setting next_dagrun for example_xcom_args to None
[2021-06-07 18:52:21,794] {logging_mixin.py:104} INFO - [2021-06-07 18:52:21,794] {dag.py:2305} INFO - Setting next_dagrun for example_xcom_args_with_operators to None
[2021-06-07 18:52:21,800] {scheduler_job.py:190} INFO - Processing /home/encrypted/abaceti/.virtualenvs/pumpwood-airflow-images/lib/python3.6/site-packages/airflow/example_dags/example_xcomargs.py took 0.138 seconds
[2021-06-07 18:52:52,788] {scheduler_job.py:182} INFO - Started process (PID=10783) to work on /home/encrypted/abaceti/.virtualenvs/pumpwood-airflow-images/lib/python3.6/site-packages/airflow/example_dags/example_xcomargs.py
[2021-06-07 18:52:52,789] {scheduler_job.py:633} INFO - Processing file /home/encrypted/abaceti/.virtualenvs/pumpwood-airflow-images/lib/python3.6/site-packages/airflow/example_dags/example_xcomargs.py for tasks to queue
[2021-06-07 18:52:52,789] {logging_mixin.py:104} INFO - [2021-06-07 18:52:52,789] {dagbag.py:487} INFO - Filling up the DagBag from /home/encrypted/abaceti/.virtualenvs/pumpwood-airflow-images/lib/python3.6/site-packages/airflow/example_dags/example_xcomargs.py
[2021-06-07 18:52:52,800] {scheduler_job.py:643} INFO - DAG(s) dict_keys(['example_xcom_args', 'example_xcom_args_with_operators']) retrieved from /home/encrypted/abaceti/.virtualenvs/pumpwood-airflow-images/lib/python3.6/site-packages/airflow/example_dags/example_xcomargs.py
[2021-06-07 18:52:52,910] {logging_mixin.py:104} INFO - [2021-06-07 18:52:52,910] {dag.py:1832} INFO - Sync 2 DAGs
[2021-06-07 18:52:52,918] {logging_mixin.py:104} INFO - [2021-06-07 18:52:52,918] {dag.py:2305} INFO - Setting next_dagrun for example_xcom_args to None
[2021-06-07 18:52:52,918] {logging_mixin.py:104} INFO - [2021-06-07 18:52:52,918] {dag.py:2305} INFO - Setting next_dagrun for example_xcom_args_with_operators to None
[2021-06-07 18:52:52,926] {scheduler_job.py:190} INFO - Processing /home/encrypted/abaceti/.virtualenvs/pumpwood-airflow-images/lib/python3.6/site-packages/airflow/example_dags/example_xcomargs.py took 0.139 seconds
[2021-06-07 18:53:22,967] {scheduler_job.py:182} INFO - Started process (PID=11107) to work on /home/encrypted/abaceti/.virtualenvs/pumpwood-airflow-images/lib/python3.6/site-packages/airflow/example_dags/example_xcomargs.py
[2021-06-07 18:53:22,968] {scheduler_job.py:633} INFO - Processing file /home/encrypted/abaceti/.virtualenvs/pumpwood-airflow-images/lib/python3.6/site-packages/airflow/example_dags/example_xcomargs.py for tasks to queue
[2021-06-07 18:53:22,968] {logging_mixin.py:104} INFO - [2021-06-07 18:53:22,968] {dagbag.py:487} INFO - Filling up the DagBag from /home/encrypted/abaceti/.virtualenvs/pumpwood-airflow-images/lib/python3.6/site-packages/airflow/example_dags/example_xcomargs.py
[2021-06-07 18:53:22,978] {scheduler_job.py:643} INFO - DAG(s) dict_keys(['example_xcom_args', 'example_xcom_args_with_operators']) retrieved from /home/encrypted/abaceti/.virtualenvs/pumpwood-airflow-images/lib/python3.6/site-packages/airflow/example_dags/example_xcomargs.py
[2021-06-07 18:53:23,089] {logging_mixin.py:104} INFO - [2021-06-07 18:53:23,089] {dag.py:1832} INFO - Sync 2 DAGs
[2021-06-07 18:53:23,098] {logging_mixin.py:104} INFO - [2021-06-07 18:53:23,097] {dag.py:2305} INFO - Setting next_dagrun for example_xcom_args to None
[2021-06-07 18:53:23,098] {logging_mixin.py:104} INFO - [2021-06-07 18:53:23,098] {dag.py:2305} INFO - Setting next_dagrun for example_xcom_args_with_operators to None
[2021-06-07 18:53:23,105] {scheduler_job.py:190} INFO - Processing /home/encrypted/abaceti/.virtualenvs/pumpwood-airflow-images/lib/python3.6/site-packages/airflow/example_dags/example_xcomargs.py took 0.141 seconds
[2021-06-07 18:53:53,231] {scheduler_job.py:182} INFO - Started process (PID=11491) to work on /home/encrypted/abaceti/.virtualenvs/pumpwood-airflow-images/lib/python3.6/site-packages/airflow/example_dags/example_xcomargs.py
[2021-06-07 18:53:53,231] {scheduler_job.py:633} INFO - Processing file /home/encrypted/abaceti/.virtualenvs/pumpwood-airflow-images/lib/python3.6/site-packages/airflow/example_dags/example_xcomargs.py for tasks to queue
[2021-06-07 18:53:53,231] {logging_mixin.py:104} INFO - [2021-06-07 18:53:53,231] {dagbag.py:487} INFO - Filling up the DagBag from /home/encrypted/abaceti/.virtualenvs/pumpwood-airflow-images/lib/python3.6/site-packages/airflow/example_dags/example_xcomargs.py
[2021-06-07 18:53:53,242] {scheduler_job.py:643} INFO - DAG(s) dict_keys(['example_xcom_args', 'example_xcom_args_with_operators']) retrieved from /home/encrypted/abaceti/.virtualenvs/pumpwood-airflow-images/lib/python3.6/site-packages/airflow/example_dags/example_xcomargs.py
[2021-06-07 18:53:53,359] {logging_mixin.py:104} INFO - [2021-06-07 18:53:53,358] {dag.py:1832} INFO - Sync 2 DAGs
[2021-06-07 18:53:53,366] {logging_mixin.py:104} INFO - [2021-06-07 18:53:53,366] {dag.py:2305} INFO - Setting next_dagrun for example_xcom_args to None
[2021-06-07 18:53:53,367] {logging_mixin.py:104} INFO - [2021-06-07 18:53:53,367] {dag.py:2305} INFO - Setting next_dagrun for example_xcom_args_with_operators to None
[2021-06-07 18:53:53,374] {scheduler_job.py:190} INFO - Processing /home/encrypted/abaceti/.virtualenvs/pumpwood-airflow-images/lib/python3.6/site-packages/airflow/example_dags/example_xcomargs.py took 0.145 seconds
[2021-06-07 18:54:24,344] {scheduler_job.py:182} INFO - Started process (PID=11905) to work on /home/encrypted/abaceti/.virtualenvs/pumpwood-airflow-images/lib/python3.6/site-packages/airflow/example_dags/example_xcomargs.py
[2021-06-07 18:54:24,345] {scheduler_job.py:633} INFO - Processing file /home/encrypted/abaceti/.virtualenvs/pumpwood-airflow-images/lib/python3.6/site-packages/airflow/example_dags/example_xcomargs.py for tasks to queue
[2021-06-07 18:54:24,345] {logging_mixin.py:104} INFO - [2021-06-07 18:54:24,345] {dagbag.py:487} INFO - Filling up the DagBag from /home/encrypted/abaceti/.virtualenvs/pumpwood-airflow-images/lib/python3.6/site-packages/airflow/example_dags/example_xcomargs.py
[2021-06-07 18:54:24,359] {scheduler_job.py:643} INFO - DAG(s) dict_keys(['example_xcom_args', 'example_xcom_args_with_operators']) retrieved from /home/encrypted/abaceti/.virtualenvs/pumpwood-airflow-images/lib/python3.6/site-packages/airflow/example_dags/example_xcomargs.py
[2021-06-07 18:54:24,467] {logging_mixin.py:104} INFO - [2021-06-07 18:54:24,467] {dag.py:1832} INFO - Sync 2 DAGs
[2021-06-07 18:54:24,475] {logging_mixin.py:104} INFO - [2021-06-07 18:54:24,475] {dag.py:2305} INFO - Setting next_dagrun for example_xcom_args to None
[2021-06-07 18:54:24,476] {logging_mixin.py:104} INFO - [2021-06-07 18:54:24,476] {dag.py:2305} INFO - Setting next_dagrun for example_xcom_args_with_operators to None
[2021-06-07 18:54:24,482] {scheduler_job.py:190} INFO - Processing /home/encrypted/abaceti/.virtualenvs/pumpwood-airflow-images/lib/python3.6/site-packages/airflow/example_dags/example_xcomargs.py took 0.142 seconds
[2021-06-07 18:54:54,510] {scheduler_job.py:182} INFO - Started process (PID=12117) to work on /home/encrypted/abaceti/.virtualenvs/pumpwood-airflow-images/lib/python3.6/site-packages/airflow/example_dags/example_xcomargs.py
[2021-06-07 18:54:54,510] {scheduler_job.py:633} INFO - Processing file /home/encrypted/abaceti/.virtualenvs/pumpwood-airflow-images/lib/python3.6/site-packages/airflow/example_dags/example_xcomargs.py for tasks to queue
[2021-06-07 18:54:54,510] {logging_mixin.py:104} INFO - [2021-06-07 18:54:54,510] {dagbag.py:487} INFO - Filling up the DagBag from /home/encrypted/abaceti/.virtualenvs/pumpwood-airflow-images/lib/python3.6/site-packages/airflow/example_dags/example_xcomargs.py
[2021-06-07 18:54:54,519] {scheduler_job.py:643} INFO - DAG(s) dict_keys(['example_xcom_args', 'example_xcom_args_with_operators']) retrieved from /home/encrypted/abaceti/.virtualenvs/pumpwood-airflow-images/lib/python3.6/site-packages/airflow/example_dags/example_xcomargs.py
[2021-06-07 18:54:54,625] {logging_mixin.py:104} INFO - [2021-06-07 18:54:54,625] {dag.py:1832} INFO - Sync 2 DAGs
[2021-06-07 18:54:54,633] {logging_mixin.py:104} INFO - [2021-06-07 18:54:54,633] {dag.py:2305} INFO - Setting next_dagrun for example_xcom_args to None
[2021-06-07 18:54:54,633] {logging_mixin.py:104} INFO - [2021-06-07 18:54:54,633] {dag.py:2305} INFO - Setting next_dagrun for example_xcom_args_with_operators to None
[2021-06-07 18:54:54,642] {scheduler_job.py:190} INFO - Processing /home/encrypted/abaceti/.virtualenvs/pumpwood-airflow-images/lib/python3.6/site-packages/airflow/example_dags/example_xcomargs.py took 0.134 seconds
[2021-06-07 18:55:24,676] {scheduler_job.py:182} INFO - Started process (PID=12292) to work on /home/encrypted/abaceti/.virtualenvs/pumpwood-airflow-images/lib/python3.6/site-packages/airflow/example_dags/example_xcomargs.py
[2021-06-07 18:55:24,676] {scheduler_job.py:633} INFO - Processing file /home/encrypted/abaceti/.virtualenvs/pumpwood-airflow-images/lib/python3.6/site-packages/airflow/example_dags/example_xcomargs.py for tasks to queue
[2021-06-07 18:55:24,676] {logging_mixin.py:104} INFO - [2021-06-07 18:55:24,676] {dagbag.py:487} INFO - Filling up the DagBag from /home/encrypted/abaceti/.virtualenvs/pumpwood-airflow-images/lib/python3.6/site-packages/airflow/example_dags/example_xcomargs.py
[2021-06-07 18:55:24,686] {scheduler_job.py:643} INFO - DAG(s) dict_keys(['example_xcom_args', 'example_xcom_args_with_operators']) retrieved from /home/encrypted/abaceti/.virtualenvs/pumpwood-airflow-images/lib/python3.6/site-packages/airflow/example_dags/example_xcomargs.py
[2021-06-07 18:55:24,801] {logging_mixin.py:104} INFO - [2021-06-07 18:55:24,801] {dag.py:1832} INFO - Sync 2 DAGs
[2021-06-07 18:55:24,809] {logging_mixin.py:104} INFO - [2021-06-07 18:55:24,809] {dag.py:2305} INFO - Setting next_dagrun for example_xcom_args to None
[2021-06-07 18:55:24,809] {logging_mixin.py:104} INFO - [2021-06-07 18:55:24,809] {dag.py:2305} INFO - Setting next_dagrun for example_xcom_args_with_operators to None
[2021-06-07 18:55:24,816] {scheduler_job.py:190} INFO - Processing /home/encrypted/abaceti/.virtualenvs/pumpwood-airflow-images/lib/python3.6/site-packages/airflow/example_dags/example_xcomargs.py took 0.142 seconds
[2021-06-07 18:55:54,838] {scheduler_job.py:182} INFO - Started process (PID=12514) to work on /home/encrypted/abaceti/.virtualenvs/pumpwood-airflow-images/lib/python3.6/site-packages/airflow/example_dags/example_xcomargs.py
[2021-06-07 18:55:54,839] {scheduler_job.py:633} INFO - Processing file /home/encrypted/abaceti/.virtualenvs/pumpwood-airflow-images/lib/python3.6/site-packages/airflow/example_dags/example_xcomargs.py for tasks to queue
[2021-06-07 18:55:54,840] {logging_mixin.py:104} INFO - [2021-06-07 18:55:54,839] {dagbag.py:487} INFO - Filling up the DagBag from /home/encrypted/abaceti/.virtualenvs/pumpwood-airflow-images/lib/python3.6/site-packages/airflow/example_dags/example_xcomargs.py
[2021-06-07 18:55:54,850] {scheduler_job.py:643} INFO - DAG(s) dict_keys(['example_xcom_args', 'example_xcom_args_with_operators']) retrieved from /home/encrypted/abaceti/.virtualenvs/pumpwood-airflow-images/lib/python3.6/site-packages/airflow/example_dags/example_xcomargs.py
[2021-06-07 18:55:54,957] {logging_mixin.py:104} INFO - [2021-06-07 18:55:54,957] {dag.py:1832} INFO - Sync 2 DAGs
[2021-06-07 18:55:54,967] {logging_mixin.py:104} INFO - [2021-06-07 18:55:54,967] {dag.py:2305} INFO - Setting next_dagrun for example_xcom_args to None
[2021-06-07 18:55:54,968] {logging_mixin.py:104} INFO - [2021-06-07 18:55:54,968] {dag.py:2305} INFO - Setting next_dagrun for example_xcom_args_with_operators to None
[2021-06-07 18:55:54,975] {scheduler_job.py:190} INFO - Processing /home/encrypted/abaceti/.virtualenvs/pumpwood-airflow-images/lib/python3.6/site-packages/airflow/example_dags/example_xcomargs.py took 0.139 seconds
[2021-06-07 18:56:25,004] {scheduler_job.py:182} INFO - Started process (PID=12698) to work on /home/encrypted/abaceti/.virtualenvs/pumpwood-airflow-images/lib/python3.6/site-packages/airflow/example_dags/example_xcomargs.py
[2021-06-07 18:56:25,004] {scheduler_job.py:633} INFO - Processing file /home/encrypted/abaceti/.virtualenvs/pumpwood-airflow-images/lib/python3.6/site-packages/airflow/example_dags/example_xcomargs.py for tasks to queue
[2021-06-07 18:56:25,004] {logging_mixin.py:104} INFO - [2021-06-07 18:56:25,004] {dagbag.py:487} INFO - Filling up the DagBag from /home/encrypted/abaceti/.virtualenvs/pumpwood-airflow-images/lib/python3.6/site-packages/airflow/example_dags/example_xcomargs.py
[2021-06-07 18:56:25,014] {scheduler_job.py:643} INFO - DAG(s) dict_keys(['example_xcom_args', 'example_xcom_args_with_operators']) retrieved from /home/encrypted/abaceti/.virtualenvs/pumpwood-airflow-images/lib/python3.6/site-packages/airflow/example_dags/example_xcomargs.py
[2021-06-07 18:56:25,121] {logging_mixin.py:104} INFO - [2021-06-07 18:56:25,121] {dag.py:1832} INFO - Sync 2 DAGs
[2021-06-07 18:56:25,129] {logging_mixin.py:104} INFO - [2021-06-07 18:56:25,129] {dag.py:2305} INFO - Setting next_dagrun for example_xcom_args to None
[2021-06-07 18:56:25,129] {logging_mixin.py:104} INFO - [2021-06-07 18:56:25,129] {dag.py:2305} INFO - Setting next_dagrun for example_xcom_args_with_operators to None
[2021-06-07 18:56:25,136] {scheduler_job.py:190} INFO - Processing /home/encrypted/abaceti/.virtualenvs/pumpwood-airflow-images/lib/python3.6/site-packages/airflow/example_dags/example_xcomargs.py took 0.134 seconds
[2021-06-07 18:56:56,148] {scheduler_job.py:182} INFO - Started process (PID=12921) to work on /home/encrypted/abaceti/.virtualenvs/pumpwood-airflow-images/lib/python3.6/site-packages/airflow/example_dags/example_xcomargs.py
[2021-06-07 18:56:56,150] {scheduler_job.py:633} INFO - Processing file /home/encrypted/abaceti/.virtualenvs/pumpwood-airflow-images/lib/python3.6/site-packages/airflow/example_dags/example_xcomargs.py for tasks to queue
[2021-06-07 18:56:56,151] {logging_mixin.py:104} INFO - [2021-06-07 18:56:56,151] {dagbag.py:487} INFO - Filling up the DagBag from /home/encrypted/abaceti/.virtualenvs/pumpwood-airflow-images/lib/python3.6/site-packages/airflow/example_dags/example_xcomargs.py
[2021-06-07 18:56:56,180] {scheduler_job.py:643} INFO - DAG(s) dict_keys(['example_xcom_args', 'example_xcom_args_with_operators']) retrieved from /home/encrypted/abaceti/.virtualenvs/pumpwood-airflow-images/lib/python3.6/site-packages/airflow/example_dags/example_xcomargs.py
[2021-06-07 18:56:56,200] {logging_mixin.py:104} INFO - [2021-06-07 18:56:56,200] {dag.py:1832} INFO - Sync 2 DAGs
[2021-06-07 18:56:56,210] {logging_mixin.py:104} INFO - [2021-06-07 18:56:56,210] {dag.py:2305} INFO - Setting next_dagrun for example_xcom_args to None
[2021-06-07 18:56:56,210] {logging_mixin.py:104} INFO - [2021-06-07 18:56:56,210] {dag.py:2305} INFO - Setting next_dagrun for example_xcom_args_with_operators to None
[2021-06-07 18:56:56,218] {scheduler_job.py:190} INFO - Processing /home/encrypted/abaceti/.virtualenvs/pumpwood-airflow-images/lib/python3.6/site-packages/airflow/example_dags/example_xcomargs.py took 0.076 seconds
[2021-06-07 18:57:27,074] {scheduler_job.py:182} INFO - Started process (PID=13036) to work on /home/encrypted/abaceti/.virtualenvs/pumpwood-airflow-images/lib/python3.6/site-packages/airflow/example_dags/example_xcomargs.py
[2021-06-07 18:57:27,074] {scheduler_job.py:633} INFO - Processing file /home/encrypted/abaceti/.virtualenvs/pumpwood-airflow-images/lib/python3.6/site-packages/airflow/example_dags/example_xcomargs.py for tasks to queue
[2021-06-07 18:57:27,075] {logging_mixin.py:104} INFO - [2021-06-07 18:57:27,075] {dagbag.py:487} INFO - Filling up the DagBag from /home/encrypted/abaceti/.virtualenvs/pumpwood-airflow-images/lib/python3.6/site-packages/airflow/example_dags/example_xcomargs.py
[2021-06-07 18:57:27,086] {scheduler_job.py:643} INFO - DAG(s) dict_keys(['example_xcom_args', 'example_xcom_args_with_operators']) retrieved from /home/encrypted/abaceti/.virtualenvs/pumpwood-airflow-images/lib/python3.6/site-packages/airflow/example_dags/example_xcomargs.py
[2021-06-07 18:57:27,193] {logging_mixin.py:104} INFO - [2021-06-07 18:57:27,193] {dag.py:1832} INFO - Sync 2 DAGs
[2021-06-07 18:57:27,201] {logging_mixin.py:104} INFO - [2021-06-07 18:57:27,201] {dag.py:2305} INFO - Setting next_dagrun for example_xcom_args to None
[2021-06-07 18:57:27,202] {logging_mixin.py:104} INFO - [2021-06-07 18:57:27,202] {dag.py:2305} INFO - Setting next_dagrun for example_xcom_args_with_operators to None
[2021-06-07 18:57:27,208] {scheduler_job.py:190} INFO - Processing /home/encrypted/abaceti/.virtualenvs/pumpwood-airflow-images/lib/python3.6/site-packages/airflow/example_dags/example_xcomargs.py took 0.136 seconds
[2021-06-07 18:57:57,272] {scheduler_job.py:182} INFO - Started process (PID=13209) to work on /home/encrypted/abaceti/.virtualenvs/pumpwood-airflow-images/lib/python3.6/site-packages/airflow/example_dags/example_xcomargs.py
[2021-06-07 18:57:57,273] {scheduler_job.py:633} INFO - Processing file /home/encrypted/abaceti/.virtualenvs/pumpwood-airflow-images/lib/python3.6/site-packages/airflow/example_dags/example_xcomargs.py for tasks to queue
[2021-06-07 18:57:57,273] {logging_mixin.py:104} INFO - [2021-06-07 18:57:57,273] {dagbag.py:487} INFO - Filling up the DagBag from /home/encrypted/abaceti/.virtualenvs/pumpwood-airflow-images/lib/python3.6/site-packages/airflow/example_dags/example_xcomargs.py
[2021-06-07 18:57:57,283] {scheduler_job.py:643} INFO - DAG(s) dict_keys(['example_xcom_args', 'example_xcom_args_with_operators']) retrieved from /home/encrypted/abaceti/.virtualenvs/pumpwood-airflow-images/lib/python3.6/site-packages/airflow/example_dags/example_xcomargs.py
[2021-06-07 18:57:57,393] {logging_mixin.py:104} INFO - [2021-06-07 18:57:57,393] {dag.py:1832} INFO - Sync 2 DAGs
[2021-06-07 18:57:57,402] {logging_mixin.py:104} INFO - [2021-06-07 18:57:57,401] {dag.py:2305} INFO - Setting next_dagrun for example_xcom_args to None
[2021-06-07 18:57:57,402] {logging_mixin.py:104} INFO - [2021-06-07 18:57:57,402] {dag.py:2305} INFO - Setting next_dagrun for example_xcom_args_with_operators to None
[2021-06-07 18:57:57,409] {scheduler_job.py:190} INFO - Processing /home/encrypted/abaceti/.virtualenvs/pumpwood-airflow-images/lib/python3.6/site-packages/airflow/example_dags/example_xcomargs.py took 0.139 seconds
[2021-06-07 18:58:28,395] {scheduler_job.py:182} INFO - Started process (PID=13326) to work on /home/encrypted/abaceti/.virtualenvs/pumpwood-airflow-images/lib/python3.6/site-packages/airflow/example_dags/example_xcomargs.py
[2021-06-07 18:58:28,396] {scheduler_job.py:633} INFO - Processing file /home/encrypted/abaceti/.virtualenvs/pumpwood-airflow-images/lib/python3.6/site-packages/airflow/example_dags/example_xcomargs.py for tasks to queue
[2021-06-07 18:58:28,396] {logging_mixin.py:104} INFO - [2021-06-07 18:58:28,396] {dagbag.py:487} INFO - Filling up the DagBag from /home/encrypted/abaceti/.virtualenvs/pumpwood-airflow-images/lib/python3.6/site-packages/airflow/example_dags/example_xcomargs.py
[2021-06-07 18:58:28,406] {scheduler_job.py:643} INFO - DAG(s) dict_keys(['example_xcom_args', 'example_xcom_args_with_operators']) retrieved from /home/encrypted/abaceti/.virtualenvs/pumpwood-airflow-images/lib/python3.6/site-packages/airflow/example_dags/example_xcomargs.py
[2021-06-07 18:58:28,512] {logging_mixin.py:104} INFO - [2021-06-07 18:58:28,512] {dag.py:1832} INFO - Sync 2 DAGs
[2021-06-07 18:58:28,520] {logging_mixin.py:104} INFO - [2021-06-07 18:58:28,520] {dag.py:2305} INFO - Setting next_dagrun for example_xcom_args to None
[2021-06-07 18:58:28,521] {logging_mixin.py:104} INFO - [2021-06-07 18:58:28,521] {dag.py:2305} INFO - Setting next_dagrun for example_xcom_args_with_operators to None
[2021-06-07 18:58:28,529] {scheduler_job.py:190} INFO - Processing /home/encrypted/abaceti/.virtualenvs/pumpwood-airflow-images/lib/python3.6/site-packages/airflow/example_dags/example_xcomargs.py took 0.135 seconds
[2021-06-07 18:58:59,486] {scheduler_job.py:182} INFO - Started process (PID=13500) to work on /home/encrypted/abaceti/.virtualenvs/pumpwood-airflow-images/lib/python3.6/site-packages/airflow/example_dags/example_xcomargs.py
[2021-06-07 18:58:59,486] {scheduler_job.py:633} INFO - Processing file /home/encrypted/abaceti/.virtualenvs/pumpwood-airflow-images/lib/python3.6/site-packages/airflow/example_dags/example_xcomargs.py for tasks to queue
[2021-06-07 18:58:59,487] {logging_mixin.py:104} INFO - [2021-06-07 18:58:59,487] {dagbag.py:487} INFO - Filling up the DagBag from /home/encrypted/abaceti/.virtualenvs/pumpwood-airflow-images/lib/python3.6/site-packages/airflow/example_dags/example_xcomargs.py
[2021-06-07 18:58:59,497] {scheduler_job.py:643} INFO - DAG(s) dict_keys(['example_xcom_args', 'example_xcom_args_with_operators']) retrieved from /home/encrypted/abaceti/.virtualenvs/pumpwood-airflow-images/lib/python3.6/site-packages/airflow/example_dags/example_xcomargs.py
[2021-06-07 18:58:59,615] {logging_mixin.py:104} INFO - [2021-06-07 18:58:59,615] {dag.py:1832} INFO - Sync 2 DAGs
[2021-06-07 18:58:59,623] {logging_mixin.py:104} INFO - [2021-06-07 18:58:59,623] {dag.py:2305} INFO - Setting next_dagrun for example_xcom_args to None
[2021-06-07 18:58:59,623] {logging_mixin.py:104} INFO - [2021-06-07 18:58:59,623] {dag.py:2305} INFO - Setting next_dagrun for example_xcom_args_with_operators to None
[2021-06-07 18:58:59,630] {scheduler_job.py:190} INFO - Processing /home/encrypted/abaceti/.virtualenvs/pumpwood-airflow-images/lib/python3.6/site-packages/airflow/example_dags/example_xcomargs.py took 0.146 seconds
[2021-06-07 18:59:29,671] {scheduler_job.py:182} INFO - Started process (PID=13625) to work on /home/encrypted/abaceti/.virtualenvs/pumpwood-airflow-images/lib/python3.6/site-packages/airflow/example_dags/example_xcomargs.py
[2021-06-07 18:59:29,671] {scheduler_job.py:633} INFO - Processing file /home/encrypted/abaceti/.virtualenvs/pumpwood-airflow-images/lib/python3.6/site-packages/airflow/example_dags/example_xcomargs.py for tasks to queue
[2021-06-07 18:59:29,672] {logging_mixin.py:104} INFO - [2021-06-07 18:59:29,671] {dagbag.py:487} INFO - Filling up the DagBag from /home/encrypted/abaceti/.virtualenvs/pumpwood-airflow-images/lib/python3.6/site-packages/airflow/example_dags/example_xcomargs.py
[2021-06-07 18:59:29,681] {scheduler_job.py:643} INFO - DAG(s) dict_keys(['example_xcom_args', 'example_xcom_args_with_operators']) retrieved from /home/encrypted/abaceti/.virtualenvs/pumpwood-airflow-images/lib/python3.6/site-packages/airflow/example_dags/example_xcomargs.py
[2021-06-07 18:59:29,789] {logging_mixin.py:104} INFO - [2021-06-07 18:59:29,789] {dag.py:1832} INFO - Sync 2 DAGs
[2021-06-07 18:59:29,796] {logging_mixin.py:104} INFO - [2021-06-07 18:59:29,796] {dag.py:2305} INFO - Setting next_dagrun for example_xcom_args to None
[2021-06-07 18:59:29,796] {logging_mixin.py:104} INFO - [2021-06-07 18:59:29,796] {dag.py:2305} INFO - Setting next_dagrun for example_xcom_args_with_operators to None
[2021-06-07 18:59:29,802] {scheduler_job.py:190} INFO - Processing /home/encrypted/abaceti/.virtualenvs/pumpwood-airflow-images/lib/python3.6/site-packages/airflow/example_dags/example_xcomargs.py took 0.133 seconds
[2021-06-07 18:59:59,832] {scheduler_job.py:182} INFO - Started process (PID=13790) to work on /home/encrypted/abaceti/.virtualenvs/pumpwood-airflow-images/lib/python3.6/site-packages/airflow/example_dags/example_xcomargs.py
[2021-06-07 18:59:59,832] {scheduler_job.py:633} INFO - Processing file /home/encrypted/abaceti/.virtualenvs/pumpwood-airflow-images/lib/python3.6/site-packages/airflow/example_dags/example_xcomargs.py for tasks to queue
[2021-06-07 18:59:59,832] {logging_mixin.py:104} INFO - [2021-06-07 18:59:59,832] {dagbag.py:487} INFO - Filling up the DagBag from /home/encrypted/abaceti/.virtualenvs/pumpwood-airflow-images/lib/python3.6/site-packages/airflow/example_dags/example_xcomargs.py
[2021-06-07 18:59:59,842] {scheduler_job.py:643} INFO - DAG(s) dict_keys(['example_xcom_args', 'example_xcom_args_with_operators']) retrieved from /home/encrypted/abaceti/.virtualenvs/pumpwood-airflow-images/lib/python3.6/site-packages/airflow/example_dags/example_xcomargs.py
[2021-06-07 18:59:59,955] {logging_mixin.py:104} INFO - [2021-06-07 18:59:59,955] {dag.py:1832} INFO - Sync 2 DAGs
[2021-06-07 18:59:59,964] {logging_mixin.py:104} INFO - [2021-06-07 18:59:59,964] {dag.py:2305} INFO - Setting next_dagrun for example_xcom_args to None
[2021-06-07 18:59:59,965] {logging_mixin.py:104} INFO - [2021-06-07 18:59:59,965] {dag.py:2305} INFO - Setting next_dagrun for example_xcom_args_with_operators to None
[2021-06-07 18:59:59,972] {scheduler_job.py:190} INFO - Processing /home/encrypted/abaceti/.virtualenvs/pumpwood-airflow-images/lib/python3.6/site-packages/airflow/example_dags/example_xcomargs.py took 0.142 seconds
[2021-06-07 19:00:30,057] {scheduler_job.py:182} INFO - Started process (PID=13905) to work on /home/encrypted/abaceti/.virtualenvs/pumpwood-airflow-images/lib/python3.6/site-packages/airflow/example_dags/example_xcomargs.py
[2021-06-07 19:00:30,058] {scheduler_job.py:633} INFO - Processing file /home/encrypted/abaceti/.virtualenvs/pumpwood-airflow-images/lib/python3.6/site-packages/airflow/example_dags/example_xcomargs.py for tasks to queue
[2021-06-07 19:00:30,058] {logging_mixin.py:104} INFO - [2021-06-07 19:00:30,058] {dagbag.py:487} INFO - Filling up the DagBag from /home/encrypted/abaceti/.virtualenvs/pumpwood-airflow-images/lib/python3.6/site-packages/airflow/example_dags/example_xcomargs.py
[2021-06-07 19:00:30,068] {scheduler_job.py:643} INFO - DAG(s) dict_keys(['example_xcom_args', 'example_xcom_args_with_operators']) retrieved from /home/encrypted/abaceti/.virtualenvs/pumpwood-airflow-images/lib/python3.6/site-packages/airflow/example_dags/example_xcomargs.py
[2021-06-07 19:00:30,179] {logging_mixin.py:104} INFO - [2021-06-07 19:00:30,179] {dag.py:1832} INFO - Sync 2 DAGs
[2021-06-07 19:00:30,187] {logging_mixin.py:104} INFO - [2021-06-07 19:00:30,187] {dag.py:2305} INFO - Setting next_dagrun for example_xcom_args to None
[2021-06-07 19:00:30,187] {logging_mixin.py:104} INFO - [2021-06-07 19:00:30,187] {dag.py:2305} INFO - Setting next_dagrun for example_xcom_args_with_operators to None
[2021-06-07 19:00:30,196] {scheduler_job.py:190} INFO - Processing /home/encrypted/abaceti/.virtualenvs/pumpwood-airflow-images/lib/python3.6/site-packages/airflow/example_dags/example_xcomargs.py took 0.140 seconds
[2021-06-07 19:01:00,280] {scheduler_job.py:182} INFO - Started process (PID=14098) to work on /home/encrypted/abaceti/.virtualenvs/pumpwood-airflow-images/lib/python3.6/site-packages/airflow/example_dags/example_xcomargs.py
[2021-06-07 19:01:00,281] {scheduler_job.py:633} INFO - Processing file /home/encrypted/abaceti/.virtualenvs/pumpwood-airflow-images/lib/python3.6/site-packages/airflow/example_dags/example_xcomargs.py for tasks to queue
[2021-06-07 19:01:00,281] {logging_mixin.py:104} INFO - [2021-06-07 19:01:00,281] {dagbag.py:487} INFO - Filling up the DagBag from /home/encrypted/abaceti/.virtualenvs/pumpwood-airflow-images/lib/python3.6/site-packages/airflow/example_dags/example_xcomargs.py
[2021-06-07 19:01:00,290] {scheduler_job.py:643} INFO - DAG(s) dict_keys(['example_xcom_args', 'example_xcom_args_with_operators']) retrieved from /home/encrypted/abaceti/.virtualenvs/pumpwood-airflow-images/lib/python3.6/site-packages/airflow/example_dags/example_xcomargs.py
[2021-06-07 19:01:00,307] {logging_mixin.py:104} INFO - [2021-06-07 19:01:00,307] {dag.py:1832} INFO - Sync 2 DAGs
[2021-06-07 19:01:00,316] {logging_mixin.py:104} INFO - [2021-06-07 19:01:00,316] {dag.py:2305} INFO - Setting next_dagrun for example_xcom_args to None
[2021-06-07 19:01:00,317] {logging_mixin.py:104} INFO - [2021-06-07 19:01:00,317] {dag.py:2305} INFO - Setting next_dagrun for example_xcom_args_with_operators to None
[2021-06-07 19:01:00,322] {scheduler_job.py:190} INFO - Processing /home/encrypted/abaceti/.virtualenvs/pumpwood-airflow-images/lib/python3.6/site-packages/airflow/example_dags/example_xcomargs.py took 0.044 seconds
[2021-06-07 19:01:30,442] {scheduler_job.py:182} INFO - Started process (PID=14216) to work on /home/encrypted/abaceti/.virtualenvs/pumpwood-airflow-images/lib/python3.6/site-packages/airflow/example_dags/example_xcomargs.py
[2021-06-07 19:01:30,442] {scheduler_job.py:633} INFO - Processing file /home/encrypted/abaceti/.virtualenvs/pumpwood-airflow-images/lib/python3.6/site-packages/airflow/example_dags/example_xcomargs.py for tasks to queue
[2021-06-07 19:01:30,443] {logging_mixin.py:104} INFO - [2021-06-07 19:01:30,443] {dagbag.py:487} INFO - Filling up the DagBag from /home/encrypted/abaceti/.virtualenvs/pumpwood-airflow-images/lib/python3.6/site-packages/airflow/example_dags/example_xcomargs.py
[2021-06-07 19:01:30,456] {scheduler_job.py:643} INFO - DAG(s) dict_keys(['example_xcom_args', 'example_xcom_args_with_operators']) retrieved from /home/encrypted/abaceti/.virtualenvs/pumpwood-airflow-images/lib/python3.6/site-packages/airflow/example_dags/example_xcomargs.py
[2021-06-07 19:01:30,568] {logging_mixin.py:104} INFO - [2021-06-07 19:01:30,567] {dag.py:1832} INFO - Sync 2 DAGs
[2021-06-07 19:01:30,576] {logging_mixin.py:104} INFO - [2021-06-07 19:01:30,576] {dag.py:2305} INFO - Setting next_dagrun for example_xcom_args to None
[2021-06-07 19:01:30,577] {logging_mixin.py:104} INFO - [2021-06-07 19:01:30,577] {dag.py:2305} INFO - Setting next_dagrun for example_xcom_args_with_operators to None
[2021-06-07 19:01:30,583] {scheduler_job.py:190} INFO - Processing /home/encrypted/abaceti/.virtualenvs/pumpwood-airflow-images/lib/python3.6/site-packages/airflow/example_dags/example_xcomargs.py took 0.143 seconds
[2021-06-07 19:02:00,653] {scheduler_job.py:182} INFO - Started process (PID=14400) to work on /home/encrypted/abaceti/.virtualenvs/pumpwood-airflow-images/lib/python3.6/site-packages/airflow/example_dags/example_xcomargs.py
[2021-06-07 19:02:00,654] {scheduler_job.py:633} INFO - Processing file /home/encrypted/abaceti/.virtualenvs/pumpwood-airflow-images/lib/python3.6/site-packages/airflow/example_dags/example_xcomargs.py for tasks to queue
[2021-06-07 19:02:00,654] {logging_mixin.py:104} INFO - [2021-06-07 19:02:00,654] {dagbag.py:487} INFO - Filling up the DagBag from /home/encrypted/abaceti/.virtualenvs/pumpwood-airflow-images/lib/python3.6/site-packages/airflow/example_dags/example_xcomargs.py
[2021-06-07 19:02:00,665] {scheduler_job.py:643} INFO - DAG(s) dict_keys(['example_xcom_args', 'example_xcom_args_with_operators']) retrieved from /home/encrypted/abaceti/.virtualenvs/pumpwood-airflow-images/lib/python3.6/site-packages/airflow/example_dags/example_xcomargs.py
[2021-06-07 19:02:00,682] {logging_mixin.py:104} INFO - [2021-06-07 19:02:00,682] {dag.py:1832} INFO - Sync 2 DAGs
[2021-06-07 19:02:00,691] {logging_mixin.py:104} INFO - [2021-06-07 19:02:00,691] {dag.py:2305} INFO - Setting next_dagrun for example_xcom_args to None
[2021-06-07 19:02:00,692] {logging_mixin.py:104} INFO - [2021-06-07 19:02:00,692] {dag.py:2305} INFO - Setting next_dagrun for example_xcom_args_with_operators to None
[2021-06-07 19:02:00,698] {scheduler_job.py:190} INFO - Processing /home/encrypted/abaceti/.virtualenvs/pumpwood-airflow-images/lib/python3.6/site-packages/airflow/example_dags/example_xcomargs.py took 0.046 seconds
[2021-06-07 19:02:30,785] {scheduler_job.py:182} INFO - Started process (PID=14613) to work on /home/encrypted/abaceti/.virtualenvs/pumpwood-airflow-images/lib/python3.6/site-packages/airflow/example_dags/example_xcomargs.py
[2021-06-07 19:02:30,785] {scheduler_job.py:633} INFO - Processing file /home/encrypted/abaceti/.virtualenvs/pumpwood-airflow-images/lib/python3.6/site-packages/airflow/example_dags/example_xcomargs.py for tasks to queue
[2021-06-07 19:02:30,786] {logging_mixin.py:104} INFO - [2021-06-07 19:02:30,786] {dagbag.py:487} INFO - Filling up the DagBag from /home/encrypted/abaceti/.virtualenvs/pumpwood-airflow-images/lib/python3.6/site-packages/airflow/example_dags/example_xcomargs.py
[2021-06-07 19:02:30,794] {scheduler_job.py:643} INFO - DAG(s) dict_keys(['example_xcom_args', 'example_xcom_args_with_operators']) retrieved from /home/encrypted/abaceti/.virtualenvs/pumpwood-airflow-images/lib/python3.6/site-packages/airflow/example_dags/example_xcomargs.py
[2021-06-07 19:02:30,810] {logging_mixin.py:104} INFO - [2021-06-07 19:02:30,810] {dag.py:1832} INFO - Sync 2 DAGs
[2021-06-07 19:02:30,818] {logging_mixin.py:104} INFO - [2021-06-07 19:02:30,818] {dag.py:2305} INFO - Setting next_dagrun for example_xcom_args to None
[2021-06-07 19:02:30,819] {logging_mixin.py:104} INFO - [2021-06-07 19:02:30,819] {dag.py:2305} INFO - Setting next_dagrun for example_xcom_args_with_operators to None
[2021-06-07 19:02:30,827] {scheduler_job.py:190} INFO - Processing /home/encrypted/abaceti/.virtualenvs/pumpwood-airflow-images/lib/python3.6/site-packages/airflow/example_dags/example_xcomargs.py took 0.044 seconds
