[2021-06-07 18:39:19,998] {scheduler_job.py:182} INFO - Started process (PID=5667) to work on /home/encrypted/abaceti/.virtualenvs/pumpwood-airflow-images/lib/python3.6/site-packages/airflow/example_dags/example_branch_labels.py
[2021-06-07 18:39:19,999] {scheduler_job.py:633} INFO - Processing file /home/encrypted/abaceti/.virtualenvs/pumpwood-airflow-images/lib/python3.6/site-packages/airflow/example_dags/example_branch_labels.py for tasks to queue
[2021-06-07 18:39:19,999] {logging_mixin.py:104} INFO - [2021-06-07 18:39:19,999] {dagbag.py:487} INFO - Filling up the DagBag from /home/encrypted/abaceti/.virtualenvs/pumpwood-airflow-images/lib/python3.6/site-packages/airflow/example_dags/example_branch_labels.py
[2021-06-07 18:39:20,006] {scheduler_job.py:643} INFO - DAG(s) dict_keys(['example_branch_labels']) retrieved from /home/encrypted/abaceti/.virtualenvs/pumpwood-airflow-images/lib/python3.6/site-packages/airflow/example_dags/example_branch_labels.py
[2021-06-07 18:39:20,021] {logging_mixin.py:104} INFO - [2021-06-07 18:39:20,021] {dag.py:1832} INFO - Sync 1 DAGs
[2021-06-07 18:39:20,033] {logging_mixin.py:104} INFO - [2021-06-07 18:39:20,033] {dag.py:2305} INFO - Setting next_dagrun for example_branch_labels to 2021-06-05 00:00:00+00:00
[2021-06-07 18:39:20,038] {scheduler_job.py:190} INFO - Processing /home/encrypted/abaceti/.virtualenvs/pumpwood-airflow-images/lib/python3.6/site-packages/airflow/example_dags/example_branch_labels.py took 0.041 seconds
[2021-06-07 18:39:50,180] {scheduler_job.py:182} INFO - Started process (PID=5831) to work on /home/encrypted/abaceti/.virtualenvs/pumpwood-airflow-images/lib/python3.6/site-packages/airflow/example_dags/example_branch_labels.py
[2021-06-07 18:39:50,180] {scheduler_job.py:633} INFO - Processing file /home/encrypted/abaceti/.virtualenvs/pumpwood-airflow-images/lib/python3.6/site-packages/airflow/example_dags/example_branch_labels.py for tasks to queue
[2021-06-07 18:39:50,181] {logging_mixin.py:104} INFO - [2021-06-07 18:39:50,181] {dagbag.py:487} INFO - Filling up the DagBag from /home/encrypted/abaceti/.virtualenvs/pumpwood-airflow-images/lib/python3.6/site-packages/airflow/example_dags/example_branch_labels.py
[2021-06-07 18:39:50,187] {scheduler_job.py:643} INFO - DAG(s) dict_keys(['example_branch_labels']) retrieved from /home/encrypted/abaceti/.virtualenvs/pumpwood-airflow-images/lib/python3.6/site-packages/airflow/example_dags/example_branch_labels.py
[2021-06-07 18:39:50,200] {logging_mixin.py:104} INFO - [2021-06-07 18:39:50,200] {dag.py:1832} INFO - Sync 1 DAGs
[2021-06-07 18:39:50,210] {logging_mixin.py:104} INFO - [2021-06-07 18:39:50,210] {dag.py:2305} INFO - Setting next_dagrun for example_branch_labels to 2021-06-05 00:00:00+00:00
[2021-06-07 18:39:50,214] {scheduler_job.py:190} INFO - Processing /home/encrypted/abaceti/.virtualenvs/pumpwood-airflow-images/lib/python3.6/site-packages/airflow/example_dags/example_branch_labels.py took 0.036 seconds
[2021-06-07 18:40:20,377] {scheduler_job.py:182} INFO - Started process (PID=5984) to work on /home/encrypted/abaceti/.virtualenvs/pumpwood-airflow-images/lib/python3.6/site-packages/airflow/example_dags/example_branch_labels.py
[2021-06-07 18:40:20,377] {scheduler_job.py:633} INFO - Processing file /home/encrypted/abaceti/.virtualenvs/pumpwood-airflow-images/lib/python3.6/site-packages/airflow/example_dags/example_branch_labels.py for tasks to queue
[2021-06-07 18:40:20,378] {logging_mixin.py:104} INFO - [2021-06-07 18:40:20,378] {dagbag.py:487} INFO - Filling up the DagBag from /home/encrypted/abaceti/.virtualenvs/pumpwood-airflow-images/lib/python3.6/site-packages/airflow/example_dags/example_branch_labels.py
[2021-06-07 18:40:20,383] {scheduler_job.py:643} INFO - DAG(s) dict_keys(['example_branch_labels']) retrieved from /home/encrypted/abaceti/.virtualenvs/pumpwood-airflow-images/lib/python3.6/site-packages/airflow/example_dags/example_branch_labels.py
[2021-06-07 18:40:20,397] {logging_mixin.py:104} INFO - [2021-06-07 18:40:20,397] {dag.py:1832} INFO - Sync 1 DAGs
[2021-06-07 18:40:20,406] {logging_mixin.py:104} INFO - [2021-06-07 18:40:20,406] {dag.py:2305} INFO - Setting next_dagrun for example_branch_labels to 2021-06-05 00:00:00+00:00
[2021-06-07 18:40:20,410] {scheduler_job.py:190} INFO - Processing /home/encrypted/abaceti/.virtualenvs/pumpwood-airflow-images/lib/python3.6/site-packages/airflow/example_dags/example_branch_labels.py took 0.034 seconds
[2021-06-07 18:40:50,581] {scheduler_job.py:182} INFO - Started process (PID=6175) to work on /home/encrypted/abaceti/.virtualenvs/pumpwood-airflow-images/lib/python3.6/site-packages/airflow/example_dags/example_branch_labels.py
[2021-06-07 18:40:50,581] {scheduler_job.py:633} INFO - Processing file /home/encrypted/abaceti/.virtualenvs/pumpwood-airflow-images/lib/python3.6/site-packages/airflow/example_dags/example_branch_labels.py for tasks to queue
[2021-06-07 18:40:50,582] {logging_mixin.py:104} INFO - [2021-06-07 18:40:50,582] {dagbag.py:487} INFO - Filling up the DagBag from /home/encrypted/abaceti/.virtualenvs/pumpwood-airflow-images/lib/python3.6/site-packages/airflow/example_dags/example_branch_labels.py
[2021-06-07 18:40:50,587] {scheduler_job.py:643} INFO - DAG(s) dict_keys(['example_branch_labels']) retrieved from /home/encrypted/abaceti/.virtualenvs/pumpwood-airflow-images/lib/python3.6/site-packages/airflow/example_dags/example_branch_labels.py
[2021-06-07 18:40:50,602] {logging_mixin.py:104} INFO - [2021-06-07 18:40:50,602] {dag.py:1832} INFO - Sync 1 DAGs
[2021-06-07 18:40:50,612] {logging_mixin.py:104} INFO - [2021-06-07 18:40:50,612] {dag.py:2305} INFO - Setting next_dagrun for example_branch_labels to 2021-06-05 00:00:00+00:00
[2021-06-07 18:40:50,617] {scheduler_job.py:190} INFO - Processing /home/encrypted/abaceti/.virtualenvs/pumpwood-airflow-images/lib/python3.6/site-packages/airflow/example_dags/example_branch_labels.py took 0.038 seconds
[2021-06-07 18:41:20,820] {scheduler_job.py:182} INFO - Started process (PID=6291) to work on /home/encrypted/abaceti/.virtualenvs/pumpwood-airflow-images/lib/python3.6/site-packages/airflow/example_dags/example_branch_labels.py
[2021-06-07 18:41:20,820] {scheduler_job.py:633} INFO - Processing file /home/encrypted/abaceti/.virtualenvs/pumpwood-airflow-images/lib/python3.6/site-packages/airflow/example_dags/example_branch_labels.py for tasks to queue
[2021-06-07 18:41:20,820] {logging_mixin.py:104} INFO - [2021-06-07 18:41:20,820] {dagbag.py:487} INFO - Filling up the DagBag from /home/encrypted/abaceti/.virtualenvs/pumpwood-airflow-images/lib/python3.6/site-packages/airflow/example_dags/example_branch_labels.py
[2021-06-07 18:41:20,826] {scheduler_job.py:643} INFO - DAG(s) dict_keys(['example_branch_labels']) retrieved from /home/encrypted/abaceti/.virtualenvs/pumpwood-airflow-images/lib/python3.6/site-packages/airflow/example_dags/example_branch_labels.py
[2021-06-07 18:41:20,841] {logging_mixin.py:104} INFO - [2021-06-07 18:41:20,841] {dag.py:1832} INFO - Sync 1 DAGs
[2021-06-07 18:41:20,853] {logging_mixin.py:104} INFO - [2021-06-07 18:41:20,852] {dag.py:2305} INFO - Setting next_dagrun for example_branch_labels to 2021-06-05 00:00:00+00:00
[2021-06-07 18:41:20,859] {scheduler_job.py:190} INFO - Processing /home/encrypted/abaceti/.virtualenvs/pumpwood-airflow-images/lib/python3.6/site-packages/airflow/example_dags/example_branch_labels.py took 0.041 seconds
[2021-06-07 18:41:51,002] {scheduler_job.py:182} INFO - Started process (PID=6460) to work on /home/encrypted/abaceti/.virtualenvs/pumpwood-airflow-images/lib/python3.6/site-packages/airflow/example_dags/example_branch_labels.py
[2021-06-07 18:41:51,003] {scheduler_job.py:633} INFO - Processing file /home/encrypted/abaceti/.virtualenvs/pumpwood-airflow-images/lib/python3.6/site-packages/airflow/example_dags/example_branch_labels.py for tasks to queue
[2021-06-07 18:41:51,003] {logging_mixin.py:104} INFO - [2021-06-07 18:41:51,003] {dagbag.py:487} INFO - Filling up the DagBag from /home/encrypted/abaceti/.virtualenvs/pumpwood-airflow-images/lib/python3.6/site-packages/airflow/example_dags/example_branch_labels.py
[2021-06-07 18:41:51,009] {scheduler_job.py:643} INFO - DAG(s) dict_keys(['example_branch_labels']) retrieved from /home/encrypted/abaceti/.virtualenvs/pumpwood-airflow-images/lib/python3.6/site-packages/airflow/example_dags/example_branch_labels.py
[2021-06-07 18:41:51,025] {logging_mixin.py:104} INFO - [2021-06-07 18:41:51,025] {dag.py:1832} INFO - Sync 1 DAGs
[2021-06-07 18:41:51,034] {logging_mixin.py:104} INFO - [2021-06-07 18:41:51,034] {dag.py:2305} INFO - Setting next_dagrun for example_branch_labels to 2021-06-05 00:00:00+00:00
[2021-06-07 18:41:51,039] {scheduler_job.py:190} INFO - Processing /home/encrypted/abaceti/.virtualenvs/pumpwood-airflow-images/lib/python3.6/site-packages/airflow/example_dags/example_branch_labels.py took 0.038 seconds
[2021-06-07 18:42:21,204] {scheduler_job.py:182} INFO - Started process (PID=6577) to work on /home/encrypted/abaceti/.virtualenvs/pumpwood-airflow-images/lib/python3.6/site-packages/airflow/example_dags/example_branch_labels.py
[2021-06-07 18:42:21,205] {scheduler_job.py:633} INFO - Processing file /home/encrypted/abaceti/.virtualenvs/pumpwood-airflow-images/lib/python3.6/site-packages/airflow/example_dags/example_branch_labels.py for tasks to queue
[2021-06-07 18:42:21,205] {logging_mixin.py:104} INFO - [2021-06-07 18:42:21,205] {dagbag.py:487} INFO - Filling up the DagBag from /home/encrypted/abaceti/.virtualenvs/pumpwood-airflow-images/lib/python3.6/site-packages/airflow/example_dags/example_branch_labels.py
[2021-06-07 18:42:21,210] {scheduler_job.py:643} INFO - DAG(s) dict_keys(['example_branch_labels']) retrieved from /home/encrypted/abaceti/.virtualenvs/pumpwood-airflow-images/lib/python3.6/site-packages/airflow/example_dags/example_branch_labels.py
[2021-06-07 18:42:21,225] {logging_mixin.py:104} INFO - [2021-06-07 18:42:21,224] {dag.py:1832} INFO - Sync 1 DAGs
[2021-06-07 18:42:21,234] {logging_mixin.py:104} INFO - [2021-06-07 18:42:21,234] {dag.py:2305} INFO - Setting next_dagrun for example_branch_labels to 2021-06-05 00:00:00+00:00
[2021-06-07 18:42:21,239] {scheduler_job.py:190} INFO - Processing /home/encrypted/abaceti/.virtualenvs/pumpwood-airflow-images/lib/python3.6/site-packages/airflow/example_dags/example_branch_labels.py took 0.036 seconds
[2021-06-07 18:42:52,234] {scheduler_job.py:182} INFO - Started process (PID=6785) to work on /home/encrypted/abaceti/.virtualenvs/pumpwood-airflow-images/lib/python3.6/site-packages/airflow/example_dags/example_branch_labels.py
[2021-06-07 18:42:52,234] {scheduler_job.py:633} INFO - Processing file /home/encrypted/abaceti/.virtualenvs/pumpwood-airflow-images/lib/python3.6/site-packages/airflow/example_dags/example_branch_labels.py for tasks to queue
[2021-06-07 18:42:52,234] {logging_mixin.py:104} INFO - [2021-06-07 18:42:52,234] {dagbag.py:487} INFO - Filling up the DagBag from /home/encrypted/abaceti/.virtualenvs/pumpwood-airflow-images/lib/python3.6/site-packages/airflow/example_dags/example_branch_labels.py
[2021-06-07 18:42:52,241] {scheduler_job.py:643} INFO - DAG(s) dict_keys(['example_branch_labels']) retrieved from /home/encrypted/abaceti/.virtualenvs/pumpwood-airflow-images/lib/python3.6/site-packages/airflow/example_dags/example_branch_labels.py
[2021-06-07 18:42:52,260] {logging_mixin.py:104} INFO - [2021-06-07 18:42:52,260] {dag.py:1832} INFO - Sync 1 DAGs
[2021-06-07 18:42:52,288] {logging_mixin.py:104} INFO - [2021-06-07 18:42:52,288] {dag.py:2305} INFO - Setting next_dagrun for example_branch_labels to 2021-06-05 00:00:00+00:00
[2021-06-07 18:42:52,295] {scheduler_job.py:190} INFO - Processing /home/encrypted/abaceti/.virtualenvs/pumpwood-airflow-images/lib/python3.6/site-packages/airflow/example_dags/example_branch_labels.py took 0.063 seconds
[2021-06-07 18:43:23,333] {scheduler_job.py:182} INFO - Started process (PID=7038) to work on /home/encrypted/abaceti/.virtualenvs/pumpwood-airflow-images/lib/python3.6/site-packages/airflow/example_dags/example_branch_labels.py
[2021-06-07 18:43:23,334] {scheduler_job.py:633} INFO - Processing file /home/encrypted/abaceti/.virtualenvs/pumpwood-airflow-images/lib/python3.6/site-packages/airflow/example_dags/example_branch_labels.py for tasks to queue
[2021-06-07 18:43:23,334] {logging_mixin.py:104} INFO - [2021-06-07 18:43:23,334] {dagbag.py:487} INFO - Filling up the DagBag from /home/encrypted/abaceti/.virtualenvs/pumpwood-airflow-images/lib/python3.6/site-packages/airflow/example_dags/example_branch_labels.py
[2021-06-07 18:43:23,340] {scheduler_job.py:643} INFO - DAG(s) dict_keys(['example_branch_labels']) retrieved from /home/encrypted/abaceti/.virtualenvs/pumpwood-airflow-images/lib/python3.6/site-packages/airflow/example_dags/example_branch_labels.py
[2021-06-07 18:43:23,355] {logging_mixin.py:104} INFO - [2021-06-07 18:43:23,355] {dag.py:1832} INFO - Sync 1 DAGs
[2021-06-07 18:43:23,366] {logging_mixin.py:104} INFO - [2021-06-07 18:43:23,365] {dag.py:2305} INFO - Setting next_dagrun for example_branch_labels to 2021-06-05 00:00:00+00:00
[2021-06-07 18:43:23,370] {scheduler_job.py:190} INFO - Processing /home/encrypted/abaceti/.virtualenvs/pumpwood-airflow-images/lib/python3.6/site-packages/airflow/example_dags/example_branch_labels.py took 0.038 seconds
[2021-06-07 18:43:54,423] {scheduler_job.py:182} INFO - Started process (PID=7264) to work on /home/encrypted/abaceti/.virtualenvs/pumpwood-airflow-images/lib/python3.6/site-packages/airflow/example_dags/example_branch_labels.py
[2021-06-07 18:43:54,423] {scheduler_job.py:633} INFO - Processing file /home/encrypted/abaceti/.virtualenvs/pumpwood-airflow-images/lib/python3.6/site-packages/airflow/example_dags/example_branch_labels.py for tasks to queue
[2021-06-07 18:43:54,424] {logging_mixin.py:104} INFO - [2021-06-07 18:43:54,424] {dagbag.py:487} INFO - Filling up the DagBag from /home/encrypted/abaceti/.virtualenvs/pumpwood-airflow-images/lib/python3.6/site-packages/airflow/example_dags/example_branch_labels.py
[2021-06-07 18:43:54,429] {scheduler_job.py:643} INFO - DAG(s) dict_keys(['example_branch_labels']) retrieved from /home/encrypted/abaceti/.virtualenvs/pumpwood-airflow-images/lib/python3.6/site-packages/airflow/example_dags/example_branch_labels.py
[2021-06-07 18:43:54,444] {logging_mixin.py:104} INFO - [2021-06-07 18:43:54,444] {dag.py:1832} INFO - Sync 1 DAGs
[2021-06-07 18:43:54,453] {logging_mixin.py:104} INFO - [2021-06-07 18:43:54,453] {dag.py:2305} INFO - Setting next_dagrun for example_branch_labels to 2021-06-05 00:00:00+00:00
[2021-06-07 18:43:54,458] {scheduler_job.py:190} INFO - Processing /home/encrypted/abaceti/.virtualenvs/pumpwood-airflow-images/lib/python3.6/site-packages/airflow/example_dags/example_branch_labels.py took 0.036 seconds
[2021-06-07 18:44:24,581] {scheduler_job.py:182} INFO - Started process (PID=7380) to work on /home/encrypted/abaceti/.virtualenvs/pumpwood-airflow-images/lib/python3.6/site-packages/airflow/example_dags/example_branch_labels.py
[2021-06-07 18:44:24,581] {scheduler_job.py:633} INFO - Processing file /home/encrypted/abaceti/.virtualenvs/pumpwood-airflow-images/lib/python3.6/site-packages/airflow/example_dags/example_branch_labels.py for tasks to queue
[2021-06-07 18:44:24,582] {logging_mixin.py:104} INFO - [2021-06-07 18:44:24,582] {dagbag.py:487} INFO - Filling up the DagBag from /home/encrypted/abaceti/.virtualenvs/pumpwood-airflow-images/lib/python3.6/site-packages/airflow/example_dags/example_branch_labels.py
[2021-06-07 18:44:24,587] {scheduler_job.py:643} INFO - DAG(s) dict_keys(['example_branch_labels']) retrieved from /home/encrypted/abaceti/.virtualenvs/pumpwood-airflow-images/lib/python3.6/site-packages/airflow/example_dags/example_branch_labels.py
[2021-06-07 18:44:24,603] {logging_mixin.py:104} INFO - [2021-06-07 18:44:24,602] {dag.py:1832} INFO - Sync 1 DAGs
[2021-06-07 18:44:24,612] {logging_mixin.py:104} INFO - [2021-06-07 18:44:24,612] {dag.py:2305} INFO - Setting next_dagrun for example_branch_labels to 2021-06-05 00:00:00+00:00
[2021-06-07 18:44:24,616] {scheduler_job.py:190} INFO - Processing /home/encrypted/abaceti/.virtualenvs/pumpwood-airflow-images/lib/python3.6/site-packages/airflow/example_dags/example_branch_labels.py took 0.037 seconds
[2021-06-07 18:44:55,635] {scheduler_job.py:182} INFO - Started process (PID=7550) to work on /home/encrypted/abaceti/.virtualenvs/pumpwood-airflow-images/lib/python3.6/site-packages/airflow/example_dags/example_branch_labels.py
[2021-06-07 18:44:55,636] {scheduler_job.py:633} INFO - Processing file /home/encrypted/abaceti/.virtualenvs/pumpwood-airflow-images/lib/python3.6/site-packages/airflow/example_dags/example_branch_labels.py for tasks to queue
[2021-06-07 18:44:55,636] {logging_mixin.py:104} INFO - [2021-06-07 18:44:55,636] {dagbag.py:487} INFO - Filling up the DagBag from /home/encrypted/abaceti/.virtualenvs/pumpwood-airflow-images/lib/python3.6/site-packages/airflow/example_dags/example_branch_labels.py
[2021-06-07 18:44:55,642] {scheduler_job.py:643} INFO - DAG(s) dict_keys(['example_branch_labels']) retrieved from /home/encrypted/abaceti/.virtualenvs/pumpwood-airflow-images/lib/python3.6/site-packages/airflow/example_dags/example_branch_labels.py
[2021-06-07 18:44:55,656] {logging_mixin.py:104} INFO - [2021-06-07 18:44:55,655] {dag.py:1832} INFO - Sync 1 DAGs
[2021-06-07 18:44:55,666] {logging_mixin.py:104} INFO - [2021-06-07 18:44:55,666] {dag.py:2305} INFO - Setting next_dagrun for example_branch_labels to 2021-06-05 00:00:00+00:00
[2021-06-07 18:44:55,672] {scheduler_job.py:190} INFO - Processing /home/encrypted/abaceti/.virtualenvs/pumpwood-airflow-images/lib/python3.6/site-packages/airflow/example_dags/example_branch_labels.py took 0.038 seconds
[2021-06-07 18:45:26,634] {scheduler_job.py:182} INFO - Started process (PID=7672) to work on /home/encrypted/abaceti/.virtualenvs/pumpwood-airflow-images/lib/python3.6/site-packages/airflow/example_dags/example_branch_labels.py
[2021-06-07 18:45:26,635] {scheduler_job.py:633} INFO - Processing file /home/encrypted/abaceti/.virtualenvs/pumpwood-airflow-images/lib/python3.6/site-packages/airflow/example_dags/example_branch_labels.py for tasks to queue
[2021-06-07 18:45:26,635] {logging_mixin.py:104} INFO - [2021-06-07 18:45:26,635] {dagbag.py:487} INFO - Filling up the DagBag from /home/encrypted/abaceti/.virtualenvs/pumpwood-airflow-images/lib/python3.6/site-packages/airflow/example_dags/example_branch_labels.py
[2021-06-07 18:45:26,640] {scheduler_job.py:643} INFO - DAG(s) dict_keys(['example_branch_labels']) retrieved from /home/encrypted/abaceti/.virtualenvs/pumpwood-airflow-images/lib/python3.6/site-packages/airflow/example_dags/example_branch_labels.py
[2021-06-07 18:45:26,654] {logging_mixin.py:104} INFO - [2021-06-07 18:45:26,654] {dag.py:1832} INFO - Sync 1 DAGs
[2021-06-07 18:45:26,663] {logging_mixin.py:104} INFO - [2021-06-07 18:45:26,663] {dag.py:2305} INFO - Setting next_dagrun for example_branch_labels to 2021-06-05 00:00:00+00:00
[2021-06-07 18:45:26,668] {scheduler_job.py:190} INFO - Processing /home/encrypted/abaceti/.virtualenvs/pumpwood-airflow-images/lib/python3.6/site-packages/airflow/example_dags/example_branch_labels.py took 0.035 seconds
[2021-06-07 18:45:56,769] {scheduler_job.py:182} INFO - Started process (PID=7837) to work on /home/encrypted/abaceti/.virtualenvs/pumpwood-airflow-images/lib/python3.6/site-packages/airflow/example_dags/example_branch_labels.py
[2021-06-07 18:45:56,769] {scheduler_job.py:633} INFO - Processing file /home/encrypted/abaceti/.virtualenvs/pumpwood-airflow-images/lib/python3.6/site-packages/airflow/example_dags/example_branch_labels.py for tasks to queue
[2021-06-07 18:45:56,769] {logging_mixin.py:104} INFO - [2021-06-07 18:45:56,769] {dagbag.py:487} INFO - Filling up the DagBag from /home/encrypted/abaceti/.virtualenvs/pumpwood-airflow-images/lib/python3.6/site-packages/airflow/example_dags/example_branch_labels.py
[2021-06-07 18:45:56,775] {scheduler_job.py:643} INFO - DAG(s) dict_keys(['example_branch_labels']) retrieved from /home/encrypted/abaceti/.virtualenvs/pumpwood-airflow-images/lib/python3.6/site-packages/airflow/example_dags/example_branch_labels.py
[2021-06-07 18:45:56,790] {logging_mixin.py:104} INFO - [2021-06-07 18:45:56,789] {dag.py:1832} INFO - Sync 1 DAGs
[2021-06-07 18:45:56,799] {logging_mixin.py:104} INFO - [2021-06-07 18:45:56,799] {dag.py:2305} INFO - Setting next_dagrun for example_branch_labels to 2021-06-05 00:00:00+00:00
[2021-06-07 18:45:56,805] {scheduler_job.py:190} INFO - Processing /home/encrypted/abaceti/.virtualenvs/pumpwood-airflow-images/lib/python3.6/site-packages/airflow/example_dags/example_branch_labels.py took 0.038 seconds
[2021-06-07 18:46:26,927] {scheduler_job.py:182} INFO - Started process (PID=7957) to work on /home/encrypted/abaceti/.virtualenvs/pumpwood-airflow-images/lib/python3.6/site-packages/airflow/example_dags/example_branch_labels.py
[2021-06-07 18:46:26,927] {scheduler_job.py:633} INFO - Processing file /home/encrypted/abaceti/.virtualenvs/pumpwood-airflow-images/lib/python3.6/site-packages/airflow/example_dags/example_branch_labels.py for tasks to queue
[2021-06-07 18:46:26,928] {logging_mixin.py:104} INFO - [2021-06-07 18:46:26,928] {dagbag.py:487} INFO - Filling up the DagBag from /home/encrypted/abaceti/.virtualenvs/pumpwood-airflow-images/lib/python3.6/site-packages/airflow/example_dags/example_branch_labels.py
[2021-06-07 18:46:26,934] {scheduler_job.py:643} INFO - DAG(s) dict_keys(['example_branch_labels']) retrieved from /home/encrypted/abaceti/.virtualenvs/pumpwood-airflow-images/lib/python3.6/site-packages/airflow/example_dags/example_branch_labels.py
[2021-06-07 18:46:26,948] {logging_mixin.py:104} INFO - [2021-06-07 18:46:26,948] {dag.py:1832} INFO - Sync 1 DAGs
[2021-06-07 18:46:26,957] {logging_mixin.py:104} INFO - [2021-06-07 18:46:26,957] {dag.py:2305} INFO - Setting next_dagrun for example_branch_labels to 2021-06-05 00:00:00+00:00
[2021-06-07 18:46:26,962] {scheduler_job.py:190} INFO - Processing /home/encrypted/abaceti/.virtualenvs/pumpwood-airflow-images/lib/python3.6/site-packages/airflow/example_dags/example_branch_labels.py took 0.037 seconds
[2021-06-07 18:46:57,026] {scheduler_job.py:182} INFO - Started process (PID=8144) to work on /home/encrypted/abaceti/.virtualenvs/pumpwood-airflow-images/lib/python3.6/site-packages/airflow/example_dags/example_branch_labels.py
[2021-06-07 18:46:57,026] {scheduler_job.py:633} INFO - Processing file /home/encrypted/abaceti/.virtualenvs/pumpwood-airflow-images/lib/python3.6/site-packages/airflow/example_dags/example_branch_labels.py for tasks to queue
[2021-06-07 18:46:57,027] {logging_mixin.py:104} INFO - [2021-06-07 18:46:57,026] {dagbag.py:487} INFO - Filling up the DagBag from /home/encrypted/abaceti/.virtualenvs/pumpwood-airflow-images/lib/python3.6/site-packages/airflow/example_dags/example_branch_labels.py
[2021-06-07 18:46:57,033] {scheduler_job.py:643} INFO - DAG(s) dict_keys(['example_branch_labels']) retrieved from /home/encrypted/abaceti/.virtualenvs/pumpwood-airflow-images/lib/python3.6/site-packages/airflow/example_dags/example_branch_labels.py
[2021-06-07 18:46:57,048] {logging_mixin.py:104} INFO - [2021-06-07 18:46:57,048] {dag.py:1832} INFO - Sync 1 DAGs
[2021-06-07 18:46:57,057] {logging_mixin.py:104} INFO - [2021-06-07 18:46:57,057] {dag.py:2305} INFO - Setting next_dagrun for example_branch_labels to 2021-06-05 00:00:00+00:00
[2021-06-07 18:46:57,062] {scheduler_job.py:190} INFO - Processing /home/encrypted/abaceti/.virtualenvs/pumpwood-airflow-images/lib/python3.6/site-packages/airflow/example_dags/example_branch_labels.py took 0.038 seconds
[2021-06-07 18:47:27,198] {scheduler_job.py:182} INFO - Started process (PID=8279) to work on /home/encrypted/abaceti/.virtualenvs/pumpwood-airflow-images/lib/python3.6/site-packages/airflow/example_dags/example_branch_labels.py
[2021-06-07 18:47:27,198] {scheduler_job.py:633} INFO - Processing file /home/encrypted/abaceti/.virtualenvs/pumpwood-airflow-images/lib/python3.6/site-packages/airflow/example_dags/example_branch_labels.py for tasks to queue
[2021-06-07 18:47:27,199] {logging_mixin.py:104} INFO - [2021-06-07 18:47:27,199] {dagbag.py:487} INFO - Filling up the DagBag from /home/encrypted/abaceti/.virtualenvs/pumpwood-airflow-images/lib/python3.6/site-packages/airflow/example_dags/example_branch_labels.py
[2021-06-07 18:47:27,205] {scheduler_job.py:643} INFO - DAG(s) dict_keys(['example_branch_labels']) retrieved from /home/encrypted/abaceti/.virtualenvs/pumpwood-airflow-images/lib/python3.6/site-packages/airflow/example_dags/example_branch_labels.py
[2021-06-07 18:47:27,221] {logging_mixin.py:104} INFO - [2021-06-07 18:47:27,221] {dag.py:1832} INFO - Sync 1 DAGs
[2021-06-07 18:47:27,235] {logging_mixin.py:104} INFO - [2021-06-07 18:47:27,235] {dag.py:2305} INFO - Setting next_dagrun for example_branch_labels to 2021-06-05 00:00:00+00:00
[2021-06-07 18:47:27,240] {scheduler_job.py:190} INFO - Processing /home/encrypted/abaceti/.virtualenvs/pumpwood-airflow-images/lib/python3.6/site-packages/airflow/example_dags/example_branch_labels.py took 0.044 seconds
[2021-06-07 18:47:57,261] {scheduler_job.py:182} INFO - Started process (PID=8494) to work on /home/encrypted/abaceti/.virtualenvs/pumpwood-airflow-images/lib/python3.6/site-packages/airflow/example_dags/example_branch_labels.py
[2021-06-07 18:47:57,261] {scheduler_job.py:633} INFO - Processing file /home/encrypted/abaceti/.virtualenvs/pumpwood-airflow-images/lib/python3.6/site-packages/airflow/example_dags/example_branch_labels.py for tasks to queue
[2021-06-07 18:47:57,262] {logging_mixin.py:104} INFO - [2021-06-07 18:47:57,262] {dagbag.py:487} INFO - Filling up the DagBag from /home/encrypted/abaceti/.virtualenvs/pumpwood-airflow-images/lib/python3.6/site-packages/airflow/example_dags/example_branch_labels.py
[2021-06-07 18:47:57,270] {scheduler_job.py:643} INFO - DAG(s) dict_keys(['example_branch_labels']) retrieved from /home/encrypted/abaceti/.virtualenvs/pumpwood-airflow-images/lib/python3.6/site-packages/airflow/example_dags/example_branch_labels.py
[2021-06-07 18:47:57,286] {logging_mixin.py:104} INFO - [2021-06-07 18:47:57,286] {dag.py:1832} INFO - Sync 1 DAGs
[2021-06-07 18:47:57,295] {logging_mixin.py:104} INFO - [2021-06-07 18:47:57,295] {dag.py:2305} INFO - Setting next_dagrun for example_branch_labels to 2021-06-05 00:00:00+00:00
[2021-06-07 18:47:57,300] {scheduler_job.py:190} INFO - Processing /home/encrypted/abaceti/.virtualenvs/pumpwood-airflow-images/lib/python3.6/site-packages/airflow/example_dags/example_branch_labels.py took 0.041 seconds
[2021-06-07 18:48:27,567] {scheduler_job.py:182} INFO - Started process (PID=8720) to work on /home/encrypted/abaceti/.virtualenvs/pumpwood-airflow-images/lib/python3.6/site-packages/airflow/example_dags/example_branch_labels.py
[2021-06-07 18:48:27,568] {scheduler_job.py:633} INFO - Processing file /home/encrypted/abaceti/.virtualenvs/pumpwood-airflow-images/lib/python3.6/site-packages/airflow/example_dags/example_branch_labels.py for tasks to queue
[2021-06-07 18:48:27,568] {logging_mixin.py:104} INFO - [2021-06-07 18:48:27,568] {dagbag.py:487} INFO - Filling up the DagBag from /home/encrypted/abaceti/.virtualenvs/pumpwood-airflow-images/lib/python3.6/site-packages/airflow/example_dags/example_branch_labels.py
[2021-06-07 18:48:27,574] {scheduler_job.py:643} INFO - DAG(s) dict_keys(['example_branch_labels']) retrieved from /home/encrypted/abaceti/.virtualenvs/pumpwood-airflow-images/lib/python3.6/site-packages/airflow/example_dags/example_branch_labels.py
[2021-06-07 18:48:27,589] {logging_mixin.py:104} INFO - [2021-06-07 18:48:27,589] {dag.py:1832} INFO - Sync 1 DAGs
[2021-06-07 18:48:27,600] {logging_mixin.py:104} INFO - [2021-06-07 18:48:27,599] {dag.py:2305} INFO - Setting next_dagrun for example_branch_labels to 2021-06-05 00:00:00+00:00
[2021-06-07 18:48:27,604] {scheduler_job.py:190} INFO - Processing /home/encrypted/abaceti/.virtualenvs/pumpwood-airflow-images/lib/python3.6/site-packages/airflow/example_dags/example_branch_labels.py took 0.039 seconds
[2021-06-07 18:48:49,700] {scheduler_job.py:182} INFO - Started process (PID=8898) to work on /home/encrypted/abaceti/.virtualenvs/pumpwood-airflow-images/lib/python3.6/site-packages/airflow/example_dags/example_branch_labels.py
[2021-06-07 18:48:49,701] {scheduler_job.py:633} INFO - Processing file /home/encrypted/abaceti/.virtualenvs/pumpwood-airflow-images/lib/python3.6/site-packages/airflow/example_dags/example_branch_labels.py for tasks to queue
[2021-06-07 18:48:49,701] {logging_mixin.py:104} INFO - [2021-06-07 18:48:49,701] {dagbag.py:487} INFO - Filling up the DagBag from /home/encrypted/abaceti/.virtualenvs/pumpwood-airflow-images/lib/python3.6/site-packages/airflow/example_dags/example_branch_labels.py
[2021-06-07 18:48:49,706] {scheduler_job.py:643} INFO - DAG(s) dict_keys(['example_branch_labels']) retrieved from /home/encrypted/abaceti/.virtualenvs/pumpwood-airflow-images/lib/python3.6/site-packages/airflow/example_dags/example_branch_labels.py
[2021-06-07 18:48:49,722] {logging_mixin.py:104} INFO - [2021-06-07 18:48:49,721] {dag.py:1832} INFO - Sync 1 DAGs
[2021-06-07 18:48:49,731] {logging_mixin.py:104} INFO - [2021-06-07 18:48:49,731] {dag.py:2305} INFO - Setting next_dagrun for example_branch_labels to 2021-06-05 00:00:00+00:00
[2021-06-07 18:48:49,735] {scheduler_job.py:190} INFO - Processing /home/encrypted/abaceti/.virtualenvs/pumpwood-airflow-images/lib/python3.6/site-packages/airflow/example_dags/example_branch_labels.py took 0.037 seconds
[2021-06-07 18:49:20,769] {scheduler_job.py:182} INFO - Started process (PID=9022) to work on /home/encrypted/abaceti/.virtualenvs/pumpwood-airflow-images/lib/python3.6/site-packages/airflow/example_dags/example_branch_labels.py
[2021-06-07 18:49:20,770] {scheduler_job.py:633} INFO - Processing file /home/encrypted/abaceti/.virtualenvs/pumpwood-airflow-images/lib/python3.6/site-packages/airflow/example_dags/example_branch_labels.py for tasks to queue
[2021-06-07 18:49:20,770] {logging_mixin.py:104} INFO - [2021-06-07 18:49:20,770] {dagbag.py:487} INFO - Filling up the DagBag from /home/encrypted/abaceti/.virtualenvs/pumpwood-airflow-images/lib/python3.6/site-packages/airflow/example_dags/example_branch_labels.py
[2021-06-07 18:49:20,776] {scheduler_job.py:643} INFO - DAG(s) dict_keys(['example_branch_labels']) retrieved from /home/encrypted/abaceti/.virtualenvs/pumpwood-airflow-images/lib/python3.6/site-packages/airflow/example_dags/example_branch_labels.py
[2021-06-07 18:49:20,791] {logging_mixin.py:104} INFO - [2021-06-07 18:49:20,791] {dag.py:1832} INFO - Sync 1 DAGs
[2021-06-07 18:49:20,801] {logging_mixin.py:104} INFO - [2021-06-07 18:49:20,801] {dag.py:2305} INFO - Setting next_dagrun for example_branch_labels to 2021-06-05 00:00:00+00:00
[2021-06-07 18:49:20,807] {scheduler_job.py:190} INFO - Processing /home/encrypted/abaceti/.virtualenvs/pumpwood-airflow-images/lib/python3.6/site-packages/airflow/example_dags/example_branch_labels.py took 0.039 seconds
[2021-06-07 18:49:51,066] {scheduler_job.py:182} INFO - Started process (PID=9203) to work on /home/encrypted/abaceti/.virtualenvs/pumpwood-airflow-images/lib/python3.6/site-packages/airflow/example_dags/example_branch_labels.py
[2021-06-07 18:49:51,067] {scheduler_job.py:633} INFO - Processing file /home/encrypted/abaceti/.virtualenvs/pumpwood-airflow-images/lib/python3.6/site-packages/airflow/example_dags/example_branch_labels.py for tasks to queue
[2021-06-07 18:49:51,067] {logging_mixin.py:104} INFO - [2021-06-07 18:49:51,067] {dagbag.py:487} INFO - Filling up the DagBag from /home/encrypted/abaceti/.virtualenvs/pumpwood-airflow-images/lib/python3.6/site-packages/airflow/example_dags/example_branch_labels.py
[2021-06-07 18:49:51,072] {scheduler_job.py:643} INFO - DAG(s) dict_keys(['example_branch_labels']) retrieved from /home/encrypted/abaceti/.virtualenvs/pumpwood-airflow-images/lib/python3.6/site-packages/airflow/example_dags/example_branch_labels.py
[2021-06-07 18:49:51,086] {logging_mixin.py:104} INFO - [2021-06-07 18:49:51,086] {dag.py:1832} INFO - Sync 1 DAGs
[2021-06-07 18:49:51,096] {logging_mixin.py:104} INFO - [2021-06-07 18:49:51,096] {dag.py:2305} INFO - Setting next_dagrun for example_branch_labels to 2021-06-05 00:00:00+00:00
[2021-06-07 18:49:51,101] {scheduler_job.py:190} INFO - Processing /home/encrypted/abaceti/.virtualenvs/pumpwood-airflow-images/lib/python3.6/site-packages/airflow/example_dags/example_branch_labels.py took 0.036 seconds
[2021-06-07 18:50:21,302] {scheduler_job.py:182} INFO - Started process (PID=9441) to work on /home/encrypted/abaceti/.virtualenvs/pumpwood-airflow-images/lib/python3.6/site-packages/airflow/example_dags/example_branch_labels.py
[2021-06-07 18:50:21,302] {scheduler_job.py:633} INFO - Processing file /home/encrypted/abaceti/.virtualenvs/pumpwood-airflow-images/lib/python3.6/site-packages/airflow/example_dags/example_branch_labels.py for tasks to queue
[2021-06-07 18:50:21,303] {logging_mixin.py:104} INFO - [2021-06-07 18:50:21,303] {dagbag.py:487} INFO - Filling up the DagBag from /home/encrypted/abaceti/.virtualenvs/pumpwood-airflow-images/lib/python3.6/site-packages/airflow/example_dags/example_branch_labels.py
[2021-06-07 18:50:21,308] {scheduler_job.py:643} INFO - DAG(s) dict_keys(['example_branch_labels']) retrieved from /home/encrypted/abaceti/.virtualenvs/pumpwood-airflow-images/lib/python3.6/site-packages/airflow/example_dags/example_branch_labels.py
[2021-06-07 18:50:21,323] {logging_mixin.py:104} INFO - [2021-06-07 18:50:21,323] {dag.py:1832} INFO - Sync 1 DAGs
[2021-06-07 18:50:21,333] {logging_mixin.py:104} INFO - [2021-06-07 18:50:21,333] {dag.py:2305} INFO - Setting next_dagrun for example_branch_labels to 2021-06-05 00:00:00+00:00
[2021-06-07 18:50:21,338] {scheduler_job.py:190} INFO - Processing /home/encrypted/abaceti/.virtualenvs/pumpwood-airflow-images/lib/python3.6/site-packages/airflow/example_dags/example_branch_labels.py took 0.038 seconds
[2021-06-07 18:50:51,547] {scheduler_job.py:182} INFO - Started process (PID=9599) to work on /home/encrypted/abaceti/.virtualenvs/pumpwood-airflow-images/lib/python3.6/site-packages/airflow/example_dags/example_branch_labels.py
[2021-06-07 18:50:51,548] {scheduler_job.py:633} INFO - Processing file /home/encrypted/abaceti/.virtualenvs/pumpwood-airflow-images/lib/python3.6/site-packages/airflow/example_dags/example_branch_labels.py for tasks to queue
[2021-06-07 18:50:51,548] {logging_mixin.py:104} INFO - [2021-06-07 18:50:51,548] {dagbag.py:487} INFO - Filling up the DagBag from /home/encrypted/abaceti/.virtualenvs/pumpwood-airflow-images/lib/python3.6/site-packages/airflow/example_dags/example_branch_labels.py
[2021-06-07 18:50:51,554] {scheduler_job.py:643} INFO - DAG(s) dict_keys(['example_branch_labels']) retrieved from /home/encrypted/abaceti/.virtualenvs/pumpwood-airflow-images/lib/python3.6/site-packages/airflow/example_dags/example_branch_labels.py
[2021-06-07 18:50:51,570] {logging_mixin.py:104} INFO - [2021-06-07 18:50:51,570] {dag.py:1832} INFO - Sync 1 DAGs
[2021-06-07 18:50:51,580] {logging_mixin.py:104} INFO - [2021-06-07 18:50:51,580] {dag.py:2305} INFO - Setting next_dagrun for example_branch_labels to 2021-06-05 00:00:00+00:00
[2021-06-07 18:50:51,585] {scheduler_job.py:190} INFO - Processing /home/encrypted/abaceti/.virtualenvs/pumpwood-airflow-images/lib/python3.6/site-packages/airflow/example_dags/example_branch_labels.py took 0.039 seconds
[2021-06-07 18:51:21,661] {scheduler_job.py:182} INFO - Started process (PID=9717) to work on /home/encrypted/abaceti/.virtualenvs/pumpwood-airflow-images/lib/python3.6/site-packages/airflow/example_dags/example_branch_labels.py
[2021-06-07 18:51:21,661] {scheduler_job.py:633} INFO - Processing file /home/encrypted/abaceti/.virtualenvs/pumpwood-airflow-images/lib/python3.6/site-packages/airflow/example_dags/example_branch_labels.py for tasks to queue
[2021-06-07 18:51:21,662] {logging_mixin.py:104} INFO - [2021-06-07 18:51:21,662] {dagbag.py:487} INFO - Filling up the DagBag from /home/encrypted/abaceti/.virtualenvs/pumpwood-airflow-images/lib/python3.6/site-packages/airflow/example_dags/example_branch_labels.py
[2021-06-07 18:51:21,667] {scheduler_job.py:643} INFO - DAG(s) dict_keys(['example_branch_labels']) retrieved from /home/encrypted/abaceti/.virtualenvs/pumpwood-airflow-images/lib/python3.6/site-packages/airflow/example_dags/example_branch_labels.py
[2021-06-07 18:51:21,682] {logging_mixin.py:104} INFO - [2021-06-07 18:51:21,682] {dag.py:1832} INFO - Sync 1 DAGs
[2021-06-07 18:51:21,692] {logging_mixin.py:104} INFO - [2021-06-07 18:51:21,692] {dag.py:2305} INFO - Setting next_dagrun for example_branch_labels to 2021-06-05 00:00:00+00:00
[2021-06-07 18:51:21,698] {scheduler_job.py:190} INFO - Processing /home/encrypted/abaceti/.virtualenvs/pumpwood-airflow-images/lib/python3.6/site-packages/airflow/example_dags/example_branch_labels.py took 0.038 seconds
[2021-06-07 18:51:51,833] {scheduler_job.py:182} INFO - Started process (PID=9882) to work on /home/encrypted/abaceti/.virtualenvs/pumpwood-airflow-images/lib/python3.6/site-packages/airflow/example_dags/example_branch_labels.py
[2021-06-07 18:51:51,834] {scheduler_job.py:633} INFO - Processing file /home/encrypted/abaceti/.virtualenvs/pumpwood-airflow-images/lib/python3.6/site-packages/airflow/example_dags/example_branch_labels.py for tasks to queue
[2021-06-07 18:51:51,834] {logging_mixin.py:104} INFO - [2021-06-07 18:51:51,834] {dagbag.py:487} INFO - Filling up the DagBag from /home/encrypted/abaceti/.virtualenvs/pumpwood-airflow-images/lib/python3.6/site-packages/airflow/example_dags/example_branch_labels.py
[2021-06-07 18:51:51,840] {scheduler_job.py:643} INFO - DAG(s) dict_keys(['example_branch_labels']) retrieved from /home/encrypted/abaceti/.virtualenvs/pumpwood-airflow-images/lib/python3.6/site-packages/airflow/example_dags/example_branch_labels.py
[2021-06-07 18:51:51,856] {logging_mixin.py:104} INFO - [2021-06-07 18:51:51,856] {dag.py:1832} INFO - Sync 1 DAGs
[2021-06-07 18:51:51,867] {logging_mixin.py:104} INFO - [2021-06-07 18:51:51,867] {dag.py:2305} INFO - Setting next_dagrun for example_branch_labels to 2021-06-05 00:00:00+00:00
[2021-06-07 18:51:51,872] {scheduler_job.py:190} INFO - Processing /home/encrypted/abaceti/.virtualenvs/pumpwood-airflow-images/lib/python3.6/site-packages/airflow/example_dags/example_branch_labels.py took 0.040 seconds
[2021-06-07 18:52:22,070] {scheduler_job.py:182} INFO - Started process (PID=10001) to work on /home/encrypted/abaceti/.virtualenvs/pumpwood-airflow-images/lib/python3.6/site-packages/airflow/example_dags/example_branch_labels.py
[2021-06-07 18:52:22,071] {scheduler_job.py:633} INFO - Processing file /home/encrypted/abaceti/.virtualenvs/pumpwood-airflow-images/lib/python3.6/site-packages/airflow/example_dags/example_branch_labels.py for tasks to queue
[2021-06-07 18:52:22,071] {logging_mixin.py:104} INFO - [2021-06-07 18:52:22,071] {dagbag.py:487} INFO - Filling up the DagBag from /home/encrypted/abaceti/.virtualenvs/pumpwood-airflow-images/lib/python3.6/site-packages/airflow/example_dags/example_branch_labels.py
[2021-06-07 18:52:22,078] {scheduler_job.py:643} INFO - DAG(s) dict_keys(['example_branch_labels']) retrieved from /home/encrypted/abaceti/.virtualenvs/pumpwood-airflow-images/lib/python3.6/site-packages/airflow/example_dags/example_branch_labels.py
[2021-06-07 18:52:22,093] {logging_mixin.py:104} INFO - [2021-06-07 18:52:22,093] {dag.py:1832} INFO - Sync 1 DAGs
[2021-06-07 18:52:22,103] {logging_mixin.py:104} INFO - [2021-06-07 18:52:22,103] {dag.py:2305} INFO - Setting next_dagrun for example_branch_labels to 2021-06-05 00:00:00+00:00
[2021-06-07 18:52:22,108] {scheduler_job.py:190} INFO - Processing /home/encrypted/abaceti/.virtualenvs/pumpwood-airflow-images/lib/python3.6/site-packages/airflow/example_dags/example_branch_labels.py took 0.040 seconds
[2021-06-07 18:52:53,219] {scheduler_job.py:182} INFO - Started process (PID=10811) to work on /home/encrypted/abaceti/.virtualenvs/pumpwood-airflow-images/lib/python3.6/site-packages/airflow/example_dags/example_branch_labels.py
[2021-06-07 18:52:53,219] {scheduler_job.py:633} INFO - Processing file /home/encrypted/abaceti/.virtualenvs/pumpwood-airflow-images/lib/python3.6/site-packages/airflow/example_dags/example_branch_labels.py for tasks to queue
[2021-06-07 18:52:53,220] {logging_mixin.py:104} INFO - [2021-06-07 18:52:53,220] {dagbag.py:487} INFO - Filling up the DagBag from /home/encrypted/abaceti/.virtualenvs/pumpwood-airflow-images/lib/python3.6/site-packages/airflow/example_dags/example_branch_labels.py
[2021-06-07 18:52:53,228] {scheduler_job.py:643} INFO - DAG(s) dict_keys(['example_branch_labels']) retrieved from /home/encrypted/abaceti/.virtualenvs/pumpwood-airflow-images/lib/python3.6/site-packages/airflow/example_dags/example_branch_labels.py
[2021-06-07 18:52:53,241] {logging_mixin.py:104} INFO - [2021-06-07 18:52:53,241] {dag.py:1832} INFO - Sync 1 DAGs
[2021-06-07 18:52:53,251] {logging_mixin.py:104} INFO - [2021-06-07 18:52:53,251] {dag.py:2305} INFO - Setting next_dagrun for example_branch_labels to 2021-06-05 00:00:00+00:00
[2021-06-07 18:52:53,256] {scheduler_job.py:190} INFO - Processing /home/encrypted/abaceti/.virtualenvs/pumpwood-airflow-images/lib/python3.6/site-packages/airflow/example_dags/example_branch_labels.py took 0.039 seconds
[2021-06-07 18:53:23,415] {scheduler_job.py:182} INFO - Started process (PID=11137) to work on /home/encrypted/abaceti/.virtualenvs/pumpwood-airflow-images/lib/python3.6/site-packages/airflow/example_dags/example_branch_labels.py
[2021-06-07 18:53:23,415] {scheduler_job.py:633} INFO - Processing file /home/encrypted/abaceti/.virtualenvs/pumpwood-airflow-images/lib/python3.6/site-packages/airflow/example_dags/example_branch_labels.py for tasks to queue
[2021-06-07 18:53:23,416] {logging_mixin.py:104} INFO - [2021-06-07 18:53:23,416] {dagbag.py:487} INFO - Filling up the DagBag from /home/encrypted/abaceti/.virtualenvs/pumpwood-airflow-images/lib/python3.6/site-packages/airflow/example_dags/example_branch_labels.py
[2021-06-07 18:53:23,421] {scheduler_job.py:643} INFO - DAG(s) dict_keys(['example_branch_labels']) retrieved from /home/encrypted/abaceti/.virtualenvs/pumpwood-airflow-images/lib/python3.6/site-packages/airflow/example_dags/example_branch_labels.py
[2021-06-07 18:53:23,435] {logging_mixin.py:104} INFO - [2021-06-07 18:53:23,435] {dag.py:1832} INFO - Sync 1 DAGs
[2021-06-07 18:53:23,445] {logging_mixin.py:104} INFO - [2021-06-07 18:53:23,445] {dag.py:2305} INFO - Setting next_dagrun for example_branch_labels to 2021-06-05 00:00:00+00:00
[2021-06-07 18:53:23,449] {scheduler_job.py:190} INFO - Processing /home/encrypted/abaceti/.virtualenvs/pumpwood-airflow-images/lib/python3.6/site-packages/airflow/example_dags/example_branch_labels.py took 0.036 seconds
[2021-06-07 18:53:53,604] {scheduler_job.py:182} INFO - Started process (PID=11520) to work on /home/encrypted/abaceti/.virtualenvs/pumpwood-airflow-images/lib/python3.6/site-packages/airflow/example_dags/example_branch_labels.py
[2021-06-07 18:53:53,605] {scheduler_job.py:633} INFO - Processing file /home/encrypted/abaceti/.virtualenvs/pumpwood-airflow-images/lib/python3.6/site-packages/airflow/example_dags/example_branch_labels.py for tasks to queue
[2021-06-07 18:53:53,605] {logging_mixin.py:104} INFO - [2021-06-07 18:53:53,605] {dagbag.py:487} INFO - Filling up the DagBag from /home/encrypted/abaceti/.virtualenvs/pumpwood-airflow-images/lib/python3.6/site-packages/airflow/example_dags/example_branch_labels.py
[2021-06-07 18:53:53,610] {scheduler_job.py:643} INFO - DAG(s) dict_keys(['example_branch_labels']) retrieved from /home/encrypted/abaceti/.virtualenvs/pumpwood-airflow-images/lib/python3.6/site-packages/airflow/example_dags/example_branch_labels.py
[2021-06-07 18:53:53,625] {logging_mixin.py:104} INFO - [2021-06-07 18:53:53,625] {dag.py:1832} INFO - Sync 1 DAGs
[2021-06-07 18:53:53,634] {logging_mixin.py:104} INFO - [2021-06-07 18:53:53,634] {dag.py:2305} INFO - Setting next_dagrun for example_branch_labels to 2021-06-05 00:00:00+00:00
[2021-06-07 18:53:53,638] {scheduler_job.py:190} INFO - Processing /home/encrypted/abaceti/.virtualenvs/pumpwood-airflow-images/lib/python3.6/site-packages/airflow/example_dags/example_branch_labels.py took 0.036 seconds
[2021-06-07 18:54:24,772] {scheduler_job.py:182} INFO - Started process (PID=11933) to work on /home/encrypted/abaceti/.virtualenvs/pumpwood-airflow-images/lib/python3.6/site-packages/airflow/example_dags/example_branch_labels.py
[2021-06-07 18:54:24,773] {scheduler_job.py:633} INFO - Processing file /home/encrypted/abaceti/.virtualenvs/pumpwood-airflow-images/lib/python3.6/site-packages/airflow/example_dags/example_branch_labels.py for tasks to queue
[2021-06-07 18:54:24,773] {logging_mixin.py:104} INFO - [2021-06-07 18:54:24,773] {dagbag.py:487} INFO - Filling up the DagBag from /home/encrypted/abaceti/.virtualenvs/pumpwood-airflow-images/lib/python3.6/site-packages/airflow/example_dags/example_branch_labels.py
[2021-06-07 18:54:24,778] {scheduler_job.py:643} INFO - DAG(s) dict_keys(['example_branch_labels']) retrieved from /home/encrypted/abaceti/.virtualenvs/pumpwood-airflow-images/lib/python3.6/site-packages/airflow/example_dags/example_branch_labels.py
[2021-06-07 18:54:24,794] {logging_mixin.py:104} INFO - [2021-06-07 18:54:24,794] {dag.py:1832} INFO - Sync 1 DAGs
[2021-06-07 18:54:24,803] {logging_mixin.py:104} INFO - [2021-06-07 18:54:24,803] {dag.py:2305} INFO - Setting next_dagrun for example_branch_labels to 2021-06-05 00:00:00+00:00
[2021-06-07 18:54:24,809] {scheduler_job.py:190} INFO - Processing /home/encrypted/abaceti/.virtualenvs/pumpwood-airflow-images/lib/python3.6/site-packages/airflow/example_dags/example_branch_labels.py took 0.038 seconds
[2021-06-07 18:54:54,945] {scheduler_job.py:182} INFO - Started process (PID=12148) to work on /home/encrypted/abaceti/.virtualenvs/pumpwood-airflow-images/lib/python3.6/site-packages/airflow/example_dags/example_branch_labels.py
[2021-06-07 18:54:54,946] {scheduler_job.py:633} INFO - Processing file /home/encrypted/abaceti/.virtualenvs/pumpwood-airflow-images/lib/python3.6/site-packages/airflow/example_dags/example_branch_labels.py for tasks to queue
[2021-06-07 18:54:54,946] {logging_mixin.py:104} INFO - [2021-06-07 18:54:54,946] {dagbag.py:487} INFO - Filling up the DagBag from /home/encrypted/abaceti/.virtualenvs/pumpwood-airflow-images/lib/python3.6/site-packages/airflow/example_dags/example_branch_labels.py
[2021-06-07 18:54:54,952] {scheduler_job.py:643} INFO - DAG(s) dict_keys(['example_branch_labels']) retrieved from /home/encrypted/abaceti/.virtualenvs/pumpwood-airflow-images/lib/python3.6/site-packages/airflow/example_dags/example_branch_labels.py
[2021-06-07 18:54:54,968] {logging_mixin.py:104} INFO - [2021-06-07 18:54:54,968] {dag.py:1832} INFO - Sync 1 DAGs
[2021-06-07 18:54:54,978] {logging_mixin.py:104} INFO - [2021-06-07 18:54:54,978] {dag.py:2305} INFO - Setting next_dagrun for example_branch_labels to 2021-06-05 00:00:00+00:00
[2021-06-07 18:54:54,983] {scheduler_job.py:190} INFO - Processing /home/encrypted/abaceti/.virtualenvs/pumpwood-airflow-images/lib/python3.6/site-packages/airflow/example_dags/example_branch_labels.py took 0.039 seconds
[2021-06-07 18:55:25,031] {scheduler_job.py:182} INFO - Started process (PID=12321) to work on /home/encrypted/abaceti/.virtualenvs/pumpwood-airflow-images/lib/python3.6/site-packages/airflow/example_dags/example_branch_labels.py
[2021-06-07 18:55:25,031] {scheduler_job.py:633} INFO - Processing file /home/encrypted/abaceti/.virtualenvs/pumpwood-airflow-images/lib/python3.6/site-packages/airflow/example_dags/example_branch_labels.py for tasks to queue
[2021-06-07 18:55:25,032] {logging_mixin.py:104} INFO - [2021-06-07 18:55:25,032] {dagbag.py:487} INFO - Filling up the DagBag from /home/encrypted/abaceti/.virtualenvs/pumpwood-airflow-images/lib/python3.6/site-packages/airflow/example_dags/example_branch_labels.py
[2021-06-07 18:55:25,037] {scheduler_job.py:643} INFO - DAG(s) dict_keys(['example_branch_labels']) retrieved from /home/encrypted/abaceti/.virtualenvs/pumpwood-airflow-images/lib/python3.6/site-packages/airflow/example_dags/example_branch_labels.py
[2021-06-07 18:55:25,051] {logging_mixin.py:104} INFO - [2021-06-07 18:55:25,051] {dag.py:1832} INFO - Sync 1 DAGs
[2021-06-07 18:55:25,061] {logging_mixin.py:104} INFO - [2021-06-07 18:55:25,060] {dag.py:2305} INFO - Setting next_dagrun for example_branch_labels to 2021-06-05 00:00:00+00:00
[2021-06-07 18:55:25,066] {scheduler_job.py:190} INFO - Processing /home/encrypted/abaceti/.virtualenvs/pumpwood-airflow-images/lib/python3.6/site-packages/airflow/example_dags/example_branch_labels.py took 0.036 seconds
[2021-06-07 18:55:55,199] {scheduler_job.py:182} INFO - Started process (PID=12543) to work on /home/encrypted/abaceti/.virtualenvs/pumpwood-airflow-images/lib/python3.6/site-packages/airflow/example_dags/example_branch_labels.py
[2021-06-07 18:55:55,199] {scheduler_job.py:633} INFO - Processing file /home/encrypted/abaceti/.virtualenvs/pumpwood-airflow-images/lib/python3.6/site-packages/airflow/example_dags/example_branch_labels.py for tasks to queue
[2021-06-07 18:55:55,200] {logging_mixin.py:104} INFO - [2021-06-07 18:55:55,200] {dagbag.py:487} INFO - Filling up the DagBag from /home/encrypted/abaceti/.virtualenvs/pumpwood-airflow-images/lib/python3.6/site-packages/airflow/example_dags/example_branch_labels.py
[2021-06-07 18:55:55,205] {scheduler_job.py:643} INFO - DAG(s) dict_keys(['example_branch_labels']) retrieved from /home/encrypted/abaceti/.virtualenvs/pumpwood-airflow-images/lib/python3.6/site-packages/airflow/example_dags/example_branch_labels.py
[2021-06-07 18:55:55,220] {logging_mixin.py:104} INFO - [2021-06-07 18:55:55,220] {dag.py:1832} INFO - Sync 1 DAGs
[2021-06-07 18:55:55,229] {logging_mixin.py:104} INFO - [2021-06-07 18:55:55,229] {dag.py:2305} INFO - Setting next_dagrun for example_branch_labels to 2021-06-05 00:00:00+00:00
[2021-06-07 18:55:55,233] {scheduler_job.py:190} INFO - Processing /home/encrypted/abaceti/.virtualenvs/pumpwood-airflow-images/lib/python3.6/site-packages/airflow/example_dags/example_branch_labels.py took 0.036 seconds
[2021-06-07 18:56:25,429] {scheduler_job.py:182} INFO - Started process (PID=12761) to work on /home/encrypted/abaceti/.virtualenvs/pumpwood-airflow-images/lib/python3.6/site-packages/airflow/example_dags/example_branch_labels.py
[2021-06-07 18:56:25,429] {scheduler_job.py:633} INFO - Processing file /home/encrypted/abaceti/.virtualenvs/pumpwood-airflow-images/lib/python3.6/site-packages/airflow/example_dags/example_branch_labels.py for tasks to queue
[2021-06-07 18:56:25,429] {logging_mixin.py:104} INFO - [2021-06-07 18:56:25,429] {dagbag.py:487} INFO - Filling up the DagBag from /home/encrypted/abaceti/.virtualenvs/pumpwood-airflow-images/lib/python3.6/site-packages/airflow/example_dags/example_branch_labels.py
[2021-06-07 18:56:25,435] {scheduler_job.py:643} INFO - DAG(s) dict_keys(['example_branch_labels']) retrieved from /home/encrypted/abaceti/.virtualenvs/pumpwood-airflow-images/lib/python3.6/site-packages/airflow/example_dags/example_branch_labels.py
[2021-06-07 18:56:25,451] {logging_mixin.py:104} INFO - [2021-06-07 18:56:25,451] {dag.py:1832} INFO - Sync 1 DAGs
[2021-06-07 18:56:25,461] {logging_mixin.py:104} INFO - [2021-06-07 18:56:25,461] {dag.py:2305} INFO - Setting next_dagrun for example_branch_labels to 2021-06-05 00:00:00+00:00
[2021-06-07 18:56:25,467] {scheduler_job.py:190} INFO - Processing /home/encrypted/abaceti/.virtualenvs/pumpwood-airflow-images/lib/python3.6/site-packages/airflow/example_dags/example_branch_labels.py took 0.040 seconds
[2021-06-07 18:56:56,425] {scheduler_job.py:182} INFO - Started process (PID=12947) to work on /home/encrypted/abaceti/.virtualenvs/pumpwood-airflow-images/lib/python3.6/site-packages/airflow/example_dags/example_branch_labels.py
[2021-06-07 18:56:56,426] {scheduler_job.py:633} INFO - Processing file /home/encrypted/abaceti/.virtualenvs/pumpwood-airflow-images/lib/python3.6/site-packages/airflow/example_dags/example_branch_labels.py for tasks to queue
[2021-06-07 18:56:56,426] {logging_mixin.py:104} INFO - [2021-06-07 18:56:56,426] {dagbag.py:487} INFO - Filling up the DagBag from /home/encrypted/abaceti/.virtualenvs/pumpwood-airflow-images/lib/python3.6/site-packages/airflow/example_dags/example_branch_labels.py
[2021-06-07 18:56:56,432] {scheduler_job.py:643} INFO - DAG(s) dict_keys(['example_branch_labels']) retrieved from /home/encrypted/abaceti/.virtualenvs/pumpwood-airflow-images/lib/python3.6/site-packages/airflow/example_dags/example_branch_labels.py
[2021-06-07 18:56:56,447] {logging_mixin.py:104} INFO - [2021-06-07 18:56:56,447] {dag.py:1832} INFO - Sync 1 DAGs
[2021-06-07 18:56:56,457] {logging_mixin.py:104} INFO - [2021-06-07 18:56:56,457] {dag.py:2305} INFO - Setting next_dagrun for example_branch_labels to 2021-06-05 00:00:00+00:00
[2021-06-07 18:56:56,462] {scheduler_job.py:190} INFO - Processing /home/encrypted/abaceti/.virtualenvs/pumpwood-airflow-images/lib/python3.6/site-packages/airflow/example_dags/example_branch_labels.py took 0.038 seconds
[2021-06-07 18:57:27,418] {scheduler_job.py:182} INFO - Started process (PID=13065) to work on /home/encrypted/abaceti/.virtualenvs/pumpwood-airflow-images/lib/python3.6/site-packages/airflow/example_dags/example_branch_labels.py
[2021-06-07 18:57:27,418] {scheduler_job.py:633} INFO - Processing file /home/encrypted/abaceti/.virtualenvs/pumpwood-airflow-images/lib/python3.6/site-packages/airflow/example_dags/example_branch_labels.py for tasks to queue
[2021-06-07 18:57:27,419] {logging_mixin.py:104} INFO - [2021-06-07 18:57:27,419] {dagbag.py:487} INFO - Filling up the DagBag from /home/encrypted/abaceti/.virtualenvs/pumpwood-airflow-images/lib/python3.6/site-packages/airflow/example_dags/example_branch_labels.py
[2021-06-07 18:57:27,425] {scheduler_job.py:643} INFO - DAG(s) dict_keys(['example_branch_labels']) retrieved from /home/encrypted/abaceti/.virtualenvs/pumpwood-airflow-images/lib/python3.6/site-packages/airflow/example_dags/example_branch_labels.py
[2021-06-07 18:57:27,439] {logging_mixin.py:104} INFO - [2021-06-07 18:57:27,439] {dag.py:1832} INFO - Sync 1 DAGs
[2021-06-07 18:57:27,449] {logging_mixin.py:104} INFO - [2021-06-07 18:57:27,449] {dag.py:2305} INFO - Setting next_dagrun for example_branch_labels to 2021-06-05 00:00:00+00:00
[2021-06-07 18:57:27,454] {scheduler_job.py:190} INFO - Processing /home/encrypted/abaceti/.virtualenvs/pumpwood-airflow-images/lib/python3.6/site-packages/airflow/example_dags/example_branch_labels.py took 0.037 seconds
[2021-06-07 18:57:57,710] {scheduler_job.py:182} INFO - Started process (PID=13240) to work on /home/encrypted/abaceti/.virtualenvs/pumpwood-airflow-images/lib/python3.6/site-packages/airflow/example_dags/example_branch_labels.py
[2021-06-07 18:57:57,710] {scheduler_job.py:633} INFO - Processing file /home/encrypted/abaceti/.virtualenvs/pumpwood-airflow-images/lib/python3.6/site-packages/airflow/example_dags/example_branch_labels.py for tasks to queue
[2021-06-07 18:57:57,711] {logging_mixin.py:104} INFO - [2021-06-07 18:57:57,711] {dagbag.py:487} INFO - Filling up the DagBag from /home/encrypted/abaceti/.virtualenvs/pumpwood-airflow-images/lib/python3.6/site-packages/airflow/example_dags/example_branch_labels.py
[2021-06-07 18:57:57,716] {scheduler_job.py:643} INFO - DAG(s) dict_keys(['example_branch_labels']) retrieved from /home/encrypted/abaceti/.virtualenvs/pumpwood-airflow-images/lib/python3.6/site-packages/airflow/example_dags/example_branch_labels.py
[2021-06-07 18:57:57,733] {logging_mixin.py:104} INFO - [2021-06-07 18:57:57,733] {dag.py:1832} INFO - Sync 1 DAGs
[2021-06-07 18:57:57,744] {logging_mixin.py:104} INFO - [2021-06-07 18:57:57,744] {dag.py:2305} INFO - Setting next_dagrun for example_branch_labels to 2021-06-05 00:00:00+00:00
[2021-06-07 18:57:57,749] {scheduler_job.py:190} INFO - Processing /home/encrypted/abaceti/.virtualenvs/pumpwood-airflow-images/lib/python3.6/site-packages/airflow/example_dags/example_branch_labels.py took 0.040 seconds
[2021-06-07 18:58:28,714] {scheduler_job.py:182} INFO - Started process (PID=13352) to work on /home/encrypted/abaceti/.virtualenvs/pumpwood-airflow-images/lib/python3.6/site-packages/airflow/example_dags/example_branch_labels.py
[2021-06-07 18:58:28,715] {scheduler_job.py:633} INFO - Processing file /home/encrypted/abaceti/.virtualenvs/pumpwood-airflow-images/lib/python3.6/site-packages/airflow/example_dags/example_branch_labels.py for tasks to queue
[2021-06-07 18:58:28,715] {logging_mixin.py:104} INFO - [2021-06-07 18:58:28,715] {dagbag.py:487} INFO - Filling up the DagBag from /home/encrypted/abaceti/.virtualenvs/pumpwood-airflow-images/lib/python3.6/site-packages/airflow/example_dags/example_branch_labels.py
[2021-06-07 18:58:28,721] {scheduler_job.py:643} INFO - DAG(s) dict_keys(['example_branch_labels']) retrieved from /home/encrypted/abaceti/.virtualenvs/pumpwood-airflow-images/lib/python3.6/site-packages/airflow/example_dags/example_branch_labels.py
[2021-06-07 18:58:28,737] {logging_mixin.py:104} INFO - [2021-06-07 18:58:28,737] {dag.py:1832} INFO - Sync 1 DAGs
[2021-06-07 18:58:28,747] {logging_mixin.py:104} INFO - [2021-06-07 18:58:28,747] {dag.py:2305} INFO - Setting next_dagrun for example_branch_labels to 2021-06-05 00:00:00+00:00
[2021-06-07 18:58:28,752] {scheduler_job.py:190} INFO - Processing /home/encrypted/abaceti/.virtualenvs/pumpwood-airflow-images/lib/python3.6/site-packages/airflow/example_dags/example_branch_labels.py took 0.039 seconds
[2021-06-07 18:58:59,929] {scheduler_job.py:182} INFO - Started process (PID=13530) to work on /home/encrypted/abaceti/.virtualenvs/pumpwood-airflow-images/lib/python3.6/site-packages/airflow/example_dags/example_branch_labels.py
[2021-06-07 18:58:59,929] {scheduler_job.py:633} INFO - Processing file /home/encrypted/abaceti/.virtualenvs/pumpwood-airflow-images/lib/python3.6/site-packages/airflow/example_dags/example_branch_labels.py for tasks to queue
[2021-06-07 18:58:59,930] {logging_mixin.py:104} INFO - [2021-06-07 18:58:59,929] {dagbag.py:487} INFO - Filling up the DagBag from /home/encrypted/abaceti/.virtualenvs/pumpwood-airflow-images/lib/python3.6/site-packages/airflow/example_dags/example_branch_labels.py
[2021-06-07 18:58:59,935] {scheduler_job.py:643} INFO - DAG(s) dict_keys(['example_branch_labels']) retrieved from /home/encrypted/abaceti/.virtualenvs/pumpwood-airflow-images/lib/python3.6/site-packages/airflow/example_dags/example_branch_labels.py
[2021-06-07 18:58:59,949] {logging_mixin.py:104} INFO - [2021-06-07 18:58:59,948] {dag.py:1832} INFO - Sync 1 DAGs
[2021-06-07 18:58:59,958] {logging_mixin.py:104} INFO - [2021-06-07 18:58:59,958] {dag.py:2305} INFO - Setting next_dagrun for example_branch_labels to 2021-06-05 00:00:00+00:00
[2021-06-07 18:58:59,962] {scheduler_job.py:190} INFO - Processing /home/encrypted/abaceti/.virtualenvs/pumpwood-airflow-images/lib/python3.6/site-packages/airflow/example_dags/example_branch_labels.py took 0.035 seconds
[2021-06-07 18:59:30,112] {scheduler_job.py:182} INFO - Started process (PID=13654) to work on /home/encrypted/abaceti/.virtualenvs/pumpwood-airflow-images/lib/python3.6/site-packages/airflow/example_dags/example_branch_labels.py
[2021-06-07 18:59:30,112] {scheduler_job.py:633} INFO - Processing file /home/encrypted/abaceti/.virtualenvs/pumpwood-airflow-images/lib/python3.6/site-packages/airflow/example_dags/example_branch_labels.py for tasks to queue
[2021-06-07 18:59:30,113] {logging_mixin.py:104} INFO - [2021-06-07 18:59:30,113] {dagbag.py:487} INFO - Filling up the DagBag from /home/encrypted/abaceti/.virtualenvs/pumpwood-airflow-images/lib/python3.6/site-packages/airflow/example_dags/example_branch_labels.py
[2021-06-07 18:59:30,118] {scheduler_job.py:643} INFO - DAG(s) dict_keys(['example_branch_labels']) retrieved from /home/encrypted/abaceti/.virtualenvs/pumpwood-airflow-images/lib/python3.6/site-packages/airflow/example_dags/example_branch_labels.py
[2021-06-07 18:59:30,135] {logging_mixin.py:104} INFO - [2021-06-07 18:59:30,135] {dag.py:1832} INFO - Sync 1 DAGs
[2021-06-07 18:59:30,144] {logging_mixin.py:104} INFO - [2021-06-07 18:59:30,144] {dag.py:2305} INFO - Setting next_dagrun for example_branch_labels to 2021-06-05 00:00:00+00:00
[2021-06-07 18:59:30,148] {scheduler_job.py:190} INFO - Processing /home/encrypted/abaceti/.virtualenvs/pumpwood-airflow-images/lib/python3.6/site-packages/airflow/example_dags/example_branch_labels.py took 0.038 seconds
[2021-06-07 19:00:00,250] {scheduler_job.py:182} INFO - Started process (PID=13817) to work on /home/encrypted/abaceti/.virtualenvs/pumpwood-airflow-images/lib/python3.6/site-packages/airflow/example_dags/example_branch_labels.py
[2021-06-07 19:00:00,250] {scheduler_job.py:633} INFO - Processing file /home/encrypted/abaceti/.virtualenvs/pumpwood-airflow-images/lib/python3.6/site-packages/airflow/example_dags/example_branch_labels.py for tasks to queue
[2021-06-07 19:00:00,250] {logging_mixin.py:104} INFO - [2021-06-07 19:00:00,250] {dagbag.py:487} INFO - Filling up the DagBag from /home/encrypted/abaceti/.virtualenvs/pumpwood-airflow-images/lib/python3.6/site-packages/airflow/example_dags/example_branch_labels.py
[2021-06-07 19:00:00,256] {scheduler_job.py:643} INFO - DAG(s) dict_keys(['example_branch_labels']) retrieved from /home/encrypted/abaceti/.virtualenvs/pumpwood-airflow-images/lib/python3.6/site-packages/airflow/example_dags/example_branch_labels.py
[2021-06-07 19:00:00,270] {logging_mixin.py:104} INFO - [2021-06-07 19:00:00,270] {dag.py:1832} INFO - Sync 1 DAGs
[2021-06-07 19:00:00,279] {logging_mixin.py:104} INFO - [2021-06-07 19:00:00,279] {dag.py:2305} INFO - Setting next_dagrun for example_branch_labels to 2021-06-05 00:00:00+00:00
[2021-06-07 19:00:00,284] {scheduler_job.py:190} INFO - Processing /home/encrypted/abaceti/.virtualenvs/pumpwood-airflow-images/lib/python3.6/site-packages/airflow/example_dags/example_branch_labels.py took 0.036 seconds
[2021-06-07 19:00:30,403] {scheduler_job.py:182} INFO - Started process (PID=13934) to work on /home/encrypted/abaceti/.virtualenvs/pumpwood-airflow-images/lib/python3.6/site-packages/airflow/example_dags/example_branch_labels.py
[2021-06-07 19:00:30,404] {scheduler_job.py:633} INFO - Processing file /home/encrypted/abaceti/.virtualenvs/pumpwood-airflow-images/lib/python3.6/site-packages/airflow/example_dags/example_branch_labels.py for tasks to queue
[2021-06-07 19:00:30,404] {logging_mixin.py:104} INFO - [2021-06-07 19:00:30,404] {dagbag.py:487} INFO - Filling up the DagBag from /home/encrypted/abaceti/.virtualenvs/pumpwood-airflow-images/lib/python3.6/site-packages/airflow/example_dags/example_branch_labels.py
[2021-06-07 19:00:30,410] {scheduler_job.py:643} INFO - DAG(s) dict_keys(['example_branch_labels']) retrieved from /home/encrypted/abaceti/.virtualenvs/pumpwood-airflow-images/lib/python3.6/site-packages/airflow/example_dags/example_branch_labels.py
[2021-06-07 19:00:30,425] {logging_mixin.py:104} INFO - [2021-06-07 19:00:30,425] {dag.py:1832} INFO - Sync 1 DAGs
[2021-06-07 19:00:30,434] {logging_mixin.py:104} INFO - [2021-06-07 19:00:30,434] {dag.py:2305} INFO - Setting next_dagrun for example_branch_labels to 2021-06-05 00:00:00+00:00
[2021-06-07 19:00:30,439] {scheduler_job.py:190} INFO - Processing /home/encrypted/abaceti/.virtualenvs/pumpwood-airflow-images/lib/python3.6/site-packages/airflow/example_dags/example_branch_labels.py took 0.037 seconds
[2021-06-07 19:01:00,595] {scheduler_job.py:182} INFO - Started process (PID=14124) to work on /home/encrypted/abaceti/.virtualenvs/pumpwood-airflow-images/lib/python3.6/site-packages/airflow/example_dags/example_branch_labels.py
[2021-06-07 19:01:00,596] {scheduler_job.py:633} INFO - Processing file /home/encrypted/abaceti/.virtualenvs/pumpwood-airflow-images/lib/python3.6/site-packages/airflow/example_dags/example_branch_labels.py for tasks to queue
[2021-06-07 19:01:00,596] {logging_mixin.py:104} INFO - [2021-06-07 19:01:00,596] {dagbag.py:487} INFO - Filling up the DagBag from /home/encrypted/abaceti/.virtualenvs/pumpwood-airflow-images/lib/python3.6/site-packages/airflow/example_dags/example_branch_labels.py
[2021-06-07 19:01:00,602] {scheduler_job.py:643} INFO - DAG(s) dict_keys(['example_branch_labels']) retrieved from /home/encrypted/abaceti/.virtualenvs/pumpwood-airflow-images/lib/python3.6/site-packages/airflow/example_dags/example_branch_labels.py
[2021-06-07 19:01:00,617] {logging_mixin.py:104} INFO - [2021-06-07 19:01:00,616] {dag.py:1832} INFO - Sync 1 DAGs
[2021-06-07 19:01:00,626] {logging_mixin.py:104} INFO - [2021-06-07 19:01:00,626] {dag.py:2305} INFO - Setting next_dagrun for example_branch_labels to 2021-06-05 00:00:00+00:00
[2021-06-07 19:01:00,631] {scheduler_job.py:190} INFO - Processing /home/encrypted/abaceti/.virtualenvs/pumpwood-airflow-images/lib/python3.6/site-packages/airflow/example_dags/example_branch_labels.py took 0.038 seconds
[2021-06-07 19:01:30,914] {scheduler_job.py:182} INFO - Started process (PID=14247) to work on /home/encrypted/abaceti/.virtualenvs/pumpwood-airflow-images/lib/python3.6/site-packages/airflow/example_dags/example_branch_labels.py
[2021-06-07 19:01:30,914] {scheduler_job.py:633} INFO - Processing file /home/encrypted/abaceti/.virtualenvs/pumpwood-airflow-images/lib/python3.6/site-packages/airflow/example_dags/example_branch_labels.py for tasks to queue
[2021-06-07 19:01:30,915] {logging_mixin.py:104} INFO - [2021-06-07 19:01:30,915] {dagbag.py:487} INFO - Filling up the DagBag from /home/encrypted/abaceti/.virtualenvs/pumpwood-airflow-images/lib/python3.6/site-packages/airflow/example_dags/example_branch_labels.py
[2021-06-07 19:01:30,920] {scheduler_job.py:643} INFO - DAG(s) dict_keys(['example_branch_labels']) retrieved from /home/encrypted/abaceti/.virtualenvs/pumpwood-airflow-images/lib/python3.6/site-packages/airflow/example_dags/example_branch_labels.py
[2021-06-07 19:01:30,937] {logging_mixin.py:104} INFO - [2021-06-07 19:01:30,937] {dag.py:1832} INFO - Sync 1 DAGs
[2021-06-07 19:01:30,948] {logging_mixin.py:104} INFO - [2021-06-07 19:01:30,948] {dag.py:2305} INFO - Setting next_dagrun for example_branch_labels to 2021-06-05 00:00:00+00:00
[2021-06-07 19:01:30,953] {scheduler_job.py:190} INFO - Processing /home/encrypted/abaceti/.virtualenvs/pumpwood-airflow-images/lib/python3.6/site-packages/airflow/example_dags/example_branch_labels.py took 0.041 seconds
[2021-06-07 19:02:01,040] {scheduler_job.py:182} INFO - Started process (PID=14428) to work on /home/encrypted/abaceti/.virtualenvs/pumpwood-airflow-images/lib/python3.6/site-packages/airflow/example_dags/example_branch_labels.py
[2021-06-07 19:02:01,041] {scheduler_job.py:633} INFO - Processing file /home/encrypted/abaceti/.virtualenvs/pumpwood-airflow-images/lib/python3.6/site-packages/airflow/example_dags/example_branch_labels.py for tasks to queue
[2021-06-07 19:02:01,041] {logging_mixin.py:104} INFO - [2021-06-07 19:02:01,041] {dagbag.py:487} INFO - Filling up the DagBag from /home/encrypted/abaceti/.virtualenvs/pumpwood-airflow-images/lib/python3.6/site-packages/airflow/example_dags/example_branch_labels.py
[2021-06-07 19:02:01,047] {scheduler_job.py:643} INFO - DAG(s) dict_keys(['example_branch_labels']) retrieved from /home/encrypted/abaceti/.virtualenvs/pumpwood-airflow-images/lib/python3.6/site-packages/airflow/example_dags/example_branch_labels.py
[2021-06-07 19:02:01,061] {logging_mixin.py:104} INFO - [2021-06-07 19:02:01,061] {dag.py:1832} INFO - Sync 1 DAGs
[2021-06-07 19:02:01,071] {logging_mixin.py:104} INFO - [2021-06-07 19:02:01,071] {dag.py:2305} INFO - Setting next_dagrun for example_branch_labels to 2021-06-05 00:00:00+00:00
[2021-06-07 19:02:01,076] {scheduler_job.py:190} INFO - Processing /home/encrypted/abaceti/.virtualenvs/pumpwood-airflow-images/lib/python3.6/site-packages/airflow/example_dags/example_branch_labels.py took 0.038 seconds
[2021-06-07 19:02:31,166] {scheduler_job.py:182} INFO - Started process (PID=14642) to work on /home/encrypted/abaceti/.virtualenvs/pumpwood-airflow-images/lib/python3.6/site-packages/airflow/example_dags/example_branch_labels.py
[2021-06-07 19:02:31,167] {scheduler_job.py:633} INFO - Processing file /home/encrypted/abaceti/.virtualenvs/pumpwood-airflow-images/lib/python3.6/site-packages/airflow/example_dags/example_branch_labels.py for tasks to queue
[2021-06-07 19:02:31,167] {logging_mixin.py:104} INFO - [2021-06-07 19:02:31,167] {dagbag.py:487} INFO - Filling up the DagBag from /home/encrypted/abaceti/.virtualenvs/pumpwood-airflow-images/lib/python3.6/site-packages/airflow/example_dags/example_branch_labels.py
[2021-06-07 19:02:31,173] {scheduler_job.py:643} INFO - DAG(s) dict_keys(['example_branch_labels']) retrieved from /home/encrypted/abaceti/.virtualenvs/pumpwood-airflow-images/lib/python3.6/site-packages/airflow/example_dags/example_branch_labels.py
[2021-06-07 19:02:31,188] {logging_mixin.py:104} INFO - [2021-06-07 19:02:31,187] {dag.py:1832} INFO - Sync 1 DAGs
[2021-06-07 19:02:31,197] {logging_mixin.py:104} INFO - [2021-06-07 19:02:31,197] {dag.py:2305} INFO - Setting next_dagrun for example_branch_labels to 2021-06-05 00:00:00+00:00
[2021-06-07 19:02:31,202] {scheduler_job.py:190} INFO - Processing /home/encrypted/abaceti/.virtualenvs/pumpwood-airflow-images/lib/python3.6/site-packages/airflow/example_dags/example_branch_labels.py took 0.037 seconds
