[2021-06-07 18:39:20,104] {scheduler_job.py:182} INFO - Started process (PID=5676) to work on /home/encrypted/abaceti/.virtualenvs/pumpwood-airflow-images/lib/python3.6/site-packages/airflow/example_dags/example_branch_operator.py
[2021-06-07 18:39:20,105] {scheduler_job.py:633} INFO - Processing file /home/encrypted/abaceti/.virtualenvs/pumpwood-airflow-images/lib/python3.6/site-packages/airflow/example_dags/example_branch_operator.py for tasks to queue
[2021-06-07 18:39:20,105] {logging_mixin.py:104} INFO - [2021-06-07 18:39:20,105] {dagbag.py:487} INFO - Filling up the DagBag from /home/encrypted/abaceti/.virtualenvs/pumpwood-airflow-images/lib/python3.6/site-packages/airflow/example_dags/example_branch_operator.py
[2021-06-07 18:39:20,112] {scheduler_job.py:643} INFO - DAG(s) dict_keys(['example_branch_operator']) retrieved from /home/encrypted/abaceti/.virtualenvs/pumpwood-airflow-images/lib/python3.6/site-packages/airflow/example_dags/example_branch_operator.py
[2021-06-07 18:39:20,128] {logging_mixin.py:104} INFO - [2021-06-07 18:39:20,127] {dag.py:1832} INFO - Sync 1 DAGs
[2021-06-07 18:39:20,138] {logging_mixin.py:104} INFO - [2021-06-07 18:39:20,138] {dag.py:2305} INFO - Setting next_dagrun for example_branch_operator to 2021-06-05 00:00:00+00:00
[2021-06-07 18:39:20,143] {scheduler_job.py:190} INFO - Processing /home/encrypted/abaceti/.virtualenvs/pumpwood-airflow-images/lib/python3.6/site-packages/airflow/example_dags/example_branch_operator.py took 0.041 seconds
[2021-06-07 18:39:50,245] {scheduler_job.py:182} INFO - Started process (PID=5840) to work on /home/encrypted/abaceti/.virtualenvs/pumpwood-airflow-images/lib/python3.6/site-packages/airflow/example_dags/example_branch_operator.py
[2021-06-07 18:39:50,246] {scheduler_job.py:633} INFO - Processing file /home/encrypted/abaceti/.virtualenvs/pumpwood-airflow-images/lib/python3.6/site-packages/airflow/example_dags/example_branch_operator.py for tasks to queue
[2021-06-07 18:39:50,246] {logging_mixin.py:104} INFO - [2021-06-07 18:39:50,246] {dagbag.py:487} INFO - Filling up the DagBag from /home/encrypted/abaceti/.virtualenvs/pumpwood-airflow-images/lib/python3.6/site-packages/airflow/example_dags/example_branch_operator.py
[2021-06-07 18:39:50,253] {scheduler_job.py:643} INFO - DAG(s) dict_keys(['example_branch_operator']) retrieved from /home/encrypted/abaceti/.virtualenvs/pumpwood-airflow-images/lib/python3.6/site-packages/airflow/example_dags/example_branch_operator.py
[2021-06-07 18:39:50,268] {logging_mixin.py:104} INFO - [2021-06-07 18:39:50,268] {dag.py:1832} INFO - Sync 1 DAGs
[2021-06-07 18:39:50,279] {logging_mixin.py:104} INFO - [2021-06-07 18:39:50,279] {dag.py:2305} INFO - Setting next_dagrun for example_branch_operator to 2021-06-05 00:00:00+00:00
[2021-06-07 18:39:50,286] {scheduler_job.py:190} INFO - Processing /home/encrypted/abaceti/.virtualenvs/pumpwood-airflow-images/lib/python3.6/site-packages/airflow/example_dags/example_branch_operator.py took 0.042 seconds
[2021-06-07 18:40:20,419] {scheduler_job.py:182} INFO - Started process (PID=5989) to work on /home/encrypted/abaceti/.virtualenvs/pumpwood-airflow-images/lib/python3.6/site-packages/airflow/example_dags/example_branch_operator.py
[2021-06-07 18:40:20,420] {scheduler_job.py:633} INFO - Processing file /home/encrypted/abaceti/.virtualenvs/pumpwood-airflow-images/lib/python3.6/site-packages/airflow/example_dags/example_branch_operator.py for tasks to queue
[2021-06-07 18:40:20,420] {logging_mixin.py:104} INFO - [2021-06-07 18:40:20,420] {dagbag.py:487} INFO - Filling up the DagBag from /home/encrypted/abaceti/.virtualenvs/pumpwood-airflow-images/lib/python3.6/site-packages/airflow/example_dags/example_branch_operator.py
[2021-06-07 18:40:20,427] {scheduler_job.py:643} INFO - DAG(s) dict_keys(['example_branch_operator']) retrieved from /home/encrypted/abaceti/.virtualenvs/pumpwood-airflow-images/lib/python3.6/site-packages/airflow/example_dags/example_branch_operator.py
[2021-06-07 18:40:20,440] {logging_mixin.py:104} INFO - [2021-06-07 18:40:20,440] {dag.py:1832} INFO - Sync 1 DAGs
[2021-06-07 18:40:20,450] {logging_mixin.py:104} INFO - [2021-06-07 18:40:20,450] {dag.py:2305} INFO - Setting next_dagrun for example_branch_operator to 2021-06-05 00:00:00+00:00
[2021-06-07 18:40:20,455] {scheduler_job.py:190} INFO - Processing /home/encrypted/abaceti/.virtualenvs/pumpwood-airflow-images/lib/python3.6/site-packages/airflow/example_dags/example_branch_operator.py took 0.038 seconds
[2021-06-07 18:40:50,625] {scheduler_job.py:182} INFO - Started process (PID=6182) to work on /home/encrypted/abaceti/.virtualenvs/pumpwood-airflow-images/lib/python3.6/site-packages/airflow/example_dags/example_branch_operator.py
[2021-06-07 18:40:50,626] {scheduler_job.py:633} INFO - Processing file /home/encrypted/abaceti/.virtualenvs/pumpwood-airflow-images/lib/python3.6/site-packages/airflow/example_dags/example_branch_operator.py for tasks to queue
[2021-06-07 18:40:50,626] {logging_mixin.py:104} INFO - [2021-06-07 18:40:50,626] {dagbag.py:487} INFO - Filling up the DagBag from /home/encrypted/abaceti/.virtualenvs/pumpwood-airflow-images/lib/python3.6/site-packages/airflow/example_dags/example_branch_operator.py
[2021-06-07 18:40:50,634] {scheduler_job.py:643} INFO - DAG(s) dict_keys(['example_branch_operator']) retrieved from /home/encrypted/abaceti/.virtualenvs/pumpwood-airflow-images/lib/python3.6/site-packages/airflow/example_dags/example_branch_operator.py
[2021-06-07 18:40:50,649] {logging_mixin.py:104} INFO - [2021-06-07 18:40:50,649] {dag.py:1832} INFO - Sync 1 DAGs
[2021-06-07 18:40:50,659] {logging_mixin.py:104} INFO - [2021-06-07 18:40:50,659] {dag.py:2305} INFO - Setting next_dagrun for example_branch_operator to 2021-06-05 00:00:00+00:00
[2021-06-07 18:40:50,665] {scheduler_job.py:190} INFO - Processing /home/encrypted/abaceti/.virtualenvs/pumpwood-airflow-images/lib/python3.6/site-packages/airflow/example_dags/example_branch_operator.py took 0.041 seconds
[2021-06-07 18:41:20,884] {scheduler_job.py:182} INFO - Started process (PID=6298) to work on /home/encrypted/abaceti/.virtualenvs/pumpwood-airflow-images/lib/python3.6/site-packages/airflow/example_dags/example_branch_operator.py
[2021-06-07 18:41:20,884] {scheduler_job.py:633} INFO - Processing file /home/encrypted/abaceti/.virtualenvs/pumpwood-airflow-images/lib/python3.6/site-packages/airflow/example_dags/example_branch_operator.py for tasks to queue
[2021-06-07 18:41:20,884] {logging_mixin.py:104} INFO - [2021-06-07 18:41:20,884] {dagbag.py:487} INFO - Filling up the DagBag from /home/encrypted/abaceti/.virtualenvs/pumpwood-airflow-images/lib/python3.6/site-packages/airflow/example_dags/example_branch_operator.py
[2021-06-07 18:41:20,892] {scheduler_job.py:643} INFO - DAG(s) dict_keys(['example_branch_operator']) retrieved from /home/encrypted/abaceti/.virtualenvs/pumpwood-airflow-images/lib/python3.6/site-packages/airflow/example_dags/example_branch_operator.py
[2021-06-07 18:41:20,907] {logging_mixin.py:104} INFO - [2021-06-07 18:41:20,907] {dag.py:1832} INFO - Sync 1 DAGs
[2021-06-07 18:41:20,918] {logging_mixin.py:104} INFO - [2021-06-07 18:41:20,918] {dag.py:2305} INFO - Setting next_dagrun for example_branch_operator to 2021-06-05 00:00:00+00:00
[2021-06-07 18:41:20,924] {scheduler_job.py:190} INFO - Processing /home/encrypted/abaceti/.virtualenvs/pumpwood-airflow-images/lib/python3.6/site-packages/airflow/example_dags/example_branch_operator.py took 0.042 seconds
[2021-06-07 18:41:51,046] {scheduler_job.py:182} INFO - Started process (PID=6465) to work on /home/encrypted/abaceti/.virtualenvs/pumpwood-airflow-images/lib/python3.6/site-packages/airflow/example_dags/example_branch_operator.py
[2021-06-07 18:41:51,047] {scheduler_job.py:633} INFO - Processing file /home/encrypted/abaceti/.virtualenvs/pumpwood-airflow-images/lib/python3.6/site-packages/airflow/example_dags/example_branch_operator.py for tasks to queue
[2021-06-07 18:41:51,047] {logging_mixin.py:104} INFO - [2021-06-07 18:41:51,047] {dagbag.py:487} INFO - Filling up the DagBag from /home/encrypted/abaceti/.virtualenvs/pumpwood-airflow-images/lib/python3.6/site-packages/airflow/example_dags/example_branch_operator.py
[2021-06-07 18:41:51,055] {scheduler_job.py:643} INFO - DAG(s) dict_keys(['example_branch_operator']) retrieved from /home/encrypted/abaceti/.virtualenvs/pumpwood-airflow-images/lib/python3.6/site-packages/airflow/example_dags/example_branch_operator.py
[2021-06-07 18:41:51,070] {logging_mixin.py:104} INFO - [2021-06-07 18:41:51,070] {dag.py:1832} INFO - Sync 1 DAGs
[2021-06-07 18:41:51,080] {logging_mixin.py:104} INFO - [2021-06-07 18:41:51,079] {dag.py:2305} INFO - Setting next_dagrun for example_branch_operator to 2021-06-05 00:00:00+00:00
[2021-06-07 18:41:51,086] {scheduler_job.py:190} INFO - Processing /home/encrypted/abaceti/.virtualenvs/pumpwood-airflow-images/lib/python3.6/site-packages/airflow/example_dags/example_branch_operator.py took 0.041 seconds
[2021-06-07 18:42:21,251] {scheduler_job.py:182} INFO - Started process (PID=6580) to work on /home/encrypted/abaceti/.virtualenvs/pumpwood-airflow-images/lib/python3.6/site-packages/airflow/example_dags/example_branch_operator.py
[2021-06-07 18:42:21,251] {scheduler_job.py:633} INFO - Processing file /home/encrypted/abaceti/.virtualenvs/pumpwood-airflow-images/lib/python3.6/site-packages/airflow/example_dags/example_branch_operator.py for tasks to queue
[2021-06-07 18:42:21,252] {logging_mixin.py:104} INFO - [2021-06-07 18:42:21,252] {dagbag.py:487} INFO - Filling up the DagBag from /home/encrypted/abaceti/.virtualenvs/pumpwood-airflow-images/lib/python3.6/site-packages/airflow/example_dags/example_branch_operator.py
[2021-06-07 18:42:21,259] {scheduler_job.py:643} INFO - DAG(s) dict_keys(['example_branch_operator']) retrieved from /home/encrypted/abaceti/.virtualenvs/pumpwood-airflow-images/lib/python3.6/site-packages/airflow/example_dags/example_branch_operator.py
[2021-06-07 18:42:21,273] {logging_mixin.py:104} INFO - [2021-06-07 18:42:21,273] {dag.py:1832} INFO - Sync 1 DAGs
[2021-06-07 18:42:21,284] {logging_mixin.py:104} INFO - [2021-06-07 18:42:21,284] {dag.py:2305} INFO - Setting next_dagrun for example_branch_operator to 2021-06-05 00:00:00+00:00
[2021-06-07 18:42:21,290] {scheduler_job.py:190} INFO - Processing /home/encrypted/abaceti/.virtualenvs/pumpwood-airflow-images/lib/python3.6/site-packages/airflow/example_dags/example_branch_operator.py took 0.041 seconds
[2021-06-07 18:42:52,352] {scheduler_job.py:182} INFO - Started process (PID=6804) to work on /home/encrypted/abaceti/.virtualenvs/pumpwood-airflow-images/lib/python3.6/site-packages/airflow/example_dags/example_branch_operator.py
[2021-06-07 18:42:52,352] {scheduler_job.py:633} INFO - Processing file /home/encrypted/abaceti/.virtualenvs/pumpwood-airflow-images/lib/python3.6/site-packages/airflow/example_dags/example_branch_operator.py for tasks to queue
[2021-06-07 18:42:52,353] {logging_mixin.py:104} INFO - [2021-06-07 18:42:52,353] {dagbag.py:487} INFO - Filling up the DagBag from /home/encrypted/abaceti/.virtualenvs/pumpwood-airflow-images/lib/python3.6/site-packages/airflow/example_dags/example_branch_operator.py
[2021-06-07 18:42:52,361] {scheduler_job.py:643} INFO - DAG(s) dict_keys(['example_branch_operator']) retrieved from /home/encrypted/abaceti/.virtualenvs/pumpwood-airflow-images/lib/python3.6/site-packages/airflow/example_dags/example_branch_operator.py
[2021-06-07 18:42:52,376] {logging_mixin.py:104} INFO - [2021-06-07 18:42:52,376] {dag.py:1832} INFO - Sync 1 DAGs
[2021-06-07 18:42:52,387] {logging_mixin.py:104} INFO - [2021-06-07 18:42:52,387] {dag.py:2305} INFO - Setting next_dagrun for example_branch_operator to 2021-06-05 00:00:00+00:00
[2021-06-07 18:42:52,393] {scheduler_job.py:190} INFO - Processing /home/encrypted/abaceti/.virtualenvs/pumpwood-airflow-images/lib/python3.6/site-packages/airflow/example_dags/example_branch_operator.py took 0.043 seconds
[2021-06-07 18:43:23,423] {scheduler_job.py:182} INFO - Started process (PID=7071) to work on /home/encrypted/abaceti/.virtualenvs/pumpwood-airflow-images/lib/python3.6/site-packages/airflow/example_dags/example_branch_operator.py
[2021-06-07 18:43:23,423] {scheduler_job.py:633} INFO - Processing file /home/encrypted/abaceti/.virtualenvs/pumpwood-airflow-images/lib/python3.6/site-packages/airflow/example_dags/example_branch_operator.py for tasks to queue
[2021-06-07 18:43:23,424] {logging_mixin.py:104} INFO - [2021-06-07 18:43:23,424] {dagbag.py:487} INFO - Filling up the DagBag from /home/encrypted/abaceti/.virtualenvs/pumpwood-airflow-images/lib/python3.6/site-packages/airflow/example_dags/example_branch_operator.py
[2021-06-07 18:43:23,430] {scheduler_job.py:643} INFO - DAG(s) dict_keys(['example_branch_operator']) retrieved from /home/encrypted/abaceti/.virtualenvs/pumpwood-airflow-images/lib/python3.6/site-packages/airflow/example_dags/example_branch_operator.py
[2021-06-07 18:43:23,446] {logging_mixin.py:104} INFO - [2021-06-07 18:43:23,446] {dag.py:1832} INFO - Sync 1 DAGs
[2021-06-07 18:43:23,455] {logging_mixin.py:104} INFO - [2021-06-07 18:43:23,455] {dag.py:2305} INFO - Setting next_dagrun for example_branch_operator to 2021-06-05 00:00:00+00:00
[2021-06-07 18:43:23,461] {scheduler_job.py:190} INFO - Processing /home/encrypted/abaceti/.virtualenvs/pumpwood-airflow-images/lib/python3.6/site-packages/airflow/example_dags/example_branch_operator.py took 0.040 seconds
[2021-06-07 18:43:54,512] {scheduler_job.py:182} INFO - Started process (PID=7272) to work on /home/encrypted/abaceti/.virtualenvs/pumpwood-airflow-images/lib/python3.6/site-packages/airflow/example_dags/example_branch_operator.py
[2021-06-07 18:43:54,512] {scheduler_job.py:633} INFO - Processing file /home/encrypted/abaceti/.virtualenvs/pumpwood-airflow-images/lib/python3.6/site-packages/airflow/example_dags/example_branch_operator.py for tasks to queue
[2021-06-07 18:43:54,513] {logging_mixin.py:104} INFO - [2021-06-07 18:43:54,513] {dagbag.py:487} INFO - Filling up the DagBag from /home/encrypted/abaceti/.virtualenvs/pumpwood-airflow-images/lib/python3.6/site-packages/airflow/example_dags/example_branch_operator.py
[2021-06-07 18:43:54,519] {scheduler_job.py:643} INFO - DAG(s) dict_keys(['example_branch_operator']) retrieved from /home/encrypted/abaceti/.virtualenvs/pumpwood-airflow-images/lib/python3.6/site-packages/airflow/example_dags/example_branch_operator.py
[2021-06-07 18:43:54,534] {logging_mixin.py:104} INFO - [2021-06-07 18:43:54,534] {dag.py:1832} INFO - Sync 1 DAGs
[2021-06-07 18:43:54,544] {logging_mixin.py:104} INFO - [2021-06-07 18:43:54,544] {dag.py:2305} INFO - Setting next_dagrun for example_branch_operator to 2021-06-05 00:00:00+00:00
[2021-06-07 18:43:54,549] {scheduler_job.py:190} INFO - Processing /home/encrypted/abaceti/.virtualenvs/pumpwood-airflow-images/lib/python3.6/site-packages/airflow/example_dags/example_branch_operator.py took 0.039 seconds
[2021-06-07 18:44:24,630] {scheduler_job.py:182} INFO - Started process (PID=7387) to work on /home/encrypted/abaceti/.virtualenvs/pumpwood-airflow-images/lib/python3.6/site-packages/airflow/example_dags/example_branch_operator.py
[2021-06-07 18:44:24,631] {scheduler_job.py:633} INFO - Processing file /home/encrypted/abaceti/.virtualenvs/pumpwood-airflow-images/lib/python3.6/site-packages/airflow/example_dags/example_branch_operator.py for tasks to queue
[2021-06-07 18:44:24,631] {logging_mixin.py:104} INFO - [2021-06-07 18:44:24,631] {dagbag.py:487} INFO - Filling up the DagBag from /home/encrypted/abaceti/.virtualenvs/pumpwood-airflow-images/lib/python3.6/site-packages/airflow/example_dags/example_branch_operator.py
[2021-06-07 18:44:24,638] {scheduler_job.py:643} INFO - DAG(s) dict_keys(['example_branch_operator']) retrieved from /home/encrypted/abaceti/.virtualenvs/pumpwood-airflow-images/lib/python3.6/site-packages/airflow/example_dags/example_branch_operator.py
[2021-06-07 18:44:24,653] {logging_mixin.py:104} INFO - [2021-06-07 18:44:24,653] {dag.py:1832} INFO - Sync 1 DAGs
[2021-06-07 18:44:24,663] {logging_mixin.py:104} INFO - [2021-06-07 18:44:24,663] {dag.py:2305} INFO - Setting next_dagrun for example_branch_operator to 2021-06-05 00:00:00+00:00
[2021-06-07 18:44:24,668] {scheduler_job.py:190} INFO - Processing /home/encrypted/abaceti/.virtualenvs/pumpwood-airflow-images/lib/python3.6/site-packages/airflow/example_dags/example_branch_operator.py took 0.039 seconds
[2021-06-07 18:44:55,695] {scheduler_job.py:182} INFO - Started process (PID=7557) to work on /home/encrypted/abaceti/.virtualenvs/pumpwood-airflow-images/lib/python3.6/site-packages/airflow/example_dags/example_branch_operator.py
[2021-06-07 18:44:55,696] {scheduler_job.py:633} INFO - Processing file /home/encrypted/abaceti/.virtualenvs/pumpwood-airflow-images/lib/python3.6/site-packages/airflow/example_dags/example_branch_operator.py for tasks to queue
[2021-06-07 18:44:55,696] {logging_mixin.py:104} INFO - [2021-06-07 18:44:55,696] {dagbag.py:487} INFO - Filling up the DagBag from /home/encrypted/abaceti/.virtualenvs/pumpwood-airflow-images/lib/python3.6/site-packages/airflow/example_dags/example_branch_operator.py
[2021-06-07 18:44:55,703] {scheduler_job.py:643} INFO - DAG(s) dict_keys(['example_branch_operator']) retrieved from /home/encrypted/abaceti/.virtualenvs/pumpwood-airflow-images/lib/python3.6/site-packages/airflow/example_dags/example_branch_operator.py
[2021-06-07 18:44:55,718] {logging_mixin.py:104} INFO - [2021-06-07 18:44:55,718] {dag.py:1832} INFO - Sync 1 DAGs
[2021-06-07 18:44:55,727] {logging_mixin.py:104} INFO - [2021-06-07 18:44:55,727] {dag.py:2305} INFO - Setting next_dagrun for example_branch_operator to 2021-06-05 00:00:00+00:00
[2021-06-07 18:44:55,733] {scheduler_job.py:190} INFO - Processing /home/encrypted/abaceti/.virtualenvs/pumpwood-airflow-images/lib/python3.6/site-packages/airflow/example_dags/example_branch_operator.py took 0.040 seconds
[2021-06-07 18:45:26,722] {scheduler_job.py:182} INFO - Started process (PID=7680) to work on /home/encrypted/abaceti/.virtualenvs/pumpwood-airflow-images/lib/python3.6/site-packages/airflow/example_dags/example_branch_operator.py
[2021-06-07 18:45:26,723] {scheduler_job.py:633} INFO - Processing file /home/encrypted/abaceti/.virtualenvs/pumpwood-airflow-images/lib/python3.6/site-packages/airflow/example_dags/example_branch_operator.py for tasks to queue
[2021-06-07 18:45:26,723] {logging_mixin.py:104} INFO - [2021-06-07 18:45:26,723] {dagbag.py:487} INFO - Filling up the DagBag from /home/encrypted/abaceti/.virtualenvs/pumpwood-airflow-images/lib/python3.6/site-packages/airflow/example_dags/example_branch_operator.py
[2021-06-07 18:45:26,731] {scheduler_job.py:643} INFO - DAG(s) dict_keys(['example_branch_operator']) retrieved from /home/encrypted/abaceti/.virtualenvs/pumpwood-airflow-images/lib/python3.6/site-packages/airflow/example_dags/example_branch_operator.py
[2021-06-07 18:45:26,746] {logging_mixin.py:104} INFO - [2021-06-07 18:45:26,746] {dag.py:1832} INFO - Sync 1 DAGs
[2021-06-07 18:45:26,757] {logging_mixin.py:104} INFO - [2021-06-07 18:45:26,757] {dag.py:2305} INFO - Setting next_dagrun for example_branch_operator to 2021-06-05 00:00:00+00:00
[2021-06-07 18:45:26,763] {scheduler_job.py:190} INFO - Processing /home/encrypted/abaceti/.virtualenvs/pumpwood-airflow-images/lib/python3.6/site-packages/airflow/example_dags/example_branch_operator.py took 0.042 seconds
[2021-06-07 18:45:56,813] {scheduler_job.py:182} INFO - Started process (PID=7842) to work on /home/encrypted/abaceti/.virtualenvs/pumpwood-airflow-images/lib/python3.6/site-packages/airflow/example_dags/example_branch_operator.py
[2021-06-07 18:45:56,813] {scheduler_job.py:633} INFO - Processing file /home/encrypted/abaceti/.virtualenvs/pumpwood-airflow-images/lib/python3.6/site-packages/airflow/example_dags/example_branch_operator.py for tasks to queue
[2021-06-07 18:45:56,814] {logging_mixin.py:104} INFO - [2021-06-07 18:45:56,814] {dagbag.py:487} INFO - Filling up the DagBag from /home/encrypted/abaceti/.virtualenvs/pumpwood-airflow-images/lib/python3.6/site-packages/airflow/example_dags/example_branch_operator.py
[2021-06-07 18:45:56,821] {scheduler_job.py:643} INFO - DAG(s) dict_keys(['example_branch_operator']) retrieved from /home/encrypted/abaceti/.virtualenvs/pumpwood-airflow-images/lib/python3.6/site-packages/airflow/example_dags/example_branch_operator.py
[2021-06-07 18:45:56,837] {logging_mixin.py:104} INFO - [2021-06-07 18:45:56,836] {dag.py:1832} INFO - Sync 1 DAGs
[2021-06-07 18:45:56,846] {logging_mixin.py:104} INFO - [2021-06-07 18:45:56,846] {dag.py:2305} INFO - Setting next_dagrun for example_branch_operator to 2021-06-05 00:00:00+00:00
[2021-06-07 18:45:56,853] {scheduler_job.py:190} INFO - Processing /home/encrypted/abaceti/.virtualenvs/pumpwood-airflow-images/lib/python3.6/site-packages/airflow/example_dags/example_branch_operator.py took 0.041 seconds
[2021-06-07 18:46:26,980] {scheduler_job.py:182} INFO - Started process (PID=7961) to work on /home/encrypted/abaceti/.virtualenvs/pumpwood-airflow-images/lib/python3.6/site-packages/airflow/example_dags/example_branch_operator.py
[2021-06-07 18:46:26,981] {scheduler_job.py:633} INFO - Processing file /home/encrypted/abaceti/.virtualenvs/pumpwood-airflow-images/lib/python3.6/site-packages/airflow/example_dags/example_branch_operator.py for tasks to queue
[2021-06-07 18:46:26,981] {logging_mixin.py:104} INFO - [2021-06-07 18:46:26,981] {dagbag.py:487} INFO - Filling up the DagBag from /home/encrypted/abaceti/.virtualenvs/pumpwood-airflow-images/lib/python3.6/site-packages/airflow/example_dags/example_branch_operator.py
[2021-06-07 18:46:26,989] {scheduler_job.py:643} INFO - DAG(s) dict_keys(['example_branch_operator']) retrieved from /home/encrypted/abaceti/.virtualenvs/pumpwood-airflow-images/lib/python3.6/site-packages/airflow/example_dags/example_branch_operator.py
[2021-06-07 18:46:27,004] {logging_mixin.py:104} INFO - [2021-06-07 18:46:27,003] {dag.py:1832} INFO - Sync 1 DAGs
[2021-06-07 18:46:27,014] {logging_mixin.py:104} INFO - [2021-06-07 18:46:27,014] {dag.py:2305} INFO - Setting next_dagrun for example_branch_operator to 2021-06-05 00:00:00+00:00
[2021-06-07 18:46:27,020] {scheduler_job.py:190} INFO - Processing /home/encrypted/abaceti/.virtualenvs/pumpwood-airflow-images/lib/python3.6/site-packages/airflow/example_dags/example_branch_operator.py took 0.041 seconds
[2021-06-07 18:46:57,115] {scheduler_job.py:182} INFO - Started process (PID=8150) to work on /home/encrypted/abaceti/.virtualenvs/pumpwood-airflow-images/lib/python3.6/site-packages/airflow/example_dags/example_branch_operator.py
[2021-06-07 18:46:57,116] {scheduler_job.py:633} INFO - Processing file /home/encrypted/abaceti/.virtualenvs/pumpwood-airflow-images/lib/python3.6/site-packages/airflow/example_dags/example_branch_operator.py for tasks to queue
[2021-06-07 18:46:57,116] {logging_mixin.py:104} INFO - [2021-06-07 18:46:57,116] {dagbag.py:487} INFO - Filling up the DagBag from /home/encrypted/abaceti/.virtualenvs/pumpwood-airflow-images/lib/python3.6/site-packages/airflow/example_dags/example_branch_operator.py
[2021-06-07 18:46:57,123] {scheduler_job.py:643} INFO - DAG(s) dict_keys(['example_branch_operator']) retrieved from /home/encrypted/abaceti/.virtualenvs/pumpwood-airflow-images/lib/python3.6/site-packages/airflow/example_dags/example_branch_operator.py
[2021-06-07 18:46:57,137] {logging_mixin.py:104} INFO - [2021-06-07 18:46:57,137] {dag.py:1832} INFO - Sync 1 DAGs
[2021-06-07 18:46:57,148] {logging_mixin.py:104} INFO - [2021-06-07 18:46:57,148] {dag.py:2305} INFO - Setting next_dagrun for example_branch_operator to 2021-06-05 00:00:00+00:00
[2021-06-07 18:46:57,153] {scheduler_job.py:190} INFO - Processing /home/encrypted/abaceti/.virtualenvs/pumpwood-airflow-images/lib/python3.6/site-packages/airflow/example_dags/example_branch_operator.py took 0.040 seconds
[2021-06-07 18:47:27,296] {scheduler_job.py:182} INFO - Started process (PID=8286) to work on /home/encrypted/abaceti/.virtualenvs/pumpwood-airflow-images/lib/python3.6/site-packages/airflow/example_dags/example_branch_operator.py
[2021-06-07 18:47:27,297] {scheduler_job.py:633} INFO - Processing file /home/encrypted/abaceti/.virtualenvs/pumpwood-airflow-images/lib/python3.6/site-packages/airflow/example_dags/example_branch_operator.py for tasks to queue
[2021-06-07 18:47:27,297] {logging_mixin.py:104} INFO - [2021-06-07 18:47:27,297] {dagbag.py:487} INFO - Filling up the DagBag from /home/encrypted/abaceti/.virtualenvs/pumpwood-airflow-images/lib/python3.6/site-packages/airflow/example_dags/example_branch_operator.py
[2021-06-07 18:47:27,305] {scheduler_job.py:643} INFO - DAG(s) dict_keys(['example_branch_operator']) retrieved from /home/encrypted/abaceti/.virtualenvs/pumpwood-airflow-images/lib/python3.6/site-packages/airflow/example_dags/example_branch_operator.py
[2021-06-07 18:47:27,320] {logging_mixin.py:104} INFO - [2021-06-07 18:47:27,320] {dag.py:1832} INFO - Sync 1 DAGs
[2021-06-07 18:47:27,330] {logging_mixin.py:104} INFO - [2021-06-07 18:47:27,330] {dag.py:2305} INFO - Setting next_dagrun for example_branch_operator to 2021-06-05 00:00:00+00:00
[2021-06-07 18:47:27,336] {scheduler_job.py:190} INFO - Processing /home/encrypted/abaceti/.virtualenvs/pumpwood-airflow-images/lib/python3.6/site-packages/airflow/example_dags/example_branch_operator.py took 0.041 seconds
[2021-06-07 18:47:57,351] {scheduler_job.py:182} INFO - Started process (PID=8501) to work on /home/encrypted/abaceti/.virtualenvs/pumpwood-airflow-images/lib/python3.6/site-packages/airflow/example_dags/example_branch_operator.py
[2021-06-07 18:47:57,352] {scheduler_job.py:633} INFO - Processing file /home/encrypted/abaceti/.virtualenvs/pumpwood-airflow-images/lib/python3.6/site-packages/airflow/example_dags/example_branch_operator.py for tasks to queue
[2021-06-07 18:47:57,352] {logging_mixin.py:104} INFO - [2021-06-07 18:47:57,352] {dagbag.py:487} INFO - Filling up the DagBag from /home/encrypted/abaceti/.virtualenvs/pumpwood-airflow-images/lib/python3.6/site-packages/airflow/example_dags/example_branch_operator.py
[2021-06-07 18:47:57,359] {scheduler_job.py:643} INFO - DAG(s) dict_keys(['example_branch_operator']) retrieved from /home/encrypted/abaceti/.virtualenvs/pumpwood-airflow-images/lib/python3.6/site-packages/airflow/example_dags/example_branch_operator.py
[2021-06-07 18:47:57,375] {logging_mixin.py:104} INFO - [2021-06-07 18:47:57,375] {dag.py:1832} INFO - Sync 1 DAGs
[2021-06-07 18:47:57,386] {logging_mixin.py:104} INFO - [2021-06-07 18:47:57,386] {dag.py:2305} INFO - Setting next_dagrun for example_branch_operator to 2021-06-05 00:00:00+00:00
[2021-06-07 18:47:57,391] {scheduler_job.py:190} INFO - Processing /home/encrypted/abaceti/.virtualenvs/pumpwood-airflow-images/lib/python3.6/site-packages/airflow/example_dags/example_branch_operator.py took 0.041 seconds
[2021-06-07 18:48:27,613] {scheduler_job.py:182} INFO - Started process (PID=8723) to work on /home/encrypted/abaceti/.virtualenvs/pumpwood-airflow-images/lib/python3.6/site-packages/airflow/example_dags/example_branch_operator.py
[2021-06-07 18:48:27,613] {scheduler_job.py:633} INFO - Processing file /home/encrypted/abaceti/.virtualenvs/pumpwood-airflow-images/lib/python3.6/site-packages/airflow/example_dags/example_branch_operator.py for tasks to queue
[2021-06-07 18:48:27,613] {logging_mixin.py:104} INFO - [2021-06-07 18:48:27,613] {dagbag.py:487} INFO - Filling up the DagBag from /home/encrypted/abaceti/.virtualenvs/pumpwood-airflow-images/lib/python3.6/site-packages/airflow/example_dags/example_branch_operator.py
[2021-06-07 18:48:27,621] {scheduler_job.py:643} INFO - DAG(s) dict_keys(['example_branch_operator']) retrieved from /home/encrypted/abaceti/.virtualenvs/pumpwood-airflow-images/lib/python3.6/site-packages/airflow/example_dags/example_branch_operator.py
[2021-06-07 18:48:27,635] {logging_mixin.py:104} INFO - [2021-06-07 18:48:27,635] {dag.py:1832} INFO - Sync 1 DAGs
[2021-06-07 18:48:27,645] {logging_mixin.py:104} INFO - [2021-06-07 18:48:27,645] {dag.py:2305} INFO - Setting next_dagrun for example_branch_operator to 2021-06-05 00:00:00+00:00
[2021-06-07 18:48:27,651] {scheduler_job.py:190} INFO - Processing /home/encrypted/abaceti/.virtualenvs/pumpwood-airflow-images/lib/python3.6/site-packages/airflow/example_dags/example_branch_operator.py took 0.040 seconds
[2021-06-07 18:48:49,758] {scheduler_job.py:182} INFO - Started process (PID=8904) to work on /home/encrypted/abaceti/.virtualenvs/pumpwood-airflow-images/lib/python3.6/site-packages/airflow/example_dags/example_branch_operator.py
[2021-06-07 18:48:49,758] {scheduler_job.py:633} INFO - Processing file /home/encrypted/abaceti/.virtualenvs/pumpwood-airflow-images/lib/python3.6/site-packages/airflow/example_dags/example_branch_operator.py for tasks to queue
[2021-06-07 18:48:49,758] {logging_mixin.py:104} INFO - [2021-06-07 18:48:49,758] {dagbag.py:487} INFO - Filling up the DagBag from /home/encrypted/abaceti/.virtualenvs/pumpwood-airflow-images/lib/python3.6/site-packages/airflow/example_dags/example_branch_operator.py
[2021-06-07 18:48:49,766] {scheduler_job.py:643} INFO - DAG(s) dict_keys(['example_branch_operator']) retrieved from /home/encrypted/abaceti/.virtualenvs/pumpwood-airflow-images/lib/python3.6/site-packages/airflow/example_dags/example_branch_operator.py
[2021-06-07 18:48:49,781] {logging_mixin.py:104} INFO - [2021-06-07 18:48:49,780] {dag.py:1832} INFO - Sync 1 DAGs
[2021-06-07 18:48:49,790] {logging_mixin.py:104} INFO - [2021-06-07 18:48:49,790] {dag.py:2305} INFO - Setting next_dagrun for example_branch_operator to 2021-06-05 00:00:00+00:00
[2021-06-07 18:48:49,796] {scheduler_job.py:190} INFO - Processing /home/encrypted/abaceti/.virtualenvs/pumpwood-airflow-images/lib/python3.6/site-packages/airflow/example_dags/example_branch_operator.py took 0.040 seconds
[2021-06-07 18:49:20,858] {scheduler_job.py:182} INFO - Started process (PID=9030) to work on /home/encrypted/abaceti/.virtualenvs/pumpwood-airflow-images/lib/python3.6/site-packages/airflow/example_dags/example_branch_operator.py
[2021-06-07 18:49:20,859] {scheduler_job.py:633} INFO - Processing file /home/encrypted/abaceti/.virtualenvs/pumpwood-airflow-images/lib/python3.6/site-packages/airflow/example_dags/example_branch_operator.py for tasks to queue
[2021-06-07 18:49:20,859] {logging_mixin.py:104} INFO - [2021-06-07 18:49:20,859] {dagbag.py:487} INFO - Filling up the DagBag from /home/encrypted/abaceti/.virtualenvs/pumpwood-airflow-images/lib/python3.6/site-packages/airflow/example_dags/example_branch_operator.py
[2021-06-07 18:49:20,866] {scheduler_job.py:643} INFO - DAG(s) dict_keys(['example_branch_operator']) retrieved from /home/encrypted/abaceti/.virtualenvs/pumpwood-airflow-images/lib/python3.6/site-packages/airflow/example_dags/example_branch_operator.py
[2021-06-07 18:49:20,881] {logging_mixin.py:104} INFO - [2021-06-07 18:49:20,881] {dag.py:1832} INFO - Sync 1 DAGs
[2021-06-07 18:49:20,890] {logging_mixin.py:104} INFO - [2021-06-07 18:49:20,890] {dag.py:2305} INFO - Setting next_dagrun for example_branch_operator to 2021-06-05 00:00:00+00:00
[2021-06-07 18:49:20,895] {scheduler_job.py:190} INFO - Processing /home/encrypted/abaceti/.virtualenvs/pumpwood-airflow-images/lib/python3.6/site-packages/airflow/example_dags/example_branch_operator.py took 0.038 seconds
[2021-06-07 18:49:51,161] {scheduler_job.py:182} INFO - Started process (PID=9212) to work on /home/encrypted/abaceti/.virtualenvs/pumpwood-airflow-images/lib/python3.6/site-packages/airflow/example_dags/example_branch_operator.py
[2021-06-07 18:49:51,162] {scheduler_job.py:633} INFO - Processing file /home/encrypted/abaceti/.virtualenvs/pumpwood-airflow-images/lib/python3.6/site-packages/airflow/example_dags/example_branch_operator.py for tasks to queue
[2021-06-07 18:49:51,162] {logging_mixin.py:104} INFO - [2021-06-07 18:49:51,162] {dagbag.py:487} INFO - Filling up the DagBag from /home/encrypted/abaceti/.virtualenvs/pumpwood-airflow-images/lib/python3.6/site-packages/airflow/example_dags/example_branch_operator.py
[2021-06-07 18:49:51,169] {scheduler_job.py:643} INFO - DAG(s) dict_keys(['example_branch_operator']) retrieved from /home/encrypted/abaceti/.virtualenvs/pumpwood-airflow-images/lib/python3.6/site-packages/airflow/example_dags/example_branch_operator.py
[2021-06-07 18:49:51,185] {logging_mixin.py:104} INFO - [2021-06-07 18:49:51,185] {dag.py:1832} INFO - Sync 1 DAGs
[2021-06-07 18:49:51,195] {logging_mixin.py:104} INFO - [2021-06-07 18:49:51,195] {dag.py:2305} INFO - Setting next_dagrun for example_branch_operator to 2021-06-05 00:00:00+00:00
[2021-06-07 18:49:51,201] {scheduler_job.py:190} INFO - Processing /home/encrypted/abaceti/.virtualenvs/pumpwood-airflow-images/lib/python3.6/site-packages/airflow/example_dags/example_branch_operator.py took 0.041 seconds
[2021-06-07 18:50:21,390] {scheduler_job.py:182} INFO - Started process (PID=9449) to work on /home/encrypted/abaceti/.virtualenvs/pumpwood-airflow-images/lib/python3.6/site-packages/airflow/example_dags/example_branch_operator.py
[2021-06-07 18:50:21,390] {scheduler_job.py:633} INFO - Processing file /home/encrypted/abaceti/.virtualenvs/pumpwood-airflow-images/lib/python3.6/site-packages/airflow/example_dags/example_branch_operator.py for tasks to queue
[2021-06-07 18:50:21,391] {logging_mixin.py:104} INFO - [2021-06-07 18:50:21,391] {dagbag.py:487} INFO - Filling up the DagBag from /home/encrypted/abaceti/.virtualenvs/pumpwood-airflow-images/lib/python3.6/site-packages/airflow/example_dags/example_branch_operator.py
[2021-06-07 18:50:21,397] {scheduler_job.py:643} INFO - DAG(s) dict_keys(['example_branch_operator']) retrieved from /home/encrypted/abaceti/.virtualenvs/pumpwood-airflow-images/lib/python3.6/site-packages/airflow/example_dags/example_branch_operator.py
[2021-06-07 18:50:21,412] {logging_mixin.py:104} INFO - [2021-06-07 18:50:21,412] {dag.py:1832} INFO - Sync 1 DAGs
[2021-06-07 18:50:21,423] {logging_mixin.py:104} INFO - [2021-06-07 18:50:21,422] {dag.py:2305} INFO - Setting next_dagrun for example_branch_operator to 2021-06-05 00:00:00+00:00
[2021-06-07 18:50:21,428] {scheduler_job.py:190} INFO - Processing /home/encrypted/abaceti/.virtualenvs/pumpwood-airflow-images/lib/python3.6/site-packages/airflow/example_dags/example_branch_operator.py took 0.039 seconds
[2021-06-07 18:50:51,641] {scheduler_job.py:182} INFO - Started process (PID=9607) to work on /home/encrypted/abaceti/.virtualenvs/pumpwood-airflow-images/lib/python3.6/site-packages/airflow/example_dags/example_branch_operator.py
[2021-06-07 18:50:51,641] {scheduler_job.py:633} INFO - Processing file /home/encrypted/abaceti/.virtualenvs/pumpwood-airflow-images/lib/python3.6/site-packages/airflow/example_dags/example_branch_operator.py for tasks to queue
[2021-06-07 18:50:51,642] {logging_mixin.py:104} INFO - [2021-06-07 18:50:51,642] {dagbag.py:487} INFO - Filling up the DagBag from /home/encrypted/abaceti/.virtualenvs/pumpwood-airflow-images/lib/python3.6/site-packages/airflow/example_dags/example_branch_operator.py
[2021-06-07 18:50:51,649] {scheduler_job.py:643} INFO - DAG(s) dict_keys(['example_branch_operator']) retrieved from /home/encrypted/abaceti/.virtualenvs/pumpwood-airflow-images/lib/python3.6/site-packages/airflow/example_dags/example_branch_operator.py
[2021-06-07 18:50:51,664] {logging_mixin.py:104} INFO - [2021-06-07 18:50:51,663] {dag.py:1832} INFO - Sync 1 DAGs
[2021-06-07 18:50:51,674] {logging_mixin.py:104} INFO - [2021-06-07 18:50:51,674] {dag.py:2305} INFO - Setting next_dagrun for example_branch_operator to 2021-06-05 00:00:00+00:00
[2021-06-07 18:50:51,681] {scheduler_job.py:190} INFO - Processing /home/encrypted/abaceti/.virtualenvs/pumpwood-airflow-images/lib/python3.6/site-packages/airflow/example_dags/example_branch_operator.py took 0.041 seconds
[2021-06-07 18:51:21,734] {scheduler_job.py:182} INFO - Started process (PID=9723) to work on /home/encrypted/abaceti/.virtualenvs/pumpwood-airflow-images/lib/python3.6/site-packages/airflow/example_dags/example_branch_operator.py
[2021-06-07 18:51:21,735] {scheduler_job.py:633} INFO - Processing file /home/encrypted/abaceti/.virtualenvs/pumpwood-airflow-images/lib/python3.6/site-packages/airflow/example_dags/example_branch_operator.py for tasks to queue
[2021-06-07 18:51:21,735] {logging_mixin.py:104} INFO - [2021-06-07 18:51:21,735] {dagbag.py:487} INFO - Filling up the DagBag from /home/encrypted/abaceti/.virtualenvs/pumpwood-airflow-images/lib/python3.6/site-packages/airflow/example_dags/example_branch_operator.py
[2021-06-07 18:51:21,743] {scheduler_job.py:643} INFO - DAG(s) dict_keys(['example_branch_operator']) retrieved from /home/encrypted/abaceti/.virtualenvs/pumpwood-airflow-images/lib/python3.6/site-packages/airflow/example_dags/example_branch_operator.py
[2021-06-07 18:51:21,759] {logging_mixin.py:104} INFO - [2021-06-07 18:51:21,759] {dag.py:1832} INFO - Sync 1 DAGs
[2021-06-07 18:51:21,769] {logging_mixin.py:104} INFO - [2021-06-07 18:51:21,769] {dag.py:2305} INFO - Setting next_dagrun for example_branch_operator to 2021-06-05 00:00:00+00:00
[2021-06-07 18:51:21,774] {scheduler_job.py:190} INFO - Processing /home/encrypted/abaceti/.virtualenvs/pumpwood-airflow-images/lib/python3.6/site-packages/airflow/example_dags/example_branch_operator.py took 0.042 seconds
[2021-06-07 18:51:51,896] {scheduler_job.py:182} INFO - Started process (PID=9887) to work on /home/encrypted/abaceti/.virtualenvs/pumpwood-airflow-images/lib/python3.6/site-packages/airflow/example_dags/example_branch_operator.py
[2021-06-07 18:51:51,897] {scheduler_job.py:633} INFO - Processing file /home/encrypted/abaceti/.virtualenvs/pumpwood-airflow-images/lib/python3.6/site-packages/airflow/example_dags/example_branch_operator.py for tasks to queue
[2021-06-07 18:51:51,897] {logging_mixin.py:104} INFO - [2021-06-07 18:51:51,897] {dagbag.py:487} INFO - Filling up the DagBag from /home/encrypted/abaceti/.virtualenvs/pumpwood-airflow-images/lib/python3.6/site-packages/airflow/example_dags/example_branch_operator.py
[2021-06-07 18:51:51,905] {scheduler_job.py:643} INFO - DAG(s) dict_keys(['example_branch_operator']) retrieved from /home/encrypted/abaceti/.virtualenvs/pumpwood-airflow-images/lib/python3.6/site-packages/airflow/example_dags/example_branch_operator.py
[2021-06-07 18:51:51,925] {logging_mixin.py:104} INFO - [2021-06-07 18:51:51,925] {dag.py:1832} INFO - Sync 1 DAGs
[2021-06-07 18:51:51,939] {logging_mixin.py:104} INFO - [2021-06-07 18:51:51,939] {dag.py:2305} INFO - Setting next_dagrun for example_branch_operator to 2021-06-05 00:00:00+00:00
[2021-06-07 18:51:51,945] {scheduler_job.py:190} INFO - Processing /home/encrypted/abaceti/.virtualenvs/pumpwood-airflow-images/lib/python3.6/site-packages/airflow/example_dags/example_branch_operator.py took 0.052 seconds
[2021-06-07 18:52:22,145] {scheduler_job.py:182} INFO - Started process (PID=10009) to work on /home/encrypted/abaceti/.virtualenvs/pumpwood-airflow-images/lib/python3.6/site-packages/airflow/example_dags/example_branch_operator.py
[2021-06-07 18:52:22,145] {scheduler_job.py:633} INFO - Processing file /home/encrypted/abaceti/.virtualenvs/pumpwood-airflow-images/lib/python3.6/site-packages/airflow/example_dags/example_branch_operator.py for tasks to queue
[2021-06-07 18:52:22,145] {logging_mixin.py:104} INFO - [2021-06-07 18:52:22,145] {dagbag.py:487} INFO - Filling up the DagBag from /home/encrypted/abaceti/.virtualenvs/pumpwood-airflow-images/lib/python3.6/site-packages/airflow/example_dags/example_branch_operator.py
[2021-06-07 18:52:22,153] {scheduler_job.py:643} INFO - DAG(s) dict_keys(['example_branch_operator']) retrieved from /home/encrypted/abaceti/.virtualenvs/pumpwood-airflow-images/lib/python3.6/site-packages/airflow/example_dags/example_branch_operator.py
[2021-06-07 18:52:22,169] {logging_mixin.py:104} INFO - [2021-06-07 18:52:22,169] {dag.py:1832} INFO - Sync 1 DAGs
[2021-06-07 18:52:22,181] {logging_mixin.py:104} INFO - [2021-06-07 18:52:22,181] {dag.py:2305} INFO - Setting next_dagrun for example_branch_operator to 2021-06-05 00:00:00+00:00
[2021-06-07 18:52:22,186] {scheduler_job.py:190} INFO - Processing /home/encrypted/abaceti/.virtualenvs/pumpwood-airflow-images/lib/python3.6/site-packages/airflow/example_dags/example_branch_operator.py took 0.043 seconds
[2021-06-07 18:52:53,313] {scheduler_job.py:182} INFO - Started process (PID=10819) to work on /home/encrypted/abaceti/.virtualenvs/pumpwood-airflow-images/lib/python3.6/site-packages/airflow/example_dags/example_branch_operator.py
[2021-06-07 18:52:53,313] {scheduler_job.py:633} INFO - Processing file /home/encrypted/abaceti/.virtualenvs/pumpwood-airflow-images/lib/python3.6/site-packages/airflow/example_dags/example_branch_operator.py for tasks to queue
[2021-06-07 18:52:53,314] {logging_mixin.py:104} INFO - [2021-06-07 18:52:53,314] {dagbag.py:487} INFO - Filling up the DagBag from /home/encrypted/abaceti/.virtualenvs/pumpwood-airflow-images/lib/python3.6/site-packages/airflow/example_dags/example_branch_operator.py
[2021-06-07 18:52:53,321] {scheduler_job.py:643} INFO - DAG(s) dict_keys(['example_branch_operator']) retrieved from /home/encrypted/abaceti/.virtualenvs/pumpwood-airflow-images/lib/python3.6/site-packages/airflow/example_dags/example_branch_operator.py
[2021-06-07 18:52:53,336] {logging_mixin.py:104} INFO - [2021-06-07 18:52:53,336] {dag.py:1832} INFO - Sync 1 DAGs
[2021-06-07 18:52:53,345] {logging_mixin.py:104} INFO - [2021-06-07 18:52:53,345] {dag.py:2305} INFO - Setting next_dagrun for example_branch_operator to 2021-06-05 00:00:00+00:00
[2021-06-07 18:52:53,351] {scheduler_job.py:190} INFO - Processing /home/encrypted/abaceti/.virtualenvs/pumpwood-airflow-images/lib/python3.6/site-packages/airflow/example_dags/example_branch_operator.py took 0.039 seconds
[2021-06-07 18:53:23,502] {scheduler_job.py:182} INFO - Started process (PID=11146) to work on /home/encrypted/abaceti/.virtualenvs/pumpwood-airflow-images/lib/python3.6/site-packages/airflow/example_dags/example_branch_operator.py
[2021-06-07 18:53:23,502] {scheduler_job.py:633} INFO - Processing file /home/encrypted/abaceti/.virtualenvs/pumpwood-airflow-images/lib/python3.6/site-packages/airflow/example_dags/example_branch_operator.py for tasks to queue
[2021-06-07 18:53:23,503] {logging_mixin.py:104} INFO - [2021-06-07 18:53:23,503] {dagbag.py:487} INFO - Filling up the DagBag from /home/encrypted/abaceti/.virtualenvs/pumpwood-airflow-images/lib/python3.6/site-packages/airflow/example_dags/example_branch_operator.py
[2021-06-07 18:53:23,509] {scheduler_job.py:643} INFO - DAG(s) dict_keys(['example_branch_operator']) retrieved from /home/encrypted/abaceti/.virtualenvs/pumpwood-airflow-images/lib/python3.6/site-packages/airflow/example_dags/example_branch_operator.py
[2021-06-07 18:53:23,525] {logging_mixin.py:104} INFO - [2021-06-07 18:53:23,525] {dag.py:1832} INFO - Sync 1 DAGs
[2021-06-07 18:53:23,535] {logging_mixin.py:104} INFO - [2021-06-07 18:53:23,535] {dag.py:2305} INFO - Setting next_dagrun for example_branch_operator to 2021-06-05 00:00:00+00:00
[2021-06-07 18:53:23,541] {scheduler_job.py:190} INFO - Processing /home/encrypted/abaceti/.virtualenvs/pumpwood-airflow-images/lib/python3.6/site-packages/airflow/example_dags/example_branch_operator.py took 0.041 seconds
[2021-06-07 18:53:53,648] {scheduler_job.py:182} INFO - Started process (PID=11524) to work on /home/encrypted/abaceti/.virtualenvs/pumpwood-airflow-images/lib/python3.6/site-packages/airflow/example_dags/example_branch_operator.py
[2021-06-07 18:53:53,648] {scheduler_job.py:633} INFO - Processing file /home/encrypted/abaceti/.virtualenvs/pumpwood-airflow-images/lib/python3.6/site-packages/airflow/example_dags/example_branch_operator.py for tasks to queue
[2021-06-07 18:53:53,648] {logging_mixin.py:104} INFO - [2021-06-07 18:53:53,648] {dagbag.py:487} INFO - Filling up the DagBag from /home/encrypted/abaceti/.virtualenvs/pumpwood-airflow-images/lib/python3.6/site-packages/airflow/example_dags/example_branch_operator.py
[2021-06-07 18:53:53,656] {scheduler_job.py:643} INFO - DAG(s) dict_keys(['example_branch_operator']) retrieved from /home/encrypted/abaceti/.virtualenvs/pumpwood-airflow-images/lib/python3.6/site-packages/airflow/example_dags/example_branch_operator.py
[2021-06-07 18:53:53,671] {logging_mixin.py:104} INFO - [2021-06-07 18:53:53,671] {dag.py:1832} INFO - Sync 1 DAGs
[2021-06-07 18:53:53,681] {logging_mixin.py:104} INFO - [2021-06-07 18:53:53,681] {dag.py:2305} INFO - Setting next_dagrun for example_branch_operator to 2021-06-05 00:00:00+00:00
[2021-06-07 18:53:53,687] {scheduler_job.py:190} INFO - Processing /home/encrypted/abaceti/.virtualenvs/pumpwood-airflow-images/lib/python3.6/site-packages/airflow/example_dags/example_branch_operator.py took 0.041 seconds
[2021-06-07 18:54:24,823] {scheduler_job.py:182} INFO - Started process (PID=11940) to work on /home/encrypted/abaceti/.virtualenvs/pumpwood-airflow-images/lib/python3.6/site-packages/airflow/example_dags/example_branch_operator.py
[2021-06-07 18:54:24,823] {scheduler_job.py:633} INFO - Processing file /home/encrypted/abaceti/.virtualenvs/pumpwood-airflow-images/lib/python3.6/site-packages/airflow/example_dags/example_branch_operator.py for tasks to queue
[2021-06-07 18:54:24,824] {logging_mixin.py:104} INFO - [2021-06-07 18:54:24,824] {dagbag.py:487} INFO - Filling up the DagBag from /home/encrypted/abaceti/.virtualenvs/pumpwood-airflow-images/lib/python3.6/site-packages/airflow/example_dags/example_branch_operator.py
[2021-06-07 18:54:24,830] {scheduler_job.py:643} INFO - DAG(s) dict_keys(['example_branch_operator']) retrieved from /home/encrypted/abaceti/.virtualenvs/pumpwood-airflow-images/lib/python3.6/site-packages/airflow/example_dags/example_branch_operator.py
[2021-06-07 18:54:24,847] {logging_mixin.py:104} INFO - [2021-06-07 18:54:24,847] {dag.py:1832} INFO - Sync 1 DAGs
[2021-06-07 18:54:24,857] {logging_mixin.py:104} INFO - [2021-06-07 18:54:24,857] {dag.py:2305} INFO - Setting next_dagrun for example_branch_operator to 2021-06-05 00:00:00+00:00
[2021-06-07 18:54:24,864] {scheduler_job.py:190} INFO - Processing /home/encrypted/abaceti/.virtualenvs/pumpwood-airflow-images/lib/python3.6/site-packages/airflow/example_dags/example_branch_operator.py took 0.042 seconds
[2021-06-07 18:54:55,037] {scheduler_job.py:182} INFO - Started process (PID=12156) to work on /home/encrypted/abaceti/.virtualenvs/pumpwood-airflow-images/lib/python3.6/site-packages/airflow/example_dags/example_branch_operator.py
[2021-06-07 18:54:55,037] {scheduler_job.py:633} INFO - Processing file /home/encrypted/abaceti/.virtualenvs/pumpwood-airflow-images/lib/python3.6/site-packages/airflow/example_dags/example_branch_operator.py for tasks to queue
[2021-06-07 18:54:55,038] {logging_mixin.py:104} INFO - [2021-06-07 18:54:55,038] {dagbag.py:487} INFO - Filling up the DagBag from /home/encrypted/abaceti/.virtualenvs/pumpwood-airflow-images/lib/python3.6/site-packages/airflow/example_dags/example_branch_operator.py
[2021-06-07 18:54:55,045] {scheduler_job.py:643} INFO - DAG(s) dict_keys(['example_branch_operator']) retrieved from /home/encrypted/abaceti/.virtualenvs/pumpwood-airflow-images/lib/python3.6/site-packages/airflow/example_dags/example_branch_operator.py
[2021-06-07 18:54:55,060] {logging_mixin.py:104} INFO - [2021-06-07 18:54:55,060] {dag.py:1832} INFO - Sync 1 DAGs
[2021-06-07 18:54:55,069] {logging_mixin.py:104} INFO - [2021-06-07 18:54:55,069] {dag.py:2305} INFO - Setting next_dagrun for example_branch_operator to 2021-06-05 00:00:00+00:00
[2021-06-07 18:54:55,075] {scheduler_job.py:190} INFO - Processing /home/encrypted/abaceti/.virtualenvs/pumpwood-airflow-images/lib/python3.6/site-packages/airflow/example_dags/example_branch_operator.py took 0.039 seconds
[2021-06-07 18:55:25,120] {scheduler_job.py:182} INFO - Started process (PID=12328) to work on /home/encrypted/abaceti/.virtualenvs/pumpwood-airflow-images/lib/python3.6/site-packages/airflow/example_dags/example_branch_operator.py
[2021-06-07 18:55:25,120] {scheduler_job.py:633} INFO - Processing file /home/encrypted/abaceti/.virtualenvs/pumpwood-airflow-images/lib/python3.6/site-packages/airflow/example_dags/example_branch_operator.py for tasks to queue
[2021-06-07 18:55:25,121] {logging_mixin.py:104} INFO - [2021-06-07 18:55:25,121] {dagbag.py:487} INFO - Filling up the DagBag from /home/encrypted/abaceti/.virtualenvs/pumpwood-airflow-images/lib/python3.6/site-packages/airflow/example_dags/example_branch_operator.py
[2021-06-07 18:55:25,131] {scheduler_job.py:643} INFO - DAG(s) dict_keys(['example_branch_operator']) retrieved from /home/encrypted/abaceti/.virtualenvs/pumpwood-airflow-images/lib/python3.6/site-packages/airflow/example_dags/example_branch_operator.py
[2021-06-07 18:55:25,145] {logging_mixin.py:104} INFO - [2021-06-07 18:55:25,145] {dag.py:1832} INFO - Sync 1 DAGs
[2021-06-07 18:55:25,155] {logging_mixin.py:104} INFO - [2021-06-07 18:55:25,155] {dag.py:2305} INFO - Setting next_dagrun for example_branch_operator to 2021-06-05 00:00:00+00:00
[2021-06-07 18:55:25,161] {scheduler_job.py:190} INFO - Processing /home/encrypted/abaceti/.virtualenvs/pumpwood-airflow-images/lib/python3.6/site-packages/airflow/example_dags/example_branch_operator.py took 0.042 seconds
[2021-06-07 18:55:55,242] {scheduler_job.py:182} INFO - Started process (PID=12547) to work on /home/encrypted/abaceti/.virtualenvs/pumpwood-airflow-images/lib/python3.6/site-packages/airflow/example_dags/example_branch_operator.py
[2021-06-07 18:55:55,243] {scheduler_job.py:633} INFO - Processing file /home/encrypted/abaceti/.virtualenvs/pumpwood-airflow-images/lib/python3.6/site-packages/airflow/example_dags/example_branch_operator.py for tasks to queue
[2021-06-07 18:55:55,243] {logging_mixin.py:104} INFO - [2021-06-07 18:55:55,243] {dagbag.py:487} INFO - Filling up the DagBag from /home/encrypted/abaceti/.virtualenvs/pumpwood-airflow-images/lib/python3.6/site-packages/airflow/example_dags/example_branch_operator.py
[2021-06-07 18:55:55,251] {scheduler_job.py:643} INFO - DAG(s) dict_keys(['example_branch_operator']) retrieved from /home/encrypted/abaceti/.virtualenvs/pumpwood-airflow-images/lib/python3.6/site-packages/airflow/example_dags/example_branch_operator.py
[2021-06-07 18:55:55,266] {logging_mixin.py:104} INFO - [2021-06-07 18:55:55,266] {dag.py:1832} INFO - Sync 1 DAGs
[2021-06-07 18:55:55,277] {logging_mixin.py:104} INFO - [2021-06-07 18:55:55,277] {dag.py:2305} INFO - Setting next_dagrun for example_branch_operator to 2021-06-05 00:00:00+00:00
[2021-06-07 18:55:55,283] {scheduler_job.py:190} INFO - Processing /home/encrypted/abaceti/.virtualenvs/pumpwood-airflow-images/lib/python3.6/site-packages/airflow/example_dags/example_branch_operator.py took 0.042 seconds
[2021-06-07 18:56:25,476] {scheduler_job.py:182} INFO - Started process (PID=12767) to work on /home/encrypted/abaceti/.virtualenvs/pumpwood-airflow-images/lib/python3.6/site-packages/airflow/example_dags/example_branch_operator.py
[2021-06-07 18:56:25,477] {scheduler_job.py:633} INFO - Processing file /home/encrypted/abaceti/.virtualenvs/pumpwood-airflow-images/lib/python3.6/site-packages/airflow/example_dags/example_branch_operator.py for tasks to queue
[2021-06-07 18:56:25,477] {logging_mixin.py:104} INFO - [2021-06-07 18:56:25,477] {dagbag.py:487} INFO - Filling up the DagBag from /home/encrypted/abaceti/.virtualenvs/pumpwood-airflow-images/lib/python3.6/site-packages/airflow/example_dags/example_branch_operator.py
[2021-06-07 18:56:25,484] {scheduler_job.py:643} INFO - DAG(s) dict_keys(['example_branch_operator']) retrieved from /home/encrypted/abaceti/.virtualenvs/pumpwood-airflow-images/lib/python3.6/site-packages/airflow/example_dags/example_branch_operator.py
[2021-06-07 18:56:25,499] {logging_mixin.py:104} INFO - [2021-06-07 18:56:25,499] {dag.py:1832} INFO - Sync 1 DAGs
[2021-06-07 18:56:25,509] {logging_mixin.py:104} INFO - [2021-06-07 18:56:25,509] {dag.py:2305} INFO - Setting next_dagrun for example_branch_operator to 2021-06-05 00:00:00+00:00
[2021-06-07 18:56:25,515] {scheduler_job.py:190} INFO - Processing /home/encrypted/abaceti/.virtualenvs/pumpwood-airflow-images/lib/python3.6/site-packages/airflow/example_dags/example_branch_operator.py took 0.041 seconds
[2021-06-07 18:56:56,479] {scheduler_job.py:182} INFO - Started process (PID=12952) to work on /home/encrypted/abaceti/.virtualenvs/pumpwood-airflow-images/lib/python3.6/site-packages/airflow/example_dags/example_branch_operator.py
[2021-06-07 18:56:56,479] {scheduler_job.py:633} INFO - Processing file /home/encrypted/abaceti/.virtualenvs/pumpwood-airflow-images/lib/python3.6/site-packages/airflow/example_dags/example_branch_operator.py for tasks to queue
[2021-06-07 18:56:56,479] {logging_mixin.py:104} INFO - [2021-06-07 18:56:56,479] {dagbag.py:487} INFO - Filling up the DagBag from /home/encrypted/abaceti/.virtualenvs/pumpwood-airflow-images/lib/python3.6/site-packages/airflow/example_dags/example_branch_operator.py
[2021-06-07 18:56:56,486] {scheduler_job.py:643} INFO - DAG(s) dict_keys(['example_branch_operator']) retrieved from /home/encrypted/abaceti/.virtualenvs/pumpwood-airflow-images/lib/python3.6/site-packages/airflow/example_dags/example_branch_operator.py
[2021-06-07 18:56:56,502] {logging_mixin.py:104} INFO - [2021-06-07 18:56:56,501] {dag.py:1832} INFO - Sync 1 DAGs
[2021-06-07 18:56:56,512] {logging_mixin.py:104} INFO - [2021-06-07 18:56:56,512] {dag.py:2305} INFO - Setting next_dagrun for example_branch_operator to 2021-06-05 00:00:00+00:00
[2021-06-07 18:56:56,518] {scheduler_job.py:190} INFO - Processing /home/encrypted/abaceti/.virtualenvs/pumpwood-airflow-images/lib/python3.6/site-packages/airflow/example_dags/example_branch_operator.py took 0.041 seconds
[2021-06-07 18:57:27,511] {scheduler_job.py:182} INFO - Started process (PID=13073) to work on /home/encrypted/abaceti/.virtualenvs/pumpwood-airflow-images/lib/python3.6/site-packages/airflow/example_dags/example_branch_operator.py
[2021-06-07 18:57:27,512] {scheduler_job.py:633} INFO - Processing file /home/encrypted/abaceti/.virtualenvs/pumpwood-airflow-images/lib/python3.6/site-packages/airflow/example_dags/example_branch_operator.py for tasks to queue
[2021-06-07 18:57:27,512] {logging_mixin.py:104} INFO - [2021-06-07 18:57:27,512] {dagbag.py:487} INFO - Filling up the DagBag from /home/encrypted/abaceti/.virtualenvs/pumpwood-airflow-images/lib/python3.6/site-packages/airflow/example_dags/example_branch_operator.py
[2021-06-07 18:57:27,520] {scheduler_job.py:643} INFO - DAG(s) dict_keys(['example_branch_operator']) retrieved from /home/encrypted/abaceti/.virtualenvs/pumpwood-airflow-images/lib/python3.6/site-packages/airflow/example_dags/example_branch_operator.py
[2021-06-07 18:57:27,535] {logging_mixin.py:104} INFO - [2021-06-07 18:57:27,535] {dag.py:1832} INFO - Sync 1 DAGs
[2021-06-07 18:57:27,546] {logging_mixin.py:104} INFO - [2021-06-07 18:57:27,546] {dag.py:2305} INFO - Setting next_dagrun for example_branch_operator to 2021-06-05 00:00:00+00:00
[2021-06-07 18:57:27,552] {scheduler_job.py:190} INFO - Processing /home/encrypted/abaceti/.virtualenvs/pumpwood-airflow-images/lib/python3.6/site-packages/airflow/example_dags/example_branch_operator.py took 0.042 seconds
[2021-06-07 18:57:57,765] {scheduler_job.py:182} INFO - Started process (PID=13245) to work on /home/encrypted/abaceti/.virtualenvs/pumpwood-airflow-images/lib/python3.6/site-packages/airflow/example_dags/example_branch_operator.py
[2021-06-07 18:57:57,766] {scheduler_job.py:633} INFO - Processing file /home/encrypted/abaceti/.virtualenvs/pumpwood-airflow-images/lib/python3.6/site-packages/airflow/example_dags/example_branch_operator.py for tasks to queue
[2021-06-07 18:57:57,766] {logging_mixin.py:104} INFO - [2021-06-07 18:57:57,766] {dagbag.py:487} INFO - Filling up the DagBag from /home/encrypted/abaceti/.virtualenvs/pumpwood-airflow-images/lib/python3.6/site-packages/airflow/example_dags/example_branch_operator.py
[2021-06-07 18:57:57,775] {scheduler_job.py:643} INFO - DAG(s) dict_keys(['example_branch_operator']) retrieved from /home/encrypted/abaceti/.virtualenvs/pumpwood-airflow-images/lib/python3.6/site-packages/airflow/example_dags/example_branch_operator.py
[2021-06-07 18:57:57,790] {logging_mixin.py:104} INFO - [2021-06-07 18:57:57,790] {dag.py:1832} INFO - Sync 1 DAGs
[2021-06-07 18:57:57,800] {logging_mixin.py:104} INFO - [2021-06-07 18:57:57,800] {dag.py:2305} INFO - Setting next_dagrun for example_branch_operator to 2021-06-05 00:00:00+00:00
[2021-06-07 18:57:57,807] {scheduler_job.py:190} INFO - Processing /home/encrypted/abaceti/.virtualenvs/pumpwood-airflow-images/lib/python3.6/site-packages/airflow/example_dags/example_branch_operator.py took 0.043 seconds
[2021-06-07 18:58:28,806] {scheduler_job.py:182} INFO - Started process (PID=13360) to work on /home/encrypted/abaceti/.virtualenvs/pumpwood-airflow-images/lib/python3.6/site-packages/airflow/example_dags/example_branch_operator.py
[2021-06-07 18:58:28,807] {scheduler_job.py:633} INFO - Processing file /home/encrypted/abaceti/.virtualenvs/pumpwood-airflow-images/lib/python3.6/site-packages/airflow/example_dags/example_branch_operator.py for tasks to queue
[2021-06-07 18:58:28,807] {logging_mixin.py:104} INFO - [2021-06-07 18:58:28,807] {dagbag.py:487} INFO - Filling up the DagBag from /home/encrypted/abaceti/.virtualenvs/pumpwood-airflow-images/lib/python3.6/site-packages/airflow/example_dags/example_branch_operator.py
[2021-06-07 18:58:28,814] {scheduler_job.py:643} INFO - DAG(s) dict_keys(['example_branch_operator']) retrieved from /home/encrypted/abaceti/.virtualenvs/pumpwood-airflow-images/lib/python3.6/site-packages/airflow/example_dags/example_branch_operator.py
[2021-06-07 18:58:28,830] {logging_mixin.py:104} INFO - [2021-06-07 18:58:28,829] {dag.py:1832} INFO - Sync 1 DAGs
[2021-06-07 18:58:28,839] {logging_mixin.py:104} INFO - [2021-06-07 18:58:28,839] {dag.py:2305} INFO - Setting next_dagrun for example_branch_operator to 2021-06-05 00:00:00+00:00
[2021-06-07 18:58:28,844] {scheduler_job.py:190} INFO - Processing /home/encrypted/abaceti/.virtualenvs/pumpwood-airflow-images/lib/python3.6/site-packages/airflow/example_dags/example_branch_operator.py took 0.040 seconds
[2021-06-07 18:59:00,018] {scheduler_job.py:182} INFO - Started process (PID=13538) to work on /home/encrypted/abaceti/.virtualenvs/pumpwood-airflow-images/lib/python3.6/site-packages/airflow/example_dags/example_branch_operator.py
[2021-06-07 18:59:00,019] {scheduler_job.py:633} INFO - Processing file /home/encrypted/abaceti/.virtualenvs/pumpwood-airflow-images/lib/python3.6/site-packages/airflow/example_dags/example_branch_operator.py for tasks to queue
[2021-06-07 18:59:00,019] {logging_mixin.py:104} INFO - [2021-06-07 18:59:00,019] {dagbag.py:487} INFO - Filling up the DagBag from /home/encrypted/abaceti/.virtualenvs/pumpwood-airflow-images/lib/python3.6/site-packages/airflow/example_dags/example_branch_operator.py
[2021-06-07 18:59:00,026] {scheduler_job.py:643} INFO - DAG(s) dict_keys(['example_branch_operator']) retrieved from /home/encrypted/abaceti/.virtualenvs/pumpwood-airflow-images/lib/python3.6/site-packages/airflow/example_dags/example_branch_operator.py
[2021-06-07 18:59:00,041] {logging_mixin.py:104} INFO - [2021-06-07 18:59:00,041] {dag.py:1832} INFO - Sync 1 DAGs
[2021-06-07 18:59:00,050] {logging_mixin.py:104} INFO - [2021-06-07 18:59:00,050] {dag.py:2305} INFO - Setting next_dagrun for example_branch_operator to 2021-06-05 00:00:00+00:00
[2021-06-07 18:59:00,055] {scheduler_job.py:190} INFO - Processing /home/encrypted/abaceti/.virtualenvs/pumpwood-airflow-images/lib/python3.6/site-packages/airflow/example_dags/example_branch_operator.py took 0.038 seconds
[2021-06-07 18:59:30,157] {scheduler_job.py:182} INFO - Started process (PID=13659) to work on /home/encrypted/abaceti/.virtualenvs/pumpwood-airflow-images/lib/python3.6/site-packages/airflow/example_dags/example_branch_operator.py
[2021-06-07 18:59:30,158] {scheduler_job.py:633} INFO - Processing file /home/encrypted/abaceti/.virtualenvs/pumpwood-airflow-images/lib/python3.6/site-packages/airflow/example_dags/example_branch_operator.py for tasks to queue
[2021-06-07 18:59:30,158] {logging_mixin.py:104} INFO - [2021-06-07 18:59:30,158] {dagbag.py:487} INFO - Filling up the DagBag from /home/encrypted/abaceti/.virtualenvs/pumpwood-airflow-images/lib/python3.6/site-packages/airflow/example_dags/example_branch_operator.py
[2021-06-07 18:59:30,165] {scheduler_job.py:643} INFO - DAG(s) dict_keys(['example_branch_operator']) retrieved from /home/encrypted/abaceti/.virtualenvs/pumpwood-airflow-images/lib/python3.6/site-packages/airflow/example_dags/example_branch_operator.py
[2021-06-07 18:59:30,181] {logging_mixin.py:104} INFO - [2021-06-07 18:59:30,181] {dag.py:1832} INFO - Sync 1 DAGs
[2021-06-07 18:59:30,192] {logging_mixin.py:104} INFO - [2021-06-07 18:59:30,192] {dag.py:2305} INFO - Setting next_dagrun for example_branch_operator to 2021-06-05 00:00:00+00:00
[2021-06-07 18:59:30,197] {scheduler_job.py:190} INFO - Processing /home/encrypted/abaceti/.virtualenvs/pumpwood-airflow-images/lib/python3.6/site-packages/airflow/example_dags/example_branch_operator.py took 0.041 seconds
[2021-06-07 19:00:00,337] {scheduler_job.py:182} INFO - Started process (PID=13824) to work on /home/encrypted/abaceti/.virtualenvs/pumpwood-airflow-images/lib/python3.6/site-packages/airflow/example_dags/example_branch_operator.py
[2021-06-07 19:00:00,337] {scheduler_job.py:633} INFO - Processing file /home/encrypted/abaceti/.virtualenvs/pumpwood-airflow-images/lib/python3.6/site-packages/airflow/example_dags/example_branch_operator.py for tasks to queue
[2021-06-07 19:00:00,337] {logging_mixin.py:104} INFO - [2021-06-07 19:00:00,337] {dagbag.py:487} INFO - Filling up the DagBag from /home/encrypted/abaceti/.virtualenvs/pumpwood-airflow-images/lib/python3.6/site-packages/airflow/example_dags/example_branch_operator.py
[2021-06-07 19:00:00,344] {scheduler_job.py:643} INFO - DAG(s) dict_keys(['example_branch_operator']) retrieved from /home/encrypted/abaceti/.virtualenvs/pumpwood-airflow-images/lib/python3.6/site-packages/airflow/example_dags/example_branch_operator.py
[2021-06-07 19:00:00,360] {logging_mixin.py:104} INFO - [2021-06-07 19:00:00,360] {dag.py:1832} INFO - Sync 1 DAGs
[2021-06-07 19:00:00,370] {logging_mixin.py:104} INFO - [2021-06-07 19:00:00,370] {dag.py:2305} INFO - Setting next_dagrun for example_branch_operator to 2021-06-05 00:00:00+00:00
[2021-06-07 19:00:00,377] {scheduler_job.py:190} INFO - Processing /home/encrypted/abaceti/.virtualenvs/pumpwood-airflow-images/lib/python3.6/site-packages/airflow/example_dags/example_branch_operator.py took 0.041 seconds
[2021-06-07 19:00:30,448] {scheduler_job.py:182} INFO - Started process (PID=13939) to work on /home/encrypted/abaceti/.virtualenvs/pumpwood-airflow-images/lib/python3.6/site-packages/airflow/example_dags/example_branch_operator.py
[2021-06-07 19:00:30,448] {scheduler_job.py:633} INFO - Processing file /home/encrypted/abaceti/.virtualenvs/pumpwood-airflow-images/lib/python3.6/site-packages/airflow/example_dags/example_branch_operator.py for tasks to queue
[2021-06-07 19:00:30,449] {logging_mixin.py:104} INFO - [2021-06-07 19:00:30,448] {dagbag.py:487} INFO - Filling up the DagBag from /home/encrypted/abaceti/.virtualenvs/pumpwood-airflow-images/lib/python3.6/site-packages/airflow/example_dags/example_branch_operator.py
[2021-06-07 19:00:30,456] {scheduler_job.py:643} INFO - DAG(s) dict_keys(['example_branch_operator']) retrieved from /home/encrypted/abaceti/.virtualenvs/pumpwood-airflow-images/lib/python3.6/site-packages/airflow/example_dags/example_branch_operator.py
[2021-06-07 19:00:30,473] {logging_mixin.py:104} INFO - [2021-06-07 19:00:30,472] {dag.py:1832} INFO - Sync 1 DAGs
[2021-06-07 19:00:30,483] {logging_mixin.py:104} INFO - [2021-06-07 19:00:30,482] {dag.py:2305} INFO - Setting next_dagrun for example_branch_operator to 2021-06-05 00:00:00+00:00
[2021-06-07 19:00:30,488] {scheduler_job.py:190} INFO - Processing /home/encrypted/abaceti/.virtualenvs/pumpwood-airflow-images/lib/python3.6/site-packages/airflow/example_dags/example_branch_operator.py took 0.042 seconds
[2021-06-07 19:01:00,642] {scheduler_job.py:182} INFO - Started process (PID=14130) to work on /home/encrypted/abaceti/.virtualenvs/pumpwood-airflow-images/lib/python3.6/site-packages/airflow/example_dags/example_branch_operator.py
[2021-06-07 19:01:00,643] {scheduler_job.py:633} INFO - Processing file /home/encrypted/abaceti/.virtualenvs/pumpwood-airflow-images/lib/python3.6/site-packages/airflow/example_dags/example_branch_operator.py for tasks to queue
[2021-06-07 19:01:00,644] {logging_mixin.py:104} INFO - [2021-06-07 19:01:00,644] {dagbag.py:487} INFO - Filling up the DagBag from /home/encrypted/abaceti/.virtualenvs/pumpwood-airflow-images/lib/python3.6/site-packages/airflow/example_dags/example_branch_operator.py
[2021-06-07 19:01:00,652] {scheduler_job.py:643} INFO - DAG(s) dict_keys(['example_branch_operator']) retrieved from /home/encrypted/abaceti/.virtualenvs/pumpwood-airflow-images/lib/python3.6/site-packages/airflow/example_dags/example_branch_operator.py
[2021-06-07 19:01:00,667] {logging_mixin.py:104} INFO - [2021-06-07 19:01:00,667] {dag.py:1832} INFO - Sync 1 DAGs
[2021-06-07 19:01:00,677] {logging_mixin.py:104} INFO - [2021-06-07 19:01:00,677] {dag.py:2305} INFO - Setting next_dagrun for example_branch_operator to 2021-06-05 00:00:00+00:00
[2021-06-07 19:01:00,683] {scheduler_job.py:190} INFO - Processing /home/encrypted/abaceti/.virtualenvs/pumpwood-airflow-images/lib/python3.6/site-packages/airflow/example_dags/example_branch_operator.py took 0.042 seconds
[2021-06-07 19:01:30,963] {scheduler_job.py:182} INFO - Started process (PID=14251) to work on /home/encrypted/abaceti/.virtualenvs/pumpwood-airflow-images/lib/python3.6/site-packages/airflow/example_dags/example_branch_operator.py
[2021-06-07 19:01:30,963] {scheduler_job.py:633} INFO - Processing file /home/encrypted/abaceti/.virtualenvs/pumpwood-airflow-images/lib/python3.6/site-packages/airflow/example_dags/example_branch_operator.py for tasks to queue
[2021-06-07 19:01:30,964] {logging_mixin.py:104} INFO - [2021-06-07 19:01:30,963] {dagbag.py:487} INFO - Filling up the DagBag from /home/encrypted/abaceti/.virtualenvs/pumpwood-airflow-images/lib/python3.6/site-packages/airflow/example_dags/example_branch_operator.py
[2021-06-07 19:01:30,972] {scheduler_job.py:643} INFO - DAG(s) dict_keys(['example_branch_operator']) retrieved from /home/encrypted/abaceti/.virtualenvs/pumpwood-airflow-images/lib/python3.6/site-packages/airflow/example_dags/example_branch_operator.py
[2021-06-07 19:01:30,989] {logging_mixin.py:104} INFO - [2021-06-07 19:01:30,989] {dag.py:1832} INFO - Sync 1 DAGs
[2021-06-07 19:01:31,000] {logging_mixin.py:104} INFO - [2021-06-07 19:01:31,000] {dag.py:2305} INFO - Setting next_dagrun for example_branch_operator to 2021-06-05 00:00:00+00:00
[2021-06-07 19:01:31,006] {scheduler_job.py:190} INFO - Processing /home/encrypted/abaceti/.virtualenvs/pumpwood-airflow-images/lib/python3.6/site-packages/airflow/example_dags/example_branch_operator.py took 0.045 seconds
[2021-06-07 19:02:01,084] {scheduler_job.py:182} INFO - Started process (PID=14432) to work on /home/encrypted/abaceti/.virtualenvs/pumpwood-airflow-images/lib/python3.6/site-packages/airflow/example_dags/example_branch_operator.py
[2021-06-07 19:02:01,085] {scheduler_job.py:633} INFO - Processing file /home/encrypted/abaceti/.virtualenvs/pumpwood-airflow-images/lib/python3.6/site-packages/airflow/example_dags/example_branch_operator.py for tasks to queue
[2021-06-07 19:02:01,085] {logging_mixin.py:104} INFO - [2021-06-07 19:02:01,085] {dagbag.py:487} INFO - Filling up the DagBag from /home/encrypted/abaceti/.virtualenvs/pumpwood-airflow-images/lib/python3.6/site-packages/airflow/example_dags/example_branch_operator.py
[2021-06-07 19:02:01,093] {scheduler_job.py:643} INFO - DAG(s) dict_keys(['example_branch_operator']) retrieved from /home/encrypted/abaceti/.virtualenvs/pumpwood-airflow-images/lib/python3.6/site-packages/airflow/example_dags/example_branch_operator.py
[2021-06-07 19:02:01,107] {logging_mixin.py:104} INFO - [2021-06-07 19:02:01,107] {dag.py:1832} INFO - Sync 1 DAGs
[2021-06-07 19:02:01,117] {logging_mixin.py:104} INFO - [2021-06-07 19:02:01,117] {dag.py:2305} INFO - Setting next_dagrun for example_branch_operator to 2021-06-05 00:00:00+00:00
[2021-06-07 19:02:01,123] {scheduler_job.py:190} INFO - Processing /home/encrypted/abaceti/.virtualenvs/pumpwood-airflow-images/lib/python3.6/site-packages/airflow/example_dags/example_branch_operator.py took 0.040 seconds
[2021-06-07 19:02:31,210] {scheduler_job.py:182} INFO - Started process (PID=14646) to work on /home/encrypted/abaceti/.virtualenvs/pumpwood-airflow-images/lib/python3.6/site-packages/airflow/example_dags/example_branch_operator.py
[2021-06-07 19:02:31,210] {scheduler_job.py:633} INFO - Processing file /home/encrypted/abaceti/.virtualenvs/pumpwood-airflow-images/lib/python3.6/site-packages/airflow/example_dags/example_branch_operator.py for tasks to queue
[2021-06-07 19:02:31,210] {logging_mixin.py:104} INFO - [2021-06-07 19:02:31,210] {dagbag.py:487} INFO - Filling up the DagBag from /home/encrypted/abaceti/.virtualenvs/pumpwood-airflow-images/lib/python3.6/site-packages/airflow/example_dags/example_branch_operator.py
[2021-06-07 19:02:31,219] {scheduler_job.py:643} INFO - DAG(s) dict_keys(['example_branch_operator']) retrieved from /home/encrypted/abaceti/.virtualenvs/pumpwood-airflow-images/lib/python3.6/site-packages/airflow/example_dags/example_branch_operator.py
[2021-06-07 19:02:31,234] {logging_mixin.py:104} INFO - [2021-06-07 19:02:31,234] {dag.py:1832} INFO - Sync 1 DAGs
[2021-06-07 19:02:31,244] {logging_mixin.py:104} INFO - [2021-06-07 19:02:31,244] {dag.py:2305} INFO - Setting next_dagrun for example_branch_operator to 2021-06-05 00:00:00+00:00
[2021-06-07 19:02:31,249] {scheduler_job.py:190} INFO - Processing /home/encrypted/abaceti/.virtualenvs/pumpwood-airflow-images/lib/python3.6/site-packages/airflow/example_dags/example_branch_operator.py took 0.041 seconds
