[2021-06-07 18:39:20,049] {scheduler_job.py:182} INFO - Started process (PID=5673) to work on /home/encrypted/abaceti/.virtualenvs/pumpwood-airflow-images/lib/python3.6/site-packages/airflow/example_dags/example_branch_day_of_week_operator.py
[2021-06-07 18:39:20,049] {scheduler_job.py:633} INFO - Processing file /home/encrypted/abaceti/.virtualenvs/pumpwood-airflow-images/lib/python3.6/site-packages/airflow/example_dags/example_branch_day_of_week_operator.py for tasks to queue
[2021-06-07 18:39:20,050] {logging_mixin.py:104} INFO - [2021-06-07 18:39:20,050] {dagbag.py:487} INFO - Filling up the DagBag from /home/encrypted/abaceti/.virtualenvs/pumpwood-airflow-images/lib/python3.6/site-packages/airflow/example_dags/example_branch_day_of_week_operator.py
[2021-06-07 18:39:20,058] {scheduler_job.py:643} INFO - DAG(s) dict_keys(['example_weekday_branch_operator']) retrieved from /home/encrypted/abaceti/.virtualenvs/pumpwood-airflow-images/lib/python3.6/site-packages/airflow/example_dags/example_branch_day_of_week_operator.py
[2021-06-07 18:39:20,075] {logging_mixin.py:104} INFO - [2021-06-07 18:39:20,075] {dag.py:1832} INFO - Sync 1 DAGs
[2021-06-07 18:39:20,088] {logging_mixin.py:104} INFO - [2021-06-07 18:39:20,088] {dag.py:2305} INFO - Setting next_dagrun for example_weekday_branch_operator to 2021-06-05 00:00:00+00:00
[2021-06-07 18:39:20,094] {scheduler_job.py:190} INFO - Processing /home/encrypted/abaceti/.virtualenvs/pumpwood-airflow-images/lib/python3.6/site-packages/airflow/example_dags/example_branch_day_of_week_operator.py took 0.048 seconds
[2021-06-07 18:39:50,201] {scheduler_job.py:182} INFO - Started process (PID=5833) to work on /home/encrypted/abaceti/.virtualenvs/pumpwood-airflow-images/lib/python3.6/site-packages/airflow/example_dags/example_branch_day_of_week_operator.py
[2021-06-07 18:39:50,201] {scheduler_job.py:633} INFO - Processing file /home/encrypted/abaceti/.virtualenvs/pumpwood-airflow-images/lib/python3.6/site-packages/airflow/example_dags/example_branch_day_of_week_operator.py for tasks to queue
[2021-06-07 18:39:50,202] {logging_mixin.py:104} INFO - [2021-06-07 18:39:50,202] {dagbag.py:487} INFO - Filling up the DagBag from /home/encrypted/abaceti/.virtualenvs/pumpwood-airflow-images/lib/python3.6/site-packages/airflow/example_dags/example_branch_day_of_week_operator.py
[2021-06-07 18:39:50,208] {scheduler_job.py:643} INFO - DAG(s) dict_keys(['example_weekday_branch_operator']) retrieved from /home/encrypted/abaceti/.virtualenvs/pumpwood-airflow-images/lib/python3.6/site-packages/airflow/example_dags/example_branch_day_of_week_operator.py
[2021-06-07 18:39:50,221] {logging_mixin.py:104} INFO - [2021-06-07 18:39:50,221] {dag.py:1832} INFO - Sync 1 DAGs
[2021-06-07 18:39:50,231] {logging_mixin.py:104} INFO - [2021-06-07 18:39:50,231] {dag.py:2305} INFO - Setting next_dagrun for example_weekday_branch_operator to 2021-06-05 00:00:00+00:00
[2021-06-07 18:39:50,237] {scheduler_job.py:190} INFO - Processing /home/encrypted/abaceti/.virtualenvs/pumpwood-airflow-images/lib/python3.6/site-packages/airflow/example_dags/example_branch_day_of_week_operator.py took 0.038 seconds
[2021-06-07 18:40:20,417] {scheduler_job.py:182} INFO - Started process (PID=5988) to work on /home/encrypted/abaceti/.virtualenvs/pumpwood-airflow-images/lib/python3.6/site-packages/airflow/example_dags/example_branch_day_of_week_operator.py
[2021-06-07 18:40:20,418] {scheduler_job.py:633} INFO - Processing file /home/encrypted/abaceti/.virtualenvs/pumpwood-airflow-images/lib/python3.6/site-packages/airflow/example_dags/example_branch_day_of_week_operator.py for tasks to queue
[2021-06-07 18:40:20,418] {logging_mixin.py:104} INFO - [2021-06-07 18:40:20,418] {dagbag.py:487} INFO - Filling up the DagBag from /home/encrypted/abaceti/.virtualenvs/pumpwood-airflow-images/lib/python3.6/site-packages/airflow/example_dags/example_branch_day_of_week_operator.py
[2021-06-07 18:40:20,424] {scheduler_job.py:643} INFO - DAG(s) dict_keys(['example_weekday_branch_operator']) retrieved from /home/encrypted/abaceti/.virtualenvs/pumpwood-airflow-images/lib/python3.6/site-packages/airflow/example_dags/example_branch_day_of_week_operator.py
[2021-06-07 18:40:20,439] {logging_mixin.py:104} INFO - [2021-06-07 18:40:20,439] {dag.py:1832} INFO - Sync 1 DAGs
[2021-06-07 18:40:20,448] {logging_mixin.py:104} INFO - [2021-06-07 18:40:20,448] {dag.py:2305} INFO - Setting next_dagrun for example_weekday_branch_operator to 2021-06-05 00:00:00+00:00
[2021-06-07 18:40:20,453] {scheduler_job.py:190} INFO - Processing /home/encrypted/abaceti/.virtualenvs/pumpwood-airflow-images/lib/python3.6/site-packages/airflow/example_dags/example_branch_day_of_week_operator.py took 0.037 seconds
[2021-06-07 18:40:50,602] {scheduler_job.py:182} INFO - Started process (PID=6178) to work on /home/encrypted/abaceti/.virtualenvs/pumpwood-airflow-images/lib/python3.6/site-packages/airflow/example_dags/example_branch_day_of_week_operator.py
[2021-06-07 18:40:50,603] {scheduler_job.py:633} INFO - Processing file /home/encrypted/abaceti/.virtualenvs/pumpwood-airflow-images/lib/python3.6/site-packages/airflow/example_dags/example_branch_day_of_week_operator.py for tasks to queue
[2021-06-07 18:40:50,603] {logging_mixin.py:104} INFO - [2021-06-07 18:40:50,603] {dagbag.py:487} INFO - Filling up the DagBag from /home/encrypted/abaceti/.virtualenvs/pumpwood-airflow-images/lib/python3.6/site-packages/airflow/example_dags/example_branch_day_of_week_operator.py
[2021-06-07 18:40:50,609] {scheduler_job.py:643} INFO - DAG(s) dict_keys(['example_weekday_branch_operator']) retrieved from /home/encrypted/abaceti/.virtualenvs/pumpwood-airflow-images/lib/python3.6/site-packages/airflow/example_dags/example_branch_day_of_week_operator.py
[2021-06-07 18:40:50,623] {logging_mixin.py:104} INFO - [2021-06-07 18:40:50,623] {dag.py:1832} INFO - Sync 1 DAGs
[2021-06-07 18:40:50,633] {logging_mixin.py:104} INFO - [2021-06-07 18:40:50,633] {dag.py:2305} INFO - Setting next_dagrun for example_weekday_branch_operator to 2021-06-05 00:00:00+00:00
[2021-06-07 18:40:50,639] {scheduler_job.py:190} INFO - Processing /home/encrypted/abaceti/.virtualenvs/pumpwood-airflow-images/lib/python3.6/site-packages/airflow/example_dags/example_branch_day_of_week_operator.py took 0.038 seconds
[2021-06-07 18:41:20,838] {scheduler_job.py:182} INFO - Started process (PID=6294) to work on /home/encrypted/abaceti/.virtualenvs/pumpwood-airflow-images/lib/python3.6/site-packages/airflow/example_dags/example_branch_day_of_week_operator.py
[2021-06-07 18:41:20,839] {scheduler_job.py:633} INFO - Processing file /home/encrypted/abaceti/.virtualenvs/pumpwood-airflow-images/lib/python3.6/site-packages/airflow/example_dags/example_branch_day_of_week_operator.py for tasks to queue
[2021-06-07 18:41:20,839] {logging_mixin.py:104} INFO - [2021-06-07 18:41:20,839] {dagbag.py:487} INFO - Filling up the DagBag from /home/encrypted/abaceti/.virtualenvs/pumpwood-airflow-images/lib/python3.6/site-packages/airflow/example_dags/example_branch_day_of_week_operator.py
[2021-06-07 18:41:20,845] {scheduler_job.py:643} INFO - DAG(s) dict_keys(['example_weekday_branch_operator']) retrieved from /home/encrypted/abaceti/.virtualenvs/pumpwood-airflow-images/lib/python3.6/site-packages/airflow/example_dags/example_branch_day_of_week_operator.py
[2021-06-07 18:41:20,860] {logging_mixin.py:104} INFO - [2021-06-07 18:41:20,860] {dag.py:1832} INFO - Sync 1 DAGs
[2021-06-07 18:41:20,870] {logging_mixin.py:104} INFO - [2021-06-07 18:41:20,870] {dag.py:2305} INFO - Setting next_dagrun for example_weekday_branch_operator to 2021-06-05 00:00:00+00:00
[2021-06-07 18:41:20,875] {scheduler_job.py:190} INFO - Processing /home/encrypted/abaceti/.virtualenvs/pumpwood-airflow-images/lib/python3.6/site-packages/airflow/example_dags/example_branch_day_of_week_operator.py took 0.039 seconds
[2021-06-07 18:41:51,012] {scheduler_job.py:182} INFO - Started process (PID=6462) to work on /home/encrypted/abaceti/.virtualenvs/pumpwood-airflow-images/lib/python3.6/site-packages/airflow/example_dags/example_branch_day_of_week_operator.py
[2021-06-07 18:41:51,013] {scheduler_job.py:633} INFO - Processing file /home/encrypted/abaceti/.virtualenvs/pumpwood-airflow-images/lib/python3.6/site-packages/airflow/example_dags/example_branch_day_of_week_operator.py for tasks to queue
[2021-06-07 18:41:51,013] {logging_mixin.py:104} INFO - [2021-06-07 18:41:51,013] {dagbag.py:487} INFO - Filling up the DagBag from /home/encrypted/abaceti/.virtualenvs/pumpwood-airflow-images/lib/python3.6/site-packages/airflow/example_dags/example_branch_day_of_week_operator.py
[2021-06-07 18:41:51,019] {scheduler_job.py:643} INFO - DAG(s) dict_keys(['example_weekday_branch_operator']) retrieved from /home/encrypted/abaceti/.virtualenvs/pumpwood-airflow-images/lib/python3.6/site-packages/airflow/example_dags/example_branch_day_of_week_operator.py
[2021-06-07 18:41:51,033] {logging_mixin.py:104} INFO - [2021-06-07 18:41:51,033] {dag.py:1832} INFO - Sync 1 DAGs
[2021-06-07 18:41:51,043] {logging_mixin.py:104} INFO - [2021-06-07 18:41:51,043] {dag.py:2305} INFO - Setting next_dagrun for example_weekday_branch_operator to 2021-06-05 00:00:00+00:00
[2021-06-07 18:41:51,049] {scheduler_job.py:190} INFO - Processing /home/encrypted/abaceti/.virtualenvs/pumpwood-airflow-images/lib/python3.6/site-packages/airflow/example_dags/example_branch_day_of_week_operator.py took 0.038 seconds
[2021-06-07 18:42:21,247] {scheduler_job.py:182} INFO - Started process (PID=6579) to work on /home/encrypted/abaceti/.virtualenvs/pumpwood-airflow-images/lib/python3.6/site-packages/airflow/example_dags/example_branch_day_of_week_operator.py
[2021-06-07 18:42:21,247] {scheduler_job.py:633} INFO - Processing file /home/encrypted/abaceti/.virtualenvs/pumpwood-airflow-images/lib/python3.6/site-packages/airflow/example_dags/example_branch_day_of_week_operator.py for tasks to queue
[2021-06-07 18:42:21,247] {logging_mixin.py:104} INFO - [2021-06-07 18:42:21,247] {dagbag.py:487} INFO - Filling up the DagBag from /home/encrypted/abaceti/.virtualenvs/pumpwood-airflow-images/lib/python3.6/site-packages/airflow/example_dags/example_branch_day_of_week_operator.py
[2021-06-07 18:42:21,253] {scheduler_job.py:643} INFO - DAG(s) dict_keys(['example_weekday_branch_operator']) retrieved from /home/encrypted/abaceti/.virtualenvs/pumpwood-airflow-images/lib/python3.6/site-packages/airflow/example_dags/example_branch_day_of_week_operator.py
[2021-06-07 18:42:21,267] {logging_mixin.py:104} INFO - [2021-06-07 18:42:21,266] {dag.py:1832} INFO - Sync 1 DAGs
[2021-06-07 18:42:21,277] {logging_mixin.py:104} INFO - [2021-06-07 18:42:21,277] {dag.py:2305} INFO - Setting next_dagrun for example_weekday_branch_operator to 2021-06-05 00:00:00+00:00
[2021-06-07 18:42:21,282] {scheduler_job.py:190} INFO - Processing /home/encrypted/abaceti/.virtualenvs/pumpwood-airflow-images/lib/python3.6/site-packages/airflow/example_dags/example_branch_day_of_week_operator.py took 0.037 seconds
[2021-06-07 18:42:52,317] {scheduler_job.py:182} INFO - Started process (PID=6801) to work on /home/encrypted/abaceti/.virtualenvs/pumpwood-airflow-images/lib/python3.6/site-packages/airflow/example_dags/example_branch_day_of_week_operator.py
[2021-06-07 18:42:52,318] {scheduler_job.py:633} INFO - Processing file /home/encrypted/abaceti/.virtualenvs/pumpwood-airflow-images/lib/python3.6/site-packages/airflow/example_dags/example_branch_day_of_week_operator.py for tasks to queue
[2021-06-07 18:42:52,318] {logging_mixin.py:104} INFO - [2021-06-07 18:42:52,318] {dagbag.py:487} INFO - Filling up the DagBag from /home/encrypted/abaceti/.virtualenvs/pumpwood-airflow-images/lib/python3.6/site-packages/airflow/example_dags/example_branch_day_of_week_operator.py
[2021-06-07 18:42:52,328] {scheduler_job.py:643} INFO - DAG(s) dict_keys(['example_weekday_branch_operator']) retrieved from /home/encrypted/abaceti/.virtualenvs/pumpwood-airflow-images/lib/python3.6/site-packages/airflow/example_dags/example_branch_day_of_week_operator.py
[2021-06-07 18:42:52,349] {logging_mixin.py:104} INFO - [2021-06-07 18:42:52,349] {dag.py:1832} INFO - Sync 1 DAGs
[2021-06-07 18:42:52,361] {logging_mixin.py:104} INFO - [2021-06-07 18:42:52,361] {dag.py:2305} INFO - Setting next_dagrun for example_weekday_branch_operator to 2021-06-05 00:00:00+00:00
[2021-06-07 18:42:52,367] {scheduler_job.py:190} INFO - Processing /home/encrypted/abaceti/.virtualenvs/pumpwood-airflow-images/lib/python3.6/site-packages/airflow/example_dags/example_branch_day_of_week_operator.py took 0.053 seconds
[2021-06-07 18:43:23,378] {scheduler_job.py:182} INFO - Started process (PID=7069) to work on /home/encrypted/abaceti/.virtualenvs/pumpwood-airflow-images/lib/python3.6/site-packages/airflow/example_dags/example_branch_day_of_week_operator.py
[2021-06-07 18:43:23,379] {scheduler_job.py:633} INFO - Processing file /home/encrypted/abaceti/.virtualenvs/pumpwood-airflow-images/lib/python3.6/site-packages/airflow/example_dags/example_branch_day_of_week_operator.py for tasks to queue
[2021-06-07 18:43:23,379] {logging_mixin.py:104} INFO - [2021-06-07 18:43:23,379] {dagbag.py:487} INFO - Filling up the DagBag from /home/encrypted/abaceti/.virtualenvs/pumpwood-airflow-images/lib/python3.6/site-packages/airflow/example_dags/example_branch_day_of_week_operator.py
[2021-06-07 18:43:23,385] {scheduler_job.py:643} INFO - DAG(s) dict_keys(['example_weekday_branch_operator']) retrieved from /home/encrypted/abaceti/.virtualenvs/pumpwood-airflow-images/lib/python3.6/site-packages/airflow/example_dags/example_branch_day_of_week_operator.py
[2021-06-07 18:43:23,400] {logging_mixin.py:104} INFO - [2021-06-07 18:43:23,400] {dag.py:1832} INFO - Sync 1 DAGs
[2021-06-07 18:43:23,410] {logging_mixin.py:104} INFO - [2021-06-07 18:43:23,410] {dag.py:2305} INFO - Setting next_dagrun for example_weekday_branch_operator to 2021-06-05 00:00:00+00:00
[2021-06-07 18:43:23,415] {scheduler_job.py:190} INFO - Processing /home/encrypted/abaceti/.virtualenvs/pumpwood-airflow-images/lib/python3.6/site-packages/airflow/example_dags/example_branch_day_of_week_operator.py took 0.038 seconds
[2021-06-07 18:43:54,466] {scheduler_job.py:182} INFO - Started process (PID=7270) to work on /home/encrypted/abaceti/.virtualenvs/pumpwood-airflow-images/lib/python3.6/site-packages/airflow/example_dags/example_branch_day_of_week_operator.py
[2021-06-07 18:43:54,467] {scheduler_job.py:633} INFO - Processing file /home/encrypted/abaceti/.virtualenvs/pumpwood-airflow-images/lib/python3.6/site-packages/airflow/example_dags/example_branch_day_of_week_operator.py for tasks to queue
[2021-06-07 18:43:54,467] {logging_mixin.py:104} INFO - [2021-06-07 18:43:54,467] {dagbag.py:487} INFO - Filling up the DagBag from /home/encrypted/abaceti/.virtualenvs/pumpwood-airflow-images/lib/python3.6/site-packages/airflow/example_dags/example_branch_day_of_week_operator.py
[2021-06-07 18:43:54,474] {scheduler_job.py:643} INFO - DAG(s) dict_keys(['example_weekday_branch_operator']) retrieved from /home/encrypted/abaceti/.virtualenvs/pumpwood-airflow-images/lib/python3.6/site-packages/airflow/example_dags/example_branch_day_of_week_operator.py
[2021-06-07 18:43:54,489] {logging_mixin.py:104} INFO - [2021-06-07 18:43:54,489] {dag.py:1832} INFO - Sync 1 DAGs
[2021-06-07 18:43:54,498] {logging_mixin.py:104} INFO - [2021-06-07 18:43:54,498] {dag.py:2305} INFO - Setting next_dagrun for example_weekday_branch_operator to 2021-06-05 00:00:00+00:00
[2021-06-07 18:43:54,504] {scheduler_job.py:190} INFO - Processing /home/encrypted/abaceti/.virtualenvs/pumpwood-airflow-images/lib/python3.6/site-packages/airflow/example_dags/example_branch_day_of_week_operator.py took 0.040 seconds
[2021-06-07 18:44:24,588] {scheduler_job.py:182} INFO - Started process (PID=7381) to work on /home/encrypted/abaceti/.virtualenvs/pumpwood-airflow-images/lib/python3.6/site-packages/airflow/example_dags/example_branch_day_of_week_operator.py
[2021-06-07 18:44:24,588] {scheduler_job.py:633} INFO - Processing file /home/encrypted/abaceti/.virtualenvs/pumpwood-airflow-images/lib/python3.6/site-packages/airflow/example_dags/example_branch_day_of_week_operator.py for tasks to queue
[2021-06-07 18:44:24,588] {logging_mixin.py:104} INFO - [2021-06-07 18:44:24,588] {dagbag.py:487} INFO - Filling up the DagBag from /home/encrypted/abaceti/.virtualenvs/pumpwood-airflow-images/lib/python3.6/site-packages/airflow/example_dags/example_branch_day_of_week_operator.py
[2021-06-07 18:44:24,594] {scheduler_job.py:643} INFO - DAG(s) dict_keys(['example_weekday_branch_operator']) retrieved from /home/encrypted/abaceti/.virtualenvs/pumpwood-airflow-images/lib/python3.6/site-packages/airflow/example_dags/example_branch_day_of_week_operator.py
[2021-06-07 18:44:24,608] {logging_mixin.py:104} INFO - [2021-06-07 18:44:24,608] {dag.py:1832} INFO - Sync 1 DAGs
[2021-06-07 18:44:24,617] {logging_mixin.py:104} INFO - [2021-06-07 18:44:24,617] {dag.py:2305} INFO - Setting next_dagrun for example_weekday_branch_operator to 2021-06-05 00:00:00+00:00
[2021-06-07 18:44:24,622] {scheduler_job.py:190} INFO - Processing /home/encrypted/abaceti/.virtualenvs/pumpwood-airflow-images/lib/python3.6/site-packages/airflow/example_dags/example_branch_day_of_week_operator.py took 0.036 seconds
[2021-06-07 18:44:55,680] {scheduler_job.py:182} INFO - Started process (PID=7555) to work on /home/encrypted/abaceti/.virtualenvs/pumpwood-airflow-images/lib/python3.6/site-packages/airflow/example_dags/example_branch_day_of_week_operator.py
[2021-06-07 18:44:55,681] {scheduler_job.py:633} INFO - Processing file /home/encrypted/abaceti/.virtualenvs/pumpwood-airflow-images/lib/python3.6/site-packages/airflow/example_dags/example_branch_day_of_week_operator.py for tasks to queue
[2021-06-07 18:44:55,681] {logging_mixin.py:104} INFO - [2021-06-07 18:44:55,681] {dagbag.py:487} INFO - Filling up the DagBag from /home/encrypted/abaceti/.virtualenvs/pumpwood-airflow-images/lib/python3.6/site-packages/airflow/example_dags/example_branch_day_of_week_operator.py
[2021-06-07 18:44:55,687] {scheduler_job.py:643} INFO - DAG(s) dict_keys(['example_weekday_branch_operator']) retrieved from /home/encrypted/abaceti/.virtualenvs/pumpwood-airflow-images/lib/python3.6/site-packages/airflow/example_dags/example_branch_day_of_week_operator.py
[2021-06-07 18:44:55,702] {logging_mixin.py:104} INFO - [2021-06-07 18:44:55,702] {dag.py:1832} INFO - Sync 1 DAGs
[2021-06-07 18:44:55,712] {logging_mixin.py:104} INFO - [2021-06-07 18:44:55,712] {dag.py:2305} INFO - Setting next_dagrun for example_weekday_branch_operator to 2021-06-05 00:00:00+00:00
[2021-06-07 18:44:55,717] {scheduler_job.py:190} INFO - Processing /home/encrypted/abaceti/.virtualenvs/pumpwood-airflow-images/lib/python3.6/site-packages/airflow/example_dags/example_branch_day_of_week_operator.py took 0.039 seconds
[2021-06-07 18:45:26,677] {scheduler_job.py:182} INFO - Started process (PID=7677) to work on /home/encrypted/abaceti/.virtualenvs/pumpwood-airflow-images/lib/python3.6/site-packages/airflow/example_dags/example_branch_day_of_week_operator.py
[2021-06-07 18:45:26,677] {scheduler_job.py:633} INFO - Processing file /home/encrypted/abaceti/.virtualenvs/pumpwood-airflow-images/lib/python3.6/site-packages/airflow/example_dags/example_branch_day_of_week_operator.py for tasks to queue
[2021-06-07 18:45:26,677] {logging_mixin.py:104} INFO - [2021-06-07 18:45:26,677] {dagbag.py:487} INFO - Filling up the DagBag from /home/encrypted/abaceti/.virtualenvs/pumpwood-airflow-images/lib/python3.6/site-packages/airflow/example_dags/example_branch_day_of_week_operator.py
[2021-06-07 18:45:26,683] {scheduler_job.py:643} INFO - DAG(s) dict_keys(['example_weekday_branch_operator']) retrieved from /home/encrypted/abaceti/.virtualenvs/pumpwood-airflow-images/lib/python3.6/site-packages/airflow/example_dags/example_branch_day_of_week_operator.py
[2021-06-07 18:45:26,698] {logging_mixin.py:104} INFO - [2021-06-07 18:45:26,698] {dag.py:1832} INFO - Sync 1 DAGs
[2021-06-07 18:45:26,708] {logging_mixin.py:104} INFO - [2021-06-07 18:45:26,707] {dag.py:2305} INFO - Setting next_dagrun for example_weekday_branch_operator to 2021-06-05 00:00:00+00:00
[2021-06-07 18:45:26,713] {scheduler_job.py:190} INFO - Processing /home/encrypted/abaceti/.virtualenvs/pumpwood-airflow-images/lib/python3.6/site-packages/airflow/example_dags/example_branch_day_of_week_operator.py took 0.037 seconds
[2021-06-07 18:45:56,788] {scheduler_job.py:182} INFO - Started process (PID=7839) to work on /home/encrypted/abaceti/.virtualenvs/pumpwood-airflow-images/lib/python3.6/site-packages/airflow/example_dags/example_branch_day_of_week_operator.py
[2021-06-07 18:45:56,788] {scheduler_job.py:633} INFO - Processing file /home/encrypted/abaceti/.virtualenvs/pumpwood-airflow-images/lib/python3.6/site-packages/airflow/example_dags/example_branch_day_of_week_operator.py for tasks to queue
[2021-06-07 18:45:56,789] {logging_mixin.py:104} INFO - [2021-06-07 18:45:56,789] {dagbag.py:487} INFO - Filling up the DagBag from /home/encrypted/abaceti/.virtualenvs/pumpwood-airflow-images/lib/python3.6/site-packages/airflow/example_dags/example_branch_day_of_week_operator.py
[2021-06-07 18:45:56,794] {scheduler_job.py:643} INFO - DAG(s) dict_keys(['example_weekday_branch_operator']) retrieved from /home/encrypted/abaceti/.virtualenvs/pumpwood-airflow-images/lib/python3.6/site-packages/airflow/example_dags/example_branch_day_of_week_operator.py
[2021-06-07 18:45:56,810] {logging_mixin.py:104} INFO - [2021-06-07 18:45:56,810] {dag.py:1832} INFO - Sync 1 DAGs
[2021-06-07 18:45:56,820] {logging_mixin.py:104} INFO - [2021-06-07 18:45:56,820] {dag.py:2305} INFO - Setting next_dagrun for example_weekday_branch_operator to 2021-06-05 00:00:00+00:00
[2021-06-07 18:45:56,826] {scheduler_job.py:190} INFO - Processing /home/encrypted/abaceti/.virtualenvs/pumpwood-airflow-images/lib/python3.6/site-packages/airflow/example_dags/example_branch_day_of_week_operator.py took 0.040 seconds
[2021-06-07 18:46:26,973] {scheduler_job.py:182} INFO - Started process (PID=7960) to work on /home/encrypted/abaceti/.virtualenvs/pumpwood-airflow-images/lib/python3.6/site-packages/airflow/example_dags/example_branch_day_of_week_operator.py
[2021-06-07 18:46:26,974] {scheduler_job.py:633} INFO - Processing file /home/encrypted/abaceti/.virtualenvs/pumpwood-airflow-images/lib/python3.6/site-packages/airflow/example_dags/example_branch_day_of_week_operator.py for tasks to queue
[2021-06-07 18:46:26,974] {logging_mixin.py:104} INFO - [2021-06-07 18:46:26,974] {dagbag.py:487} INFO - Filling up the DagBag from /home/encrypted/abaceti/.virtualenvs/pumpwood-airflow-images/lib/python3.6/site-packages/airflow/example_dags/example_branch_day_of_week_operator.py
[2021-06-07 18:46:26,980] {scheduler_job.py:643} INFO - DAG(s) dict_keys(['example_weekday_branch_operator']) retrieved from /home/encrypted/abaceti/.virtualenvs/pumpwood-airflow-images/lib/python3.6/site-packages/airflow/example_dags/example_branch_day_of_week_operator.py
[2021-06-07 18:46:26,995] {logging_mixin.py:104} INFO - [2021-06-07 18:46:26,995] {dag.py:1832} INFO - Sync 1 DAGs
[2021-06-07 18:46:27,005] {logging_mixin.py:104} INFO - [2021-06-07 18:46:27,005] {dag.py:2305} INFO - Setting next_dagrun for example_weekday_branch_operator to 2021-06-05 00:00:00+00:00
[2021-06-07 18:46:27,010] {scheduler_job.py:190} INFO - Processing /home/encrypted/abaceti/.virtualenvs/pumpwood-airflow-images/lib/python3.6/site-packages/airflow/example_dags/example_branch_day_of_week_operator.py took 0.039 seconds
[2021-06-07 18:46:57,071] {scheduler_job.py:182} INFO - Started process (PID=8146) to work on /home/encrypted/abaceti/.virtualenvs/pumpwood-airflow-images/lib/python3.6/site-packages/airflow/example_dags/example_branch_day_of_week_operator.py
[2021-06-07 18:46:57,071] {scheduler_job.py:633} INFO - Processing file /home/encrypted/abaceti/.virtualenvs/pumpwood-airflow-images/lib/python3.6/site-packages/airflow/example_dags/example_branch_day_of_week_operator.py for tasks to queue
[2021-06-07 18:46:57,071] {logging_mixin.py:104} INFO - [2021-06-07 18:46:57,071] {dagbag.py:487} INFO - Filling up the DagBag from /home/encrypted/abaceti/.virtualenvs/pumpwood-airflow-images/lib/python3.6/site-packages/airflow/example_dags/example_branch_day_of_week_operator.py
[2021-06-07 18:46:57,077] {scheduler_job.py:643} INFO - DAG(s) dict_keys(['example_weekday_branch_operator']) retrieved from /home/encrypted/abaceti/.virtualenvs/pumpwood-airflow-images/lib/python3.6/site-packages/airflow/example_dags/example_branch_day_of_week_operator.py
[2021-06-07 18:46:57,091] {logging_mixin.py:104} INFO - [2021-06-07 18:46:57,091] {dag.py:1832} INFO - Sync 1 DAGs
[2021-06-07 18:46:57,101] {logging_mixin.py:104} INFO - [2021-06-07 18:46:57,101] {dag.py:2305} INFO - Setting next_dagrun for example_weekday_branch_operator to 2021-06-05 00:00:00+00:00
[2021-06-07 18:46:57,107] {scheduler_job.py:190} INFO - Processing /home/encrypted/abaceti/.virtualenvs/pumpwood-airflow-images/lib/python3.6/site-packages/airflow/example_dags/example_branch_day_of_week_operator.py took 0.038 seconds
[2021-06-07 18:47:27,250] {scheduler_job.py:182} INFO - Started process (PID=8284) to work on /home/encrypted/abaceti/.virtualenvs/pumpwood-airflow-images/lib/python3.6/site-packages/airflow/example_dags/example_branch_day_of_week_operator.py
[2021-06-07 18:47:27,250] {scheduler_job.py:633} INFO - Processing file /home/encrypted/abaceti/.virtualenvs/pumpwood-airflow-images/lib/python3.6/site-packages/airflow/example_dags/example_branch_day_of_week_operator.py for tasks to queue
[2021-06-07 18:47:27,250] {logging_mixin.py:104} INFO - [2021-06-07 18:47:27,250] {dagbag.py:487} INFO - Filling up the DagBag from /home/encrypted/abaceti/.virtualenvs/pumpwood-airflow-images/lib/python3.6/site-packages/airflow/example_dags/example_branch_day_of_week_operator.py
[2021-06-07 18:47:27,256] {scheduler_job.py:643} INFO - DAG(s) dict_keys(['example_weekday_branch_operator']) retrieved from /home/encrypted/abaceti/.virtualenvs/pumpwood-airflow-images/lib/python3.6/site-packages/airflow/example_dags/example_branch_day_of_week_operator.py
[2021-06-07 18:47:27,271] {logging_mixin.py:104} INFO - [2021-06-07 18:47:27,271] {dag.py:1832} INFO - Sync 1 DAGs
[2021-06-07 18:47:27,282] {logging_mixin.py:104} INFO - [2021-06-07 18:47:27,282] {dag.py:2305} INFO - Setting next_dagrun for example_weekday_branch_operator to 2021-06-05 00:00:00+00:00
[2021-06-07 18:47:27,288] {scheduler_job.py:190} INFO - Processing /home/encrypted/abaceti/.virtualenvs/pumpwood-airflow-images/lib/python3.6/site-packages/airflow/example_dags/example_branch_day_of_week_operator.py took 0.040 seconds
[2021-06-07 18:47:57,307] {scheduler_job.py:182} INFO - Started process (PID=8498) to work on /home/encrypted/abaceti/.virtualenvs/pumpwood-airflow-images/lib/python3.6/site-packages/airflow/example_dags/example_branch_day_of_week_operator.py
[2021-06-07 18:47:57,308] {scheduler_job.py:633} INFO - Processing file /home/encrypted/abaceti/.virtualenvs/pumpwood-airflow-images/lib/python3.6/site-packages/airflow/example_dags/example_branch_day_of_week_operator.py for tasks to queue
[2021-06-07 18:47:57,308] {logging_mixin.py:104} INFO - [2021-06-07 18:47:57,308] {dagbag.py:487} INFO - Filling up the DagBag from /home/encrypted/abaceti/.virtualenvs/pumpwood-airflow-images/lib/python3.6/site-packages/airflow/example_dags/example_branch_day_of_week_operator.py
[2021-06-07 18:47:57,313] {scheduler_job.py:643} INFO - DAG(s) dict_keys(['example_weekday_branch_operator']) retrieved from /home/encrypted/abaceti/.virtualenvs/pumpwood-airflow-images/lib/python3.6/site-packages/airflow/example_dags/example_branch_day_of_week_operator.py
[2021-06-07 18:47:57,328] {logging_mixin.py:104} INFO - [2021-06-07 18:47:57,328] {dag.py:1832} INFO - Sync 1 DAGs
[2021-06-07 18:47:57,337] {logging_mixin.py:104} INFO - [2021-06-07 18:47:57,337] {dag.py:2305} INFO - Setting next_dagrun for example_weekday_branch_operator to 2021-06-05 00:00:00+00:00
[2021-06-07 18:47:57,343] {scheduler_job.py:190} INFO - Processing /home/encrypted/abaceti/.virtualenvs/pumpwood-airflow-images/lib/python3.6/site-packages/airflow/example_dags/example_branch_day_of_week_operator.py took 0.038 seconds
[2021-06-07 18:48:27,601] {scheduler_job.py:182} INFO - Started process (PID=8722) to work on /home/encrypted/abaceti/.virtualenvs/pumpwood-airflow-images/lib/python3.6/site-packages/airflow/example_dags/example_branch_day_of_week_operator.py
[2021-06-07 18:48:27,601] {scheduler_job.py:633} INFO - Processing file /home/encrypted/abaceti/.virtualenvs/pumpwood-airflow-images/lib/python3.6/site-packages/airflow/example_dags/example_branch_day_of_week_operator.py for tasks to queue
[2021-06-07 18:48:27,602] {logging_mixin.py:104} INFO - [2021-06-07 18:48:27,602] {dagbag.py:487} INFO - Filling up the DagBag from /home/encrypted/abaceti/.virtualenvs/pumpwood-airflow-images/lib/python3.6/site-packages/airflow/example_dags/example_branch_day_of_week_operator.py
[2021-06-07 18:48:27,607] {scheduler_job.py:643} INFO - DAG(s) dict_keys(['example_weekday_branch_operator']) retrieved from /home/encrypted/abaceti/.virtualenvs/pumpwood-airflow-images/lib/python3.6/site-packages/airflow/example_dags/example_branch_day_of_week_operator.py
[2021-06-07 18:48:27,622] {logging_mixin.py:104} INFO - [2021-06-07 18:48:27,622] {dag.py:1832} INFO - Sync 1 DAGs
[2021-06-07 18:48:27,631] {logging_mixin.py:104} INFO - [2021-06-07 18:48:27,631] {dag.py:2305} INFO - Setting next_dagrun for example_weekday_branch_operator to 2021-06-05 00:00:00+00:00
[2021-06-07 18:48:27,636] {scheduler_job.py:190} INFO - Processing /home/encrypted/abaceti/.virtualenvs/pumpwood-airflow-images/lib/python3.6/site-packages/airflow/example_dags/example_branch_day_of_week_operator.py took 0.037 seconds
[2021-06-07 18:48:49,744] {scheduler_job.py:182} INFO - Started process (PID=8902) to work on /home/encrypted/abaceti/.virtualenvs/pumpwood-airflow-images/lib/python3.6/site-packages/airflow/example_dags/example_branch_day_of_week_operator.py
[2021-06-07 18:48:49,744] {scheduler_job.py:633} INFO - Processing file /home/encrypted/abaceti/.virtualenvs/pumpwood-airflow-images/lib/python3.6/site-packages/airflow/example_dags/example_branch_day_of_week_operator.py for tasks to queue
[2021-06-07 18:48:49,745] {logging_mixin.py:104} INFO - [2021-06-07 18:48:49,745] {dagbag.py:487} INFO - Filling up the DagBag from /home/encrypted/abaceti/.virtualenvs/pumpwood-airflow-images/lib/python3.6/site-packages/airflow/example_dags/example_branch_day_of_week_operator.py
[2021-06-07 18:48:49,752] {scheduler_job.py:643} INFO - DAG(s) dict_keys(['example_weekday_branch_operator']) retrieved from /home/encrypted/abaceti/.virtualenvs/pumpwood-airflow-images/lib/python3.6/site-packages/airflow/example_dags/example_branch_day_of_week_operator.py
[2021-06-07 18:48:49,767] {logging_mixin.py:104} INFO - [2021-06-07 18:48:49,767] {dag.py:1832} INFO - Sync 1 DAGs
[2021-06-07 18:48:49,778] {logging_mixin.py:104} INFO - [2021-06-07 18:48:49,778] {dag.py:2305} INFO - Setting next_dagrun for example_weekday_branch_operator to 2021-06-05 00:00:00+00:00
[2021-06-07 18:48:49,783] {scheduler_job.py:190} INFO - Processing /home/encrypted/abaceti/.virtualenvs/pumpwood-airflow-images/lib/python3.6/site-packages/airflow/example_dags/example_branch_day_of_week_operator.py took 0.041 seconds
[2021-06-07 18:49:20,815] {scheduler_job.py:182} INFO - Started process (PID=9028) to work on /home/encrypted/abaceti/.virtualenvs/pumpwood-airflow-images/lib/python3.6/site-packages/airflow/example_dags/example_branch_day_of_week_operator.py
[2021-06-07 18:49:20,815] {scheduler_job.py:633} INFO - Processing file /home/encrypted/abaceti/.virtualenvs/pumpwood-airflow-images/lib/python3.6/site-packages/airflow/example_dags/example_branch_day_of_week_operator.py for tasks to queue
[2021-06-07 18:49:20,815] {logging_mixin.py:104} INFO - [2021-06-07 18:49:20,815] {dagbag.py:487} INFO - Filling up the DagBag from /home/encrypted/abaceti/.virtualenvs/pumpwood-airflow-images/lib/python3.6/site-packages/airflow/example_dags/example_branch_day_of_week_operator.py
[2021-06-07 18:49:20,821] {scheduler_job.py:643} INFO - DAG(s) dict_keys(['example_weekday_branch_operator']) retrieved from /home/encrypted/abaceti/.virtualenvs/pumpwood-airflow-images/lib/python3.6/site-packages/airflow/example_dags/example_branch_day_of_week_operator.py
[2021-06-07 18:49:20,835] {logging_mixin.py:104} INFO - [2021-06-07 18:49:20,835] {dag.py:1832} INFO - Sync 1 DAGs
[2021-06-07 18:49:20,845] {logging_mixin.py:104} INFO - [2021-06-07 18:49:20,845] {dag.py:2305} INFO - Setting next_dagrun for example_weekday_branch_operator to 2021-06-05 00:00:00+00:00
[2021-06-07 18:49:20,850] {scheduler_job.py:190} INFO - Processing /home/encrypted/abaceti/.virtualenvs/pumpwood-airflow-images/lib/python3.6/site-packages/airflow/example_dags/example_branch_day_of_week_operator.py took 0.037 seconds
[2021-06-07 18:49:51,111] {scheduler_job.py:182} INFO - Started process (PID=9206) to work on /home/encrypted/abaceti/.virtualenvs/pumpwood-airflow-images/lib/python3.6/site-packages/airflow/example_dags/example_branch_day_of_week_operator.py
[2021-06-07 18:49:51,112] {scheduler_job.py:633} INFO - Processing file /home/encrypted/abaceti/.virtualenvs/pumpwood-airflow-images/lib/python3.6/site-packages/airflow/example_dags/example_branch_day_of_week_operator.py for tasks to queue
[2021-06-07 18:49:51,112] {logging_mixin.py:104} INFO - [2021-06-07 18:49:51,112] {dagbag.py:487} INFO - Filling up the DagBag from /home/encrypted/abaceti/.virtualenvs/pumpwood-airflow-images/lib/python3.6/site-packages/airflow/example_dags/example_branch_day_of_week_operator.py
[2021-06-07 18:49:51,118] {scheduler_job.py:643} INFO - DAG(s) dict_keys(['example_weekday_branch_operator']) retrieved from /home/encrypted/abaceti/.virtualenvs/pumpwood-airflow-images/lib/python3.6/site-packages/airflow/example_dags/example_branch_day_of_week_operator.py
[2021-06-07 18:49:51,133] {logging_mixin.py:104} INFO - [2021-06-07 18:49:51,133] {dag.py:1832} INFO - Sync 1 DAGs
[2021-06-07 18:49:51,145] {logging_mixin.py:104} INFO - [2021-06-07 18:49:51,145] {dag.py:2305} INFO - Setting next_dagrun for example_weekday_branch_operator to 2021-06-05 00:00:00+00:00
[2021-06-07 18:49:51,152] {scheduler_job.py:190} INFO - Processing /home/encrypted/abaceti/.virtualenvs/pumpwood-airflow-images/lib/python3.6/site-packages/airflow/example_dags/example_branch_day_of_week_operator.py took 0.042 seconds
[2021-06-07 18:50:21,347] {scheduler_job.py:182} INFO - Started process (PID=9445) to work on /home/encrypted/abaceti/.virtualenvs/pumpwood-airflow-images/lib/python3.6/site-packages/airflow/example_dags/example_branch_day_of_week_operator.py
[2021-06-07 18:50:21,348] {scheduler_job.py:633} INFO - Processing file /home/encrypted/abaceti/.virtualenvs/pumpwood-airflow-images/lib/python3.6/site-packages/airflow/example_dags/example_branch_day_of_week_operator.py for tasks to queue
[2021-06-07 18:50:21,348] {logging_mixin.py:104} INFO - [2021-06-07 18:50:21,348] {dagbag.py:487} INFO - Filling up the DagBag from /home/encrypted/abaceti/.virtualenvs/pumpwood-airflow-images/lib/python3.6/site-packages/airflow/example_dags/example_branch_day_of_week_operator.py
[2021-06-07 18:50:21,354] {scheduler_job.py:643} INFO - DAG(s) dict_keys(['example_weekday_branch_operator']) retrieved from /home/encrypted/abaceti/.virtualenvs/pumpwood-airflow-images/lib/python3.6/site-packages/airflow/example_dags/example_branch_day_of_week_operator.py
[2021-06-07 18:50:21,368] {logging_mixin.py:104} INFO - [2021-06-07 18:50:21,368] {dag.py:1832} INFO - Sync 1 DAGs
[2021-06-07 18:50:21,377] {logging_mixin.py:104} INFO - [2021-06-07 18:50:21,377] {dag.py:2305} INFO - Setting next_dagrun for example_weekday_branch_operator to 2021-06-05 00:00:00+00:00
[2021-06-07 18:50:21,382] {scheduler_job.py:190} INFO - Processing /home/encrypted/abaceti/.virtualenvs/pumpwood-airflow-images/lib/python3.6/site-packages/airflow/example_dags/example_branch_day_of_week_operator.py took 0.037 seconds
[2021-06-07 18:50:51,593] {scheduler_job.py:182} INFO - Started process (PID=9605) to work on /home/encrypted/abaceti/.virtualenvs/pumpwood-airflow-images/lib/python3.6/site-packages/airflow/example_dags/example_branch_day_of_week_operator.py
[2021-06-07 18:50:51,593] {scheduler_job.py:633} INFO - Processing file /home/encrypted/abaceti/.virtualenvs/pumpwood-airflow-images/lib/python3.6/site-packages/airflow/example_dags/example_branch_day_of_week_operator.py for tasks to queue
[2021-06-07 18:50:51,593] {logging_mixin.py:104} INFO - [2021-06-07 18:50:51,593] {dagbag.py:487} INFO - Filling up the DagBag from /home/encrypted/abaceti/.virtualenvs/pumpwood-airflow-images/lib/python3.6/site-packages/airflow/example_dags/example_branch_day_of_week_operator.py
[2021-06-07 18:50:51,600] {scheduler_job.py:643} INFO - DAG(s) dict_keys(['example_weekday_branch_operator']) retrieved from /home/encrypted/abaceti/.virtualenvs/pumpwood-airflow-images/lib/python3.6/site-packages/airflow/example_dags/example_branch_day_of_week_operator.py
[2021-06-07 18:50:51,615] {logging_mixin.py:104} INFO - [2021-06-07 18:50:51,615] {dag.py:1832} INFO - Sync 1 DAGs
[2021-06-07 18:50:51,625] {logging_mixin.py:104} INFO - [2021-06-07 18:50:51,625] {dag.py:2305} INFO - Setting next_dagrun for example_weekday_branch_operator to 2021-06-05 00:00:00+00:00
[2021-06-07 18:50:51,631] {scheduler_job.py:190} INFO - Processing /home/encrypted/abaceti/.virtualenvs/pumpwood-airflow-images/lib/python3.6/site-packages/airflow/example_dags/example_branch_day_of_week_operator.py took 0.040 seconds
[2021-06-07 18:51:21,686] {scheduler_job.py:182} INFO - Started process (PID=9719) to work on /home/encrypted/abaceti/.virtualenvs/pumpwood-airflow-images/lib/python3.6/site-packages/airflow/example_dags/example_branch_day_of_week_operator.py
[2021-06-07 18:51:21,687] {scheduler_job.py:633} INFO - Processing file /home/encrypted/abaceti/.virtualenvs/pumpwood-airflow-images/lib/python3.6/site-packages/airflow/example_dags/example_branch_day_of_week_operator.py for tasks to queue
[2021-06-07 18:51:21,687] {logging_mixin.py:104} INFO - [2021-06-07 18:51:21,687] {dagbag.py:487} INFO - Filling up the DagBag from /home/encrypted/abaceti/.virtualenvs/pumpwood-airflow-images/lib/python3.6/site-packages/airflow/example_dags/example_branch_day_of_week_operator.py
[2021-06-07 18:51:21,693] {scheduler_job.py:643} INFO - DAG(s) dict_keys(['example_weekday_branch_operator']) retrieved from /home/encrypted/abaceti/.virtualenvs/pumpwood-airflow-images/lib/python3.6/site-packages/airflow/example_dags/example_branch_day_of_week_operator.py
[2021-06-07 18:51:21,708] {logging_mixin.py:104} INFO - [2021-06-07 18:51:21,708] {dag.py:1832} INFO - Sync 1 DAGs
[2021-06-07 18:51:21,719] {logging_mixin.py:104} INFO - [2021-06-07 18:51:21,719] {dag.py:2305} INFO - Setting next_dagrun for example_weekday_branch_operator to 2021-06-05 00:00:00+00:00
[2021-06-07 18:51:21,725] {scheduler_job.py:190} INFO - Processing /home/encrypted/abaceti/.virtualenvs/pumpwood-airflow-images/lib/python3.6/site-packages/airflow/example_dags/example_branch_day_of_week_operator.py took 0.040 seconds
[2021-06-07 18:51:51,842] {scheduler_job.py:182} INFO - Started process (PID=9883) to work on /home/encrypted/abaceti/.virtualenvs/pumpwood-airflow-images/lib/python3.6/site-packages/airflow/example_dags/example_branch_day_of_week_operator.py
[2021-06-07 18:51:51,843] {scheduler_job.py:633} INFO - Processing file /home/encrypted/abaceti/.virtualenvs/pumpwood-airflow-images/lib/python3.6/site-packages/airflow/example_dags/example_branch_day_of_week_operator.py for tasks to queue
[2021-06-07 18:51:51,844] {logging_mixin.py:104} INFO - [2021-06-07 18:51:51,843] {dagbag.py:487} INFO - Filling up the DagBag from /home/encrypted/abaceti/.virtualenvs/pumpwood-airflow-images/lib/python3.6/site-packages/airflow/example_dags/example_branch_day_of_week_operator.py
[2021-06-07 18:51:51,851] {scheduler_job.py:643} INFO - DAG(s) dict_keys(['example_weekday_branch_operator']) retrieved from /home/encrypted/abaceti/.virtualenvs/pumpwood-airflow-images/lib/python3.6/site-packages/airflow/example_dags/example_branch_day_of_week_operator.py
[2021-06-07 18:51:51,868] {logging_mixin.py:104} INFO - [2021-06-07 18:51:51,868] {dag.py:1832} INFO - Sync 1 DAGs
[2021-06-07 18:51:51,878] {logging_mixin.py:104} INFO - [2021-06-07 18:51:51,878] {dag.py:2305} INFO - Setting next_dagrun for example_weekday_branch_operator to 2021-06-05 00:00:00+00:00
[2021-06-07 18:51:51,885] {scheduler_job.py:190} INFO - Processing /home/encrypted/abaceti/.virtualenvs/pumpwood-airflow-images/lib/python3.6/site-packages/airflow/example_dags/example_branch_day_of_week_operator.py took 0.044 seconds
[2021-06-07 18:52:22,095] {scheduler_job.py:182} INFO - Started process (PID=10003) to work on /home/encrypted/abaceti/.virtualenvs/pumpwood-airflow-images/lib/python3.6/site-packages/airflow/example_dags/example_branch_day_of_week_operator.py
[2021-06-07 18:52:22,096] {scheduler_job.py:633} INFO - Processing file /home/encrypted/abaceti/.virtualenvs/pumpwood-airflow-images/lib/python3.6/site-packages/airflow/example_dags/example_branch_day_of_week_operator.py for tasks to queue
[2021-06-07 18:52:22,096] {logging_mixin.py:104} INFO - [2021-06-07 18:52:22,096] {dagbag.py:487} INFO - Filling up the DagBag from /home/encrypted/abaceti/.virtualenvs/pumpwood-airflow-images/lib/python3.6/site-packages/airflow/example_dags/example_branch_day_of_week_operator.py
[2021-06-07 18:52:22,102] {scheduler_job.py:643} INFO - DAG(s) dict_keys(['example_weekday_branch_operator']) retrieved from /home/encrypted/abaceti/.virtualenvs/pumpwood-airflow-images/lib/python3.6/site-packages/airflow/example_dags/example_branch_day_of_week_operator.py
[2021-06-07 18:52:22,118] {logging_mixin.py:104} INFO - [2021-06-07 18:52:22,118] {dag.py:1832} INFO - Sync 1 DAGs
[2021-06-07 18:52:22,130] {logging_mixin.py:104} INFO - [2021-06-07 18:52:22,129] {dag.py:2305} INFO - Setting next_dagrun for example_weekday_branch_operator to 2021-06-05 00:00:00+00:00
[2021-06-07 18:52:22,135] {scheduler_job.py:190} INFO - Processing /home/encrypted/abaceti/.virtualenvs/pumpwood-airflow-images/lib/python3.6/site-packages/airflow/example_dags/example_branch_day_of_week_operator.py took 0.042 seconds
[2021-06-07 18:52:53,266] {scheduler_job.py:182} INFO - Started process (PID=10816) to work on /home/encrypted/abaceti/.virtualenvs/pumpwood-airflow-images/lib/python3.6/site-packages/airflow/example_dags/example_branch_day_of_week_operator.py
[2021-06-07 18:52:53,266] {scheduler_job.py:633} INFO - Processing file /home/encrypted/abaceti/.virtualenvs/pumpwood-airflow-images/lib/python3.6/site-packages/airflow/example_dags/example_branch_day_of_week_operator.py for tasks to queue
[2021-06-07 18:52:53,266] {logging_mixin.py:104} INFO - [2021-06-07 18:52:53,266] {dagbag.py:487} INFO - Filling up the DagBag from /home/encrypted/abaceti/.virtualenvs/pumpwood-airflow-images/lib/python3.6/site-packages/airflow/example_dags/example_branch_day_of_week_operator.py
[2021-06-07 18:52:53,272] {scheduler_job.py:643} INFO - DAG(s) dict_keys(['example_weekday_branch_operator']) retrieved from /home/encrypted/abaceti/.virtualenvs/pumpwood-airflow-images/lib/python3.6/site-packages/airflow/example_dags/example_branch_day_of_week_operator.py
[2021-06-07 18:52:53,289] {logging_mixin.py:104} INFO - [2021-06-07 18:52:53,289] {dag.py:1832} INFO - Sync 1 DAGs
[2021-06-07 18:52:53,299] {logging_mixin.py:104} INFO - [2021-06-07 18:52:53,299] {dag.py:2305} INFO - Setting next_dagrun for example_weekday_branch_operator to 2021-06-05 00:00:00+00:00
[2021-06-07 18:52:53,305] {scheduler_job.py:190} INFO - Processing /home/encrypted/abaceti/.virtualenvs/pumpwood-airflow-images/lib/python3.6/site-packages/airflow/example_dags/example_branch_day_of_week_operator.py took 0.041 seconds
[2021-06-07 18:53:23,457] {scheduler_job.py:182} INFO - Started process (PID=11142) to work on /home/encrypted/abaceti/.virtualenvs/pumpwood-airflow-images/lib/python3.6/site-packages/airflow/example_dags/example_branch_day_of_week_operator.py
[2021-06-07 18:53:23,458] {scheduler_job.py:633} INFO - Processing file /home/encrypted/abaceti/.virtualenvs/pumpwood-airflow-images/lib/python3.6/site-packages/airflow/example_dags/example_branch_day_of_week_operator.py for tasks to queue
[2021-06-07 18:53:23,458] {logging_mixin.py:104} INFO - [2021-06-07 18:53:23,458] {dagbag.py:487} INFO - Filling up the DagBag from /home/encrypted/abaceti/.virtualenvs/pumpwood-airflow-images/lib/python3.6/site-packages/airflow/example_dags/example_branch_day_of_week_operator.py
[2021-06-07 18:53:23,464] {scheduler_job.py:643} INFO - DAG(s) dict_keys(['example_weekday_branch_operator']) retrieved from /home/encrypted/abaceti/.virtualenvs/pumpwood-airflow-images/lib/python3.6/site-packages/airflow/example_dags/example_branch_day_of_week_operator.py
[2021-06-07 18:53:23,479] {logging_mixin.py:104} INFO - [2021-06-07 18:53:23,479] {dag.py:1832} INFO - Sync 1 DAGs
[2021-06-07 18:53:23,488] {logging_mixin.py:104} INFO - [2021-06-07 18:53:23,488] {dag.py:2305} INFO - Setting next_dagrun for example_weekday_branch_operator to 2021-06-05 00:00:00+00:00
[2021-06-07 18:53:23,494] {scheduler_job.py:190} INFO - Processing /home/encrypted/abaceti/.virtualenvs/pumpwood-airflow-images/lib/python3.6/site-packages/airflow/example_dags/example_branch_day_of_week_operator.py took 0.039 seconds
[2021-06-07 18:53:53,644] {scheduler_job.py:182} INFO - Started process (PID=11523) to work on /home/encrypted/abaceti/.virtualenvs/pumpwood-airflow-images/lib/python3.6/site-packages/airflow/example_dags/example_branch_day_of_week_operator.py
[2021-06-07 18:53:53,645] {scheduler_job.py:633} INFO - Processing file /home/encrypted/abaceti/.virtualenvs/pumpwood-airflow-images/lib/python3.6/site-packages/airflow/example_dags/example_branch_day_of_week_operator.py for tasks to queue
[2021-06-07 18:53:53,645] {logging_mixin.py:104} INFO - [2021-06-07 18:53:53,645] {dagbag.py:487} INFO - Filling up the DagBag from /home/encrypted/abaceti/.virtualenvs/pumpwood-airflow-images/lib/python3.6/site-packages/airflow/example_dags/example_branch_day_of_week_operator.py
[2021-06-07 18:53:53,651] {scheduler_job.py:643} INFO - DAG(s) dict_keys(['example_weekday_branch_operator']) retrieved from /home/encrypted/abaceti/.virtualenvs/pumpwood-airflow-images/lib/python3.6/site-packages/airflow/example_dags/example_branch_day_of_week_operator.py
[2021-06-07 18:53:53,666] {logging_mixin.py:104} INFO - [2021-06-07 18:53:53,666] {dag.py:1832} INFO - Sync 1 DAGs
[2021-06-07 18:53:53,675] {logging_mixin.py:104} INFO - [2021-06-07 18:53:53,675] {dag.py:2305} INFO - Setting next_dagrun for example_weekday_branch_operator to 2021-06-05 00:00:00+00:00
[2021-06-07 18:53:53,681] {scheduler_job.py:190} INFO - Processing /home/encrypted/abaceti/.virtualenvs/pumpwood-airflow-images/lib/python3.6/site-packages/airflow/example_dags/example_branch_day_of_week_operator.py took 0.038 seconds
[2021-06-07 18:54:24,817] {scheduler_job.py:182} INFO - Started process (PID=11939) to work on /home/encrypted/abaceti/.virtualenvs/pumpwood-airflow-images/lib/python3.6/site-packages/airflow/example_dags/example_branch_day_of_week_operator.py
[2021-06-07 18:54:24,817] {scheduler_job.py:633} INFO - Processing file /home/encrypted/abaceti/.virtualenvs/pumpwood-airflow-images/lib/python3.6/site-packages/airflow/example_dags/example_branch_day_of_week_operator.py for tasks to queue
[2021-06-07 18:54:24,818] {logging_mixin.py:104} INFO - [2021-06-07 18:54:24,817] {dagbag.py:487} INFO - Filling up the DagBag from /home/encrypted/abaceti/.virtualenvs/pumpwood-airflow-images/lib/python3.6/site-packages/airflow/example_dags/example_branch_day_of_week_operator.py
[2021-06-07 18:54:24,823] {scheduler_job.py:643} INFO - DAG(s) dict_keys(['example_weekday_branch_operator']) retrieved from /home/encrypted/abaceti/.virtualenvs/pumpwood-airflow-images/lib/python3.6/site-packages/airflow/example_dags/example_branch_day_of_week_operator.py
[2021-06-07 18:54:24,839] {logging_mixin.py:104} INFO - [2021-06-07 18:54:24,839] {dag.py:1832} INFO - Sync 1 DAGs
[2021-06-07 18:54:24,850] {logging_mixin.py:104} INFO - [2021-06-07 18:54:24,850] {dag.py:2305} INFO - Setting next_dagrun for example_weekday_branch_operator to 2021-06-05 00:00:00+00:00
[2021-06-07 18:54:24,856] {scheduler_job.py:190} INFO - Processing /home/encrypted/abaceti/.virtualenvs/pumpwood-airflow-images/lib/python3.6/site-packages/airflow/example_dags/example_branch_day_of_week_operator.py took 0.041 seconds
[2021-06-07 18:54:54,990] {scheduler_job.py:182} INFO - Started process (PID=12154) to work on /home/encrypted/abaceti/.virtualenvs/pumpwood-airflow-images/lib/python3.6/site-packages/airflow/example_dags/example_branch_day_of_week_operator.py
[2021-06-07 18:54:54,991] {scheduler_job.py:633} INFO - Processing file /home/encrypted/abaceti/.virtualenvs/pumpwood-airflow-images/lib/python3.6/site-packages/airflow/example_dags/example_branch_day_of_week_operator.py for tasks to queue
[2021-06-07 18:54:54,991] {logging_mixin.py:104} INFO - [2021-06-07 18:54:54,991] {dagbag.py:487} INFO - Filling up the DagBag from /home/encrypted/abaceti/.virtualenvs/pumpwood-airflow-images/lib/python3.6/site-packages/airflow/example_dags/example_branch_day_of_week_operator.py
[2021-06-07 18:54:54,997] {scheduler_job.py:643} INFO - DAG(s) dict_keys(['example_weekday_branch_operator']) retrieved from /home/encrypted/abaceti/.virtualenvs/pumpwood-airflow-images/lib/python3.6/site-packages/airflow/example_dags/example_branch_day_of_week_operator.py
[2021-06-07 18:54:55,013] {logging_mixin.py:104} INFO - [2021-06-07 18:54:55,013] {dag.py:1832} INFO - Sync 1 DAGs
[2021-06-07 18:54:55,024] {logging_mixin.py:104} INFO - [2021-06-07 18:54:55,023] {dag.py:2305} INFO - Setting next_dagrun for example_weekday_branch_operator to 2021-06-05 00:00:00+00:00
[2021-06-07 18:54:55,029] {scheduler_job.py:190} INFO - Processing /home/encrypted/abaceti/.virtualenvs/pumpwood-airflow-images/lib/python3.6/site-packages/airflow/example_dags/example_branch_day_of_week_operator.py took 0.040 seconds
[2021-06-07 18:55:25,074] {scheduler_job.py:182} INFO - Started process (PID=12323) to work on /home/encrypted/abaceti/.virtualenvs/pumpwood-airflow-images/lib/python3.6/site-packages/airflow/example_dags/example_branch_day_of_week_operator.py
[2021-06-07 18:55:25,075] {scheduler_job.py:633} INFO - Processing file /home/encrypted/abaceti/.virtualenvs/pumpwood-airflow-images/lib/python3.6/site-packages/airflow/example_dags/example_branch_day_of_week_operator.py for tasks to queue
[2021-06-07 18:55:25,075] {logging_mixin.py:104} INFO - [2021-06-07 18:55:25,075] {dagbag.py:487} INFO - Filling up the DagBag from /home/encrypted/abaceti/.virtualenvs/pumpwood-airflow-images/lib/python3.6/site-packages/airflow/example_dags/example_branch_day_of_week_operator.py
[2021-06-07 18:55:25,080] {scheduler_job.py:643} INFO - DAG(s) dict_keys(['example_weekday_branch_operator']) retrieved from /home/encrypted/abaceti/.virtualenvs/pumpwood-airflow-images/lib/python3.6/site-packages/airflow/example_dags/example_branch_day_of_week_operator.py
[2021-06-07 18:55:25,094] {logging_mixin.py:104} INFO - [2021-06-07 18:55:25,094] {dag.py:1832} INFO - Sync 1 DAGs
[2021-06-07 18:55:25,104] {logging_mixin.py:104} INFO - [2021-06-07 18:55:25,104] {dag.py:2305} INFO - Setting next_dagrun for example_weekday_branch_operator to 2021-06-05 00:00:00+00:00
[2021-06-07 18:55:25,109] {scheduler_job.py:190} INFO - Processing /home/encrypted/abaceti/.virtualenvs/pumpwood-airflow-images/lib/python3.6/site-packages/airflow/example_dags/example_branch_day_of_week_operator.py took 0.037 seconds
[2021-06-07 18:55:55,204] {scheduler_job.py:182} INFO - Started process (PID=12544) to work on /home/encrypted/abaceti/.virtualenvs/pumpwood-airflow-images/lib/python3.6/site-packages/airflow/example_dags/example_branch_day_of_week_operator.py
[2021-06-07 18:55:55,204] {scheduler_job.py:633} INFO - Processing file /home/encrypted/abaceti/.virtualenvs/pumpwood-airflow-images/lib/python3.6/site-packages/airflow/example_dags/example_branch_day_of_week_operator.py for tasks to queue
[2021-06-07 18:55:55,205] {logging_mixin.py:104} INFO - [2021-06-07 18:55:55,204] {dagbag.py:487} INFO - Filling up the DagBag from /home/encrypted/abaceti/.virtualenvs/pumpwood-airflow-images/lib/python3.6/site-packages/airflow/example_dags/example_branch_day_of_week_operator.py
[2021-06-07 18:55:55,210] {scheduler_job.py:643} INFO - DAG(s) dict_keys(['example_weekday_branch_operator']) retrieved from /home/encrypted/abaceti/.virtualenvs/pumpwood-airflow-images/lib/python3.6/site-packages/airflow/example_dags/example_branch_day_of_week_operator.py
[2021-06-07 18:55:55,224] {logging_mixin.py:104} INFO - [2021-06-07 18:55:55,223] {dag.py:1832} INFO - Sync 1 DAGs
[2021-06-07 18:55:55,233] {logging_mixin.py:104} INFO - [2021-06-07 18:55:55,233] {dag.py:2305} INFO - Setting next_dagrun for example_weekday_branch_operator to 2021-06-05 00:00:00+00:00
[2021-06-07 18:55:55,238] {scheduler_job.py:190} INFO - Processing /home/encrypted/abaceti/.virtualenvs/pumpwood-airflow-images/lib/python3.6/site-packages/airflow/example_dags/example_branch_day_of_week_operator.py took 0.036 seconds
[2021-06-07 18:56:25,434] {scheduler_job.py:182} INFO - Started process (PID=12762) to work on /home/encrypted/abaceti/.virtualenvs/pumpwood-airflow-images/lib/python3.6/site-packages/airflow/example_dags/example_branch_day_of_week_operator.py
[2021-06-07 18:56:25,435] {scheduler_job.py:633} INFO - Processing file /home/encrypted/abaceti/.virtualenvs/pumpwood-airflow-images/lib/python3.6/site-packages/airflow/example_dags/example_branch_day_of_week_operator.py for tasks to queue
[2021-06-07 18:56:25,435] {logging_mixin.py:104} INFO - [2021-06-07 18:56:25,435] {dagbag.py:487} INFO - Filling up the DagBag from /home/encrypted/abaceti/.virtualenvs/pumpwood-airflow-images/lib/python3.6/site-packages/airflow/example_dags/example_branch_day_of_week_operator.py
[2021-06-07 18:56:25,441] {scheduler_job.py:643} INFO - DAG(s) dict_keys(['example_weekday_branch_operator']) retrieved from /home/encrypted/abaceti/.virtualenvs/pumpwood-airflow-images/lib/python3.6/site-packages/airflow/example_dags/example_branch_day_of_week_operator.py
[2021-06-07 18:56:25,457] {logging_mixin.py:104} INFO - [2021-06-07 18:56:25,457] {dag.py:1832} INFO - Sync 1 DAGs
[2021-06-07 18:56:25,468] {logging_mixin.py:104} INFO - [2021-06-07 18:56:25,468] {dag.py:2305} INFO - Setting next_dagrun for example_weekday_branch_operator to 2021-06-05 00:00:00+00:00
[2021-06-07 18:56:25,475] {scheduler_job.py:190} INFO - Processing /home/encrypted/abaceti/.virtualenvs/pumpwood-airflow-images/lib/python3.6/site-packages/airflow/example_dags/example_branch_day_of_week_operator.py took 0.042 seconds
[2021-06-07 18:56:56,471] {scheduler_job.py:182} INFO - Started process (PID=12951) to work on /home/encrypted/abaceti/.virtualenvs/pumpwood-airflow-images/lib/python3.6/site-packages/airflow/example_dags/example_branch_day_of_week_operator.py
[2021-06-07 18:56:56,472] {scheduler_job.py:633} INFO - Processing file /home/encrypted/abaceti/.virtualenvs/pumpwood-airflow-images/lib/python3.6/site-packages/airflow/example_dags/example_branch_day_of_week_operator.py for tasks to queue
[2021-06-07 18:56:56,472] {logging_mixin.py:104} INFO - [2021-06-07 18:56:56,472] {dagbag.py:487} INFO - Filling up the DagBag from /home/encrypted/abaceti/.virtualenvs/pumpwood-airflow-images/lib/python3.6/site-packages/airflow/example_dags/example_branch_day_of_week_operator.py
[2021-06-07 18:56:56,478] {scheduler_job.py:643} INFO - DAG(s) dict_keys(['example_weekday_branch_operator']) retrieved from /home/encrypted/abaceti/.virtualenvs/pumpwood-airflow-images/lib/python3.6/site-packages/airflow/example_dags/example_branch_day_of_week_operator.py
[2021-06-07 18:56:56,493] {logging_mixin.py:104} INFO - [2021-06-07 18:56:56,493] {dag.py:1832} INFO - Sync 1 DAGs
[2021-06-07 18:56:56,503] {logging_mixin.py:104} INFO - [2021-06-07 18:56:56,503] {dag.py:2305} INFO - Setting next_dagrun for example_weekday_branch_operator to 2021-06-05 00:00:00+00:00
[2021-06-07 18:56:56,509] {scheduler_job.py:190} INFO - Processing /home/encrypted/abaceti/.virtualenvs/pumpwood-airflow-images/lib/python3.6/site-packages/airflow/example_dags/example_branch_day_of_week_operator.py took 0.040 seconds
[2021-06-07 18:57:27,463] {scheduler_job.py:182} INFO - Started process (PID=13069) to work on /home/encrypted/abaceti/.virtualenvs/pumpwood-airflow-images/lib/python3.6/site-packages/airflow/example_dags/example_branch_day_of_week_operator.py
[2021-06-07 18:57:27,464] {scheduler_job.py:633} INFO - Processing file /home/encrypted/abaceti/.virtualenvs/pumpwood-airflow-images/lib/python3.6/site-packages/airflow/example_dags/example_branch_day_of_week_operator.py for tasks to queue
[2021-06-07 18:57:27,464] {logging_mixin.py:104} INFO - [2021-06-07 18:57:27,464] {dagbag.py:487} INFO - Filling up the DagBag from /home/encrypted/abaceti/.virtualenvs/pumpwood-airflow-images/lib/python3.6/site-packages/airflow/example_dags/example_branch_day_of_week_operator.py
[2021-06-07 18:57:27,470] {scheduler_job.py:643} INFO - DAG(s) dict_keys(['example_weekday_branch_operator']) retrieved from /home/encrypted/abaceti/.virtualenvs/pumpwood-airflow-images/lib/python3.6/site-packages/airflow/example_dags/example_branch_day_of_week_operator.py
[2021-06-07 18:57:27,486] {logging_mixin.py:104} INFO - [2021-06-07 18:57:27,486] {dag.py:1832} INFO - Sync 1 DAGs
[2021-06-07 18:57:27,497] {logging_mixin.py:104} INFO - [2021-06-07 18:57:27,497] {dag.py:2305} INFO - Setting next_dagrun for example_weekday_branch_operator to 2021-06-05 00:00:00+00:00
[2021-06-07 18:57:27,502] {scheduler_job.py:190} INFO - Processing /home/encrypted/abaceti/.virtualenvs/pumpwood-airflow-images/lib/python3.6/site-packages/airflow/example_dags/example_branch_day_of_week_operator.py took 0.041 seconds
[2021-06-07 18:57:57,716] {scheduler_job.py:182} INFO - Started process (PID=13241) to work on /home/encrypted/abaceti/.virtualenvs/pumpwood-airflow-images/lib/python3.6/site-packages/airflow/example_dags/example_branch_day_of_week_operator.py
[2021-06-07 18:57:57,716] {scheduler_job.py:633} INFO - Processing file /home/encrypted/abaceti/.virtualenvs/pumpwood-airflow-images/lib/python3.6/site-packages/airflow/example_dags/example_branch_day_of_week_operator.py for tasks to queue
[2021-06-07 18:57:57,716] {logging_mixin.py:104} INFO - [2021-06-07 18:57:57,716] {dagbag.py:487} INFO - Filling up the DagBag from /home/encrypted/abaceti/.virtualenvs/pumpwood-airflow-images/lib/python3.6/site-packages/airflow/example_dags/example_branch_day_of_week_operator.py
[2021-06-07 18:57:57,722] {scheduler_job.py:643} INFO - DAG(s) dict_keys(['example_weekday_branch_operator']) retrieved from /home/encrypted/abaceti/.virtualenvs/pumpwood-airflow-images/lib/python3.6/site-packages/airflow/example_dags/example_branch_day_of_week_operator.py
[2021-06-07 18:57:57,737] {logging_mixin.py:104} INFO - [2021-06-07 18:57:57,737] {dag.py:1832} INFO - Sync 1 DAGs
[2021-06-07 18:57:57,749] {logging_mixin.py:104} INFO - [2021-06-07 18:57:57,749] {dag.py:2305} INFO - Setting next_dagrun for example_weekday_branch_operator to 2021-06-05 00:00:00+00:00
[2021-06-07 18:57:57,756] {scheduler_job.py:190} INFO - Processing /home/encrypted/abaceti/.virtualenvs/pumpwood-airflow-images/lib/python3.6/site-packages/airflow/example_dags/example_branch_day_of_week_operator.py took 0.042 seconds
[2021-06-07 18:58:28,761] {scheduler_job.py:182} INFO - Started process (PID=13358) to work on /home/encrypted/abaceti/.virtualenvs/pumpwood-airflow-images/lib/python3.6/site-packages/airflow/example_dags/example_branch_day_of_week_operator.py
[2021-06-07 18:58:28,761] {scheduler_job.py:633} INFO - Processing file /home/encrypted/abaceti/.virtualenvs/pumpwood-airflow-images/lib/python3.6/site-packages/airflow/example_dags/example_branch_day_of_week_operator.py for tasks to queue
[2021-06-07 18:58:28,762] {logging_mixin.py:104} INFO - [2021-06-07 18:58:28,762] {dagbag.py:487} INFO - Filling up the DagBag from /home/encrypted/abaceti/.virtualenvs/pumpwood-airflow-images/lib/python3.6/site-packages/airflow/example_dags/example_branch_day_of_week_operator.py
[2021-06-07 18:58:28,767] {scheduler_job.py:643} INFO - DAG(s) dict_keys(['example_weekday_branch_operator']) retrieved from /home/encrypted/abaceti/.virtualenvs/pumpwood-airflow-images/lib/python3.6/site-packages/airflow/example_dags/example_branch_day_of_week_operator.py
[2021-06-07 18:58:28,782] {logging_mixin.py:104} INFO - [2021-06-07 18:58:28,782] {dag.py:1832} INFO - Sync 1 DAGs
[2021-06-07 18:58:28,792] {logging_mixin.py:104} INFO - [2021-06-07 18:58:28,792] {dag.py:2305} INFO - Setting next_dagrun for example_weekday_branch_operator to 2021-06-05 00:00:00+00:00
[2021-06-07 18:58:28,798] {scheduler_job.py:190} INFO - Processing /home/encrypted/abaceti/.virtualenvs/pumpwood-airflow-images/lib/python3.6/site-packages/airflow/example_dags/example_branch_day_of_week_operator.py took 0.038 seconds
[2021-06-07 18:58:59,973] {scheduler_job.py:182} INFO - Started process (PID=13533) to work on /home/encrypted/abaceti/.virtualenvs/pumpwood-airflow-images/lib/python3.6/site-packages/airflow/example_dags/example_branch_day_of_week_operator.py
[2021-06-07 18:58:59,973] {scheduler_job.py:633} INFO - Processing file /home/encrypted/abaceti/.virtualenvs/pumpwood-airflow-images/lib/python3.6/site-packages/airflow/example_dags/example_branch_day_of_week_operator.py for tasks to queue
[2021-06-07 18:58:59,973] {logging_mixin.py:104} INFO - [2021-06-07 18:58:59,973] {dagbag.py:487} INFO - Filling up the DagBag from /home/encrypted/abaceti/.virtualenvs/pumpwood-airflow-images/lib/python3.6/site-packages/airflow/example_dags/example_branch_day_of_week_operator.py
[2021-06-07 18:58:59,979] {scheduler_job.py:643} INFO - DAG(s) dict_keys(['example_weekday_branch_operator']) retrieved from /home/encrypted/abaceti/.virtualenvs/pumpwood-airflow-images/lib/python3.6/site-packages/airflow/example_dags/example_branch_day_of_week_operator.py
[2021-06-07 18:58:59,995] {logging_mixin.py:104} INFO - [2021-06-07 18:58:59,995] {dag.py:1832} INFO - Sync 1 DAGs
[2021-06-07 18:59:00,004] {logging_mixin.py:104} INFO - [2021-06-07 18:59:00,004] {dag.py:2305} INFO - Setting next_dagrun for example_weekday_branch_operator to 2021-06-05 00:00:00+00:00
[2021-06-07 18:59:00,010] {scheduler_job.py:190} INFO - Processing /home/encrypted/abaceti/.virtualenvs/pumpwood-airflow-images/lib/python3.6/site-packages/airflow/example_dags/example_branch_day_of_week_operator.py took 0.039 seconds
[2021-06-07 18:59:30,117] {scheduler_job.py:182} INFO - Started process (PID=13655) to work on /home/encrypted/abaceti/.virtualenvs/pumpwood-airflow-images/lib/python3.6/site-packages/airflow/example_dags/example_branch_day_of_week_operator.py
[2021-06-07 18:59:30,117] {scheduler_job.py:633} INFO - Processing file /home/encrypted/abaceti/.virtualenvs/pumpwood-airflow-images/lib/python3.6/site-packages/airflow/example_dags/example_branch_day_of_week_operator.py for tasks to queue
[2021-06-07 18:59:30,118] {logging_mixin.py:104} INFO - [2021-06-07 18:59:30,118] {dagbag.py:487} INFO - Filling up the DagBag from /home/encrypted/abaceti/.virtualenvs/pumpwood-airflow-images/lib/python3.6/site-packages/airflow/example_dags/example_branch_day_of_week_operator.py
[2021-06-07 18:59:30,123] {scheduler_job.py:643} INFO - DAG(s) dict_keys(['example_weekday_branch_operator']) retrieved from /home/encrypted/abaceti/.virtualenvs/pumpwood-airflow-images/lib/python3.6/site-packages/airflow/example_dags/example_branch_day_of_week_operator.py
[2021-06-07 18:59:30,139] {logging_mixin.py:104} INFO - [2021-06-07 18:59:30,139] {dag.py:1832} INFO - Sync 1 DAGs
[2021-06-07 18:59:30,148] {logging_mixin.py:104} INFO - [2021-06-07 18:59:30,148] {dag.py:2305} INFO - Setting next_dagrun for example_weekday_branch_operator to 2021-06-05 00:00:00+00:00
[2021-06-07 18:59:30,155] {scheduler_job.py:190} INFO - Processing /home/encrypted/abaceti/.virtualenvs/pumpwood-airflow-images/lib/python3.6/site-packages/airflow/example_dags/example_branch_day_of_week_operator.py took 0.040 seconds
[2021-06-07 19:00:00,292] {scheduler_job.py:182} INFO - Started process (PID=13819) to work on /home/encrypted/abaceti/.virtualenvs/pumpwood-airflow-images/lib/python3.6/site-packages/airflow/example_dags/example_branch_day_of_week_operator.py
[2021-06-07 19:00:00,292] {scheduler_job.py:633} INFO - Processing file /home/encrypted/abaceti/.virtualenvs/pumpwood-airflow-images/lib/python3.6/site-packages/airflow/example_dags/example_branch_day_of_week_operator.py for tasks to queue
[2021-06-07 19:00:00,293] {logging_mixin.py:104} INFO - [2021-06-07 19:00:00,293] {dagbag.py:487} INFO - Filling up the DagBag from /home/encrypted/abaceti/.virtualenvs/pumpwood-airflow-images/lib/python3.6/site-packages/airflow/example_dags/example_branch_day_of_week_operator.py
[2021-06-07 19:00:00,299] {scheduler_job.py:643} INFO - DAG(s) dict_keys(['example_weekday_branch_operator']) retrieved from /home/encrypted/abaceti/.virtualenvs/pumpwood-airflow-images/lib/python3.6/site-packages/airflow/example_dags/example_branch_day_of_week_operator.py
[2021-06-07 19:00:00,312] {logging_mixin.py:104} INFO - [2021-06-07 19:00:00,312] {dag.py:1832} INFO - Sync 1 DAGs
[2021-06-07 19:00:00,321] {logging_mixin.py:104} INFO - [2021-06-07 19:00:00,321] {dag.py:2305} INFO - Setting next_dagrun for example_weekday_branch_operator to 2021-06-05 00:00:00+00:00
[2021-06-07 19:00:00,326] {scheduler_job.py:190} INFO - Processing /home/encrypted/abaceti/.virtualenvs/pumpwood-airflow-images/lib/python3.6/site-packages/airflow/example_dags/example_branch_day_of_week_operator.py took 0.036 seconds
[2021-06-07 19:00:30,409] {scheduler_job.py:182} INFO - Started process (PID=13935) to work on /home/encrypted/abaceti/.virtualenvs/pumpwood-airflow-images/lib/python3.6/site-packages/airflow/example_dags/example_branch_day_of_week_operator.py
[2021-06-07 19:00:30,410] {scheduler_job.py:633} INFO - Processing file /home/encrypted/abaceti/.virtualenvs/pumpwood-airflow-images/lib/python3.6/site-packages/airflow/example_dags/example_branch_day_of_week_operator.py for tasks to queue
[2021-06-07 19:00:30,410] {logging_mixin.py:104} INFO - [2021-06-07 19:00:30,410] {dagbag.py:487} INFO - Filling up the DagBag from /home/encrypted/abaceti/.virtualenvs/pumpwood-airflow-images/lib/python3.6/site-packages/airflow/example_dags/example_branch_day_of_week_operator.py
[2021-06-07 19:00:30,416] {scheduler_job.py:643} INFO - DAG(s) dict_keys(['example_weekday_branch_operator']) retrieved from /home/encrypted/abaceti/.virtualenvs/pumpwood-airflow-images/lib/python3.6/site-packages/airflow/example_dags/example_branch_day_of_week_operator.py
[2021-06-07 19:00:30,430] {logging_mixin.py:104} INFO - [2021-06-07 19:00:30,430] {dag.py:1832} INFO - Sync 1 DAGs
[2021-06-07 19:00:30,440] {logging_mixin.py:104} INFO - [2021-06-07 19:00:30,440] {dag.py:2305} INFO - Setting next_dagrun for example_weekday_branch_operator to 2021-06-05 00:00:00+00:00
[2021-06-07 19:00:30,445] {scheduler_job.py:190} INFO - Processing /home/encrypted/abaceti/.virtualenvs/pumpwood-airflow-images/lib/python3.6/site-packages/airflow/example_dags/example_branch_day_of_week_operator.py took 0.038 seconds
[2021-06-07 19:01:00,640] {scheduler_job.py:182} INFO - Started process (PID=14129) to work on /home/encrypted/abaceti/.virtualenvs/pumpwood-airflow-images/lib/python3.6/site-packages/airflow/example_dags/example_branch_day_of_week_operator.py
[2021-06-07 19:01:00,641] {scheduler_job.py:633} INFO - Processing file /home/encrypted/abaceti/.virtualenvs/pumpwood-airflow-images/lib/python3.6/site-packages/airflow/example_dags/example_branch_day_of_week_operator.py for tasks to queue
[2021-06-07 19:01:00,641] {logging_mixin.py:104} INFO - [2021-06-07 19:01:00,641] {dagbag.py:487} INFO - Filling up the DagBag from /home/encrypted/abaceti/.virtualenvs/pumpwood-airflow-images/lib/python3.6/site-packages/airflow/example_dags/example_branch_day_of_week_operator.py
[2021-06-07 19:01:00,647] {scheduler_job.py:643} INFO - DAG(s) dict_keys(['example_weekday_branch_operator']) retrieved from /home/encrypted/abaceti/.virtualenvs/pumpwood-airflow-images/lib/python3.6/site-packages/airflow/example_dags/example_branch_day_of_week_operator.py
[2021-06-07 19:01:00,662] {logging_mixin.py:104} INFO - [2021-06-07 19:01:00,662] {dag.py:1832} INFO - Sync 1 DAGs
[2021-06-07 19:01:00,672] {logging_mixin.py:104} INFO - [2021-06-07 19:01:00,672] {dag.py:2305} INFO - Setting next_dagrun for example_weekday_branch_operator to 2021-06-05 00:00:00+00:00
[2021-06-07 19:01:00,677] {scheduler_job.py:190} INFO - Processing /home/encrypted/abaceti/.virtualenvs/pumpwood-airflow-images/lib/python3.6/site-packages/airflow/example_dags/example_branch_day_of_week_operator.py took 0.039 seconds
[2021-06-07 19:01:30,936] {scheduler_job.py:182} INFO - Started process (PID=14249) to work on /home/encrypted/abaceti/.virtualenvs/pumpwood-airflow-images/lib/python3.6/site-packages/airflow/example_dags/example_branch_day_of_week_operator.py
[2021-06-07 19:01:30,937] {scheduler_job.py:633} INFO - Processing file /home/encrypted/abaceti/.virtualenvs/pumpwood-airflow-images/lib/python3.6/site-packages/airflow/example_dags/example_branch_day_of_week_operator.py for tasks to queue
[2021-06-07 19:01:30,937] {logging_mixin.py:104} INFO - [2021-06-07 19:01:30,937] {dagbag.py:487} INFO - Filling up the DagBag from /home/encrypted/abaceti/.virtualenvs/pumpwood-airflow-images/lib/python3.6/site-packages/airflow/example_dags/example_branch_day_of_week_operator.py
[2021-06-07 19:01:30,944] {scheduler_job.py:643} INFO - DAG(s) dict_keys(['example_weekday_branch_operator']) retrieved from /home/encrypted/abaceti/.virtualenvs/pumpwood-airflow-images/lib/python3.6/site-packages/airflow/example_dags/example_branch_day_of_week_operator.py
[2021-06-07 19:01:30,959] {logging_mixin.py:104} INFO - [2021-06-07 19:01:30,958] {dag.py:1832} INFO - Sync 1 DAGs
[2021-06-07 19:01:30,973] {logging_mixin.py:104} INFO - [2021-06-07 19:01:30,973] {dag.py:2305} INFO - Setting next_dagrun for example_weekday_branch_operator to 2021-06-05 00:00:00+00:00
[2021-06-07 19:01:30,980] {scheduler_job.py:190} INFO - Processing /home/encrypted/abaceti/.virtualenvs/pumpwood-airflow-images/lib/python3.6/site-packages/airflow/example_dags/example_branch_day_of_week_operator.py took 0.045 seconds
[2021-06-07 19:02:01,081] {scheduler_job.py:182} INFO - Started process (PID=14431) to work on /home/encrypted/abaceti/.virtualenvs/pumpwood-airflow-images/lib/python3.6/site-packages/airflow/example_dags/example_branch_day_of_week_operator.py
[2021-06-07 19:02:01,082] {scheduler_job.py:633} INFO - Processing file /home/encrypted/abaceti/.virtualenvs/pumpwood-airflow-images/lib/python3.6/site-packages/airflow/example_dags/example_branch_day_of_week_operator.py for tasks to queue
[2021-06-07 19:02:01,082] {logging_mixin.py:104} INFO - [2021-06-07 19:02:01,082] {dagbag.py:487} INFO - Filling up the DagBag from /home/encrypted/abaceti/.virtualenvs/pumpwood-airflow-images/lib/python3.6/site-packages/airflow/example_dags/example_branch_day_of_week_operator.py
[2021-06-07 19:02:01,088] {scheduler_job.py:643} INFO - DAG(s) dict_keys(['example_weekday_branch_operator']) retrieved from /home/encrypted/abaceti/.virtualenvs/pumpwood-airflow-images/lib/python3.6/site-packages/airflow/example_dags/example_branch_day_of_week_operator.py
[2021-06-07 19:02:01,103] {logging_mixin.py:104} INFO - [2021-06-07 19:02:01,103] {dag.py:1832} INFO - Sync 1 DAGs
[2021-06-07 19:02:01,112] {logging_mixin.py:104} INFO - [2021-06-07 19:02:01,112] {dag.py:2305} INFO - Setting next_dagrun for example_weekday_branch_operator to 2021-06-05 00:00:00+00:00
[2021-06-07 19:02:01,117] {scheduler_job.py:190} INFO - Processing /home/encrypted/abaceti/.virtualenvs/pumpwood-airflow-images/lib/python3.6/site-packages/airflow/example_dags/example_branch_day_of_week_operator.py took 0.037 seconds
[2021-06-07 19:02:31,175] {scheduler_job.py:182} INFO - Started process (PID=14643) to work on /home/encrypted/abaceti/.virtualenvs/pumpwood-airflow-images/lib/python3.6/site-packages/airflow/example_dags/example_branch_day_of_week_operator.py
[2021-06-07 19:02:31,176] {scheduler_job.py:633} INFO - Processing file /home/encrypted/abaceti/.virtualenvs/pumpwood-airflow-images/lib/python3.6/site-packages/airflow/example_dags/example_branch_day_of_week_operator.py for tasks to queue
[2021-06-07 19:02:31,176] {logging_mixin.py:104} INFO - [2021-06-07 19:02:31,176] {dagbag.py:487} INFO - Filling up the DagBag from /home/encrypted/abaceti/.virtualenvs/pumpwood-airflow-images/lib/python3.6/site-packages/airflow/example_dags/example_branch_day_of_week_operator.py
[2021-06-07 19:02:31,182] {scheduler_job.py:643} INFO - DAG(s) dict_keys(['example_weekday_branch_operator']) retrieved from /home/encrypted/abaceti/.virtualenvs/pumpwood-airflow-images/lib/python3.6/site-packages/airflow/example_dags/example_branch_day_of_week_operator.py
[2021-06-07 19:02:31,196] {logging_mixin.py:104} INFO - [2021-06-07 19:02:31,196] {dag.py:1832} INFO - Sync 1 DAGs
[2021-06-07 19:02:31,206] {logging_mixin.py:104} INFO - [2021-06-07 19:02:31,206] {dag.py:2305} INFO - Setting next_dagrun for example_weekday_branch_operator to 2021-06-05 00:00:00+00:00
[2021-06-07 19:02:31,212] {scheduler_job.py:190} INFO - Processing /home/encrypted/abaceti/.virtualenvs/pumpwood-airflow-images/lib/python3.6/site-packages/airflow/example_dags/example_branch_day_of_week_operator.py took 0.038 seconds
