[2021-06-07 18:39:19,393] {scheduler_job.py:182} INFO - Started process (PID=5623) to work on /home/encrypted/abaceti/.virtualenvs/pumpwood-airflow-images/lib/python3.6/site-packages/airflow/example_dags/example_short_circuit_operator.py
[2021-06-07 18:39:19,393] {scheduler_job.py:633} INFO - Processing file /home/encrypted/abaceti/.virtualenvs/pumpwood-airflow-images/lib/python3.6/site-packages/airflow/example_dags/example_short_circuit_operator.py for tasks to queue
[2021-06-07 18:39:19,394] {logging_mixin.py:104} INFO - [2021-06-07 18:39:19,393] {dagbag.py:487} INFO - Filling up the DagBag from /home/encrypted/abaceti/.virtualenvs/pumpwood-airflow-images/lib/python3.6/site-packages/airflow/example_dags/example_short_circuit_operator.py
[2021-06-07 18:39:19,400] {scheduler_job.py:643} INFO - DAG(s) dict_keys(['example_short_circuit_operator']) retrieved from /home/encrypted/abaceti/.virtualenvs/pumpwood-airflow-images/lib/python3.6/site-packages/airflow/example_dags/example_short_circuit_operator.py
[2021-06-07 18:39:19,421] {logging_mixin.py:104} INFO - [2021-06-07 18:39:19,421] {dag.py:1832} INFO - Sync 1 DAGs
[2021-06-07 18:39:19,433] {logging_mixin.py:104} INFO - [2021-06-07 18:39:19,433] {dag.py:2305} INFO - Setting next_dagrun for example_short_circuit_operator to 2021-06-05 00:00:00+00:00
[2021-06-07 18:39:19,441] {scheduler_job.py:190} INFO - Processing /home/encrypted/abaceti/.virtualenvs/pumpwood-airflow-images/lib/python3.6/site-packages/airflow/example_dags/example_short_circuit_operator.py took 0.050 seconds
[2021-06-07 18:39:49,672] {scheduler_job.py:182} INFO - Started process (PID=5791) to work on /home/encrypted/abaceti/.virtualenvs/pumpwood-airflow-images/lib/python3.6/site-packages/airflow/example_dags/example_short_circuit_operator.py
[2021-06-07 18:39:49,672] {scheduler_job.py:633} INFO - Processing file /home/encrypted/abaceti/.virtualenvs/pumpwood-airflow-images/lib/python3.6/site-packages/airflow/example_dags/example_short_circuit_operator.py for tasks to queue
[2021-06-07 18:39:49,673] {logging_mixin.py:104} INFO - [2021-06-07 18:39:49,673] {dagbag.py:487} INFO - Filling up the DagBag from /home/encrypted/abaceti/.virtualenvs/pumpwood-airflow-images/lib/python3.6/site-packages/airflow/example_dags/example_short_circuit_operator.py
[2021-06-07 18:39:49,678] {scheduler_job.py:643} INFO - DAG(s) dict_keys(['example_short_circuit_operator']) retrieved from /home/encrypted/abaceti/.virtualenvs/pumpwood-airflow-images/lib/python3.6/site-packages/airflow/example_dags/example_short_circuit_operator.py
[2021-06-07 18:39:49,693] {logging_mixin.py:104} INFO - [2021-06-07 18:39:49,693] {dag.py:1832} INFO - Sync 1 DAGs
[2021-06-07 18:39:49,701] {logging_mixin.py:104} INFO - [2021-06-07 18:39:49,700] {dag.py:2305} INFO - Setting next_dagrun for example_short_circuit_operator to 2021-06-05 00:00:00+00:00
[2021-06-07 18:39:49,706] {scheduler_job.py:190} INFO - Processing /home/encrypted/abaceti/.virtualenvs/pumpwood-airflow-images/lib/python3.6/site-packages/airflow/example_dags/example_short_circuit_operator.py took 0.035 seconds
[2021-06-07 18:40:19,877] {scheduler_job.py:182} INFO - Started process (PID=5942) to work on /home/encrypted/abaceti/.virtualenvs/pumpwood-airflow-images/lib/python3.6/site-packages/airflow/example_dags/example_short_circuit_operator.py
[2021-06-07 18:40:19,878] {scheduler_job.py:633} INFO - Processing file /home/encrypted/abaceti/.virtualenvs/pumpwood-airflow-images/lib/python3.6/site-packages/airflow/example_dags/example_short_circuit_operator.py for tasks to queue
[2021-06-07 18:40:19,878] {logging_mixin.py:104} INFO - [2021-06-07 18:40:19,878] {dagbag.py:487} INFO - Filling up the DagBag from /home/encrypted/abaceti/.virtualenvs/pumpwood-airflow-images/lib/python3.6/site-packages/airflow/example_dags/example_short_circuit_operator.py
[2021-06-07 18:40:19,884] {scheduler_job.py:643} INFO - DAG(s) dict_keys(['example_short_circuit_operator']) retrieved from /home/encrypted/abaceti/.virtualenvs/pumpwood-airflow-images/lib/python3.6/site-packages/airflow/example_dags/example_short_circuit_operator.py
[2021-06-07 18:40:19,897] {logging_mixin.py:104} INFO - [2021-06-07 18:40:19,897] {dag.py:1832} INFO - Sync 1 DAGs
[2021-06-07 18:40:19,905] {logging_mixin.py:104} INFO - [2021-06-07 18:40:19,905] {dag.py:2305} INFO - Setting next_dagrun for example_short_circuit_operator to 2021-06-05 00:00:00+00:00
[2021-06-07 18:40:19,910] {scheduler_job.py:190} INFO - Processing /home/encrypted/abaceti/.virtualenvs/pumpwood-airflow-images/lib/python3.6/site-packages/airflow/example_dags/example_short_circuit_operator.py took 0.034 seconds
[2021-06-07 18:40:50,094] {scheduler_job.py:182} INFO - Started process (PID=6136) to work on /home/encrypted/abaceti/.virtualenvs/pumpwood-airflow-images/lib/python3.6/site-packages/airflow/example_dags/example_short_circuit_operator.py
[2021-06-07 18:40:50,095] {scheduler_job.py:633} INFO - Processing file /home/encrypted/abaceti/.virtualenvs/pumpwood-airflow-images/lib/python3.6/site-packages/airflow/example_dags/example_short_circuit_operator.py for tasks to queue
[2021-06-07 18:40:50,095] {logging_mixin.py:104} INFO - [2021-06-07 18:40:50,095] {dagbag.py:487} INFO - Filling up the DagBag from /home/encrypted/abaceti/.virtualenvs/pumpwood-airflow-images/lib/python3.6/site-packages/airflow/example_dags/example_short_circuit_operator.py
[2021-06-07 18:40:50,101] {scheduler_job.py:643} INFO - DAG(s) dict_keys(['example_short_circuit_operator']) retrieved from /home/encrypted/abaceti/.virtualenvs/pumpwood-airflow-images/lib/python3.6/site-packages/airflow/example_dags/example_short_circuit_operator.py
[2021-06-07 18:40:50,116] {logging_mixin.py:104} INFO - [2021-06-07 18:40:50,116] {dag.py:1832} INFO - Sync 1 DAGs
[2021-06-07 18:40:50,124] {logging_mixin.py:104} INFO - [2021-06-07 18:40:50,124] {dag.py:2305} INFO - Setting next_dagrun for example_short_circuit_operator to 2021-06-05 00:00:00+00:00
[2021-06-07 18:40:50,130] {scheduler_job.py:190} INFO - Processing /home/encrypted/abaceti/.virtualenvs/pumpwood-airflow-images/lib/python3.6/site-packages/airflow/example_dags/example_short_circuit_operator.py took 0.037 seconds
[2021-06-07 18:41:20,237] {scheduler_job.py:182} INFO - Started process (PID=6249) to work on /home/encrypted/abaceti/.virtualenvs/pumpwood-airflow-images/lib/python3.6/site-packages/airflow/example_dags/example_short_circuit_operator.py
[2021-06-07 18:41:20,237] {scheduler_job.py:633} INFO - Processing file /home/encrypted/abaceti/.virtualenvs/pumpwood-airflow-images/lib/python3.6/site-packages/airflow/example_dags/example_short_circuit_operator.py for tasks to queue
[2021-06-07 18:41:20,238] {logging_mixin.py:104} INFO - [2021-06-07 18:41:20,238] {dagbag.py:487} INFO - Filling up the DagBag from /home/encrypted/abaceti/.virtualenvs/pumpwood-airflow-images/lib/python3.6/site-packages/airflow/example_dags/example_short_circuit_operator.py
[2021-06-07 18:41:20,243] {scheduler_job.py:643} INFO - DAG(s) dict_keys(['example_short_circuit_operator']) retrieved from /home/encrypted/abaceti/.virtualenvs/pumpwood-airflow-images/lib/python3.6/site-packages/airflow/example_dags/example_short_circuit_operator.py
[2021-06-07 18:41:20,258] {logging_mixin.py:104} INFO - [2021-06-07 18:41:20,258] {dag.py:1832} INFO - Sync 1 DAGs
[2021-06-07 18:41:20,266] {logging_mixin.py:104} INFO - [2021-06-07 18:41:20,266] {dag.py:2305} INFO - Setting next_dagrun for example_short_circuit_operator to 2021-06-05 00:00:00+00:00
[2021-06-07 18:41:20,271] {scheduler_job.py:190} INFO - Processing /home/encrypted/abaceti/.virtualenvs/pumpwood-airflow-images/lib/python3.6/site-packages/airflow/example_dags/example_short_circuit_operator.py took 0.036 seconds
[2021-06-07 18:41:50,485] {scheduler_job.py:182} INFO - Started process (PID=6417) to work on /home/encrypted/abaceti/.virtualenvs/pumpwood-airflow-images/lib/python3.6/site-packages/airflow/example_dags/example_short_circuit_operator.py
[2021-06-07 18:41:50,486] {scheduler_job.py:633} INFO - Processing file /home/encrypted/abaceti/.virtualenvs/pumpwood-airflow-images/lib/python3.6/site-packages/airflow/example_dags/example_short_circuit_operator.py for tasks to queue
[2021-06-07 18:41:50,486] {logging_mixin.py:104} INFO - [2021-06-07 18:41:50,486] {dagbag.py:487} INFO - Filling up the DagBag from /home/encrypted/abaceti/.virtualenvs/pumpwood-airflow-images/lib/python3.6/site-packages/airflow/example_dags/example_short_circuit_operator.py
[2021-06-07 18:41:50,492] {scheduler_job.py:643} INFO - DAG(s) dict_keys(['example_short_circuit_operator']) retrieved from /home/encrypted/abaceti/.virtualenvs/pumpwood-airflow-images/lib/python3.6/site-packages/airflow/example_dags/example_short_circuit_operator.py
[2021-06-07 18:41:50,507] {logging_mixin.py:104} INFO - [2021-06-07 18:41:50,507] {dag.py:1832} INFO - Sync 1 DAGs
[2021-06-07 18:41:50,516] {logging_mixin.py:104} INFO - [2021-06-07 18:41:50,516] {dag.py:2305} INFO - Setting next_dagrun for example_short_circuit_operator to 2021-06-05 00:00:00+00:00
[2021-06-07 18:41:50,521] {scheduler_job.py:190} INFO - Processing /home/encrypted/abaceti/.virtualenvs/pumpwood-airflow-images/lib/python3.6/site-packages/airflow/example_dags/example_short_circuit_operator.py took 0.038 seconds
[2021-06-07 18:42:20,632] {scheduler_job.py:182} INFO - Started process (PID=6535) to work on /home/encrypted/abaceti/.virtualenvs/pumpwood-airflow-images/lib/python3.6/site-packages/airflow/example_dags/example_short_circuit_operator.py
[2021-06-07 18:42:20,633] {scheduler_job.py:633} INFO - Processing file /home/encrypted/abaceti/.virtualenvs/pumpwood-airflow-images/lib/python3.6/site-packages/airflow/example_dags/example_short_circuit_operator.py for tasks to queue
[2021-06-07 18:42:20,633] {logging_mixin.py:104} INFO - [2021-06-07 18:42:20,633] {dagbag.py:487} INFO - Filling up the DagBag from /home/encrypted/abaceti/.virtualenvs/pumpwood-airflow-images/lib/python3.6/site-packages/airflow/example_dags/example_short_circuit_operator.py
[2021-06-07 18:42:20,638] {scheduler_job.py:643} INFO - DAG(s) dict_keys(['example_short_circuit_operator']) retrieved from /home/encrypted/abaceti/.virtualenvs/pumpwood-airflow-images/lib/python3.6/site-packages/airflow/example_dags/example_short_circuit_operator.py
[2021-06-07 18:42:20,654] {logging_mixin.py:104} INFO - [2021-06-07 18:42:20,654] {dag.py:1832} INFO - Sync 1 DAGs
[2021-06-07 18:42:20,662] {logging_mixin.py:104} INFO - [2021-06-07 18:42:20,661] {dag.py:2305} INFO - Setting next_dagrun for example_short_circuit_operator to 2021-06-05 00:00:00+00:00
[2021-06-07 18:42:20,667] {scheduler_job.py:190} INFO - Processing /home/encrypted/abaceti/.virtualenvs/pumpwood-airflow-images/lib/python3.6/site-packages/airflow/example_dags/example_short_circuit_operator.py took 0.036 seconds
[2021-06-07 18:42:50,785] {scheduler_job.py:182} INFO - Started process (PID=6710) to work on /home/encrypted/abaceti/.virtualenvs/pumpwood-airflow-images/lib/python3.6/site-packages/airflow/example_dags/example_short_circuit_operator.py
[2021-06-07 18:42:50,785] {scheduler_job.py:633} INFO - Processing file /home/encrypted/abaceti/.virtualenvs/pumpwood-airflow-images/lib/python3.6/site-packages/airflow/example_dags/example_short_circuit_operator.py for tasks to queue
[2021-06-07 18:42:50,785] {logging_mixin.py:104} INFO - [2021-06-07 18:42:50,785] {dagbag.py:487} INFO - Filling up the DagBag from /home/encrypted/abaceti/.virtualenvs/pumpwood-airflow-images/lib/python3.6/site-packages/airflow/example_dags/example_short_circuit_operator.py
[2021-06-07 18:42:50,792] {scheduler_job.py:643} INFO - DAG(s) dict_keys(['example_short_circuit_operator']) retrieved from /home/encrypted/abaceti/.virtualenvs/pumpwood-airflow-images/lib/python3.6/site-packages/airflow/example_dags/example_short_circuit_operator.py
[2021-06-07 18:42:50,805] {logging_mixin.py:104} INFO - [2021-06-07 18:42:50,805] {dag.py:1832} INFO - Sync 1 DAGs
[2021-06-07 18:42:50,813] {logging_mixin.py:104} INFO - [2021-06-07 18:42:50,813] {dag.py:2305} INFO - Setting next_dagrun for example_short_circuit_operator to 2021-06-05 00:00:00+00:00
[2021-06-07 18:42:50,818] {scheduler_job.py:190} INFO - Processing /home/encrypted/abaceti/.virtualenvs/pumpwood-airflow-images/lib/python3.6/site-packages/airflow/example_dags/example_short_circuit_operator.py took 0.035 seconds
[2021-06-07 18:43:21,822] {scheduler_job.py:182} INFO - Started process (PID=6962) to work on /home/encrypted/abaceti/.virtualenvs/pumpwood-airflow-images/lib/python3.6/site-packages/airflow/example_dags/example_short_circuit_operator.py
[2021-06-07 18:43:21,823] {scheduler_job.py:633} INFO - Processing file /home/encrypted/abaceti/.virtualenvs/pumpwood-airflow-images/lib/python3.6/site-packages/airflow/example_dags/example_short_circuit_operator.py for tasks to queue
[2021-06-07 18:43:21,823] {logging_mixin.py:104} INFO - [2021-06-07 18:43:21,823] {dagbag.py:487} INFO - Filling up the DagBag from /home/encrypted/abaceti/.virtualenvs/pumpwood-airflow-images/lib/python3.6/site-packages/airflow/example_dags/example_short_circuit_operator.py
[2021-06-07 18:43:21,829] {scheduler_job.py:643} INFO - DAG(s) dict_keys(['example_short_circuit_operator']) retrieved from /home/encrypted/abaceti/.virtualenvs/pumpwood-airflow-images/lib/python3.6/site-packages/airflow/example_dags/example_short_circuit_operator.py
[2021-06-07 18:43:21,843] {logging_mixin.py:104} INFO - [2021-06-07 18:43:21,843] {dag.py:1832} INFO - Sync 1 DAGs
[2021-06-07 18:43:21,852] {logging_mixin.py:104} INFO - [2021-06-07 18:43:21,852] {dag.py:2305} INFO - Setting next_dagrun for example_short_circuit_operator to 2021-06-05 00:00:00+00:00
[2021-06-07 18:43:21,858] {scheduler_job.py:190} INFO - Processing /home/encrypted/abaceti/.virtualenvs/pumpwood-airflow-images/lib/python3.6/site-packages/airflow/example_dags/example_short_circuit_operator.py took 0.037 seconds
[2021-06-07 18:43:51,927] {scheduler_job.py:182} INFO - Started process (PID=7207) to work on /home/encrypted/abaceti/.virtualenvs/pumpwood-airflow-images/lib/python3.6/site-packages/airflow/example_dags/example_short_circuit_operator.py
[2021-06-07 18:43:51,928] {scheduler_job.py:633} INFO - Processing file /home/encrypted/abaceti/.virtualenvs/pumpwood-airflow-images/lib/python3.6/site-packages/airflow/example_dags/example_short_circuit_operator.py for tasks to queue
[2021-06-07 18:43:51,928] {logging_mixin.py:104} INFO - [2021-06-07 18:43:51,928] {dagbag.py:487} INFO - Filling up the DagBag from /home/encrypted/abaceti/.virtualenvs/pumpwood-airflow-images/lib/python3.6/site-packages/airflow/example_dags/example_short_circuit_operator.py
[2021-06-07 18:43:51,934] {scheduler_job.py:643} INFO - DAG(s) dict_keys(['example_short_circuit_operator']) retrieved from /home/encrypted/abaceti/.virtualenvs/pumpwood-airflow-images/lib/python3.6/site-packages/airflow/example_dags/example_short_circuit_operator.py
[2021-06-07 18:43:51,948] {logging_mixin.py:104} INFO - [2021-06-07 18:43:51,948] {dag.py:1832} INFO - Sync 1 DAGs
[2021-06-07 18:43:51,956] {logging_mixin.py:104} INFO - [2021-06-07 18:43:51,956] {dag.py:2305} INFO - Setting next_dagrun for example_short_circuit_operator to 2021-06-05 00:00:00+00:00
[2021-06-07 18:43:51,962] {scheduler_job.py:190} INFO - Processing /home/encrypted/abaceti/.virtualenvs/pumpwood-airflow-images/lib/python3.6/site-packages/airflow/example_dags/example_short_circuit_operator.py took 0.036 seconds
[2021-06-07 18:44:22,027] {scheduler_job.py:182} INFO - Started process (PID=7334) to work on /home/encrypted/abaceti/.virtualenvs/pumpwood-airflow-images/lib/python3.6/site-packages/airflow/example_dags/example_short_circuit_operator.py
[2021-06-07 18:44:22,027] {scheduler_job.py:633} INFO - Processing file /home/encrypted/abaceti/.virtualenvs/pumpwood-airflow-images/lib/python3.6/site-packages/airflow/example_dags/example_short_circuit_operator.py for tasks to queue
[2021-06-07 18:44:22,027] {logging_mixin.py:104} INFO - [2021-06-07 18:44:22,027] {dagbag.py:487} INFO - Filling up the DagBag from /home/encrypted/abaceti/.virtualenvs/pumpwood-airflow-images/lib/python3.6/site-packages/airflow/example_dags/example_short_circuit_operator.py
[2021-06-07 18:44:22,033] {scheduler_job.py:643} INFO - DAG(s) dict_keys(['example_short_circuit_operator']) retrieved from /home/encrypted/abaceti/.virtualenvs/pumpwood-airflow-images/lib/python3.6/site-packages/airflow/example_dags/example_short_circuit_operator.py
[2021-06-07 18:44:22,047] {logging_mixin.py:104} INFO - [2021-06-07 18:44:22,047] {dag.py:1832} INFO - Sync 1 DAGs
[2021-06-07 18:44:22,055] {logging_mixin.py:104} INFO - [2021-06-07 18:44:22,055] {dag.py:2305} INFO - Setting next_dagrun for example_short_circuit_operator to 2021-06-05 00:00:00+00:00
[2021-06-07 18:44:22,060] {scheduler_job.py:190} INFO - Processing /home/encrypted/abaceti/.virtualenvs/pumpwood-airflow-images/lib/python3.6/site-packages/airflow/example_dags/example_short_circuit_operator.py took 0.035 seconds
[2021-06-07 18:44:52,130] {scheduler_job.py:182} INFO - Started process (PID=7503) to work on /home/encrypted/abaceti/.virtualenvs/pumpwood-airflow-images/lib/python3.6/site-packages/airflow/example_dags/example_short_circuit_operator.py
[2021-06-07 18:44:52,130] {scheduler_job.py:633} INFO - Processing file /home/encrypted/abaceti/.virtualenvs/pumpwood-airflow-images/lib/python3.6/site-packages/airflow/example_dags/example_short_circuit_operator.py for tasks to queue
[2021-06-07 18:44:52,131] {logging_mixin.py:104} INFO - [2021-06-07 18:44:52,131] {dagbag.py:487} INFO - Filling up the DagBag from /home/encrypted/abaceti/.virtualenvs/pumpwood-airflow-images/lib/python3.6/site-packages/airflow/example_dags/example_short_circuit_operator.py
[2021-06-07 18:44:52,137] {scheduler_job.py:643} INFO - DAG(s) dict_keys(['example_short_circuit_operator']) retrieved from /home/encrypted/abaceti/.virtualenvs/pumpwood-airflow-images/lib/python3.6/site-packages/airflow/example_dags/example_short_circuit_operator.py
[2021-06-07 18:44:52,150] {logging_mixin.py:104} INFO - [2021-06-07 18:44:52,150] {dag.py:1832} INFO - Sync 1 DAGs
[2021-06-07 18:44:52,158] {logging_mixin.py:104} INFO - [2021-06-07 18:44:52,158] {dag.py:2305} INFO - Setting next_dagrun for example_short_circuit_operator to 2021-06-05 00:00:00+00:00
[2021-06-07 18:44:52,163] {scheduler_job.py:190} INFO - Processing /home/encrypted/abaceti/.virtualenvs/pumpwood-airflow-images/lib/python3.6/site-packages/airflow/example_dags/example_short_circuit_operator.py took 0.034 seconds
[2021-06-07 18:45:23,129] {scheduler_job.py:182} INFO - Started process (PID=7624) to work on /home/encrypted/abaceti/.virtualenvs/pumpwood-airflow-images/lib/python3.6/site-packages/airflow/example_dags/example_short_circuit_operator.py
[2021-06-07 18:45:23,129] {scheduler_job.py:633} INFO - Processing file /home/encrypted/abaceti/.virtualenvs/pumpwood-airflow-images/lib/python3.6/site-packages/airflow/example_dags/example_short_circuit_operator.py for tasks to queue
[2021-06-07 18:45:23,129] {logging_mixin.py:104} INFO - [2021-06-07 18:45:23,129] {dagbag.py:487} INFO - Filling up the DagBag from /home/encrypted/abaceti/.virtualenvs/pumpwood-airflow-images/lib/python3.6/site-packages/airflow/example_dags/example_short_circuit_operator.py
[2021-06-07 18:45:23,137] {scheduler_job.py:643} INFO - DAG(s) dict_keys(['example_short_circuit_operator']) retrieved from /home/encrypted/abaceti/.virtualenvs/pumpwood-airflow-images/lib/python3.6/site-packages/airflow/example_dags/example_short_circuit_operator.py
[2021-06-07 18:45:23,152] {logging_mixin.py:104} INFO - [2021-06-07 18:45:23,152] {dag.py:1832} INFO - Sync 1 DAGs
[2021-06-07 18:45:23,160] {logging_mixin.py:104} INFO - [2021-06-07 18:45:23,160] {dag.py:2305} INFO - Setting next_dagrun for example_short_circuit_operator to 2021-06-05 00:00:00+00:00
[2021-06-07 18:45:23,166] {scheduler_job.py:190} INFO - Processing /home/encrypted/abaceti/.virtualenvs/pumpwood-airflow-images/lib/python3.6/site-packages/airflow/example_dags/example_short_circuit_operator.py took 0.039 seconds
[2021-06-07 18:45:53,211] {scheduler_job.py:182} INFO - Started process (PID=7792) to work on /home/encrypted/abaceti/.virtualenvs/pumpwood-airflow-images/lib/python3.6/site-packages/airflow/example_dags/example_short_circuit_operator.py
[2021-06-07 18:45:53,212] {scheduler_job.py:633} INFO - Processing file /home/encrypted/abaceti/.virtualenvs/pumpwood-airflow-images/lib/python3.6/site-packages/airflow/example_dags/example_short_circuit_operator.py for tasks to queue
[2021-06-07 18:45:53,212] {logging_mixin.py:104} INFO - [2021-06-07 18:45:53,212] {dagbag.py:487} INFO - Filling up the DagBag from /home/encrypted/abaceti/.virtualenvs/pumpwood-airflow-images/lib/python3.6/site-packages/airflow/example_dags/example_short_circuit_operator.py
[2021-06-07 18:45:53,218] {scheduler_job.py:643} INFO - DAG(s) dict_keys(['example_short_circuit_operator']) retrieved from /home/encrypted/abaceti/.virtualenvs/pumpwood-airflow-images/lib/python3.6/site-packages/airflow/example_dags/example_short_circuit_operator.py
[2021-06-07 18:45:53,233] {logging_mixin.py:104} INFO - [2021-06-07 18:45:53,233] {dag.py:1832} INFO - Sync 1 DAGs
[2021-06-07 18:45:53,241] {logging_mixin.py:104} INFO - [2021-06-07 18:45:53,241] {dag.py:2305} INFO - Setting next_dagrun for example_short_circuit_operator to 2021-06-05 00:00:00+00:00
[2021-06-07 18:45:53,246] {scheduler_job.py:190} INFO - Processing /home/encrypted/abaceti/.virtualenvs/pumpwood-airflow-images/lib/python3.6/site-packages/airflow/example_dags/example_short_circuit_operator.py took 0.037 seconds
[2021-06-07 18:46:23,368] {scheduler_job.py:182} INFO - Started process (PID=7910) to work on /home/encrypted/abaceti/.virtualenvs/pumpwood-airflow-images/lib/python3.6/site-packages/airflow/example_dags/example_short_circuit_operator.py
[2021-06-07 18:46:23,369] {scheduler_job.py:633} INFO - Processing file /home/encrypted/abaceti/.virtualenvs/pumpwood-airflow-images/lib/python3.6/site-packages/airflow/example_dags/example_short_circuit_operator.py for tasks to queue
[2021-06-07 18:46:23,369] {logging_mixin.py:104} INFO - [2021-06-07 18:46:23,369] {dagbag.py:487} INFO - Filling up the DagBag from /home/encrypted/abaceti/.virtualenvs/pumpwood-airflow-images/lib/python3.6/site-packages/airflow/example_dags/example_short_circuit_operator.py
[2021-06-07 18:46:23,375] {scheduler_job.py:643} INFO - DAG(s) dict_keys(['example_short_circuit_operator']) retrieved from /home/encrypted/abaceti/.virtualenvs/pumpwood-airflow-images/lib/python3.6/site-packages/airflow/example_dags/example_short_circuit_operator.py
[2021-06-07 18:46:23,389] {logging_mixin.py:104} INFO - [2021-06-07 18:46:23,389] {dag.py:1832} INFO - Sync 1 DAGs
[2021-06-07 18:46:23,397] {logging_mixin.py:104} INFO - [2021-06-07 18:46:23,397] {dag.py:2305} INFO - Setting next_dagrun for example_short_circuit_operator to 2021-06-05 00:00:00+00:00
[2021-06-07 18:46:23,402] {scheduler_job.py:190} INFO - Processing /home/encrypted/abaceti/.virtualenvs/pumpwood-airflow-images/lib/python3.6/site-packages/airflow/example_dags/example_short_circuit_operator.py took 0.035 seconds
[2021-06-07 18:46:53,486] {scheduler_job.py:182} INFO - Started process (PID=8095) to work on /home/encrypted/abaceti/.virtualenvs/pumpwood-airflow-images/lib/python3.6/site-packages/airflow/example_dags/example_short_circuit_operator.py
[2021-06-07 18:46:53,486] {scheduler_job.py:633} INFO - Processing file /home/encrypted/abaceti/.virtualenvs/pumpwood-airflow-images/lib/python3.6/site-packages/airflow/example_dags/example_short_circuit_operator.py for tasks to queue
[2021-06-07 18:46:53,487] {logging_mixin.py:104} INFO - [2021-06-07 18:46:53,487] {dagbag.py:487} INFO - Filling up the DagBag from /home/encrypted/abaceti/.virtualenvs/pumpwood-airflow-images/lib/python3.6/site-packages/airflow/example_dags/example_short_circuit_operator.py
[2021-06-07 18:46:53,493] {scheduler_job.py:643} INFO - DAG(s) dict_keys(['example_short_circuit_operator']) retrieved from /home/encrypted/abaceti/.virtualenvs/pumpwood-airflow-images/lib/python3.6/site-packages/airflow/example_dags/example_short_circuit_operator.py
[2021-06-07 18:46:53,506] {logging_mixin.py:104} INFO - [2021-06-07 18:46:53,506] {dag.py:1832} INFO - Sync 1 DAGs
[2021-06-07 18:46:53,514] {logging_mixin.py:104} INFO - [2021-06-07 18:46:53,514] {dag.py:2305} INFO - Setting next_dagrun for example_short_circuit_operator to 2021-06-05 00:00:00+00:00
[2021-06-07 18:46:53,519] {scheduler_job.py:190} INFO - Processing /home/encrypted/abaceti/.virtualenvs/pumpwood-airflow-images/lib/python3.6/site-packages/airflow/example_dags/example_short_circuit_operator.py took 0.035 seconds
[2021-06-07 18:47:23,645] {scheduler_job.py:182} INFO - Started process (PID=8230) to work on /home/encrypted/abaceti/.virtualenvs/pumpwood-airflow-images/lib/python3.6/site-packages/airflow/example_dags/example_short_circuit_operator.py
[2021-06-07 18:47:23,645] {scheduler_job.py:633} INFO - Processing file /home/encrypted/abaceti/.virtualenvs/pumpwood-airflow-images/lib/python3.6/site-packages/airflow/example_dags/example_short_circuit_operator.py for tasks to queue
[2021-06-07 18:47:23,645] {logging_mixin.py:104} INFO - [2021-06-07 18:47:23,645] {dagbag.py:487} INFO - Filling up the DagBag from /home/encrypted/abaceti/.virtualenvs/pumpwood-airflow-images/lib/python3.6/site-packages/airflow/example_dags/example_short_circuit_operator.py
[2021-06-07 18:47:23,652] {scheduler_job.py:643} INFO - DAG(s) dict_keys(['example_short_circuit_operator']) retrieved from /home/encrypted/abaceti/.virtualenvs/pumpwood-airflow-images/lib/python3.6/site-packages/airflow/example_dags/example_short_circuit_operator.py
[2021-06-07 18:47:23,667] {logging_mixin.py:104} INFO - [2021-06-07 18:47:23,667] {dag.py:1832} INFO - Sync 1 DAGs
[2021-06-07 18:47:23,676] {logging_mixin.py:104} INFO - [2021-06-07 18:47:23,676] {dag.py:2305} INFO - Setting next_dagrun for example_short_circuit_operator to 2021-06-05 00:00:00+00:00
[2021-06-07 18:47:23,681] {scheduler_job.py:190} INFO - Processing /home/encrypted/abaceti/.virtualenvs/pumpwood-airflow-images/lib/python3.6/site-packages/airflow/example_dags/example_short_circuit_operator.py took 0.038 seconds
[2021-06-07 18:47:53,797] {scheduler_job.py:182} INFO - Started process (PID=8451) to work on /home/encrypted/abaceti/.virtualenvs/pumpwood-airflow-images/lib/python3.6/site-packages/airflow/example_dags/example_short_circuit_operator.py
[2021-06-07 18:47:53,797] {scheduler_job.py:633} INFO - Processing file /home/encrypted/abaceti/.virtualenvs/pumpwood-airflow-images/lib/python3.6/site-packages/airflow/example_dags/example_short_circuit_operator.py for tasks to queue
[2021-06-07 18:47:53,798] {logging_mixin.py:104} INFO - [2021-06-07 18:47:53,798] {dagbag.py:487} INFO - Filling up the DagBag from /home/encrypted/abaceti/.virtualenvs/pumpwood-airflow-images/lib/python3.6/site-packages/airflow/example_dags/example_short_circuit_operator.py
[2021-06-07 18:47:53,804] {scheduler_job.py:643} INFO - DAG(s) dict_keys(['example_short_circuit_operator']) retrieved from /home/encrypted/abaceti/.virtualenvs/pumpwood-airflow-images/lib/python3.6/site-packages/airflow/example_dags/example_short_circuit_operator.py
[2021-06-07 18:47:53,818] {logging_mixin.py:104} INFO - [2021-06-07 18:47:53,818] {dag.py:1832} INFO - Sync 1 DAGs
[2021-06-07 18:47:53,827] {logging_mixin.py:104} INFO - [2021-06-07 18:47:53,827] {dag.py:2305} INFO - Setting next_dagrun for example_short_circuit_operator to 2021-06-05 00:00:00+00:00
[2021-06-07 18:47:53,833] {scheduler_job.py:190} INFO - Processing /home/encrypted/abaceti/.virtualenvs/pumpwood-airflow-images/lib/python3.6/site-packages/airflow/example_dags/example_short_circuit_operator.py took 0.037 seconds
[2021-06-07 18:48:23,973] {scheduler_job.py:182} INFO - Started process (PID=8666) to work on /home/encrypted/abaceti/.virtualenvs/pumpwood-airflow-images/lib/python3.6/site-packages/airflow/example_dags/example_short_circuit_operator.py
[2021-06-07 18:48:23,973] {scheduler_job.py:633} INFO - Processing file /home/encrypted/abaceti/.virtualenvs/pumpwood-airflow-images/lib/python3.6/site-packages/airflow/example_dags/example_short_circuit_operator.py for tasks to queue
[2021-06-07 18:48:23,974] {logging_mixin.py:104} INFO - [2021-06-07 18:48:23,974] {dagbag.py:487} INFO - Filling up the DagBag from /home/encrypted/abaceti/.virtualenvs/pumpwood-airflow-images/lib/python3.6/site-packages/airflow/example_dags/example_short_circuit_operator.py
[2021-06-07 18:48:23,980] {scheduler_job.py:643} INFO - DAG(s) dict_keys(['example_short_circuit_operator']) retrieved from /home/encrypted/abaceti/.virtualenvs/pumpwood-airflow-images/lib/python3.6/site-packages/airflow/example_dags/example_short_circuit_operator.py
[2021-06-07 18:48:23,995] {logging_mixin.py:104} INFO - [2021-06-07 18:48:23,995] {dag.py:1832} INFO - Sync 1 DAGs
[2021-06-07 18:48:24,003] {logging_mixin.py:104} INFO - [2021-06-07 18:48:24,003] {dag.py:2305} INFO - Setting next_dagrun for example_short_circuit_operator to 2021-06-05 00:00:00+00:00
[2021-06-07 18:48:24,008] {scheduler_job.py:190} INFO - Processing /home/encrypted/abaceti/.virtualenvs/pumpwood-airflow-images/lib/python3.6/site-packages/airflow/example_dags/example_short_circuit_operator.py took 0.037 seconds
[2021-06-07 18:48:49,364] {scheduler_job.py:182} INFO - Started process (PID=8862) to work on /home/encrypted/abaceti/.virtualenvs/pumpwood-airflow-images/lib/python3.6/site-packages/airflow/example_dags/example_short_circuit_operator.py
[2021-06-07 18:48:49,364] {scheduler_job.py:633} INFO - Processing file /home/encrypted/abaceti/.virtualenvs/pumpwood-airflow-images/lib/python3.6/site-packages/airflow/example_dags/example_short_circuit_operator.py for tasks to queue
[2021-06-07 18:48:49,365] {logging_mixin.py:104} INFO - [2021-06-07 18:48:49,364] {dagbag.py:487} INFO - Filling up the DagBag from /home/encrypted/abaceti/.virtualenvs/pumpwood-airflow-images/lib/python3.6/site-packages/airflow/example_dags/example_short_circuit_operator.py
[2021-06-07 18:48:49,370] {scheduler_job.py:643} INFO - DAG(s) dict_keys(['example_short_circuit_operator']) retrieved from /home/encrypted/abaceti/.virtualenvs/pumpwood-airflow-images/lib/python3.6/site-packages/airflow/example_dags/example_short_circuit_operator.py
[2021-06-07 18:48:49,386] {logging_mixin.py:104} INFO - [2021-06-07 18:48:49,386] {dag.py:1832} INFO - Sync 1 DAGs
[2021-06-07 18:48:49,395] {logging_mixin.py:104} INFO - [2021-06-07 18:48:49,395] {dag.py:2305} INFO - Setting next_dagrun for example_short_circuit_operator to 2021-06-05 00:00:00+00:00
[2021-06-07 18:48:49,400] {scheduler_job.py:190} INFO - Processing /home/encrypted/abaceti/.virtualenvs/pumpwood-airflow-images/lib/python3.6/site-packages/airflow/example_dags/example_short_circuit_operator.py took 0.038 seconds
[2021-06-07 18:49:20,287] {scheduler_job.py:182} INFO - Started process (PID=8983) to work on /home/encrypted/abaceti/.virtualenvs/pumpwood-airflow-images/lib/python3.6/site-packages/airflow/example_dags/example_short_circuit_operator.py
[2021-06-07 18:49:20,288] {scheduler_job.py:633} INFO - Processing file /home/encrypted/abaceti/.virtualenvs/pumpwood-airflow-images/lib/python3.6/site-packages/airflow/example_dags/example_short_circuit_operator.py for tasks to queue
[2021-06-07 18:49:20,288] {logging_mixin.py:104} INFO - [2021-06-07 18:49:20,288] {dagbag.py:487} INFO - Filling up the DagBag from /home/encrypted/abaceti/.virtualenvs/pumpwood-airflow-images/lib/python3.6/site-packages/airflow/example_dags/example_short_circuit_operator.py
[2021-06-07 18:49:20,294] {scheduler_job.py:643} INFO - DAG(s) dict_keys(['example_short_circuit_operator']) retrieved from /home/encrypted/abaceti/.virtualenvs/pumpwood-airflow-images/lib/python3.6/site-packages/airflow/example_dags/example_short_circuit_operator.py
[2021-06-07 18:49:20,309] {logging_mixin.py:104} INFO - [2021-06-07 18:49:20,309] {dag.py:1832} INFO - Sync 1 DAGs
[2021-06-07 18:49:20,318] {logging_mixin.py:104} INFO - [2021-06-07 18:49:20,317] {dag.py:2305} INFO - Setting next_dagrun for example_short_circuit_operator to 2021-06-05 00:00:00+00:00
[2021-06-07 18:49:20,323] {scheduler_job.py:190} INFO - Processing /home/encrypted/abaceti/.virtualenvs/pumpwood-airflow-images/lib/python3.6/site-packages/airflow/example_dags/example_short_circuit_operator.py took 0.037 seconds
[2021-06-07 18:49:50,377] {scheduler_job.py:182} INFO - Started process (PID=9158) to work on /home/encrypted/abaceti/.virtualenvs/pumpwood-airflow-images/lib/python3.6/site-packages/airflow/example_dags/example_short_circuit_operator.py
[2021-06-07 18:49:50,378] {scheduler_job.py:633} INFO - Processing file /home/encrypted/abaceti/.virtualenvs/pumpwood-airflow-images/lib/python3.6/site-packages/airflow/example_dags/example_short_circuit_operator.py for tasks to queue
[2021-06-07 18:49:50,378] {logging_mixin.py:104} INFO - [2021-06-07 18:49:50,378] {dagbag.py:487} INFO - Filling up the DagBag from /home/encrypted/abaceti/.virtualenvs/pumpwood-airflow-images/lib/python3.6/site-packages/airflow/example_dags/example_short_circuit_operator.py
[2021-06-07 18:49:50,384] {scheduler_job.py:643} INFO - DAG(s) dict_keys(['example_short_circuit_operator']) retrieved from /home/encrypted/abaceti/.virtualenvs/pumpwood-airflow-images/lib/python3.6/site-packages/airflow/example_dags/example_short_circuit_operator.py
[2021-06-07 18:49:50,400] {logging_mixin.py:104} INFO - [2021-06-07 18:49:50,399] {dag.py:1832} INFO - Sync 1 DAGs
[2021-06-07 18:49:50,408] {logging_mixin.py:104} INFO - [2021-06-07 18:49:50,408] {dag.py:2305} INFO - Setting next_dagrun for example_short_circuit_operator to 2021-06-05 00:00:00+00:00
[2021-06-07 18:49:50,414] {scheduler_job.py:190} INFO - Processing /home/encrypted/abaceti/.virtualenvs/pumpwood-airflow-images/lib/python3.6/site-packages/airflow/example_dags/example_short_circuit_operator.py took 0.039 seconds
[2021-06-07 18:50:20,771] {scheduler_job.py:182} INFO - Started process (PID=9399) to work on /home/encrypted/abaceti/.virtualenvs/pumpwood-airflow-images/lib/python3.6/site-packages/airflow/example_dags/example_short_circuit_operator.py
[2021-06-07 18:50:20,772] {scheduler_job.py:633} INFO - Processing file /home/encrypted/abaceti/.virtualenvs/pumpwood-airflow-images/lib/python3.6/site-packages/airflow/example_dags/example_short_circuit_operator.py for tasks to queue
[2021-06-07 18:50:20,772] {logging_mixin.py:104} INFO - [2021-06-07 18:50:20,772] {dagbag.py:487} INFO - Filling up the DagBag from /home/encrypted/abaceti/.virtualenvs/pumpwood-airflow-images/lib/python3.6/site-packages/airflow/example_dags/example_short_circuit_operator.py
[2021-06-07 18:50:20,778] {scheduler_job.py:643} INFO - DAG(s) dict_keys(['example_short_circuit_operator']) retrieved from /home/encrypted/abaceti/.virtualenvs/pumpwood-airflow-images/lib/python3.6/site-packages/airflow/example_dags/example_short_circuit_operator.py
[2021-06-07 18:50:20,793] {logging_mixin.py:104} INFO - [2021-06-07 18:50:20,793] {dag.py:1832} INFO - Sync 1 DAGs
[2021-06-07 18:50:20,802] {logging_mixin.py:104} INFO - [2021-06-07 18:50:20,802] {dag.py:2305} INFO - Setting next_dagrun for example_short_circuit_operator to 2021-06-05 00:00:00+00:00
[2021-06-07 18:50:20,807] {scheduler_job.py:190} INFO - Processing /home/encrypted/abaceti/.virtualenvs/pumpwood-airflow-images/lib/python3.6/site-packages/airflow/example_dags/example_short_circuit_operator.py took 0.038 seconds
[2021-06-07 18:50:50,990] {scheduler_job.py:182} INFO - Started process (PID=9558) to work on /home/encrypted/abaceti/.virtualenvs/pumpwood-airflow-images/lib/python3.6/site-packages/airflow/example_dags/example_short_circuit_operator.py
[2021-06-07 18:50:50,990] {scheduler_job.py:633} INFO - Processing file /home/encrypted/abaceti/.virtualenvs/pumpwood-airflow-images/lib/python3.6/site-packages/airflow/example_dags/example_short_circuit_operator.py for tasks to queue
[2021-06-07 18:50:50,990] {logging_mixin.py:104} INFO - [2021-06-07 18:50:50,990] {dagbag.py:487} INFO - Filling up the DagBag from /home/encrypted/abaceti/.virtualenvs/pumpwood-airflow-images/lib/python3.6/site-packages/airflow/example_dags/example_short_circuit_operator.py
[2021-06-07 18:50:50,996] {scheduler_job.py:643} INFO - DAG(s) dict_keys(['example_short_circuit_operator']) retrieved from /home/encrypted/abaceti/.virtualenvs/pumpwood-airflow-images/lib/python3.6/site-packages/airflow/example_dags/example_short_circuit_operator.py
[2021-06-07 18:50:51,010] {logging_mixin.py:104} INFO - [2021-06-07 18:50:51,010] {dag.py:1832} INFO - Sync 1 DAGs
[2021-06-07 18:50:51,020] {logging_mixin.py:104} INFO - [2021-06-07 18:50:51,019] {dag.py:2305} INFO - Setting next_dagrun for example_short_circuit_operator to 2021-06-05 00:00:00+00:00
[2021-06-07 18:50:51,025] {scheduler_job.py:190} INFO - Processing /home/encrypted/abaceti/.virtualenvs/pumpwood-airflow-images/lib/python3.6/site-packages/airflow/example_dags/example_short_circuit_operator.py took 0.036 seconds
[2021-06-07 18:51:21,165] {scheduler_job.py:182} INFO - Started process (PID=9676) to work on /home/encrypted/abaceti/.virtualenvs/pumpwood-airflow-images/lib/python3.6/site-packages/airflow/example_dags/example_short_circuit_operator.py
[2021-06-07 18:51:21,166] {scheduler_job.py:633} INFO - Processing file /home/encrypted/abaceti/.virtualenvs/pumpwood-airflow-images/lib/python3.6/site-packages/airflow/example_dags/example_short_circuit_operator.py for tasks to queue
[2021-06-07 18:51:21,167] {logging_mixin.py:104} INFO - [2021-06-07 18:51:21,166] {dagbag.py:487} INFO - Filling up the DagBag from /home/encrypted/abaceti/.virtualenvs/pumpwood-airflow-images/lib/python3.6/site-packages/airflow/example_dags/example_short_circuit_operator.py
[2021-06-07 18:51:21,172] {scheduler_job.py:643} INFO - DAG(s) dict_keys(['example_short_circuit_operator']) retrieved from /home/encrypted/abaceti/.virtualenvs/pumpwood-airflow-images/lib/python3.6/site-packages/airflow/example_dags/example_short_circuit_operator.py
[2021-06-07 18:51:21,187] {logging_mixin.py:104} INFO - [2021-06-07 18:51:21,187] {dag.py:1832} INFO - Sync 1 DAGs
[2021-06-07 18:51:21,195] {logging_mixin.py:104} INFO - [2021-06-07 18:51:21,195] {dag.py:2305} INFO - Setting next_dagrun for example_short_circuit_operator to 2021-06-05 00:00:00+00:00
[2021-06-07 18:51:21,200] {scheduler_job.py:190} INFO - Processing /home/encrypted/abaceti/.virtualenvs/pumpwood-airflow-images/lib/python3.6/site-packages/airflow/example_dags/example_short_circuit_operator.py took 0.036 seconds
[2021-06-07 18:51:51,317] {scheduler_job.py:182} INFO - Started process (PID=9842) to work on /home/encrypted/abaceti/.virtualenvs/pumpwood-airflow-images/lib/python3.6/site-packages/airflow/example_dags/example_short_circuit_operator.py
[2021-06-07 18:51:51,318] {scheduler_job.py:633} INFO - Processing file /home/encrypted/abaceti/.virtualenvs/pumpwood-airflow-images/lib/python3.6/site-packages/airflow/example_dags/example_short_circuit_operator.py for tasks to queue
[2021-06-07 18:51:51,318] {logging_mixin.py:104} INFO - [2021-06-07 18:51:51,318] {dagbag.py:487} INFO - Filling up the DagBag from /home/encrypted/abaceti/.virtualenvs/pumpwood-airflow-images/lib/python3.6/site-packages/airflow/example_dags/example_short_circuit_operator.py
[2021-06-07 18:51:51,324] {scheduler_job.py:643} INFO - DAG(s) dict_keys(['example_short_circuit_operator']) retrieved from /home/encrypted/abaceti/.virtualenvs/pumpwood-airflow-images/lib/python3.6/site-packages/airflow/example_dags/example_short_circuit_operator.py
[2021-06-07 18:51:51,338] {logging_mixin.py:104} INFO - [2021-06-07 18:51:51,338] {dag.py:1832} INFO - Sync 1 DAGs
[2021-06-07 18:51:51,346] {logging_mixin.py:104} INFO - [2021-06-07 18:51:51,345] {dag.py:2305} INFO - Setting next_dagrun for example_short_circuit_operator to 2021-06-05 00:00:00+00:00
[2021-06-07 18:51:51,350] {scheduler_job.py:190} INFO - Processing /home/encrypted/abaceti/.virtualenvs/pumpwood-airflow-images/lib/python3.6/site-packages/airflow/example_dags/example_short_circuit_operator.py took 0.035 seconds
[2021-06-07 18:52:21,530] {scheduler_job.py:182} INFO - Started process (PID=9960) to work on /home/encrypted/abaceti/.virtualenvs/pumpwood-airflow-images/lib/python3.6/site-packages/airflow/example_dags/example_short_circuit_operator.py
[2021-06-07 18:52:21,530] {scheduler_job.py:633} INFO - Processing file /home/encrypted/abaceti/.virtualenvs/pumpwood-airflow-images/lib/python3.6/site-packages/airflow/example_dags/example_short_circuit_operator.py for tasks to queue
[2021-06-07 18:52:21,531] {logging_mixin.py:104} INFO - [2021-06-07 18:52:21,531] {dagbag.py:487} INFO - Filling up the DagBag from /home/encrypted/abaceti/.virtualenvs/pumpwood-airflow-images/lib/python3.6/site-packages/airflow/example_dags/example_short_circuit_operator.py
[2021-06-07 18:52:21,536] {scheduler_job.py:643} INFO - DAG(s) dict_keys(['example_short_circuit_operator']) retrieved from /home/encrypted/abaceti/.virtualenvs/pumpwood-airflow-images/lib/python3.6/site-packages/airflow/example_dags/example_short_circuit_operator.py
[2021-06-07 18:52:21,551] {logging_mixin.py:104} INFO - [2021-06-07 18:52:21,551] {dag.py:1832} INFO - Sync 1 DAGs
[2021-06-07 18:52:21,559] {logging_mixin.py:104} INFO - [2021-06-07 18:52:21,559] {dag.py:2305} INFO - Setting next_dagrun for example_short_circuit_operator to 2021-06-05 00:00:00+00:00
[2021-06-07 18:52:21,564] {scheduler_job.py:190} INFO - Processing /home/encrypted/abaceti/.virtualenvs/pumpwood-airflow-images/lib/python3.6/site-packages/airflow/example_dags/example_short_circuit_operator.py took 0.036 seconds
[2021-06-07 18:52:51,648] {scheduler_job.py:182} INFO - Started process (PID=10766) to work on /home/encrypted/abaceti/.virtualenvs/pumpwood-airflow-images/lib/python3.6/site-packages/airflow/example_dags/example_short_circuit_operator.py
[2021-06-07 18:52:51,648] {scheduler_job.py:633} INFO - Processing file /home/encrypted/abaceti/.virtualenvs/pumpwood-airflow-images/lib/python3.6/site-packages/airflow/example_dags/example_short_circuit_operator.py for tasks to queue
[2021-06-07 18:52:51,648] {logging_mixin.py:104} INFO - [2021-06-07 18:52:51,648] {dagbag.py:487} INFO - Filling up the DagBag from /home/encrypted/abaceti/.virtualenvs/pumpwood-airflow-images/lib/python3.6/site-packages/airflow/example_dags/example_short_circuit_operator.py
[2021-06-07 18:52:51,655] {scheduler_job.py:643} INFO - DAG(s) dict_keys(['example_short_circuit_operator']) retrieved from /home/encrypted/abaceti/.virtualenvs/pumpwood-airflow-images/lib/python3.6/site-packages/airflow/example_dags/example_short_circuit_operator.py
[2021-06-07 18:52:51,669] {logging_mixin.py:104} INFO - [2021-06-07 18:52:51,669] {dag.py:1832} INFO - Sync 1 DAGs
[2021-06-07 18:52:51,678] {logging_mixin.py:104} INFO - [2021-06-07 18:52:51,678] {dag.py:2305} INFO - Setting next_dagrun for example_short_circuit_operator to 2021-06-05 00:00:00+00:00
[2021-06-07 18:52:51,683] {scheduler_job.py:190} INFO - Processing /home/encrypted/abaceti/.virtualenvs/pumpwood-airflow-images/lib/python3.6/site-packages/airflow/example_dags/example_short_circuit_operator.py took 0.037 seconds
[2021-06-07 18:53:21,777] {scheduler_job.py:182} INFO - Started process (PID=11087) to work on /home/encrypted/abaceti/.virtualenvs/pumpwood-airflow-images/lib/python3.6/site-packages/airflow/example_dags/example_short_circuit_operator.py
[2021-06-07 18:53:21,777] {scheduler_job.py:633} INFO - Processing file /home/encrypted/abaceti/.virtualenvs/pumpwood-airflow-images/lib/python3.6/site-packages/airflow/example_dags/example_short_circuit_operator.py for tasks to queue
[2021-06-07 18:53:21,777] {logging_mixin.py:104} INFO - [2021-06-07 18:53:21,777] {dagbag.py:487} INFO - Filling up the DagBag from /home/encrypted/abaceti/.virtualenvs/pumpwood-airflow-images/lib/python3.6/site-packages/airflow/example_dags/example_short_circuit_operator.py
[2021-06-07 18:53:21,783] {scheduler_job.py:643} INFO - DAG(s) dict_keys(['example_short_circuit_operator']) retrieved from /home/encrypted/abaceti/.virtualenvs/pumpwood-airflow-images/lib/python3.6/site-packages/airflow/example_dags/example_short_circuit_operator.py
[2021-06-07 18:53:21,797] {logging_mixin.py:104} INFO - [2021-06-07 18:53:21,797] {dag.py:1832} INFO - Sync 1 DAGs
[2021-06-07 18:53:21,805] {logging_mixin.py:104} INFO - [2021-06-07 18:53:21,805] {dag.py:2305} INFO - Setting next_dagrun for example_short_circuit_operator to 2021-06-05 00:00:00+00:00
[2021-06-07 18:53:21,810] {scheduler_job.py:190} INFO - Processing /home/encrypted/abaceti/.virtualenvs/pumpwood-airflow-images/lib/python3.6/site-packages/airflow/example_dags/example_short_circuit_operator.py took 0.034 seconds
[2021-06-07 18:53:52,043] {scheduler_job.py:182} INFO - Started process (PID=11468) to work on /home/encrypted/abaceti/.virtualenvs/pumpwood-airflow-images/lib/python3.6/site-packages/airflow/example_dags/example_short_circuit_operator.py
[2021-06-07 18:53:52,043] {scheduler_job.py:633} INFO - Processing file /home/encrypted/abaceti/.virtualenvs/pumpwood-airflow-images/lib/python3.6/site-packages/airflow/example_dags/example_short_circuit_operator.py for tasks to queue
[2021-06-07 18:53:52,043] {logging_mixin.py:104} INFO - [2021-06-07 18:53:52,043] {dagbag.py:487} INFO - Filling up the DagBag from /home/encrypted/abaceti/.virtualenvs/pumpwood-airflow-images/lib/python3.6/site-packages/airflow/example_dags/example_short_circuit_operator.py
[2021-06-07 18:53:52,049] {scheduler_job.py:643} INFO - DAG(s) dict_keys(['example_short_circuit_operator']) retrieved from /home/encrypted/abaceti/.virtualenvs/pumpwood-airflow-images/lib/python3.6/site-packages/airflow/example_dags/example_short_circuit_operator.py
[2021-06-07 18:53:52,063] {logging_mixin.py:104} INFO - [2021-06-07 18:53:52,063] {dag.py:1832} INFO - Sync 1 DAGs
[2021-06-07 18:53:52,071] {logging_mixin.py:104} INFO - [2021-06-07 18:53:52,071] {dag.py:2305} INFO - Setting next_dagrun for example_short_circuit_operator to 2021-06-05 00:00:00+00:00
[2021-06-07 18:53:52,076] {scheduler_job.py:190} INFO - Processing /home/encrypted/abaceti/.virtualenvs/pumpwood-airflow-images/lib/python3.6/site-packages/airflow/example_dags/example_short_circuit_operator.py took 0.035 seconds
[2021-06-07 18:54:22,095] {scheduler_job.py:182} INFO - Started process (PID=11879) to work on /home/encrypted/abaceti/.virtualenvs/pumpwood-airflow-images/lib/python3.6/site-packages/airflow/example_dags/example_short_circuit_operator.py
[2021-06-07 18:54:22,095] {scheduler_job.py:633} INFO - Processing file /home/encrypted/abaceti/.virtualenvs/pumpwood-airflow-images/lib/python3.6/site-packages/airflow/example_dags/example_short_circuit_operator.py for tasks to queue
[2021-06-07 18:54:22,096] {logging_mixin.py:104} INFO - [2021-06-07 18:54:22,096] {dagbag.py:487} INFO - Filling up the DagBag from /home/encrypted/abaceti/.virtualenvs/pumpwood-airflow-images/lib/python3.6/site-packages/airflow/example_dags/example_short_circuit_operator.py
[2021-06-07 18:54:22,102] {scheduler_job.py:643} INFO - DAG(s) dict_keys(['example_short_circuit_operator']) retrieved from /home/encrypted/abaceti/.virtualenvs/pumpwood-airflow-images/lib/python3.6/site-packages/airflow/example_dags/example_short_circuit_operator.py
[2021-06-07 18:54:22,116] {logging_mixin.py:104} INFO - [2021-06-07 18:54:22,116] {dag.py:1832} INFO - Sync 1 DAGs
[2021-06-07 18:54:22,124] {logging_mixin.py:104} INFO - [2021-06-07 18:54:22,124] {dag.py:2305} INFO - Setting next_dagrun for example_short_circuit_operator to 2021-06-05 00:00:00+00:00
[2021-06-07 18:54:22,129] {scheduler_job.py:190} INFO - Processing /home/encrypted/abaceti/.virtualenvs/pumpwood-airflow-images/lib/python3.6/site-packages/airflow/example_dags/example_short_circuit_operator.py took 0.036 seconds
[2021-06-07 18:54:52,275] {scheduler_job.py:182} INFO - Started process (PID=12089) to work on /home/encrypted/abaceti/.virtualenvs/pumpwood-airflow-images/lib/python3.6/site-packages/airflow/example_dags/example_short_circuit_operator.py
[2021-06-07 18:54:52,276] {scheduler_job.py:633} INFO - Processing file /home/encrypted/abaceti/.virtualenvs/pumpwood-airflow-images/lib/python3.6/site-packages/airflow/example_dags/example_short_circuit_operator.py for tasks to queue
[2021-06-07 18:54:52,276] {logging_mixin.py:104} INFO - [2021-06-07 18:54:52,276] {dagbag.py:487} INFO - Filling up the DagBag from /home/encrypted/abaceti/.virtualenvs/pumpwood-airflow-images/lib/python3.6/site-packages/airflow/example_dags/example_short_circuit_operator.py
[2021-06-07 18:54:52,283] {scheduler_job.py:643} INFO - DAG(s) dict_keys(['example_short_circuit_operator']) retrieved from /home/encrypted/abaceti/.virtualenvs/pumpwood-airflow-images/lib/python3.6/site-packages/airflow/example_dags/example_short_circuit_operator.py
[2021-06-07 18:54:52,297] {logging_mixin.py:104} INFO - [2021-06-07 18:54:52,297] {dag.py:1832} INFO - Sync 1 DAGs
[2021-06-07 18:54:52,306] {logging_mixin.py:104} INFO - [2021-06-07 18:54:52,306] {dag.py:2305} INFO - Setting next_dagrun for example_short_circuit_operator to 2021-06-05 00:00:00+00:00
[2021-06-07 18:54:52,312] {scheduler_job.py:190} INFO - Processing /home/encrypted/abaceti/.virtualenvs/pumpwood-airflow-images/lib/python3.6/site-packages/airflow/example_dags/example_short_circuit_operator.py took 0.038 seconds
[2021-06-07 18:55:22,490] {scheduler_job.py:182} INFO - Started process (PID=12270) to work on /home/encrypted/abaceti/.virtualenvs/pumpwood-airflow-images/lib/python3.6/site-packages/airflow/example_dags/example_short_circuit_operator.py
[2021-06-07 18:55:22,490] {scheduler_job.py:633} INFO - Processing file /home/encrypted/abaceti/.virtualenvs/pumpwood-airflow-images/lib/python3.6/site-packages/airflow/example_dags/example_short_circuit_operator.py for tasks to queue
[2021-06-07 18:55:22,491] {logging_mixin.py:104} INFO - [2021-06-07 18:55:22,490] {dagbag.py:487} INFO - Filling up the DagBag from /home/encrypted/abaceti/.virtualenvs/pumpwood-airflow-images/lib/python3.6/site-packages/airflow/example_dags/example_short_circuit_operator.py
[2021-06-07 18:55:22,498] {scheduler_job.py:643} INFO - DAG(s) dict_keys(['example_short_circuit_operator']) retrieved from /home/encrypted/abaceti/.virtualenvs/pumpwood-airflow-images/lib/python3.6/site-packages/airflow/example_dags/example_short_circuit_operator.py
[2021-06-07 18:55:22,513] {logging_mixin.py:104} INFO - [2021-06-07 18:55:22,513] {dag.py:1832} INFO - Sync 1 DAGs
[2021-06-07 18:55:22,523] {logging_mixin.py:104} INFO - [2021-06-07 18:55:22,522] {dag.py:2305} INFO - Setting next_dagrun for example_short_circuit_operator to 2021-06-05 00:00:00+00:00
[2021-06-07 18:55:22,528] {scheduler_job.py:190} INFO - Processing /home/encrypted/abaceti/.virtualenvs/pumpwood-airflow-images/lib/python3.6/site-packages/airflow/example_dags/example_short_circuit_operator.py took 0.039 seconds
[2021-06-07 18:55:52,595] {scheduler_job.py:182} INFO - Started process (PID=12492) to work on /home/encrypted/abaceti/.virtualenvs/pumpwood-airflow-images/lib/python3.6/site-packages/airflow/example_dags/example_short_circuit_operator.py
[2021-06-07 18:55:52,595] {scheduler_job.py:633} INFO - Processing file /home/encrypted/abaceti/.virtualenvs/pumpwood-airflow-images/lib/python3.6/site-packages/airflow/example_dags/example_short_circuit_operator.py for tasks to queue
[2021-06-07 18:55:52,596] {logging_mixin.py:104} INFO - [2021-06-07 18:55:52,596] {dagbag.py:487} INFO - Filling up the DagBag from /home/encrypted/abaceti/.virtualenvs/pumpwood-airflow-images/lib/python3.6/site-packages/airflow/example_dags/example_short_circuit_operator.py
[2021-06-07 18:55:52,601] {scheduler_job.py:643} INFO - DAG(s) dict_keys(['example_short_circuit_operator']) retrieved from /home/encrypted/abaceti/.virtualenvs/pumpwood-airflow-images/lib/python3.6/site-packages/airflow/example_dags/example_short_circuit_operator.py
[2021-06-07 18:55:52,618] {logging_mixin.py:104} INFO - [2021-06-07 18:55:52,618] {dag.py:1832} INFO - Sync 1 DAGs
[2021-06-07 18:55:52,625] {logging_mixin.py:104} INFO - [2021-06-07 18:55:52,625] {dag.py:2305} INFO - Setting next_dagrun for example_short_circuit_operator to 2021-06-05 00:00:00+00:00
[2021-06-07 18:55:52,631] {scheduler_job.py:190} INFO - Processing /home/encrypted/abaceti/.virtualenvs/pumpwood-airflow-images/lib/python3.6/site-packages/airflow/example_dags/example_short_circuit_operator.py took 0.038 seconds
[2021-06-07 18:56:22,685] {scheduler_job.py:182} INFO - Started process (PID=12663) to work on /home/encrypted/abaceti/.virtualenvs/pumpwood-airflow-images/lib/python3.6/site-packages/airflow/example_dags/example_short_circuit_operator.py
[2021-06-07 18:56:22,686] {scheduler_job.py:633} INFO - Processing file /home/encrypted/abaceti/.virtualenvs/pumpwood-airflow-images/lib/python3.6/site-packages/airflow/example_dags/example_short_circuit_operator.py for tasks to queue
[2021-06-07 18:56:22,686] {logging_mixin.py:104} INFO - [2021-06-07 18:56:22,686] {dagbag.py:487} INFO - Filling up the DagBag from /home/encrypted/abaceti/.virtualenvs/pumpwood-airflow-images/lib/python3.6/site-packages/airflow/example_dags/example_short_circuit_operator.py
[2021-06-07 18:56:22,692] {scheduler_job.py:643} INFO - DAG(s) dict_keys(['example_short_circuit_operator']) retrieved from /home/encrypted/abaceti/.virtualenvs/pumpwood-airflow-images/lib/python3.6/site-packages/airflow/example_dags/example_short_circuit_operator.py
[2021-06-07 18:56:22,706] {logging_mixin.py:104} INFO - [2021-06-07 18:56:22,706] {dag.py:1832} INFO - Sync 1 DAGs
[2021-06-07 18:56:22,715] {logging_mixin.py:104} INFO - [2021-06-07 18:56:22,715] {dag.py:2305} INFO - Setting next_dagrun for example_short_circuit_operator to 2021-06-05 00:00:00+00:00
[2021-06-07 18:56:22,721] {scheduler_job.py:190} INFO - Processing /home/encrypted/abaceti/.virtualenvs/pumpwood-airflow-images/lib/python3.6/site-packages/airflow/example_dags/example_short_circuit_operator.py took 0.037 seconds
[2021-06-07 18:56:52,955] {scheduler_job.py:182} INFO - Started process (PID=12897) to work on /home/encrypted/abaceti/.virtualenvs/pumpwood-airflow-images/lib/python3.6/site-packages/airflow/example_dags/example_short_circuit_operator.py
[2021-06-07 18:56:52,955] {scheduler_job.py:633} INFO - Processing file /home/encrypted/abaceti/.virtualenvs/pumpwood-airflow-images/lib/python3.6/site-packages/airflow/example_dags/example_short_circuit_operator.py for tasks to queue
[2021-06-07 18:56:52,955] {logging_mixin.py:104} INFO - [2021-06-07 18:56:52,955] {dagbag.py:487} INFO - Filling up the DagBag from /home/encrypted/abaceti/.virtualenvs/pumpwood-airflow-images/lib/python3.6/site-packages/airflow/example_dags/example_short_circuit_operator.py
[2021-06-07 18:56:52,962] {scheduler_job.py:643} INFO - DAG(s) dict_keys(['example_short_circuit_operator']) retrieved from /home/encrypted/abaceti/.virtualenvs/pumpwood-airflow-images/lib/python3.6/site-packages/airflow/example_dags/example_short_circuit_operator.py
[2021-06-07 18:56:52,977] {logging_mixin.py:104} INFO - [2021-06-07 18:56:52,977] {dag.py:1832} INFO - Sync 1 DAGs
[2021-06-07 18:56:52,985] {logging_mixin.py:104} INFO - [2021-06-07 18:56:52,985] {dag.py:2305} INFO - Setting next_dagrun for example_short_circuit_operator to 2021-06-05 00:00:00+00:00
[2021-06-07 18:56:52,990] {scheduler_job.py:190} INFO - Processing /home/encrypted/abaceti/.virtualenvs/pumpwood-airflow-images/lib/python3.6/site-packages/airflow/example_dags/example_short_circuit_operator.py took 0.037 seconds
[2021-06-07 18:57:23,938] {scheduler_job.py:182} INFO - Started process (PID=13017) to work on /home/encrypted/abaceti/.virtualenvs/pumpwood-airflow-images/lib/python3.6/site-packages/airflow/example_dags/example_short_circuit_operator.py
[2021-06-07 18:57:23,939] {scheduler_job.py:633} INFO - Processing file /home/encrypted/abaceti/.virtualenvs/pumpwood-airflow-images/lib/python3.6/site-packages/airflow/example_dags/example_short_circuit_operator.py for tasks to queue
[2021-06-07 18:57:23,939] {logging_mixin.py:104} INFO - [2021-06-07 18:57:23,939] {dagbag.py:487} INFO - Filling up the DagBag from /home/encrypted/abaceti/.virtualenvs/pumpwood-airflow-images/lib/python3.6/site-packages/airflow/example_dags/example_short_circuit_operator.py
[2021-06-07 18:57:23,945] {scheduler_job.py:643} INFO - DAG(s) dict_keys(['example_short_circuit_operator']) retrieved from /home/encrypted/abaceti/.virtualenvs/pumpwood-airflow-images/lib/python3.6/site-packages/airflow/example_dags/example_short_circuit_operator.py
[2021-06-07 18:57:23,959] {logging_mixin.py:104} INFO - [2021-06-07 18:57:23,959] {dag.py:1832} INFO - Sync 1 DAGs
[2021-06-07 18:57:23,968] {logging_mixin.py:104} INFO - [2021-06-07 18:57:23,968] {dag.py:2305} INFO - Setting next_dagrun for example_short_circuit_operator to 2021-06-05 00:00:00+00:00
[2021-06-07 18:57:23,974] {scheduler_job.py:190} INFO - Processing /home/encrypted/abaceti/.virtualenvs/pumpwood-airflow-images/lib/python3.6/site-packages/airflow/example_dags/example_short_circuit_operator.py took 0.038 seconds
[2021-06-07 18:57:54,132] {scheduler_job.py:182} INFO - Started process (PID=13192) to work on /home/encrypted/abaceti/.virtualenvs/pumpwood-airflow-images/lib/python3.6/site-packages/airflow/example_dags/example_short_circuit_operator.py
[2021-06-07 18:57:54,133] {scheduler_job.py:633} INFO - Processing file /home/encrypted/abaceti/.virtualenvs/pumpwood-airflow-images/lib/python3.6/site-packages/airflow/example_dags/example_short_circuit_operator.py for tasks to queue
[2021-06-07 18:57:54,133] {logging_mixin.py:104} INFO - [2021-06-07 18:57:54,133] {dagbag.py:487} INFO - Filling up the DagBag from /home/encrypted/abaceti/.virtualenvs/pumpwood-airflow-images/lib/python3.6/site-packages/airflow/example_dags/example_short_circuit_operator.py
[2021-06-07 18:57:54,139] {scheduler_job.py:643} INFO - DAG(s) dict_keys(['example_short_circuit_operator']) retrieved from /home/encrypted/abaceti/.virtualenvs/pumpwood-airflow-images/lib/python3.6/site-packages/airflow/example_dags/example_short_circuit_operator.py
[2021-06-07 18:57:54,154] {logging_mixin.py:104} INFO - [2021-06-07 18:57:54,153] {dag.py:1832} INFO - Sync 1 DAGs
[2021-06-07 18:57:54,163] {logging_mixin.py:104} INFO - [2021-06-07 18:57:54,163] {dag.py:2305} INFO - Setting next_dagrun for example_short_circuit_operator to 2021-06-05 00:00:00+00:00
[2021-06-07 18:57:54,169] {scheduler_job.py:190} INFO - Processing /home/encrypted/abaceti/.virtualenvs/pumpwood-airflow-images/lib/python3.6/site-packages/airflow/example_dags/example_short_circuit_operator.py took 0.038 seconds
[2021-06-07 18:58:24,204] {scheduler_job.py:182} INFO - Started process (PID=13307) to work on /home/encrypted/abaceti/.virtualenvs/pumpwood-airflow-images/lib/python3.6/site-packages/airflow/example_dags/example_short_circuit_operator.py
[2021-06-07 18:58:24,204] {scheduler_job.py:633} INFO - Processing file /home/encrypted/abaceti/.virtualenvs/pumpwood-airflow-images/lib/python3.6/site-packages/airflow/example_dags/example_short_circuit_operator.py for tasks to queue
[2021-06-07 18:58:24,205] {logging_mixin.py:104} INFO - [2021-06-07 18:58:24,205] {dagbag.py:487} INFO - Filling up the DagBag from /home/encrypted/abaceti/.virtualenvs/pumpwood-airflow-images/lib/python3.6/site-packages/airflow/example_dags/example_short_circuit_operator.py
[2021-06-07 18:58:24,211] {scheduler_job.py:643} INFO - DAG(s) dict_keys(['example_short_circuit_operator']) retrieved from /home/encrypted/abaceti/.virtualenvs/pumpwood-airflow-images/lib/python3.6/site-packages/airflow/example_dags/example_short_circuit_operator.py
[2021-06-07 18:58:24,225] {logging_mixin.py:104} INFO - [2021-06-07 18:58:24,225] {dag.py:1832} INFO - Sync 1 DAGs
[2021-06-07 18:58:24,233] {logging_mixin.py:104} INFO - [2021-06-07 18:58:24,233] {dag.py:2305} INFO - Setting next_dagrun for example_short_circuit_operator to 2021-06-05 00:00:00+00:00
[2021-06-07 18:58:24,238] {scheduler_job.py:190} INFO - Processing /home/encrypted/abaceti/.virtualenvs/pumpwood-airflow-images/lib/python3.6/site-packages/airflow/example_dags/example_short_circuit_operator.py took 0.036 seconds
[2021-06-07 18:58:54,370] {scheduler_job.py:182} INFO - Started process (PID=13484) to work on /home/encrypted/abaceti/.virtualenvs/pumpwood-airflow-images/lib/python3.6/site-packages/airflow/example_dags/example_short_circuit_operator.py
[2021-06-07 18:58:54,370] {scheduler_job.py:633} INFO - Processing file /home/encrypted/abaceti/.virtualenvs/pumpwood-airflow-images/lib/python3.6/site-packages/airflow/example_dags/example_short_circuit_operator.py for tasks to queue
[2021-06-07 18:58:54,370] {logging_mixin.py:104} INFO - [2021-06-07 18:58:54,370] {dagbag.py:487} INFO - Filling up the DagBag from /home/encrypted/abaceti/.virtualenvs/pumpwood-airflow-images/lib/python3.6/site-packages/airflow/example_dags/example_short_circuit_operator.py
[2021-06-07 18:58:54,376] {scheduler_job.py:643} INFO - DAG(s) dict_keys(['example_short_circuit_operator']) retrieved from /home/encrypted/abaceti/.virtualenvs/pumpwood-airflow-images/lib/python3.6/site-packages/airflow/example_dags/example_short_circuit_operator.py
[2021-06-07 18:58:54,392] {logging_mixin.py:104} INFO - [2021-06-07 18:58:54,392] {dag.py:1832} INFO - Sync 1 DAGs
[2021-06-07 18:58:54,400] {logging_mixin.py:104} INFO - [2021-06-07 18:58:54,400] {dag.py:2305} INFO - Setting next_dagrun for example_short_circuit_operator to 2021-06-05 00:00:00+00:00
[2021-06-07 18:58:54,405] {scheduler_job.py:190} INFO - Processing /home/encrypted/abaceti/.virtualenvs/pumpwood-airflow-images/lib/python3.6/site-packages/airflow/example_dags/example_short_circuit_operator.py took 0.037 seconds
[2021-06-07 18:59:24,531] {scheduler_job.py:182} INFO - Started process (PID=13606) to work on /home/encrypted/abaceti/.virtualenvs/pumpwood-airflow-images/lib/python3.6/site-packages/airflow/example_dags/example_short_circuit_operator.py
[2021-06-07 18:59:24,532] {scheduler_job.py:633} INFO - Processing file /home/encrypted/abaceti/.virtualenvs/pumpwood-airflow-images/lib/python3.6/site-packages/airflow/example_dags/example_short_circuit_operator.py for tasks to queue
[2021-06-07 18:59:24,532] {logging_mixin.py:104} INFO - [2021-06-07 18:59:24,532] {dagbag.py:487} INFO - Filling up the DagBag from /home/encrypted/abaceti/.virtualenvs/pumpwood-airflow-images/lib/python3.6/site-packages/airflow/example_dags/example_short_circuit_operator.py
[2021-06-07 18:59:24,539] {scheduler_job.py:643} INFO - DAG(s) dict_keys(['example_short_circuit_operator']) retrieved from /home/encrypted/abaceti/.virtualenvs/pumpwood-airflow-images/lib/python3.6/site-packages/airflow/example_dags/example_short_circuit_operator.py
[2021-06-07 18:59:24,553] {logging_mixin.py:104} INFO - [2021-06-07 18:59:24,553] {dag.py:1832} INFO - Sync 1 DAGs
[2021-06-07 18:59:24,562] {logging_mixin.py:104} INFO - [2021-06-07 18:59:24,562] {dag.py:2305} INFO - Setting next_dagrun for example_short_circuit_operator to 2021-06-05 00:00:00+00:00
[2021-06-07 18:59:24,568] {scheduler_job.py:190} INFO - Processing /home/encrypted/abaceti/.virtualenvs/pumpwood-airflow-images/lib/python3.6/site-packages/airflow/example_dags/example_short_circuit_operator.py took 0.039 seconds
[2021-06-07 18:59:54,688] {scheduler_job.py:182} INFO - Started process (PID=13771) to work on /home/encrypted/abaceti/.virtualenvs/pumpwood-airflow-images/lib/python3.6/site-packages/airflow/example_dags/example_short_circuit_operator.py
[2021-06-07 18:59:54,689] {scheduler_job.py:633} INFO - Processing file /home/encrypted/abaceti/.virtualenvs/pumpwood-airflow-images/lib/python3.6/site-packages/airflow/example_dags/example_short_circuit_operator.py for tasks to queue
[2021-06-07 18:59:54,689] {logging_mixin.py:104} INFO - [2021-06-07 18:59:54,689] {dagbag.py:487} INFO - Filling up the DagBag from /home/encrypted/abaceti/.virtualenvs/pumpwood-airflow-images/lib/python3.6/site-packages/airflow/example_dags/example_short_circuit_operator.py
[2021-06-07 18:59:54,695] {scheduler_job.py:643} INFO - DAG(s) dict_keys(['example_short_circuit_operator']) retrieved from /home/encrypted/abaceti/.virtualenvs/pumpwood-airflow-images/lib/python3.6/site-packages/airflow/example_dags/example_short_circuit_operator.py
[2021-06-07 18:59:54,711] {logging_mixin.py:104} INFO - [2021-06-07 18:59:54,711] {dag.py:1832} INFO - Sync 1 DAGs
[2021-06-07 18:59:54,719] {logging_mixin.py:104} INFO - [2021-06-07 18:59:54,719] {dag.py:2305} INFO - Setting next_dagrun for example_short_circuit_operator to 2021-06-05 00:00:00+00:00
[2021-06-07 18:59:54,724] {scheduler_job.py:190} INFO - Processing /home/encrypted/abaceti/.virtualenvs/pumpwood-airflow-images/lib/python3.6/site-packages/airflow/example_dags/example_short_circuit_operator.py took 0.038 seconds
[2021-06-07 19:00:24,904] {scheduler_job.py:182} INFO - Started process (PID=13884) to work on /home/encrypted/abaceti/.virtualenvs/pumpwood-airflow-images/lib/python3.6/site-packages/airflow/example_dags/example_short_circuit_operator.py
[2021-06-07 19:00:24,904] {scheduler_job.py:633} INFO - Processing file /home/encrypted/abaceti/.virtualenvs/pumpwood-airflow-images/lib/python3.6/site-packages/airflow/example_dags/example_short_circuit_operator.py for tasks to queue
[2021-06-07 19:00:24,905] {logging_mixin.py:104} INFO - [2021-06-07 19:00:24,905] {dagbag.py:487} INFO - Filling up the DagBag from /home/encrypted/abaceti/.virtualenvs/pumpwood-airflow-images/lib/python3.6/site-packages/airflow/example_dags/example_short_circuit_operator.py
[2021-06-07 19:00:24,910] {scheduler_job.py:643} INFO - DAG(s) dict_keys(['example_short_circuit_operator']) retrieved from /home/encrypted/abaceti/.virtualenvs/pumpwood-airflow-images/lib/python3.6/site-packages/airflow/example_dags/example_short_circuit_operator.py
[2021-06-07 19:00:24,926] {logging_mixin.py:104} INFO - [2021-06-07 19:00:24,926] {dag.py:1832} INFO - Sync 1 DAGs
[2021-06-07 19:00:24,935] {logging_mixin.py:104} INFO - [2021-06-07 19:00:24,935] {dag.py:2305} INFO - Setting next_dagrun for example_short_circuit_operator to 2021-06-05 00:00:00+00:00
[2021-06-07 19:00:24,940] {scheduler_job.py:190} INFO - Processing /home/encrypted/abaceti/.virtualenvs/pumpwood-airflow-images/lib/python3.6/site-packages/airflow/example_dags/example_short_circuit_operator.py took 0.038 seconds
[2021-06-07 19:00:55,135] {scheduler_job.py:182} INFO - Started process (PID=14081) to work on /home/encrypted/abaceti/.virtualenvs/pumpwood-airflow-images/lib/python3.6/site-packages/airflow/example_dags/example_short_circuit_operator.py
[2021-06-07 19:00:55,136] {scheduler_job.py:633} INFO - Processing file /home/encrypted/abaceti/.virtualenvs/pumpwood-airflow-images/lib/python3.6/site-packages/airflow/example_dags/example_short_circuit_operator.py for tasks to queue
[2021-06-07 19:00:55,136] {logging_mixin.py:104} INFO - [2021-06-07 19:00:55,136] {dagbag.py:487} INFO - Filling up the DagBag from /home/encrypted/abaceti/.virtualenvs/pumpwood-airflow-images/lib/python3.6/site-packages/airflow/example_dags/example_short_circuit_operator.py
[2021-06-07 19:00:55,142] {scheduler_job.py:643} INFO - DAG(s) dict_keys(['example_short_circuit_operator']) retrieved from /home/encrypted/abaceti/.virtualenvs/pumpwood-airflow-images/lib/python3.6/site-packages/airflow/example_dags/example_short_circuit_operator.py
[2021-06-07 19:00:55,157] {logging_mixin.py:104} INFO - [2021-06-07 19:00:55,157] {dag.py:1832} INFO - Sync 1 DAGs
[2021-06-07 19:00:55,165] {logging_mixin.py:104} INFO - [2021-06-07 19:00:55,165] {dag.py:2305} INFO - Setting next_dagrun for example_short_circuit_operator to 2021-06-05 00:00:00+00:00
[2021-06-07 19:00:55,171] {scheduler_job.py:190} INFO - Processing /home/encrypted/abaceti/.virtualenvs/pumpwood-airflow-images/lib/python3.6/site-packages/airflow/example_dags/example_short_circuit_operator.py took 0.037 seconds
[2021-06-07 19:01:25,291] {scheduler_job.py:182} INFO - Started process (PID=14199) to work on /home/encrypted/abaceti/.virtualenvs/pumpwood-airflow-images/lib/python3.6/site-packages/airflow/example_dags/example_short_circuit_operator.py
[2021-06-07 19:01:25,292] {scheduler_job.py:633} INFO - Processing file /home/encrypted/abaceti/.virtualenvs/pumpwood-airflow-images/lib/python3.6/site-packages/airflow/example_dags/example_short_circuit_operator.py for tasks to queue
[2021-06-07 19:01:25,292] {logging_mixin.py:104} INFO - [2021-06-07 19:01:25,292] {dagbag.py:487} INFO - Filling up the DagBag from /home/encrypted/abaceti/.virtualenvs/pumpwood-airflow-images/lib/python3.6/site-packages/airflow/example_dags/example_short_circuit_operator.py
[2021-06-07 19:01:25,298] {scheduler_job.py:643} INFO - DAG(s) dict_keys(['example_short_circuit_operator']) retrieved from /home/encrypted/abaceti/.virtualenvs/pumpwood-airflow-images/lib/python3.6/site-packages/airflow/example_dags/example_short_circuit_operator.py
[2021-06-07 19:01:25,314] {logging_mixin.py:104} INFO - [2021-06-07 19:01:25,314] {dag.py:1832} INFO - Sync 1 DAGs
[2021-06-07 19:01:25,322] {logging_mixin.py:104} INFO - [2021-06-07 19:01:25,321] {dag.py:2305} INFO - Setting next_dagrun for example_short_circuit_operator to 2021-06-05 00:00:00+00:00
[2021-06-07 19:01:25,328] {scheduler_job.py:190} INFO - Processing /home/encrypted/abaceti/.virtualenvs/pumpwood-airflow-images/lib/python3.6/site-packages/airflow/example_dags/example_short_circuit_operator.py took 0.038 seconds
[2021-06-07 19:01:55,521] {scheduler_job.py:182} INFO - Started process (PID=14383) to work on /home/encrypted/abaceti/.virtualenvs/pumpwood-airflow-images/lib/python3.6/site-packages/airflow/example_dags/example_short_circuit_operator.py
[2021-06-07 19:01:55,521] {scheduler_job.py:633} INFO - Processing file /home/encrypted/abaceti/.virtualenvs/pumpwood-airflow-images/lib/python3.6/site-packages/airflow/example_dags/example_short_circuit_operator.py for tasks to queue
[2021-06-07 19:01:55,521] {logging_mixin.py:104} INFO - [2021-06-07 19:01:55,521] {dagbag.py:487} INFO - Filling up the DagBag from /home/encrypted/abaceti/.virtualenvs/pumpwood-airflow-images/lib/python3.6/site-packages/airflow/example_dags/example_short_circuit_operator.py
[2021-06-07 19:01:55,527] {scheduler_job.py:643} INFO - DAG(s) dict_keys(['example_short_circuit_operator']) retrieved from /home/encrypted/abaceti/.virtualenvs/pumpwood-airflow-images/lib/python3.6/site-packages/airflow/example_dags/example_short_circuit_operator.py
[2021-06-07 19:01:55,542] {logging_mixin.py:104} INFO - [2021-06-07 19:01:55,542] {dag.py:1832} INFO - Sync 1 DAGs
[2021-06-07 19:01:55,550] {logging_mixin.py:104} INFO - [2021-06-07 19:01:55,550] {dag.py:2305} INFO - Setting next_dagrun for example_short_circuit_operator to 2021-06-05 00:00:00+00:00
[2021-06-07 19:01:55,556] {scheduler_job.py:190} INFO - Processing /home/encrypted/abaceti/.virtualenvs/pumpwood-airflow-images/lib/python3.6/site-packages/airflow/example_dags/example_short_circuit_operator.py took 0.038 seconds
[2021-06-07 19:02:25,658] {scheduler_job.py:182} INFO - Started process (PID=14527) to work on /home/encrypted/abaceti/.virtualenvs/pumpwood-airflow-images/lib/python3.6/site-packages/airflow/example_dags/example_short_circuit_operator.py
[2021-06-07 19:02:25,659] {scheduler_job.py:633} INFO - Processing file /home/encrypted/abaceti/.virtualenvs/pumpwood-airflow-images/lib/python3.6/site-packages/airflow/example_dags/example_short_circuit_operator.py for tasks to queue
[2021-06-07 19:02:25,659] {logging_mixin.py:104} INFO - [2021-06-07 19:02:25,659] {dagbag.py:487} INFO - Filling up the DagBag from /home/encrypted/abaceti/.virtualenvs/pumpwood-airflow-images/lib/python3.6/site-packages/airflow/example_dags/example_short_circuit_operator.py
[2021-06-07 19:02:25,666] {scheduler_job.py:643} INFO - DAG(s) dict_keys(['example_short_circuit_operator']) retrieved from /home/encrypted/abaceti/.virtualenvs/pumpwood-airflow-images/lib/python3.6/site-packages/airflow/example_dags/example_short_circuit_operator.py
[2021-06-07 19:02:25,683] {logging_mixin.py:104} INFO - [2021-06-07 19:02:25,683] {dag.py:1832} INFO - Sync 1 DAGs
[2021-06-07 19:02:25,692] {logging_mixin.py:104} INFO - [2021-06-07 19:02:25,692] {dag.py:2305} INFO - Setting next_dagrun for example_short_circuit_operator to 2021-06-05 00:00:00+00:00
[2021-06-07 19:02:25,698] {scheduler_job.py:190} INFO - Processing /home/encrypted/abaceti/.virtualenvs/pumpwood-airflow-images/lib/python3.6/site-packages/airflow/example_dags/example_short_circuit_operator.py took 0.042 seconds
