[2021-06-07 18:39:20,247] {scheduler_job.py:182} INFO - Started process (PID=5687) to work on /home/encrypted/abaceti/.virtualenvs/pumpwood-airflow-images/lib/python3.6/site-packages/airflow/example_dags/example_bash_operator.py
[2021-06-07 18:39:20,247] {scheduler_job.py:633} INFO - Processing file /home/encrypted/abaceti/.virtualenvs/pumpwood-airflow-images/lib/python3.6/site-packages/airflow/example_dags/example_bash_operator.py for tasks to queue
[2021-06-07 18:39:20,247] {logging_mixin.py:104} INFO - [2021-06-07 18:39:20,247] {dagbag.py:487} INFO - Filling up the DagBag from /home/encrypted/abaceti/.virtualenvs/pumpwood-airflow-images/lib/python3.6/site-packages/airflow/example_dags/example_bash_operator.py
[2021-06-07 18:39:20,255] {scheduler_job.py:643} INFO - DAG(s) dict_keys(['example_bash_operator']) retrieved from /home/encrypted/abaceti/.virtualenvs/pumpwood-airflow-images/lib/python3.6/site-packages/airflow/example_dags/example_bash_operator.py
[2021-06-07 18:39:20,269] {logging_mixin.py:104} INFO - [2021-06-07 18:39:20,269] {dag.py:1832} INFO - Sync 1 DAGs
[2021-06-07 18:39:20,279] {logging_mixin.py:104} INFO - [2021-06-07 18:39:20,279] {dag.py:2305} INFO - Setting next_dagrun for example_bash_operator to 2021-06-05 00:00:00+00:00
[2021-06-07 18:39:20,285] {scheduler_job.py:190} INFO - Processing /home/encrypted/abaceti/.virtualenvs/pumpwood-airflow-images/lib/python3.6/site-packages/airflow/example_dags/example_bash_operator.py took 0.040 seconds
[2021-06-07 18:39:50,416] {scheduler_job.py:182} INFO - Started process (PID=5854) to work on /home/encrypted/abaceti/.virtualenvs/pumpwood-airflow-images/lib/python3.6/site-packages/airflow/example_dags/example_bash_operator.py
[2021-06-07 18:39:50,417] {scheduler_job.py:633} INFO - Processing file /home/encrypted/abaceti/.virtualenvs/pumpwood-airflow-images/lib/python3.6/site-packages/airflow/example_dags/example_bash_operator.py for tasks to queue
[2021-06-07 18:39:50,417] {logging_mixin.py:104} INFO - [2021-06-07 18:39:50,417] {dagbag.py:487} INFO - Filling up the DagBag from /home/encrypted/abaceti/.virtualenvs/pumpwood-airflow-images/lib/python3.6/site-packages/airflow/example_dags/example_bash_operator.py
[2021-06-07 18:39:50,424] {scheduler_job.py:643} INFO - DAG(s) dict_keys(['example_bash_operator']) retrieved from /home/encrypted/abaceti/.virtualenvs/pumpwood-airflow-images/lib/python3.6/site-packages/airflow/example_dags/example_bash_operator.py
[2021-06-07 18:39:50,440] {logging_mixin.py:104} INFO - [2021-06-07 18:39:50,439] {dag.py:1832} INFO - Sync 1 DAGs
[2021-06-07 18:39:50,449] {logging_mixin.py:104} INFO - [2021-06-07 18:39:50,449] {dag.py:2305} INFO - Setting next_dagrun for example_bash_operator to 2021-06-05 00:00:00+00:00
[2021-06-07 18:39:50,456] {scheduler_job.py:190} INFO - Processing /home/encrypted/abaceti/.virtualenvs/pumpwood-airflow-images/lib/python3.6/site-packages/airflow/example_dags/example_bash_operator.py took 0.042 seconds
[2021-06-07 18:40:20,645] {scheduler_job.py:182} INFO - Started process (PID=6003) to work on /home/encrypted/abaceti/.virtualenvs/pumpwood-airflow-images/lib/python3.6/site-packages/airflow/example_dags/example_bash_operator.py
[2021-06-07 18:40:20,645] {scheduler_job.py:633} INFO - Processing file /home/encrypted/abaceti/.virtualenvs/pumpwood-airflow-images/lib/python3.6/site-packages/airflow/example_dags/example_bash_operator.py for tasks to queue
[2021-06-07 18:40:20,646] {logging_mixin.py:104} INFO - [2021-06-07 18:40:20,646] {dagbag.py:487} INFO - Filling up the DagBag from /home/encrypted/abaceti/.virtualenvs/pumpwood-airflow-images/lib/python3.6/site-packages/airflow/example_dags/example_bash_operator.py
[2021-06-07 18:40:20,653] {scheduler_job.py:643} INFO - DAG(s) dict_keys(['example_bash_operator']) retrieved from /home/encrypted/abaceti/.virtualenvs/pumpwood-airflow-images/lib/python3.6/site-packages/airflow/example_dags/example_bash_operator.py
[2021-06-07 18:40:20,667] {logging_mixin.py:104} INFO - [2021-06-07 18:40:20,667] {dag.py:1832} INFO - Sync 1 DAGs
[2021-06-07 18:40:20,677] {logging_mixin.py:104} INFO - [2021-06-07 18:40:20,677] {dag.py:2305} INFO - Setting next_dagrun for example_bash_operator to 2021-06-05 00:00:00+00:00
[2021-06-07 18:40:20,683] {scheduler_job.py:190} INFO - Processing /home/encrypted/abaceti/.virtualenvs/pumpwood-airflow-images/lib/python3.6/site-packages/airflow/example_dags/example_bash_operator.py took 0.039 seconds
[2021-06-07 18:40:50,789] {scheduler_job.py:182} INFO - Started process (PID=6195) to work on /home/encrypted/abaceti/.virtualenvs/pumpwood-airflow-images/lib/python3.6/site-packages/airflow/example_dags/example_bash_operator.py
[2021-06-07 18:40:50,790] {scheduler_job.py:633} INFO - Processing file /home/encrypted/abaceti/.virtualenvs/pumpwood-airflow-images/lib/python3.6/site-packages/airflow/example_dags/example_bash_operator.py for tasks to queue
[2021-06-07 18:40:50,790] {logging_mixin.py:104} INFO - [2021-06-07 18:40:50,790] {dagbag.py:487} INFO - Filling up the DagBag from /home/encrypted/abaceti/.virtualenvs/pumpwood-airflow-images/lib/python3.6/site-packages/airflow/example_dags/example_bash_operator.py
[2021-06-07 18:40:50,797] {scheduler_job.py:643} INFO - DAG(s) dict_keys(['example_bash_operator']) retrieved from /home/encrypted/abaceti/.virtualenvs/pumpwood-airflow-images/lib/python3.6/site-packages/airflow/example_dags/example_bash_operator.py
[2021-06-07 18:40:50,811] {logging_mixin.py:104} INFO - [2021-06-07 18:40:50,811] {dag.py:1832} INFO - Sync 1 DAGs
[2021-06-07 18:40:50,820] {logging_mixin.py:104} INFO - [2021-06-07 18:40:50,820] {dag.py:2305} INFO - Setting next_dagrun for example_bash_operator to 2021-06-05 00:00:00+00:00
[2021-06-07 18:40:50,826] {scheduler_job.py:190} INFO - Processing /home/encrypted/abaceti/.virtualenvs/pumpwood-airflow-images/lib/python3.6/site-packages/airflow/example_dags/example_bash_operator.py took 0.038 seconds
[2021-06-07 18:41:21,033] {scheduler_job.py:182} INFO - Started process (PID=6308) to work on /home/encrypted/abaceti/.virtualenvs/pumpwood-airflow-images/lib/python3.6/site-packages/airflow/example_dags/example_bash_operator.py
[2021-06-07 18:41:21,033] {scheduler_job.py:633} INFO - Processing file /home/encrypted/abaceti/.virtualenvs/pumpwood-airflow-images/lib/python3.6/site-packages/airflow/example_dags/example_bash_operator.py for tasks to queue
[2021-06-07 18:41:21,034] {logging_mixin.py:104} INFO - [2021-06-07 18:41:21,033] {dagbag.py:487} INFO - Filling up the DagBag from /home/encrypted/abaceti/.virtualenvs/pumpwood-airflow-images/lib/python3.6/site-packages/airflow/example_dags/example_bash_operator.py
[2021-06-07 18:41:21,041] {scheduler_job.py:643} INFO - DAG(s) dict_keys(['example_bash_operator']) retrieved from /home/encrypted/abaceti/.virtualenvs/pumpwood-airflow-images/lib/python3.6/site-packages/airflow/example_dags/example_bash_operator.py
[2021-06-07 18:41:21,055] {logging_mixin.py:104} INFO - [2021-06-07 18:41:21,055] {dag.py:1832} INFO - Sync 1 DAGs
[2021-06-07 18:41:21,065] {logging_mixin.py:104} INFO - [2021-06-07 18:41:21,065] {dag.py:2305} INFO - Setting next_dagrun for example_bash_operator to 2021-06-05 00:00:00+00:00
[2021-06-07 18:41:21,071] {scheduler_job.py:190} INFO - Processing /home/encrypted/abaceti/.virtualenvs/pumpwood-airflow-images/lib/python3.6/site-packages/airflow/example_dags/example_bash_operator.py took 0.040 seconds
[2021-06-07 18:41:51,197] {scheduler_job.py:182} INFO - Started process (PID=6478) to work on /home/encrypted/abaceti/.virtualenvs/pumpwood-airflow-images/lib/python3.6/site-packages/airflow/example_dags/example_bash_operator.py
[2021-06-07 18:41:51,198] {scheduler_job.py:633} INFO - Processing file /home/encrypted/abaceti/.virtualenvs/pumpwood-airflow-images/lib/python3.6/site-packages/airflow/example_dags/example_bash_operator.py for tasks to queue
[2021-06-07 18:41:51,198] {logging_mixin.py:104} INFO - [2021-06-07 18:41:51,198] {dagbag.py:487} INFO - Filling up the DagBag from /home/encrypted/abaceti/.virtualenvs/pumpwood-airflow-images/lib/python3.6/site-packages/airflow/example_dags/example_bash_operator.py
[2021-06-07 18:41:51,205] {scheduler_job.py:643} INFO - DAG(s) dict_keys(['example_bash_operator']) retrieved from /home/encrypted/abaceti/.virtualenvs/pumpwood-airflow-images/lib/python3.6/site-packages/airflow/example_dags/example_bash_operator.py
[2021-06-07 18:41:51,220] {logging_mixin.py:104} INFO - [2021-06-07 18:41:51,220] {dag.py:1832} INFO - Sync 1 DAGs
[2021-06-07 18:41:51,231] {logging_mixin.py:104} INFO - [2021-06-07 18:41:51,231] {dag.py:2305} INFO - Setting next_dagrun for example_bash_operator to 2021-06-05 00:00:00+00:00
[2021-06-07 18:41:51,236] {scheduler_job.py:190} INFO - Processing /home/encrypted/abaceti/.virtualenvs/pumpwood-airflow-images/lib/python3.6/site-packages/airflow/example_dags/example_bash_operator.py took 0.041 seconds
[2021-06-07 18:42:21,429] {scheduler_job.py:182} INFO - Started process (PID=6595) to work on /home/encrypted/abaceti/.virtualenvs/pumpwood-airflow-images/lib/python3.6/site-packages/airflow/example_dags/example_bash_operator.py
[2021-06-07 18:42:21,430] {scheduler_job.py:633} INFO - Processing file /home/encrypted/abaceti/.virtualenvs/pumpwood-airflow-images/lib/python3.6/site-packages/airflow/example_dags/example_bash_operator.py for tasks to queue
[2021-06-07 18:42:21,430] {logging_mixin.py:104} INFO - [2021-06-07 18:42:21,430] {dagbag.py:487} INFO - Filling up the DagBag from /home/encrypted/abaceti/.virtualenvs/pumpwood-airflow-images/lib/python3.6/site-packages/airflow/example_dags/example_bash_operator.py
[2021-06-07 18:42:21,438] {scheduler_job.py:643} INFO - DAG(s) dict_keys(['example_bash_operator']) retrieved from /home/encrypted/abaceti/.virtualenvs/pumpwood-airflow-images/lib/python3.6/site-packages/airflow/example_dags/example_bash_operator.py
[2021-06-07 18:42:21,452] {logging_mixin.py:104} INFO - [2021-06-07 18:42:21,452] {dag.py:1832} INFO - Sync 1 DAGs
[2021-06-07 18:42:21,461] {logging_mixin.py:104} INFO - [2021-06-07 18:42:21,461] {dag.py:2305} INFO - Setting next_dagrun for example_bash_operator to 2021-06-05 00:00:00+00:00
[2021-06-07 18:42:21,468] {scheduler_job.py:190} INFO - Processing /home/encrypted/abaceti/.virtualenvs/pumpwood-airflow-images/lib/python3.6/site-packages/airflow/example_dags/example_bash_operator.py took 0.040 seconds
[2021-06-07 18:42:52,453] {scheduler_job.py:182} INFO - Started process (PID=6816) to work on /home/encrypted/abaceti/.virtualenvs/pumpwood-airflow-images/lib/python3.6/site-packages/airflow/example_dags/example_bash_operator.py
[2021-06-07 18:42:52,453] {scheduler_job.py:633} INFO - Processing file /home/encrypted/abaceti/.virtualenvs/pumpwood-airflow-images/lib/python3.6/site-packages/airflow/example_dags/example_bash_operator.py for tasks to queue
[2021-06-07 18:42:52,453] {logging_mixin.py:104} INFO - [2021-06-07 18:42:52,453] {dagbag.py:487} INFO - Filling up the DagBag from /home/encrypted/abaceti/.virtualenvs/pumpwood-airflow-images/lib/python3.6/site-packages/airflow/example_dags/example_bash_operator.py
[2021-06-07 18:42:52,460] {scheduler_job.py:643} INFO - DAG(s) dict_keys(['example_bash_operator']) retrieved from /home/encrypted/abaceti/.virtualenvs/pumpwood-airflow-images/lib/python3.6/site-packages/airflow/example_dags/example_bash_operator.py
[2021-06-07 18:42:52,476] {logging_mixin.py:104} INFO - [2021-06-07 18:42:52,476] {dag.py:1832} INFO - Sync 1 DAGs
[2021-06-07 18:42:52,485] {logging_mixin.py:104} INFO - [2021-06-07 18:42:52,485] {dag.py:2305} INFO - Setting next_dagrun for example_bash_operator to 2021-06-05 00:00:00+00:00
[2021-06-07 18:42:52,491] {scheduler_job.py:190} INFO - Processing /home/encrypted/abaceti/.virtualenvs/pumpwood-airflow-images/lib/python3.6/site-packages/airflow/example_dags/example_bash_operator.py took 0.039 seconds
[2021-06-07 18:43:23,534] {scheduler_job.py:182} INFO - Started process (PID=7082) to work on /home/encrypted/abaceti/.virtualenvs/pumpwood-airflow-images/lib/python3.6/site-packages/airflow/example_dags/example_bash_operator.py
[2021-06-07 18:43:23,535] {scheduler_job.py:633} INFO - Processing file /home/encrypted/abaceti/.virtualenvs/pumpwood-airflow-images/lib/python3.6/site-packages/airflow/example_dags/example_bash_operator.py for tasks to queue
[2021-06-07 18:43:23,535] {logging_mixin.py:104} INFO - [2021-06-07 18:43:23,535] {dagbag.py:487} INFO - Filling up the DagBag from /home/encrypted/abaceti/.virtualenvs/pumpwood-airflow-images/lib/python3.6/site-packages/airflow/example_dags/example_bash_operator.py
[2021-06-07 18:43:23,542] {scheduler_job.py:643} INFO - DAG(s) dict_keys(['example_bash_operator']) retrieved from /home/encrypted/abaceti/.virtualenvs/pumpwood-airflow-images/lib/python3.6/site-packages/airflow/example_dags/example_bash_operator.py
[2021-06-07 18:43:23,556] {logging_mixin.py:104} INFO - [2021-06-07 18:43:23,556] {dag.py:1832} INFO - Sync 1 DAGs
[2021-06-07 18:43:23,566] {logging_mixin.py:104} INFO - [2021-06-07 18:43:23,566] {dag.py:2305} INFO - Setting next_dagrun for example_bash_operator to 2021-06-05 00:00:00+00:00
[2021-06-07 18:43:23,571] {scheduler_job.py:190} INFO - Processing /home/encrypted/abaceti/.virtualenvs/pumpwood-airflow-images/lib/python3.6/site-packages/airflow/example_dags/example_bash_operator.py took 0.039 seconds
[2021-06-07 18:43:54,650] {scheduler_job.py:182} INFO - Started process (PID=7283) to work on /home/encrypted/abaceti/.virtualenvs/pumpwood-airflow-images/lib/python3.6/site-packages/airflow/example_dags/example_bash_operator.py
[2021-06-07 18:43:54,651] {scheduler_job.py:633} INFO - Processing file /home/encrypted/abaceti/.virtualenvs/pumpwood-airflow-images/lib/python3.6/site-packages/airflow/example_dags/example_bash_operator.py for tasks to queue
[2021-06-07 18:43:54,652] {logging_mixin.py:104} INFO - [2021-06-07 18:43:54,651] {dagbag.py:487} INFO - Filling up the DagBag from /home/encrypted/abaceti/.virtualenvs/pumpwood-airflow-images/lib/python3.6/site-packages/airflow/example_dags/example_bash_operator.py
[2021-06-07 18:43:54,659] {scheduler_job.py:643} INFO - DAG(s) dict_keys(['example_bash_operator']) retrieved from /home/encrypted/abaceti/.virtualenvs/pumpwood-airflow-images/lib/python3.6/site-packages/airflow/example_dags/example_bash_operator.py
[2021-06-07 18:43:54,674] {logging_mixin.py:104} INFO - [2021-06-07 18:43:54,674] {dag.py:1832} INFO - Sync 1 DAGs
[2021-06-07 18:43:54,683] {logging_mixin.py:104} INFO - [2021-06-07 18:43:54,683] {dag.py:2305} INFO - Setting next_dagrun for example_bash_operator to 2021-06-05 00:00:00+00:00
[2021-06-07 18:43:54,689] {scheduler_job.py:190} INFO - Processing /home/encrypted/abaceti/.virtualenvs/pumpwood-airflow-images/lib/python3.6/site-packages/airflow/example_dags/example_bash_operator.py took 0.041 seconds
[2021-06-07 18:44:24,813] {scheduler_job.py:182} INFO - Started process (PID=7398) to work on /home/encrypted/abaceti/.virtualenvs/pumpwood-airflow-images/lib/python3.6/site-packages/airflow/example_dags/example_bash_operator.py
[2021-06-07 18:44:24,813] {scheduler_job.py:633} INFO - Processing file /home/encrypted/abaceti/.virtualenvs/pumpwood-airflow-images/lib/python3.6/site-packages/airflow/example_dags/example_bash_operator.py for tasks to queue
[2021-06-07 18:44:24,814] {logging_mixin.py:104} INFO - [2021-06-07 18:44:24,814] {dagbag.py:487} INFO - Filling up the DagBag from /home/encrypted/abaceti/.virtualenvs/pumpwood-airflow-images/lib/python3.6/site-packages/airflow/example_dags/example_bash_operator.py
[2021-06-07 18:44:24,821] {scheduler_job.py:643} INFO - DAG(s) dict_keys(['example_bash_operator']) retrieved from /home/encrypted/abaceti/.virtualenvs/pumpwood-airflow-images/lib/python3.6/site-packages/airflow/example_dags/example_bash_operator.py
[2021-06-07 18:44:24,836] {logging_mixin.py:104} INFO - [2021-06-07 18:44:24,836] {dag.py:1832} INFO - Sync 1 DAGs
[2021-06-07 18:44:24,845] {logging_mixin.py:104} INFO - [2021-06-07 18:44:24,845] {dag.py:2305} INFO - Setting next_dagrun for example_bash_operator to 2021-06-05 00:00:00+00:00
[2021-06-07 18:44:24,852] {scheduler_job.py:190} INFO - Processing /home/encrypted/abaceti/.virtualenvs/pumpwood-airflow-images/lib/python3.6/site-packages/airflow/example_dags/example_bash_operator.py took 0.040 seconds
[2021-06-07 18:44:55,788] {scheduler_job.py:182} INFO - Started process (PID=7567) to work on /home/encrypted/abaceti/.virtualenvs/pumpwood-airflow-images/lib/python3.6/site-packages/airflow/example_dags/example_bash_operator.py
[2021-06-07 18:44:55,789] {scheduler_job.py:633} INFO - Processing file /home/encrypted/abaceti/.virtualenvs/pumpwood-airflow-images/lib/python3.6/site-packages/airflow/example_dags/example_bash_operator.py for tasks to queue
[2021-06-07 18:44:55,789] {logging_mixin.py:104} INFO - [2021-06-07 18:44:55,789] {dagbag.py:487} INFO - Filling up the DagBag from /home/encrypted/abaceti/.virtualenvs/pumpwood-airflow-images/lib/python3.6/site-packages/airflow/example_dags/example_bash_operator.py
[2021-06-07 18:44:55,796] {scheduler_job.py:643} INFO - DAG(s) dict_keys(['example_bash_operator']) retrieved from /home/encrypted/abaceti/.virtualenvs/pumpwood-airflow-images/lib/python3.6/site-packages/airflow/example_dags/example_bash_operator.py
[2021-06-07 18:44:55,811] {logging_mixin.py:104} INFO - [2021-06-07 18:44:55,811] {dag.py:1832} INFO - Sync 1 DAGs
[2021-06-07 18:44:55,820] {logging_mixin.py:104} INFO - [2021-06-07 18:44:55,820] {dag.py:2305} INFO - Setting next_dagrun for example_bash_operator to 2021-06-05 00:00:00+00:00
[2021-06-07 18:44:55,825] {scheduler_job.py:190} INFO - Processing /home/encrypted/abaceti/.virtualenvs/pumpwood-airflow-images/lib/python3.6/site-packages/airflow/example_dags/example_bash_operator.py took 0.039 seconds
[2021-06-07 18:45:26,870] {scheduler_job.py:182} INFO - Started process (PID=7691) to work on /home/encrypted/abaceti/.virtualenvs/pumpwood-airflow-images/lib/python3.6/site-packages/airflow/example_dags/example_bash_operator.py
[2021-06-07 18:45:26,870] {scheduler_job.py:633} INFO - Processing file /home/encrypted/abaceti/.virtualenvs/pumpwood-airflow-images/lib/python3.6/site-packages/airflow/example_dags/example_bash_operator.py for tasks to queue
[2021-06-07 18:45:26,870] {logging_mixin.py:104} INFO - [2021-06-07 18:45:26,870] {dagbag.py:487} INFO - Filling up the DagBag from /home/encrypted/abaceti/.virtualenvs/pumpwood-airflow-images/lib/python3.6/site-packages/airflow/example_dags/example_bash_operator.py
[2021-06-07 18:45:26,877] {scheduler_job.py:643} INFO - DAG(s) dict_keys(['example_bash_operator']) retrieved from /home/encrypted/abaceti/.virtualenvs/pumpwood-airflow-images/lib/python3.6/site-packages/airflow/example_dags/example_bash_operator.py
[2021-06-07 18:45:26,891] {logging_mixin.py:104} INFO - [2021-06-07 18:45:26,891] {dag.py:1832} INFO - Sync 1 DAGs
[2021-06-07 18:45:26,901] {logging_mixin.py:104} INFO - [2021-06-07 18:45:26,901] {dag.py:2305} INFO - Setting next_dagrun for example_bash_operator to 2021-06-05 00:00:00+00:00
[2021-06-07 18:45:26,907] {scheduler_job.py:190} INFO - Processing /home/encrypted/abaceti/.virtualenvs/pumpwood-airflow-images/lib/python3.6/site-packages/airflow/example_dags/example_bash_operator.py took 0.038 seconds
[2021-06-07 18:45:57,019] {scheduler_job.py:182} INFO - Started process (PID=7856) to work on /home/encrypted/abaceti/.virtualenvs/pumpwood-airflow-images/lib/python3.6/site-packages/airflow/example_dags/example_bash_operator.py
[2021-06-07 18:45:57,020] {scheduler_job.py:633} INFO - Processing file /home/encrypted/abaceti/.virtualenvs/pumpwood-airflow-images/lib/python3.6/site-packages/airflow/example_dags/example_bash_operator.py for tasks to queue
[2021-06-07 18:45:57,020] {logging_mixin.py:104} INFO - [2021-06-07 18:45:57,020] {dagbag.py:487} INFO - Filling up the DagBag from /home/encrypted/abaceti/.virtualenvs/pumpwood-airflow-images/lib/python3.6/site-packages/airflow/example_dags/example_bash_operator.py
[2021-06-07 18:45:57,027] {scheduler_job.py:643} INFO - DAG(s) dict_keys(['example_bash_operator']) retrieved from /home/encrypted/abaceti/.virtualenvs/pumpwood-airflow-images/lib/python3.6/site-packages/airflow/example_dags/example_bash_operator.py
[2021-06-07 18:45:57,041] {logging_mixin.py:104} INFO - [2021-06-07 18:45:57,041] {dag.py:1832} INFO - Sync 1 DAGs
[2021-06-07 18:45:57,051] {logging_mixin.py:104} INFO - [2021-06-07 18:45:57,051] {dag.py:2305} INFO - Setting next_dagrun for example_bash_operator to 2021-06-05 00:00:00+00:00
[2021-06-07 18:45:57,077] {scheduler_job.py:190} INFO - Processing /home/encrypted/abaceti/.virtualenvs/pumpwood-airflow-images/lib/python3.6/site-packages/airflow/example_dags/example_bash_operator.py took 0.059 seconds
[2021-06-07 18:46:27,167] {scheduler_job.py:182} INFO - Started process (PID=7976) to work on /home/encrypted/abaceti/.virtualenvs/pumpwood-airflow-images/lib/python3.6/site-packages/airflow/example_dags/example_bash_operator.py
[2021-06-07 18:46:27,168] {scheduler_job.py:633} INFO - Processing file /home/encrypted/abaceti/.virtualenvs/pumpwood-airflow-images/lib/python3.6/site-packages/airflow/example_dags/example_bash_operator.py for tasks to queue
[2021-06-07 18:46:27,168] {logging_mixin.py:104} INFO - [2021-06-07 18:46:27,168] {dagbag.py:487} INFO - Filling up the DagBag from /home/encrypted/abaceti/.virtualenvs/pumpwood-airflow-images/lib/python3.6/site-packages/airflow/example_dags/example_bash_operator.py
[2021-06-07 18:46:27,175] {scheduler_job.py:643} INFO - DAG(s) dict_keys(['example_bash_operator']) retrieved from /home/encrypted/abaceti/.virtualenvs/pumpwood-airflow-images/lib/python3.6/site-packages/airflow/example_dags/example_bash_operator.py
[2021-06-07 18:46:27,190] {logging_mixin.py:104} INFO - [2021-06-07 18:46:27,190] {dag.py:1832} INFO - Sync 1 DAGs
[2021-06-07 18:46:27,201] {logging_mixin.py:104} INFO - [2021-06-07 18:46:27,201] {dag.py:2305} INFO - Setting next_dagrun for example_bash_operator to 2021-06-05 00:00:00+00:00
[2021-06-07 18:46:27,206] {scheduler_job.py:190} INFO - Processing /home/encrypted/abaceti/.virtualenvs/pumpwood-airflow-images/lib/python3.6/site-packages/airflow/example_dags/example_bash_operator.py took 0.041 seconds
[2021-06-07 18:46:57,335] {scheduler_job.py:182} INFO - Started process (PID=8164) to work on /home/encrypted/abaceti/.virtualenvs/pumpwood-airflow-images/lib/python3.6/site-packages/airflow/example_dags/example_bash_operator.py
[2021-06-07 18:46:57,336] {scheduler_job.py:633} INFO - Processing file /home/encrypted/abaceti/.virtualenvs/pumpwood-airflow-images/lib/python3.6/site-packages/airflow/example_dags/example_bash_operator.py for tasks to queue
[2021-06-07 18:46:57,336] {logging_mixin.py:104} INFO - [2021-06-07 18:46:57,336] {dagbag.py:487} INFO - Filling up the DagBag from /home/encrypted/abaceti/.virtualenvs/pumpwood-airflow-images/lib/python3.6/site-packages/airflow/example_dags/example_bash_operator.py
[2021-06-07 18:46:57,343] {scheduler_job.py:643} INFO - DAG(s) dict_keys(['example_bash_operator']) retrieved from /home/encrypted/abaceti/.virtualenvs/pumpwood-airflow-images/lib/python3.6/site-packages/airflow/example_dags/example_bash_operator.py
[2021-06-07 18:46:57,357] {logging_mixin.py:104} INFO - [2021-06-07 18:46:57,357] {dag.py:1832} INFO - Sync 1 DAGs
[2021-06-07 18:46:57,367] {logging_mixin.py:104} INFO - [2021-06-07 18:46:57,367] {dag.py:2305} INFO - Setting next_dagrun for example_bash_operator to 2021-06-05 00:00:00+00:00
[2021-06-07 18:46:57,373] {scheduler_job.py:190} INFO - Processing /home/encrypted/abaceti/.virtualenvs/pumpwood-airflow-images/lib/python3.6/site-packages/airflow/example_dags/example_bash_operator.py took 0.039 seconds
[2021-06-07 18:47:27,449] {scheduler_job.py:182} INFO - Started process (PID=8298) to work on /home/encrypted/abaceti/.virtualenvs/pumpwood-airflow-images/lib/python3.6/site-packages/airflow/example_dags/example_bash_operator.py
[2021-06-07 18:47:27,450] {scheduler_job.py:633} INFO - Processing file /home/encrypted/abaceti/.virtualenvs/pumpwood-airflow-images/lib/python3.6/site-packages/airflow/example_dags/example_bash_operator.py for tasks to queue
[2021-06-07 18:47:27,450] {logging_mixin.py:104} INFO - [2021-06-07 18:47:27,450] {dagbag.py:487} INFO - Filling up the DagBag from /home/encrypted/abaceti/.virtualenvs/pumpwood-airflow-images/lib/python3.6/site-packages/airflow/example_dags/example_bash_operator.py
[2021-06-07 18:47:27,457] {scheduler_job.py:643} INFO - DAG(s) dict_keys(['example_bash_operator']) retrieved from /home/encrypted/abaceti/.virtualenvs/pumpwood-airflow-images/lib/python3.6/site-packages/airflow/example_dags/example_bash_operator.py
[2021-06-07 18:47:27,474] {logging_mixin.py:104} INFO - [2021-06-07 18:47:27,474] {dag.py:1832} INFO - Sync 1 DAGs
[2021-06-07 18:47:27,484] {logging_mixin.py:104} INFO - [2021-06-07 18:47:27,484] {dag.py:2305} INFO - Setting next_dagrun for example_bash_operator to 2021-06-05 00:00:00+00:00
[2021-06-07 18:47:27,490] {scheduler_job.py:190} INFO - Processing /home/encrypted/abaceti/.virtualenvs/pumpwood-airflow-images/lib/python3.6/site-packages/airflow/example_dags/example_bash_operator.py took 0.042 seconds
[2021-06-07 18:47:57,637] {scheduler_job.py:182} INFO - Started process (PID=8517) to work on /home/encrypted/abaceti/.virtualenvs/pumpwood-airflow-images/lib/python3.6/site-packages/airflow/example_dags/example_bash_operator.py
[2021-06-07 18:47:57,638] {scheduler_job.py:633} INFO - Processing file /home/encrypted/abaceti/.virtualenvs/pumpwood-airflow-images/lib/python3.6/site-packages/airflow/example_dags/example_bash_operator.py for tasks to queue
[2021-06-07 18:47:57,638] {logging_mixin.py:104} INFO - [2021-06-07 18:47:57,638] {dagbag.py:487} INFO - Filling up the DagBag from /home/encrypted/abaceti/.virtualenvs/pumpwood-airflow-images/lib/python3.6/site-packages/airflow/example_dags/example_bash_operator.py
[2021-06-07 18:47:57,646] {scheduler_job.py:643} INFO - DAG(s) dict_keys(['example_bash_operator']) retrieved from /home/encrypted/abaceti/.virtualenvs/pumpwood-airflow-images/lib/python3.6/site-packages/airflow/example_dags/example_bash_operator.py
[2021-06-07 18:47:57,661] {logging_mixin.py:104} INFO - [2021-06-07 18:47:57,661] {dag.py:1832} INFO - Sync 1 DAGs
[2021-06-07 18:47:57,672] {logging_mixin.py:104} INFO - [2021-06-07 18:47:57,671] {dag.py:2305} INFO - Setting next_dagrun for example_bash_operator to 2021-06-05 00:00:00+00:00
[2021-06-07 18:47:57,678] {scheduler_job.py:190} INFO - Processing /home/encrypted/abaceti/.virtualenvs/pumpwood-airflow-images/lib/python3.6/site-packages/airflow/example_dags/example_bash_operator.py took 0.042 seconds
[2021-06-07 18:48:27,793] {scheduler_job.py:182} INFO - Started process (PID=8738) to work on /home/encrypted/abaceti/.virtualenvs/pumpwood-airflow-images/lib/python3.6/site-packages/airflow/example_dags/example_bash_operator.py
[2021-06-07 18:48:27,794] {scheduler_job.py:633} INFO - Processing file /home/encrypted/abaceti/.virtualenvs/pumpwood-airflow-images/lib/python3.6/site-packages/airflow/example_dags/example_bash_operator.py for tasks to queue
[2021-06-07 18:48:27,794] {logging_mixin.py:104} INFO - [2021-06-07 18:48:27,794] {dagbag.py:487} INFO - Filling up the DagBag from /home/encrypted/abaceti/.virtualenvs/pumpwood-airflow-images/lib/python3.6/site-packages/airflow/example_dags/example_bash_operator.py
[2021-06-07 18:48:27,801] {scheduler_job.py:643} INFO - DAG(s) dict_keys(['example_bash_operator']) retrieved from /home/encrypted/abaceti/.virtualenvs/pumpwood-airflow-images/lib/python3.6/site-packages/airflow/example_dags/example_bash_operator.py
[2021-06-07 18:48:27,816] {logging_mixin.py:104} INFO - [2021-06-07 18:48:27,816] {dag.py:1832} INFO - Sync 1 DAGs
[2021-06-07 18:48:27,825] {logging_mixin.py:104} INFO - [2021-06-07 18:48:27,825] {dag.py:2305} INFO - Setting next_dagrun for example_bash_operator to 2021-06-05 00:00:00+00:00
[2021-06-07 18:48:27,831] {scheduler_job.py:190} INFO - Processing /home/encrypted/abaceti/.virtualenvs/pumpwood-airflow-images/lib/python3.6/site-packages/airflow/example_dags/example_bash_operator.py took 0.039 seconds
[2021-06-07 18:48:49,883] {scheduler_job.py:182} INFO - Started process (PID=8917) to work on /home/encrypted/abaceti/.virtualenvs/pumpwood-airflow-images/lib/python3.6/site-packages/airflow/example_dags/example_bash_operator.py
[2021-06-07 18:48:49,883] {scheduler_job.py:633} INFO - Processing file /home/encrypted/abaceti/.virtualenvs/pumpwood-airflow-images/lib/python3.6/site-packages/airflow/example_dags/example_bash_operator.py for tasks to queue
[2021-06-07 18:48:49,884] {logging_mixin.py:104} INFO - [2021-06-07 18:48:49,884] {dagbag.py:487} INFO - Filling up the DagBag from /home/encrypted/abaceti/.virtualenvs/pumpwood-airflow-images/lib/python3.6/site-packages/airflow/example_dags/example_bash_operator.py
[2021-06-07 18:48:49,890] {scheduler_job.py:643} INFO - DAG(s) dict_keys(['example_bash_operator']) retrieved from /home/encrypted/abaceti/.virtualenvs/pumpwood-airflow-images/lib/python3.6/site-packages/airflow/example_dags/example_bash_operator.py
[2021-06-07 18:48:49,905] {logging_mixin.py:104} INFO - [2021-06-07 18:48:49,905] {dag.py:1832} INFO - Sync 1 DAGs
[2021-06-07 18:48:49,915] {logging_mixin.py:104} INFO - [2021-06-07 18:48:49,915] {dag.py:2305} INFO - Setting next_dagrun for example_bash_operator to 2021-06-05 00:00:00+00:00
[2021-06-07 18:48:49,921] {scheduler_job.py:190} INFO - Processing /home/encrypted/abaceti/.virtualenvs/pumpwood-airflow-images/lib/python3.6/site-packages/airflow/example_dags/example_bash_operator.py took 0.039 seconds
[2021-06-07 18:49:20,997] {scheduler_job.py:182} INFO - Started process (PID=9042) to work on /home/encrypted/abaceti/.virtualenvs/pumpwood-airflow-images/lib/python3.6/site-packages/airflow/example_dags/example_bash_operator.py
[2021-06-07 18:49:20,997] {scheduler_job.py:633} INFO - Processing file /home/encrypted/abaceti/.virtualenvs/pumpwood-airflow-images/lib/python3.6/site-packages/airflow/example_dags/example_bash_operator.py for tasks to queue
[2021-06-07 18:49:20,998] {logging_mixin.py:104} INFO - [2021-06-07 18:49:20,998] {dagbag.py:487} INFO - Filling up the DagBag from /home/encrypted/abaceti/.virtualenvs/pumpwood-airflow-images/lib/python3.6/site-packages/airflow/example_dags/example_bash_operator.py
[2021-06-07 18:49:21,005] {scheduler_job.py:643} INFO - DAG(s) dict_keys(['example_bash_operator']) retrieved from /home/encrypted/abaceti/.virtualenvs/pumpwood-airflow-images/lib/python3.6/site-packages/airflow/example_dags/example_bash_operator.py
[2021-06-07 18:49:21,020] {logging_mixin.py:104} INFO - [2021-06-07 18:49:21,020] {dag.py:1832} INFO - Sync 1 DAGs
[2021-06-07 18:49:21,030] {logging_mixin.py:104} INFO - [2021-06-07 18:49:21,030] {dag.py:2305} INFO - Setting next_dagrun for example_bash_operator to 2021-06-05 00:00:00+00:00
[2021-06-07 18:49:21,035] {scheduler_job.py:190} INFO - Processing /home/encrypted/abaceti/.virtualenvs/pumpwood-airflow-images/lib/python3.6/site-packages/airflow/example_dags/example_bash_operator.py took 0.039 seconds
[2021-06-07 18:49:51,416] {scheduler_job.py:182} INFO - Started process (PID=9223) to work on /home/encrypted/abaceti/.virtualenvs/pumpwood-airflow-images/lib/python3.6/site-packages/airflow/example_dags/example_bash_operator.py
[2021-06-07 18:49:51,417] {scheduler_job.py:633} INFO - Processing file /home/encrypted/abaceti/.virtualenvs/pumpwood-airflow-images/lib/python3.6/site-packages/airflow/example_dags/example_bash_operator.py for tasks to queue
[2021-06-07 18:49:51,417] {logging_mixin.py:104} INFO - [2021-06-07 18:49:51,417] {dagbag.py:487} INFO - Filling up the DagBag from /home/encrypted/abaceti/.virtualenvs/pumpwood-airflow-images/lib/python3.6/site-packages/airflow/example_dags/example_bash_operator.py
[2021-06-07 18:49:51,426] {scheduler_job.py:643} INFO - DAG(s) dict_keys(['example_bash_operator']) retrieved from /home/encrypted/abaceti/.virtualenvs/pumpwood-airflow-images/lib/python3.6/site-packages/airflow/example_dags/example_bash_operator.py
[2021-06-07 18:49:51,441] {logging_mixin.py:104} INFO - [2021-06-07 18:49:51,441] {dag.py:1832} INFO - Sync 1 DAGs
[2021-06-07 18:49:51,451] {logging_mixin.py:104} INFO - [2021-06-07 18:49:51,451] {dag.py:2305} INFO - Setting next_dagrun for example_bash_operator to 2021-06-05 00:00:00+00:00
[2021-06-07 18:49:51,457] {scheduler_job.py:190} INFO - Processing /home/encrypted/abaceti/.virtualenvs/pumpwood-airflow-images/lib/python3.6/site-packages/airflow/example_dags/example_bash_operator.py took 0.043 seconds
[2021-06-07 18:50:21,530] {scheduler_job.py:182} INFO - Started process (PID=9459) to work on /home/encrypted/abaceti/.virtualenvs/pumpwood-airflow-images/lib/python3.6/site-packages/airflow/example_dags/example_bash_operator.py
[2021-06-07 18:50:21,530] {scheduler_job.py:633} INFO - Processing file /home/encrypted/abaceti/.virtualenvs/pumpwood-airflow-images/lib/python3.6/site-packages/airflow/example_dags/example_bash_operator.py for tasks to queue
[2021-06-07 18:50:21,531] {logging_mixin.py:104} INFO - [2021-06-07 18:50:21,531] {dagbag.py:487} INFO - Filling up the DagBag from /home/encrypted/abaceti/.virtualenvs/pumpwood-airflow-images/lib/python3.6/site-packages/airflow/example_dags/example_bash_operator.py
[2021-06-07 18:50:21,538] {scheduler_job.py:643} INFO - DAG(s) dict_keys(['example_bash_operator']) retrieved from /home/encrypted/abaceti/.virtualenvs/pumpwood-airflow-images/lib/python3.6/site-packages/airflow/example_dags/example_bash_operator.py
[2021-06-07 18:50:21,551] {logging_mixin.py:104} INFO - [2021-06-07 18:50:21,551] {dag.py:1832} INFO - Sync 1 DAGs
[2021-06-07 18:50:21,561] {logging_mixin.py:104} INFO - [2021-06-07 18:50:21,561] {dag.py:2305} INFO - Setting next_dagrun for example_bash_operator to 2021-06-05 00:00:00+00:00
[2021-06-07 18:50:21,567] {scheduler_job.py:190} INFO - Processing /home/encrypted/abaceti/.virtualenvs/pumpwood-airflow-images/lib/python3.6/site-packages/airflow/example_dags/example_bash_operator.py took 0.038 seconds
[2021-06-07 18:50:51,785] {scheduler_job.py:182} INFO - Started process (PID=9619) to work on /home/encrypted/abaceti/.virtualenvs/pumpwood-airflow-images/lib/python3.6/site-packages/airflow/example_dags/example_bash_operator.py
[2021-06-07 18:50:51,785] {scheduler_job.py:633} INFO - Processing file /home/encrypted/abaceti/.virtualenvs/pumpwood-airflow-images/lib/python3.6/site-packages/airflow/example_dags/example_bash_operator.py for tasks to queue
[2021-06-07 18:50:51,786] {logging_mixin.py:104} INFO - [2021-06-07 18:50:51,786] {dagbag.py:487} INFO - Filling up the DagBag from /home/encrypted/abaceti/.virtualenvs/pumpwood-airflow-images/lib/python3.6/site-packages/airflow/example_dags/example_bash_operator.py
[2021-06-07 18:50:51,792] {scheduler_job.py:643} INFO - DAG(s) dict_keys(['example_bash_operator']) retrieved from /home/encrypted/abaceti/.virtualenvs/pumpwood-airflow-images/lib/python3.6/site-packages/airflow/example_dags/example_bash_operator.py
[2021-06-07 18:50:51,808] {logging_mixin.py:104} INFO - [2021-06-07 18:50:51,808] {dag.py:1832} INFO - Sync 1 DAGs
[2021-06-07 18:50:51,818] {logging_mixin.py:104} INFO - [2021-06-07 18:50:51,818] {dag.py:2305} INFO - Setting next_dagrun for example_bash_operator to 2021-06-05 00:00:00+00:00
[2021-06-07 18:50:51,824] {scheduler_job.py:190} INFO - Processing /home/encrypted/abaceti/.virtualenvs/pumpwood-airflow-images/lib/python3.6/site-packages/airflow/example_dags/example_bash_operator.py took 0.041 seconds
[2021-06-07 18:51:21,876] {scheduler_job.py:182} INFO - Started process (PID=9735) to work on /home/encrypted/abaceti/.virtualenvs/pumpwood-airflow-images/lib/python3.6/site-packages/airflow/example_dags/example_bash_operator.py
[2021-06-07 18:51:21,876] {scheduler_job.py:633} INFO - Processing file /home/encrypted/abaceti/.virtualenvs/pumpwood-airflow-images/lib/python3.6/site-packages/airflow/example_dags/example_bash_operator.py for tasks to queue
[2021-06-07 18:51:21,877] {logging_mixin.py:104} INFO - [2021-06-07 18:51:21,877] {dagbag.py:487} INFO - Filling up the DagBag from /home/encrypted/abaceti/.virtualenvs/pumpwood-airflow-images/lib/python3.6/site-packages/airflow/example_dags/example_bash_operator.py
[2021-06-07 18:51:21,884] {scheduler_job.py:643} INFO - DAG(s) dict_keys(['example_bash_operator']) retrieved from /home/encrypted/abaceti/.virtualenvs/pumpwood-airflow-images/lib/python3.6/site-packages/airflow/example_dags/example_bash_operator.py
[2021-06-07 18:51:21,898] {logging_mixin.py:104} INFO - [2021-06-07 18:51:21,898] {dag.py:1832} INFO - Sync 1 DAGs
[2021-06-07 18:51:21,907] {logging_mixin.py:104} INFO - [2021-06-07 18:51:21,907] {dag.py:2305} INFO - Setting next_dagrun for example_bash_operator to 2021-06-05 00:00:00+00:00
[2021-06-07 18:51:21,913] {scheduler_job.py:190} INFO - Processing /home/encrypted/abaceti/.virtualenvs/pumpwood-airflow-images/lib/python3.6/site-packages/airflow/example_dags/example_bash_operator.py took 0.039 seconds
[2021-06-07 18:51:52,073] {scheduler_job.py:182} INFO - Started process (PID=9906) to work on /home/encrypted/abaceti/.virtualenvs/pumpwood-airflow-images/lib/python3.6/site-packages/airflow/example_dags/example_bash_operator.py
[2021-06-07 18:51:52,074] {scheduler_job.py:633} INFO - Processing file /home/encrypted/abaceti/.virtualenvs/pumpwood-airflow-images/lib/python3.6/site-packages/airflow/example_dags/example_bash_operator.py for tasks to queue
[2021-06-07 18:51:52,074] {logging_mixin.py:104} INFO - [2021-06-07 18:51:52,074] {dagbag.py:487} INFO - Filling up the DagBag from /home/encrypted/abaceti/.virtualenvs/pumpwood-airflow-images/lib/python3.6/site-packages/airflow/example_dags/example_bash_operator.py
[2021-06-07 18:51:52,084] {scheduler_job.py:643} INFO - DAG(s) dict_keys(['example_bash_operator']) retrieved from /home/encrypted/abaceti/.virtualenvs/pumpwood-airflow-images/lib/python3.6/site-packages/airflow/example_dags/example_bash_operator.py
[2021-06-07 18:51:52,100] {logging_mixin.py:104} INFO - [2021-06-07 18:51:52,100] {dag.py:1832} INFO - Sync 1 DAGs
[2021-06-07 18:51:52,110] {logging_mixin.py:104} INFO - [2021-06-07 18:51:52,110] {dag.py:2305} INFO - Setting next_dagrun for example_bash_operator to 2021-06-05 00:00:00+00:00
[2021-06-07 18:51:52,116] {scheduler_job.py:190} INFO - Processing /home/encrypted/abaceti/.virtualenvs/pumpwood-airflow-images/lib/python3.6/site-packages/airflow/example_dags/example_bash_operator.py took 0.045 seconds
[2021-06-07 18:52:22,290] {scheduler_job.py:182} INFO - Started process (PID=10019) to work on /home/encrypted/abaceti/.virtualenvs/pumpwood-airflow-images/lib/python3.6/site-packages/airflow/example_dags/example_bash_operator.py
[2021-06-07 18:52:22,291] {scheduler_job.py:633} INFO - Processing file /home/encrypted/abaceti/.virtualenvs/pumpwood-airflow-images/lib/python3.6/site-packages/airflow/example_dags/example_bash_operator.py for tasks to queue
[2021-06-07 18:52:22,291] {logging_mixin.py:104} INFO - [2021-06-07 18:52:22,291] {dagbag.py:487} INFO - Filling up the DagBag from /home/encrypted/abaceti/.virtualenvs/pumpwood-airflow-images/lib/python3.6/site-packages/airflow/example_dags/example_bash_operator.py
[2021-06-07 18:52:22,298] {scheduler_job.py:643} INFO - DAG(s) dict_keys(['example_bash_operator']) retrieved from /home/encrypted/abaceti/.virtualenvs/pumpwood-airflow-images/lib/python3.6/site-packages/airflow/example_dags/example_bash_operator.py
[2021-06-07 18:52:22,313] {logging_mixin.py:104} INFO - [2021-06-07 18:52:22,313] {dag.py:1832} INFO - Sync 1 DAGs
[2021-06-07 18:52:22,323] {logging_mixin.py:104} INFO - [2021-06-07 18:52:22,323] {dag.py:2305} INFO - Setting next_dagrun for example_bash_operator to 2021-06-05 00:00:00+00:00
[2021-06-07 18:52:22,330] {scheduler_job.py:190} INFO - Processing /home/encrypted/abaceti/.virtualenvs/pumpwood-airflow-images/lib/python3.6/site-packages/airflow/example_dags/example_bash_operator.py took 0.041 seconds
[2021-06-07 18:52:53,449] {scheduler_job.py:182} INFO - Started process (PID=10832) to work on /home/encrypted/abaceti/.virtualenvs/pumpwood-airflow-images/lib/python3.6/site-packages/airflow/example_dags/example_bash_operator.py
[2021-06-07 18:52:53,449] {scheduler_job.py:633} INFO - Processing file /home/encrypted/abaceti/.virtualenvs/pumpwood-airflow-images/lib/python3.6/site-packages/airflow/example_dags/example_bash_operator.py for tasks to queue
[2021-06-07 18:52:53,449] {logging_mixin.py:104} INFO - [2021-06-07 18:52:53,449] {dagbag.py:487} INFO - Filling up the DagBag from /home/encrypted/abaceti/.virtualenvs/pumpwood-airflow-images/lib/python3.6/site-packages/airflow/example_dags/example_bash_operator.py
[2021-06-07 18:52:53,456] {scheduler_job.py:643} INFO - DAG(s) dict_keys(['example_bash_operator']) retrieved from /home/encrypted/abaceti/.virtualenvs/pumpwood-airflow-images/lib/python3.6/site-packages/airflow/example_dags/example_bash_operator.py
[2021-06-07 18:52:53,471] {logging_mixin.py:104} INFO - [2021-06-07 18:52:53,471] {dag.py:1832} INFO - Sync 1 DAGs
[2021-06-07 18:52:53,480] {logging_mixin.py:104} INFO - [2021-06-07 18:52:53,480] {dag.py:2305} INFO - Setting next_dagrun for example_bash_operator to 2021-06-07 00:00:00+00:00
[2021-06-07 18:52:53,486] {scheduler_job.py:190} INFO - Processing /home/encrypted/abaceti/.virtualenvs/pumpwood-airflow-images/lib/python3.6/site-packages/airflow/example_dags/example_bash_operator.py took 0.038 seconds
[2021-06-07 18:53:23,641] {scheduler_job.py:182} INFO - Started process (PID=11158) to work on /home/encrypted/abaceti/.virtualenvs/pumpwood-airflow-images/lib/python3.6/site-packages/airflow/example_dags/example_bash_operator.py
[2021-06-07 18:53:23,641] {scheduler_job.py:633} INFO - Processing file /home/encrypted/abaceti/.virtualenvs/pumpwood-airflow-images/lib/python3.6/site-packages/airflow/example_dags/example_bash_operator.py for tasks to queue
[2021-06-07 18:53:23,642] {logging_mixin.py:104} INFO - [2021-06-07 18:53:23,642] {dagbag.py:487} INFO - Filling up the DagBag from /home/encrypted/abaceti/.virtualenvs/pumpwood-airflow-images/lib/python3.6/site-packages/airflow/example_dags/example_bash_operator.py
[2021-06-07 18:53:23,648] {scheduler_job.py:643} INFO - DAG(s) dict_keys(['example_bash_operator']) retrieved from /home/encrypted/abaceti/.virtualenvs/pumpwood-airflow-images/lib/python3.6/site-packages/airflow/example_dags/example_bash_operator.py
[2021-06-07 18:53:23,663] {logging_mixin.py:104} INFO - [2021-06-07 18:53:23,663] {dag.py:1832} INFO - Sync 1 DAGs
[2021-06-07 18:53:23,672] {logging_mixin.py:104} INFO - [2021-06-07 18:53:23,672] {dag.py:2305} INFO - Setting next_dagrun for example_bash_operator to 2021-06-07 00:00:00+00:00
[2021-06-07 18:53:23,678] {scheduler_job.py:190} INFO - Processing /home/encrypted/abaceti/.virtualenvs/pumpwood-airflow-images/lib/python3.6/site-packages/airflow/example_dags/example_bash_operator.py took 0.039 seconds
[2021-06-07 18:53:53,785] {scheduler_job.py:182} INFO - Started process (PID=11537) to work on /home/encrypted/abaceti/.virtualenvs/pumpwood-airflow-images/lib/python3.6/site-packages/airflow/example_dags/example_bash_operator.py
[2021-06-07 18:53:53,785] {scheduler_job.py:633} INFO - Processing file /home/encrypted/abaceti/.virtualenvs/pumpwood-airflow-images/lib/python3.6/site-packages/airflow/example_dags/example_bash_operator.py for tasks to queue
[2021-06-07 18:53:53,785] {logging_mixin.py:104} INFO - [2021-06-07 18:53:53,785] {dagbag.py:487} INFO - Filling up the DagBag from /home/encrypted/abaceti/.virtualenvs/pumpwood-airflow-images/lib/python3.6/site-packages/airflow/example_dags/example_bash_operator.py
[2021-06-07 18:53:53,792] {scheduler_job.py:643} INFO - DAG(s) dict_keys(['example_bash_operator']) retrieved from /home/encrypted/abaceti/.virtualenvs/pumpwood-airflow-images/lib/python3.6/site-packages/airflow/example_dags/example_bash_operator.py
[2021-06-07 18:53:53,807] {logging_mixin.py:104} INFO - [2021-06-07 18:53:53,807] {dag.py:1832} INFO - Sync 1 DAGs
[2021-06-07 18:53:53,816] {logging_mixin.py:104} INFO - [2021-06-07 18:53:53,816] {dag.py:2305} INFO - Setting next_dagrun for example_bash_operator to 2021-06-07 00:00:00+00:00
[2021-06-07 18:53:53,822] {scheduler_job.py:190} INFO - Processing /home/encrypted/abaceti/.virtualenvs/pumpwood-airflow-images/lib/python3.6/site-packages/airflow/example_dags/example_bash_operator.py took 0.039 seconds
[2021-06-07 18:54:24,963] {scheduler_job.py:182} INFO - Started process (PID=11951) to work on /home/encrypted/abaceti/.virtualenvs/pumpwood-airflow-images/lib/python3.6/site-packages/airflow/example_dags/example_bash_operator.py
[2021-06-07 18:54:24,963] {scheduler_job.py:633} INFO - Processing file /home/encrypted/abaceti/.virtualenvs/pumpwood-airflow-images/lib/python3.6/site-packages/airflow/example_dags/example_bash_operator.py for tasks to queue
[2021-06-07 18:54:24,964] {logging_mixin.py:104} INFO - [2021-06-07 18:54:24,964] {dagbag.py:487} INFO - Filling up the DagBag from /home/encrypted/abaceti/.virtualenvs/pumpwood-airflow-images/lib/python3.6/site-packages/airflow/example_dags/example_bash_operator.py
[2021-06-07 18:54:24,971] {scheduler_job.py:643} INFO - DAG(s) dict_keys(['example_bash_operator']) retrieved from /home/encrypted/abaceti/.virtualenvs/pumpwood-airflow-images/lib/python3.6/site-packages/airflow/example_dags/example_bash_operator.py
[2021-06-07 18:54:24,986] {logging_mixin.py:104} INFO - [2021-06-07 18:54:24,986] {dag.py:1832} INFO - Sync 1 DAGs
[2021-06-07 18:54:24,995] {logging_mixin.py:104} INFO - [2021-06-07 18:54:24,995] {dag.py:2305} INFO - Setting next_dagrun for example_bash_operator to 2021-06-07 00:00:00+00:00
[2021-06-07 18:54:25,001] {scheduler_job.py:190} INFO - Processing /home/encrypted/abaceti/.virtualenvs/pumpwood-airflow-images/lib/python3.6/site-packages/airflow/example_dags/example_bash_operator.py took 0.039 seconds
[2021-06-07 18:54:55,174] {scheduler_job.py:182} INFO - Started process (PID=12168) to work on /home/encrypted/abaceti/.virtualenvs/pumpwood-airflow-images/lib/python3.6/site-packages/airflow/example_dags/example_bash_operator.py
[2021-06-07 18:54:55,175] {scheduler_job.py:633} INFO - Processing file /home/encrypted/abaceti/.virtualenvs/pumpwood-airflow-images/lib/python3.6/site-packages/airflow/example_dags/example_bash_operator.py for tasks to queue
[2021-06-07 18:54:55,175] {logging_mixin.py:104} INFO - [2021-06-07 18:54:55,175] {dagbag.py:487} INFO - Filling up the DagBag from /home/encrypted/abaceti/.virtualenvs/pumpwood-airflow-images/lib/python3.6/site-packages/airflow/example_dags/example_bash_operator.py
[2021-06-07 18:54:55,182] {scheduler_job.py:643} INFO - DAG(s) dict_keys(['example_bash_operator']) retrieved from /home/encrypted/abaceti/.virtualenvs/pumpwood-airflow-images/lib/python3.6/site-packages/airflow/example_dags/example_bash_operator.py
[2021-06-07 18:54:55,196] {logging_mixin.py:104} INFO - [2021-06-07 18:54:55,196] {dag.py:1832} INFO - Sync 1 DAGs
[2021-06-07 18:54:55,204] {logging_mixin.py:104} INFO - [2021-06-07 18:54:55,204] {dag.py:2305} INFO - Setting next_dagrun for example_bash_operator to 2021-06-07 00:00:00+00:00
[2021-06-07 18:54:55,210] {scheduler_job.py:190} INFO - Processing /home/encrypted/abaceti/.virtualenvs/pumpwood-airflow-images/lib/python3.6/site-packages/airflow/example_dags/example_bash_operator.py took 0.037 seconds
[2021-06-07 18:55:25,263] {scheduler_job.py:182} INFO - Started process (PID=12340) to work on /home/encrypted/abaceti/.virtualenvs/pumpwood-airflow-images/lib/python3.6/site-packages/airflow/example_dags/example_bash_operator.py
[2021-06-07 18:55:25,263] {scheduler_job.py:633} INFO - Processing file /home/encrypted/abaceti/.virtualenvs/pumpwood-airflow-images/lib/python3.6/site-packages/airflow/example_dags/example_bash_operator.py for tasks to queue
[2021-06-07 18:55:25,263] {logging_mixin.py:104} INFO - [2021-06-07 18:55:25,263] {dagbag.py:487} INFO - Filling up the DagBag from /home/encrypted/abaceti/.virtualenvs/pumpwood-airflow-images/lib/python3.6/site-packages/airflow/example_dags/example_bash_operator.py
[2021-06-07 18:55:25,270] {scheduler_job.py:643} INFO - DAG(s) dict_keys(['example_bash_operator']) retrieved from /home/encrypted/abaceti/.virtualenvs/pumpwood-airflow-images/lib/python3.6/site-packages/airflow/example_dags/example_bash_operator.py
[2021-06-07 18:55:25,284] {logging_mixin.py:104} INFO - [2021-06-07 18:55:25,284] {dag.py:1832} INFO - Sync 1 DAGs
[2021-06-07 18:55:25,293] {logging_mixin.py:104} INFO - [2021-06-07 18:55:25,293] {dag.py:2305} INFO - Setting next_dagrun for example_bash_operator to 2021-06-07 00:00:00+00:00
[2021-06-07 18:55:25,298] {scheduler_job.py:190} INFO - Processing /home/encrypted/abaceti/.virtualenvs/pumpwood-airflow-images/lib/python3.6/site-packages/airflow/example_dags/example_bash_operator.py took 0.037 seconds
[2021-06-07 18:55:55,337] {scheduler_job.py:182} INFO - Started process (PID=12557) to work on /home/encrypted/abaceti/.virtualenvs/pumpwood-airflow-images/lib/python3.6/site-packages/airflow/example_dags/example_bash_operator.py
[2021-06-07 18:55:55,337] {scheduler_job.py:633} INFO - Processing file /home/encrypted/abaceti/.virtualenvs/pumpwood-airflow-images/lib/python3.6/site-packages/airflow/example_dags/example_bash_operator.py for tasks to queue
[2021-06-07 18:55:55,338] {logging_mixin.py:104} INFO - [2021-06-07 18:55:55,338] {dagbag.py:487} INFO - Filling up the DagBag from /home/encrypted/abaceti/.virtualenvs/pumpwood-airflow-images/lib/python3.6/site-packages/airflow/example_dags/example_bash_operator.py
[2021-06-07 18:55:55,345] {scheduler_job.py:643} INFO - DAG(s) dict_keys(['example_bash_operator']) retrieved from /home/encrypted/abaceti/.virtualenvs/pumpwood-airflow-images/lib/python3.6/site-packages/airflow/example_dags/example_bash_operator.py
[2021-06-07 18:55:55,359] {logging_mixin.py:104} INFO - [2021-06-07 18:55:55,359] {dag.py:1832} INFO - Sync 1 DAGs
[2021-06-07 18:55:55,368] {logging_mixin.py:104} INFO - [2021-06-07 18:55:55,368] {dag.py:2305} INFO - Setting next_dagrun for example_bash_operator to 2021-06-07 00:00:00+00:00
[2021-06-07 18:55:55,373] {scheduler_job.py:190} INFO - Processing /home/encrypted/abaceti/.virtualenvs/pumpwood-airflow-images/lib/python3.6/site-packages/airflow/example_dags/example_bash_operator.py took 0.038 seconds
[2021-06-07 18:56:25,577] {scheduler_job.py:182} INFO - Started process (PID=12777) to work on /home/encrypted/abaceti/.virtualenvs/pumpwood-airflow-images/lib/python3.6/site-packages/airflow/example_dags/example_bash_operator.py
[2021-06-07 18:56:25,577] {scheduler_job.py:633} INFO - Processing file /home/encrypted/abaceti/.virtualenvs/pumpwood-airflow-images/lib/python3.6/site-packages/airflow/example_dags/example_bash_operator.py for tasks to queue
[2021-06-07 18:56:25,578] {logging_mixin.py:104} INFO - [2021-06-07 18:56:25,578] {dagbag.py:487} INFO - Filling up the DagBag from /home/encrypted/abaceti/.virtualenvs/pumpwood-airflow-images/lib/python3.6/site-packages/airflow/example_dags/example_bash_operator.py
[2021-06-07 18:56:25,585] {scheduler_job.py:643} INFO - DAG(s) dict_keys(['example_bash_operator']) retrieved from /home/encrypted/abaceti/.virtualenvs/pumpwood-airflow-images/lib/python3.6/site-packages/airflow/example_dags/example_bash_operator.py
[2021-06-07 18:56:25,600] {logging_mixin.py:104} INFO - [2021-06-07 18:56:25,600] {dag.py:1832} INFO - Sync 1 DAGs
[2021-06-07 18:56:25,609] {logging_mixin.py:104} INFO - [2021-06-07 18:56:25,609] {dag.py:2305} INFO - Setting next_dagrun for example_bash_operator to 2021-06-07 00:00:00+00:00
[2021-06-07 18:56:25,615] {scheduler_job.py:190} INFO - Processing /home/encrypted/abaceti/.virtualenvs/pumpwood-airflow-images/lib/python3.6/site-packages/airflow/example_dags/example_bash_operator.py took 0.040 seconds
[2021-06-07 18:56:56,565] {scheduler_job.py:182} INFO - Started process (PID=12961) to work on /home/encrypted/abaceti/.virtualenvs/pumpwood-airflow-images/lib/python3.6/site-packages/airflow/example_dags/example_bash_operator.py
[2021-06-07 18:56:56,565] {scheduler_job.py:633} INFO - Processing file /home/encrypted/abaceti/.virtualenvs/pumpwood-airflow-images/lib/python3.6/site-packages/airflow/example_dags/example_bash_operator.py for tasks to queue
[2021-06-07 18:56:56,565] {logging_mixin.py:104} INFO - [2021-06-07 18:56:56,565] {dagbag.py:487} INFO - Filling up the DagBag from /home/encrypted/abaceti/.virtualenvs/pumpwood-airflow-images/lib/python3.6/site-packages/airflow/example_dags/example_bash_operator.py
[2021-06-07 18:56:56,572] {scheduler_job.py:643} INFO - DAG(s) dict_keys(['example_bash_operator']) retrieved from /home/encrypted/abaceti/.virtualenvs/pumpwood-airflow-images/lib/python3.6/site-packages/airflow/example_dags/example_bash_operator.py
[2021-06-07 18:56:56,587] {logging_mixin.py:104} INFO - [2021-06-07 18:56:56,587] {dag.py:1832} INFO - Sync 1 DAGs
[2021-06-07 18:56:56,595] {logging_mixin.py:104} INFO - [2021-06-07 18:56:56,595] {dag.py:2305} INFO - Setting next_dagrun for example_bash_operator to 2021-06-07 00:00:00+00:00
[2021-06-07 18:56:56,601] {scheduler_job.py:190} INFO - Processing /home/encrypted/abaceti/.virtualenvs/pumpwood-airflow-images/lib/python3.6/site-packages/airflow/example_dags/example_bash_operator.py took 0.037 seconds
[2021-06-07 18:57:27,610] {scheduler_job.py:182} INFO - Started process (PID=13081) to work on /home/encrypted/abaceti/.virtualenvs/pumpwood-airflow-images/lib/python3.6/site-packages/airflow/example_dags/example_bash_operator.py
[2021-06-07 18:57:27,611] {scheduler_job.py:633} INFO - Processing file /home/encrypted/abaceti/.virtualenvs/pumpwood-airflow-images/lib/python3.6/site-packages/airflow/example_dags/example_bash_operator.py for tasks to queue
[2021-06-07 18:57:27,611] {logging_mixin.py:104} INFO - [2021-06-07 18:57:27,611] {dagbag.py:487} INFO - Filling up the DagBag from /home/encrypted/abaceti/.virtualenvs/pumpwood-airflow-images/lib/python3.6/site-packages/airflow/example_dags/example_bash_operator.py
[2021-06-07 18:57:27,618] {scheduler_job.py:643} INFO - DAG(s) dict_keys(['example_bash_operator']) retrieved from /home/encrypted/abaceti/.virtualenvs/pumpwood-airflow-images/lib/python3.6/site-packages/airflow/example_dags/example_bash_operator.py
[2021-06-07 18:57:27,632] {logging_mixin.py:104} INFO - [2021-06-07 18:57:27,632] {dag.py:1832} INFO - Sync 1 DAGs
[2021-06-07 18:57:27,641] {logging_mixin.py:104} INFO - [2021-06-07 18:57:27,641] {dag.py:2305} INFO - Setting next_dagrun for example_bash_operator to 2021-06-07 00:00:00+00:00
[2021-06-07 18:57:27,647] {scheduler_job.py:190} INFO - Processing /home/encrypted/abaceti/.virtualenvs/pumpwood-airflow-images/lib/python3.6/site-packages/airflow/example_dags/example_bash_operator.py took 0.038 seconds
[2021-06-07 18:57:57,912] {scheduler_job.py:182} INFO - Started process (PID=13256) to work on /home/encrypted/abaceti/.virtualenvs/pumpwood-airflow-images/lib/python3.6/site-packages/airflow/example_dags/example_bash_operator.py
[2021-06-07 18:57:57,913] {scheduler_job.py:633} INFO - Processing file /home/encrypted/abaceti/.virtualenvs/pumpwood-airflow-images/lib/python3.6/site-packages/airflow/example_dags/example_bash_operator.py for tasks to queue
[2021-06-07 18:57:57,913] {logging_mixin.py:104} INFO - [2021-06-07 18:57:57,913] {dagbag.py:487} INFO - Filling up the DagBag from /home/encrypted/abaceti/.virtualenvs/pumpwood-airflow-images/lib/python3.6/site-packages/airflow/example_dags/example_bash_operator.py
[2021-06-07 18:57:57,920] {scheduler_job.py:643} INFO - DAG(s) dict_keys(['example_bash_operator']) retrieved from /home/encrypted/abaceti/.virtualenvs/pumpwood-airflow-images/lib/python3.6/site-packages/airflow/example_dags/example_bash_operator.py
[2021-06-07 18:57:57,935] {logging_mixin.py:104} INFO - [2021-06-07 18:57:57,935] {dag.py:1832} INFO - Sync 1 DAGs
[2021-06-07 18:57:57,946] {logging_mixin.py:104} INFO - [2021-06-07 18:57:57,945] {dag.py:2305} INFO - Setting next_dagrun for example_bash_operator to 2021-06-07 00:00:00+00:00
[2021-06-07 18:57:57,951] {scheduler_job.py:190} INFO - Processing /home/encrypted/abaceti/.virtualenvs/pumpwood-airflow-images/lib/python3.6/site-packages/airflow/example_dags/example_bash_operator.py took 0.041 seconds
[2021-06-07 18:58:28,903] {scheduler_job.py:182} INFO - Started process (PID=13368) to work on /home/encrypted/abaceti/.virtualenvs/pumpwood-airflow-images/lib/python3.6/site-packages/airflow/example_dags/example_bash_operator.py
[2021-06-07 18:58:28,904] {scheduler_job.py:633} INFO - Processing file /home/encrypted/abaceti/.virtualenvs/pumpwood-airflow-images/lib/python3.6/site-packages/airflow/example_dags/example_bash_operator.py for tasks to queue
[2021-06-07 18:58:28,904] {logging_mixin.py:104} INFO - [2021-06-07 18:58:28,904] {dagbag.py:487} INFO - Filling up the DagBag from /home/encrypted/abaceti/.virtualenvs/pumpwood-airflow-images/lib/python3.6/site-packages/airflow/example_dags/example_bash_operator.py
[2021-06-07 18:58:28,911] {scheduler_job.py:643} INFO - DAG(s) dict_keys(['example_bash_operator']) retrieved from /home/encrypted/abaceti/.virtualenvs/pumpwood-airflow-images/lib/python3.6/site-packages/airflow/example_dags/example_bash_operator.py
[2021-06-07 18:58:28,925] {logging_mixin.py:104} INFO - [2021-06-07 18:58:28,925] {dag.py:1832} INFO - Sync 1 DAGs
[2021-06-07 18:58:28,934] {logging_mixin.py:104} INFO - [2021-06-07 18:58:28,934] {dag.py:2305} INFO - Setting next_dagrun for example_bash_operator to 2021-06-07 00:00:00+00:00
[2021-06-07 18:58:28,939] {scheduler_job.py:190} INFO - Processing /home/encrypted/abaceti/.virtualenvs/pumpwood-airflow-images/lib/python3.6/site-packages/airflow/example_dags/example_bash_operator.py took 0.038 seconds
[2021-06-07 18:59:00,154] {scheduler_job.py:182} INFO - Started process (PID=13546) to work on /home/encrypted/abaceti/.virtualenvs/pumpwood-airflow-images/lib/python3.6/site-packages/airflow/example_dags/example_bash_operator.py
[2021-06-07 18:59:00,154] {scheduler_job.py:633} INFO - Processing file /home/encrypted/abaceti/.virtualenvs/pumpwood-airflow-images/lib/python3.6/site-packages/airflow/example_dags/example_bash_operator.py for tasks to queue
[2021-06-07 18:59:00,155] {logging_mixin.py:104} INFO - [2021-06-07 18:59:00,155] {dagbag.py:487} INFO - Filling up the DagBag from /home/encrypted/abaceti/.virtualenvs/pumpwood-airflow-images/lib/python3.6/site-packages/airflow/example_dags/example_bash_operator.py
[2021-06-07 18:59:00,161] {scheduler_job.py:643} INFO - DAG(s) dict_keys(['example_bash_operator']) retrieved from /home/encrypted/abaceti/.virtualenvs/pumpwood-airflow-images/lib/python3.6/site-packages/airflow/example_dags/example_bash_operator.py
[2021-06-07 18:59:00,175] {logging_mixin.py:104} INFO - [2021-06-07 18:59:00,175] {dag.py:1832} INFO - Sync 1 DAGs
[2021-06-07 18:59:00,184] {logging_mixin.py:104} INFO - [2021-06-07 18:59:00,183] {dag.py:2305} INFO - Setting next_dagrun for example_bash_operator to 2021-06-07 00:00:00+00:00
[2021-06-07 18:59:00,189] {scheduler_job.py:190} INFO - Processing /home/encrypted/abaceti/.virtualenvs/pumpwood-airflow-images/lib/python3.6/site-packages/airflow/example_dags/example_bash_operator.py took 0.037 seconds
[2021-06-07 18:59:30,306] {scheduler_job.py:182} INFO - Started process (PID=13670) to work on /home/encrypted/abaceti/.virtualenvs/pumpwood-airflow-images/lib/python3.6/site-packages/airflow/example_dags/example_bash_operator.py
[2021-06-07 18:59:30,307] {scheduler_job.py:633} INFO - Processing file /home/encrypted/abaceti/.virtualenvs/pumpwood-airflow-images/lib/python3.6/site-packages/airflow/example_dags/example_bash_operator.py for tasks to queue
[2021-06-07 18:59:30,307] {logging_mixin.py:104} INFO - [2021-06-07 18:59:30,307] {dagbag.py:487} INFO - Filling up the DagBag from /home/encrypted/abaceti/.virtualenvs/pumpwood-airflow-images/lib/python3.6/site-packages/airflow/example_dags/example_bash_operator.py
[2021-06-07 18:59:30,314] {scheduler_job.py:643} INFO - DAG(s) dict_keys(['example_bash_operator']) retrieved from /home/encrypted/abaceti/.virtualenvs/pumpwood-airflow-images/lib/python3.6/site-packages/airflow/example_dags/example_bash_operator.py
[2021-06-07 18:59:30,328] {logging_mixin.py:104} INFO - [2021-06-07 18:59:30,327] {dag.py:1832} INFO - Sync 1 DAGs
[2021-06-07 18:59:30,336] {logging_mixin.py:104} INFO - [2021-06-07 18:59:30,336] {dag.py:2305} INFO - Setting next_dagrun for example_bash_operator to 2021-06-07 00:00:00+00:00
[2021-06-07 18:59:30,341] {scheduler_job.py:190} INFO - Processing /home/encrypted/abaceti/.virtualenvs/pumpwood-airflow-images/lib/python3.6/site-packages/airflow/example_dags/example_bash_operator.py took 0.037 seconds
[2021-06-07 19:00:00,620] {scheduler_job.py:182} INFO - Started process (PID=13838) to work on /home/encrypted/abaceti/.virtualenvs/pumpwood-airflow-images/lib/python3.6/site-packages/airflow/example_dags/example_bash_operator.py
[2021-06-07 19:00:00,620] {scheduler_job.py:633} INFO - Processing file /home/encrypted/abaceti/.virtualenvs/pumpwood-airflow-images/lib/python3.6/site-packages/airflow/example_dags/example_bash_operator.py for tasks to queue
[2021-06-07 19:00:00,620] {logging_mixin.py:104} INFO - [2021-06-07 19:00:00,620] {dagbag.py:487} INFO - Filling up the DagBag from /home/encrypted/abaceti/.virtualenvs/pumpwood-airflow-images/lib/python3.6/site-packages/airflow/example_dags/example_bash_operator.py
[2021-06-07 19:00:00,627] {scheduler_job.py:643} INFO - DAG(s) dict_keys(['example_bash_operator']) retrieved from /home/encrypted/abaceti/.virtualenvs/pumpwood-airflow-images/lib/python3.6/site-packages/airflow/example_dags/example_bash_operator.py
[2021-06-07 19:00:00,641] {logging_mixin.py:104} INFO - [2021-06-07 19:00:00,641] {dag.py:1832} INFO - Sync 1 DAGs
[2021-06-07 19:00:00,650] {logging_mixin.py:104} INFO - [2021-06-07 19:00:00,650] {dag.py:2305} INFO - Setting next_dagrun for example_bash_operator to 2021-06-07 00:00:00+00:00
[2021-06-07 19:00:00,656] {scheduler_job.py:190} INFO - Processing /home/encrypted/abaceti/.virtualenvs/pumpwood-airflow-images/lib/python3.6/site-packages/airflow/example_dags/example_bash_operator.py took 0.038 seconds
[2021-06-07 19:00:30,761] {scheduler_job.py:182} INFO - Started process (PID=13955) to work on /home/encrypted/abaceti/.virtualenvs/pumpwood-airflow-images/lib/python3.6/site-packages/airflow/example_dags/example_bash_operator.py
[2021-06-07 19:00:30,761] {scheduler_job.py:633} INFO - Processing file /home/encrypted/abaceti/.virtualenvs/pumpwood-airflow-images/lib/python3.6/site-packages/airflow/example_dags/example_bash_operator.py for tasks to queue
[2021-06-07 19:00:30,761] {logging_mixin.py:104} INFO - [2021-06-07 19:00:30,761] {dagbag.py:487} INFO - Filling up the DagBag from /home/encrypted/abaceti/.virtualenvs/pumpwood-airflow-images/lib/python3.6/site-packages/airflow/example_dags/example_bash_operator.py
[2021-06-07 19:00:30,768] {scheduler_job.py:643} INFO - DAG(s) dict_keys(['example_bash_operator']) retrieved from /home/encrypted/abaceti/.virtualenvs/pumpwood-airflow-images/lib/python3.6/site-packages/airflow/example_dags/example_bash_operator.py
[2021-06-07 19:00:30,782] {logging_mixin.py:104} INFO - [2021-06-07 19:00:30,782] {dag.py:1832} INFO - Sync 1 DAGs
[2021-06-07 19:00:30,790] {logging_mixin.py:104} INFO - [2021-06-07 19:00:30,790] {dag.py:2305} INFO - Setting next_dagrun for example_bash_operator to 2021-06-07 00:00:00+00:00
[2021-06-07 19:00:30,795] {scheduler_job.py:190} INFO - Processing /home/encrypted/abaceti/.virtualenvs/pumpwood-airflow-images/lib/python3.6/site-packages/airflow/example_dags/example_bash_operator.py took 0.036 seconds
[2021-06-07 19:01:00,873] {scheduler_job.py:182} INFO - Started process (PID=14144) to work on /home/encrypted/abaceti/.virtualenvs/pumpwood-airflow-images/lib/python3.6/site-packages/airflow/example_dags/example_bash_operator.py
[2021-06-07 19:01:00,874] {scheduler_job.py:633} INFO - Processing file /home/encrypted/abaceti/.virtualenvs/pumpwood-airflow-images/lib/python3.6/site-packages/airflow/example_dags/example_bash_operator.py for tasks to queue
[2021-06-07 19:01:00,874] {logging_mixin.py:104} INFO - [2021-06-07 19:01:00,874] {dagbag.py:487} INFO - Filling up the DagBag from /home/encrypted/abaceti/.virtualenvs/pumpwood-airflow-images/lib/python3.6/site-packages/airflow/example_dags/example_bash_operator.py
[2021-06-07 19:01:00,881] {scheduler_job.py:643} INFO - DAG(s) dict_keys(['example_bash_operator']) retrieved from /home/encrypted/abaceti/.virtualenvs/pumpwood-airflow-images/lib/python3.6/site-packages/airflow/example_dags/example_bash_operator.py
[2021-06-07 19:01:00,895] {logging_mixin.py:104} INFO - [2021-06-07 19:01:00,895] {dag.py:1832} INFO - Sync 1 DAGs
[2021-06-07 19:01:00,904] {logging_mixin.py:104} INFO - [2021-06-07 19:01:00,904] {dag.py:2305} INFO - Setting next_dagrun for example_bash_operator to 2021-06-07 00:00:00+00:00
[2021-06-07 19:01:00,909] {scheduler_job.py:190} INFO - Processing /home/encrypted/abaceti/.virtualenvs/pumpwood-airflow-images/lib/python3.6/site-packages/airflow/example_dags/example_bash_operator.py took 0.037 seconds
[2021-06-07 19:01:31,191] {scheduler_job.py:182} INFO - Started process (PID=14267) to work on /home/encrypted/abaceti/.virtualenvs/pumpwood-airflow-images/lib/python3.6/site-packages/airflow/example_dags/example_bash_operator.py
[2021-06-07 19:01:31,192] {scheduler_job.py:633} INFO - Processing file /home/encrypted/abaceti/.virtualenvs/pumpwood-airflow-images/lib/python3.6/site-packages/airflow/example_dags/example_bash_operator.py for tasks to queue
[2021-06-07 19:01:31,192] {logging_mixin.py:104} INFO - [2021-06-07 19:01:31,192] {dagbag.py:487} INFO - Filling up the DagBag from /home/encrypted/abaceti/.virtualenvs/pumpwood-airflow-images/lib/python3.6/site-packages/airflow/example_dags/example_bash_operator.py
[2021-06-07 19:01:31,199] {scheduler_job.py:643} INFO - DAG(s) dict_keys(['example_bash_operator']) retrieved from /home/encrypted/abaceti/.virtualenvs/pumpwood-airflow-images/lib/python3.6/site-packages/airflow/example_dags/example_bash_operator.py
[2021-06-07 19:01:31,214] {logging_mixin.py:104} INFO - [2021-06-07 19:01:31,214] {dag.py:1832} INFO - Sync 1 DAGs
[2021-06-07 19:01:31,222] {logging_mixin.py:104} INFO - [2021-06-07 19:01:31,222] {dag.py:2305} INFO - Setting next_dagrun for example_bash_operator to 2021-06-07 00:00:00+00:00
[2021-06-07 19:01:31,228] {scheduler_job.py:190} INFO - Processing /home/encrypted/abaceti/.virtualenvs/pumpwood-airflow-images/lib/python3.6/site-packages/airflow/example_dags/example_bash_operator.py took 0.039 seconds
[2021-06-07 19:02:02,321] {scheduler_job.py:182} INFO - Started process (PID=14450) to work on /home/encrypted/abaceti/.virtualenvs/pumpwood-airflow-images/lib/python3.6/site-packages/airflow/example_dags/example_bash_operator.py
[2021-06-07 19:02:02,321] {scheduler_job.py:633} INFO - Processing file /home/encrypted/abaceti/.virtualenvs/pumpwood-airflow-images/lib/python3.6/site-packages/airflow/example_dags/example_bash_operator.py for tasks to queue
[2021-06-07 19:02:02,322] {logging_mixin.py:104} INFO - [2021-06-07 19:02:02,322] {dagbag.py:487} INFO - Filling up the DagBag from /home/encrypted/abaceti/.virtualenvs/pumpwood-airflow-images/lib/python3.6/site-packages/airflow/example_dags/example_bash_operator.py
[2021-06-07 19:02:02,329] {scheduler_job.py:643} INFO - DAG(s) dict_keys(['example_bash_operator']) retrieved from /home/encrypted/abaceti/.virtualenvs/pumpwood-airflow-images/lib/python3.6/site-packages/airflow/example_dags/example_bash_operator.py
[2021-06-07 19:02:02,344] {logging_mixin.py:104} INFO - [2021-06-07 19:02:02,344] {dag.py:1832} INFO - Sync 1 DAGs
[2021-06-07 19:02:02,352] {logging_mixin.py:104} INFO - [2021-06-07 19:02:02,352] {dag.py:2305} INFO - Setting next_dagrun for example_bash_operator to 2021-06-07 00:00:00+00:00
[2021-06-07 19:02:02,359] {scheduler_job.py:190} INFO - Processing /home/encrypted/abaceti/.virtualenvs/pumpwood-airflow-images/lib/python3.6/site-packages/airflow/example_dags/example_bash_operator.py took 0.039 seconds
[2021-06-07 19:02:33,348] {scheduler_job.py:182} INFO - Started process (PID=14662) to work on /home/encrypted/abaceti/.virtualenvs/pumpwood-airflow-images/lib/python3.6/site-packages/airflow/example_dags/example_bash_operator.py
[2021-06-07 19:02:33,348] {scheduler_job.py:633} INFO - Processing file /home/encrypted/abaceti/.virtualenvs/pumpwood-airflow-images/lib/python3.6/site-packages/airflow/example_dags/example_bash_operator.py for tasks to queue
[2021-06-07 19:02:33,349] {logging_mixin.py:104} INFO - [2021-06-07 19:02:33,349] {dagbag.py:487} INFO - Filling up the DagBag from /home/encrypted/abaceti/.virtualenvs/pumpwood-airflow-images/lib/python3.6/site-packages/airflow/example_dags/example_bash_operator.py
[2021-06-07 19:02:33,356] {scheduler_job.py:643} INFO - DAG(s) dict_keys(['example_bash_operator']) retrieved from /home/encrypted/abaceti/.virtualenvs/pumpwood-airflow-images/lib/python3.6/site-packages/airflow/example_dags/example_bash_operator.py
[2021-06-07 19:02:33,371] {logging_mixin.py:104} INFO - [2021-06-07 19:02:33,371] {dag.py:1832} INFO - Sync 1 DAGs
[2021-06-07 19:02:33,381] {logging_mixin.py:104} INFO - [2021-06-07 19:02:33,381] {dag.py:2305} INFO - Setting next_dagrun for example_bash_operator to 2021-06-07 00:00:00+00:00
[2021-06-07 19:02:33,386] {scheduler_job.py:190} INFO - Processing /home/encrypted/abaceti/.virtualenvs/pumpwood-airflow-images/lib/python3.6/site-packages/airflow/example_dags/example_bash_operator.py took 0.040 seconds
