[2021-06-07 18:39:20,015] {scheduler_job.py:182} INFO - Started process (PID=5670) to work on /home/encrypted/abaceti/.virtualenvs/pumpwood-airflow-images/lib/python3.6/site-packages/airflow/example_dags/example_dag_decorator.py
[2021-06-07 18:39:20,015] {scheduler_job.py:633} INFO - Processing file /home/encrypted/abaceti/.virtualenvs/pumpwood-airflow-images/lib/python3.6/site-packages/airflow/example_dags/example_dag_decorator.py for tasks to queue
[2021-06-07 18:39:20,016] {logging_mixin.py:104} INFO - [2021-06-07 18:39:20,016] {dagbag.py:487} INFO - Filling up the DagBag from /home/encrypted/abaceti/.virtualenvs/pumpwood-airflow-images/lib/python3.6/site-packages/airflow/example_dags/example_dag_decorator.py
[2021-06-07 18:39:20,026] {scheduler_job.py:643} INFO - DAG(s) dict_keys(['example_dag_decorator']) retrieved from /home/encrypted/abaceti/.virtualenvs/pumpwood-airflow-images/lib/python3.6/site-packages/airflow/example_dags/example_dag_decorator.py
[2021-06-07 18:39:20,150] {logging_mixin.py:104} INFO - [2021-06-07 18:39:20,149] {dag.py:1832} INFO - Sync 1 DAGs
[2021-06-07 18:39:20,158] {logging_mixin.py:104} INFO - [2021-06-07 18:39:20,158] {dag.py:2305} INFO - Setting next_dagrun for example_dag_decorator to None
[2021-06-07 18:39:20,165] {scheduler_job.py:190} INFO - Processing /home/encrypted/abaceti/.virtualenvs/pumpwood-airflow-images/lib/python3.6/site-packages/airflow/example_dags/example_dag_decorator.py took 0.152 seconds
[2021-06-07 18:39:50,223] {scheduler_job.py:182} INFO - Started process (PID=5837) to work on /home/encrypted/abaceti/.virtualenvs/pumpwood-airflow-images/lib/python3.6/site-packages/airflow/example_dags/example_dag_decorator.py
[2021-06-07 18:39:50,223] {scheduler_job.py:633} INFO - Processing file /home/encrypted/abaceti/.virtualenvs/pumpwood-airflow-images/lib/python3.6/site-packages/airflow/example_dags/example_dag_decorator.py for tasks to queue
[2021-06-07 18:39:50,224] {logging_mixin.py:104} INFO - [2021-06-07 18:39:50,223] {dagbag.py:487} INFO - Filling up the DagBag from /home/encrypted/abaceti/.virtualenvs/pumpwood-airflow-images/lib/python3.6/site-packages/airflow/example_dags/example_dag_decorator.py
[2021-06-07 18:39:50,232] {scheduler_job.py:643} INFO - DAG(s) dict_keys(['example_dag_decorator']) retrieved from /home/encrypted/abaceti/.virtualenvs/pumpwood-airflow-images/lib/python3.6/site-packages/airflow/example_dags/example_dag_decorator.py
[2021-06-07 18:39:50,346] {logging_mixin.py:104} INFO - [2021-06-07 18:39:50,346] {dag.py:1832} INFO - Sync 1 DAGs
[2021-06-07 18:39:50,354] {logging_mixin.py:104} INFO - [2021-06-07 18:39:50,354] {dag.py:2305} INFO - Setting next_dagrun for example_dag_decorator to None
[2021-06-07 18:39:50,362] {scheduler_job.py:190} INFO - Processing /home/encrypted/abaceti/.virtualenvs/pumpwood-airflow-images/lib/python3.6/site-packages/airflow/example_dags/example_dag_decorator.py took 0.140 seconds
[2021-06-07 18:40:20,461] {scheduler_job.py:182} INFO - Started process (PID=5992) to work on /home/encrypted/abaceti/.virtualenvs/pumpwood-airflow-images/lib/python3.6/site-packages/airflow/example_dags/example_dag_decorator.py
[2021-06-07 18:40:20,462] {scheduler_job.py:633} INFO - Processing file /home/encrypted/abaceti/.virtualenvs/pumpwood-airflow-images/lib/python3.6/site-packages/airflow/example_dags/example_dag_decorator.py for tasks to queue
[2021-06-07 18:40:20,462] {logging_mixin.py:104} INFO - [2021-06-07 18:40:20,462] {dagbag.py:487} INFO - Filling up the DagBag from /home/encrypted/abaceti/.virtualenvs/pumpwood-airflow-images/lib/python3.6/site-packages/airflow/example_dags/example_dag_decorator.py
[2021-06-07 18:40:20,471] {scheduler_job.py:643} INFO - DAG(s) dict_keys(['example_dag_decorator']) retrieved from /home/encrypted/abaceti/.virtualenvs/pumpwood-airflow-images/lib/python3.6/site-packages/airflow/example_dags/example_dag_decorator.py
[2021-06-07 18:40:20,573] {logging_mixin.py:104} INFO - [2021-06-07 18:40:20,573] {dag.py:1832} INFO - Sync 1 DAGs
[2021-06-07 18:40:20,581] {logging_mixin.py:104} INFO - [2021-06-07 18:40:20,581] {dag.py:2305} INFO - Setting next_dagrun for example_dag_decorator to None
[2021-06-07 18:40:20,588] {scheduler_job.py:190} INFO - Processing /home/encrypted/abaceti/.virtualenvs/pumpwood-airflow-images/lib/python3.6/site-packages/airflow/example_dags/example_dag_decorator.py took 0.128 seconds
[2021-06-07 18:40:50,648] {scheduler_job.py:182} INFO - Started process (PID=6184) to work on /home/encrypted/abaceti/.virtualenvs/pumpwood-airflow-images/lib/python3.6/site-packages/airflow/example_dags/example_dag_decorator.py
[2021-06-07 18:40:50,648] {scheduler_job.py:633} INFO - Processing file /home/encrypted/abaceti/.virtualenvs/pumpwood-airflow-images/lib/python3.6/site-packages/airflow/example_dags/example_dag_decorator.py for tasks to queue
[2021-06-07 18:40:50,648] {logging_mixin.py:104} INFO - [2021-06-07 18:40:50,648] {dagbag.py:487} INFO - Filling up the DagBag from /home/encrypted/abaceti/.virtualenvs/pumpwood-airflow-images/lib/python3.6/site-packages/airflow/example_dags/example_dag_decorator.py
[2021-06-07 18:40:50,658] {scheduler_job.py:643} INFO - DAG(s) dict_keys(['example_dag_decorator']) retrieved from /home/encrypted/abaceti/.virtualenvs/pumpwood-airflow-images/lib/python3.6/site-packages/airflow/example_dags/example_dag_decorator.py
[2021-06-07 18:40:50,767] {logging_mixin.py:104} INFO - [2021-06-07 18:40:50,767] {dag.py:1832} INFO - Sync 1 DAGs
[2021-06-07 18:40:50,775] {logging_mixin.py:104} INFO - [2021-06-07 18:40:50,774] {dag.py:2305} INFO - Setting next_dagrun for example_dag_decorator to None
[2021-06-07 18:40:50,780] {scheduler_job.py:190} INFO - Processing /home/encrypted/abaceti/.virtualenvs/pumpwood-airflow-images/lib/python3.6/site-packages/airflow/example_dags/example_dag_decorator.py took 0.134 seconds
[2021-06-07 18:41:20,867] {scheduler_job.py:182} INFO - Started process (PID=6297) to work on /home/encrypted/abaceti/.virtualenvs/pumpwood-airflow-images/lib/python3.6/site-packages/airflow/example_dags/example_dag_decorator.py
[2021-06-07 18:41:20,868] {scheduler_job.py:633} INFO - Processing file /home/encrypted/abaceti/.virtualenvs/pumpwood-airflow-images/lib/python3.6/site-packages/airflow/example_dags/example_dag_decorator.py for tasks to queue
[2021-06-07 18:41:20,868] {logging_mixin.py:104} INFO - [2021-06-07 18:41:20,868] {dagbag.py:487} INFO - Filling up the DagBag from /home/encrypted/abaceti/.virtualenvs/pumpwood-airflow-images/lib/python3.6/site-packages/airflow/example_dags/example_dag_decorator.py
[2021-06-07 18:41:20,878] {scheduler_job.py:643} INFO - DAG(s) dict_keys(['example_dag_decorator']) retrieved from /home/encrypted/abaceti/.virtualenvs/pumpwood-airflow-images/lib/python3.6/site-packages/airflow/example_dags/example_dag_decorator.py
[2021-06-07 18:41:20,998] {logging_mixin.py:104} INFO - [2021-06-07 18:41:20,998] {dag.py:1832} INFO - Sync 1 DAGs
[2021-06-07 18:41:21,005] {logging_mixin.py:104} INFO - [2021-06-07 18:41:21,005] {dag.py:2305} INFO - Setting next_dagrun for example_dag_decorator to None
[2021-06-07 18:41:21,012] {scheduler_job.py:190} INFO - Processing /home/encrypted/abaceti/.virtualenvs/pumpwood-airflow-images/lib/python3.6/site-packages/airflow/example_dags/example_dag_decorator.py took 0.146 seconds
[2021-06-07 18:41:51,095] {scheduler_job.py:182} INFO - Started process (PID=6470) to work on /home/encrypted/abaceti/.virtualenvs/pumpwood-airflow-images/lib/python3.6/site-packages/airflow/example_dags/example_dag_decorator.py
[2021-06-07 18:41:51,096] {scheduler_job.py:633} INFO - Processing file /home/encrypted/abaceti/.virtualenvs/pumpwood-airflow-images/lib/python3.6/site-packages/airflow/example_dags/example_dag_decorator.py for tasks to queue
[2021-06-07 18:41:51,096] {logging_mixin.py:104} INFO - [2021-06-07 18:41:51,096] {dagbag.py:487} INFO - Filling up the DagBag from /home/encrypted/abaceti/.virtualenvs/pumpwood-airflow-images/lib/python3.6/site-packages/airflow/example_dags/example_dag_decorator.py
[2021-06-07 18:41:51,105] {scheduler_job.py:643} INFO - DAG(s) dict_keys(['example_dag_decorator']) retrieved from /home/encrypted/abaceti/.virtualenvs/pumpwood-airflow-images/lib/python3.6/site-packages/airflow/example_dags/example_dag_decorator.py
[2021-06-07 18:41:51,214] {logging_mixin.py:104} INFO - [2021-06-07 18:41:51,214] {dag.py:1832} INFO - Sync 1 DAGs
[2021-06-07 18:41:51,221] {logging_mixin.py:104} INFO - [2021-06-07 18:41:51,221] {dag.py:2305} INFO - Setting next_dagrun for example_dag_decorator to None
[2021-06-07 18:41:51,227] {scheduler_job.py:190} INFO - Processing /home/encrypted/abaceti/.virtualenvs/pumpwood-airflow-images/lib/python3.6/site-packages/airflow/example_dags/example_dag_decorator.py took 0.134 seconds
[2021-06-07 18:42:21,299] {scheduler_job.py:182} INFO - Started process (PID=6586) to work on /home/encrypted/abaceti/.virtualenvs/pumpwood-airflow-images/lib/python3.6/site-packages/airflow/example_dags/example_dag_decorator.py
[2021-06-07 18:42:21,299] {scheduler_job.py:633} INFO - Processing file /home/encrypted/abaceti/.virtualenvs/pumpwood-airflow-images/lib/python3.6/site-packages/airflow/example_dags/example_dag_decorator.py for tasks to queue
[2021-06-07 18:42:21,300] {logging_mixin.py:104} INFO - [2021-06-07 18:42:21,300] {dagbag.py:487} INFO - Filling up the DagBag from /home/encrypted/abaceti/.virtualenvs/pumpwood-airflow-images/lib/python3.6/site-packages/airflow/example_dags/example_dag_decorator.py
[2021-06-07 18:42:21,309] {scheduler_job.py:643} INFO - DAG(s) dict_keys(['example_dag_decorator']) retrieved from /home/encrypted/abaceti/.virtualenvs/pumpwood-airflow-images/lib/python3.6/site-packages/airflow/example_dags/example_dag_decorator.py
[2021-06-07 18:42:21,418] {logging_mixin.py:104} INFO - [2021-06-07 18:42:21,418] {dag.py:1832} INFO - Sync 1 DAGs
[2021-06-07 18:42:21,426] {logging_mixin.py:104} INFO - [2021-06-07 18:42:21,425] {dag.py:2305} INFO - Setting next_dagrun for example_dag_decorator to None
[2021-06-07 18:42:21,432] {scheduler_job.py:190} INFO - Processing /home/encrypted/abaceti/.virtualenvs/pumpwood-airflow-images/lib/python3.6/site-packages/airflow/example_dags/example_dag_decorator.py took 0.134 seconds
[2021-06-07 18:42:52,252] {scheduler_job.py:182} INFO - Started process (PID=6798) to work on /home/encrypted/abaceti/.virtualenvs/pumpwood-airflow-images/lib/python3.6/site-packages/airflow/example_dags/example_dag_decorator.py
[2021-06-07 18:42:52,253] {scheduler_job.py:633} INFO - Processing file /home/encrypted/abaceti/.virtualenvs/pumpwood-airflow-images/lib/python3.6/site-packages/airflow/example_dags/example_dag_decorator.py for tasks to queue
[2021-06-07 18:42:52,253] {logging_mixin.py:104} INFO - [2021-06-07 18:42:52,253] {dagbag.py:487} INFO - Filling up the DagBag from /home/encrypted/abaceti/.virtualenvs/pumpwood-airflow-images/lib/python3.6/site-packages/airflow/example_dags/example_dag_decorator.py
[2021-06-07 18:42:52,282] {scheduler_job.py:643} INFO - DAG(s) dict_keys(['example_dag_decorator']) retrieved from /home/encrypted/abaceti/.virtualenvs/pumpwood-airflow-images/lib/python3.6/site-packages/airflow/example_dags/example_dag_decorator.py
[2021-06-07 18:42:52,308] {logging_mixin.py:104} INFO - [2021-06-07 18:42:52,308] {dag.py:1832} INFO - Sync 1 DAGs
[2021-06-07 18:42:52,331] {logging_mixin.py:104} INFO - [2021-06-07 18:42:52,331] {dag.py:2305} INFO - Setting next_dagrun for example_dag_decorator to None
[2021-06-07 18:42:52,341] {scheduler_job.py:190} INFO - Processing /home/encrypted/abaceti/.virtualenvs/pumpwood-airflow-images/lib/python3.6/site-packages/airflow/example_dags/example_dag_decorator.py took 0.090 seconds
[2021-06-07 18:43:23,344] {scheduler_job.py:182} INFO - Started process (PID=7039) to work on /home/encrypted/abaceti/.virtualenvs/pumpwood-airflow-images/lib/python3.6/site-packages/airflow/example_dags/example_dag_decorator.py
[2021-06-07 18:43:23,344] {scheduler_job.py:633} INFO - Processing file /home/encrypted/abaceti/.virtualenvs/pumpwood-airflow-images/lib/python3.6/site-packages/airflow/example_dags/example_dag_decorator.py for tasks to queue
[2021-06-07 18:43:23,345] {logging_mixin.py:104} INFO - [2021-06-07 18:43:23,345] {dagbag.py:487} INFO - Filling up the DagBag from /home/encrypted/abaceti/.virtualenvs/pumpwood-airflow-images/lib/python3.6/site-packages/airflow/example_dags/example_dag_decorator.py
[2021-06-07 18:43:23,354] {scheduler_job.py:643} INFO - DAG(s) dict_keys(['example_dag_decorator']) retrieved from /home/encrypted/abaceti/.virtualenvs/pumpwood-airflow-images/lib/python3.6/site-packages/airflow/example_dags/example_dag_decorator.py
[2021-06-07 18:43:23,465] {logging_mixin.py:104} INFO - [2021-06-07 18:43:23,465] {dag.py:1832} INFO - Sync 1 DAGs
[2021-06-07 18:43:23,473] {logging_mixin.py:104} INFO - [2021-06-07 18:43:23,473] {dag.py:2305} INFO - Setting next_dagrun for example_dag_decorator to None
[2021-06-07 18:43:23,479] {scheduler_job.py:190} INFO - Processing /home/encrypted/abaceti/.virtualenvs/pumpwood-airflow-images/lib/python3.6/site-packages/airflow/example_dags/example_dag_decorator.py took 0.137 seconds
[2021-06-07 18:43:54,427] {scheduler_job.py:182} INFO - Started process (PID=7265) to work on /home/encrypted/abaceti/.virtualenvs/pumpwood-airflow-images/lib/python3.6/site-packages/airflow/example_dags/example_dag_decorator.py
[2021-06-07 18:43:54,428] {scheduler_job.py:633} INFO - Processing file /home/encrypted/abaceti/.virtualenvs/pumpwood-airflow-images/lib/python3.6/site-packages/airflow/example_dags/example_dag_decorator.py for tasks to queue
[2021-06-07 18:43:54,428] {logging_mixin.py:104} INFO - [2021-06-07 18:43:54,428] {dagbag.py:487} INFO - Filling up the DagBag from /home/encrypted/abaceti/.virtualenvs/pumpwood-airflow-images/lib/python3.6/site-packages/airflow/example_dags/example_dag_decorator.py
[2021-06-07 18:43:54,437] {scheduler_job.py:643} INFO - DAG(s) dict_keys(['example_dag_decorator']) retrieved from /home/encrypted/abaceti/.virtualenvs/pumpwood-airflow-images/lib/python3.6/site-packages/airflow/example_dags/example_dag_decorator.py
[2021-06-07 18:43:54,545] {logging_mixin.py:104} INFO - [2021-06-07 18:43:54,544] {dag.py:1832} INFO - Sync 1 DAGs
[2021-06-07 18:43:54,552] {logging_mixin.py:104} INFO - [2021-06-07 18:43:54,552] {dag.py:2305} INFO - Setting next_dagrun for example_dag_decorator to None
[2021-06-07 18:43:54,560] {scheduler_job.py:190} INFO - Processing /home/encrypted/abaceti/.virtualenvs/pumpwood-airflow-images/lib/python3.6/site-packages/airflow/example_dags/example_dag_decorator.py took 0.134 seconds
[2021-06-07 18:44:24,624] {scheduler_job.py:182} INFO - Started process (PID=7385) to work on /home/encrypted/abaceti/.virtualenvs/pumpwood-airflow-images/lib/python3.6/site-packages/airflow/example_dags/example_dag_decorator.py
[2021-06-07 18:44:24,625] {scheduler_job.py:633} INFO - Processing file /home/encrypted/abaceti/.virtualenvs/pumpwood-airflow-images/lib/python3.6/site-packages/airflow/example_dags/example_dag_decorator.py for tasks to queue
[2021-06-07 18:44:24,625] {logging_mixin.py:104} INFO - [2021-06-07 18:44:24,625] {dagbag.py:487} INFO - Filling up the DagBag from /home/encrypted/abaceti/.virtualenvs/pumpwood-airflow-images/lib/python3.6/site-packages/airflow/example_dags/example_dag_decorator.py
[2021-06-07 18:44:24,634] {scheduler_job.py:643} INFO - DAG(s) dict_keys(['example_dag_decorator']) retrieved from /home/encrypted/abaceti/.virtualenvs/pumpwood-airflow-images/lib/python3.6/site-packages/airflow/example_dags/example_dag_decorator.py
[2021-06-07 18:44:24,746] {logging_mixin.py:104} INFO - [2021-06-07 18:44:24,746] {dag.py:1832} INFO - Sync 1 DAGs
[2021-06-07 18:44:24,754] {logging_mixin.py:104} INFO - [2021-06-07 18:44:24,754] {dag.py:2305} INFO - Setting next_dagrun for example_dag_decorator to None
[2021-06-07 18:44:24,759] {scheduler_job.py:190} INFO - Processing /home/encrypted/abaceti/.virtualenvs/pumpwood-airflow-images/lib/python3.6/site-packages/airflow/example_dags/example_dag_decorator.py took 0.137 seconds
[2021-06-07 18:44:55,649] {scheduler_job.py:182} INFO - Started process (PID=7552) to work on /home/encrypted/abaceti/.virtualenvs/pumpwood-airflow-images/lib/python3.6/site-packages/airflow/example_dags/example_dag_decorator.py
[2021-06-07 18:44:55,650] {scheduler_job.py:633} INFO - Processing file /home/encrypted/abaceti/.virtualenvs/pumpwood-airflow-images/lib/python3.6/site-packages/airflow/example_dags/example_dag_decorator.py for tasks to queue
[2021-06-07 18:44:55,650] {logging_mixin.py:104} INFO - [2021-06-07 18:44:55,650] {dagbag.py:487} INFO - Filling up the DagBag from /home/encrypted/abaceti/.virtualenvs/pumpwood-airflow-images/lib/python3.6/site-packages/airflow/example_dags/example_dag_decorator.py
[2021-06-07 18:44:55,659] {scheduler_job.py:643} INFO - DAG(s) dict_keys(['example_dag_decorator']) retrieved from /home/encrypted/abaceti/.virtualenvs/pumpwood-airflow-images/lib/python3.6/site-packages/airflow/example_dags/example_dag_decorator.py
[2021-06-07 18:44:55,673] {logging_mixin.py:104} INFO - [2021-06-07 18:44:55,673] {dag.py:1832} INFO - Sync 1 DAGs
[2021-06-07 18:44:55,681] {logging_mixin.py:104} INFO - [2021-06-07 18:44:55,681] {dag.py:2305} INFO - Setting next_dagrun for example_dag_decorator to None
[2021-06-07 18:44:55,687] {scheduler_job.py:190} INFO - Processing /home/encrypted/abaceti/.virtualenvs/pumpwood-airflow-images/lib/python3.6/site-packages/airflow/example_dags/example_dag_decorator.py took 0.039 seconds
[2021-06-07 18:45:26,675] {scheduler_job.py:182} INFO - Started process (PID=7676) to work on /home/encrypted/abaceti/.virtualenvs/pumpwood-airflow-images/lib/python3.6/site-packages/airflow/example_dags/example_dag_decorator.py
[2021-06-07 18:45:26,675] {scheduler_job.py:633} INFO - Processing file /home/encrypted/abaceti/.virtualenvs/pumpwood-airflow-images/lib/python3.6/site-packages/airflow/example_dags/example_dag_decorator.py for tasks to queue
[2021-06-07 18:45:26,676] {logging_mixin.py:104} INFO - [2021-06-07 18:45:26,676] {dagbag.py:487} INFO - Filling up the DagBag from /home/encrypted/abaceti/.virtualenvs/pumpwood-airflow-images/lib/python3.6/site-packages/airflow/example_dags/example_dag_decorator.py
[2021-06-07 18:45:26,685] {scheduler_job.py:643} INFO - DAG(s) dict_keys(['example_dag_decorator']) retrieved from /home/encrypted/abaceti/.virtualenvs/pumpwood-airflow-images/lib/python3.6/site-packages/airflow/example_dags/example_dag_decorator.py
[2021-06-07 18:45:26,802] {logging_mixin.py:104} INFO - [2021-06-07 18:45:26,802] {dag.py:1832} INFO - Sync 1 DAGs
[2021-06-07 18:45:26,811] {logging_mixin.py:104} INFO - [2021-06-07 18:45:26,811] {dag.py:2305} INFO - Setting next_dagrun for example_dag_decorator to None
[2021-06-07 18:45:26,818] {scheduler_job.py:190} INFO - Processing /home/encrypted/abaceti/.virtualenvs/pumpwood-airflow-images/lib/python3.6/site-packages/airflow/example_dags/example_dag_decorator.py took 0.144 seconds
[2021-06-07 18:45:56,835] {scheduler_job.py:182} INFO - Started process (PID=7845) to work on /home/encrypted/abaceti/.virtualenvs/pumpwood-airflow-images/lib/python3.6/site-packages/airflow/example_dags/example_dag_decorator.py
[2021-06-07 18:45:56,835] {scheduler_job.py:633} INFO - Processing file /home/encrypted/abaceti/.virtualenvs/pumpwood-airflow-images/lib/python3.6/site-packages/airflow/example_dags/example_dag_decorator.py for tasks to queue
[2021-06-07 18:45:56,835] {logging_mixin.py:104} INFO - [2021-06-07 18:45:56,835] {dagbag.py:487} INFO - Filling up the DagBag from /home/encrypted/abaceti/.virtualenvs/pumpwood-airflow-images/lib/python3.6/site-packages/airflow/example_dags/example_dag_decorator.py
[2021-06-07 18:45:56,844] {scheduler_job.py:643} INFO - DAG(s) dict_keys(['example_dag_decorator']) retrieved from /home/encrypted/abaceti/.virtualenvs/pumpwood-airflow-images/lib/python3.6/site-packages/airflow/example_dags/example_dag_decorator.py
[2021-06-07 18:45:56,952] {logging_mixin.py:104} INFO - [2021-06-07 18:45:56,952] {dag.py:1832} INFO - Sync 1 DAGs
[2021-06-07 18:45:56,959] {logging_mixin.py:104} INFO - [2021-06-07 18:45:56,959] {dag.py:2305} INFO - Setting next_dagrun for example_dag_decorator to None
[2021-06-07 18:45:56,967] {scheduler_job.py:190} INFO - Processing /home/encrypted/abaceti/.virtualenvs/pumpwood-airflow-images/lib/python3.6/site-packages/airflow/example_dags/example_dag_decorator.py took 0.134 seconds
[2021-06-07 18:46:27,028] {scheduler_job.py:182} INFO - Started process (PID=7966) to work on /home/encrypted/abaceti/.virtualenvs/pumpwood-airflow-images/lib/python3.6/site-packages/airflow/example_dags/example_dag_decorator.py
[2021-06-07 18:46:27,029] {scheduler_job.py:633} INFO - Processing file /home/encrypted/abaceti/.virtualenvs/pumpwood-airflow-images/lib/python3.6/site-packages/airflow/example_dags/example_dag_decorator.py for tasks to queue
[2021-06-07 18:46:27,030] {logging_mixin.py:104} INFO - [2021-06-07 18:46:27,030] {dagbag.py:487} INFO - Filling up the DagBag from /home/encrypted/abaceti/.virtualenvs/pumpwood-airflow-images/lib/python3.6/site-packages/airflow/example_dags/example_dag_decorator.py
[2021-06-07 18:46:27,039] {scheduler_job.py:643} INFO - DAG(s) dict_keys(['example_dag_decorator']) retrieved from /home/encrypted/abaceti/.virtualenvs/pumpwood-airflow-images/lib/python3.6/site-packages/airflow/example_dags/example_dag_decorator.py
[2021-06-07 18:46:27,145] {logging_mixin.py:104} INFO - [2021-06-07 18:46:27,145] {dag.py:1832} INFO - Sync 1 DAGs
[2021-06-07 18:46:27,152] {logging_mixin.py:104} INFO - [2021-06-07 18:46:27,152] {dag.py:2305} INFO - Setting next_dagrun for example_dag_decorator to None
[2021-06-07 18:46:27,159] {scheduler_job.py:190} INFO - Processing /home/encrypted/abaceti/.virtualenvs/pumpwood-airflow-images/lib/python3.6/site-packages/airflow/example_dags/example_dag_decorator.py took 0.133 seconds
[2021-06-07 18:46:57,198] {scheduler_job.py:182} INFO - Started process (PID=8156) to work on /home/encrypted/abaceti/.virtualenvs/pumpwood-airflow-images/lib/python3.6/site-packages/airflow/example_dags/example_dag_decorator.py
[2021-06-07 18:46:57,199] {scheduler_job.py:633} INFO - Processing file /home/encrypted/abaceti/.virtualenvs/pumpwood-airflow-images/lib/python3.6/site-packages/airflow/example_dags/example_dag_decorator.py for tasks to queue
[2021-06-07 18:46:57,199] {logging_mixin.py:104} INFO - [2021-06-07 18:46:57,199] {dagbag.py:487} INFO - Filling up the DagBag from /home/encrypted/abaceti/.virtualenvs/pumpwood-airflow-images/lib/python3.6/site-packages/airflow/example_dags/example_dag_decorator.py
[2021-06-07 18:46:57,208] {scheduler_job.py:643} INFO - DAG(s) dict_keys(['example_dag_decorator']) retrieved from /home/encrypted/abaceti/.virtualenvs/pumpwood-airflow-images/lib/python3.6/site-packages/airflow/example_dags/example_dag_decorator.py
[2021-06-07 18:46:57,309] {logging_mixin.py:104} INFO - [2021-06-07 18:46:57,309] {dag.py:1832} INFO - Sync 1 DAGs
[2021-06-07 18:46:57,317] {logging_mixin.py:104} INFO - [2021-06-07 18:46:57,317] {dag.py:2305} INFO - Setting next_dagrun for example_dag_decorator to None
[2021-06-07 18:46:57,324] {scheduler_job.py:190} INFO - Processing /home/encrypted/abaceti/.virtualenvs/pumpwood-airflow-images/lib/python3.6/site-packages/airflow/example_dags/example_dag_decorator.py took 0.128 seconds
[2021-06-07 18:47:27,345] {scheduler_job.py:182} INFO - Started process (PID=8290) to work on /home/encrypted/abaceti/.virtualenvs/pumpwood-airflow-images/lib/python3.6/site-packages/airflow/example_dags/example_dag_decorator.py
[2021-06-07 18:47:27,346] {scheduler_job.py:633} INFO - Processing file /home/encrypted/abaceti/.virtualenvs/pumpwood-airflow-images/lib/python3.6/site-packages/airflow/example_dags/example_dag_decorator.py for tasks to queue
[2021-06-07 18:47:27,346] {logging_mixin.py:104} INFO - [2021-06-07 18:47:27,346] {dagbag.py:487} INFO - Filling up the DagBag from /home/encrypted/abaceti/.virtualenvs/pumpwood-airflow-images/lib/python3.6/site-packages/airflow/example_dags/example_dag_decorator.py
[2021-06-07 18:47:27,356] {scheduler_job.py:643} INFO - DAG(s) dict_keys(['example_dag_decorator']) retrieved from /home/encrypted/abaceti/.virtualenvs/pumpwood-airflow-images/lib/python3.6/site-packages/airflow/example_dags/example_dag_decorator.py
[2021-06-07 18:47:27,468] {logging_mixin.py:104} INFO - [2021-06-07 18:47:27,468] {dag.py:1832} INFO - Sync 1 DAGs
[2021-06-07 18:47:27,476] {logging_mixin.py:104} INFO - [2021-06-07 18:47:27,476] {dag.py:2305} INFO - Setting next_dagrun for example_dag_decorator to None
[2021-06-07 18:47:27,482] {scheduler_job.py:190} INFO - Processing /home/encrypted/abaceti/.virtualenvs/pumpwood-airflow-images/lib/python3.6/site-packages/airflow/example_dags/example_dag_decorator.py took 0.138 seconds
[2021-06-07 18:47:57,544] {scheduler_job.py:182} INFO - Started process (PID=8510) to work on /home/encrypted/abaceti/.virtualenvs/pumpwood-airflow-images/lib/python3.6/site-packages/airflow/example_dags/example_dag_decorator.py
[2021-06-07 18:47:57,545] {scheduler_job.py:633} INFO - Processing file /home/encrypted/abaceti/.virtualenvs/pumpwood-airflow-images/lib/python3.6/site-packages/airflow/example_dags/example_dag_decorator.py for tasks to queue
[2021-06-07 18:47:57,545] {logging_mixin.py:104} INFO - [2021-06-07 18:47:57,545] {dagbag.py:487} INFO - Filling up the DagBag from /home/encrypted/abaceti/.virtualenvs/pumpwood-airflow-images/lib/python3.6/site-packages/airflow/example_dags/example_dag_decorator.py
[2021-06-07 18:47:57,555] {scheduler_job.py:643} INFO - DAG(s) dict_keys(['example_dag_decorator']) retrieved from /home/encrypted/abaceti/.virtualenvs/pumpwood-airflow-images/lib/python3.6/site-packages/airflow/example_dags/example_dag_decorator.py
[2021-06-07 18:47:57,670] {logging_mixin.py:104} INFO - [2021-06-07 18:47:57,670] {dag.py:1832} INFO - Sync 1 DAGs
[2021-06-07 18:47:57,678] {logging_mixin.py:104} INFO - [2021-06-07 18:47:57,677] {dag.py:2305} INFO - Setting next_dagrun for example_dag_decorator to None
[2021-06-07 18:47:57,684] {scheduler_job.py:190} INFO - Processing /home/encrypted/abaceti/.virtualenvs/pumpwood-airflow-images/lib/python3.6/site-packages/airflow/example_dags/example_dag_decorator.py took 0.142 seconds
[2021-06-07 18:48:27,749] {scheduler_job.py:182} INFO - Started process (PID=8734) to work on /home/encrypted/abaceti/.virtualenvs/pumpwood-airflow-images/lib/python3.6/site-packages/airflow/example_dags/example_dag_decorator.py
[2021-06-07 18:48:27,749] {scheduler_job.py:633} INFO - Processing file /home/encrypted/abaceti/.virtualenvs/pumpwood-airflow-images/lib/python3.6/site-packages/airflow/example_dags/example_dag_decorator.py for tasks to queue
[2021-06-07 18:48:27,750] {logging_mixin.py:104} INFO - [2021-06-07 18:48:27,750] {dagbag.py:487} INFO - Filling up the DagBag from /home/encrypted/abaceti/.virtualenvs/pumpwood-airflow-images/lib/python3.6/site-packages/airflow/example_dags/example_dag_decorator.py
[2021-06-07 18:48:27,759] {scheduler_job.py:643} INFO - DAG(s) dict_keys(['example_dag_decorator']) retrieved from /home/encrypted/abaceti/.virtualenvs/pumpwood-airflow-images/lib/python3.6/site-packages/airflow/example_dags/example_dag_decorator.py
[2021-06-07 18:48:27,869] {logging_mixin.py:104} INFO - [2021-06-07 18:48:27,869] {dag.py:1832} INFO - Sync 1 DAGs
[2021-06-07 18:48:27,876] {logging_mixin.py:104} INFO - [2021-06-07 18:48:27,876] {dag.py:2305} INFO - Setting next_dagrun for example_dag_decorator to None
[2021-06-07 18:48:27,882] {scheduler_job.py:190} INFO - Processing /home/encrypted/abaceti/.virtualenvs/pumpwood-airflow-images/lib/python3.6/site-packages/airflow/example_dags/example_dag_decorator.py took 0.135 seconds
[2021-06-07 18:48:49,712] {scheduler_job.py:182} INFO - Started process (PID=8900) to work on /home/encrypted/abaceti/.virtualenvs/pumpwood-airflow-images/lib/python3.6/site-packages/airflow/example_dags/example_dag_decorator.py
[2021-06-07 18:48:49,712] {scheduler_job.py:633} INFO - Processing file /home/encrypted/abaceti/.virtualenvs/pumpwood-airflow-images/lib/python3.6/site-packages/airflow/example_dags/example_dag_decorator.py for tasks to queue
[2021-06-07 18:48:49,713] {logging_mixin.py:104} INFO - [2021-06-07 18:48:49,713] {dagbag.py:487} INFO - Filling up the DagBag from /home/encrypted/abaceti/.virtualenvs/pumpwood-airflow-images/lib/python3.6/site-packages/airflow/example_dags/example_dag_decorator.py
[2021-06-07 18:48:49,721] {scheduler_job.py:643} INFO - DAG(s) dict_keys(['example_dag_decorator']) retrieved from /home/encrypted/abaceti/.virtualenvs/pumpwood-airflow-images/lib/python3.6/site-packages/airflow/example_dags/example_dag_decorator.py
[2021-06-07 18:48:49,733] {logging_mixin.py:104} INFO - [2021-06-07 18:48:49,733] {dag.py:1832} INFO - Sync 1 DAGs
[2021-06-07 18:48:49,741] {logging_mixin.py:104} INFO - [2021-06-07 18:48:49,741] {dag.py:2305} INFO - Setting next_dagrun for example_dag_decorator to None
[2021-06-07 18:48:49,749] {scheduler_job.py:190} INFO - Processing /home/encrypted/abaceti/.virtualenvs/pumpwood-airflow-images/lib/python3.6/site-packages/airflow/example_dags/example_dag_decorator.py took 0.038 seconds
[2021-06-07 18:49:20,787] {scheduler_job.py:182} INFO - Started process (PID=9025) to work on /home/encrypted/abaceti/.virtualenvs/pumpwood-airflow-images/lib/python3.6/site-packages/airflow/example_dags/example_dag_decorator.py
[2021-06-07 18:49:20,788] {scheduler_job.py:633} INFO - Processing file /home/encrypted/abaceti/.virtualenvs/pumpwood-airflow-images/lib/python3.6/site-packages/airflow/example_dags/example_dag_decorator.py for tasks to queue
[2021-06-07 18:49:20,788] {logging_mixin.py:104} INFO - [2021-06-07 18:49:20,788] {dagbag.py:487} INFO - Filling up the DagBag from /home/encrypted/abaceti/.virtualenvs/pumpwood-airflow-images/lib/python3.6/site-packages/airflow/example_dags/example_dag_decorator.py
[2021-06-07 18:49:20,797] {scheduler_job.py:643} INFO - DAG(s) dict_keys(['example_dag_decorator']) retrieved from /home/encrypted/abaceti/.virtualenvs/pumpwood-airflow-images/lib/python3.6/site-packages/airflow/example_dags/example_dag_decorator.py
[2021-06-07 18:49:20,908] {logging_mixin.py:104} INFO - [2021-06-07 18:49:20,908] {dag.py:1832} INFO - Sync 1 DAGs
[2021-06-07 18:49:20,916] {logging_mixin.py:104} INFO - [2021-06-07 18:49:20,916] {dag.py:2305} INFO - Setting next_dagrun for example_dag_decorator to None
[2021-06-07 18:49:20,923] {scheduler_job.py:190} INFO - Processing /home/encrypted/abaceti/.virtualenvs/pumpwood-airflow-images/lib/python3.6/site-packages/airflow/example_dags/example_dag_decorator.py took 0.138 seconds
[2021-06-07 18:49:51,109] {scheduler_job.py:182} INFO - Started process (PID=9205) to work on /home/encrypted/abaceti/.virtualenvs/pumpwood-airflow-images/lib/python3.6/site-packages/airflow/example_dags/example_dag_decorator.py
[2021-06-07 18:49:51,110] {scheduler_job.py:633} INFO - Processing file /home/encrypted/abaceti/.virtualenvs/pumpwood-airflow-images/lib/python3.6/site-packages/airflow/example_dags/example_dag_decorator.py for tasks to queue
[2021-06-07 18:49:51,110] {logging_mixin.py:104} INFO - [2021-06-07 18:49:51,110] {dagbag.py:487} INFO - Filling up the DagBag from /home/encrypted/abaceti/.virtualenvs/pumpwood-airflow-images/lib/python3.6/site-packages/airflow/example_dags/example_dag_decorator.py
[2021-06-07 18:49:51,119] {scheduler_job.py:643} INFO - DAG(s) dict_keys(['example_dag_decorator']) retrieved from /home/encrypted/abaceti/.virtualenvs/pumpwood-airflow-images/lib/python3.6/site-packages/airflow/example_dags/example_dag_decorator.py
[2021-06-07 18:49:51,237] {logging_mixin.py:104} INFO - [2021-06-07 18:49:51,237] {dag.py:1832} INFO - Sync 1 DAGs
[2021-06-07 18:49:51,247] {logging_mixin.py:104} INFO - [2021-06-07 18:49:51,247] {dag.py:2305} INFO - Setting next_dagrun for example_dag_decorator to None
[2021-06-07 18:49:51,254] {scheduler_job.py:190} INFO - Processing /home/encrypted/abaceti/.virtualenvs/pumpwood-airflow-images/lib/python3.6/site-packages/airflow/example_dags/example_dag_decorator.py took 0.146 seconds
[2021-06-07 18:50:21,325] {scheduler_job.py:182} INFO - Started process (PID=9443) to work on /home/encrypted/abaceti/.virtualenvs/pumpwood-airflow-images/lib/python3.6/site-packages/airflow/example_dags/example_dag_decorator.py
[2021-06-07 18:50:21,326] {scheduler_job.py:633} INFO - Processing file /home/encrypted/abaceti/.virtualenvs/pumpwood-airflow-images/lib/python3.6/site-packages/airflow/example_dags/example_dag_decorator.py for tasks to queue
[2021-06-07 18:50:21,326] {logging_mixin.py:104} INFO - [2021-06-07 18:50:21,326] {dagbag.py:487} INFO - Filling up the DagBag from /home/encrypted/abaceti/.virtualenvs/pumpwood-airflow-images/lib/python3.6/site-packages/airflow/example_dags/example_dag_decorator.py
[2021-06-07 18:50:21,335] {scheduler_job.py:643} INFO - DAG(s) dict_keys(['example_dag_decorator']) retrieved from /home/encrypted/abaceti/.virtualenvs/pumpwood-airflow-images/lib/python3.6/site-packages/airflow/example_dags/example_dag_decorator.py
[2021-06-07 18:50:21,451] {logging_mixin.py:104} INFO - [2021-06-07 18:50:21,451] {dag.py:1832} INFO - Sync 1 DAGs
[2021-06-07 18:50:21,459] {logging_mixin.py:104} INFO - [2021-06-07 18:50:21,458] {dag.py:2305} INFO - Setting next_dagrun for example_dag_decorator to None
[2021-06-07 18:50:21,466] {scheduler_job.py:190} INFO - Processing /home/encrypted/abaceti/.virtualenvs/pumpwood-airflow-images/lib/python3.6/site-packages/airflow/example_dags/example_dag_decorator.py took 0.143 seconds
[2021-06-07 18:50:51,556] {scheduler_job.py:182} INFO - Started process (PID=9600) to work on /home/encrypted/abaceti/.virtualenvs/pumpwood-airflow-images/lib/python3.6/site-packages/airflow/example_dags/example_dag_decorator.py
[2021-06-07 18:50:51,556] {scheduler_job.py:633} INFO - Processing file /home/encrypted/abaceti/.virtualenvs/pumpwood-airflow-images/lib/python3.6/site-packages/airflow/example_dags/example_dag_decorator.py for tasks to queue
[2021-06-07 18:50:51,557] {logging_mixin.py:104} INFO - [2021-06-07 18:50:51,557] {dagbag.py:487} INFO - Filling up the DagBag from /home/encrypted/abaceti/.virtualenvs/pumpwood-airflow-images/lib/python3.6/site-packages/airflow/example_dags/example_dag_decorator.py
[2021-06-07 18:50:51,566] {scheduler_job.py:643} INFO - DAG(s) dict_keys(['example_dag_decorator']) retrieved from /home/encrypted/abaceti/.virtualenvs/pumpwood-airflow-images/lib/python3.6/site-packages/airflow/example_dags/example_dag_decorator.py
[2021-06-07 18:50:51,676] {logging_mixin.py:104} INFO - [2021-06-07 18:50:51,676] {dag.py:1832} INFO - Sync 1 DAGs
[2021-06-07 18:50:51,684] {logging_mixin.py:104} INFO - [2021-06-07 18:50:51,684] {dag.py:2305} INFO - Setting next_dagrun for example_dag_decorator to None
[2021-06-07 18:50:51,691] {scheduler_job.py:190} INFO - Processing /home/encrypted/abaceti/.virtualenvs/pumpwood-airflow-images/lib/python3.6/site-packages/airflow/example_dags/example_dag_decorator.py took 0.136 seconds
[2021-06-07 18:51:21,706] {scheduler_job.py:182} INFO - Started process (PID=9721) to work on /home/encrypted/abaceti/.virtualenvs/pumpwood-airflow-images/lib/python3.6/site-packages/airflow/example_dags/example_dag_decorator.py
[2021-06-07 18:51:21,707] {scheduler_job.py:633} INFO - Processing file /home/encrypted/abaceti/.virtualenvs/pumpwood-airflow-images/lib/python3.6/site-packages/airflow/example_dags/example_dag_decorator.py for tasks to queue
[2021-06-07 18:51:21,707] {logging_mixin.py:104} INFO - [2021-06-07 18:51:21,707] {dagbag.py:487} INFO - Filling up the DagBag from /home/encrypted/abaceti/.virtualenvs/pumpwood-airflow-images/lib/python3.6/site-packages/airflow/example_dags/example_dag_decorator.py
[2021-06-07 18:51:21,716] {scheduler_job.py:643} INFO - DAG(s) dict_keys(['example_dag_decorator']) retrieved from /home/encrypted/abaceti/.virtualenvs/pumpwood-airflow-images/lib/python3.6/site-packages/airflow/example_dags/example_dag_decorator.py
[2021-06-07 18:51:21,835] {logging_mixin.py:104} INFO - [2021-06-07 18:51:21,835] {dag.py:1832} INFO - Sync 1 DAGs
[2021-06-07 18:51:21,843] {logging_mixin.py:104} INFO - [2021-06-07 18:51:21,842] {dag.py:2305} INFO - Setting next_dagrun for example_dag_decorator to None
[2021-06-07 18:51:21,849] {scheduler_job.py:190} INFO - Processing /home/encrypted/abaceti/.virtualenvs/pumpwood-airflow-images/lib/python3.6/site-packages/airflow/example_dags/example_dag_decorator.py took 0.144 seconds
[2021-06-07 18:51:51,882] {scheduler_job.py:182} INFO - Started process (PID=9886) to work on /home/encrypted/abaceti/.virtualenvs/pumpwood-airflow-images/lib/python3.6/site-packages/airflow/example_dags/example_dag_decorator.py
[2021-06-07 18:51:51,882] {scheduler_job.py:633} INFO - Processing file /home/encrypted/abaceti/.virtualenvs/pumpwood-airflow-images/lib/python3.6/site-packages/airflow/example_dags/example_dag_decorator.py for tasks to queue
[2021-06-07 18:51:51,882] {logging_mixin.py:104} INFO - [2021-06-07 18:51:51,882] {dagbag.py:487} INFO - Filling up the DagBag from /home/encrypted/abaceti/.virtualenvs/pumpwood-airflow-images/lib/python3.6/site-packages/airflow/example_dags/example_dag_decorator.py
[2021-06-07 18:51:51,893] {scheduler_job.py:643} INFO - DAG(s) dict_keys(['example_dag_decorator']) retrieved from /home/encrypted/abaceti/.virtualenvs/pumpwood-airflow-images/lib/python3.6/site-packages/airflow/example_dags/example_dag_decorator.py
[2021-06-07 18:51:52,030] {logging_mixin.py:104} INFO - [2021-06-07 18:51:52,030] {dag.py:1832} INFO - Sync 1 DAGs
[2021-06-07 18:51:52,044] {logging_mixin.py:104} INFO - [2021-06-07 18:51:52,044] {dag.py:2305} INFO - Setting next_dagrun for example_dag_decorator to None
[2021-06-07 18:51:52,051] {scheduler_job.py:190} INFO - Processing /home/encrypted/abaceti/.virtualenvs/pumpwood-airflow-images/lib/python3.6/site-packages/airflow/example_dags/example_dag_decorator.py took 0.172 seconds
[2021-06-07 18:52:22,118] {scheduler_job.py:182} INFO - Started process (PID=10005) to work on /home/encrypted/abaceti/.virtualenvs/pumpwood-airflow-images/lib/python3.6/site-packages/airflow/example_dags/example_dag_decorator.py
[2021-06-07 18:52:22,119] {scheduler_job.py:633} INFO - Processing file /home/encrypted/abaceti/.virtualenvs/pumpwood-airflow-images/lib/python3.6/site-packages/airflow/example_dags/example_dag_decorator.py for tasks to queue
[2021-06-07 18:52:22,119] {logging_mixin.py:104} INFO - [2021-06-07 18:52:22,119] {dagbag.py:487} INFO - Filling up the DagBag from /home/encrypted/abaceti/.virtualenvs/pumpwood-airflow-images/lib/python3.6/site-packages/airflow/example_dags/example_dag_decorator.py
[2021-06-07 18:52:22,129] {scheduler_job.py:643} INFO - DAG(s) dict_keys(['example_dag_decorator']) retrieved from /home/encrypted/abaceti/.virtualenvs/pumpwood-airflow-images/lib/python3.6/site-packages/airflow/example_dags/example_dag_decorator.py
[2021-06-07 18:52:22,246] {logging_mixin.py:104} INFO - [2021-06-07 18:52:22,246] {dag.py:1832} INFO - Sync 1 DAGs
[2021-06-07 18:52:22,254] {logging_mixin.py:104} INFO - [2021-06-07 18:52:22,254] {dag.py:2305} INFO - Setting next_dagrun for example_dag_decorator to None
[2021-06-07 18:52:22,260] {scheduler_job.py:190} INFO - Processing /home/encrypted/abaceti/.virtualenvs/pumpwood-airflow-images/lib/python3.6/site-packages/airflow/example_dags/example_dag_decorator.py took 0.144 seconds
[2021-06-07 18:52:53,264] {scheduler_job.py:182} INFO - Started process (PID=10815) to work on /home/encrypted/abaceti/.virtualenvs/pumpwood-airflow-images/lib/python3.6/site-packages/airflow/example_dags/example_dag_decorator.py
[2021-06-07 18:52:53,264] {scheduler_job.py:633} INFO - Processing file /home/encrypted/abaceti/.virtualenvs/pumpwood-airflow-images/lib/python3.6/site-packages/airflow/example_dags/example_dag_decorator.py for tasks to queue
[2021-06-07 18:52:53,265] {logging_mixin.py:104} INFO - [2021-06-07 18:52:53,265] {dagbag.py:487} INFO - Filling up the DagBag from /home/encrypted/abaceti/.virtualenvs/pumpwood-airflow-images/lib/python3.6/site-packages/airflow/example_dags/example_dag_decorator.py
[2021-06-07 18:52:53,274] {scheduler_job.py:643} INFO - DAG(s) dict_keys(['example_dag_decorator']) retrieved from /home/encrypted/abaceti/.virtualenvs/pumpwood-airflow-images/lib/python3.6/site-packages/airflow/example_dags/example_dag_decorator.py
[2021-06-07 18:52:53,382] {logging_mixin.py:104} INFO - [2021-06-07 18:52:53,382] {dag.py:1832} INFO - Sync 1 DAGs
[2021-06-07 18:52:53,390] {logging_mixin.py:104} INFO - [2021-06-07 18:52:53,390] {dag.py:2305} INFO - Setting next_dagrun for example_dag_decorator to None
[2021-06-07 18:52:53,395] {scheduler_job.py:190} INFO - Processing /home/encrypted/abaceti/.virtualenvs/pumpwood-airflow-images/lib/python3.6/site-packages/airflow/example_dags/example_dag_decorator.py took 0.133 seconds
[2021-06-07 18:53:23,433] {scheduler_job.py:182} INFO - Started process (PID=11139) to work on /home/encrypted/abaceti/.virtualenvs/pumpwood-airflow-images/lib/python3.6/site-packages/airflow/example_dags/example_dag_decorator.py
[2021-06-07 18:53:23,433] {scheduler_job.py:633} INFO - Processing file /home/encrypted/abaceti/.virtualenvs/pumpwood-airflow-images/lib/python3.6/site-packages/airflow/example_dags/example_dag_decorator.py for tasks to queue
[2021-06-07 18:53:23,434] {logging_mixin.py:104} INFO - [2021-06-07 18:53:23,434] {dagbag.py:487} INFO - Filling up the DagBag from /home/encrypted/abaceti/.virtualenvs/pumpwood-airflow-images/lib/python3.6/site-packages/airflow/example_dags/example_dag_decorator.py
[2021-06-07 18:53:23,443] {scheduler_job.py:643} INFO - DAG(s) dict_keys(['example_dag_decorator']) retrieved from /home/encrypted/abaceti/.virtualenvs/pumpwood-airflow-images/lib/python3.6/site-packages/airflow/example_dags/example_dag_decorator.py
[2021-06-07 18:53:23,551] {logging_mixin.py:104} INFO - [2021-06-07 18:53:23,551] {dag.py:1832} INFO - Sync 1 DAGs
[2021-06-07 18:53:23,559] {logging_mixin.py:104} INFO - [2021-06-07 18:53:23,559] {dag.py:2305} INFO - Setting next_dagrun for example_dag_decorator to None
[2021-06-07 18:53:23,565] {scheduler_job.py:190} INFO - Processing /home/encrypted/abaceti/.virtualenvs/pumpwood-airflow-images/lib/python3.6/site-packages/airflow/example_dags/example_dag_decorator.py took 0.133 seconds
[2021-06-07 18:53:53,689] {scheduler_job.py:182} INFO - Started process (PID=11529) to work on /home/encrypted/abaceti/.virtualenvs/pumpwood-airflow-images/lib/python3.6/site-packages/airflow/example_dags/example_dag_decorator.py
[2021-06-07 18:53:53,690] {scheduler_job.py:633} INFO - Processing file /home/encrypted/abaceti/.virtualenvs/pumpwood-airflow-images/lib/python3.6/site-packages/airflow/example_dags/example_dag_decorator.py for tasks to queue
[2021-06-07 18:53:53,690] {logging_mixin.py:104} INFO - [2021-06-07 18:53:53,690] {dagbag.py:487} INFO - Filling up the DagBag from /home/encrypted/abaceti/.virtualenvs/pumpwood-airflow-images/lib/python3.6/site-packages/airflow/example_dags/example_dag_decorator.py
[2021-06-07 18:53:53,699] {scheduler_job.py:643} INFO - DAG(s) dict_keys(['example_dag_decorator']) retrieved from /home/encrypted/abaceti/.virtualenvs/pumpwood-airflow-images/lib/python3.6/site-packages/airflow/example_dags/example_dag_decorator.py
[2021-06-07 18:53:53,809] {logging_mixin.py:104} INFO - [2021-06-07 18:53:53,809] {dag.py:1832} INFO - Sync 1 DAGs
[2021-06-07 18:53:53,817] {logging_mixin.py:104} INFO - [2021-06-07 18:53:53,816] {dag.py:2305} INFO - Setting next_dagrun for example_dag_decorator to None
[2021-06-07 18:53:53,823] {scheduler_job.py:190} INFO - Processing /home/encrypted/abaceti/.virtualenvs/pumpwood-airflow-images/lib/python3.6/site-packages/airflow/example_dags/example_dag_decorator.py took 0.135 seconds
[2021-06-07 18:54:24,776] {scheduler_job.py:182} INFO - Started process (PID=11934) to work on /home/encrypted/abaceti/.virtualenvs/pumpwood-airflow-images/lib/python3.6/site-packages/airflow/example_dags/example_dag_decorator.py
[2021-06-07 18:54:24,777] {scheduler_job.py:633} INFO - Processing file /home/encrypted/abaceti/.virtualenvs/pumpwood-airflow-images/lib/python3.6/site-packages/airflow/example_dags/example_dag_decorator.py for tasks to queue
[2021-06-07 18:54:24,777] {logging_mixin.py:104} INFO - [2021-06-07 18:54:24,777] {dagbag.py:487} INFO - Filling up the DagBag from /home/encrypted/abaceti/.virtualenvs/pumpwood-airflow-images/lib/python3.6/site-packages/airflow/example_dags/example_dag_decorator.py
[2021-06-07 18:54:24,786] {scheduler_job.py:643} INFO - DAG(s) dict_keys(['example_dag_decorator']) retrieved from /home/encrypted/abaceti/.virtualenvs/pumpwood-airflow-images/lib/python3.6/site-packages/airflow/example_dags/example_dag_decorator.py
[2021-06-07 18:54:24,801] {logging_mixin.py:104} INFO - [2021-06-07 18:54:24,801] {dag.py:1832} INFO - Sync 1 DAGs
[2021-06-07 18:54:24,809] {logging_mixin.py:104} INFO - [2021-06-07 18:54:24,809] {dag.py:2305} INFO - Setting next_dagrun for example_dag_decorator to None
[2021-06-07 18:54:24,815] {scheduler_job.py:190} INFO - Processing /home/encrypted/abaceti/.virtualenvs/pumpwood-airflow-images/lib/python3.6/site-packages/airflow/example_dags/example_dag_decorator.py took 0.040 seconds
[2021-06-07 18:54:54,950] {scheduler_job.py:182} INFO - Started process (PID=12149) to work on /home/encrypted/abaceti/.virtualenvs/pumpwood-airflow-images/lib/python3.6/site-packages/airflow/example_dags/example_dag_decorator.py
[2021-06-07 18:54:54,951] {scheduler_job.py:633} INFO - Processing file /home/encrypted/abaceti/.virtualenvs/pumpwood-airflow-images/lib/python3.6/site-packages/airflow/example_dags/example_dag_decorator.py for tasks to queue
[2021-06-07 18:54:54,951] {logging_mixin.py:104} INFO - [2021-06-07 18:54:54,951] {dagbag.py:487} INFO - Filling up the DagBag from /home/encrypted/abaceti/.virtualenvs/pumpwood-airflow-images/lib/python3.6/site-packages/airflow/example_dags/example_dag_decorator.py
[2021-06-07 18:54:54,961] {scheduler_job.py:643} INFO - DAG(s) dict_keys(['example_dag_decorator']) retrieved from /home/encrypted/abaceti/.virtualenvs/pumpwood-airflow-images/lib/python3.6/site-packages/airflow/example_dags/example_dag_decorator.py
[2021-06-07 18:54:55,070] {logging_mixin.py:104} INFO - [2021-06-07 18:54:55,070] {dag.py:1832} INFO - Sync 1 DAGs
[2021-06-07 18:54:55,077] {logging_mixin.py:104} INFO - [2021-06-07 18:54:55,077] {dag.py:2305} INFO - Setting next_dagrun for example_dag_decorator to None
[2021-06-07 18:54:55,084] {scheduler_job.py:190} INFO - Processing /home/encrypted/abaceti/.virtualenvs/pumpwood-airflow-images/lib/python3.6/site-packages/airflow/example_dags/example_dag_decorator.py took 0.136 seconds
[2021-06-07 18:55:25,118] {scheduler_job.py:182} INFO - Started process (PID=12327) to work on /home/encrypted/abaceti/.virtualenvs/pumpwood-airflow-images/lib/python3.6/site-packages/airflow/example_dags/example_dag_decorator.py
[2021-06-07 18:55:25,118] {scheduler_job.py:633} INFO - Processing file /home/encrypted/abaceti/.virtualenvs/pumpwood-airflow-images/lib/python3.6/site-packages/airflow/example_dags/example_dag_decorator.py for tasks to queue
[2021-06-07 18:55:25,119] {logging_mixin.py:104} INFO - [2021-06-07 18:55:25,119] {dagbag.py:487} INFO - Filling up the DagBag from /home/encrypted/abaceti/.virtualenvs/pumpwood-airflow-images/lib/python3.6/site-packages/airflow/example_dags/example_dag_decorator.py
[2021-06-07 18:55:25,128] {scheduler_job.py:643} INFO - DAG(s) dict_keys(['example_dag_decorator']) retrieved from /home/encrypted/abaceti/.virtualenvs/pumpwood-airflow-images/lib/python3.6/site-packages/airflow/example_dags/example_dag_decorator.py
[2021-06-07 18:55:25,242] {logging_mixin.py:104} INFO - [2021-06-07 18:55:25,242] {dag.py:1832} INFO - Sync 1 DAGs
[2021-06-07 18:55:25,250] {logging_mixin.py:104} INFO - [2021-06-07 18:55:25,249] {dag.py:2305} INFO - Setting next_dagrun for example_dag_decorator to None
[2021-06-07 18:55:25,255] {scheduler_job.py:190} INFO - Processing /home/encrypted/abaceti/.virtualenvs/pumpwood-airflow-images/lib/python3.6/site-packages/airflow/example_dags/example_dag_decorator.py took 0.139 seconds
[2021-06-07 18:55:55,291] {scheduler_job.py:182} INFO - Started process (PID=12553) to work on /home/encrypted/abaceti/.virtualenvs/pumpwood-airflow-images/lib/python3.6/site-packages/airflow/example_dags/example_dag_decorator.py
[2021-06-07 18:55:55,292] {scheduler_job.py:633} INFO - Processing file /home/encrypted/abaceti/.virtualenvs/pumpwood-airflow-images/lib/python3.6/site-packages/airflow/example_dags/example_dag_decorator.py for tasks to queue
[2021-06-07 18:55:55,292] {logging_mixin.py:104} INFO - [2021-06-07 18:55:55,292] {dagbag.py:487} INFO - Filling up the DagBag from /home/encrypted/abaceti/.virtualenvs/pumpwood-airflow-images/lib/python3.6/site-packages/airflow/example_dags/example_dag_decorator.py
[2021-06-07 18:55:55,302] {scheduler_job.py:643} INFO - DAG(s) dict_keys(['example_dag_decorator']) retrieved from /home/encrypted/abaceti/.virtualenvs/pumpwood-airflow-images/lib/python3.6/site-packages/airflow/example_dags/example_dag_decorator.py
[2021-06-07 18:55:55,407] {logging_mixin.py:104} INFO - [2021-06-07 18:55:55,407] {dag.py:1832} INFO - Sync 1 DAGs
[2021-06-07 18:55:55,414] {logging_mixin.py:104} INFO - [2021-06-07 18:55:55,414] {dag.py:2305} INFO - Setting next_dagrun for example_dag_decorator to None
[2021-06-07 18:55:55,420] {scheduler_job.py:190} INFO - Processing /home/encrypted/abaceti/.virtualenvs/pumpwood-airflow-images/lib/python3.6/site-packages/airflow/example_dags/example_dag_decorator.py took 0.130 seconds
[2021-06-07 18:56:25,524] {scheduler_job.py:182} INFO - Started process (PID=12771) to work on /home/encrypted/abaceti/.virtualenvs/pumpwood-airflow-images/lib/python3.6/site-packages/airflow/example_dags/example_dag_decorator.py
[2021-06-07 18:56:25,524] {scheduler_job.py:633} INFO - Processing file /home/encrypted/abaceti/.virtualenvs/pumpwood-airflow-images/lib/python3.6/site-packages/airflow/example_dags/example_dag_decorator.py for tasks to queue
[2021-06-07 18:56:25,524] {logging_mixin.py:104} INFO - [2021-06-07 18:56:25,524] {dagbag.py:487} INFO - Filling up the DagBag from /home/encrypted/abaceti/.virtualenvs/pumpwood-airflow-images/lib/python3.6/site-packages/airflow/example_dags/example_dag_decorator.py
[2021-06-07 18:56:25,534] {scheduler_job.py:643} INFO - DAG(s) dict_keys(['example_dag_decorator']) retrieved from /home/encrypted/abaceti/.virtualenvs/pumpwood-airflow-images/lib/python3.6/site-packages/airflow/example_dags/example_dag_decorator.py
[2021-06-07 18:56:25,645] {logging_mixin.py:104} INFO - [2021-06-07 18:56:25,645] {dag.py:1832} INFO - Sync 1 DAGs
[2021-06-07 18:56:25,653] {logging_mixin.py:104} INFO - [2021-06-07 18:56:25,652] {dag.py:2305} INFO - Setting next_dagrun for example_dag_decorator to None
[2021-06-07 18:56:25,659] {scheduler_job.py:190} INFO - Processing /home/encrypted/abaceti/.virtualenvs/pumpwood-airflow-images/lib/python3.6/site-packages/airflow/example_dags/example_dag_decorator.py took 0.136 seconds
[2021-06-07 18:56:56,430] {scheduler_job.py:182} INFO - Started process (PID=12948) to work on /home/encrypted/abaceti/.virtualenvs/pumpwood-airflow-images/lib/python3.6/site-packages/airflow/example_dags/example_dag_decorator.py
[2021-06-07 18:56:56,430] {scheduler_job.py:633} INFO - Processing file /home/encrypted/abaceti/.virtualenvs/pumpwood-airflow-images/lib/python3.6/site-packages/airflow/example_dags/example_dag_decorator.py for tasks to queue
[2021-06-07 18:56:56,430] {logging_mixin.py:104} INFO - [2021-06-07 18:56:56,430] {dagbag.py:487} INFO - Filling up the DagBag from /home/encrypted/abaceti/.virtualenvs/pumpwood-airflow-images/lib/python3.6/site-packages/airflow/example_dags/example_dag_decorator.py
[2021-06-07 18:56:56,439] {scheduler_job.py:643} INFO - DAG(s) dict_keys(['example_dag_decorator']) retrieved from /home/encrypted/abaceti/.virtualenvs/pumpwood-airflow-images/lib/python3.6/site-packages/airflow/example_dags/example_dag_decorator.py
[2021-06-07 18:56:56,454] {logging_mixin.py:104} INFO - [2021-06-07 18:56:56,454] {dag.py:1832} INFO - Sync 1 DAGs
[2021-06-07 18:56:56,463] {logging_mixin.py:104} INFO - [2021-06-07 18:56:56,463] {dag.py:2305} INFO - Setting next_dagrun for example_dag_decorator to None
[2021-06-07 18:56:56,470] {scheduler_job.py:190} INFO - Processing /home/encrypted/abaceti/.virtualenvs/pumpwood-airflow-images/lib/python3.6/site-packages/airflow/example_dags/example_dag_decorator.py took 0.042 seconds
[2021-06-07 18:57:27,424] {scheduler_job.py:182} INFO - Started process (PID=13066) to work on /home/encrypted/abaceti/.virtualenvs/pumpwood-airflow-images/lib/python3.6/site-packages/airflow/example_dags/example_dag_decorator.py
[2021-06-07 18:57:27,424] {scheduler_job.py:633} INFO - Processing file /home/encrypted/abaceti/.virtualenvs/pumpwood-airflow-images/lib/python3.6/site-packages/airflow/example_dags/example_dag_decorator.py for tasks to queue
[2021-06-07 18:57:27,424] {logging_mixin.py:104} INFO - [2021-06-07 18:57:27,424] {dagbag.py:487} INFO - Filling up the DagBag from /home/encrypted/abaceti/.virtualenvs/pumpwood-airflow-images/lib/python3.6/site-packages/airflow/example_dags/example_dag_decorator.py
[2021-06-07 18:57:27,433] {scheduler_job.py:643} INFO - DAG(s) dict_keys(['example_dag_decorator']) retrieved from /home/encrypted/abaceti/.virtualenvs/pumpwood-airflow-images/lib/python3.6/site-packages/airflow/example_dags/example_dag_decorator.py
[2021-06-07 18:57:27,544] {logging_mixin.py:104} INFO - [2021-06-07 18:57:27,544] {dag.py:1832} INFO - Sync 1 DAGs
[2021-06-07 18:57:27,552] {logging_mixin.py:104} INFO - [2021-06-07 18:57:27,551] {dag.py:2305} INFO - Setting next_dagrun for example_dag_decorator to None
[2021-06-07 18:57:27,558] {scheduler_job.py:190} INFO - Processing /home/encrypted/abaceti/.virtualenvs/pumpwood-airflow-images/lib/python3.6/site-packages/airflow/example_dags/example_dag_decorator.py took 0.136 seconds
[2021-06-07 18:57:57,760] {scheduler_job.py:182} INFO - Started process (PID=13244) to work on /home/encrypted/abaceti/.virtualenvs/pumpwood-airflow-images/lib/python3.6/site-packages/airflow/example_dags/example_dag_decorator.py
[2021-06-07 18:57:57,760] {scheduler_job.py:633} INFO - Processing file /home/encrypted/abaceti/.virtualenvs/pumpwood-airflow-images/lib/python3.6/site-packages/airflow/example_dags/example_dag_decorator.py for tasks to queue
[2021-06-07 18:57:57,760] {logging_mixin.py:104} INFO - [2021-06-07 18:57:57,760] {dagbag.py:487} INFO - Filling up the DagBag from /home/encrypted/abaceti/.virtualenvs/pumpwood-airflow-images/lib/python3.6/site-packages/airflow/example_dags/example_dag_decorator.py
[2021-06-07 18:57:57,770] {scheduler_job.py:643} INFO - DAG(s) dict_keys(['example_dag_decorator']) retrieved from /home/encrypted/abaceti/.virtualenvs/pumpwood-airflow-images/lib/python3.6/site-packages/airflow/example_dags/example_dag_decorator.py
[2021-06-07 18:57:57,893] {logging_mixin.py:104} INFO - [2021-06-07 18:57:57,893] {dag.py:1832} INFO - Sync 1 DAGs
[2021-06-07 18:57:57,902] {logging_mixin.py:104} INFO - [2021-06-07 18:57:57,901] {dag.py:2305} INFO - Setting next_dagrun for example_dag_decorator to None
[2021-06-07 18:57:57,909] {scheduler_job.py:190} INFO - Processing /home/encrypted/abaceti/.virtualenvs/pumpwood-airflow-images/lib/python3.6/site-packages/airflow/example_dags/example_dag_decorator.py took 0.151 seconds
[2021-06-07 18:58:28,718] {scheduler_job.py:182} INFO - Started process (PID=13353) to work on /home/encrypted/abaceti/.virtualenvs/pumpwood-airflow-images/lib/python3.6/site-packages/airflow/example_dags/example_dag_decorator.py
[2021-06-07 18:58:28,719] {scheduler_job.py:633} INFO - Processing file /home/encrypted/abaceti/.virtualenvs/pumpwood-airflow-images/lib/python3.6/site-packages/airflow/example_dags/example_dag_decorator.py for tasks to queue
[2021-06-07 18:58:28,719] {logging_mixin.py:104} INFO - [2021-06-07 18:58:28,719] {dagbag.py:487} INFO - Filling up the DagBag from /home/encrypted/abaceti/.virtualenvs/pumpwood-airflow-images/lib/python3.6/site-packages/airflow/example_dags/example_dag_decorator.py
[2021-06-07 18:58:28,730] {scheduler_job.py:643} INFO - DAG(s) dict_keys(['example_dag_decorator']) retrieved from /home/encrypted/abaceti/.virtualenvs/pumpwood-airflow-images/lib/python3.6/site-packages/airflow/example_dags/example_dag_decorator.py
[2021-06-07 18:58:28,842] {logging_mixin.py:104} INFO - [2021-06-07 18:58:28,842] {dag.py:1832} INFO - Sync 1 DAGs
[2021-06-07 18:58:28,850] {logging_mixin.py:104} INFO - [2021-06-07 18:58:28,850] {dag.py:2305} INFO - Setting next_dagrun for example_dag_decorator to None
[2021-06-07 18:58:28,857] {scheduler_job.py:190} INFO - Processing /home/encrypted/abaceti/.virtualenvs/pumpwood-airflow-images/lib/python3.6/site-packages/airflow/example_dags/example_dag_decorator.py took 0.140 seconds
[2021-06-07 18:58:59,971] {scheduler_job.py:182} INFO - Started process (PID=13532) to work on /home/encrypted/abaceti/.virtualenvs/pumpwood-airflow-images/lib/python3.6/site-packages/airflow/example_dags/example_dag_decorator.py
[2021-06-07 18:58:59,971] {scheduler_job.py:633} INFO - Processing file /home/encrypted/abaceti/.virtualenvs/pumpwood-airflow-images/lib/python3.6/site-packages/airflow/example_dags/example_dag_decorator.py for tasks to queue
[2021-06-07 18:58:59,972] {logging_mixin.py:104} INFO - [2021-06-07 18:58:59,972] {dagbag.py:487} INFO - Filling up the DagBag from /home/encrypted/abaceti/.virtualenvs/pumpwood-airflow-images/lib/python3.6/site-packages/airflow/example_dags/example_dag_decorator.py
[2021-06-07 18:58:59,980] {scheduler_job.py:643} INFO - DAG(s) dict_keys(['example_dag_decorator']) retrieved from /home/encrypted/abaceti/.virtualenvs/pumpwood-airflow-images/lib/python3.6/site-packages/airflow/example_dags/example_dag_decorator.py
[2021-06-07 18:59:00,089] {logging_mixin.py:104} INFO - [2021-06-07 18:59:00,089] {dag.py:1832} INFO - Sync 1 DAGs
[2021-06-07 18:59:00,096] {logging_mixin.py:104} INFO - [2021-06-07 18:59:00,096] {dag.py:2305} INFO - Setting next_dagrun for example_dag_decorator to None
[2021-06-07 18:59:00,103] {scheduler_job.py:190} INFO - Processing /home/encrypted/abaceti/.virtualenvs/pumpwood-airflow-images/lib/python3.6/site-packages/airflow/example_dags/example_dag_decorator.py took 0.133 seconds
[2021-06-07 18:59:30,164] {scheduler_job.py:182} INFO - Started process (PID=13660) to work on /home/encrypted/abaceti/.virtualenvs/pumpwood-airflow-images/lib/python3.6/site-packages/airflow/example_dags/example_dag_decorator.py
[2021-06-07 18:59:30,165] {scheduler_job.py:633} INFO - Processing file /home/encrypted/abaceti/.virtualenvs/pumpwood-airflow-images/lib/python3.6/site-packages/airflow/example_dags/example_dag_decorator.py for tasks to queue
[2021-06-07 18:59:30,165] {logging_mixin.py:104} INFO - [2021-06-07 18:59:30,165] {dagbag.py:487} INFO - Filling up the DagBag from /home/encrypted/abaceti/.virtualenvs/pumpwood-airflow-images/lib/python3.6/site-packages/airflow/example_dags/example_dag_decorator.py
[2021-06-07 18:59:30,175] {scheduler_job.py:643} INFO - DAG(s) dict_keys(['example_dag_decorator']) retrieved from /home/encrypted/abaceti/.virtualenvs/pumpwood-airflow-images/lib/python3.6/site-packages/airflow/example_dags/example_dag_decorator.py
[2021-06-07 18:59:30,287] {logging_mixin.py:104} INFO - [2021-06-07 18:59:30,287] {dag.py:1832} INFO - Sync 1 DAGs
[2021-06-07 18:59:30,295] {logging_mixin.py:104} INFO - [2021-06-07 18:59:30,295] {dag.py:2305} INFO - Setting next_dagrun for example_dag_decorator to None
[2021-06-07 18:59:30,302] {scheduler_job.py:190} INFO - Processing /home/encrypted/abaceti/.virtualenvs/pumpwood-airflow-images/lib/python3.6/site-packages/airflow/example_dags/example_dag_decorator.py took 0.139 seconds
[2021-06-07 19:00:00,335] {scheduler_job.py:182} INFO - Started process (PID=13823) to work on /home/encrypted/abaceti/.virtualenvs/pumpwood-airflow-images/lib/python3.6/site-packages/airflow/example_dags/example_dag_decorator.py
[2021-06-07 19:00:00,335] {scheduler_job.py:633} INFO - Processing file /home/encrypted/abaceti/.virtualenvs/pumpwood-airflow-images/lib/python3.6/site-packages/airflow/example_dags/example_dag_decorator.py for tasks to queue
[2021-06-07 19:00:00,336] {logging_mixin.py:104} INFO - [2021-06-07 19:00:00,336] {dagbag.py:487} INFO - Filling up the DagBag from /home/encrypted/abaceti/.virtualenvs/pumpwood-airflow-images/lib/python3.6/site-packages/airflow/example_dags/example_dag_decorator.py
[2021-06-07 19:00:00,344] {scheduler_job.py:643} INFO - DAG(s) dict_keys(['example_dag_decorator']) retrieved from /home/encrypted/abaceti/.virtualenvs/pumpwood-airflow-images/lib/python3.6/site-packages/airflow/example_dags/example_dag_decorator.py
[2021-06-07 19:00:00,458] {logging_mixin.py:104} INFO - [2021-06-07 19:00:00,458] {dag.py:1832} INFO - Sync 1 DAGs
[2021-06-07 19:00:00,467] {logging_mixin.py:104} INFO - [2021-06-07 19:00:00,467] {dag.py:2305} INFO - Setting next_dagrun for example_dag_decorator to None
[2021-06-07 19:00:00,473] {scheduler_job.py:190} INFO - Processing /home/encrypted/abaceti/.virtualenvs/pumpwood-airflow-images/lib/python3.6/site-packages/airflow/example_dags/example_dag_decorator.py took 0.140 seconds
[2021-06-07 19:00:30,497] {scheduler_job.py:182} INFO - Started process (PID=13944) to work on /home/encrypted/abaceti/.virtualenvs/pumpwood-airflow-images/lib/python3.6/site-packages/airflow/example_dags/example_dag_decorator.py
[2021-06-07 19:00:30,497] {scheduler_job.py:633} INFO - Processing file /home/encrypted/abaceti/.virtualenvs/pumpwood-airflow-images/lib/python3.6/site-packages/airflow/example_dags/example_dag_decorator.py for tasks to queue
[2021-06-07 19:00:30,497] {logging_mixin.py:104} INFO - [2021-06-07 19:00:30,497] {dagbag.py:487} INFO - Filling up the DagBag from /home/encrypted/abaceti/.virtualenvs/pumpwood-airflow-images/lib/python3.6/site-packages/airflow/example_dags/example_dag_decorator.py
[2021-06-07 19:00:30,506] {scheduler_job.py:643} INFO - DAG(s) dict_keys(['example_dag_decorator']) retrieved from /home/encrypted/abaceti/.virtualenvs/pumpwood-airflow-images/lib/python3.6/site-packages/airflow/example_dags/example_dag_decorator.py
[2021-06-07 19:00:30,608] {logging_mixin.py:104} INFO - [2021-06-07 19:00:30,608] {dag.py:1832} INFO - Sync 1 DAGs
[2021-06-07 19:00:30,616] {logging_mixin.py:104} INFO - [2021-06-07 19:00:30,616] {dag.py:2305} INFO - Setting next_dagrun for example_dag_decorator to None
[2021-06-07 19:00:30,622] {scheduler_job.py:190} INFO - Processing /home/encrypted/abaceti/.virtualenvs/pumpwood-airflow-images/lib/python3.6/site-packages/airflow/example_dags/example_dag_decorator.py took 0.127 seconds
[2021-06-07 19:01:00,734] {scheduler_job.py:182} INFO - Started process (PID=14139) to work on /home/encrypted/abaceti/.virtualenvs/pumpwood-airflow-images/lib/python3.6/site-packages/airflow/example_dags/example_dag_decorator.py
[2021-06-07 19:01:00,735] {scheduler_job.py:633} INFO - Processing file /home/encrypted/abaceti/.virtualenvs/pumpwood-airflow-images/lib/python3.6/site-packages/airflow/example_dags/example_dag_decorator.py for tasks to queue
[2021-06-07 19:01:00,735] {logging_mixin.py:104} INFO - [2021-06-07 19:01:00,735] {dagbag.py:487} INFO - Filling up the DagBag from /home/encrypted/abaceti/.virtualenvs/pumpwood-airflow-images/lib/python3.6/site-packages/airflow/example_dags/example_dag_decorator.py
[2021-06-07 19:01:00,744] {scheduler_job.py:643} INFO - DAG(s) dict_keys(['example_dag_decorator']) retrieved from /home/encrypted/abaceti/.virtualenvs/pumpwood-airflow-images/lib/python3.6/site-packages/airflow/example_dags/example_dag_decorator.py
[2021-06-07 19:01:00,849] {logging_mixin.py:104} INFO - [2021-06-07 19:01:00,849] {dag.py:1832} INFO - Sync 1 DAGs
[2021-06-07 19:01:00,857] {logging_mixin.py:104} INFO - [2021-06-07 19:01:00,857] {dag.py:2305} INFO - Setting next_dagrun for example_dag_decorator to None
[2021-06-07 19:01:00,863] {scheduler_job.py:190} INFO - Processing /home/encrypted/abaceti/.virtualenvs/pumpwood-airflow-images/lib/python3.6/site-packages/airflow/example_dags/example_dag_decorator.py took 0.130 seconds
[2021-06-07 19:01:31,044] {scheduler_job.py:182} INFO - Started process (PID=14259) to work on /home/encrypted/abaceti/.virtualenvs/pumpwood-airflow-images/lib/python3.6/site-packages/airflow/example_dags/example_dag_decorator.py
[2021-06-07 19:01:31,044] {scheduler_job.py:633} INFO - Processing file /home/encrypted/abaceti/.virtualenvs/pumpwood-airflow-images/lib/python3.6/site-packages/airflow/example_dags/example_dag_decorator.py for tasks to queue
[2021-06-07 19:01:31,045] {logging_mixin.py:104} INFO - [2021-06-07 19:01:31,044] {dagbag.py:487} INFO - Filling up the DagBag from /home/encrypted/abaceti/.virtualenvs/pumpwood-airflow-images/lib/python3.6/site-packages/airflow/example_dags/example_dag_decorator.py
[2021-06-07 19:01:31,055] {scheduler_job.py:643} INFO - DAG(s) dict_keys(['example_dag_decorator']) retrieved from /home/encrypted/abaceti/.virtualenvs/pumpwood-airflow-images/lib/python3.6/site-packages/airflow/example_dags/example_dag_decorator.py
[2021-06-07 19:01:31,167] {logging_mixin.py:104} INFO - [2021-06-07 19:01:31,167] {dag.py:1832} INFO - Sync 1 DAGs
[2021-06-07 19:01:31,175] {logging_mixin.py:104} INFO - [2021-06-07 19:01:31,175] {dag.py:2305} INFO - Setting next_dagrun for example_dag_decorator to None
[2021-06-07 19:01:31,182] {scheduler_job.py:190} INFO - Processing /home/encrypted/abaceti/.virtualenvs/pumpwood-airflow-images/lib/python3.6/site-packages/airflow/example_dags/example_dag_decorator.py took 0.141 seconds
[2021-06-07 19:02:02,178] {scheduler_job.py:182} INFO - Started process (PID=14443) to work on /home/encrypted/abaceti/.virtualenvs/pumpwood-airflow-images/lib/python3.6/site-packages/airflow/example_dags/example_dag_decorator.py
[2021-06-07 19:02:02,178] {scheduler_job.py:633} INFO - Processing file /home/encrypted/abaceti/.virtualenvs/pumpwood-airflow-images/lib/python3.6/site-packages/airflow/example_dags/example_dag_decorator.py for tasks to queue
[2021-06-07 19:02:02,179] {logging_mixin.py:104} INFO - [2021-06-07 19:02:02,179] {dagbag.py:487} INFO - Filling up the DagBag from /home/encrypted/abaceti/.virtualenvs/pumpwood-airflow-images/lib/python3.6/site-packages/airflow/example_dags/example_dag_decorator.py
[2021-06-07 19:02:02,187] {scheduler_job.py:643} INFO - DAG(s) dict_keys(['example_dag_decorator']) retrieved from /home/encrypted/abaceti/.virtualenvs/pumpwood-airflow-images/lib/python3.6/site-packages/airflow/example_dags/example_dag_decorator.py
[2021-06-07 19:02:02,298] {logging_mixin.py:104} INFO - [2021-06-07 19:02:02,298] {dag.py:1832} INFO - Sync 1 DAGs
[2021-06-07 19:02:02,306] {logging_mixin.py:104} INFO - [2021-06-07 19:02:02,306] {dag.py:2305} INFO - Setting next_dagrun for example_dag_decorator to None
[2021-06-07 19:02:02,312] {scheduler_job.py:190} INFO - Processing /home/encrypted/abaceti/.virtualenvs/pumpwood-airflow-images/lib/python3.6/site-packages/airflow/example_dags/example_dag_decorator.py took 0.136 seconds
[2021-06-07 19:02:33,289] {scheduler_job.py:182} INFO - Started process (PID=14656) to work on /home/encrypted/abaceti/.virtualenvs/pumpwood-airflow-images/lib/python3.6/site-packages/airflow/example_dags/example_dag_decorator.py
[2021-06-07 19:02:33,291] {scheduler_job.py:633} INFO - Processing file /home/encrypted/abaceti/.virtualenvs/pumpwood-airflow-images/lib/python3.6/site-packages/airflow/example_dags/example_dag_decorator.py for tasks to queue
[2021-06-07 19:02:33,293] {logging_mixin.py:104} INFO - [2021-06-07 19:02:33,292] {dagbag.py:487} INFO - Filling up the DagBag from /home/encrypted/abaceti/.virtualenvs/pumpwood-airflow-images/lib/python3.6/site-packages/airflow/example_dags/example_dag_decorator.py
[2021-06-07 19:02:33,312] {scheduler_job.py:643} INFO - DAG(s) dict_keys(['example_dag_decorator']) retrieved from /home/encrypted/abaceti/.virtualenvs/pumpwood-airflow-images/lib/python3.6/site-packages/airflow/example_dags/example_dag_decorator.py
[2021-06-07 19:02:33,326] {logging_mixin.py:104} INFO - [2021-06-07 19:02:33,325] {dag.py:1832} INFO - Sync 1 DAGs
[2021-06-07 19:02:33,334] {logging_mixin.py:104} INFO - [2021-06-07 19:02:33,334] {dag.py:2305} INFO - Setting next_dagrun for example_dag_decorator to None
[2021-06-07 19:02:33,340] {scheduler_job.py:190} INFO - Processing /home/encrypted/abaceti/.virtualenvs/pumpwood-airflow-images/lib/python3.6/site-packages/airflow/example_dags/example_dag_decorator.py took 0.057 seconds
