[2021-06-07 18:39:19,126] {scheduler_job.py:182} INFO - Started process (PID=5603) to work on /home/encrypted/abaceti/.virtualenvs/pumpwood-airflow-images/lib/python3.6/site-packages/airflow/example_dags/example_skip_dag.py
[2021-06-07 18:39:19,127] {scheduler_job.py:633} INFO - Processing file /home/encrypted/abaceti/.virtualenvs/pumpwood-airflow-images/lib/python3.6/site-packages/airflow/example_dags/example_skip_dag.py for tasks to queue
[2021-06-07 18:39:19,127] {logging_mixin.py:104} INFO - [2021-06-07 18:39:19,127] {dagbag.py:487} INFO - Filling up the DagBag from /home/encrypted/abaceti/.virtualenvs/pumpwood-airflow-images/lib/python3.6/site-packages/airflow/example_dags/example_skip_dag.py
[2021-06-07 18:39:19,136] {scheduler_job.py:643} INFO - DAG(s) dict_keys(['example_skip_dag']) retrieved from /home/encrypted/abaceti/.virtualenvs/pumpwood-airflow-images/lib/python3.6/site-packages/airflow/example_dags/example_skip_dag.py
[2021-06-07 18:39:19,188] {logging_mixin.py:104} INFO - [2021-06-07 18:39:19,187] {dag.py:1832} INFO - Sync 1 DAGs
[2021-06-07 18:39:19,198] {logging_mixin.py:104} INFO - [2021-06-07 18:39:19,198] {dag.py:2305} INFO - Setting next_dagrun for example_skip_dag to 2021-06-05 00:00:00+00:00
[2021-06-07 18:39:19,205] {scheduler_job.py:190} INFO - Processing /home/encrypted/abaceti/.virtualenvs/pumpwood-airflow-images/lib/python3.6/site-packages/airflow/example_dags/example_skip_dag.py took 0.080 seconds
[2021-06-07 18:39:49,378] {scheduler_job.py:182} INFO - Started process (PID=5770) to work on /home/encrypted/abaceti/.virtualenvs/pumpwood-airflow-images/lib/python3.6/site-packages/airflow/example_dags/example_skip_dag.py
[2021-06-07 18:39:49,378] {scheduler_job.py:633} INFO - Processing file /home/encrypted/abaceti/.virtualenvs/pumpwood-airflow-images/lib/python3.6/site-packages/airflow/example_dags/example_skip_dag.py for tasks to queue
[2021-06-07 18:39:49,379] {logging_mixin.py:104} INFO - [2021-06-07 18:39:49,379] {dagbag.py:487} INFO - Filling up the DagBag from /home/encrypted/abaceti/.virtualenvs/pumpwood-airflow-images/lib/python3.6/site-packages/airflow/example_dags/example_skip_dag.py
[2021-06-07 18:39:49,384] {scheduler_job.py:643} INFO - DAG(s) dict_keys(['example_skip_dag']) retrieved from /home/encrypted/abaceti/.virtualenvs/pumpwood-airflow-images/lib/python3.6/site-packages/airflow/example_dags/example_skip_dag.py
[2021-06-07 18:39:49,397] {logging_mixin.py:104} INFO - [2021-06-07 18:39:49,397] {dag.py:1832} INFO - Sync 1 DAGs
[2021-06-07 18:39:49,405] {logging_mixin.py:104} INFO - [2021-06-07 18:39:49,405] {dag.py:2305} INFO - Setting next_dagrun for example_skip_dag to 2021-06-05 00:00:00+00:00
[2021-06-07 18:39:49,410] {scheduler_job.py:190} INFO - Processing /home/encrypted/abaceti/.virtualenvs/pumpwood-airflow-images/lib/python3.6/site-packages/airflow/example_dags/example_skip_dag.py took 0.034 seconds
[2021-06-07 18:40:19,573] {scheduler_job.py:182} INFO - Started process (PID=5917) to work on /home/encrypted/abaceti/.virtualenvs/pumpwood-airflow-images/lib/python3.6/site-packages/airflow/example_dags/example_skip_dag.py
[2021-06-07 18:40:19,573] {scheduler_job.py:633} INFO - Processing file /home/encrypted/abaceti/.virtualenvs/pumpwood-airflow-images/lib/python3.6/site-packages/airflow/example_dags/example_skip_dag.py for tasks to queue
[2021-06-07 18:40:19,574] {logging_mixin.py:104} INFO - [2021-06-07 18:40:19,574] {dagbag.py:487} INFO - Filling up the DagBag from /home/encrypted/abaceti/.virtualenvs/pumpwood-airflow-images/lib/python3.6/site-packages/airflow/example_dags/example_skip_dag.py
[2021-06-07 18:40:19,579] {scheduler_job.py:643} INFO - DAG(s) dict_keys(['example_skip_dag']) retrieved from /home/encrypted/abaceti/.virtualenvs/pumpwood-airflow-images/lib/python3.6/site-packages/airflow/example_dags/example_skip_dag.py
[2021-06-07 18:40:19,595] {logging_mixin.py:104} INFO - [2021-06-07 18:40:19,595] {dag.py:1832} INFO - Sync 1 DAGs
[2021-06-07 18:40:19,605] {logging_mixin.py:104} INFO - [2021-06-07 18:40:19,605] {dag.py:2305} INFO - Setting next_dagrun for example_skip_dag to 2021-06-05 00:00:00+00:00
[2021-06-07 18:40:19,613] {scheduler_job.py:190} INFO - Processing /home/encrypted/abaceti/.virtualenvs/pumpwood-airflow-images/lib/python3.6/site-packages/airflow/example_dags/example_skip_dag.py took 0.042 seconds
[2021-06-07 18:40:49,795] {scheduler_job.py:182} INFO - Started process (PID=6115) to work on /home/encrypted/abaceti/.virtualenvs/pumpwood-airflow-images/lib/python3.6/site-packages/airflow/example_dags/example_skip_dag.py
[2021-06-07 18:40:49,795] {scheduler_job.py:633} INFO - Processing file /home/encrypted/abaceti/.virtualenvs/pumpwood-airflow-images/lib/python3.6/site-packages/airflow/example_dags/example_skip_dag.py for tasks to queue
[2021-06-07 18:40:49,795] {logging_mixin.py:104} INFO - [2021-06-07 18:40:49,795] {dagbag.py:487} INFO - Filling up the DagBag from /home/encrypted/abaceti/.virtualenvs/pumpwood-airflow-images/lib/python3.6/site-packages/airflow/example_dags/example_skip_dag.py
[2021-06-07 18:40:49,800] {scheduler_job.py:643} INFO - DAG(s) dict_keys(['example_skip_dag']) retrieved from /home/encrypted/abaceti/.virtualenvs/pumpwood-airflow-images/lib/python3.6/site-packages/airflow/example_dags/example_skip_dag.py
[2021-06-07 18:40:49,814] {logging_mixin.py:104} INFO - [2021-06-07 18:40:49,814] {dag.py:1832} INFO - Sync 1 DAGs
[2021-06-07 18:40:49,821] {logging_mixin.py:104} INFO - [2021-06-07 18:40:49,821] {dag.py:2305} INFO - Setting next_dagrun for example_skip_dag to 2021-06-05 00:00:00+00:00
[2021-06-07 18:40:49,829] {scheduler_job.py:190} INFO - Processing /home/encrypted/abaceti/.virtualenvs/pumpwood-airflow-images/lib/python3.6/site-packages/airflow/example_dags/example_skip_dag.py took 0.036 seconds
[2021-06-07 18:41:19,916] {scheduler_job.py:182} INFO - Started process (PID=6225) to work on /home/encrypted/abaceti/.virtualenvs/pumpwood-airflow-images/lib/python3.6/site-packages/airflow/example_dags/example_skip_dag.py
[2021-06-07 18:41:19,917] {scheduler_job.py:633} INFO - Processing file /home/encrypted/abaceti/.virtualenvs/pumpwood-airflow-images/lib/python3.6/site-packages/airflow/example_dags/example_skip_dag.py for tasks to queue
[2021-06-07 18:41:19,918] {logging_mixin.py:104} INFO - [2021-06-07 18:41:19,918] {dagbag.py:487} INFO - Filling up the DagBag from /home/encrypted/abaceti/.virtualenvs/pumpwood-airflow-images/lib/python3.6/site-packages/airflow/example_dags/example_skip_dag.py
[2021-06-07 18:41:19,932] {scheduler_job.py:643} INFO - DAG(s) dict_keys(['example_skip_dag']) retrieved from /home/encrypted/abaceti/.virtualenvs/pumpwood-airflow-images/lib/python3.6/site-packages/airflow/example_dags/example_skip_dag.py
[2021-06-07 18:41:19,951] {logging_mixin.py:104} INFO - [2021-06-07 18:41:19,951] {dag.py:1832} INFO - Sync 1 DAGs
[2021-06-07 18:41:19,959] {logging_mixin.py:104} INFO - [2021-06-07 18:41:19,959] {dag.py:2305} INFO - Setting next_dagrun for example_skip_dag to 2021-06-05 00:00:00+00:00
[2021-06-07 18:41:19,968] {scheduler_job.py:190} INFO - Processing /home/encrypted/abaceti/.virtualenvs/pumpwood-airflow-images/lib/python3.6/site-packages/airflow/example_dags/example_skip_dag.py took 0.057 seconds
[2021-06-07 18:41:50,178] {scheduler_job.py:182} INFO - Started process (PID=6395) to work on /home/encrypted/abaceti/.virtualenvs/pumpwood-airflow-images/lib/python3.6/site-packages/airflow/example_dags/example_skip_dag.py
[2021-06-07 18:41:50,178] {scheduler_job.py:633} INFO - Processing file /home/encrypted/abaceti/.virtualenvs/pumpwood-airflow-images/lib/python3.6/site-packages/airflow/example_dags/example_skip_dag.py for tasks to queue
[2021-06-07 18:41:50,179] {logging_mixin.py:104} INFO - [2021-06-07 18:41:50,179] {dagbag.py:487} INFO - Filling up the DagBag from /home/encrypted/abaceti/.virtualenvs/pumpwood-airflow-images/lib/python3.6/site-packages/airflow/example_dags/example_skip_dag.py
[2021-06-07 18:41:50,183] {scheduler_job.py:643} INFO - DAG(s) dict_keys(['example_skip_dag']) retrieved from /home/encrypted/abaceti/.virtualenvs/pumpwood-airflow-images/lib/python3.6/site-packages/airflow/example_dags/example_skip_dag.py
[2021-06-07 18:41:50,196] {logging_mixin.py:104} INFO - [2021-06-07 18:41:50,196] {dag.py:1832} INFO - Sync 1 DAGs
[2021-06-07 18:41:50,204] {logging_mixin.py:104} INFO - [2021-06-07 18:41:50,204] {dag.py:2305} INFO - Setting next_dagrun for example_skip_dag to 2021-06-05 00:00:00+00:00
[2021-06-07 18:41:50,212] {scheduler_job.py:190} INFO - Processing /home/encrypted/abaceti/.virtualenvs/pumpwood-airflow-images/lib/python3.6/site-packages/airflow/example_dags/example_skip_dag.py took 0.036 seconds
[2021-06-07 18:42:20,325] {scheduler_job.py:182} INFO - Started process (PID=6514) to work on /home/encrypted/abaceti/.virtualenvs/pumpwood-airflow-images/lib/python3.6/site-packages/airflow/example_dags/example_skip_dag.py
[2021-06-07 18:42:20,325] {scheduler_job.py:633} INFO - Processing file /home/encrypted/abaceti/.virtualenvs/pumpwood-airflow-images/lib/python3.6/site-packages/airflow/example_dags/example_skip_dag.py for tasks to queue
[2021-06-07 18:42:20,325] {logging_mixin.py:104} INFO - [2021-06-07 18:42:20,325] {dagbag.py:487} INFO - Filling up the DagBag from /home/encrypted/abaceti/.virtualenvs/pumpwood-airflow-images/lib/python3.6/site-packages/airflow/example_dags/example_skip_dag.py
[2021-06-07 18:42:20,331] {scheduler_job.py:643} INFO - DAG(s) dict_keys(['example_skip_dag']) retrieved from /home/encrypted/abaceti/.virtualenvs/pumpwood-airflow-images/lib/python3.6/site-packages/airflow/example_dags/example_skip_dag.py
[2021-06-07 18:42:20,344] {logging_mixin.py:104} INFO - [2021-06-07 18:42:20,344] {dag.py:1832} INFO - Sync 1 DAGs
[2021-06-07 18:42:20,353] {logging_mixin.py:104} INFO - [2021-06-07 18:42:20,353] {dag.py:2305} INFO - Setting next_dagrun for example_skip_dag to 2021-06-05 00:00:00+00:00
[2021-06-07 18:42:20,359] {scheduler_job.py:190} INFO - Processing /home/encrypted/abaceti/.virtualenvs/pumpwood-airflow-images/lib/python3.6/site-packages/airflow/example_dags/example_skip_dag.py took 0.037 seconds
[2021-06-07 18:42:50,556] {scheduler_job.py:182} INFO - Started process (PID=6690) to work on /home/encrypted/abaceti/.virtualenvs/pumpwood-airflow-images/lib/python3.6/site-packages/airflow/example_dags/example_skip_dag.py
[2021-06-07 18:42:50,558] {scheduler_job.py:633} INFO - Processing file /home/encrypted/abaceti/.virtualenvs/pumpwood-airflow-images/lib/python3.6/site-packages/airflow/example_dags/example_skip_dag.py for tasks to queue
[2021-06-07 18:42:50,559] {logging_mixin.py:104} INFO - [2021-06-07 18:42:50,559] {dagbag.py:487} INFO - Filling up the DagBag from /home/encrypted/abaceti/.virtualenvs/pumpwood-airflow-images/lib/python3.6/site-packages/airflow/example_dags/example_skip_dag.py
[2021-06-07 18:42:50,577] {scheduler_job.py:643} INFO - DAG(s) dict_keys(['example_skip_dag']) retrieved from /home/encrypted/abaceti/.virtualenvs/pumpwood-airflow-images/lib/python3.6/site-packages/airflow/example_dags/example_skip_dag.py
[2021-06-07 18:42:50,596] {logging_mixin.py:104} INFO - [2021-06-07 18:42:50,596] {dag.py:1832} INFO - Sync 1 DAGs
[2021-06-07 18:42:50,604] {logging_mixin.py:104} INFO - [2021-06-07 18:42:50,604] {dag.py:2305} INFO - Setting next_dagrun for example_skip_dag to 2021-06-05 00:00:00+00:00
[2021-06-07 18:42:50,610] {scheduler_job.py:190} INFO - Processing /home/encrypted/abaceti/.virtualenvs/pumpwood-airflow-images/lib/python3.6/site-packages/airflow/example_dags/example_skip_dag.py took 0.059 seconds
[2021-06-07 18:43:21,583] {scheduler_job.py:182} INFO - Started process (PID=6936) to work on /home/encrypted/abaceti/.virtualenvs/pumpwood-airflow-images/lib/python3.6/site-packages/airflow/example_dags/example_skip_dag.py
[2021-06-07 18:43:21,584] {scheduler_job.py:633} INFO - Processing file /home/encrypted/abaceti/.virtualenvs/pumpwood-airflow-images/lib/python3.6/site-packages/airflow/example_dags/example_skip_dag.py for tasks to queue
[2021-06-07 18:43:21,585] {logging_mixin.py:104} INFO - [2021-06-07 18:43:21,585] {dagbag.py:487} INFO - Filling up the DagBag from /home/encrypted/abaceti/.virtualenvs/pumpwood-airflow-images/lib/python3.6/site-packages/airflow/example_dags/example_skip_dag.py
[2021-06-07 18:43:21,599] {scheduler_job.py:643} INFO - DAG(s) dict_keys(['example_skip_dag']) retrieved from /home/encrypted/abaceti/.virtualenvs/pumpwood-airflow-images/lib/python3.6/site-packages/airflow/example_dags/example_skip_dag.py
[2021-06-07 18:43:21,616] {logging_mixin.py:104} INFO - [2021-06-07 18:43:21,616] {dag.py:1832} INFO - Sync 1 DAGs
[2021-06-07 18:43:21,624] {logging_mixin.py:104} INFO - [2021-06-07 18:43:21,624] {dag.py:2305} INFO - Setting next_dagrun for example_skip_dag to 2021-06-05 00:00:00+00:00
[2021-06-07 18:43:21,632] {scheduler_job.py:190} INFO - Processing /home/encrypted/abaceti/.virtualenvs/pumpwood-airflow-images/lib/python3.6/site-packages/airflow/example_dags/example_skip_dag.py took 0.055 seconds
[2021-06-07 18:43:51,673] {scheduler_job.py:182} INFO - Started process (PID=7186) to work on /home/encrypted/abaceti/.virtualenvs/pumpwood-airflow-images/lib/python3.6/site-packages/airflow/example_dags/example_skip_dag.py
[2021-06-07 18:43:51,674] {scheduler_job.py:633} INFO - Processing file /home/encrypted/abaceti/.virtualenvs/pumpwood-airflow-images/lib/python3.6/site-packages/airflow/example_dags/example_skip_dag.py for tasks to queue
[2021-06-07 18:43:51,675] {logging_mixin.py:104} INFO - [2021-06-07 18:43:51,674] {dagbag.py:487} INFO - Filling up the DagBag from /home/encrypted/abaceti/.virtualenvs/pumpwood-airflow-images/lib/python3.6/site-packages/airflow/example_dags/example_skip_dag.py
[2021-06-07 18:43:51,685] {scheduler_job.py:643} INFO - DAG(s) dict_keys(['example_skip_dag']) retrieved from /home/encrypted/abaceti/.virtualenvs/pumpwood-airflow-images/lib/python3.6/site-packages/airflow/example_dags/example_skip_dag.py
[2021-06-07 18:43:51,701] {logging_mixin.py:104} INFO - [2021-06-07 18:43:51,701] {dag.py:1832} INFO - Sync 1 DAGs
[2021-06-07 18:43:51,709] {logging_mixin.py:104} INFO - [2021-06-07 18:43:51,708] {dag.py:2305} INFO - Setting next_dagrun for example_skip_dag to 2021-06-05 00:00:00+00:00
[2021-06-07 18:43:51,713] {scheduler_job.py:190} INFO - Processing /home/encrypted/abaceti/.virtualenvs/pumpwood-airflow-images/lib/python3.6/site-packages/airflow/example_dags/example_skip_dag.py took 0.046 seconds
[2021-06-07 18:44:21,812] {scheduler_job.py:182} INFO - Started process (PID=7314) to work on /home/encrypted/abaceti/.virtualenvs/pumpwood-airflow-images/lib/python3.6/site-packages/airflow/example_dags/example_skip_dag.py
[2021-06-07 18:44:21,813] {scheduler_job.py:633} INFO - Processing file /home/encrypted/abaceti/.virtualenvs/pumpwood-airflow-images/lib/python3.6/site-packages/airflow/example_dags/example_skip_dag.py for tasks to queue
[2021-06-07 18:44:21,813] {logging_mixin.py:104} INFO - [2021-06-07 18:44:21,813] {dagbag.py:487} INFO - Filling up the DagBag from /home/encrypted/abaceti/.virtualenvs/pumpwood-airflow-images/lib/python3.6/site-packages/airflow/example_dags/example_skip_dag.py
[2021-06-07 18:44:21,818] {scheduler_job.py:643} INFO - DAG(s) dict_keys(['example_skip_dag']) retrieved from /home/encrypted/abaceti/.virtualenvs/pumpwood-airflow-images/lib/python3.6/site-packages/airflow/example_dags/example_skip_dag.py
[2021-06-07 18:44:21,831] {logging_mixin.py:104} INFO - [2021-06-07 18:44:21,831] {dag.py:1832} INFO - Sync 1 DAGs
[2021-06-07 18:44:21,839] {logging_mixin.py:104} INFO - [2021-06-07 18:44:21,839] {dag.py:2305} INFO - Setting next_dagrun for example_skip_dag to 2021-06-05 00:00:00+00:00
[2021-06-07 18:44:21,846] {scheduler_job.py:190} INFO - Processing /home/encrypted/abaceti/.virtualenvs/pumpwood-airflow-images/lib/python3.6/site-packages/airflow/example_dags/example_skip_dag.py took 0.036 seconds
[2021-06-07 18:44:51,950] {scheduler_job.py:182} INFO - Started process (PID=7475) to work on /home/encrypted/abaceti/.virtualenvs/pumpwood-airflow-images/lib/python3.6/site-packages/airflow/example_dags/example_skip_dag.py
[2021-06-07 18:44:51,951] {scheduler_job.py:633} INFO - Processing file /home/encrypted/abaceti/.virtualenvs/pumpwood-airflow-images/lib/python3.6/site-packages/airflow/example_dags/example_skip_dag.py for tasks to queue
[2021-06-07 18:44:51,951] {logging_mixin.py:104} INFO - [2021-06-07 18:44:51,951] {dagbag.py:487} INFO - Filling up the DagBag from /home/encrypted/abaceti/.virtualenvs/pumpwood-airflow-images/lib/python3.6/site-packages/airflow/example_dags/example_skip_dag.py
[2021-06-07 18:44:51,956] {scheduler_job.py:643} INFO - DAG(s) dict_keys(['example_skip_dag']) retrieved from /home/encrypted/abaceti/.virtualenvs/pumpwood-airflow-images/lib/python3.6/site-packages/airflow/example_dags/example_skip_dag.py
[2021-06-07 18:44:51,971] {logging_mixin.py:104} INFO - [2021-06-07 18:44:51,971] {dag.py:1832} INFO - Sync 1 DAGs
[2021-06-07 18:44:51,979] {logging_mixin.py:104} INFO - [2021-06-07 18:44:51,979] {dag.py:2305} INFO - Setting next_dagrun for example_skip_dag to 2021-06-05 00:00:00+00:00
[2021-06-07 18:44:51,987] {scheduler_job.py:190} INFO - Processing /home/encrypted/abaceti/.virtualenvs/pumpwood-airflow-images/lib/python3.6/site-packages/airflow/example_dags/example_skip_dag.py took 0.038 seconds
[2021-06-07 18:45:22,892] {scheduler_job.py:182} INFO - Started process (PID=7604) to work on /home/encrypted/abaceti/.virtualenvs/pumpwood-airflow-images/lib/python3.6/site-packages/airflow/example_dags/example_skip_dag.py
[2021-06-07 18:45:22,893] {scheduler_job.py:633} INFO - Processing file /home/encrypted/abaceti/.virtualenvs/pumpwood-airflow-images/lib/python3.6/site-packages/airflow/example_dags/example_skip_dag.py for tasks to queue
[2021-06-07 18:45:22,893] {logging_mixin.py:104} INFO - [2021-06-07 18:45:22,893] {dagbag.py:487} INFO - Filling up the DagBag from /home/encrypted/abaceti/.virtualenvs/pumpwood-airflow-images/lib/python3.6/site-packages/airflow/example_dags/example_skip_dag.py
[2021-06-07 18:45:22,898] {scheduler_job.py:643} INFO - DAG(s) dict_keys(['example_skip_dag']) retrieved from /home/encrypted/abaceti/.virtualenvs/pumpwood-airflow-images/lib/python3.6/site-packages/airflow/example_dags/example_skip_dag.py
[2021-06-07 18:45:22,913] {logging_mixin.py:104} INFO - [2021-06-07 18:45:22,913] {dag.py:1832} INFO - Sync 1 DAGs
[2021-06-07 18:45:22,921] {logging_mixin.py:104} INFO - [2021-06-07 18:45:22,921] {dag.py:2305} INFO - Setting next_dagrun for example_skip_dag to 2021-06-05 00:00:00+00:00
[2021-06-07 18:45:22,927] {scheduler_job.py:190} INFO - Processing /home/encrypted/abaceti/.virtualenvs/pumpwood-airflow-images/lib/python3.6/site-packages/airflow/example_dags/example_skip_dag.py took 0.036 seconds
[2021-06-07 18:45:53,000] {scheduler_job.py:182} INFO - Started process (PID=7772) to work on /home/encrypted/abaceti/.virtualenvs/pumpwood-airflow-images/lib/python3.6/site-packages/airflow/example_dags/example_skip_dag.py
[2021-06-07 18:45:53,000] {scheduler_job.py:633} INFO - Processing file /home/encrypted/abaceti/.virtualenvs/pumpwood-airflow-images/lib/python3.6/site-packages/airflow/example_dags/example_skip_dag.py for tasks to queue
[2021-06-07 18:45:53,001] {logging_mixin.py:104} INFO - [2021-06-07 18:45:53,001] {dagbag.py:487} INFO - Filling up the DagBag from /home/encrypted/abaceti/.virtualenvs/pumpwood-airflow-images/lib/python3.6/site-packages/airflow/example_dags/example_skip_dag.py
[2021-06-07 18:45:53,006] {scheduler_job.py:643} INFO - DAG(s) dict_keys(['example_skip_dag']) retrieved from /home/encrypted/abaceti/.virtualenvs/pumpwood-airflow-images/lib/python3.6/site-packages/airflow/example_dags/example_skip_dag.py
[2021-06-07 18:45:53,020] {logging_mixin.py:104} INFO - [2021-06-07 18:45:53,020] {dag.py:1832} INFO - Sync 1 DAGs
[2021-06-07 18:45:53,028] {logging_mixin.py:104} INFO - [2021-06-07 18:45:53,028] {dag.py:2305} INFO - Setting next_dagrun for example_skip_dag to 2021-06-05 00:00:00+00:00
[2021-06-07 18:45:53,034] {scheduler_job.py:190} INFO - Processing /home/encrypted/abaceti/.virtualenvs/pumpwood-airflow-images/lib/python3.6/site-packages/airflow/example_dags/example_skip_dag.py took 0.036 seconds
[2021-06-07 18:46:23,135] {scheduler_job.py:182} INFO - Started process (PID=7891) to work on /home/encrypted/abaceti/.virtualenvs/pumpwood-airflow-images/lib/python3.6/site-packages/airflow/example_dags/example_skip_dag.py
[2021-06-07 18:46:23,138] {scheduler_job.py:633} INFO - Processing file /home/encrypted/abaceti/.virtualenvs/pumpwood-airflow-images/lib/python3.6/site-packages/airflow/example_dags/example_skip_dag.py for tasks to queue
[2021-06-07 18:46:23,139] {logging_mixin.py:104} INFO - [2021-06-07 18:46:23,138] {dagbag.py:487} INFO - Filling up the DagBag from /home/encrypted/abaceti/.virtualenvs/pumpwood-airflow-images/lib/python3.6/site-packages/airflow/example_dags/example_skip_dag.py
[2021-06-07 18:46:23,152] {scheduler_job.py:643} INFO - DAG(s) dict_keys(['example_skip_dag']) retrieved from /home/encrypted/abaceti/.virtualenvs/pumpwood-airflow-images/lib/python3.6/site-packages/airflow/example_dags/example_skip_dag.py
[2021-06-07 18:46:23,170] {logging_mixin.py:104} INFO - [2021-06-07 18:46:23,170] {dag.py:1832} INFO - Sync 1 DAGs
[2021-06-07 18:46:23,178] {logging_mixin.py:104} INFO - [2021-06-07 18:46:23,178] {dag.py:2305} INFO - Setting next_dagrun for example_skip_dag to 2021-06-05 00:00:00+00:00
[2021-06-07 18:46:23,187] {scheduler_job.py:190} INFO - Processing /home/encrypted/abaceti/.virtualenvs/pumpwood-airflow-images/lib/python3.6/site-packages/airflow/example_dags/example_skip_dag.py took 0.057 seconds
[2021-06-07 18:46:53,312] {scheduler_job.py:182} INFO - Started process (PID=8079) to work on /home/encrypted/abaceti/.virtualenvs/pumpwood-airflow-images/lib/python3.6/site-packages/airflow/example_dags/example_skip_dag.py
[2021-06-07 18:46:53,313] {scheduler_job.py:633} INFO - Processing file /home/encrypted/abaceti/.virtualenvs/pumpwood-airflow-images/lib/python3.6/site-packages/airflow/example_dags/example_skip_dag.py for tasks to queue
[2021-06-07 18:46:53,314] {logging_mixin.py:104} INFO - [2021-06-07 18:46:53,314] {dagbag.py:487} INFO - Filling up the DagBag from /home/encrypted/abaceti/.virtualenvs/pumpwood-airflow-images/lib/python3.6/site-packages/airflow/example_dags/example_skip_dag.py
[2021-06-07 18:46:53,324] {scheduler_job.py:643} INFO - DAG(s) dict_keys(['example_skip_dag']) retrieved from /home/encrypted/abaceti/.virtualenvs/pumpwood-airflow-images/lib/python3.6/site-packages/airflow/example_dags/example_skip_dag.py
[2021-06-07 18:46:53,338] {logging_mixin.py:104} INFO - [2021-06-07 18:46:53,338] {dag.py:1832} INFO - Sync 1 DAGs
[2021-06-07 18:46:53,346] {logging_mixin.py:104} INFO - [2021-06-07 18:46:53,346] {dag.py:2305} INFO - Setting next_dagrun for example_skip_dag to 2021-06-05 00:00:00+00:00
[2021-06-07 18:46:53,352] {scheduler_job.py:190} INFO - Processing /home/encrypted/abaceti/.virtualenvs/pumpwood-airflow-images/lib/python3.6/site-packages/airflow/example_dags/example_skip_dag.py took 0.044 seconds
[2021-06-07 18:47:23,474] {scheduler_job.py:182} INFO - Started process (PID=8214) to work on /home/encrypted/abaceti/.virtualenvs/pumpwood-airflow-images/lib/python3.6/site-packages/airflow/example_dags/example_skip_dag.py
[2021-06-07 18:47:23,474] {scheduler_job.py:633} INFO - Processing file /home/encrypted/abaceti/.virtualenvs/pumpwood-airflow-images/lib/python3.6/site-packages/airflow/example_dags/example_skip_dag.py for tasks to queue
[2021-06-07 18:47:23,474] {logging_mixin.py:104} INFO - [2021-06-07 18:47:23,474] {dagbag.py:487} INFO - Filling up the DagBag from /home/encrypted/abaceti/.virtualenvs/pumpwood-airflow-images/lib/python3.6/site-packages/airflow/example_dags/example_skip_dag.py
[2021-06-07 18:47:23,480] {scheduler_job.py:643} INFO - DAG(s) dict_keys(['example_skip_dag']) retrieved from /home/encrypted/abaceti/.virtualenvs/pumpwood-airflow-images/lib/python3.6/site-packages/airflow/example_dags/example_skip_dag.py
[2021-06-07 18:47:23,494] {logging_mixin.py:104} INFO - [2021-06-07 18:47:23,494] {dag.py:1832} INFO - Sync 1 DAGs
[2021-06-07 18:47:23,503] {logging_mixin.py:104} INFO - [2021-06-07 18:47:23,503] {dag.py:2305} INFO - Setting next_dagrun for example_skip_dag to 2021-06-05 00:00:00+00:00
[2021-06-07 18:47:23,508] {scheduler_job.py:190} INFO - Processing /home/encrypted/abaceti/.virtualenvs/pumpwood-airflow-images/lib/python3.6/site-packages/airflow/example_dags/example_skip_dag.py took 0.036 seconds
[2021-06-07 18:47:53,604] {scheduler_job.py:182} INFO - Started process (PID=8434) to work on /home/encrypted/abaceti/.virtualenvs/pumpwood-airflow-images/lib/python3.6/site-packages/airflow/example_dags/example_skip_dag.py
[2021-06-07 18:47:53,606] {scheduler_job.py:633} INFO - Processing file /home/encrypted/abaceti/.virtualenvs/pumpwood-airflow-images/lib/python3.6/site-packages/airflow/example_dags/example_skip_dag.py for tasks to queue
[2021-06-07 18:47:53,607] {logging_mixin.py:104} INFO - [2021-06-07 18:47:53,607] {dagbag.py:487} INFO - Filling up the DagBag from /home/encrypted/abaceti/.virtualenvs/pumpwood-airflow-images/lib/python3.6/site-packages/airflow/example_dags/example_skip_dag.py
[2021-06-07 18:47:53,624] {scheduler_job.py:643} INFO - DAG(s) dict_keys(['example_skip_dag']) retrieved from /home/encrypted/abaceti/.virtualenvs/pumpwood-airflow-images/lib/python3.6/site-packages/airflow/example_dags/example_skip_dag.py
[2021-06-07 18:47:53,643] {logging_mixin.py:104} INFO - [2021-06-07 18:47:53,643] {dag.py:1832} INFO - Sync 1 DAGs
[2021-06-07 18:47:53,651] {logging_mixin.py:104} INFO - [2021-06-07 18:47:53,651] {dag.py:2305} INFO - Setting next_dagrun for example_skip_dag to 2021-06-05 00:00:00+00:00
[2021-06-07 18:47:53,658] {scheduler_job.py:190} INFO - Processing /home/encrypted/abaceti/.virtualenvs/pumpwood-airflow-images/lib/python3.6/site-packages/airflow/example_dags/example_skip_dag.py took 0.060 seconds
[2021-06-07 18:48:23,791] {scheduler_job.py:182} INFO - Started process (PID=8649) to work on /home/encrypted/abaceti/.virtualenvs/pumpwood-airflow-images/lib/python3.6/site-packages/airflow/example_dags/example_skip_dag.py
[2021-06-07 18:48:23,792] {scheduler_job.py:633} INFO - Processing file /home/encrypted/abaceti/.virtualenvs/pumpwood-airflow-images/lib/python3.6/site-packages/airflow/example_dags/example_skip_dag.py for tasks to queue
[2021-06-07 18:48:23,792] {logging_mixin.py:104} INFO - [2021-06-07 18:48:23,792] {dagbag.py:487} INFO - Filling up the DagBag from /home/encrypted/abaceti/.virtualenvs/pumpwood-airflow-images/lib/python3.6/site-packages/airflow/example_dags/example_skip_dag.py
[2021-06-07 18:48:23,800] {scheduler_job.py:643} INFO - DAG(s) dict_keys(['example_skip_dag']) retrieved from /home/encrypted/abaceti/.virtualenvs/pumpwood-airflow-images/lib/python3.6/site-packages/airflow/example_dags/example_skip_dag.py
[2021-06-07 18:48:23,818] {logging_mixin.py:104} INFO - [2021-06-07 18:48:23,818] {dag.py:1832} INFO - Sync 1 DAGs
[2021-06-07 18:48:23,829] {logging_mixin.py:104} INFO - [2021-06-07 18:48:23,829] {dag.py:2305} INFO - Setting next_dagrun for example_skip_dag to 2021-06-05 00:00:00+00:00
[2021-06-07 18:48:23,836] {scheduler_job.py:190} INFO - Processing /home/encrypted/abaceti/.virtualenvs/pumpwood-airflow-images/lib/python3.6/site-packages/airflow/example_dags/example_skip_dag.py took 0.047 seconds
[2021-06-07 18:48:49,151] {scheduler_job.py:182} INFO - Started process (PID=8841) to work on /home/encrypted/abaceti/.virtualenvs/pumpwood-airflow-images/lib/python3.6/site-packages/airflow/example_dags/example_skip_dag.py
[2021-06-07 18:48:49,151] {scheduler_job.py:633} INFO - Processing file /home/encrypted/abaceti/.virtualenvs/pumpwood-airflow-images/lib/python3.6/site-packages/airflow/example_dags/example_skip_dag.py for tasks to queue
[2021-06-07 18:48:49,151] {logging_mixin.py:104} INFO - [2021-06-07 18:48:49,151] {dagbag.py:487} INFO - Filling up the DagBag from /home/encrypted/abaceti/.virtualenvs/pumpwood-airflow-images/lib/python3.6/site-packages/airflow/example_dags/example_skip_dag.py
[2021-06-07 18:48:49,157] {scheduler_job.py:643} INFO - DAG(s) dict_keys(['example_skip_dag']) retrieved from /home/encrypted/abaceti/.virtualenvs/pumpwood-airflow-images/lib/python3.6/site-packages/airflow/example_dags/example_skip_dag.py
[2021-06-07 18:48:49,172] {logging_mixin.py:104} INFO - [2021-06-07 18:48:49,172] {dag.py:1832} INFO - Sync 1 DAGs
[2021-06-07 18:48:49,180] {logging_mixin.py:104} INFO - [2021-06-07 18:48:49,180] {dag.py:2305} INFO - Setting next_dagrun for example_skip_dag to 2021-06-05 00:00:00+00:00
[2021-06-07 18:48:49,186] {scheduler_job.py:190} INFO - Processing /home/encrypted/abaceti/.virtualenvs/pumpwood-airflow-images/lib/python3.6/site-packages/airflow/example_dags/example_skip_dag.py took 0.037 seconds
[2021-06-07 18:49:20,047] {scheduler_job.py:182} INFO - Started process (PID=8963) to work on /home/encrypted/abaceti/.virtualenvs/pumpwood-airflow-images/lib/python3.6/site-packages/airflow/example_dags/example_skip_dag.py
[2021-06-07 18:49:20,049] {scheduler_job.py:633} INFO - Processing file /home/encrypted/abaceti/.virtualenvs/pumpwood-airflow-images/lib/python3.6/site-packages/airflow/example_dags/example_skip_dag.py for tasks to queue
[2021-06-07 18:49:20,050] {logging_mixin.py:104} INFO - [2021-06-07 18:49:20,050] {dagbag.py:487} INFO - Filling up the DagBag from /home/encrypted/abaceti/.virtualenvs/pumpwood-airflow-images/lib/python3.6/site-packages/airflow/example_dags/example_skip_dag.py
[2021-06-07 18:49:20,065] {scheduler_job.py:643} INFO - DAG(s) dict_keys(['example_skip_dag']) retrieved from /home/encrypted/abaceti/.virtualenvs/pumpwood-airflow-images/lib/python3.6/site-packages/airflow/example_dags/example_skip_dag.py
[2021-06-07 18:49:20,078] {logging_mixin.py:104} INFO - [2021-06-07 18:49:20,078] {dag.py:1832} INFO - Sync 1 DAGs
[2021-06-07 18:49:20,086] {logging_mixin.py:104} INFO - [2021-06-07 18:49:20,086] {dag.py:2305} INFO - Setting next_dagrun for example_skip_dag to 2021-06-05 00:00:00+00:00
[2021-06-07 18:49:20,093] {scheduler_job.py:190} INFO - Processing /home/encrypted/abaceti/.virtualenvs/pumpwood-airflow-images/lib/python3.6/site-packages/airflow/example_dags/example_skip_dag.py took 0.051 seconds
[2021-06-07 18:49:50,123] {scheduler_job.py:182} INFO - Started process (PID=9137) to work on /home/encrypted/abaceti/.virtualenvs/pumpwood-airflow-images/lib/python3.6/site-packages/airflow/example_dags/example_skip_dag.py
[2021-06-07 18:49:50,124] {scheduler_job.py:633} INFO - Processing file /home/encrypted/abaceti/.virtualenvs/pumpwood-airflow-images/lib/python3.6/site-packages/airflow/example_dags/example_skip_dag.py for tasks to queue
[2021-06-07 18:49:50,124] {logging_mixin.py:104} INFO - [2021-06-07 18:49:50,124] {dagbag.py:487} INFO - Filling up the DagBag from /home/encrypted/abaceti/.virtualenvs/pumpwood-airflow-images/lib/python3.6/site-packages/airflow/example_dags/example_skip_dag.py
[2021-06-07 18:49:50,129] {scheduler_job.py:643} INFO - DAG(s) dict_keys(['example_skip_dag']) retrieved from /home/encrypted/abaceti/.virtualenvs/pumpwood-airflow-images/lib/python3.6/site-packages/airflow/example_dags/example_skip_dag.py
[2021-06-07 18:49:50,142] {logging_mixin.py:104} INFO - [2021-06-07 18:49:50,142] {dag.py:1832} INFO - Sync 1 DAGs
[2021-06-07 18:49:50,150] {logging_mixin.py:104} INFO - [2021-06-07 18:49:50,150] {dag.py:2305} INFO - Setting next_dagrun for example_skip_dag to 2021-06-05 00:00:00+00:00
[2021-06-07 18:49:50,158] {scheduler_job.py:190} INFO - Processing /home/encrypted/abaceti/.virtualenvs/pumpwood-airflow-images/lib/python3.6/site-packages/airflow/example_dags/example_skip_dag.py took 0.036 seconds
[2021-06-07 18:50:20,548] {scheduler_job.py:182} INFO - Started process (PID=9379) to work on /home/encrypted/abaceti/.virtualenvs/pumpwood-airflow-images/lib/python3.6/site-packages/airflow/example_dags/example_skip_dag.py
[2021-06-07 18:50:20,549] {scheduler_job.py:633} INFO - Processing file /home/encrypted/abaceti/.virtualenvs/pumpwood-airflow-images/lib/python3.6/site-packages/airflow/example_dags/example_skip_dag.py for tasks to queue
[2021-06-07 18:50:20,549] {logging_mixin.py:104} INFO - [2021-06-07 18:50:20,549] {dagbag.py:487} INFO - Filling up the DagBag from /home/encrypted/abaceti/.virtualenvs/pumpwood-airflow-images/lib/python3.6/site-packages/airflow/example_dags/example_skip_dag.py
[2021-06-07 18:50:20,554] {scheduler_job.py:643} INFO - DAG(s) dict_keys(['example_skip_dag']) retrieved from /home/encrypted/abaceti/.virtualenvs/pumpwood-airflow-images/lib/python3.6/site-packages/airflow/example_dags/example_skip_dag.py
[2021-06-07 18:50:20,568] {logging_mixin.py:104} INFO - [2021-06-07 18:50:20,568] {dag.py:1832} INFO - Sync 1 DAGs
[2021-06-07 18:50:20,576] {logging_mixin.py:104} INFO - [2021-06-07 18:50:20,576] {dag.py:2305} INFO - Setting next_dagrun for example_skip_dag to 2021-06-05 00:00:00+00:00
[2021-06-07 18:50:20,584] {scheduler_job.py:190} INFO - Processing /home/encrypted/abaceti/.virtualenvs/pumpwood-airflow-images/lib/python3.6/site-packages/airflow/example_dags/example_skip_dag.py took 0.037 seconds
[2021-06-07 18:50:50,665] {scheduler_job.py:182} INFO - Started process (PID=9536) to work on /home/encrypted/abaceti/.virtualenvs/pumpwood-airflow-images/lib/python3.6/site-packages/airflow/example_dags/example_skip_dag.py
[2021-06-07 18:50:50,666] {scheduler_job.py:633} INFO - Processing file /home/encrypted/abaceti/.virtualenvs/pumpwood-airflow-images/lib/python3.6/site-packages/airflow/example_dags/example_skip_dag.py for tasks to queue
[2021-06-07 18:50:50,666] {logging_mixin.py:104} INFO - [2021-06-07 18:50:50,666] {dagbag.py:487} INFO - Filling up the DagBag from /home/encrypted/abaceti/.virtualenvs/pumpwood-airflow-images/lib/python3.6/site-packages/airflow/example_dags/example_skip_dag.py
[2021-06-07 18:50:50,671] {scheduler_job.py:643} INFO - DAG(s) dict_keys(['example_skip_dag']) retrieved from /home/encrypted/abaceti/.virtualenvs/pumpwood-airflow-images/lib/python3.6/site-packages/airflow/example_dags/example_skip_dag.py
[2021-06-07 18:50:50,686] {logging_mixin.py:104} INFO - [2021-06-07 18:50:50,686] {dag.py:1832} INFO - Sync 1 DAGs
[2021-06-07 18:50:50,695] {logging_mixin.py:104} INFO - [2021-06-07 18:50:50,694] {dag.py:2305} INFO - Setting next_dagrun for example_skip_dag to 2021-06-05 00:00:00+00:00
[2021-06-07 18:50:50,703] {scheduler_job.py:190} INFO - Processing /home/encrypted/abaceti/.virtualenvs/pumpwood-airflow-images/lib/python3.6/site-packages/airflow/example_dags/example_skip_dag.py took 0.040 seconds
[2021-06-07 18:51:20,936] {scheduler_job.py:182} INFO - Started process (PID=9652) to work on /home/encrypted/abaceti/.virtualenvs/pumpwood-airflow-images/lib/python3.6/site-packages/airflow/example_dags/example_skip_dag.py
[2021-06-07 18:51:20,938] {scheduler_job.py:633} INFO - Processing file /home/encrypted/abaceti/.virtualenvs/pumpwood-airflow-images/lib/python3.6/site-packages/airflow/example_dags/example_skip_dag.py for tasks to queue
[2021-06-07 18:51:20,939] {logging_mixin.py:104} INFO - [2021-06-07 18:51:20,939] {dagbag.py:487} INFO - Filling up the DagBag from /home/encrypted/abaceti/.virtualenvs/pumpwood-airflow-images/lib/python3.6/site-packages/airflow/example_dags/example_skip_dag.py
[2021-06-07 18:51:20,950] {scheduler_job.py:643} INFO - DAG(s) dict_keys(['example_skip_dag']) retrieved from /home/encrypted/abaceti/.virtualenvs/pumpwood-airflow-images/lib/python3.6/site-packages/airflow/example_dags/example_skip_dag.py
[2021-06-07 18:51:20,967] {logging_mixin.py:104} INFO - [2021-06-07 18:51:20,966] {dag.py:1832} INFO - Sync 1 DAGs
[2021-06-07 18:51:20,976] {logging_mixin.py:104} INFO - [2021-06-07 18:51:20,975] {dag.py:2305} INFO - Setting next_dagrun for example_skip_dag to 2021-06-05 00:00:00+00:00
[2021-06-07 18:51:20,984] {scheduler_job.py:190} INFO - Processing /home/encrypted/abaceti/.virtualenvs/pumpwood-airflow-images/lib/python3.6/site-packages/airflow/example_dags/example_skip_dag.py took 0.053 seconds
[2021-06-07 18:51:51,000] {scheduler_job.py:182} INFO - Started process (PID=9817) to work on /home/encrypted/abaceti/.virtualenvs/pumpwood-airflow-images/lib/python3.6/site-packages/airflow/example_dags/example_skip_dag.py
[2021-06-07 18:51:51,001] {scheduler_job.py:633} INFO - Processing file /home/encrypted/abaceti/.virtualenvs/pumpwood-airflow-images/lib/python3.6/site-packages/airflow/example_dags/example_skip_dag.py for tasks to queue
[2021-06-07 18:51:51,001] {logging_mixin.py:104} INFO - [2021-06-07 18:51:51,001] {dagbag.py:487} INFO - Filling up the DagBag from /home/encrypted/abaceti/.virtualenvs/pumpwood-airflow-images/lib/python3.6/site-packages/airflow/example_dags/example_skip_dag.py
[2021-06-07 18:51:51,006] {scheduler_job.py:643} INFO - DAG(s) dict_keys(['example_skip_dag']) retrieved from /home/encrypted/abaceti/.virtualenvs/pumpwood-airflow-images/lib/python3.6/site-packages/airflow/example_dags/example_skip_dag.py
[2021-06-07 18:51:51,020] {logging_mixin.py:104} INFO - [2021-06-07 18:51:51,020] {dag.py:1832} INFO - Sync 1 DAGs
[2021-06-07 18:51:51,029] {logging_mixin.py:104} INFO - [2021-06-07 18:51:51,029] {dag.py:2305} INFO - Setting next_dagrun for example_skip_dag to 2021-06-05 00:00:00+00:00
[2021-06-07 18:51:51,037] {scheduler_job.py:190} INFO - Processing /home/encrypted/abaceti/.virtualenvs/pumpwood-airflow-images/lib/python3.6/site-packages/airflow/example_dags/example_skip_dag.py took 0.039 seconds
[2021-06-07 18:52:21,218] {scheduler_job.py:182} INFO - Started process (PID=9936) to work on /home/encrypted/abaceti/.virtualenvs/pumpwood-airflow-images/lib/python3.6/site-packages/airflow/example_dags/example_skip_dag.py
[2021-06-07 18:52:21,218] {scheduler_job.py:633} INFO - Processing file /home/encrypted/abaceti/.virtualenvs/pumpwood-airflow-images/lib/python3.6/site-packages/airflow/example_dags/example_skip_dag.py for tasks to queue
[2021-06-07 18:52:21,219] {logging_mixin.py:104} INFO - [2021-06-07 18:52:21,219] {dagbag.py:487} INFO - Filling up the DagBag from /home/encrypted/abaceti/.virtualenvs/pumpwood-airflow-images/lib/python3.6/site-packages/airflow/example_dags/example_skip_dag.py
[2021-06-07 18:52:21,224] {scheduler_job.py:643} INFO - DAG(s) dict_keys(['example_skip_dag']) retrieved from /home/encrypted/abaceti/.virtualenvs/pumpwood-airflow-images/lib/python3.6/site-packages/airflow/example_dags/example_skip_dag.py
[2021-06-07 18:52:21,238] {logging_mixin.py:104} INFO - [2021-06-07 18:52:21,238] {dag.py:1832} INFO - Sync 1 DAGs
[2021-06-07 18:52:21,247] {logging_mixin.py:104} INFO - [2021-06-07 18:52:21,247] {dag.py:2305} INFO - Setting next_dagrun for example_skip_dag to 2021-06-05 00:00:00+00:00
[2021-06-07 18:52:21,254] {scheduler_job.py:190} INFO - Processing /home/encrypted/abaceti/.virtualenvs/pumpwood-airflow-images/lib/python3.6/site-packages/airflow/example_dags/example_skip_dag.py took 0.038 seconds
[2021-06-07 18:52:51,431] {scheduler_job.py:182} INFO - Started process (PID=10745) to work on /home/encrypted/abaceti/.virtualenvs/pumpwood-airflow-images/lib/python3.6/site-packages/airflow/example_dags/example_skip_dag.py
[2021-06-07 18:52:51,431] {scheduler_job.py:633} INFO - Processing file /home/encrypted/abaceti/.virtualenvs/pumpwood-airflow-images/lib/python3.6/site-packages/airflow/example_dags/example_skip_dag.py for tasks to queue
[2021-06-07 18:52:51,432] {logging_mixin.py:104} INFO - [2021-06-07 18:52:51,432] {dagbag.py:487} INFO - Filling up the DagBag from /home/encrypted/abaceti/.virtualenvs/pumpwood-airflow-images/lib/python3.6/site-packages/airflow/example_dags/example_skip_dag.py
[2021-06-07 18:52:51,437] {scheduler_job.py:643} INFO - DAG(s) dict_keys(['example_skip_dag']) retrieved from /home/encrypted/abaceti/.virtualenvs/pumpwood-airflow-images/lib/python3.6/site-packages/airflow/example_dags/example_skip_dag.py
[2021-06-07 18:52:51,451] {logging_mixin.py:104} INFO - [2021-06-07 18:52:51,451] {dag.py:1832} INFO - Sync 1 DAGs
[2021-06-07 18:52:51,459] {logging_mixin.py:104} INFO - [2021-06-07 18:52:51,459] {dag.py:2305} INFO - Setting next_dagrun for example_skip_dag to 2021-06-05 00:00:00+00:00
[2021-06-07 18:52:51,467] {scheduler_job.py:190} INFO - Processing /home/encrypted/abaceti/.virtualenvs/pumpwood-airflow-images/lib/python3.6/site-packages/airflow/example_dags/example_skip_dag.py took 0.038 seconds
[2021-06-07 18:53:21,557] {scheduler_job.py:182} INFO - Started process (PID=11070) to work on /home/encrypted/abaceti/.virtualenvs/pumpwood-airflow-images/lib/python3.6/site-packages/airflow/example_dags/example_skip_dag.py
[2021-06-07 18:53:21,559] {scheduler_job.py:633} INFO - Processing file /home/encrypted/abaceti/.virtualenvs/pumpwood-airflow-images/lib/python3.6/site-packages/airflow/example_dags/example_skip_dag.py for tasks to queue
[2021-06-07 18:53:21,559] {logging_mixin.py:104} INFO - [2021-06-07 18:53:21,559] {dagbag.py:487} INFO - Filling up the DagBag from /home/encrypted/abaceti/.virtualenvs/pumpwood-airflow-images/lib/python3.6/site-packages/airflow/example_dags/example_skip_dag.py
[2021-06-07 18:53:21,571] {scheduler_job.py:643} INFO - DAG(s) dict_keys(['example_skip_dag']) retrieved from /home/encrypted/abaceti/.virtualenvs/pumpwood-airflow-images/lib/python3.6/site-packages/airflow/example_dags/example_skip_dag.py
[2021-06-07 18:53:21,589] {logging_mixin.py:104} INFO - [2021-06-07 18:53:21,589] {dag.py:1832} INFO - Sync 1 DAGs
[2021-06-07 18:53:21,597] {logging_mixin.py:104} INFO - [2021-06-07 18:53:21,597] {dag.py:2305} INFO - Setting next_dagrun for example_skip_dag to 2021-06-05 00:00:00+00:00
[2021-06-07 18:53:21,605] {scheduler_job.py:190} INFO - Processing /home/encrypted/abaceti/.virtualenvs/pumpwood-airflow-images/lib/python3.6/site-packages/airflow/example_dags/example_skip_dag.py took 0.052 seconds
[2021-06-07 18:53:51,809] {scheduler_job.py:182} INFO - Started process (PID=11445) to work on /home/encrypted/abaceti/.virtualenvs/pumpwood-airflow-images/lib/python3.6/site-packages/airflow/example_dags/example_skip_dag.py
[2021-06-07 18:53:51,810] {scheduler_job.py:633} INFO - Processing file /home/encrypted/abaceti/.virtualenvs/pumpwood-airflow-images/lib/python3.6/site-packages/airflow/example_dags/example_skip_dag.py for tasks to queue
[2021-06-07 18:53:51,811] {logging_mixin.py:104} INFO - [2021-06-07 18:53:51,811] {dagbag.py:487} INFO - Filling up the DagBag from /home/encrypted/abaceti/.virtualenvs/pumpwood-airflow-images/lib/python3.6/site-packages/airflow/example_dags/example_skip_dag.py
[2021-06-07 18:53:51,825] {scheduler_job.py:643} INFO - DAG(s) dict_keys(['example_skip_dag']) retrieved from /home/encrypted/abaceti/.virtualenvs/pumpwood-airflow-images/lib/python3.6/site-packages/airflow/example_dags/example_skip_dag.py
[2021-06-07 18:53:51,844] {logging_mixin.py:104} INFO - [2021-06-07 18:53:51,844] {dag.py:1832} INFO - Sync 1 DAGs
[2021-06-07 18:53:51,852] {logging_mixin.py:104} INFO - [2021-06-07 18:53:51,852] {dag.py:2305} INFO - Setting next_dagrun for example_skip_dag to 2021-06-05 00:00:00+00:00
[2021-06-07 18:53:51,860] {scheduler_job.py:190} INFO - Processing /home/encrypted/abaceti/.virtualenvs/pumpwood-airflow-images/lib/python3.6/site-packages/airflow/example_dags/example_skip_dag.py took 0.056 seconds
[2021-06-07 18:54:21,920] {scheduler_job.py:182} INFO - Started process (PID=11862) to work on /home/encrypted/abaceti/.virtualenvs/pumpwood-airflow-images/lib/python3.6/site-packages/airflow/example_dags/example_skip_dag.py
[2021-06-07 18:54:21,921] {scheduler_job.py:633} INFO - Processing file /home/encrypted/abaceti/.virtualenvs/pumpwood-airflow-images/lib/python3.6/site-packages/airflow/example_dags/example_skip_dag.py for tasks to queue
[2021-06-07 18:54:21,921] {logging_mixin.py:104} INFO - [2021-06-07 18:54:21,921] {dagbag.py:487} INFO - Filling up the DagBag from /home/encrypted/abaceti/.virtualenvs/pumpwood-airflow-images/lib/python3.6/site-packages/airflow/example_dags/example_skip_dag.py
[2021-06-07 18:54:21,926] {scheduler_job.py:643} INFO - DAG(s) dict_keys(['example_skip_dag']) retrieved from /home/encrypted/abaceti/.virtualenvs/pumpwood-airflow-images/lib/python3.6/site-packages/airflow/example_dags/example_skip_dag.py
[2021-06-07 18:54:21,940] {logging_mixin.py:104} INFO - [2021-06-07 18:54:21,940] {dag.py:1832} INFO - Sync 1 DAGs
[2021-06-07 18:54:21,948] {logging_mixin.py:104} INFO - [2021-06-07 18:54:21,948] {dag.py:2305} INFO - Setting next_dagrun for example_skip_dag to 2021-06-05 00:00:00+00:00
[2021-06-07 18:54:21,954] {scheduler_job.py:190} INFO - Processing /home/encrypted/abaceti/.virtualenvs/pumpwood-airflow-images/lib/python3.6/site-packages/airflow/example_dags/example_skip_dag.py took 0.036 seconds
[2021-06-07 18:54:52,096] {scheduler_job.py:182} INFO - Started process (PID=12072) to work on /home/encrypted/abaceti/.virtualenvs/pumpwood-airflow-images/lib/python3.6/site-packages/airflow/example_dags/example_skip_dag.py
[2021-06-07 18:54:52,096] {scheduler_job.py:633} INFO - Processing file /home/encrypted/abaceti/.virtualenvs/pumpwood-airflow-images/lib/python3.6/site-packages/airflow/example_dags/example_skip_dag.py for tasks to queue
[2021-06-07 18:54:52,097] {logging_mixin.py:104} INFO - [2021-06-07 18:54:52,097] {dagbag.py:487} INFO - Filling up the DagBag from /home/encrypted/abaceti/.virtualenvs/pumpwood-airflow-images/lib/python3.6/site-packages/airflow/example_dags/example_skip_dag.py
[2021-06-07 18:54:52,102] {scheduler_job.py:643} INFO - DAG(s) dict_keys(['example_skip_dag']) retrieved from /home/encrypted/abaceti/.virtualenvs/pumpwood-airflow-images/lib/python3.6/site-packages/airflow/example_dags/example_skip_dag.py
[2021-06-07 18:54:52,116] {logging_mixin.py:104} INFO - [2021-06-07 18:54:52,116] {dag.py:1832} INFO - Sync 1 DAGs
[2021-06-07 18:54:52,125] {logging_mixin.py:104} INFO - [2021-06-07 18:54:52,125] {dag.py:2305} INFO - Setting next_dagrun for example_skip_dag to 2021-06-05 00:00:00+00:00
[2021-06-07 18:54:52,133] {scheduler_job.py:190} INFO - Processing /home/encrypted/abaceti/.virtualenvs/pumpwood-airflow-images/lib/python3.6/site-packages/airflow/example_dags/example_skip_dag.py took 0.038 seconds
[2021-06-07 18:55:22,294] {scheduler_job.py:182} INFO - Started process (PID=12251) to work on /home/encrypted/abaceti/.virtualenvs/pumpwood-airflow-images/lib/python3.6/site-packages/airflow/example_dags/example_skip_dag.py
[2021-06-07 18:55:22,294] {scheduler_job.py:633} INFO - Processing file /home/encrypted/abaceti/.virtualenvs/pumpwood-airflow-images/lib/python3.6/site-packages/airflow/example_dags/example_skip_dag.py for tasks to queue
[2021-06-07 18:55:22,295] {logging_mixin.py:104} INFO - [2021-06-07 18:55:22,294] {dagbag.py:487} INFO - Filling up the DagBag from /home/encrypted/abaceti/.virtualenvs/pumpwood-airflow-images/lib/python3.6/site-packages/airflow/example_dags/example_skip_dag.py
[2021-06-07 18:55:22,302] {scheduler_job.py:643} INFO - DAG(s) dict_keys(['example_skip_dag']) retrieved from /home/encrypted/abaceti/.virtualenvs/pumpwood-airflow-images/lib/python3.6/site-packages/airflow/example_dags/example_skip_dag.py
[2021-06-07 18:55:22,317] {logging_mixin.py:104} INFO - [2021-06-07 18:55:22,317] {dag.py:1832} INFO - Sync 1 DAGs
[2021-06-07 18:55:22,326] {logging_mixin.py:104} INFO - [2021-06-07 18:55:22,326] {dag.py:2305} INFO - Setting next_dagrun for example_skip_dag to 2021-06-05 00:00:00+00:00
[2021-06-07 18:55:22,332] {scheduler_job.py:190} INFO - Processing /home/encrypted/abaceti/.virtualenvs/pumpwood-airflow-images/lib/python3.6/site-packages/airflow/example_dags/example_skip_dag.py took 0.040 seconds
[2021-06-07 18:55:52,405] {scheduler_job.py:182} INFO - Started process (PID=12474) to work on /home/encrypted/abaceti/.virtualenvs/pumpwood-airflow-images/lib/python3.6/site-packages/airflow/example_dags/example_skip_dag.py
[2021-06-07 18:55:52,408] {scheduler_job.py:633} INFO - Processing file /home/encrypted/abaceti/.virtualenvs/pumpwood-airflow-images/lib/python3.6/site-packages/airflow/example_dags/example_skip_dag.py for tasks to queue
[2021-06-07 18:55:52,409] {logging_mixin.py:104} INFO - [2021-06-07 18:55:52,409] {dagbag.py:487} INFO - Filling up the DagBag from /home/encrypted/abaceti/.virtualenvs/pumpwood-airflow-images/lib/python3.6/site-packages/airflow/example_dags/example_skip_dag.py
[2021-06-07 18:55:52,424] {scheduler_job.py:643} INFO - DAG(s) dict_keys(['example_skip_dag']) retrieved from /home/encrypted/abaceti/.virtualenvs/pumpwood-airflow-images/lib/python3.6/site-packages/airflow/example_dags/example_skip_dag.py
[2021-06-07 18:55:52,443] {logging_mixin.py:104} INFO - [2021-06-07 18:55:52,443] {dag.py:1832} INFO - Sync 1 DAGs
[2021-06-07 18:55:52,452] {logging_mixin.py:104} INFO - [2021-06-07 18:55:52,452] {dag.py:2305} INFO - Setting next_dagrun for example_skip_dag to 2021-06-05 00:00:00+00:00
[2021-06-07 18:55:52,458] {scheduler_job.py:190} INFO - Processing /home/encrypted/abaceti/.virtualenvs/pumpwood-airflow-images/lib/python3.6/site-packages/airflow/example_dags/example_skip_dag.py took 0.058 seconds
[2021-06-07 18:56:22,515] {scheduler_job.py:182} INFO - Started process (PID=12638) to work on /home/encrypted/abaceti/.virtualenvs/pumpwood-airflow-images/lib/python3.6/site-packages/airflow/example_dags/example_skip_dag.py
[2021-06-07 18:56:22,515] {scheduler_job.py:633} INFO - Processing file /home/encrypted/abaceti/.virtualenvs/pumpwood-airflow-images/lib/python3.6/site-packages/airflow/example_dags/example_skip_dag.py for tasks to queue
[2021-06-07 18:56:22,516] {logging_mixin.py:104} INFO - [2021-06-07 18:56:22,516] {dagbag.py:487} INFO - Filling up the DagBag from /home/encrypted/abaceti/.virtualenvs/pumpwood-airflow-images/lib/python3.6/site-packages/airflow/example_dags/example_skip_dag.py
[2021-06-07 18:56:22,520] {scheduler_job.py:643} INFO - DAG(s) dict_keys(['example_skip_dag']) retrieved from /home/encrypted/abaceti/.virtualenvs/pumpwood-airflow-images/lib/python3.6/site-packages/airflow/example_dags/example_skip_dag.py
[2021-06-07 18:56:22,533] {logging_mixin.py:104} INFO - [2021-06-07 18:56:22,533] {dag.py:1832} INFO - Sync 1 DAGs
[2021-06-07 18:56:22,541] {logging_mixin.py:104} INFO - [2021-06-07 18:56:22,541] {dag.py:2305} INFO - Setting next_dagrun for example_skip_dag to 2021-06-05 00:00:00+00:00
[2021-06-07 18:56:22,548] {scheduler_job.py:190} INFO - Processing /home/encrypted/abaceti/.virtualenvs/pumpwood-airflow-images/lib/python3.6/site-packages/airflow/example_dags/example_skip_dag.py took 0.035 seconds
[2021-06-07 18:56:52,774] {scheduler_job.py:182} INFO - Started process (PID=12871) to work on /home/encrypted/abaceti/.virtualenvs/pumpwood-airflow-images/lib/python3.6/site-packages/airflow/example_dags/example_skip_dag.py
[2021-06-07 18:56:52,775] {scheduler_job.py:633} INFO - Processing file /home/encrypted/abaceti/.virtualenvs/pumpwood-airflow-images/lib/python3.6/site-packages/airflow/example_dags/example_skip_dag.py for tasks to queue
[2021-06-07 18:56:52,776] {logging_mixin.py:104} INFO - [2021-06-07 18:56:52,775] {dagbag.py:487} INFO - Filling up the DagBag from /home/encrypted/abaceti/.virtualenvs/pumpwood-airflow-images/lib/python3.6/site-packages/airflow/example_dags/example_skip_dag.py
[2021-06-07 18:56:52,791] {scheduler_job.py:643} INFO - DAG(s) dict_keys(['example_skip_dag']) retrieved from /home/encrypted/abaceti/.virtualenvs/pumpwood-airflow-images/lib/python3.6/site-packages/airflow/example_dags/example_skip_dag.py
[2021-06-07 18:56:52,806] {logging_mixin.py:104} INFO - [2021-06-07 18:56:52,806] {dag.py:1832} INFO - Sync 1 DAGs
[2021-06-07 18:56:52,815] {logging_mixin.py:104} INFO - [2021-06-07 18:56:52,814] {dag.py:2305} INFO - Setting next_dagrun for example_skip_dag to 2021-06-05 00:00:00+00:00
[2021-06-07 18:56:52,820] {scheduler_job.py:190} INFO - Processing /home/encrypted/abaceti/.virtualenvs/pumpwood-airflow-images/lib/python3.6/site-packages/airflow/example_dags/example_skip_dag.py took 0.050 seconds
[2021-06-07 18:57:23,703] {scheduler_job.py:182} INFO - Started process (PID=12996) to work on /home/encrypted/abaceti/.virtualenvs/pumpwood-airflow-images/lib/python3.6/site-packages/airflow/example_dags/example_skip_dag.py
[2021-06-07 18:57:23,704] {scheduler_job.py:633} INFO - Processing file /home/encrypted/abaceti/.virtualenvs/pumpwood-airflow-images/lib/python3.6/site-packages/airflow/example_dags/example_skip_dag.py for tasks to queue
[2021-06-07 18:57:23,704] {logging_mixin.py:104} INFO - [2021-06-07 18:57:23,704] {dagbag.py:487} INFO - Filling up the DagBag from /home/encrypted/abaceti/.virtualenvs/pumpwood-airflow-images/lib/python3.6/site-packages/airflow/example_dags/example_skip_dag.py
[2021-06-07 18:57:23,713] {scheduler_job.py:643} INFO - DAG(s) dict_keys(['example_skip_dag']) retrieved from /home/encrypted/abaceti/.virtualenvs/pumpwood-airflow-images/lib/python3.6/site-packages/airflow/example_dags/example_skip_dag.py
[2021-06-07 18:57:23,731] {logging_mixin.py:104} INFO - [2021-06-07 18:57:23,730] {dag.py:1832} INFO - Sync 1 DAGs
[2021-06-07 18:57:23,738] {logging_mixin.py:104} INFO - [2021-06-07 18:57:23,738] {dag.py:2305} INFO - Setting next_dagrun for example_skip_dag to 2021-06-05 00:00:00+00:00
[2021-06-07 18:57:23,747] {scheduler_job.py:190} INFO - Processing /home/encrypted/abaceti/.virtualenvs/pumpwood-airflow-images/lib/python3.6/site-packages/airflow/example_dags/example_skip_dag.py took 0.046 seconds
[2021-06-07 18:57:53,812] {scheduler_job.py:182} INFO - Started process (PID=13170) to work on /home/encrypted/abaceti/.virtualenvs/pumpwood-airflow-images/lib/python3.6/site-packages/airflow/example_dags/example_skip_dag.py
[2021-06-07 18:57:53,812] {scheduler_job.py:633} INFO - Processing file /home/encrypted/abaceti/.virtualenvs/pumpwood-airflow-images/lib/python3.6/site-packages/airflow/example_dags/example_skip_dag.py for tasks to queue
[2021-06-07 18:57:53,812] {logging_mixin.py:104} INFO - [2021-06-07 18:57:53,812] {dagbag.py:487} INFO - Filling up the DagBag from /home/encrypted/abaceti/.virtualenvs/pumpwood-airflow-images/lib/python3.6/site-packages/airflow/example_dags/example_skip_dag.py
[2021-06-07 18:57:53,818] {scheduler_job.py:643} INFO - DAG(s) dict_keys(['example_skip_dag']) retrieved from /home/encrypted/abaceti/.virtualenvs/pumpwood-airflow-images/lib/python3.6/site-packages/airflow/example_dags/example_skip_dag.py
[2021-06-07 18:57:53,833] {logging_mixin.py:104} INFO - [2021-06-07 18:57:53,833] {dag.py:1832} INFO - Sync 1 DAGs
[2021-06-07 18:57:53,842] {logging_mixin.py:104} INFO - [2021-06-07 18:57:53,842] {dag.py:2305} INFO - Setting next_dagrun for example_skip_dag to 2021-06-05 00:00:00+00:00
[2021-06-07 18:57:53,848] {scheduler_job.py:190} INFO - Processing /home/encrypted/abaceti/.virtualenvs/pumpwood-airflow-images/lib/python3.6/site-packages/airflow/example_dags/example_skip_dag.py took 0.037 seconds
[2021-06-07 18:58:24,025] {scheduler_job.py:182} INFO - Started process (PID=13288) to work on /home/encrypted/abaceti/.virtualenvs/pumpwood-airflow-images/lib/python3.6/site-packages/airflow/example_dags/example_skip_dag.py
[2021-06-07 18:58:24,026] {scheduler_job.py:633} INFO - Processing file /home/encrypted/abaceti/.virtualenvs/pumpwood-airflow-images/lib/python3.6/site-packages/airflow/example_dags/example_skip_dag.py for tasks to queue
[2021-06-07 18:58:24,026] {logging_mixin.py:104} INFO - [2021-06-07 18:58:24,026] {dagbag.py:487} INFO - Filling up the DagBag from /home/encrypted/abaceti/.virtualenvs/pumpwood-airflow-images/lib/python3.6/site-packages/airflow/example_dags/example_skip_dag.py
[2021-06-07 18:58:24,032] {scheduler_job.py:643} INFO - DAG(s) dict_keys(['example_skip_dag']) retrieved from /home/encrypted/abaceti/.virtualenvs/pumpwood-airflow-images/lib/python3.6/site-packages/airflow/example_dags/example_skip_dag.py
[2021-06-07 18:58:24,048] {logging_mixin.py:104} INFO - [2021-06-07 18:58:24,048] {dag.py:1832} INFO - Sync 1 DAGs
[2021-06-07 18:58:24,057] {logging_mixin.py:104} INFO - [2021-06-07 18:58:24,057] {dag.py:2305} INFO - Setting next_dagrun for example_skip_dag to 2021-06-05 00:00:00+00:00
[2021-06-07 18:58:24,062] {scheduler_job.py:190} INFO - Processing /home/encrypted/abaceti/.virtualenvs/pumpwood-airflow-images/lib/python3.6/site-packages/airflow/example_dags/example_skip_dag.py took 0.039 seconds
[2021-06-07 18:58:54,100] {scheduler_job.py:182} INFO - Started process (PID=13463) to work on /home/encrypted/abaceti/.virtualenvs/pumpwood-airflow-images/lib/python3.6/site-packages/airflow/example_dags/example_skip_dag.py
[2021-06-07 18:58:54,101] {scheduler_job.py:633} INFO - Processing file /home/encrypted/abaceti/.virtualenvs/pumpwood-airflow-images/lib/python3.6/site-packages/airflow/example_dags/example_skip_dag.py for tasks to queue
[2021-06-07 18:58:54,101] {logging_mixin.py:104} INFO - [2021-06-07 18:58:54,101] {dagbag.py:487} INFO - Filling up the DagBag from /home/encrypted/abaceti/.virtualenvs/pumpwood-airflow-images/lib/python3.6/site-packages/airflow/example_dags/example_skip_dag.py
[2021-06-07 18:58:54,107] {scheduler_job.py:643} INFO - DAG(s) dict_keys(['example_skip_dag']) retrieved from /home/encrypted/abaceti/.virtualenvs/pumpwood-airflow-images/lib/python3.6/site-packages/airflow/example_dags/example_skip_dag.py
[2021-06-07 18:58:54,123] {logging_mixin.py:104} INFO - [2021-06-07 18:58:54,123] {dag.py:1832} INFO - Sync 1 DAGs
[2021-06-07 18:58:54,134] {logging_mixin.py:104} INFO - [2021-06-07 18:58:54,134] {dag.py:2305} INFO - Setting next_dagrun for example_skip_dag to 2021-06-05 00:00:00+00:00
[2021-06-07 18:58:54,141] {scheduler_job.py:190} INFO - Processing /home/encrypted/abaceti/.virtualenvs/pumpwood-airflow-images/lib/python3.6/site-packages/airflow/example_dags/example_skip_dag.py took 0.042 seconds
[2021-06-07 18:59:24,319] {scheduler_job.py:182} INFO - Started process (PID=13587) to work on /home/encrypted/abaceti/.virtualenvs/pumpwood-airflow-images/lib/python3.6/site-packages/airflow/example_dags/example_skip_dag.py
[2021-06-07 18:59:24,320] {scheduler_job.py:633} INFO - Processing file /home/encrypted/abaceti/.virtualenvs/pumpwood-airflow-images/lib/python3.6/site-packages/airflow/example_dags/example_skip_dag.py for tasks to queue
[2021-06-07 18:59:24,321] {logging_mixin.py:104} INFO - [2021-06-07 18:59:24,320] {dagbag.py:487} INFO - Filling up the DagBag from /home/encrypted/abaceti/.virtualenvs/pumpwood-airflow-images/lib/python3.6/site-packages/airflow/example_dags/example_skip_dag.py
[2021-06-07 18:59:24,328] {scheduler_job.py:643} INFO - DAG(s) dict_keys(['example_skip_dag']) retrieved from /home/encrypted/abaceti/.virtualenvs/pumpwood-airflow-images/lib/python3.6/site-packages/airflow/example_dags/example_skip_dag.py
[2021-06-07 18:59:24,343] {logging_mixin.py:104} INFO - [2021-06-07 18:59:24,343] {dag.py:1832} INFO - Sync 1 DAGs
[2021-06-07 18:59:24,351] {logging_mixin.py:104} INFO - [2021-06-07 18:59:24,351] {dag.py:2305} INFO - Setting next_dagrun for example_skip_dag to 2021-06-05 00:00:00+00:00
[2021-06-07 18:59:24,356] {scheduler_job.py:190} INFO - Processing /home/encrypted/abaceti/.virtualenvs/pumpwood-airflow-images/lib/python3.6/site-packages/airflow/example_dags/example_skip_dag.py took 0.039 seconds
[2021-06-07 18:59:54,424] {scheduler_job.py:182} INFO - Started process (PID=13749) to work on /home/encrypted/abaceti/.virtualenvs/pumpwood-airflow-images/lib/python3.6/site-packages/airflow/example_dags/example_skip_dag.py
[2021-06-07 18:59:54,424] {scheduler_job.py:633} INFO - Processing file /home/encrypted/abaceti/.virtualenvs/pumpwood-airflow-images/lib/python3.6/site-packages/airflow/example_dags/example_skip_dag.py for tasks to queue
[2021-06-07 18:59:54,425] {logging_mixin.py:104} INFO - [2021-06-07 18:59:54,425] {dagbag.py:487} INFO - Filling up the DagBag from /home/encrypted/abaceti/.virtualenvs/pumpwood-airflow-images/lib/python3.6/site-packages/airflow/example_dags/example_skip_dag.py
[2021-06-07 18:59:54,430] {scheduler_job.py:643} INFO - DAG(s) dict_keys(['example_skip_dag']) retrieved from /home/encrypted/abaceti/.virtualenvs/pumpwood-airflow-images/lib/python3.6/site-packages/airflow/example_dags/example_skip_dag.py
[2021-06-07 18:59:54,446] {logging_mixin.py:104} INFO - [2021-06-07 18:59:54,446] {dag.py:1832} INFO - Sync 1 DAGs
[2021-06-07 18:59:54,454] {logging_mixin.py:104} INFO - [2021-06-07 18:59:54,454] {dag.py:2305} INFO - Setting next_dagrun for example_skip_dag to 2021-06-05 00:00:00+00:00
[2021-06-07 18:59:54,460] {scheduler_job.py:190} INFO - Processing /home/encrypted/abaceti/.virtualenvs/pumpwood-airflow-images/lib/python3.6/site-packages/airflow/example_dags/example_skip_dag.py took 0.038 seconds
[2021-06-07 19:00:24,691] {scheduler_job.py:182} INFO - Started process (PID=13863) to work on /home/encrypted/abaceti/.virtualenvs/pumpwood-airflow-images/lib/python3.6/site-packages/airflow/example_dags/example_skip_dag.py
[2021-06-07 19:00:24,692] {scheduler_job.py:633} INFO - Processing file /home/encrypted/abaceti/.virtualenvs/pumpwood-airflow-images/lib/python3.6/site-packages/airflow/example_dags/example_skip_dag.py for tasks to queue
[2021-06-07 19:00:24,692] {logging_mixin.py:104} INFO - [2021-06-07 19:00:24,692] {dagbag.py:487} INFO - Filling up the DagBag from /home/encrypted/abaceti/.virtualenvs/pumpwood-airflow-images/lib/python3.6/site-packages/airflow/example_dags/example_skip_dag.py
[2021-06-07 19:00:24,698] {scheduler_job.py:643} INFO - DAG(s) dict_keys(['example_skip_dag']) retrieved from /home/encrypted/abaceti/.virtualenvs/pumpwood-airflow-images/lib/python3.6/site-packages/airflow/example_dags/example_skip_dag.py
[2021-06-07 19:00:24,713] {logging_mixin.py:104} INFO - [2021-06-07 19:00:24,713] {dag.py:1832} INFO - Sync 1 DAGs
[2021-06-07 19:00:24,721] {logging_mixin.py:104} INFO - [2021-06-07 19:00:24,721] {dag.py:2305} INFO - Setting next_dagrun for example_skip_dag to 2021-06-05 00:00:00+00:00
[2021-06-07 19:00:24,728] {scheduler_job.py:190} INFO - Processing /home/encrypted/abaceti/.virtualenvs/pumpwood-airflow-images/lib/python3.6/site-packages/airflow/example_dags/example_skip_dag.py took 0.039 seconds
[2021-06-07 19:00:54,835] {scheduler_job.py:182} INFO - Started process (PID=14057) to work on /home/encrypted/abaceti/.virtualenvs/pumpwood-airflow-images/lib/python3.6/site-packages/airflow/example_dags/example_skip_dag.py
[2021-06-07 19:00:54,836] {scheduler_job.py:633} INFO - Processing file /home/encrypted/abaceti/.virtualenvs/pumpwood-airflow-images/lib/python3.6/site-packages/airflow/example_dags/example_skip_dag.py for tasks to queue
[2021-06-07 19:00:54,836] {logging_mixin.py:104} INFO - [2021-06-07 19:00:54,836] {dagbag.py:487} INFO - Filling up the DagBag from /home/encrypted/abaceti/.virtualenvs/pumpwood-airflow-images/lib/python3.6/site-packages/airflow/example_dags/example_skip_dag.py
[2021-06-07 19:00:54,841] {scheduler_job.py:643} INFO - DAG(s) dict_keys(['example_skip_dag']) retrieved from /home/encrypted/abaceti/.virtualenvs/pumpwood-airflow-images/lib/python3.6/site-packages/airflow/example_dags/example_skip_dag.py
[2021-06-07 19:00:54,855] {logging_mixin.py:104} INFO - [2021-06-07 19:00:54,855] {dag.py:1832} INFO - Sync 1 DAGs
[2021-06-07 19:00:54,863] {logging_mixin.py:104} INFO - [2021-06-07 19:00:54,862] {dag.py:2305} INFO - Setting next_dagrun for example_skip_dag to 2021-06-05 00:00:00+00:00
[2021-06-07 19:00:54,868] {scheduler_job.py:190} INFO - Processing /home/encrypted/abaceti/.virtualenvs/pumpwood-airflow-images/lib/python3.6/site-packages/airflow/example_dags/example_skip_dag.py took 0.035 seconds
[2021-06-07 19:01:24,983] {scheduler_job.py:182} INFO - Started process (PID=14177) to work on /home/encrypted/abaceti/.virtualenvs/pumpwood-airflow-images/lib/python3.6/site-packages/airflow/example_dags/example_skip_dag.py
[2021-06-07 19:01:24,984] {scheduler_job.py:633} INFO - Processing file /home/encrypted/abaceti/.virtualenvs/pumpwood-airflow-images/lib/python3.6/site-packages/airflow/example_dags/example_skip_dag.py for tasks to queue
[2021-06-07 19:01:24,984] {logging_mixin.py:104} INFO - [2021-06-07 19:01:24,984] {dagbag.py:487} INFO - Filling up the DagBag from /home/encrypted/abaceti/.virtualenvs/pumpwood-airflow-images/lib/python3.6/site-packages/airflow/example_dags/example_skip_dag.py
[2021-06-07 19:01:24,989] {scheduler_job.py:643} INFO - DAG(s) dict_keys(['example_skip_dag']) retrieved from /home/encrypted/abaceti/.virtualenvs/pumpwood-airflow-images/lib/python3.6/site-packages/airflow/example_dags/example_skip_dag.py
[2021-06-07 19:01:25,003] {logging_mixin.py:104} INFO - [2021-06-07 19:01:25,003] {dag.py:1832} INFO - Sync 1 DAGs
[2021-06-07 19:01:25,011] {logging_mixin.py:104} INFO - [2021-06-07 19:01:25,011] {dag.py:2305} INFO - Setting next_dagrun for example_skip_dag to 2021-06-05 00:00:00+00:00
[2021-06-07 19:01:25,016] {scheduler_job.py:190} INFO - Processing /home/encrypted/abaceti/.virtualenvs/pumpwood-airflow-images/lib/python3.6/site-packages/airflow/example_dags/example_skip_dag.py took 0.034 seconds
[2021-06-07 19:01:55,289] {scheduler_job.py:182} INFO - Started process (PID=14363) to work on /home/encrypted/abaceti/.virtualenvs/pumpwood-airflow-images/lib/python3.6/site-packages/airflow/example_dags/example_skip_dag.py
[2021-06-07 19:01:55,289] {scheduler_job.py:633} INFO - Processing file /home/encrypted/abaceti/.virtualenvs/pumpwood-airflow-images/lib/python3.6/site-packages/airflow/example_dags/example_skip_dag.py for tasks to queue
[2021-06-07 19:01:55,289] {logging_mixin.py:104} INFO - [2021-06-07 19:01:55,289] {dagbag.py:487} INFO - Filling up the DagBag from /home/encrypted/abaceti/.virtualenvs/pumpwood-airflow-images/lib/python3.6/site-packages/airflow/example_dags/example_skip_dag.py
[2021-06-07 19:01:55,294] {scheduler_job.py:643} INFO - DAG(s) dict_keys(['example_skip_dag']) retrieved from /home/encrypted/abaceti/.virtualenvs/pumpwood-airflow-images/lib/python3.6/site-packages/airflow/example_dags/example_skip_dag.py
[2021-06-07 19:01:55,310] {logging_mixin.py:104} INFO - [2021-06-07 19:01:55,310] {dag.py:1832} INFO - Sync 1 DAGs
[2021-06-07 19:01:55,318] {logging_mixin.py:104} INFO - [2021-06-07 19:01:55,318] {dag.py:2305} INFO - Setting next_dagrun for example_skip_dag to 2021-06-05 00:00:00+00:00
[2021-06-07 19:01:55,324] {scheduler_job.py:190} INFO - Processing /home/encrypted/abaceti/.virtualenvs/pumpwood-airflow-images/lib/python3.6/site-packages/airflow/example_dags/example_skip_dag.py took 0.037 seconds
[2021-06-07 19:02:25,413] {scheduler_job.py:182} INFO - Started process (PID=14505) to work on /home/encrypted/abaceti/.virtualenvs/pumpwood-airflow-images/lib/python3.6/site-packages/airflow/example_dags/example_skip_dag.py
[2021-06-07 19:02:25,413] {scheduler_job.py:633} INFO - Processing file /home/encrypted/abaceti/.virtualenvs/pumpwood-airflow-images/lib/python3.6/site-packages/airflow/example_dags/example_skip_dag.py for tasks to queue
[2021-06-07 19:02:25,414] {logging_mixin.py:104} INFO - [2021-06-07 19:02:25,414] {dagbag.py:487} INFO - Filling up the DagBag from /home/encrypted/abaceti/.virtualenvs/pumpwood-airflow-images/lib/python3.6/site-packages/airflow/example_dags/example_skip_dag.py
[2021-06-07 19:02:25,420] {scheduler_job.py:643} INFO - DAG(s) dict_keys(['example_skip_dag']) retrieved from /home/encrypted/abaceti/.virtualenvs/pumpwood-airflow-images/lib/python3.6/site-packages/airflow/example_dags/example_skip_dag.py
[2021-06-07 19:02:25,437] {logging_mixin.py:104} INFO - [2021-06-07 19:02:25,437] {dag.py:1832} INFO - Sync 1 DAGs
[2021-06-07 19:02:25,448] {logging_mixin.py:104} INFO - [2021-06-07 19:02:25,448] {dag.py:2305} INFO - Setting next_dagrun for example_skip_dag to 2021-06-05 00:00:00+00:00
[2021-06-07 19:02:25,456] {scheduler_job.py:190} INFO - Processing /home/encrypted/abaceti/.virtualenvs/pumpwood-airflow-images/lib/python3.6/site-packages/airflow/example_dags/example_skip_dag.py took 0.044 seconds
