[2021-06-07 18:39:19,572] {scheduler_job.py:182} INFO - Started process (PID=5638) to work on /home/encrypted/abaceti/.virtualenvs/pumpwood-airflow-images/lib/python3.6/site-packages/airflow/example_dags/example_task_group_decorator.py
[2021-06-07 18:39:19,573] {scheduler_job.py:633} INFO - Processing file /home/encrypted/abaceti/.virtualenvs/pumpwood-airflow-images/lib/python3.6/site-packages/airflow/example_dags/example_task_group_decorator.py for tasks to queue
[2021-06-07 18:39:19,573] {logging_mixin.py:104} INFO - [2021-06-07 18:39:19,573] {dagbag.py:487} INFO - Filling up the DagBag from /home/encrypted/abaceti/.virtualenvs/pumpwood-airflow-images/lib/python3.6/site-packages/airflow/example_dags/example_task_group_decorator.py
[2021-06-07 18:39:19,585] {scheduler_job.py:643} INFO - DAG(s) dict_keys(['example_task_group_decorator']) retrieved from /home/encrypted/abaceti/.virtualenvs/pumpwood-airflow-images/lib/python3.6/site-packages/airflow/example_dags/example_task_group_decorator.py
[2021-06-07 18:39:19,719] {logging_mixin.py:104} INFO - [2021-06-07 18:39:19,719] {dag.py:1832} INFO - Sync 1 DAGs
[2021-06-07 18:39:19,730] {logging_mixin.py:104} INFO - [2021-06-07 18:39:19,730] {dag.py:2305} INFO - Setting next_dagrun for example_task_group_decorator to 2021-06-05 00:00:00+00:00
[2021-06-07 18:39:19,737] {scheduler_job.py:190} INFO - Processing /home/encrypted/abaceti/.virtualenvs/pumpwood-airflow-images/lib/python3.6/site-packages/airflow/example_dags/example_task_group_decorator.py took 0.167 seconds
[2021-06-07 18:39:49,845] {scheduler_job.py:182} INFO - Started process (PID=5805) to work on /home/encrypted/abaceti/.virtualenvs/pumpwood-airflow-images/lib/python3.6/site-packages/airflow/example_dags/example_task_group_decorator.py
[2021-06-07 18:39:49,846] {scheduler_job.py:633} INFO - Processing file /home/encrypted/abaceti/.virtualenvs/pumpwood-airflow-images/lib/python3.6/site-packages/airflow/example_dags/example_task_group_decorator.py for tasks to queue
[2021-06-07 18:39:49,846] {logging_mixin.py:104} INFO - [2021-06-07 18:39:49,846] {dagbag.py:487} INFO - Filling up the DagBag from /home/encrypted/abaceti/.virtualenvs/pumpwood-airflow-images/lib/python3.6/site-packages/airflow/example_dags/example_task_group_decorator.py
[2021-06-07 18:39:49,858] {scheduler_job.py:643} INFO - DAG(s) dict_keys(['example_task_group_decorator']) retrieved from /home/encrypted/abaceti/.virtualenvs/pumpwood-airflow-images/lib/python3.6/site-packages/airflow/example_dags/example_task_group_decorator.py
[2021-06-07 18:39:49,969] {logging_mixin.py:104} INFO - [2021-06-07 18:39:49,969] {dag.py:1832} INFO - Sync 1 DAGs
[2021-06-07 18:39:49,977] {logging_mixin.py:104} INFO - [2021-06-07 18:39:49,977] {dag.py:2305} INFO - Setting next_dagrun for example_task_group_decorator to 2021-06-05 00:00:00+00:00
[2021-06-07 18:39:49,984] {scheduler_job.py:190} INFO - Processing /home/encrypted/abaceti/.virtualenvs/pumpwood-airflow-images/lib/python3.6/site-packages/airflow/example_dags/example_task_group_decorator.py took 0.140 seconds
[2021-06-07 18:40:20,051] {scheduler_job.py:182} INFO - Started process (PID=5958) to work on /home/encrypted/abaceti/.virtualenvs/pumpwood-airflow-images/lib/python3.6/site-packages/airflow/example_dags/example_task_group_decorator.py
[2021-06-07 18:40:20,051] {scheduler_job.py:633} INFO - Processing file /home/encrypted/abaceti/.virtualenvs/pumpwood-airflow-images/lib/python3.6/site-packages/airflow/example_dags/example_task_group_decorator.py for tasks to queue
[2021-06-07 18:40:20,052] {logging_mixin.py:104} INFO - [2021-06-07 18:40:20,052] {dagbag.py:487} INFO - Filling up the DagBag from /home/encrypted/abaceti/.virtualenvs/pumpwood-airflow-images/lib/python3.6/site-packages/airflow/example_dags/example_task_group_decorator.py
[2021-06-07 18:40:20,063] {scheduler_job.py:643} INFO - DAG(s) dict_keys(['example_task_group_decorator']) retrieved from /home/encrypted/abaceti/.virtualenvs/pumpwood-airflow-images/lib/python3.6/site-packages/airflow/example_dags/example_task_group_decorator.py
[2021-06-07 18:40:20,173] {logging_mixin.py:104} INFO - [2021-06-07 18:40:20,173] {dag.py:1832} INFO - Sync 1 DAGs
[2021-06-07 18:40:20,180] {logging_mixin.py:104} INFO - [2021-06-07 18:40:20,180] {dag.py:2305} INFO - Setting next_dagrun for example_task_group_decorator to 2021-06-05 00:00:00+00:00
[2021-06-07 18:40:20,186] {scheduler_job.py:190} INFO - Processing /home/encrypted/abaceti/.virtualenvs/pumpwood-airflow-images/lib/python3.6/site-packages/airflow/example_dags/example_task_group_decorator.py took 0.137 seconds
[2021-06-07 18:40:50,271] {scheduler_job.py:182} INFO - Started process (PID=6151) to work on /home/encrypted/abaceti/.virtualenvs/pumpwood-airflow-images/lib/python3.6/site-packages/airflow/example_dags/example_task_group_decorator.py
[2021-06-07 18:40:50,272] {scheduler_job.py:633} INFO - Processing file /home/encrypted/abaceti/.virtualenvs/pumpwood-airflow-images/lib/python3.6/site-packages/airflow/example_dags/example_task_group_decorator.py for tasks to queue
[2021-06-07 18:40:50,272] {logging_mixin.py:104} INFO - [2021-06-07 18:40:50,272] {dagbag.py:487} INFO - Filling up the DagBag from /home/encrypted/abaceti/.virtualenvs/pumpwood-airflow-images/lib/python3.6/site-packages/airflow/example_dags/example_task_group_decorator.py
[2021-06-07 18:40:50,284] {scheduler_job.py:643} INFO - DAG(s) dict_keys(['example_task_group_decorator']) retrieved from /home/encrypted/abaceti/.virtualenvs/pumpwood-airflow-images/lib/python3.6/site-packages/airflow/example_dags/example_task_group_decorator.py
[2021-06-07 18:40:50,394] {logging_mixin.py:104} INFO - [2021-06-07 18:40:50,394] {dag.py:1832} INFO - Sync 1 DAGs
[2021-06-07 18:40:50,402] {logging_mixin.py:104} INFO - [2021-06-07 18:40:50,402] {dag.py:2305} INFO - Setting next_dagrun for example_task_group_decorator to 2021-06-05 00:00:00+00:00
[2021-06-07 18:40:50,408] {scheduler_job.py:190} INFO - Processing /home/encrypted/abaceti/.virtualenvs/pumpwood-airflow-images/lib/python3.6/site-packages/airflow/example_dags/example_task_group_decorator.py took 0.138 seconds
[2021-06-07 18:41:20,517] {scheduler_job.py:182} INFO - Started process (PID=6267) to work on /home/encrypted/abaceti/.virtualenvs/pumpwood-airflow-images/lib/python3.6/site-packages/airflow/example_dags/example_task_group_decorator.py
[2021-06-07 18:41:20,517] {scheduler_job.py:633} INFO - Processing file /home/encrypted/abaceti/.virtualenvs/pumpwood-airflow-images/lib/python3.6/site-packages/airflow/example_dags/example_task_group_decorator.py for tasks to queue
[2021-06-07 18:41:20,517] {logging_mixin.py:104} INFO - [2021-06-07 18:41:20,517] {dagbag.py:487} INFO - Filling up the DagBag from /home/encrypted/abaceti/.virtualenvs/pumpwood-airflow-images/lib/python3.6/site-packages/airflow/example_dags/example_task_group_decorator.py
[2021-06-07 18:41:20,530] {scheduler_job.py:643} INFO - DAG(s) dict_keys(['example_task_group_decorator']) retrieved from /home/encrypted/abaceti/.virtualenvs/pumpwood-airflow-images/lib/python3.6/site-packages/airflow/example_dags/example_task_group_decorator.py
[2021-06-07 18:41:20,647] {logging_mixin.py:104} INFO - [2021-06-07 18:41:20,647] {dag.py:1832} INFO - Sync 1 DAGs
[2021-06-07 18:41:20,655] {logging_mixin.py:104} INFO - [2021-06-07 18:41:20,655] {dag.py:2305} INFO - Setting next_dagrun for example_task_group_decorator to 2021-06-05 00:00:00+00:00
[2021-06-07 18:41:20,662] {scheduler_job.py:190} INFO - Processing /home/encrypted/abaceti/.virtualenvs/pumpwood-airflow-images/lib/python3.6/site-packages/airflow/example_dags/example_task_group_decorator.py took 0.147 seconds
[2021-06-07 18:41:50,756] {scheduler_job.py:182} INFO - Started process (PID=6439) to work on /home/encrypted/abaceti/.virtualenvs/pumpwood-airflow-images/lib/python3.6/site-packages/airflow/example_dags/example_task_group_decorator.py
[2021-06-07 18:41:50,757] {scheduler_job.py:633} INFO - Processing file /home/encrypted/abaceti/.virtualenvs/pumpwood-airflow-images/lib/python3.6/site-packages/airflow/example_dags/example_task_group_decorator.py for tasks to queue
[2021-06-07 18:41:50,757] {logging_mixin.py:104} INFO - [2021-06-07 18:41:50,757] {dagbag.py:487} INFO - Filling up the DagBag from /home/encrypted/abaceti/.virtualenvs/pumpwood-airflow-images/lib/python3.6/site-packages/airflow/example_dags/example_task_group_decorator.py
[2021-06-07 18:41:50,769] {scheduler_job.py:643} INFO - DAG(s) dict_keys(['example_task_group_decorator']) retrieved from /home/encrypted/abaceti/.virtualenvs/pumpwood-airflow-images/lib/python3.6/site-packages/airflow/example_dags/example_task_group_decorator.py
[2021-06-07 18:41:50,881] {logging_mixin.py:104} INFO - [2021-06-07 18:41:50,881] {dag.py:1832} INFO - Sync 1 DAGs
[2021-06-07 18:41:50,888] {logging_mixin.py:104} INFO - [2021-06-07 18:41:50,888] {dag.py:2305} INFO - Setting next_dagrun for example_task_group_decorator to 2021-06-05 00:00:00+00:00
[2021-06-07 18:41:50,894] {scheduler_job.py:190} INFO - Processing /home/encrypted/abaceti/.virtualenvs/pumpwood-airflow-images/lib/python3.6/site-packages/airflow/example_dags/example_task_group_decorator.py took 0.139 seconds
[2021-06-07 18:42:20,951] {scheduler_job.py:182} INFO - Started process (PID=6561) to work on /home/encrypted/abaceti/.virtualenvs/pumpwood-airflow-images/lib/python3.6/site-packages/airflow/example_dags/example_task_group_decorator.py
[2021-06-07 18:42:20,952] {scheduler_job.py:633} INFO - Processing file /home/encrypted/abaceti/.virtualenvs/pumpwood-airflow-images/lib/python3.6/site-packages/airflow/example_dags/example_task_group_decorator.py for tasks to queue
[2021-06-07 18:42:20,952] {logging_mixin.py:104} INFO - [2021-06-07 18:42:20,952] {dagbag.py:487} INFO - Filling up the DagBag from /home/encrypted/abaceti/.virtualenvs/pumpwood-airflow-images/lib/python3.6/site-packages/airflow/example_dags/example_task_group_decorator.py
[2021-06-07 18:42:20,963] {scheduler_job.py:643} INFO - DAG(s) dict_keys(['example_task_group_decorator']) retrieved from /home/encrypted/abaceti/.virtualenvs/pumpwood-airflow-images/lib/python3.6/site-packages/airflow/example_dags/example_task_group_decorator.py
[2021-06-07 18:42:21,069] {logging_mixin.py:104} INFO - [2021-06-07 18:42:21,069] {dag.py:1832} INFO - Sync 1 DAGs
[2021-06-07 18:42:21,076] {logging_mixin.py:104} INFO - [2021-06-07 18:42:21,076] {dag.py:2305} INFO - Setting next_dagrun for example_task_group_decorator to 2021-06-05 00:00:00+00:00
[2021-06-07 18:42:21,083] {scheduler_job.py:190} INFO - Processing /home/encrypted/abaceti/.virtualenvs/pumpwood-airflow-images/lib/python3.6/site-packages/airflow/example_dags/example_task_group_decorator.py took 0.133 seconds
[2021-06-07 18:42:52,026] {scheduler_job.py:182} INFO - Started process (PID=6766) to work on /home/encrypted/abaceti/.virtualenvs/pumpwood-airflow-images/lib/python3.6/site-packages/airflow/example_dags/example_task_group_decorator.py
[2021-06-07 18:42:52,026] {scheduler_job.py:633} INFO - Processing file /home/encrypted/abaceti/.virtualenvs/pumpwood-airflow-images/lib/python3.6/site-packages/airflow/example_dags/example_task_group_decorator.py for tasks to queue
[2021-06-07 18:42:52,027] {logging_mixin.py:104} INFO - [2021-06-07 18:42:52,027] {dagbag.py:487} INFO - Filling up the DagBag from /home/encrypted/abaceti/.virtualenvs/pumpwood-airflow-images/lib/python3.6/site-packages/airflow/example_dags/example_task_group_decorator.py
[2021-06-07 18:42:52,039] {scheduler_job.py:643} INFO - DAG(s) dict_keys(['example_task_group_decorator']) retrieved from /home/encrypted/abaceti/.virtualenvs/pumpwood-airflow-images/lib/python3.6/site-packages/airflow/example_dags/example_task_group_decorator.py
[2021-06-07 18:42:52,155] {logging_mixin.py:104} INFO - [2021-06-07 18:42:52,155] {dag.py:1832} INFO - Sync 1 DAGs
[2021-06-07 18:42:52,165] {logging_mixin.py:104} INFO - [2021-06-07 18:42:52,165] {dag.py:2305} INFO - Setting next_dagrun for example_task_group_decorator to 2021-06-05 00:00:00+00:00
[2021-06-07 18:42:52,172] {scheduler_job.py:190} INFO - Processing /home/encrypted/abaceti/.virtualenvs/pumpwood-airflow-images/lib/python3.6/site-packages/airflow/example_dags/example_task_group_decorator.py took 0.148 seconds
[2021-06-07 18:43:23,113] {scheduler_job.py:182} INFO - Started process (PID=6998) to work on /home/encrypted/abaceti/.virtualenvs/pumpwood-airflow-images/lib/python3.6/site-packages/airflow/example_dags/example_task_group_decorator.py
[2021-06-07 18:43:23,115] {scheduler_job.py:633} INFO - Processing file /home/encrypted/abaceti/.virtualenvs/pumpwood-airflow-images/lib/python3.6/site-packages/airflow/example_dags/example_task_group_decorator.py for tasks to queue
[2021-06-07 18:43:23,116] {logging_mixin.py:104} INFO - [2021-06-07 18:43:23,116] {dagbag.py:487} INFO - Filling up the DagBag from /home/encrypted/abaceti/.virtualenvs/pumpwood-airflow-images/lib/python3.6/site-packages/airflow/example_dags/example_task_group_decorator.py
[2021-06-07 18:43:23,149] {scheduler_job.py:643} INFO - DAG(s) dict_keys(['example_task_group_decorator']) retrieved from /home/encrypted/abaceti/.virtualenvs/pumpwood-airflow-images/lib/python3.6/site-packages/airflow/example_dags/example_task_group_decorator.py
[2021-06-07 18:43:23,259] {logging_mixin.py:104} INFO - [2021-06-07 18:43:23,259] {dag.py:1832} INFO - Sync 1 DAGs
[2021-06-07 18:43:23,266] {logging_mixin.py:104} INFO - [2021-06-07 18:43:23,266] {dag.py:2305} INFO - Setting next_dagrun for example_task_group_decorator to 2021-06-05 00:00:00+00:00
[2021-06-07 18:43:23,273] {scheduler_job.py:190} INFO - Processing /home/encrypted/abaceti/.virtualenvs/pumpwood-airflow-images/lib/python3.6/site-packages/airflow/example_dags/example_task_group_decorator.py took 0.166 seconds
[2021-06-07 18:43:54,224] {scheduler_job.py:182} INFO - Started process (PID=7250) to work on /home/encrypted/abaceti/.virtualenvs/pumpwood-airflow-images/lib/python3.6/site-packages/airflow/example_dags/example_task_group_decorator.py
[2021-06-07 18:43:54,225] {scheduler_job.py:633} INFO - Processing file /home/encrypted/abaceti/.virtualenvs/pumpwood-airflow-images/lib/python3.6/site-packages/airflow/example_dags/example_task_group_decorator.py for tasks to queue
[2021-06-07 18:43:54,225] {logging_mixin.py:104} INFO - [2021-06-07 18:43:54,225] {dagbag.py:487} INFO - Filling up the DagBag from /home/encrypted/abaceti/.virtualenvs/pumpwood-airflow-images/lib/python3.6/site-packages/airflow/example_dags/example_task_group_decorator.py
[2021-06-07 18:43:54,237] {scheduler_job.py:643} INFO - DAG(s) dict_keys(['example_task_group_decorator']) retrieved from /home/encrypted/abaceti/.virtualenvs/pumpwood-airflow-images/lib/python3.6/site-packages/airflow/example_dags/example_task_group_decorator.py
[2021-06-07 18:43:54,349] {logging_mixin.py:104} INFO - [2021-06-07 18:43:54,349] {dag.py:1832} INFO - Sync 1 DAGs
[2021-06-07 18:43:54,357] {logging_mixin.py:104} INFO - [2021-06-07 18:43:54,357] {dag.py:2305} INFO - Setting next_dagrun for example_task_group_decorator to 2021-06-05 00:00:00+00:00
[2021-06-07 18:43:54,364] {scheduler_job.py:190} INFO - Processing /home/encrypted/abaceti/.virtualenvs/pumpwood-airflow-images/lib/python3.6/site-packages/airflow/example_dags/example_task_group_decorator.py took 0.142 seconds
[2021-06-07 18:44:24,385] {scheduler_job.py:182} INFO - Started process (PID=7366) to work on /home/encrypted/abaceti/.virtualenvs/pumpwood-airflow-images/lib/python3.6/site-packages/airflow/example_dags/example_task_group_decorator.py
[2021-06-07 18:44:24,386] {scheduler_job.py:633} INFO - Processing file /home/encrypted/abaceti/.virtualenvs/pumpwood-airflow-images/lib/python3.6/site-packages/airflow/example_dags/example_task_group_decorator.py for tasks to queue
[2021-06-07 18:44:24,386] {logging_mixin.py:104} INFO - [2021-06-07 18:44:24,386] {dagbag.py:487} INFO - Filling up the DagBag from /home/encrypted/abaceti/.virtualenvs/pumpwood-airflow-images/lib/python3.6/site-packages/airflow/example_dags/example_task_group_decorator.py
[2021-06-07 18:44:24,397] {scheduler_job.py:643} INFO - DAG(s) dict_keys(['example_task_group_decorator']) retrieved from /home/encrypted/abaceti/.virtualenvs/pumpwood-airflow-images/lib/python3.6/site-packages/airflow/example_dags/example_task_group_decorator.py
[2021-06-07 18:44:24,507] {logging_mixin.py:104} INFO - [2021-06-07 18:44:24,507] {dag.py:1832} INFO - Sync 1 DAGs
[2021-06-07 18:44:24,515] {logging_mixin.py:104} INFO - [2021-06-07 18:44:24,515] {dag.py:2305} INFO - Setting next_dagrun for example_task_group_decorator to 2021-06-05 00:00:00+00:00
[2021-06-07 18:44:24,522] {scheduler_job.py:190} INFO - Processing /home/encrypted/abaceti/.virtualenvs/pumpwood-airflow-images/lib/python3.6/site-packages/airflow/example_dags/example_task_group_decorator.py took 0.139 seconds
[2021-06-07 18:44:55,448] {scheduler_job.py:182} INFO - Started process (PID=7536) to work on /home/encrypted/abaceti/.virtualenvs/pumpwood-airflow-images/lib/python3.6/site-packages/airflow/example_dags/example_task_group_decorator.py
[2021-06-07 18:44:55,448] {scheduler_job.py:633} INFO - Processing file /home/encrypted/abaceti/.virtualenvs/pumpwood-airflow-images/lib/python3.6/site-packages/airflow/example_dags/example_task_group_decorator.py for tasks to queue
[2021-06-07 18:44:55,449] {logging_mixin.py:104} INFO - [2021-06-07 18:44:55,448] {dagbag.py:487} INFO - Filling up the DagBag from /home/encrypted/abaceti/.virtualenvs/pumpwood-airflow-images/lib/python3.6/site-packages/airflow/example_dags/example_task_group_decorator.py
[2021-06-07 18:44:55,460] {scheduler_job.py:643} INFO - DAG(s) dict_keys(['example_task_group_decorator']) retrieved from /home/encrypted/abaceti/.virtualenvs/pumpwood-airflow-images/lib/python3.6/site-packages/airflow/example_dags/example_task_group_decorator.py
[2021-06-07 18:44:55,564] {logging_mixin.py:104} INFO - [2021-06-07 18:44:55,564] {dag.py:1832} INFO - Sync 1 DAGs
[2021-06-07 18:44:55,571] {logging_mixin.py:104} INFO - [2021-06-07 18:44:55,571] {dag.py:2305} INFO - Setting next_dagrun for example_task_group_decorator to 2021-06-05 00:00:00+00:00
[2021-06-07 18:44:55,578] {scheduler_job.py:190} INFO - Processing /home/encrypted/abaceti/.virtualenvs/pumpwood-airflow-images/lib/python3.6/site-packages/airflow/example_dags/example_task_group_decorator.py took 0.131 seconds
[2021-06-07 18:45:26,425] {scheduler_job.py:182} INFO - Started process (PID=7658) to work on /home/encrypted/abaceti/.virtualenvs/pumpwood-airflow-images/lib/python3.6/site-packages/airflow/example_dags/example_task_group_decorator.py
[2021-06-07 18:45:26,425] {scheduler_job.py:633} INFO - Processing file /home/encrypted/abaceti/.virtualenvs/pumpwood-airflow-images/lib/python3.6/site-packages/airflow/example_dags/example_task_group_decorator.py for tasks to queue
[2021-06-07 18:45:26,426] {logging_mixin.py:104} INFO - [2021-06-07 18:45:26,426] {dagbag.py:487} INFO - Filling up the DagBag from /home/encrypted/abaceti/.virtualenvs/pumpwood-airflow-images/lib/python3.6/site-packages/airflow/example_dags/example_task_group_decorator.py
[2021-06-07 18:45:26,437] {scheduler_job.py:643} INFO - DAG(s) dict_keys(['example_task_group_decorator']) retrieved from /home/encrypted/abaceti/.virtualenvs/pumpwood-airflow-images/lib/python3.6/site-packages/airflow/example_dags/example_task_group_decorator.py
[2021-06-07 18:45:26,542] {logging_mixin.py:104} INFO - [2021-06-07 18:45:26,542] {dag.py:1832} INFO - Sync 1 DAGs
[2021-06-07 18:45:26,550] {logging_mixin.py:104} INFO - [2021-06-07 18:45:26,550] {dag.py:2305} INFO - Setting next_dagrun for example_task_group_decorator to 2021-06-05 00:00:00+00:00
[2021-06-07 18:45:26,559] {scheduler_job.py:190} INFO - Processing /home/encrypted/abaceti/.virtualenvs/pumpwood-airflow-images/lib/python3.6/site-packages/airflow/example_dags/example_task_group_decorator.py took 0.140 seconds
[2021-06-07 18:45:56,596] {scheduler_job.py:182} INFO - Started process (PID=7823) to work on /home/encrypted/abaceti/.virtualenvs/pumpwood-airflow-images/lib/python3.6/site-packages/airflow/example_dags/example_task_group_decorator.py
[2021-06-07 18:45:56,597] {scheduler_job.py:633} INFO - Processing file /home/encrypted/abaceti/.virtualenvs/pumpwood-airflow-images/lib/python3.6/site-packages/airflow/example_dags/example_task_group_decorator.py for tasks to queue
[2021-06-07 18:45:56,599] {logging_mixin.py:104} INFO - [2021-06-07 18:45:56,599] {dagbag.py:487} INFO - Filling up the DagBag from /home/encrypted/abaceti/.virtualenvs/pumpwood-airflow-images/lib/python3.6/site-packages/airflow/example_dags/example_task_group_decorator.py
[2021-06-07 18:45:56,633] {scheduler_job.py:643} INFO - DAG(s) dict_keys(['example_task_group_decorator']) retrieved from /home/encrypted/abaceti/.virtualenvs/pumpwood-airflow-images/lib/python3.6/site-packages/airflow/example_dags/example_task_group_decorator.py
[2021-06-07 18:45:56,746] {logging_mixin.py:104} INFO - [2021-06-07 18:45:56,745] {dag.py:1832} INFO - Sync 1 DAGs
[2021-06-07 18:45:56,753] {logging_mixin.py:104} INFO - [2021-06-07 18:45:56,753] {dag.py:2305} INFO - Setting next_dagrun for example_task_group_decorator to 2021-06-05 00:00:00+00:00
[2021-06-07 18:45:56,760] {scheduler_job.py:190} INFO - Processing /home/encrypted/abaceti/.virtualenvs/pumpwood-airflow-images/lib/python3.6/site-packages/airflow/example_dags/example_task_group_decorator.py took 0.170 seconds
[2021-06-07 18:46:26,831] {scheduler_job.py:182} INFO - Started process (PID=7949) to work on /home/encrypted/abaceti/.virtualenvs/pumpwood-airflow-images/lib/python3.6/site-packages/airflow/example_dags/example_task_group_decorator.py
[2021-06-07 18:46:26,831] {scheduler_job.py:633} INFO - Processing file /home/encrypted/abaceti/.virtualenvs/pumpwood-airflow-images/lib/python3.6/site-packages/airflow/example_dags/example_task_group_decorator.py for tasks to queue
[2021-06-07 18:46:26,832] {logging_mixin.py:104} INFO - [2021-06-07 18:46:26,832] {dagbag.py:487} INFO - Filling up the DagBag from /home/encrypted/abaceti/.virtualenvs/pumpwood-airflow-images/lib/python3.6/site-packages/airflow/example_dags/example_task_group_decorator.py
[2021-06-07 18:46:26,843] {scheduler_job.py:643} INFO - DAG(s) dict_keys(['example_task_group_decorator']) retrieved from /home/encrypted/abaceti/.virtualenvs/pumpwood-airflow-images/lib/python3.6/site-packages/airflow/example_dags/example_task_group_decorator.py
[2021-06-07 18:46:26,955] {logging_mixin.py:104} INFO - [2021-06-07 18:46:26,955] {dag.py:1832} INFO - Sync 1 DAGs
[2021-06-07 18:46:26,963] {logging_mixin.py:104} INFO - [2021-06-07 18:46:26,963] {dag.py:2305} INFO - Setting next_dagrun for example_task_group_decorator to 2021-06-05 00:00:00+00:00
[2021-06-07 18:46:26,971] {scheduler_job.py:190} INFO - Processing /home/encrypted/abaceti/.virtualenvs/pumpwood-airflow-images/lib/python3.6/site-packages/airflow/example_dags/example_task_group_decorator.py took 0.142 seconds
[2021-06-07 18:46:57,001] {scheduler_job.py:182} INFO - Started process (PID=8140) to work on /home/encrypted/abaceti/.virtualenvs/pumpwood-airflow-images/lib/python3.6/site-packages/airflow/example_dags/example_task_group_decorator.py
[2021-06-07 18:46:57,001] {scheduler_job.py:633} INFO - Processing file /home/encrypted/abaceti/.virtualenvs/pumpwood-airflow-images/lib/python3.6/site-packages/airflow/example_dags/example_task_group_decorator.py for tasks to queue
[2021-06-07 18:46:57,001] {logging_mixin.py:104} INFO - [2021-06-07 18:46:57,001] {dagbag.py:487} INFO - Filling up the DagBag from /home/encrypted/abaceti/.virtualenvs/pumpwood-airflow-images/lib/python3.6/site-packages/airflow/example_dags/example_task_group_decorator.py
[2021-06-07 18:46:57,013] {scheduler_job.py:643} INFO - DAG(s) dict_keys(['example_task_group_decorator']) retrieved from /home/encrypted/abaceti/.virtualenvs/pumpwood-airflow-images/lib/python3.6/site-packages/airflow/example_dags/example_task_group_decorator.py
[2021-06-07 18:46:57,124] {logging_mixin.py:104} INFO - [2021-06-07 18:46:57,124] {dag.py:1832} INFO - Sync 1 DAGs
[2021-06-07 18:46:57,132] {logging_mixin.py:104} INFO - [2021-06-07 18:46:57,132] {dag.py:2305} INFO - Setting next_dagrun for example_task_group_decorator to 2021-06-05 00:00:00+00:00
[2021-06-07 18:46:57,139] {scheduler_job.py:190} INFO - Processing /home/encrypted/abaceti/.virtualenvs/pumpwood-airflow-images/lib/python3.6/site-packages/airflow/example_dags/example_task_group_decorator.py took 0.139 seconds
[2021-06-07 18:47:27,196] {scheduler_job.py:182} INFO - Started process (PID=8278) to work on /home/encrypted/abaceti/.virtualenvs/pumpwood-airflow-images/lib/python3.6/site-packages/airflow/example_dags/example_task_group_decorator.py
[2021-06-07 18:47:27,196] {scheduler_job.py:633} INFO - Processing file /home/encrypted/abaceti/.virtualenvs/pumpwood-airflow-images/lib/python3.6/site-packages/airflow/example_dags/example_task_group_decorator.py for tasks to queue
[2021-06-07 18:47:27,197] {logging_mixin.py:104} INFO - [2021-06-07 18:47:27,197] {dagbag.py:487} INFO - Filling up the DagBag from /home/encrypted/abaceti/.virtualenvs/pumpwood-airflow-images/lib/python3.6/site-packages/airflow/example_dags/example_task_group_decorator.py
[2021-06-07 18:47:27,209] {scheduler_job.py:643} INFO - DAG(s) dict_keys(['example_task_group_decorator']) retrieved from /home/encrypted/abaceti/.virtualenvs/pumpwood-airflow-images/lib/python3.6/site-packages/airflow/example_dags/example_task_group_decorator.py
[2021-06-07 18:47:27,334] {logging_mixin.py:104} INFO - [2021-06-07 18:47:27,334] {dag.py:1832} INFO - Sync 1 DAGs
[2021-06-07 18:47:27,343] {logging_mixin.py:104} INFO - [2021-06-07 18:47:27,343] {dag.py:2305} INFO - Setting next_dagrun for example_task_group_decorator to 2021-06-05 00:00:00+00:00
[2021-06-07 18:47:27,350] {scheduler_job.py:190} INFO - Processing /home/encrypted/abaceti/.virtualenvs/pumpwood-airflow-images/lib/python3.6/site-packages/airflow/example_dags/example_task_group_decorator.py took 0.156 seconds
[2021-06-07 18:47:57,400] {scheduler_job.py:182} INFO - Started process (PID=8505) to work on /home/encrypted/abaceti/.virtualenvs/pumpwood-airflow-images/lib/python3.6/site-packages/airflow/example_dags/example_task_group_decorator.py
[2021-06-07 18:47:57,400] {scheduler_job.py:633} INFO - Processing file /home/encrypted/abaceti/.virtualenvs/pumpwood-airflow-images/lib/python3.6/site-packages/airflow/example_dags/example_task_group_decorator.py for tasks to queue
[2021-06-07 18:47:57,401] {logging_mixin.py:104} INFO - [2021-06-07 18:47:57,400] {dagbag.py:487} INFO - Filling up the DagBag from /home/encrypted/abaceti/.virtualenvs/pumpwood-airflow-images/lib/python3.6/site-packages/airflow/example_dags/example_task_group_decorator.py
[2021-06-07 18:47:57,412] {scheduler_job.py:643} INFO - DAG(s) dict_keys(['example_task_group_decorator']) retrieved from /home/encrypted/abaceti/.virtualenvs/pumpwood-airflow-images/lib/python3.6/site-packages/airflow/example_dags/example_task_group_decorator.py
[2021-06-07 18:47:57,519] {logging_mixin.py:104} INFO - [2021-06-07 18:47:57,519] {dag.py:1832} INFO - Sync 1 DAGs
[2021-06-07 18:47:57,526] {logging_mixin.py:104} INFO - [2021-06-07 18:47:57,526] {dag.py:2305} INFO - Setting next_dagrun for example_task_group_decorator to 2021-06-05 00:00:00+00:00
[2021-06-07 18:47:57,534] {scheduler_job.py:190} INFO - Processing /home/encrypted/abaceti/.virtualenvs/pumpwood-airflow-images/lib/python3.6/site-packages/airflow/example_dags/example_task_group_decorator.py took 0.135 seconds
[2021-06-07 18:48:27,644] {scheduler_job.py:182} INFO - Started process (PID=8726) to work on /home/encrypted/abaceti/.virtualenvs/pumpwood-airflow-images/lib/python3.6/site-packages/airflow/example_dags/example_task_group_decorator.py
[2021-06-07 18:48:27,645] {scheduler_job.py:633} INFO - Processing file /home/encrypted/abaceti/.virtualenvs/pumpwood-airflow-images/lib/python3.6/site-packages/airflow/example_dags/example_task_group_decorator.py for tasks to queue
[2021-06-07 18:48:27,645] {logging_mixin.py:104} INFO - [2021-06-07 18:48:27,645] {dagbag.py:487} INFO - Filling up the DagBag from /home/encrypted/abaceti/.virtualenvs/pumpwood-airflow-images/lib/python3.6/site-packages/airflow/example_dags/example_task_group_decorator.py
[2021-06-07 18:48:27,658] {scheduler_job.py:643} INFO - DAG(s) dict_keys(['example_task_group_decorator']) retrieved from /home/encrypted/abaceti/.virtualenvs/pumpwood-airflow-images/lib/python3.6/site-packages/airflow/example_dags/example_task_group_decorator.py
[2021-06-07 18:48:27,772] {logging_mixin.py:104} INFO - [2021-06-07 18:48:27,772] {dag.py:1832} INFO - Sync 1 DAGs
[2021-06-07 18:48:27,779] {logging_mixin.py:104} INFO - [2021-06-07 18:48:27,779] {dag.py:2305} INFO - Setting next_dagrun for example_task_group_decorator to 2021-06-05 00:00:00+00:00
[2021-06-07 18:48:27,785] {scheduler_job.py:190} INFO - Processing /home/encrypted/abaceti/.virtualenvs/pumpwood-airflow-images/lib/python3.6/site-packages/airflow/example_dags/example_task_group_decorator.py took 0.142 seconds
[2021-06-07 18:48:49,466] {scheduler_job.py:182} INFO - Started process (PID=8873) to work on /home/encrypted/abaceti/.virtualenvs/pumpwood-airflow-images/lib/python3.6/site-packages/airflow/example_dags/example_task_group_decorator.py
[2021-06-07 18:48:49,467] {scheduler_job.py:633} INFO - Processing file /home/encrypted/abaceti/.virtualenvs/pumpwood-airflow-images/lib/python3.6/site-packages/airflow/example_dags/example_task_group_decorator.py for tasks to queue
[2021-06-07 18:48:49,467] {logging_mixin.py:104} INFO - [2021-06-07 18:48:49,467] {dagbag.py:487} INFO - Filling up the DagBag from /home/encrypted/abaceti/.virtualenvs/pumpwood-airflow-images/lib/python3.6/site-packages/airflow/example_dags/example_task_group_decorator.py
[2021-06-07 18:48:49,480] {scheduler_job.py:643} INFO - DAG(s) dict_keys(['example_task_group_decorator']) retrieved from /home/encrypted/abaceti/.virtualenvs/pumpwood-airflow-images/lib/python3.6/site-packages/airflow/example_dags/example_task_group_decorator.py
[2021-06-07 18:48:49,493] {logging_mixin.py:104} INFO - [2021-06-07 18:48:49,492] {dag.py:1832} INFO - Sync 1 DAGs
[2021-06-07 18:48:49,502] {logging_mixin.py:104} INFO - [2021-06-07 18:48:49,502] {dag.py:2305} INFO - Setting next_dagrun for example_task_group_decorator to 2021-06-05 00:00:00+00:00
[2021-06-07 18:48:49,508] {scheduler_job.py:190} INFO - Processing /home/encrypted/abaceti/.virtualenvs/pumpwood-airflow-images/lib/python3.6/site-packages/airflow/example_dags/example_task_group_decorator.py took 0.044 seconds
[2021-06-07 18:49:20,417] {scheduler_job.py:182} INFO - Started process (PID=8996) to work on /home/encrypted/abaceti/.virtualenvs/pumpwood-airflow-images/lib/python3.6/site-packages/airflow/example_dags/example_task_group_decorator.py
[2021-06-07 18:49:20,418] {scheduler_job.py:633} INFO - Processing file /home/encrypted/abaceti/.virtualenvs/pumpwood-airflow-images/lib/python3.6/site-packages/airflow/example_dags/example_task_group_decorator.py for tasks to queue
[2021-06-07 18:49:20,418] {logging_mixin.py:104} INFO - [2021-06-07 18:49:20,418] {dagbag.py:487} INFO - Filling up the DagBag from /home/encrypted/abaceti/.virtualenvs/pumpwood-airflow-images/lib/python3.6/site-packages/airflow/example_dags/example_task_group_decorator.py
[2021-06-07 18:49:20,429] {scheduler_job.py:643} INFO - DAG(s) dict_keys(['example_task_group_decorator']) retrieved from /home/encrypted/abaceti/.virtualenvs/pumpwood-airflow-images/lib/python3.6/site-packages/airflow/example_dags/example_task_group_decorator.py
[2021-06-07 18:49:20,538] {logging_mixin.py:104} INFO - [2021-06-07 18:49:20,538] {dag.py:1832} INFO - Sync 1 DAGs
[2021-06-07 18:49:20,545] {logging_mixin.py:104} INFO - [2021-06-07 18:49:20,545] {dag.py:2305} INFO - Setting next_dagrun for example_task_group_decorator to 2021-06-05 00:00:00+00:00
[2021-06-07 18:49:20,553] {scheduler_job.py:190} INFO - Processing /home/encrypted/abaceti/.virtualenvs/pumpwood-airflow-images/lib/python3.6/site-packages/airflow/example_dags/example_task_group_decorator.py took 0.137 seconds
[2021-06-07 18:49:50,670] {scheduler_job.py:182} INFO - Started process (PID=9175) to work on /home/encrypted/abaceti/.virtualenvs/pumpwood-airflow-images/lib/python3.6/site-packages/airflow/example_dags/example_task_group_decorator.py
[2021-06-07 18:49:50,671] {scheduler_job.py:633} INFO - Processing file /home/encrypted/abaceti/.virtualenvs/pumpwood-airflow-images/lib/python3.6/site-packages/airflow/example_dags/example_task_group_decorator.py for tasks to queue
[2021-06-07 18:49:50,671] {logging_mixin.py:104} INFO - [2021-06-07 18:49:50,671] {dagbag.py:487} INFO - Filling up the DagBag from /home/encrypted/abaceti/.virtualenvs/pumpwood-airflow-images/lib/python3.6/site-packages/airflow/example_dags/example_task_group_decorator.py
[2021-06-07 18:49:50,683] {scheduler_job.py:643} INFO - DAG(s) dict_keys(['example_task_group_decorator']) retrieved from /home/encrypted/abaceti/.virtualenvs/pumpwood-airflow-images/lib/python3.6/site-packages/airflow/example_dags/example_task_group_decorator.py
[2021-06-07 18:49:50,795] {logging_mixin.py:104} INFO - [2021-06-07 18:49:50,795] {dag.py:1832} INFO - Sync 1 DAGs
[2021-06-07 18:49:50,803] {logging_mixin.py:104} INFO - [2021-06-07 18:49:50,803] {dag.py:2305} INFO - Setting next_dagrun for example_task_group_decorator to 2021-06-05 00:00:00+00:00
[2021-06-07 18:49:50,810] {scheduler_job.py:190} INFO - Processing /home/encrypted/abaceti/.virtualenvs/pumpwood-airflow-images/lib/python3.6/site-packages/airflow/example_dags/example_task_group_decorator.py took 0.141 seconds
[2021-06-07 18:50:20,901] {scheduler_job.py:182} INFO - Started process (PID=9411) to work on /home/encrypted/abaceti/.virtualenvs/pumpwood-airflow-images/lib/python3.6/site-packages/airflow/example_dags/example_task_group_decorator.py
[2021-06-07 18:50:20,901] {scheduler_job.py:633} INFO - Processing file /home/encrypted/abaceti/.virtualenvs/pumpwood-airflow-images/lib/python3.6/site-packages/airflow/example_dags/example_task_group_decorator.py for tasks to queue
[2021-06-07 18:50:20,902] {logging_mixin.py:104} INFO - [2021-06-07 18:50:20,902] {dagbag.py:487} INFO - Filling up the DagBag from /home/encrypted/abaceti/.virtualenvs/pumpwood-airflow-images/lib/python3.6/site-packages/airflow/example_dags/example_task_group_decorator.py
[2021-06-07 18:50:20,913] {scheduler_job.py:643} INFO - DAG(s) dict_keys(['example_task_group_decorator']) retrieved from /home/encrypted/abaceti/.virtualenvs/pumpwood-airflow-images/lib/python3.6/site-packages/airflow/example_dags/example_task_group_decorator.py
[2021-06-07 18:50:21,023] {logging_mixin.py:104} INFO - [2021-06-07 18:50:21,023] {dag.py:1832} INFO - Sync 1 DAGs
[2021-06-07 18:50:21,030] {logging_mixin.py:104} INFO - [2021-06-07 18:50:21,030] {dag.py:2305} INFO - Setting next_dagrun for example_task_group_decorator to 2021-06-05 00:00:00+00:00
[2021-06-07 18:50:21,036] {scheduler_job.py:190} INFO - Processing /home/encrypted/abaceti/.virtualenvs/pumpwood-airflow-images/lib/python3.6/site-packages/airflow/example_dags/example_task_group_decorator.py took 0.137 seconds
[2021-06-07 18:50:51,126] {scheduler_job.py:182} INFO - Started process (PID=9570) to work on /home/encrypted/abaceti/.virtualenvs/pumpwood-airflow-images/lib/python3.6/site-packages/airflow/example_dags/example_task_group_decorator.py
[2021-06-07 18:50:51,126] {scheduler_job.py:633} INFO - Processing file /home/encrypted/abaceti/.virtualenvs/pumpwood-airflow-images/lib/python3.6/site-packages/airflow/example_dags/example_task_group_decorator.py for tasks to queue
[2021-06-07 18:50:51,126] {logging_mixin.py:104} INFO - [2021-06-07 18:50:51,126] {dagbag.py:487} INFO - Filling up the DagBag from /home/encrypted/abaceti/.virtualenvs/pumpwood-airflow-images/lib/python3.6/site-packages/airflow/example_dags/example_task_group_decorator.py
[2021-06-07 18:50:51,138] {scheduler_job.py:643} INFO - DAG(s) dict_keys(['example_task_group_decorator']) retrieved from /home/encrypted/abaceti/.virtualenvs/pumpwood-airflow-images/lib/python3.6/site-packages/airflow/example_dags/example_task_group_decorator.py
[2021-06-07 18:50:51,249] {logging_mixin.py:104} INFO - [2021-06-07 18:50:51,249] {dag.py:1832} INFO - Sync 1 DAGs
[2021-06-07 18:50:51,257] {logging_mixin.py:104} INFO - [2021-06-07 18:50:51,257] {dag.py:2305} INFO - Setting next_dagrun for example_task_group_decorator to 2021-06-05 00:00:00+00:00
[2021-06-07 18:50:51,263] {scheduler_job.py:190} INFO - Processing /home/encrypted/abaceti/.virtualenvs/pumpwood-airflow-images/lib/python3.6/site-packages/airflow/example_dags/example_task_group_decorator.py took 0.139 seconds
[2021-06-07 18:51:21,303] {scheduler_job.py:182} INFO - Started process (PID=9687) to work on /home/encrypted/abaceti/.virtualenvs/pumpwood-airflow-images/lib/python3.6/site-packages/airflow/example_dags/example_task_group_decorator.py
[2021-06-07 18:51:21,303] {scheduler_job.py:633} INFO - Processing file /home/encrypted/abaceti/.virtualenvs/pumpwood-airflow-images/lib/python3.6/site-packages/airflow/example_dags/example_task_group_decorator.py for tasks to queue
[2021-06-07 18:51:21,304] {logging_mixin.py:104} INFO - [2021-06-07 18:51:21,304] {dagbag.py:487} INFO - Filling up the DagBag from /home/encrypted/abaceti/.virtualenvs/pumpwood-airflow-images/lib/python3.6/site-packages/airflow/example_dags/example_task_group_decorator.py
[2021-06-07 18:51:21,316] {scheduler_job.py:643} INFO - DAG(s) dict_keys(['example_task_group_decorator']) retrieved from /home/encrypted/abaceti/.virtualenvs/pumpwood-airflow-images/lib/python3.6/site-packages/airflow/example_dags/example_task_group_decorator.py
[2021-06-07 18:51:21,332] {logging_mixin.py:104} INFO - [2021-06-07 18:51:21,331] {dag.py:1832} INFO - Sync 1 DAGs
[2021-06-07 18:51:21,339] {logging_mixin.py:104} INFO - [2021-06-07 18:51:21,339] {dag.py:2305} INFO - Setting next_dagrun for example_task_group_decorator to 2021-06-05 00:00:00+00:00
[2021-06-07 18:51:21,345] {scheduler_job.py:190} INFO - Processing /home/encrypted/abaceti/.virtualenvs/pumpwood-airflow-images/lib/python3.6/site-packages/airflow/example_dags/example_task_group_decorator.py took 0.044 seconds
[2021-06-07 18:51:51,410] {scheduler_job.py:182} INFO - Started process (PID=9851) to work on /home/encrypted/abaceti/.virtualenvs/pumpwood-airflow-images/lib/python3.6/site-packages/airflow/example_dags/example_task_group_decorator.py
[2021-06-07 18:51:51,410] {scheduler_job.py:633} INFO - Processing file /home/encrypted/abaceti/.virtualenvs/pumpwood-airflow-images/lib/python3.6/site-packages/airflow/example_dags/example_task_group_decorator.py for tasks to queue
[2021-06-07 18:51:51,410] {logging_mixin.py:104} INFO - [2021-06-07 18:51:51,410] {dagbag.py:487} INFO - Filling up the DagBag from /home/encrypted/abaceti/.virtualenvs/pumpwood-airflow-images/lib/python3.6/site-packages/airflow/example_dags/example_task_group_decorator.py
[2021-06-07 18:51:51,423] {scheduler_job.py:643} INFO - DAG(s) dict_keys(['example_task_group_decorator']) retrieved from /home/encrypted/abaceti/.virtualenvs/pumpwood-airflow-images/lib/python3.6/site-packages/airflow/example_dags/example_task_group_decorator.py
[2021-06-07 18:51:51,534] {logging_mixin.py:104} INFO - [2021-06-07 18:51:51,534] {dag.py:1832} INFO - Sync 1 DAGs
[2021-06-07 18:51:51,542] {logging_mixin.py:104} INFO - [2021-06-07 18:51:51,542] {dag.py:2305} INFO - Setting next_dagrun for example_task_group_decorator to 2021-06-05 00:00:00+00:00
[2021-06-07 18:51:51,549] {scheduler_job.py:190} INFO - Processing /home/encrypted/abaceti/.virtualenvs/pumpwood-airflow-images/lib/python3.6/site-packages/airflow/example_dags/example_task_group_decorator.py took 0.141 seconds
[2021-06-07 18:52:21,669] {scheduler_job.py:182} INFO - Started process (PID=9973) to work on /home/encrypted/abaceti/.virtualenvs/pumpwood-airflow-images/lib/python3.6/site-packages/airflow/example_dags/example_task_group_decorator.py
[2021-06-07 18:52:21,669] {scheduler_job.py:633} INFO - Processing file /home/encrypted/abaceti/.virtualenvs/pumpwood-airflow-images/lib/python3.6/site-packages/airflow/example_dags/example_task_group_decorator.py for tasks to queue
[2021-06-07 18:52:21,670] {logging_mixin.py:104} INFO - [2021-06-07 18:52:21,670] {dagbag.py:487} INFO - Filling up the DagBag from /home/encrypted/abaceti/.virtualenvs/pumpwood-airflow-images/lib/python3.6/site-packages/airflow/example_dags/example_task_group_decorator.py
[2021-06-07 18:52:21,681] {scheduler_job.py:643} INFO - DAG(s) dict_keys(['example_task_group_decorator']) retrieved from /home/encrypted/abaceti/.virtualenvs/pumpwood-airflow-images/lib/python3.6/site-packages/airflow/example_dags/example_task_group_decorator.py
[2021-06-07 18:52:21,784] {logging_mixin.py:104} INFO - [2021-06-07 18:52:21,784] {dag.py:1832} INFO - Sync 1 DAGs
[2021-06-07 18:52:21,792] {logging_mixin.py:104} INFO - [2021-06-07 18:52:21,792] {dag.py:2305} INFO - Setting next_dagrun for example_task_group_decorator to 2021-06-05 00:00:00+00:00
[2021-06-07 18:52:21,799] {scheduler_job.py:190} INFO - Processing /home/encrypted/abaceti/.virtualenvs/pumpwood-airflow-images/lib/python3.6/site-packages/airflow/example_dags/example_task_group_decorator.py took 0.131 seconds
[2021-06-07 18:52:52,790] {scheduler_job.py:182} INFO - Started process (PID=10784) to work on /home/encrypted/abaceti/.virtualenvs/pumpwood-airflow-images/lib/python3.6/site-packages/airflow/example_dags/example_task_group_decorator.py
[2021-06-07 18:52:52,791] {scheduler_job.py:633} INFO - Processing file /home/encrypted/abaceti/.virtualenvs/pumpwood-airflow-images/lib/python3.6/site-packages/airflow/example_dags/example_task_group_decorator.py for tasks to queue
[2021-06-07 18:52:52,791] {logging_mixin.py:104} INFO - [2021-06-07 18:52:52,791] {dagbag.py:487} INFO - Filling up the DagBag from /home/encrypted/abaceti/.virtualenvs/pumpwood-airflow-images/lib/python3.6/site-packages/airflow/example_dags/example_task_group_decorator.py
[2021-06-07 18:52:52,804] {scheduler_job.py:643} INFO - DAG(s) dict_keys(['example_task_group_decorator']) retrieved from /home/encrypted/abaceti/.virtualenvs/pumpwood-airflow-images/lib/python3.6/site-packages/airflow/example_dags/example_task_group_decorator.py
[2021-06-07 18:52:52,909] {logging_mixin.py:104} INFO - [2021-06-07 18:52:52,909] {dag.py:1832} INFO - Sync 1 DAGs
[2021-06-07 18:52:52,917] {logging_mixin.py:104} INFO - [2021-06-07 18:52:52,917] {dag.py:2305} INFO - Setting next_dagrun for example_task_group_decorator to 2021-06-05 00:00:00+00:00
[2021-06-07 18:52:52,925] {scheduler_job.py:190} INFO - Processing /home/encrypted/abaceti/.virtualenvs/pumpwood-airflow-images/lib/python3.6/site-packages/airflow/example_dags/example_task_group_decorator.py took 0.137 seconds
[2021-06-07 18:53:22,969] {scheduler_job.py:182} INFO - Started process (PID=11108) to work on /home/encrypted/abaceti/.virtualenvs/pumpwood-airflow-images/lib/python3.6/site-packages/airflow/example_dags/example_task_group_decorator.py
[2021-06-07 18:53:22,969] {scheduler_job.py:633} INFO - Processing file /home/encrypted/abaceti/.virtualenvs/pumpwood-airflow-images/lib/python3.6/site-packages/airflow/example_dags/example_task_group_decorator.py for tasks to queue
[2021-06-07 18:53:22,970] {logging_mixin.py:104} INFO - [2021-06-07 18:53:22,970] {dagbag.py:487} INFO - Filling up the DagBag from /home/encrypted/abaceti/.virtualenvs/pumpwood-airflow-images/lib/python3.6/site-packages/airflow/example_dags/example_task_group_decorator.py
[2021-06-07 18:53:22,982] {scheduler_job.py:643} INFO - DAG(s) dict_keys(['example_task_group_decorator']) retrieved from /home/encrypted/abaceti/.virtualenvs/pumpwood-airflow-images/lib/python3.6/site-packages/airflow/example_dags/example_task_group_decorator.py
[2021-06-07 18:53:23,085] {logging_mixin.py:104} INFO - [2021-06-07 18:53:23,085] {dag.py:1832} INFO - Sync 1 DAGs
[2021-06-07 18:53:23,093] {logging_mixin.py:104} INFO - [2021-06-07 18:53:23,093] {dag.py:2305} INFO - Setting next_dagrun for example_task_group_decorator to 2021-06-05 00:00:00+00:00
[2021-06-07 18:53:23,102] {scheduler_job.py:190} INFO - Processing /home/encrypted/abaceti/.virtualenvs/pumpwood-airflow-images/lib/python3.6/site-packages/airflow/example_dags/example_task_group_decorator.py took 0.135 seconds
[2021-06-07 18:53:53,233] {scheduler_job.py:182} INFO - Started process (PID=11492) to work on /home/encrypted/abaceti/.virtualenvs/pumpwood-airflow-images/lib/python3.6/site-packages/airflow/example_dags/example_task_group_decorator.py
[2021-06-07 18:53:53,233] {scheduler_job.py:633} INFO - Processing file /home/encrypted/abaceti/.virtualenvs/pumpwood-airflow-images/lib/python3.6/site-packages/airflow/example_dags/example_task_group_decorator.py for tasks to queue
[2021-06-07 18:53:53,233] {logging_mixin.py:104} INFO - [2021-06-07 18:53:53,233] {dagbag.py:487} INFO - Filling up the DagBag from /home/encrypted/abaceti/.virtualenvs/pumpwood-airflow-images/lib/python3.6/site-packages/airflow/example_dags/example_task_group_decorator.py
[2021-06-07 18:53:53,245] {scheduler_job.py:643} INFO - DAG(s) dict_keys(['example_task_group_decorator']) retrieved from /home/encrypted/abaceti/.virtualenvs/pumpwood-airflow-images/lib/python3.6/site-packages/airflow/example_dags/example_task_group_decorator.py
[2021-06-07 18:53:53,366] {logging_mixin.py:104} INFO - [2021-06-07 18:53:53,366] {dag.py:1832} INFO - Sync 1 DAGs
[2021-06-07 18:53:53,374] {logging_mixin.py:104} INFO - [2021-06-07 18:53:53,374] {dag.py:2305} INFO - Setting next_dagrun for example_task_group_decorator to 2021-06-05 00:00:00+00:00
[2021-06-07 18:53:53,380] {scheduler_job.py:190} INFO - Processing /home/encrypted/abaceti/.virtualenvs/pumpwood-airflow-images/lib/python3.6/site-packages/airflow/example_dags/example_task_group_decorator.py took 0.149 seconds
[2021-06-07 18:54:24,348] {scheduler_job.py:182} INFO - Started process (PID=11906) to work on /home/encrypted/abaceti/.virtualenvs/pumpwood-airflow-images/lib/python3.6/site-packages/airflow/example_dags/example_task_group_decorator.py
[2021-06-07 18:54:24,349] {scheduler_job.py:633} INFO - Processing file /home/encrypted/abaceti/.virtualenvs/pumpwood-airflow-images/lib/python3.6/site-packages/airflow/example_dags/example_task_group_decorator.py for tasks to queue
[2021-06-07 18:54:24,349] {logging_mixin.py:104} INFO - [2021-06-07 18:54:24,349] {dagbag.py:487} INFO - Filling up the DagBag from /home/encrypted/abaceti/.virtualenvs/pumpwood-airflow-images/lib/python3.6/site-packages/airflow/example_dags/example_task_group_decorator.py
[2021-06-07 18:54:24,363] {scheduler_job.py:643} INFO - DAG(s) dict_keys(['example_task_group_decorator']) retrieved from /home/encrypted/abaceti/.virtualenvs/pumpwood-airflow-images/lib/python3.6/site-packages/airflow/example_dags/example_task_group_decorator.py
[2021-06-07 18:54:24,466] {logging_mixin.py:104} INFO - [2021-06-07 18:54:24,466] {dag.py:1832} INFO - Sync 1 DAGs
[2021-06-07 18:54:24,474] {logging_mixin.py:104} INFO - [2021-06-07 18:54:24,474] {dag.py:2305} INFO - Setting next_dagrun for example_task_group_decorator to 2021-06-05 00:00:00+00:00
[2021-06-07 18:54:24,481] {scheduler_job.py:190} INFO - Processing /home/encrypted/abaceti/.virtualenvs/pumpwood-airflow-images/lib/python3.6/site-packages/airflow/example_dags/example_task_group_decorator.py took 0.137 seconds
[2021-06-07 18:54:54,511] {scheduler_job.py:182} INFO - Started process (PID=12118) to work on /home/encrypted/abaceti/.virtualenvs/pumpwood-airflow-images/lib/python3.6/site-packages/airflow/example_dags/example_task_group_decorator.py
[2021-06-07 18:54:54,512] {scheduler_job.py:633} INFO - Processing file /home/encrypted/abaceti/.virtualenvs/pumpwood-airflow-images/lib/python3.6/site-packages/airflow/example_dags/example_task_group_decorator.py for tasks to queue
[2021-06-07 18:54:54,512] {logging_mixin.py:104} INFO - [2021-06-07 18:54:54,512] {dagbag.py:487} INFO - Filling up the DagBag from /home/encrypted/abaceti/.virtualenvs/pumpwood-airflow-images/lib/python3.6/site-packages/airflow/example_dags/example_task_group_decorator.py
[2021-06-07 18:54:54,523] {scheduler_job.py:643} INFO - DAG(s) dict_keys(['example_task_group_decorator']) retrieved from /home/encrypted/abaceti/.virtualenvs/pumpwood-airflow-images/lib/python3.6/site-packages/airflow/example_dags/example_task_group_decorator.py
[2021-06-07 18:54:54,628] {logging_mixin.py:104} INFO - [2021-06-07 18:54:54,628] {dag.py:1832} INFO - Sync 1 DAGs
[2021-06-07 18:54:54,636] {logging_mixin.py:104} INFO - [2021-06-07 18:54:54,636] {dag.py:2305} INFO - Setting next_dagrun for example_task_group_decorator to 2021-06-05 00:00:00+00:00
[2021-06-07 18:54:54,643] {scheduler_job.py:190} INFO - Processing /home/encrypted/abaceti/.virtualenvs/pumpwood-airflow-images/lib/python3.6/site-packages/airflow/example_dags/example_task_group_decorator.py took 0.133 seconds
[2021-06-07 18:55:24,677] {scheduler_job.py:182} INFO - Started process (PID=12293) to work on /home/encrypted/abaceti/.virtualenvs/pumpwood-airflow-images/lib/python3.6/site-packages/airflow/example_dags/example_task_group_decorator.py
[2021-06-07 18:55:24,678] {scheduler_job.py:633} INFO - Processing file /home/encrypted/abaceti/.virtualenvs/pumpwood-airflow-images/lib/python3.6/site-packages/airflow/example_dags/example_task_group_decorator.py for tasks to queue
[2021-06-07 18:55:24,678] {logging_mixin.py:104} INFO - [2021-06-07 18:55:24,678] {dagbag.py:487} INFO - Filling up the DagBag from /home/encrypted/abaceti/.virtualenvs/pumpwood-airflow-images/lib/python3.6/site-packages/airflow/example_dags/example_task_group_decorator.py
[2021-06-07 18:55:24,690] {scheduler_job.py:643} INFO - DAG(s) dict_keys(['example_task_group_decorator']) retrieved from /home/encrypted/abaceti/.virtualenvs/pumpwood-airflow-images/lib/python3.6/site-packages/airflow/example_dags/example_task_group_decorator.py
[2021-06-07 18:55:24,708] {logging_mixin.py:104} INFO - [2021-06-07 18:55:24,708] {dag.py:1832} INFO - Sync 1 DAGs
[2021-06-07 18:55:24,719] {logging_mixin.py:104} INFO - [2021-06-07 18:55:24,719] {dag.py:2305} INFO - Setting next_dagrun for example_task_group_decorator to 2021-06-05 00:00:00+00:00
[2021-06-07 18:55:24,726] {scheduler_job.py:190} INFO - Processing /home/encrypted/abaceti/.virtualenvs/pumpwood-airflow-images/lib/python3.6/site-packages/airflow/example_dags/example_task_group_decorator.py took 0.050 seconds
[2021-06-07 18:55:54,796] {scheduler_job.py:182} INFO - Started process (PID=12513) to work on /home/encrypted/abaceti/.virtualenvs/pumpwood-airflow-images/lib/python3.6/site-packages/airflow/example_dags/example_task_group_decorator.py
[2021-06-07 18:55:54,799] {scheduler_job.py:633} INFO - Processing file /home/encrypted/abaceti/.virtualenvs/pumpwood-airflow-images/lib/python3.6/site-packages/airflow/example_dags/example_task_group_decorator.py for tasks to queue
[2021-06-07 18:55:54,800] {logging_mixin.py:104} INFO - [2021-06-07 18:55:54,800] {dagbag.py:487} INFO - Filling up the DagBag from /home/encrypted/abaceti/.virtualenvs/pumpwood-airflow-images/lib/python3.6/site-packages/airflow/example_dags/example_task_group_decorator.py
[2021-06-07 18:55:54,833] {scheduler_job.py:643} INFO - DAG(s) dict_keys(['example_task_group_decorator']) retrieved from /home/encrypted/abaceti/.virtualenvs/pumpwood-airflow-images/lib/python3.6/site-packages/airflow/example_dags/example_task_group_decorator.py
[2021-06-07 18:55:54,944] {logging_mixin.py:104} INFO - [2021-06-07 18:55:54,944] {dag.py:1832} INFO - Sync 1 DAGs
[2021-06-07 18:55:54,953] {logging_mixin.py:104} INFO - [2021-06-07 18:55:54,953] {dag.py:2305} INFO - Setting next_dagrun for example_task_group_decorator to 2021-06-05 00:00:00+00:00
[2021-06-07 18:55:54,960] {scheduler_job.py:190} INFO - Processing /home/encrypted/abaceti/.virtualenvs/pumpwood-airflow-images/lib/python3.6/site-packages/airflow/example_dags/example_task_group_decorator.py took 0.170 seconds
[2021-06-07 18:56:25,005] {scheduler_job.py:182} INFO - Started process (PID=12700) to work on /home/encrypted/abaceti/.virtualenvs/pumpwood-airflow-images/lib/python3.6/site-packages/airflow/example_dags/example_task_group_decorator.py
[2021-06-07 18:56:25,006] {scheduler_job.py:633} INFO - Processing file /home/encrypted/abaceti/.virtualenvs/pumpwood-airflow-images/lib/python3.6/site-packages/airflow/example_dags/example_task_group_decorator.py for tasks to queue
[2021-06-07 18:56:25,006] {logging_mixin.py:104} INFO - [2021-06-07 18:56:25,006] {dagbag.py:487} INFO - Filling up the DagBag from /home/encrypted/abaceti/.virtualenvs/pumpwood-airflow-images/lib/python3.6/site-packages/airflow/example_dags/example_task_group_decorator.py
[2021-06-07 18:56:25,018] {scheduler_job.py:643} INFO - DAG(s) dict_keys(['example_task_group_decorator']) retrieved from /home/encrypted/abaceti/.virtualenvs/pumpwood-airflow-images/lib/python3.6/site-packages/airflow/example_dags/example_task_group_decorator.py
[2021-06-07 18:56:25,119] {logging_mixin.py:104} INFO - [2021-06-07 18:56:25,119] {dag.py:1832} INFO - Sync 1 DAGs
[2021-06-07 18:56:25,127] {logging_mixin.py:104} INFO - [2021-06-07 18:56:25,127] {dag.py:2305} INFO - Setting next_dagrun for example_task_group_decorator to 2021-06-05 00:00:00+00:00
[2021-06-07 18:56:25,135] {scheduler_job.py:190} INFO - Processing /home/encrypted/abaceti/.virtualenvs/pumpwood-airflow-images/lib/python3.6/site-packages/airflow/example_dags/example_task_group_decorator.py took 0.131 seconds
[2021-06-07 18:56:56,155] {scheduler_job.py:182} INFO - Started process (PID=12922) to work on /home/encrypted/abaceti/.virtualenvs/pumpwood-airflow-images/lib/python3.6/site-packages/airflow/example_dags/example_task_group_decorator.py
[2021-06-07 18:56:56,156] {scheduler_job.py:633} INFO - Processing file /home/encrypted/abaceti/.virtualenvs/pumpwood-airflow-images/lib/python3.6/site-packages/airflow/example_dags/example_task_group_decorator.py for tasks to queue
[2021-06-07 18:56:56,157] {logging_mixin.py:104} INFO - [2021-06-07 18:56:56,157] {dagbag.py:487} INFO - Filling up the DagBag from /home/encrypted/abaceti/.virtualenvs/pumpwood-airflow-images/lib/python3.6/site-packages/airflow/example_dags/example_task_group_decorator.py
[2021-06-07 18:56:56,186] {scheduler_job.py:643} INFO - DAG(s) dict_keys(['example_task_group_decorator']) retrieved from /home/encrypted/abaceti/.virtualenvs/pumpwood-airflow-images/lib/python3.6/site-packages/airflow/example_dags/example_task_group_decorator.py
[2021-06-07 18:56:56,203] {logging_mixin.py:104} INFO - [2021-06-07 18:56:56,203] {dag.py:1832} INFO - Sync 1 DAGs
[2021-06-07 18:56:56,212] {logging_mixin.py:104} INFO - [2021-06-07 18:56:56,212] {dag.py:2305} INFO - Setting next_dagrun for example_task_group_decorator to 2021-06-05 00:00:00+00:00
[2021-06-07 18:56:56,218] {scheduler_job.py:190} INFO - Processing /home/encrypted/abaceti/.virtualenvs/pumpwood-airflow-images/lib/python3.6/site-packages/airflow/example_dags/example_task_group_decorator.py took 0.070 seconds
[2021-06-07 18:57:27,076] {scheduler_job.py:182} INFO - Started process (PID=13037) to work on /home/encrypted/abaceti/.virtualenvs/pumpwood-airflow-images/lib/python3.6/site-packages/airflow/example_dags/example_task_group_decorator.py
[2021-06-07 18:57:27,076] {scheduler_job.py:633} INFO - Processing file /home/encrypted/abaceti/.virtualenvs/pumpwood-airflow-images/lib/python3.6/site-packages/airflow/example_dags/example_task_group_decorator.py for tasks to queue
[2021-06-07 18:57:27,076] {logging_mixin.py:104} INFO - [2021-06-07 18:57:27,076] {dagbag.py:487} INFO - Filling up the DagBag from /home/encrypted/abaceti/.virtualenvs/pumpwood-airflow-images/lib/python3.6/site-packages/airflow/example_dags/example_task_group_decorator.py
[2021-06-07 18:57:27,090] {scheduler_job.py:643} INFO - DAG(s) dict_keys(['example_task_group_decorator']) retrieved from /home/encrypted/abaceti/.virtualenvs/pumpwood-airflow-images/lib/python3.6/site-packages/airflow/example_dags/example_task_group_decorator.py
[2021-06-07 18:57:27,193] {logging_mixin.py:104} INFO - [2021-06-07 18:57:27,193] {dag.py:1832} INFO - Sync 1 DAGs
[2021-06-07 18:57:27,201] {logging_mixin.py:104} INFO - [2021-06-07 18:57:27,201] {dag.py:2305} INFO - Setting next_dagrun for example_task_group_decorator to 2021-06-05 00:00:00+00:00
[2021-06-07 18:57:27,208] {scheduler_job.py:190} INFO - Processing /home/encrypted/abaceti/.virtualenvs/pumpwood-airflow-images/lib/python3.6/site-packages/airflow/example_dags/example_task_group_decorator.py took 0.133 seconds
[2021-06-07 18:57:57,275] {scheduler_job.py:182} INFO - Started process (PID=13210) to work on /home/encrypted/abaceti/.virtualenvs/pumpwood-airflow-images/lib/python3.6/site-packages/airflow/example_dags/example_task_group_decorator.py
[2021-06-07 18:57:57,275] {scheduler_job.py:633} INFO - Processing file /home/encrypted/abaceti/.virtualenvs/pumpwood-airflow-images/lib/python3.6/site-packages/airflow/example_dags/example_task_group_decorator.py for tasks to queue
[2021-06-07 18:57:57,276] {logging_mixin.py:104} INFO - [2021-06-07 18:57:57,276] {dagbag.py:487} INFO - Filling up the DagBag from /home/encrypted/abaceti/.virtualenvs/pumpwood-airflow-images/lib/python3.6/site-packages/airflow/example_dags/example_task_group_decorator.py
[2021-06-07 18:57:57,289] {scheduler_job.py:643} INFO - DAG(s) dict_keys(['example_task_group_decorator']) retrieved from /home/encrypted/abaceti/.virtualenvs/pumpwood-airflow-images/lib/python3.6/site-packages/airflow/example_dags/example_task_group_decorator.py
[2021-06-07 18:57:57,396] {logging_mixin.py:104} INFO - [2021-06-07 18:57:57,396] {dag.py:1832} INFO - Sync 1 DAGs
[2021-06-07 18:57:57,404] {logging_mixin.py:104} INFO - [2021-06-07 18:57:57,404] {dag.py:2305} INFO - Setting next_dagrun for example_task_group_decorator to 2021-06-05 00:00:00+00:00
[2021-06-07 18:57:57,412] {scheduler_job.py:190} INFO - Processing /home/encrypted/abaceti/.virtualenvs/pumpwood-airflow-images/lib/python3.6/site-packages/airflow/example_dags/example_task_group_decorator.py took 0.138 seconds
[2021-06-07 18:58:28,398] {scheduler_job.py:182} INFO - Started process (PID=13327) to work on /home/encrypted/abaceti/.virtualenvs/pumpwood-airflow-images/lib/python3.6/site-packages/airflow/example_dags/example_task_group_decorator.py
[2021-06-07 18:58:28,398] {scheduler_job.py:633} INFO - Processing file /home/encrypted/abaceti/.virtualenvs/pumpwood-airflow-images/lib/python3.6/site-packages/airflow/example_dags/example_task_group_decorator.py for tasks to queue
[2021-06-07 18:58:28,398] {logging_mixin.py:104} INFO - [2021-06-07 18:58:28,398] {dagbag.py:487} INFO - Filling up the DagBag from /home/encrypted/abaceti/.virtualenvs/pumpwood-airflow-images/lib/python3.6/site-packages/airflow/example_dags/example_task_group_decorator.py
[2021-06-07 18:58:28,410] {scheduler_job.py:643} INFO - DAG(s) dict_keys(['example_task_group_decorator']) retrieved from /home/encrypted/abaceti/.virtualenvs/pumpwood-airflow-images/lib/python3.6/site-packages/airflow/example_dags/example_task_group_decorator.py
[2021-06-07 18:58:28,517] {logging_mixin.py:104} INFO - [2021-06-07 18:58:28,517] {dag.py:1832} INFO - Sync 1 DAGs
[2021-06-07 18:58:28,525] {logging_mixin.py:104} INFO - [2021-06-07 18:58:28,525] {dag.py:2305} INFO - Setting next_dagrun for example_task_group_decorator to 2021-06-05 00:00:00+00:00
[2021-06-07 18:58:28,531] {scheduler_job.py:190} INFO - Processing /home/encrypted/abaceti/.virtualenvs/pumpwood-airflow-images/lib/python3.6/site-packages/airflow/example_dags/example_task_group_decorator.py took 0.135 seconds
[2021-06-07 18:58:59,488] {scheduler_job.py:182} INFO - Started process (PID=13501) to work on /home/encrypted/abaceti/.virtualenvs/pumpwood-airflow-images/lib/python3.6/site-packages/airflow/example_dags/example_task_group_decorator.py
[2021-06-07 18:58:59,488] {scheduler_job.py:633} INFO - Processing file /home/encrypted/abaceti/.virtualenvs/pumpwood-airflow-images/lib/python3.6/site-packages/airflow/example_dags/example_task_group_decorator.py for tasks to queue
[2021-06-07 18:58:59,489] {logging_mixin.py:104} INFO - [2021-06-07 18:58:59,488] {dagbag.py:487} INFO - Filling up the DagBag from /home/encrypted/abaceti/.virtualenvs/pumpwood-airflow-images/lib/python3.6/site-packages/airflow/example_dags/example_task_group_decorator.py
[2021-06-07 18:58:59,503] {scheduler_job.py:643} INFO - DAG(s) dict_keys(['example_task_group_decorator']) retrieved from /home/encrypted/abaceti/.virtualenvs/pumpwood-airflow-images/lib/python3.6/site-packages/airflow/example_dags/example_task_group_decorator.py
[2021-06-07 18:58:59,614] {logging_mixin.py:104} INFO - [2021-06-07 18:58:59,614] {dag.py:1832} INFO - Sync 1 DAGs
[2021-06-07 18:58:59,622] {logging_mixin.py:104} INFO - [2021-06-07 18:58:59,622] {dag.py:2305} INFO - Setting next_dagrun for example_task_group_decorator to 2021-06-05 00:00:00+00:00
[2021-06-07 18:58:59,629] {scheduler_job.py:190} INFO - Processing /home/encrypted/abaceti/.virtualenvs/pumpwood-airflow-images/lib/python3.6/site-packages/airflow/example_dags/example_task_group_decorator.py took 0.143 seconds
[2021-06-07 18:59:29,673] {scheduler_job.py:182} INFO - Started process (PID=13626) to work on /home/encrypted/abaceti/.virtualenvs/pumpwood-airflow-images/lib/python3.6/site-packages/airflow/example_dags/example_task_group_decorator.py
[2021-06-07 18:59:29,673] {scheduler_job.py:633} INFO - Processing file /home/encrypted/abaceti/.virtualenvs/pumpwood-airflow-images/lib/python3.6/site-packages/airflow/example_dags/example_task_group_decorator.py for tasks to queue
[2021-06-07 18:59:29,673] {logging_mixin.py:104} INFO - [2021-06-07 18:59:29,673] {dagbag.py:487} INFO - Filling up the DagBag from /home/encrypted/abaceti/.virtualenvs/pumpwood-airflow-images/lib/python3.6/site-packages/airflow/example_dags/example_task_group_decorator.py
[2021-06-07 18:59:29,684] {scheduler_job.py:643} INFO - DAG(s) dict_keys(['example_task_group_decorator']) retrieved from /home/encrypted/abaceti/.virtualenvs/pumpwood-airflow-images/lib/python3.6/site-packages/airflow/example_dags/example_task_group_decorator.py
[2021-06-07 18:59:29,699] {logging_mixin.py:104} INFO - [2021-06-07 18:59:29,699] {dag.py:1832} INFO - Sync 1 DAGs
[2021-06-07 18:59:29,707] {logging_mixin.py:104} INFO - [2021-06-07 18:59:29,707] {dag.py:2305} INFO - Setting next_dagrun for example_task_group_decorator to 2021-06-05 00:00:00+00:00
[2021-06-07 18:59:29,715] {scheduler_job.py:190} INFO - Processing /home/encrypted/abaceti/.virtualenvs/pumpwood-airflow-images/lib/python3.6/site-packages/airflow/example_dags/example_task_group_decorator.py took 0.043 seconds
[2021-06-07 18:59:59,805] {scheduler_job.py:182} INFO - Started process (PID=13787) to work on /home/encrypted/abaceti/.virtualenvs/pumpwood-airflow-images/lib/python3.6/site-packages/airflow/example_dags/example_task_group_decorator.py
[2021-06-07 18:59:59,805] {scheduler_job.py:633} INFO - Processing file /home/encrypted/abaceti/.virtualenvs/pumpwood-airflow-images/lib/python3.6/site-packages/airflow/example_dags/example_task_group_decorator.py for tasks to queue
[2021-06-07 18:59:59,805] {logging_mixin.py:104} INFO - [2021-06-07 18:59:59,805] {dagbag.py:487} INFO - Filling up the DagBag from /home/encrypted/abaceti/.virtualenvs/pumpwood-airflow-images/lib/python3.6/site-packages/airflow/example_dags/example_task_group_decorator.py
[2021-06-07 18:59:59,818] {scheduler_job.py:643} INFO - DAG(s) dict_keys(['example_task_group_decorator']) retrieved from /home/encrypted/abaceti/.virtualenvs/pumpwood-airflow-images/lib/python3.6/site-packages/airflow/example_dags/example_task_group_decorator.py
[2021-06-07 18:59:59,928] {logging_mixin.py:104} INFO - [2021-06-07 18:59:59,928] {dag.py:1832} INFO - Sync 1 DAGs
[2021-06-07 18:59:59,936] {logging_mixin.py:104} INFO - [2021-06-07 18:59:59,936] {dag.py:2305} INFO - Setting next_dagrun for example_task_group_decorator to 2021-06-05 00:00:00+00:00
[2021-06-07 18:59:59,945] {scheduler_job.py:190} INFO - Processing /home/encrypted/abaceti/.virtualenvs/pumpwood-airflow-images/lib/python3.6/site-packages/airflow/example_dags/example_task_group_decorator.py took 0.141 seconds
[2021-06-07 19:00:30,059] {scheduler_job.py:182} INFO - Started process (PID=13906) to work on /home/encrypted/abaceti/.virtualenvs/pumpwood-airflow-images/lib/python3.6/site-packages/airflow/example_dags/example_task_group_decorator.py
[2021-06-07 19:00:30,059] {scheduler_job.py:633} INFO - Processing file /home/encrypted/abaceti/.virtualenvs/pumpwood-airflow-images/lib/python3.6/site-packages/airflow/example_dags/example_task_group_decorator.py for tasks to queue
[2021-06-07 19:00:30,060] {logging_mixin.py:104} INFO - [2021-06-07 19:00:30,060] {dagbag.py:487} INFO - Filling up the DagBag from /home/encrypted/abaceti/.virtualenvs/pumpwood-airflow-images/lib/python3.6/site-packages/airflow/example_dags/example_task_group_decorator.py
[2021-06-07 19:00:30,073] {scheduler_job.py:643} INFO - DAG(s) dict_keys(['example_task_group_decorator']) retrieved from /home/encrypted/abaceti/.virtualenvs/pumpwood-airflow-images/lib/python3.6/site-packages/airflow/example_dags/example_task_group_decorator.py
[2021-06-07 19:00:30,184] {logging_mixin.py:104} INFO - [2021-06-07 19:00:30,184] {dag.py:1832} INFO - Sync 1 DAGs
[2021-06-07 19:00:30,192] {logging_mixin.py:104} INFO - [2021-06-07 19:00:30,191] {dag.py:2305} INFO - Setting next_dagrun for example_task_group_decorator to 2021-06-05 00:00:00+00:00
[2021-06-07 19:00:30,198] {scheduler_job.py:190} INFO - Processing /home/encrypted/abaceti/.virtualenvs/pumpwood-airflow-images/lib/python3.6/site-packages/airflow/example_dags/example_task_group_decorator.py took 0.141 seconds
[2021-06-07 19:01:00,282] {scheduler_job.py:182} INFO - Started process (PID=14099) to work on /home/encrypted/abaceti/.virtualenvs/pumpwood-airflow-images/lib/python3.6/site-packages/airflow/example_dags/example_task_group_decorator.py
[2021-06-07 19:01:00,283] {scheduler_job.py:633} INFO - Processing file /home/encrypted/abaceti/.virtualenvs/pumpwood-airflow-images/lib/python3.6/site-packages/airflow/example_dags/example_task_group_decorator.py for tasks to queue
[2021-06-07 19:01:00,283] {logging_mixin.py:104} INFO - [2021-06-07 19:01:00,283] {dagbag.py:487} INFO - Filling up the DagBag from /home/encrypted/abaceti/.virtualenvs/pumpwood-airflow-images/lib/python3.6/site-packages/airflow/example_dags/example_task_group_decorator.py
[2021-06-07 19:01:00,294] {scheduler_job.py:643} INFO - DAG(s) dict_keys(['example_task_group_decorator']) retrieved from /home/encrypted/abaceti/.virtualenvs/pumpwood-airflow-images/lib/python3.6/site-packages/airflow/example_dags/example_task_group_decorator.py
[2021-06-07 19:01:00,406] {logging_mixin.py:104} INFO - [2021-06-07 19:01:00,406] {dag.py:1832} INFO - Sync 1 DAGs
[2021-06-07 19:01:00,416] {logging_mixin.py:104} INFO - [2021-06-07 19:01:00,416] {dag.py:2305} INFO - Setting next_dagrun for example_task_group_decorator to 2021-06-05 00:00:00+00:00
[2021-06-07 19:01:00,423] {scheduler_job.py:190} INFO - Processing /home/encrypted/abaceti/.virtualenvs/pumpwood-airflow-images/lib/python3.6/site-packages/airflow/example_dags/example_task_group_decorator.py took 0.142 seconds
[2021-06-07 19:01:30,443] {scheduler_job.py:182} INFO - Started process (PID=14217) to work on /home/encrypted/abaceti/.virtualenvs/pumpwood-airflow-images/lib/python3.6/site-packages/airflow/example_dags/example_task_group_decorator.py
[2021-06-07 19:01:30,443] {scheduler_job.py:633} INFO - Processing file /home/encrypted/abaceti/.virtualenvs/pumpwood-airflow-images/lib/python3.6/site-packages/airflow/example_dags/example_task_group_decorator.py for tasks to queue
[2021-06-07 19:01:30,444] {logging_mixin.py:104} INFO - [2021-06-07 19:01:30,444] {dagbag.py:487} INFO - Filling up the DagBag from /home/encrypted/abaceti/.virtualenvs/pumpwood-airflow-images/lib/python3.6/site-packages/airflow/example_dags/example_task_group_decorator.py
[2021-06-07 19:01:30,455] {scheduler_job.py:643} INFO - DAG(s) dict_keys(['example_task_group_decorator']) retrieved from /home/encrypted/abaceti/.virtualenvs/pumpwood-airflow-images/lib/python3.6/site-packages/airflow/example_dags/example_task_group_decorator.py
[2021-06-07 19:01:30,564] {logging_mixin.py:104} INFO - [2021-06-07 19:01:30,564] {dag.py:1832} INFO - Sync 1 DAGs
[2021-06-07 19:01:30,572] {logging_mixin.py:104} INFO - [2021-06-07 19:01:30,572] {dag.py:2305} INFO - Setting next_dagrun for example_task_group_decorator to 2021-06-05 00:00:00+00:00
[2021-06-07 19:01:30,581] {scheduler_job.py:190} INFO - Processing /home/encrypted/abaceti/.virtualenvs/pumpwood-airflow-images/lib/python3.6/site-packages/airflow/example_dags/example_task_group_decorator.py took 0.140 seconds
[2021-06-07 19:02:00,656] {scheduler_job.py:182} INFO - Started process (PID=14401) to work on /home/encrypted/abaceti/.virtualenvs/pumpwood-airflow-images/lib/python3.6/site-packages/airflow/example_dags/example_task_group_decorator.py
[2021-06-07 19:02:00,656] {scheduler_job.py:633} INFO - Processing file /home/encrypted/abaceti/.virtualenvs/pumpwood-airflow-images/lib/python3.6/site-packages/airflow/example_dags/example_task_group_decorator.py for tasks to queue
[2021-06-07 19:02:00,656] {logging_mixin.py:104} INFO - [2021-06-07 19:02:00,656] {dagbag.py:487} INFO - Filling up the DagBag from /home/encrypted/abaceti/.virtualenvs/pumpwood-airflow-images/lib/python3.6/site-packages/airflow/example_dags/example_task_group_decorator.py
[2021-06-07 19:02:00,670] {scheduler_job.py:643} INFO - DAG(s) dict_keys(['example_task_group_decorator']) retrieved from /home/encrypted/abaceti/.virtualenvs/pumpwood-airflow-images/lib/python3.6/site-packages/airflow/example_dags/example_task_group_decorator.py
[2021-06-07 19:02:00,793] {logging_mixin.py:104} INFO - [2021-06-07 19:02:00,793] {dag.py:1832} INFO - Sync 1 DAGs
[2021-06-07 19:02:00,801] {logging_mixin.py:104} INFO - [2021-06-07 19:02:00,801] {dag.py:2305} INFO - Setting next_dagrun for example_task_group_decorator to 2021-06-05 00:00:00+00:00
[2021-06-07 19:02:00,809] {scheduler_job.py:190} INFO - Processing /home/encrypted/abaceti/.virtualenvs/pumpwood-airflow-images/lib/python3.6/site-packages/airflow/example_dags/example_task_group_decorator.py took 0.155 seconds
[2021-06-07 19:02:30,835] {scheduler_job.py:182} INFO - Started process (PID=14617) to work on /home/encrypted/abaceti/.virtualenvs/pumpwood-airflow-images/lib/python3.6/site-packages/airflow/example_dags/example_task_group_decorator.py
[2021-06-07 19:02:30,835] {scheduler_job.py:633} INFO - Processing file /home/encrypted/abaceti/.virtualenvs/pumpwood-airflow-images/lib/python3.6/site-packages/airflow/example_dags/example_task_group_decorator.py for tasks to queue
[2021-06-07 19:02:30,836] {logging_mixin.py:104} INFO - [2021-06-07 19:02:30,836] {dagbag.py:487} INFO - Filling up the DagBag from /home/encrypted/abaceti/.virtualenvs/pumpwood-airflow-images/lib/python3.6/site-packages/airflow/example_dags/example_task_group_decorator.py
[2021-06-07 19:02:30,847] {scheduler_job.py:643} INFO - DAG(s) dict_keys(['example_task_group_decorator']) retrieved from /home/encrypted/abaceti/.virtualenvs/pumpwood-airflow-images/lib/python3.6/site-packages/airflow/example_dags/example_task_group_decorator.py
[2021-06-07 19:02:30,964] {logging_mixin.py:104} INFO - [2021-06-07 19:02:30,964] {dag.py:1832} INFO - Sync 1 DAGs
[2021-06-07 19:02:30,972] {logging_mixin.py:104} INFO - [2021-06-07 19:02:30,972] {dag.py:2305} INFO - Setting next_dagrun for example_task_group_decorator to 2021-06-05 00:00:00+00:00
[2021-06-07 19:02:30,979] {scheduler_job.py:190} INFO - Processing /home/encrypted/abaceti/.virtualenvs/pumpwood-airflow-images/lib/python3.6/site-packages/airflow/example_dags/example_task_group_decorator.py took 0.145 seconds
