[2021-06-07 18:39:20,152] {scheduler_job.py:182} INFO - Started process (PID=5679) to work on /home/encrypted/abaceti/.virtualenvs/pumpwood-airflow-images/lib/python3.6/site-packages/airflow/example_dags/example_branch_python_dop_operator_3.py
[2021-06-07 18:39:20,152] {scheduler_job.py:633} INFO - Processing file /home/encrypted/abaceti/.virtualenvs/pumpwood-airflow-images/lib/python3.6/site-packages/airflow/example_dags/example_branch_python_dop_operator_3.py for tasks to queue
[2021-06-07 18:39:20,153] {logging_mixin.py:104} INFO - [2021-06-07 18:39:20,153] {dagbag.py:487} INFO - Filling up the DagBag from /home/encrypted/abaceti/.virtualenvs/pumpwood-airflow-images/lib/python3.6/site-packages/airflow/example_dags/example_branch_python_dop_operator_3.py
[2021-06-07 18:39:20,160] {scheduler_job.py:643} INFO - DAG(s) dict_keys(['example_branch_dop_operator_v3']) retrieved from /home/encrypted/abaceti/.virtualenvs/pumpwood-airflow-images/lib/python3.6/site-packages/airflow/example_dags/example_branch_python_dop_operator_3.py
[2021-06-07 18:39:20,177] {logging_mixin.py:104} INFO - [2021-06-07 18:39:20,177] {dag.py:1832} INFO - Sync 1 DAGs
[2021-06-07 18:39:20,191] {logging_mixin.py:104} INFO - [2021-06-07 18:39:20,191] {dag.py:2305} INFO - Setting next_dagrun for example_branch_dop_operator_v3 to 2021-06-05 00:00:00+00:00
[2021-06-07 18:39:20,196] {scheduler_job.py:190} INFO - Processing /home/encrypted/abaceti/.virtualenvs/pumpwood-airflow-images/lib/python3.6/site-packages/airflow/example_dags/example_branch_python_dop_operator_3.py took 0.046 seconds
[2021-06-07 18:39:50,294] {scheduler_job.py:182} INFO - Started process (PID=5843) to work on /home/encrypted/abaceti/.virtualenvs/pumpwood-airflow-images/lib/python3.6/site-packages/airflow/example_dags/example_branch_python_dop_operator_3.py
[2021-06-07 18:39:50,295] {scheduler_job.py:633} INFO - Processing file /home/encrypted/abaceti/.virtualenvs/pumpwood-airflow-images/lib/python3.6/site-packages/airflow/example_dags/example_branch_python_dop_operator_3.py for tasks to queue
[2021-06-07 18:39:50,295] {logging_mixin.py:104} INFO - [2021-06-07 18:39:50,295] {dagbag.py:487} INFO - Filling up the DagBag from /home/encrypted/abaceti/.virtualenvs/pumpwood-airflow-images/lib/python3.6/site-packages/airflow/example_dags/example_branch_python_dop_operator_3.py
[2021-06-07 18:39:50,302] {scheduler_job.py:643} INFO - DAG(s) dict_keys(['example_branch_dop_operator_v3']) retrieved from /home/encrypted/abaceti/.virtualenvs/pumpwood-airflow-images/lib/python3.6/site-packages/airflow/example_dags/example_branch_python_dop_operator_3.py
[2021-06-07 18:39:50,317] {logging_mixin.py:104} INFO - [2021-06-07 18:39:50,317] {dag.py:1832} INFO - Sync 1 DAGs
[2021-06-07 18:39:50,329] {logging_mixin.py:104} INFO - [2021-06-07 18:39:50,329] {dag.py:2305} INFO - Setting next_dagrun for example_branch_dop_operator_v3 to 2021-06-05 00:00:00+00:00
[2021-06-07 18:39:50,335] {scheduler_job.py:190} INFO - Processing /home/encrypted/abaceti/.virtualenvs/pumpwood-airflow-images/lib/python3.6/site-packages/airflow/example_dags/example_branch_python_dop_operator_3.py took 0.042 seconds
[2021-06-07 18:40:20,596] {scheduler_job.py:182} INFO - Started process (PID=5997) to work on /home/encrypted/abaceti/.virtualenvs/pumpwood-airflow-images/lib/python3.6/site-packages/airflow/example_dags/example_branch_python_dop_operator_3.py
[2021-06-07 18:40:20,597] {scheduler_job.py:633} INFO - Processing file /home/encrypted/abaceti/.virtualenvs/pumpwood-airflow-images/lib/python3.6/site-packages/airflow/example_dags/example_branch_python_dop_operator_3.py for tasks to queue
[2021-06-07 18:40:20,597] {logging_mixin.py:104} INFO - [2021-06-07 18:40:20,597] {dagbag.py:487} INFO - Filling up the DagBag from /home/encrypted/abaceti/.virtualenvs/pumpwood-airflow-images/lib/python3.6/site-packages/airflow/example_dags/example_branch_python_dop_operator_3.py
[2021-06-07 18:40:20,603] {scheduler_job.py:643} INFO - DAG(s) dict_keys(['example_branch_dop_operator_v3']) retrieved from /home/encrypted/abaceti/.virtualenvs/pumpwood-airflow-images/lib/python3.6/site-packages/airflow/example_dags/example_branch_python_dop_operator_3.py
[2021-06-07 18:40:20,618] {logging_mixin.py:104} INFO - [2021-06-07 18:40:20,618] {dag.py:1832} INFO - Sync 1 DAGs
[2021-06-07 18:40:20,631] {logging_mixin.py:104} INFO - [2021-06-07 18:40:20,631] {dag.py:2305} INFO - Setting next_dagrun for example_branch_dop_operator_v3 to 2021-06-05 00:00:00+00:00
[2021-06-07 18:40:20,637] {scheduler_job.py:190} INFO - Processing /home/encrypted/abaceti/.virtualenvs/pumpwood-airflow-images/lib/python3.6/site-packages/airflow/example_dags/example_branch_python_dop_operator_3.py took 0.042 seconds
[2021-06-07 18:40:50,673] {scheduler_job.py:182} INFO - Started process (PID=6186) to work on /home/encrypted/abaceti/.virtualenvs/pumpwood-airflow-images/lib/python3.6/site-packages/airflow/example_dags/example_branch_python_dop_operator_3.py
[2021-06-07 18:40:50,674] {scheduler_job.py:633} INFO - Processing file /home/encrypted/abaceti/.virtualenvs/pumpwood-airflow-images/lib/python3.6/site-packages/airflow/example_dags/example_branch_python_dop_operator_3.py for tasks to queue
[2021-06-07 18:40:50,674] {logging_mixin.py:104} INFO - [2021-06-07 18:40:50,674] {dagbag.py:487} INFO - Filling up the DagBag from /home/encrypted/abaceti/.virtualenvs/pumpwood-airflow-images/lib/python3.6/site-packages/airflow/example_dags/example_branch_python_dop_operator_3.py
[2021-06-07 18:40:50,680] {scheduler_job.py:643} INFO - DAG(s) dict_keys(['example_branch_dop_operator_v3']) retrieved from /home/encrypted/abaceti/.virtualenvs/pumpwood-airflow-images/lib/python3.6/site-packages/airflow/example_dags/example_branch_python_dop_operator_3.py
[2021-06-07 18:40:50,694] {logging_mixin.py:104} INFO - [2021-06-07 18:40:50,694] {dag.py:1832} INFO - Sync 1 DAGs
[2021-06-07 18:40:50,706] {logging_mixin.py:104} INFO - [2021-06-07 18:40:50,706] {dag.py:2305} INFO - Setting next_dagrun for example_branch_dop_operator_v3 to 2021-06-05 00:00:00+00:00
[2021-06-07 18:40:50,711] {scheduler_job.py:190} INFO - Processing /home/encrypted/abaceti/.virtualenvs/pumpwood-airflow-images/lib/python3.6/site-packages/airflow/example_dags/example_branch_python_dop_operator_3.py took 0.039 seconds
[2021-06-07 18:41:20,932] {scheduler_job.py:182} INFO - Started process (PID=6301) to work on /home/encrypted/abaceti/.virtualenvs/pumpwood-airflow-images/lib/python3.6/site-packages/airflow/example_dags/example_branch_python_dop_operator_3.py
[2021-06-07 18:41:20,933] {scheduler_job.py:633} INFO - Processing file /home/encrypted/abaceti/.virtualenvs/pumpwood-airflow-images/lib/python3.6/site-packages/airflow/example_dags/example_branch_python_dop_operator_3.py for tasks to queue
[2021-06-07 18:41:20,933] {logging_mixin.py:104} INFO - [2021-06-07 18:41:20,933] {dagbag.py:487} INFO - Filling up the DagBag from /home/encrypted/abaceti/.virtualenvs/pumpwood-airflow-images/lib/python3.6/site-packages/airflow/example_dags/example_branch_python_dop_operator_3.py
[2021-06-07 18:41:20,940] {scheduler_job.py:643} INFO - DAG(s) dict_keys(['example_branch_dop_operator_v3']) retrieved from /home/encrypted/abaceti/.virtualenvs/pumpwood-airflow-images/lib/python3.6/site-packages/airflow/example_dags/example_branch_python_dop_operator_3.py
[2021-06-07 18:41:20,955] {logging_mixin.py:104} INFO - [2021-06-07 18:41:20,955] {dag.py:1832} INFO - Sync 1 DAGs
[2021-06-07 18:41:20,972] {logging_mixin.py:104} INFO - [2021-06-07 18:41:20,972] {dag.py:2305} INFO - Setting next_dagrun for example_branch_dop_operator_v3 to 2021-06-05 00:00:00+00:00
[2021-06-07 18:41:20,978] {scheduler_job.py:190} INFO - Processing /home/encrypted/abaceti/.virtualenvs/pumpwood-airflow-images/lib/python3.6/site-packages/airflow/example_dags/example_branch_python_dop_operator_3.py took 0.047 seconds
[2021-06-07 18:41:51,057] {scheduler_job.py:182} INFO - Started process (PID=6466) to work on /home/encrypted/abaceti/.virtualenvs/pumpwood-airflow-images/lib/python3.6/site-packages/airflow/example_dags/example_branch_python_dop_operator_3.py
[2021-06-07 18:41:51,058] {scheduler_job.py:633} INFO - Processing file /home/encrypted/abaceti/.virtualenvs/pumpwood-airflow-images/lib/python3.6/site-packages/airflow/example_dags/example_branch_python_dop_operator_3.py for tasks to queue
[2021-06-07 18:41:51,058] {logging_mixin.py:104} INFO - [2021-06-07 18:41:51,058] {dagbag.py:487} INFO - Filling up the DagBag from /home/encrypted/abaceti/.virtualenvs/pumpwood-airflow-images/lib/python3.6/site-packages/airflow/example_dags/example_branch_python_dop_operator_3.py
[2021-06-07 18:41:51,064] {scheduler_job.py:643} INFO - DAG(s) dict_keys(['example_branch_dop_operator_v3']) retrieved from /home/encrypted/abaceti/.virtualenvs/pumpwood-airflow-images/lib/python3.6/site-packages/airflow/example_dags/example_branch_python_dop_operator_3.py
[2021-06-07 18:41:51,078] {logging_mixin.py:104} INFO - [2021-06-07 18:41:51,078] {dag.py:1832} INFO - Sync 1 DAGs
[2021-06-07 18:41:51,092] {logging_mixin.py:104} INFO - [2021-06-07 18:41:51,092] {dag.py:2305} INFO - Setting next_dagrun for example_branch_dop_operator_v3 to 2021-06-05 00:00:00+00:00
[2021-06-07 18:41:51,098] {scheduler_job.py:190} INFO - Processing /home/encrypted/abaceti/.virtualenvs/pumpwood-airflow-images/lib/python3.6/site-packages/airflow/example_dags/example_branch_python_dop_operator_3.py took 0.043 seconds
[2021-06-07 18:42:21,292] {scheduler_job.py:182} INFO - Started process (PID=6585) to work on /home/encrypted/abaceti/.virtualenvs/pumpwood-airflow-images/lib/python3.6/site-packages/airflow/example_dags/example_branch_python_dop_operator_3.py
[2021-06-07 18:42:21,293] {scheduler_job.py:633} INFO - Processing file /home/encrypted/abaceti/.virtualenvs/pumpwood-airflow-images/lib/python3.6/site-packages/airflow/example_dags/example_branch_python_dop_operator_3.py for tasks to queue
[2021-06-07 18:42:21,293] {logging_mixin.py:104} INFO - [2021-06-07 18:42:21,293] {dagbag.py:487} INFO - Filling up the DagBag from /home/encrypted/abaceti/.virtualenvs/pumpwood-airflow-images/lib/python3.6/site-packages/airflow/example_dags/example_branch_python_dop_operator_3.py
[2021-06-07 18:42:21,299] {scheduler_job.py:643} INFO - DAG(s) dict_keys(['example_branch_dop_operator_v3']) retrieved from /home/encrypted/abaceti/.virtualenvs/pumpwood-airflow-images/lib/python3.6/site-packages/airflow/example_dags/example_branch_python_dop_operator_3.py
[2021-06-07 18:42:21,314] {logging_mixin.py:104} INFO - [2021-06-07 18:42:21,314] {dag.py:1832} INFO - Sync 1 DAGs
[2021-06-07 18:42:21,326] {logging_mixin.py:104} INFO - [2021-06-07 18:42:21,326] {dag.py:2305} INFO - Setting next_dagrun for example_branch_dop_operator_v3 to 2021-06-05 00:00:00+00:00
[2021-06-07 18:42:21,332] {scheduler_job.py:190} INFO - Processing /home/encrypted/abaceti/.virtualenvs/pumpwood-airflow-images/lib/python3.6/site-packages/airflow/example_dags/example_branch_python_dop_operator_3.py took 0.042 seconds
[2021-06-07 18:42:52,375] {scheduler_job.py:182} INFO - Started process (PID=6806) to work on /home/encrypted/abaceti/.virtualenvs/pumpwood-airflow-images/lib/python3.6/site-packages/airflow/example_dags/example_branch_python_dop_operator_3.py
[2021-06-07 18:42:52,375] {scheduler_job.py:633} INFO - Processing file /home/encrypted/abaceti/.virtualenvs/pumpwood-airflow-images/lib/python3.6/site-packages/airflow/example_dags/example_branch_python_dop_operator_3.py for tasks to queue
[2021-06-07 18:42:52,376] {logging_mixin.py:104} INFO - [2021-06-07 18:42:52,376] {dagbag.py:487} INFO - Filling up the DagBag from /home/encrypted/abaceti/.virtualenvs/pumpwood-airflow-images/lib/python3.6/site-packages/airflow/example_dags/example_branch_python_dop_operator_3.py
[2021-06-07 18:42:52,382] {scheduler_job.py:643} INFO - DAG(s) dict_keys(['example_branch_dop_operator_v3']) retrieved from /home/encrypted/abaceti/.virtualenvs/pumpwood-airflow-images/lib/python3.6/site-packages/airflow/example_dags/example_branch_python_dop_operator_3.py
[2021-06-07 18:42:52,397] {logging_mixin.py:104} INFO - [2021-06-07 18:42:52,397] {dag.py:1832} INFO - Sync 1 DAGs
[2021-06-07 18:42:52,410] {logging_mixin.py:104} INFO - [2021-06-07 18:42:52,410] {dag.py:2305} INFO - Setting next_dagrun for example_branch_dop_operator_v3 to 2021-06-05 00:00:00+00:00
[2021-06-07 18:42:52,417] {scheduler_job.py:190} INFO - Processing /home/encrypted/abaceti/.virtualenvs/pumpwood-airflow-images/lib/python3.6/site-packages/airflow/example_dags/example_branch_python_dop_operator_3.py took 0.043 seconds
[2021-06-07 18:43:23,470] {scheduler_job.py:182} INFO - Started process (PID=7075) to work on /home/encrypted/abaceti/.virtualenvs/pumpwood-airflow-images/lib/python3.6/site-packages/airflow/example_dags/example_branch_python_dop_operator_3.py
[2021-06-07 18:43:23,471] {scheduler_job.py:633} INFO - Processing file /home/encrypted/abaceti/.virtualenvs/pumpwood-airflow-images/lib/python3.6/site-packages/airflow/example_dags/example_branch_python_dop_operator_3.py for tasks to queue
[2021-06-07 18:43:23,471] {logging_mixin.py:104} INFO - [2021-06-07 18:43:23,471] {dagbag.py:487} INFO - Filling up the DagBag from /home/encrypted/abaceti/.virtualenvs/pumpwood-airflow-images/lib/python3.6/site-packages/airflow/example_dags/example_branch_python_dop_operator_3.py
[2021-06-07 18:43:23,477] {scheduler_job.py:643} INFO - DAG(s) dict_keys(['example_branch_dop_operator_v3']) retrieved from /home/encrypted/abaceti/.virtualenvs/pumpwood-airflow-images/lib/python3.6/site-packages/airflow/example_dags/example_branch_python_dop_operator_3.py
[2021-06-07 18:43:23,493] {logging_mixin.py:104} INFO - [2021-06-07 18:43:23,493] {dag.py:1832} INFO - Sync 1 DAGs
[2021-06-07 18:43:23,506] {logging_mixin.py:104} INFO - [2021-06-07 18:43:23,506] {dag.py:2305} INFO - Setting next_dagrun for example_branch_dop_operator_v3 to 2021-06-05 00:00:00+00:00
[2021-06-07 18:43:23,511] {scheduler_job.py:190} INFO - Processing /home/encrypted/abaceti/.virtualenvs/pumpwood-airflow-images/lib/python3.6/site-packages/airflow/example_dags/example_branch_python_dop_operator_3.py took 0.042 seconds
[2021-06-07 18:43:54,558] {scheduler_job.py:182} INFO - Started process (PID=7276) to work on /home/encrypted/abaceti/.virtualenvs/pumpwood-airflow-images/lib/python3.6/site-packages/airflow/example_dags/example_branch_python_dop_operator_3.py
[2021-06-07 18:43:54,559] {scheduler_job.py:633} INFO - Processing file /home/encrypted/abaceti/.virtualenvs/pumpwood-airflow-images/lib/python3.6/site-packages/airflow/example_dags/example_branch_python_dop_operator_3.py for tasks to queue
[2021-06-07 18:43:54,559] {logging_mixin.py:104} INFO - [2021-06-07 18:43:54,559] {dagbag.py:487} INFO - Filling up the DagBag from /home/encrypted/abaceti/.virtualenvs/pumpwood-airflow-images/lib/python3.6/site-packages/airflow/example_dags/example_branch_python_dop_operator_3.py
[2021-06-07 18:43:54,566] {scheduler_job.py:643} INFO - DAG(s) dict_keys(['example_branch_dop_operator_v3']) retrieved from /home/encrypted/abaceti/.virtualenvs/pumpwood-airflow-images/lib/python3.6/site-packages/airflow/example_dags/example_branch_python_dop_operator_3.py
[2021-06-07 18:43:54,580] {logging_mixin.py:104} INFO - [2021-06-07 18:43:54,580] {dag.py:1832} INFO - Sync 1 DAGs
[2021-06-07 18:43:54,594] {logging_mixin.py:104} INFO - [2021-06-07 18:43:54,594] {dag.py:2305} INFO - Setting next_dagrun for example_branch_dop_operator_v3 to 2021-06-05 00:00:00+00:00
[2021-06-07 18:43:54,599] {scheduler_job.py:190} INFO - Processing /home/encrypted/abaceti/.virtualenvs/pumpwood-airflow-images/lib/python3.6/site-packages/airflow/example_dags/example_branch_python_dop_operator_3.py took 0.042 seconds
[2021-06-07 18:44:24,676] {scheduler_job.py:182} INFO - Started process (PID=7390) to work on /home/encrypted/abaceti/.virtualenvs/pumpwood-airflow-images/lib/python3.6/site-packages/airflow/example_dags/example_branch_python_dop_operator_3.py
[2021-06-07 18:44:24,676] {scheduler_job.py:633} INFO - Processing file /home/encrypted/abaceti/.virtualenvs/pumpwood-airflow-images/lib/python3.6/site-packages/airflow/example_dags/example_branch_python_dop_operator_3.py for tasks to queue
[2021-06-07 18:44:24,677] {logging_mixin.py:104} INFO - [2021-06-07 18:44:24,677] {dagbag.py:487} INFO - Filling up the DagBag from /home/encrypted/abaceti/.virtualenvs/pumpwood-airflow-images/lib/python3.6/site-packages/airflow/example_dags/example_branch_python_dop_operator_3.py
[2021-06-07 18:44:24,683] {scheduler_job.py:643} INFO - DAG(s) dict_keys(['example_branch_dop_operator_v3']) retrieved from /home/encrypted/abaceti/.virtualenvs/pumpwood-airflow-images/lib/python3.6/site-packages/airflow/example_dags/example_branch_python_dop_operator_3.py
[2021-06-07 18:44:24,697] {logging_mixin.py:104} INFO - [2021-06-07 18:44:24,697] {dag.py:1832} INFO - Sync 1 DAGs
[2021-06-07 18:44:24,709] {logging_mixin.py:104} INFO - [2021-06-07 18:44:24,709] {dag.py:2305} INFO - Setting next_dagrun for example_branch_dop_operator_v3 to 2021-06-05 00:00:00+00:00
[2021-06-07 18:44:24,715] {scheduler_job.py:190} INFO - Processing /home/encrypted/abaceti/.virtualenvs/pumpwood-airflow-images/lib/python3.6/site-packages/airflow/example_dags/example_branch_python_dop_operator_3.py took 0.041 seconds
[2021-06-07 18:44:55,725] {scheduler_job.py:182} INFO - Started process (PID=7561) to work on /home/encrypted/abaceti/.virtualenvs/pumpwood-airflow-images/lib/python3.6/site-packages/airflow/example_dags/example_branch_python_dop_operator_3.py
[2021-06-07 18:44:55,725] {scheduler_job.py:633} INFO - Processing file /home/encrypted/abaceti/.virtualenvs/pumpwood-airflow-images/lib/python3.6/site-packages/airflow/example_dags/example_branch_python_dop_operator_3.py for tasks to queue
[2021-06-07 18:44:55,726] {logging_mixin.py:104} INFO - [2021-06-07 18:44:55,726] {dagbag.py:487} INFO - Filling up the DagBag from /home/encrypted/abaceti/.virtualenvs/pumpwood-airflow-images/lib/python3.6/site-packages/airflow/example_dags/example_branch_python_dop_operator_3.py
[2021-06-07 18:44:55,733] {scheduler_job.py:643} INFO - DAG(s) dict_keys(['example_branch_dop_operator_v3']) retrieved from /home/encrypted/abaceti/.virtualenvs/pumpwood-airflow-images/lib/python3.6/site-packages/airflow/example_dags/example_branch_python_dop_operator_3.py
[2021-06-07 18:44:55,749] {logging_mixin.py:104} INFO - [2021-06-07 18:44:55,748] {dag.py:1832} INFO - Sync 1 DAGs
[2021-06-07 18:44:55,762] {logging_mixin.py:104} INFO - [2021-06-07 18:44:55,762] {dag.py:2305} INFO - Setting next_dagrun for example_branch_dop_operator_v3 to 2021-06-05 00:00:00+00:00
[2021-06-07 18:44:55,768] {scheduler_job.py:190} INFO - Processing /home/encrypted/abaceti/.virtualenvs/pumpwood-airflow-images/lib/python3.6/site-packages/airflow/example_dags/example_branch_python_dop_operator_3.py took 0.044 seconds
[2021-06-07 18:45:26,772] {scheduler_job.py:182} INFO - Started process (PID=7683) to work on /home/encrypted/abaceti/.virtualenvs/pumpwood-airflow-images/lib/python3.6/site-packages/airflow/example_dags/example_branch_python_dop_operator_3.py
[2021-06-07 18:45:26,772] {scheduler_job.py:633} INFO - Processing file /home/encrypted/abaceti/.virtualenvs/pumpwood-airflow-images/lib/python3.6/site-packages/airflow/example_dags/example_branch_python_dop_operator_3.py for tasks to queue
[2021-06-07 18:45:26,772] {logging_mixin.py:104} INFO - [2021-06-07 18:45:26,772] {dagbag.py:487} INFO - Filling up the DagBag from /home/encrypted/abaceti/.virtualenvs/pumpwood-airflow-images/lib/python3.6/site-packages/airflow/example_dags/example_branch_python_dop_operator_3.py
[2021-06-07 18:45:26,779] {scheduler_job.py:643} INFO - DAG(s) dict_keys(['example_branch_dop_operator_v3']) retrieved from /home/encrypted/abaceti/.virtualenvs/pumpwood-airflow-images/lib/python3.6/site-packages/airflow/example_dags/example_branch_python_dop_operator_3.py
[2021-06-07 18:45:26,794] {logging_mixin.py:104} INFO - [2021-06-07 18:45:26,794] {dag.py:1832} INFO - Sync 1 DAGs
[2021-06-07 18:45:26,807] {logging_mixin.py:104} INFO - [2021-06-07 18:45:26,807] {dag.py:2305} INFO - Setting next_dagrun for example_branch_dop_operator_v3 to 2021-06-05 00:00:00+00:00
[2021-06-07 18:45:26,814] {scheduler_job.py:190} INFO - Processing /home/encrypted/abaceti/.virtualenvs/pumpwood-airflow-images/lib/python3.6/site-packages/airflow/example_dags/example_branch_python_dop_operator_3.py took 0.044 seconds
[2021-06-07 18:45:56,861] {scheduler_job.py:182} INFO - Started process (PID=7847) to work on /home/encrypted/abaceti/.virtualenvs/pumpwood-airflow-images/lib/python3.6/site-packages/airflow/example_dags/example_branch_python_dop_operator_3.py
[2021-06-07 18:45:56,861] {scheduler_job.py:633} INFO - Processing file /home/encrypted/abaceti/.virtualenvs/pumpwood-airflow-images/lib/python3.6/site-packages/airflow/example_dags/example_branch_python_dop_operator_3.py for tasks to queue
[2021-06-07 18:45:56,862] {logging_mixin.py:104} INFO - [2021-06-07 18:45:56,862] {dagbag.py:487} INFO - Filling up the DagBag from /home/encrypted/abaceti/.virtualenvs/pumpwood-airflow-images/lib/python3.6/site-packages/airflow/example_dags/example_branch_python_dop_operator_3.py
[2021-06-07 18:45:56,868] {scheduler_job.py:643} INFO - DAG(s) dict_keys(['example_branch_dop_operator_v3']) retrieved from /home/encrypted/abaceti/.virtualenvs/pumpwood-airflow-images/lib/python3.6/site-packages/airflow/example_dags/example_branch_python_dop_operator_3.py
[2021-06-07 18:45:56,882] {logging_mixin.py:104} INFO - [2021-06-07 18:45:56,882] {dag.py:1832} INFO - Sync 1 DAGs
[2021-06-07 18:45:56,893] {logging_mixin.py:104} INFO - [2021-06-07 18:45:56,893] {dag.py:2305} INFO - Setting next_dagrun for example_branch_dop_operator_v3 to 2021-06-05 00:00:00+00:00
[2021-06-07 18:45:56,899] {scheduler_job.py:190} INFO - Processing /home/encrypted/abaceti/.virtualenvs/pumpwood-airflow-images/lib/python3.6/site-packages/airflow/example_dags/example_branch_python_dop_operator_3.py took 0.039 seconds
[2021-06-07 18:46:27,018] {scheduler_job.py:182} INFO - Started process (PID=7964) to work on /home/encrypted/abaceti/.virtualenvs/pumpwood-airflow-images/lib/python3.6/site-packages/airflow/example_dags/example_branch_python_dop_operator_3.py
[2021-06-07 18:46:27,019] {scheduler_job.py:633} INFO - Processing file /home/encrypted/abaceti/.virtualenvs/pumpwood-airflow-images/lib/python3.6/site-packages/airflow/example_dags/example_branch_python_dop_operator_3.py for tasks to queue
[2021-06-07 18:46:27,019] {logging_mixin.py:104} INFO - [2021-06-07 18:46:27,019] {dagbag.py:487} INFO - Filling up the DagBag from /home/encrypted/abaceti/.virtualenvs/pumpwood-airflow-images/lib/python3.6/site-packages/airflow/example_dags/example_branch_python_dop_operator_3.py
[2021-06-07 18:46:27,026] {scheduler_job.py:643} INFO - DAG(s) dict_keys(['example_branch_dop_operator_v3']) retrieved from /home/encrypted/abaceti/.virtualenvs/pumpwood-airflow-images/lib/python3.6/site-packages/airflow/example_dags/example_branch_python_dop_operator_3.py
[2021-06-07 18:46:27,040] {logging_mixin.py:104} INFO - [2021-06-07 18:46:27,040] {dag.py:1832} INFO - Sync 1 DAGs
[2021-06-07 18:46:27,052] {logging_mixin.py:104} INFO - [2021-06-07 18:46:27,052] {dag.py:2305} INFO - Setting next_dagrun for example_branch_dop_operator_v3 to 2021-06-05 00:00:00+00:00
[2021-06-07 18:46:27,057] {scheduler_job.py:190} INFO - Processing /home/encrypted/abaceti/.virtualenvs/pumpwood-airflow-images/lib/python3.6/site-packages/airflow/example_dags/example_branch_python_dop_operator_3.py took 0.041 seconds
[2021-06-07 18:46:57,148] {scheduler_job.py:182} INFO - Started process (PID=8152) to work on /home/encrypted/abaceti/.virtualenvs/pumpwood-airflow-images/lib/python3.6/site-packages/airflow/example_dags/example_branch_python_dop_operator_3.py
[2021-06-07 18:46:57,148] {scheduler_job.py:633} INFO - Processing file /home/encrypted/abaceti/.virtualenvs/pumpwood-airflow-images/lib/python3.6/site-packages/airflow/example_dags/example_branch_python_dop_operator_3.py for tasks to queue
[2021-06-07 18:46:57,148] {logging_mixin.py:104} INFO - [2021-06-07 18:46:57,148] {dagbag.py:487} INFO - Filling up the DagBag from /home/encrypted/abaceti/.virtualenvs/pumpwood-airflow-images/lib/python3.6/site-packages/airflow/example_dags/example_branch_python_dop_operator_3.py
[2021-06-07 18:46:57,155] {scheduler_job.py:643} INFO - DAG(s) dict_keys(['example_branch_dop_operator_v3']) retrieved from /home/encrypted/abaceti/.virtualenvs/pumpwood-airflow-images/lib/python3.6/site-packages/airflow/example_dags/example_branch_python_dop_operator_3.py
[2021-06-07 18:46:57,171] {logging_mixin.py:104} INFO - [2021-06-07 18:46:57,171] {dag.py:1832} INFO - Sync 1 DAGs
[2021-06-07 18:46:57,184] {logging_mixin.py:104} INFO - [2021-06-07 18:46:57,184] {dag.py:2305} INFO - Setting next_dagrun for example_branch_dop_operator_v3 to 2021-06-05 00:00:00+00:00
[2021-06-07 18:46:57,190] {scheduler_job.py:190} INFO - Processing /home/encrypted/abaceti/.virtualenvs/pumpwood-airflow-images/lib/python3.6/site-packages/airflow/example_dags/example_branch_python_dop_operator_3.py took 0.044 seconds
[2021-06-07 18:47:27,359] {scheduler_job.py:182} INFO - Started process (PID=8291) to work on /home/encrypted/abaceti/.virtualenvs/pumpwood-airflow-images/lib/python3.6/site-packages/airflow/example_dags/example_branch_python_dop_operator_3.py
[2021-06-07 18:47:27,359] {scheduler_job.py:633} INFO - Processing file /home/encrypted/abaceti/.virtualenvs/pumpwood-airflow-images/lib/python3.6/site-packages/airflow/example_dags/example_branch_python_dop_operator_3.py for tasks to queue
[2021-06-07 18:47:27,360] {logging_mixin.py:104} INFO - [2021-06-07 18:47:27,360] {dagbag.py:487} INFO - Filling up the DagBag from /home/encrypted/abaceti/.virtualenvs/pumpwood-airflow-images/lib/python3.6/site-packages/airflow/example_dags/example_branch_python_dop_operator_3.py
[2021-06-07 18:47:27,366] {scheduler_job.py:643} INFO - DAG(s) dict_keys(['example_branch_dop_operator_v3']) retrieved from /home/encrypted/abaceti/.virtualenvs/pumpwood-airflow-images/lib/python3.6/site-packages/airflow/example_dags/example_branch_python_dop_operator_3.py
[2021-06-07 18:47:27,380] {logging_mixin.py:104} INFO - [2021-06-07 18:47:27,380] {dag.py:1832} INFO - Sync 1 DAGs
[2021-06-07 18:47:27,393] {logging_mixin.py:104} INFO - [2021-06-07 18:47:27,393] {dag.py:2305} INFO - Setting next_dagrun for example_branch_dop_operator_v3 to 2021-06-05 00:00:00+00:00
[2021-06-07 18:47:27,398] {scheduler_job.py:190} INFO - Processing /home/encrypted/abaceti/.virtualenvs/pumpwood-airflow-images/lib/python3.6/site-packages/airflow/example_dags/example_branch_python_dop_operator_3.py took 0.041 seconds
[2021-06-07 18:47:57,546] {scheduler_job.py:182} INFO - Started process (PID=8511) to work on /home/encrypted/abaceti/.virtualenvs/pumpwood-airflow-images/lib/python3.6/site-packages/airflow/example_dags/example_branch_python_dop_operator_3.py
[2021-06-07 18:47:57,546] {scheduler_job.py:633} INFO - Processing file /home/encrypted/abaceti/.virtualenvs/pumpwood-airflow-images/lib/python3.6/site-packages/airflow/example_dags/example_branch_python_dop_operator_3.py for tasks to queue
[2021-06-07 18:47:57,546] {logging_mixin.py:104} INFO - [2021-06-07 18:47:57,546] {dagbag.py:487} INFO - Filling up the DagBag from /home/encrypted/abaceti/.virtualenvs/pumpwood-airflow-images/lib/python3.6/site-packages/airflow/example_dags/example_branch_python_dop_operator_3.py
[2021-06-07 18:47:57,553] {scheduler_job.py:643} INFO - DAG(s) dict_keys(['example_branch_dop_operator_v3']) retrieved from /home/encrypted/abaceti/.virtualenvs/pumpwood-airflow-images/lib/python3.6/site-packages/airflow/example_dags/example_branch_python_dop_operator_3.py
[2021-06-07 18:47:57,567] {logging_mixin.py:104} INFO - [2021-06-07 18:47:57,567] {dag.py:1832} INFO - Sync 1 DAGs
[2021-06-07 18:47:57,580] {logging_mixin.py:104} INFO - [2021-06-07 18:47:57,580] {dag.py:2305} INFO - Setting next_dagrun for example_branch_dop_operator_v3 to 2021-06-05 00:00:00+00:00
[2021-06-07 18:47:57,585] {scheduler_job.py:190} INFO - Processing /home/encrypted/abaceti/.virtualenvs/pumpwood-airflow-images/lib/python3.6/site-packages/airflow/example_dags/example_branch_python_dop_operator_3.py took 0.041 seconds
[2021-06-07 18:48:27,660] {scheduler_job.py:182} INFO - Started process (PID=8728) to work on /home/encrypted/abaceti/.virtualenvs/pumpwood-airflow-images/lib/python3.6/site-packages/airflow/example_dags/example_branch_python_dop_operator_3.py
[2021-06-07 18:48:27,661] {scheduler_job.py:633} INFO - Processing file /home/encrypted/abaceti/.virtualenvs/pumpwood-airflow-images/lib/python3.6/site-packages/airflow/example_dags/example_branch_python_dop_operator_3.py for tasks to queue
[2021-06-07 18:48:27,661] {logging_mixin.py:104} INFO - [2021-06-07 18:48:27,661] {dagbag.py:487} INFO - Filling up the DagBag from /home/encrypted/abaceti/.virtualenvs/pumpwood-airflow-images/lib/python3.6/site-packages/airflow/example_dags/example_branch_python_dop_operator_3.py
[2021-06-07 18:48:27,668] {scheduler_job.py:643} INFO - DAG(s) dict_keys(['example_branch_dop_operator_v3']) retrieved from /home/encrypted/abaceti/.virtualenvs/pumpwood-airflow-images/lib/python3.6/site-packages/airflow/example_dags/example_branch_python_dop_operator_3.py
[2021-06-07 18:48:27,681] {logging_mixin.py:104} INFO - [2021-06-07 18:48:27,681] {dag.py:1832} INFO - Sync 1 DAGs
[2021-06-07 18:48:27,693] {logging_mixin.py:104} INFO - [2021-06-07 18:48:27,693] {dag.py:2305} INFO - Setting next_dagrun for example_branch_dop_operator_v3 to 2021-06-05 00:00:00+00:00
[2021-06-07 18:48:27,698] {scheduler_job.py:190} INFO - Processing /home/encrypted/abaceti/.virtualenvs/pumpwood-airflow-images/lib/python3.6/site-packages/airflow/example_dags/example_branch_python_dop_operator_3.py took 0.039 seconds
[2021-06-07 18:48:49,791] {scheduler_job.py:182} INFO - Started process (PID=8909) to work on /home/encrypted/abaceti/.virtualenvs/pumpwood-airflow-images/lib/python3.6/site-packages/airflow/example_dags/example_branch_python_dop_operator_3.py
[2021-06-07 18:48:49,792] {scheduler_job.py:633} INFO - Processing file /home/encrypted/abaceti/.virtualenvs/pumpwood-airflow-images/lib/python3.6/site-packages/airflow/example_dags/example_branch_python_dop_operator_3.py for tasks to queue
[2021-06-07 18:48:49,792] {logging_mixin.py:104} INFO - [2021-06-07 18:48:49,792] {dagbag.py:487} INFO - Filling up the DagBag from /home/encrypted/abaceti/.virtualenvs/pumpwood-airflow-images/lib/python3.6/site-packages/airflow/example_dags/example_branch_python_dop_operator_3.py
[2021-06-07 18:48:49,799] {scheduler_job.py:643} INFO - DAG(s) dict_keys(['example_branch_dop_operator_v3']) retrieved from /home/encrypted/abaceti/.virtualenvs/pumpwood-airflow-images/lib/python3.6/site-packages/airflow/example_dags/example_branch_python_dop_operator_3.py
[2021-06-07 18:48:49,813] {logging_mixin.py:104} INFO - [2021-06-07 18:48:49,813] {dag.py:1832} INFO - Sync 1 DAGs
[2021-06-07 18:48:49,826] {logging_mixin.py:104} INFO - [2021-06-07 18:48:49,826] {dag.py:2305} INFO - Setting next_dagrun for example_branch_dop_operator_v3 to 2021-06-05 00:00:00+00:00
[2021-06-07 18:48:49,832] {scheduler_job.py:190} INFO - Processing /home/encrypted/abaceti/.virtualenvs/pumpwood-airflow-images/lib/python3.6/site-packages/airflow/example_dags/example_branch_python_dop_operator_3.py took 0.042 seconds
[2021-06-07 18:49:20,903] {scheduler_job.py:182} INFO - Started process (PID=9034) to work on /home/encrypted/abaceti/.virtualenvs/pumpwood-airflow-images/lib/python3.6/site-packages/airflow/example_dags/example_branch_python_dop_operator_3.py
[2021-06-07 18:49:20,904] {scheduler_job.py:633} INFO - Processing file /home/encrypted/abaceti/.virtualenvs/pumpwood-airflow-images/lib/python3.6/site-packages/airflow/example_dags/example_branch_python_dop_operator_3.py for tasks to queue
[2021-06-07 18:49:20,904] {logging_mixin.py:104} INFO - [2021-06-07 18:49:20,904] {dagbag.py:487} INFO - Filling up the DagBag from /home/encrypted/abaceti/.virtualenvs/pumpwood-airflow-images/lib/python3.6/site-packages/airflow/example_dags/example_branch_python_dop_operator_3.py
[2021-06-07 18:49:20,910] {scheduler_job.py:643} INFO - DAG(s) dict_keys(['example_branch_dop_operator_v3']) retrieved from /home/encrypted/abaceti/.virtualenvs/pumpwood-airflow-images/lib/python3.6/site-packages/airflow/example_dags/example_branch_python_dop_operator_3.py
[2021-06-07 18:49:20,925] {logging_mixin.py:104} INFO - [2021-06-07 18:49:20,925] {dag.py:1832} INFO - Sync 1 DAGs
[2021-06-07 18:49:20,938] {logging_mixin.py:104} INFO - [2021-06-07 18:49:20,938] {dag.py:2305} INFO - Setting next_dagrun for example_branch_dop_operator_v3 to 2021-06-05 00:00:00+00:00
[2021-06-07 18:49:20,944] {scheduler_job.py:190} INFO - Processing /home/encrypted/abaceti/.virtualenvs/pumpwood-airflow-images/lib/python3.6/site-packages/airflow/example_dags/example_branch_python_dop_operator_3.py took 0.043 seconds
[2021-06-07 18:49:51,209] {scheduler_job.py:182} INFO - Started process (PID=9214) to work on /home/encrypted/abaceti/.virtualenvs/pumpwood-airflow-images/lib/python3.6/site-packages/airflow/example_dags/example_branch_python_dop_operator_3.py
[2021-06-07 18:49:51,210] {scheduler_job.py:633} INFO - Processing file /home/encrypted/abaceti/.virtualenvs/pumpwood-airflow-images/lib/python3.6/site-packages/airflow/example_dags/example_branch_python_dop_operator_3.py for tasks to queue
[2021-06-07 18:49:51,210] {logging_mixin.py:104} INFO - [2021-06-07 18:49:51,210] {dagbag.py:487} INFO - Filling up the DagBag from /home/encrypted/abaceti/.virtualenvs/pumpwood-airflow-images/lib/python3.6/site-packages/airflow/example_dags/example_branch_python_dop_operator_3.py
[2021-06-07 18:49:51,217] {scheduler_job.py:643} INFO - DAG(s) dict_keys(['example_branch_dop_operator_v3']) retrieved from /home/encrypted/abaceti/.virtualenvs/pumpwood-airflow-images/lib/python3.6/site-packages/airflow/example_dags/example_branch_python_dop_operator_3.py
[2021-06-07 18:49:51,233] {logging_mixin.py:104} INFO - [2021-06-07 18:49:51,233] {dag.py:1832} INFO - Sync 1 DAGs
[2021-06-07 18:49:51,248] {logging_mixin.py:104} INFO - [2021-06-07 18:49:51,248] {dag.py:2305} INFO - Setting next_dagrun for example_branch_dop_operator_v3 to 2021-06-05 00:00:00+00:00
[2021-06-07 18:49:51,254] {scheduler_job.py:190} INFO - Processing /home/encrypted/abaceti/.virtualenvs/pumpwood-airflow-images/lib/python3.6/site-packages/airflow/example_dags/example_branch_python_dop_operator_3.py took 0.047 seconds
[2021-06-07 18:50:21,436] {scheduler_job.py:182} INFO - Started process (PID=9451) to work on /home/encrypted/abaceti/.virtualenvs/pumpwood-airflow-images/lib/python3.6/site-packages/airflow/example_dags/example_branch_python_dop_operator_3.py
[2021-06-07 18:50:21,436] {scheduler_job.py:633} INFO - Processing file /home/encrypted/abaceti/.virtualenvs/pumpwood-airflow-images/lib/python3.6/site-packages/airflow/example_dags/example_branch_python_dop_operator_3.py for tasks to queue
[2021-06-07 18:50:21,437] {logging_mixin.py:104} INFO - [2021-06-07 18:50:21,436] {dagbag.py:487} INFO - Filling up the DagBag from /home/encrypted/abaceti/.virtualenvs/pumpwood-airflow-images/lib/python3.6/site-packages/airflow/example_dags/example_branch_python_dop_operator_3.py
[2021-06-07 18:50:21,444] {scheduler_job.py:643} INFO - DAG(s) dict_keys(['example_branch_dop_operator_v3']) retrieved from /home/encrypted/abaceti/.virtualenvs/pumpwood-airflow-images/lib/python3.6/site-packages/airflow/example_dags/example_branch_python_dop_operator_3.py
[2021-06-07 18:50:21,458] {logging_mixin.py:104} INFO - [2021-06-07 18:50:21,458] {dag.py:1832} INFO - Sync 1 DAGs
[2021-06-07 18:50:21,473] {logging_mixin.py:104} INFO - [2021-06-07 18:50:21,473] {dag.py:2305} INFO - Setting next_dagrun for example_branch_dop_operator_v3 to 2021-06-05 00:00:00+00:00
[2021-06-07 18:50:21,479] {scheduler_job.py:190} INFO - Processing /home/encrypted/abaceti/.virtualenvs/pumpwood-airflow-images/lib/python3.6/site-packages/airflow/example_dags/example_branch_python_dop_operator_3.py took 0.045 seconds
[2021-06-07 18:50:51,690] {scheduler_job.py:182} INFO - Started process (PID=9611) to work on /home/encrypted/abaceti/.virtualenvs/pumpwood-airflow-images/lib/python3.6/site-packages/airflow/example_dags/example_branch_python_dop_operator_3.py
[2021-06-07 18:50:51,690] {scheduler_job.py:633} INFO - Processing file /home/encrypted/abaceti/.virtualenvs/pumpwood-airflow-images/lib/python3.6/site-packages/airflow/example_dags/example_branch_python_dop_operator_3.py for tasks to queue
[2021-06-07 18:50:51,690] {logging_mixin.py:104} INFO - [2021-06-07 18:50:51,690] {dagbag.py:487} INFO - Filling up the DagBag from /home/encrypted/abaceti/.virtualenvs/pumpwood-airflow-images/lib/python3.6/site-packages/airflow/example_dags/example_branch_python_dop_operator_3.py
[2021-06-07 18:50:51,697] {scheduler_job.py:643} INFO - DAG(s) dict_keys(['example_branch_dop_operator_v3']) retrieved from /home/encrypted/abaceti/.virtualenvs/pumpwood-airflow-images/lib/python3.6/site-packages/airflow/example_dags/example_branch_python_dop_operator_3.py
[2021-06-07 18:50:51,712] {logging_mixin.py:104} INFO - [2021-06-07 18:50:51,712] {dag.py:1832} INFO - Sync 1 DAGs
[2021-06-07 18:50:51,724] {logging_mixin.py:104} INFO - [2021-06-07 18:50:51,724] {dag.py:2305} INFO - Setting next_dagrun for example_branch_dop_operator_v3 to 2021-06-05 00:00:00+00:00
[2021-06-07 18:50:51,730] {scheduler_job.py:190} INFO - Processing /home/encrypted/abaceti/.virtualenvs/pumpwood-airflow-images/lib/python3.6/site-packages/airflow/example_dags/example_branch_python_dop_operator_3.py took 0.042 seconds
[2021-06-07 18:51:21,783] {scheduler_job.py:182} INFO - Started process (PID=9727) to work on /home/encrypted/abaceti/.virtualenvs/pumpwood-airflow-images/lib/python3.6/site-packages/airflow/example_dags/example_branch_python_dop_operator_3.py
[2021-06-07 18:51:21,784] {scheduler_job.py:633} INFO - Processing file /home/encrypted/abaceti/.virtualenvs/pumpwood-airflow-images/lib/python3.6/site-packages/airflow/example_dags/example_branch_python_dop_operator_3.py for tasks to queue
[2021-06-07 18:51:21,784] {logging_mixin.py:104} INFO - [2021-06-07 18:51:21,784] {dagbag.py:487} INFO - Filling up the DagBag from /home/encrypted/abaceti/.virtualenvs/pumpwood-airflow-images/lib/python3.6/site-packages/airflow/example_dags/example_branch_python_dop_operator_3.py
[2021-06-07 18:51:21,791] {scheduler_job.py:643} INFO - DAG(s) dict_keys(['example_branch_dop_operator_v3']) retrieved from /home/encrypted/abaceti/.virtualenvs/pumpwood-airflow-images/lib/python3.6/site-packages/airflow/example_dags/example_branch_python_dop_operator_3.py
[2021-06-07 18:51:21,805] {logging_mixin.py:104} INFO - [2021-06-07 18:51:21,805] {dag.py:1832} INFO - Sync 1 DAGs
[2021-06-07 18:51:21,817] {logging_mixin.py:104} INFO - [2021-06-07 18:51:21,817] {dag.py:2305} INFO - Setting next_dagrun for example_branch_dop_operator_v3 to 2021-06-05 00:00:00+00:00
[2021-06-07 18:51:21,823] {scheduler_job.py:190} INFO - Processing /home/encrypted/abaceti/.virtualenvs/pumpwood-airflow-images/lib/python3.6/site-packages/airflow/example_dags/example_branch_python_dop_operator_3.py took 0.041 seconds
[2021-06-07 18:51:51,954] {scheduler_job.py:182} INFO - Started process (PID=9892) to work on /home/encrypted/abaceti/.virtualenvs/pumpwood-airflow-images/lib/python3.6/site-packages/airflow/example_dags/example_branch_python_dop_operator_3.py
[2021-06-07 18:51:51,954] {scheduler_job.py:633} INFO - Processing file /home/encrypted/abaceti/.virtualenvs/pumpwood-airflow-images/lib/python3.6/site-packages/airflow/example_dags/example_branch_python_dop_operator_3.py for tasks to queue
[2021-06-07 18:51:51,954] {logging_mixin.py:104} INFO - [2021-06-07 18:51:51,954] {dagbag.py:487} INFO - Filling up the DagBag from /home/encrypted/abaceti/.virtualenvs/pumpwood-airflow-images/lib/python3.6/site-packages/airflow/example_dags/example_branch_python_dop_operator_3.py
[2021-06-07 18:51:51,961] {scheduler_job.py:643} INFO - DAG(s) dict_keys(['example_branch_dop_operator_v3']) retrieved from /home/encrypted/abaceti/.virtualenvs/pumpwood-airflow-images/lib/python3.6/site-packages/airflow/example_dags/example_branch_python_dop_operator_3.py
[2021-06-07 18:51:51,979] {logging_mixin.py:104} INFO - [2021-06-07 18:51:51,979] {dag.py:1832} INFO - Sync 1 DAGs
[2021-06-07 18:51:51,998] {logging_mixin.py:104} INFO - [2021-06-07 18:51:51,998] {dag.py:2305} INFO - Setting next_dagrun for example_branch_dop_operator_v3 to 2021-06-05 00:00:00+00:00
[2021-06-07 18:51:52,006] {scheduler_job.py:190} INFO - Processing /home/encrypted/abaceti/.virtualenvs/pumpwood-airflow-images/lib/python3.6/site-packages/airflow/example_dags/example_branch_python_dop_operator_3.py took 0.054 seconds
[2021-06-07 18:52:22,195] {scheduler_job.py:182} INFO - Started process (PID=10011) to work on /home/encrypted/abaceti/.virtualenvs/pumpwood-airflow-images/lib/python3.6/site-packages/airflow/example_dags/example_branch_python_dop_operator_3.py
[2021-06-07 18:52:22,196] {scheduler_job.py:633} INFO - Processing file /home/encrypted/abaceti/.virtualenvs/pumpwood-airflow-images/lib/python3.6/site-packages/airflow/example_dags/example_branch_python_dop_operator_3.py for tasks to queue
[2021-06-07 18:52:22,196] {logging_mixin.py:104} INFO - [2021-06-07 18:52:22,196] {dagbag.py:487} INFO - Filling up the DagBag from /home/encrypted/abaceti/.virtualenvs/pumpwood-airflow-images/lib/python3.6/site-packages/airflow/example_dags/example_branch_python_dop_operator_3.py
[2021-06-07 18:52:22,202] {scheduler_job.py:643} INFO - DAG(s) dict_keys(['example_branch_dop_operator_v3']) retrieved from /home/encrypted/abaceti/.virtualenvs/pumpwood-airflow-images/lib/python3.6/site-packages/airflow/example_dags/example_branch_python_dop_operator_3.py
[2021-06-07 18:52:22,217] {logging_mixin.py:104} INFO - [2021-06-07 18:52:22,217] {dag.py:1832} INFO - Sync 1 DAGs
[2021-06-07 18:52:22,230] {logging_mixin.py:104} INFO - [2021-06-07 18:52:22,230] {dag.py:2305} INFO - Setting next_dagrun for example_branch_dop_operator_v3 to 2021-06-05 00:00:00+00:00
[2021-06-07 18:52:22,235] {scheduler_job.py:190} INFO - Processing /home/encrypted/abaceti/.virtualenvs/pumpwood-airflow-images/lib/python3.6/site-packages/airflow/example_dags/example_branch_python_dop_operator_3.py took 0.042 seconds
[2021-06-07 18:52:53,359] {scheduler_job.py:182} INFO - Started process (PID=10823) to work on /home/encrypted/abaceti/.virtualenvs/pumpwood-airflow-images/lib/python3.6/site-packages/airflow/example_dags/example_branch_python_dop_operator_3.py
[2021-06-07 18:52:53,359] {scheduler_job.py:633} INFO - Processing file /home/encrypted/abaceti/.virtualenvs/pumpwood-airflow-images/lib/python3.6/site-packages/airflow/example_dags/example_branch_python_dop_operator_3.py for tasks to queue
[2021-06-07 18:52:53,359] {logging_mixin.py:104} INFO - [2021-06-07 18:52:53,359] {dagbag.py:487} INFO - Filling up the DagBag from /home/encrypted/abaceti/.virtualenvs/pumpwood-airflow-images/lib/python3.6/site-packages/airflow/example_dags/example_branch_python_dop_operator_3.py
[2021-06-07 18:52:53,365] {scheduler_job.py:643} INFO - DAG(s) dict_keys(['example_branch_dop_operator_v3']) retrieved from /home/encrypted/abaceti/.virtualenvs/pumpwood-airflow-images/lib/python3.6/site-packages/airflow/example_dags/example_branch_python_dop_operator_3.py
[2021-06-07 18:52:53,381] {logging_mixin.py:104} INFO - [2021-06-07 18:52:53,381] {dag.py:1832} INFO - Sync 1 DAGs
[2021-06-07 18:52:53,394] {logging_mixin.py:104} INFO - [2021-06-07 18:52:53,394] {dag.py:2305} INFO - Setting next_dagrun for example_branch_dop_operator_v3 to 2021-06-05 00:00:00+00:00
[2021-06-07 18:52:53,400] {scheduler_job.py:190} INFO - Processing /home/encrypted/abaceti/.virtualenvs/pumpwood-airflow-images/lib/python3.6/site-packages/airflow/example_dags/example_branch_python_dop_operator_3.py took 0.043 seconds
[2021-06-07 18:53:23,550] {scheduler_job.py:182} INFO - Started process (PID=11150) to work on /home/encrypted/abaceti/.virtualenvs/pumpwood-airflow-images/lib/python3.6/site-packages/airflow/example_dags/example_branch_python_dop_operator_3.py
[2021-06-07 18:53:23,550] {scheduler_job.py:633} INFO - Processing file /home/encrypted/abaceti/.virtualenvs/pumpwood-airflow-images/lib/python3.6/site-packages/airflow/example_dags/example_branch_python_dop_operator_3.py for tasks to queue
[2021-06-07 18:53:23,550] {logging_mixin.py:104} INFO - [2021-06-07 18:53:23,550] {dagbag.py:487} INFO - Filling up the DagBag from /home/encrypted/abaceti/.virtualenvs/pumpwood-airflow-images/lib/python3.6/site-packages/airflow/example_dags/example_branch_python_dop_operator_3.py
[2021-06-07 18:53:23,557] {scheduler_job.py:643} INFO - DAG(s) dict_keys(['example_branch_dop_operator_v3']) retrieved from /home/encrypted/abaceti/.virtualenvs/pumpwood-airflow-images/lib/python3.6/site-packages/airflow/example_dags/example_branch_python_dop_operator_3.py
[2021-06-07 18:53:23,571] {logging_mixin.py:104} INFO - [2021-06-07 18:53:23,571] {dag.py:1832} INFO - Sync 1 DAGs
[2021-06-07 18:53:23,583] {logging_mixin.py:104} INFO - [2021-06-07 18:53:23,583] {dag.py:2305} INFO - Setting next_dagrun for example_branch_dop_operator_v3 to 2021-06-05 00:00:00+00:00
[2021-06-07 18:53:23,589] {scheduler_job.py:190} INFO - Processing /home/encrypted/abaceti/.virtualenvs/pumpwood-airflow-images/lib/python3.6/site-packages/airflow/example_dags/example_branch_python_dop_operator_3.py took 0.041 seconds
[2021-06-07 18:53:53,695] {scheduler_job.py:182} INFO - Started process (PID=11530) to work on /home/encrypted/abaceti/.virtualenvs/pumpwood-airflow-images/lib/python3.6/site-packages/airflow/example_dags/example_branch_python_dop_operator_3.py
[2021-06-07 18:53:53,695] {scheduler_job.py:633} INFO - Processing file /home/encrypted/abaceti/.virtualenvs/pumpwood-airflow-images/lib/python3.6/site-packages/airflow/example_dags/example_branch_python_dop_operator_3.py for tasks to queue
[2021-06-07 18:53:53,696] {logging_mixin.py:104} INFO - [2021-06-07 18:53:53,695] {dagbag.py:487} INFO - Filling up the DagBag from /home/encrypted/abaceti/.virtualenvs/pumpwood-airflow-images/lib/python3.6/site-packages/airflow/example_dags/example_branch_python_dop_operator_3.py
[2021-06-07 18:53:53,701] {scheduler_job.py:643} INFO - DAG(s) dict_keys(['example_branch_dop_operator_v3']) retrieved from /home/encrypted/abaceti/.virtualenvs/pumpwood-airflow-images/lib/python3.6/site-packages/airflow/example_dags/example_branch_python_dop_operator_3.py
[2021-06-07 18:53:53,716] {logging_mixin.py:104} INFO - [2021-06-07 18:53:53,716] {dag.py:1832} INFO - Sync 1 DAGs
[2021-06-07 18:53:53,728] {logging_mixin.py:104} INFO - [2021-06-07 18:53:53,728] {dag.py:2305} INFO - Setting next_dagrun for example_branch_dop_operator_v3 to 2021-06-05 00:00:00+00:00
[2021-06-07 18:53:53,733] {scheduler_job.py:190} INFO - Processing /home/encrypted/abaceti/.virtualenvs/pumpwood-airflow-images/lib/python3.6/site-packages/airflow/example_dags/example_branch_python_dop_operator_3.py took 0.040 seconds
[2021-06-07 18:54:24,865] {scheduler_job.py:182} INFO - Started process (PID=11943) to work on /home/encrypted/abaceti/.virtualenvs/pumpwood-airflow-images/lib/python3.6/site-packages/airflow/example_dags/example_branch_python_dop_operator_3.py
[2021-06-07 18:54:24,866] {scheduler_job.py:633} INFO - Processing file /home/encrypted/abaceti/.virtualenvs/pumpwood-airflow-images/lib/python3.6/site-packages/airflow/example_dags/example_branch_python_dop_operator_3.py for tasks to queue
[2021-06-07 18:54:24,866] {logging_mixin.py:104} INFO - [2021-06-07 18:54:24,866] {dagbag.py:487} INFO - Filling up the DagBag from /home/encrypted/abaceti/.virtualenvs/pumpwood-airflow-images/lib/python3.6/site-packages/airflow/example_dags/example_branch_python_dop_operator_3.py
[2021-06-07 18:54:24,873] {scheduler_job.py:643} INFO - DAG(s) dict_keys(['example_branch_dop_operator_v3']) retrieved from /home/encrypted/abaceti/.virtualenvs/pumpwood-airflow-images/lib/python3.6/site-packages/airflow/example_dags/example_branch_python_dop_operator_3.py
[2021-06-07 18:54:24,889] {logging_mixin.py:104} INFO - [2021-06-07 18:54:24,889] {dag.py:1832} INFO - Sync 1 DAGs
[2021-06-07 18:54:24,903] {logging_mixin.py:104} INFO - [2021-06-07 18:54:24,903] {dag.py:2305} INFO - Setting next_dagrun for example_branch_dop_operator_v3 to 2021-06-05 00:00:00+00:00
[2021-06-07 18:54:24,909] {scheduler_job.py:190} INFO - Processing /home/encrypted/abaceti/.virtualenvs/pumpwood-airflow-images/lib/python3.6/site-packages/airflow/example_dags/example_branch_python_dop_operator_3.py took 0.045 seconds
[2021-06-07 18:54:55,083] {scheduler_job.py:182} INFO - Started process (PID=12160) to work on /home/encrypted/abaceti/.virtualenvs/pumpwood-airflow-images/lib/python3.6/site-packages/airflow/example_dags/example_branch_python_dop_operator_3.py
[2021-06-07 18:54:55,084] {scheduler_job.py:633} INFO - Processing file /home/encrypted/abaceti/.virtualenvs/pumpwood-airflow-images/lib/python3.6/site-packages/airflow/example_dags/example_branch_python_dop_operator_3.py for tasks to queue
[2021-06-07 18:54:55,084] {logging_mixin.py:104} INFO - [2021-06-07 18:54:55,084] {dagbag.py:487} INFO - Filling up the DagBag from /home/encrypted/abaceti/.virtualenvs/pumpwood-airflow-images/lib/python3.6/site-packages/airflow/example_dags/example_branch_python_dop_operator_3.py
[2021-06-07 18:54:55,090] {scheduler_job.py:643} INFO - DAG(s) dict_keys(['example_branch_dop_operator_v3']) retrieved from /home/encrypted/abaceti/.virtualenvs/pumpwood-airflow-images/lib/python3.6/site-packages/airflow/example_dags/example_branch_python_dop_operator_3.py
[2021-06-07 18:54:55,106] {logging_mixin.py:104} INFO - [2021-06-07 18:54:55,106] {dag.py:1832} INFO - Sync 1 DAGs
[2021-06-07 18:54:55,118] {logging_mixin.py:104} INFO - [2021-06-07 18:54:55,118] {dag.py:2305} INFO - Setting next_dagrun for example_branch_dop_operator_v3 to 2021-06-05 00:00:00+00:00
[2021-06-07 18:54:55,123] {scheduler_job.py:190} INFO - Processing /home/encrypted/abaceti/.virtualenvs/pumpwood-airflow-images/lib/python3.6/site-packages/airflow/example_dags/example_branch_python_dop_operator_3.py took 0.042 seconds
[2021-06-07 18:55:25,169] {scheduler_job.py:182} INFO - Started process (PID=12334) to work on /home/encrypted/abaceti/.virtualenvs/pumpwood-airflow-images/lib/python3.6/site-packages/airflow/example_dags/example_branch_python_dop_operator_3.py
[2021-06-07 18:55:25,170] {scheduler_job.py:633} INFO - Processing file /home/encrypted/abaceti/.virtualenvs/pumpwood-airflow-images/lib/python3.6/site-packages/airflow/example_dags/example_branch_python_dop_operator_3.py for tasks to queue
[2021-06-07 18:55:25,170] {logging_mixin.py:104} INFO - [2021-06-07 18:55:25,170] {dagbag.py:487} INFO - Filling up the DagBag from /home/encrypted/abaceti/.virtualenvs/pumpwood-airflow-images/lib/python3.6/site-packages/airflow/example_dags/example_branch_python_dop_operator_3.py
[2021-06-07 18:55:25,176] {scheduler_job.py:643} INFO - DAG(s) dict_keys(['example_branch_dop_operator_v3']) retrieved from /home/encrypted/abaceti/.virtualenvs/pumpwood-airflow-images/lib/python3.6/site-packages/airflow/example_dags/example_branch_python_dop_operator_3.py
[2021-06-07 18:55:25,190] {logging_mixin.py:104} INFO - [2021-06-07 18:55:25,190] {dag.py:1832} INFO - Sync 1 DAGs
[2021-06-07 18:55:25,205] {logging_mixin.py:104} INFO - [2021-06-07 18:55:25,205] {dag.py:2305} INFO - Setting next_dagrun for example_branch_dop_operator_v3 to 2021-06-05 00:00:00+00:00
[2021-06-07 18:55:25,211] {scheduler_job.py:190} INFO - Processing /home/encrypted/abaceti/.virtualenvs/pumpwood-airflow-images/lib/python3.6/site-packages/airflow/example_dags/example_branch_python_dop_operator_3.py took 0.043 seconds
[2021-06-07 18:55:55,247] {scheduler_job.py:182} INFO - Started process (PID=12548) to work on /home/encrypted/abaceti/.virtualenvs/pumpwood-airflow-images/lib/python3.6/site-packages/airflow/example_dags/example_branch_python_dop_operator_3.py
[2021-06-07 18:55:55,248] {scheduler_job.py:633} INFO - Processing file /home/encrypted/abaceti/.virtualenvs/pumpwood-airflow-images/lib/python3.6/site-packages/airflow/example_dags/example_branch_python_dop_operator_3.py for tasks to queue
[2021-06-07 18:55:55,248] {logging_mixin.py:104} INFO - [2021-06-07 18:55:55,248] {dagbag.py:487} INFO - Filling up the DagBag from /home/encrypted/abaceti/.virtualenvs/pumpwood-airflow-images/lib/python3.6/site-packages/airflow/example_dags/example_branch_python_dop_operator_3.py
[2021-06-07 18:55:55,254] {scheduler_job.py:643} INFO - DAG(s) dict_keys(['example_branch_dop_operator_v3']) retrieved from /home/encrypted/abaceti/.virtualenvs/pumpwood-airflow-images/lib/python3.6/site-packages/airflow/example_dags/example_branch_python_dop_operator_3.py
[2021-06-07 18:55:55,268] {logging_mixin.py:104} INFO - [2021-06-07 18:55:55,268] {dag.py:1832} INFO - Sync 1 DAGs
[2021-06-07 18:55:55,281] {logging_mixin.py:104} INFO - [2021-06-07 18:55:55,281] {dag.py:2305} INFO - Setting next_dagrun for example_branch_dop_operator_v3 to 2021-06-05 00:00:00+00:00
[2021-06-07 18:55:55,286] {scheduler_job.py:190} INFO - Processing /home/encrypted/abaceti/.virtualenvs/pumpwood-airflow-images/lib/python3.6/site-packages/airflow/example_dags/example_branch_python_dop_operator_3.py took 0.040 seconds
[2021-06-07 18:56:25,484] {scheduler_job.py:182} INFO - Started process (PID=12768) to work on /home/encrypted/abaceti/.virtualenvs/pumpwood-airflow-images/lib/python3.6/site-packages/airflow/example_dags/example_branch_python_dop_operator_3.py
[2021-06-07 18:56:25,484] {scheduler_job.py:633} INFO - Processing file /home/encrypted/abaceti/.virtualenvs/pumpwood-airflow-images/lib/python3.6/site-packages/airflow/example_dags/example_branch_python_dop_operator_3.py for tasks to queue
[2021-06-07 18:56:25,484] {logging_mixin.py:104} INFO - [2021-06-07 18:56:25,484] {dagbag.py:487} INFO - Filling up the DagBag from /home/encrypted/abaceti/.virtualenvs/pumpwood-airflow-images/lib/python3.6/site-packages/airflow/example_dags/example_branch_python_dop_operator_3.py
[2021-06-07 18:56:25,491] {scheduler_job.py:643} INFO - DAG(s) dict_keys(['example_branch_dop_operator_v3']) retrieved from /home/encrypted/abaceti/.virtualenvs/pumpwood-airflow-images/lib/python3.6/site-packages/airflow/example_dags/example_branch_python_dop_operator_3.py
[2021-06-07 18:56:25,505] {logging_mixin.py:104} INFO - [2021-06-07 18:56:25,505] {dag.py:1832} INFO - Sync 1 DAGs
[2021-06-07 18:56:25,518] {logging_mixin.py:104} INFO - [2021-06-07 18:56:25,518] {dag.py:2305} INFO - Setting next_dagrun for example_branch_dop_operator_v3 to 2021-06-05 00:00:00+00:00
[2021-06-07 18:56:25,524] {scheduler_job.py:190} INFO - Processing /home/encrypted/abaceti/.virtualenvs/pumpwood-airflow-images/lib/python3.6/site-packages/airflow/example_dags/example_branch_python_dop_operator_3.py took 0.042 seconds
[2021-06-07 18:56:56,518] {scheduler_job.py:182} INFO - Started process (PID=12957) to work on /home/encrypted/abaceti/.virtualenvs/pumpwood-airflow-images/lib/python3.6/site-packages/airflow/example_dags/example_branch_python_dop_operator_3.py
[2021-06-07 18:56:56,518] {scheduler_job.py:633} INFO - Processing file /home/encrypted/abaceti/.virtualenvs/pumpwood-airflow-images/lib/python3.6/site-packages/airflow/example_dags/example_branch_python_dop_operator_3.py for tasks to queue
[2021-06-07 18:56:56,519] {logging_mixin.py:104} INFO - [2021-06-07 18:56:56,519] {dagbag.py:487} INFO - Filling up the DagBag from /home/encrypted/abaceti/.virtualenvs/pumpwood-airflow-images/lib/python3.6/site-packages/airflow/example_dags/example_branch_python_dop_operator_3.py
[2021-06-07 18:56:56,525] {scheduler_job.py:643} INFO - DAG(s) dict_keys(['example_branch_dop_operator_v3']) retrieved from /home/encrypted/abaceti/.virtualenvs/pumpwood-airflow-images/lib/python3.6/site-packages/airflow/example_dags/example_branch_python_dop_operator_3.py
[2021-06-07 18:56:56,539] {logging_mixin.py:104} INFO - [2021-06-07 18:56:56,539] {dag.py:1832} INFO - Sync 1 DAGs
[2021-06-07 18:56:56,551] {logging_mixin.py:104} INFO - [2021-06-07 18:56:56,551] {dag.py:2305} INFO - Setting next_dagrun for example_branch_dop_operator_v3 to 2021-06-05 00:00:00+00:00
[2021-06-07 18:56:56,556] {scheduler_job.py:190} INFO - Processing /home/encrypted/abaceti/.virtualenvs/pumpwood-airflow-images/lib/python3.6/site-packages/airflow/example_dags/example_branch_python_dop_operator_3.py took 0.040 seconds
[2021-06-07 18:57:27,562] {scheduler_job.py:182} INFO - Started process (PID=13075) to work on /home/encrypted/abaceti/.virtualenvs/pumpwood-airflow-images/lib/python3.6/site-packages/airflow/example_dags/example_branch_python_dop_operator_3.py
[2021-06-07 18:57:27,562] {scheduler_job.py:633} INFO - Processing file /home/encrypted/abaceti/.virtualenvs/pumpwood-airflow-images/lib/python3.6/site-packages/airflow/example_dags/example_branch_python_dop_operator_3.py for tasks to queue
[2021-06-07 18:57:27,562] {logging_mixin.py:104} INFO - [2021-06-07 18:57:27,562] {dagbag.py:487} INFO - Filling up the DagBag from /home/encrypted/abaceti/.virtualenvs/pumpwood-airflow-images/lib/python3.6/site-packages/airflow/example_dags/example_branch_python_dop_operator_3.py
[2021-06-07 18:57:27,569] {scheduler_job.py:643} INFO - DAG(s) dict_keys(['example_branch_dop_operator_v3']) retrieved from /home/encrypted/abaceti/.virtualenvs/pumpwood-airflow-images/lib/python3.6/site-packages/airflow/example_dags/example_branch_python_dop_operator_3.py
[2021-06-07 18:57:27,584] {logging_mixin.py:104} INFO - [2021-06-07 18:57:27,584] {dag.py:1832} INFO - Sync 1 DAGs
[2021-06-07 18:57:27,597] {logging_mixin.py:104} INFO - [2021-06-07 18:57:27,597] {dag.py:2305} INFO - Setting next_dagrun for example_branch_dop_operator_v3 to 2021-06-05 00:00:00+00:00
[2021-06-07 18:57:27,603] {scheduler_job.py:190} INFO - Processing /home/encrypted/abaceti/.virtualenvs/pumpwood-airflow-images/lib/python3.6/site-packages/airflow/example_dags/example_branch_python_dop_operator_3.py took 0.043 seconds
[2021-06-07 18:57:57,815] {scheduler_job.py:182} INFO - Started process (PID=13250) to work on /home/encrypted/abaceti/.virtualenvs/pumpwood-airflow-images/lib/python3.6/site-packages/airflow/example_dags/example_branch_python_dop_operator_3.py
[2021-06-07 18:57:57,816] {scheduler_job.py:633} INFO - Processing file /home/encrypted/abaceti/.virtualenvs/pumpwood-airflow-images/lib/python3.6/site-packages/airflow/example_dags/example_branch_python_dop_operator_3.py for tasks to queue
[2021-06-07 18:57:57,816] {logging_mixin.py:104} INFO - [2021-06-07 18:57:57,816] {dagbag.py:487} INFO - Filling up the DagBag from /home/encrypted/abaceti/.virtualenvs/pumpwood-airflow-images/lib/python3.6/site-packages/airflow/example_dags/example_branch_python_dop_operator_3.py
[2021-06-07 18:57:57,823] {scheduler_job.py:643} INFO - DAG(s) dict_keys(['example_branch_dop_operator_v3']) retrieved from /home/encrypted/abaceti/.virtualenvs/pumpwood-airflow-images/lib/python3.6/site-packages/airflow/example_dags/example_branch_python_dop_operator_3.py
[2021-06-07 18:57:57,838] {logging_mixin.py:104} INFO - [2021-06-07 18:57:57,838] {dag.py:1832} INFO - Sync 1 DAGs
[2021-06-07 18:57:57,851] {logging_mixin.py:104} INFO - [2021-06-07 18:57:57,851] {dag.py:2305} INFO - Setting next_dagrun for example_branch_dop_operator_v3 to 2021-06-05 00:00:00+00:00
[2021-06-07 18:57:57,858] {scheduler_job.py:190} INFO - Processing /home/encrypted/abaceti/.virtualenvs/pumpwood-airflow-images/lib/python3.6/site-packages/airflow/example_dags/example_branch_python_dop_operator_3.py took 0.044 seconds
[2021-06-07 18:58:28,853] {scheduler_job.py:182} INFO - Started process (PID=13364) to work on /home/encrypted/abaceti/.virtualenvs/pumpwood-airflow-images/lib/python3.6/site-packages/airflow/example_dags/example_branch_python_dop_operator_3.py
[2021-06-07 18:58:28,853] {scheduler_job.py:633} INFO - Processing file /home/encrypted/abaceti/.virtualenvs/pumpwood-airflow-images/lib/python3.6/site-packages/airflow/example_dags/example_branch_python_dop_operator_3.py for tasks to queue
[2021-06-07 18:58:28,854] {logging_mixin.py:104} INFO - [2021-06-07 18:58:28,854] {dagbag.py:487} INFO - Filling up the DagBag from /home/encrypted/abaceti/.virtualenvs/pumpwood-airflow-images/lib/python3.6/site-packages/airflow/example_dags/example_branch_python_dop_operator_3.py
[2021-06-07 18:58:28,861] {scheduler_job.py:643} INFO - DAG(s) dict_keys(['example_branch_dop_operator_v3']) retrieved from /home/encrypted/abaceti/.virtualenvs/pumpwood-airflow-images/lib/python3.6/site-packages/airflow/example_dags/example_branch_python_dop_operator_3.py
[2021-06-07 18:58:28,876] {logging_mixin.py:104} INFO - [2021-06-07 18:58:28,876] {dag.py:1832} INFO - Sync 1 DAGs
[2021-06-07 18:58:28,889] {logging_mixin.py:104} INFO - [2021-06-07 18:58:28,889] {dag.py:2305} INFO - Setting next_dagrun for example_branch_dop_operator_v3 to 2021-06-05 00:00:00+00:00
[2021-06-07 18:58:28,895] {scheduler_job.py:190} INFO - Processing /home/encrypted/abaceti/.virtualenvs/pumpwood-airflow-images/lib/python3.6/site-packages/airflow/example_dags/example_branch_python_dop_operator_3.py took 0.043 seconds
[2021-06-07 18:59:00,063] {scheduler_job.py:182} INFO - Started process (PID=13540) to work on /home/encrypted/abaceti/.virtualenvs/pumpwood-airflow-images/lib/python3.6/site-packages/airflow/example_dags/example_branch_python_dop_operator_3.py
[2021-06-07 18:59:00,064] {scheduler_job.py:633} INFO - Processing file /home/encrypted/abaceti/.virtualenvs/pumpwood-airflow-images/lib/python3.6/site-packages/airflow/example_dags/example_branch_python_dop_operator_3.py for tasks to queue
[2021-06-07 18:59:00,064] {logging_mixin.py:104} INFO - [2021-06-07 18:59:00,064] {dagbag.py:487} INFO - Filling up the DagBag from /home/encrypted/abaceti/.virtualenvs/pumpwood-airflow-images/lib/python3.6/site-packages/airflow/example_dags/example_branch_python_dop_operator_3.py
[2021-06-07 18:59:00,070] {scheduler_job.py:643} INFO - DAG(s) dict_keys(['example_branch_dop_operator_v3']) retrieved from /home/encrypted/abaceti/.virtualenvs/pumpwood-airflow-images/lib/python3.6/site-packages/airflow/example_dags/example_branch_python_dop_operator_3.py
[2021-06-07 18:59:00,085] {logging_mixin.py:104} INFO - [2021-06-07 18:59:00,085] {dag.py:1832} INFO - Sync 1 DAGs
[2021-06-07 18:59:00,098] {logging_mixin.py:104} INFO - [2021-06-07 18:59:00,098] {dag.py:2305} INFO - Setting next_dagrun for example_branch_dop_operator_v3 to 2021-06-05 00:00:00+00:00
[2021-06-07 18:59:00,104] {scheduler_job.py:190} INFO - Processing /home/encrypted/abaceti/.virtualenvs/pumpwood-airflow-images/lib/python3.6/site-packages/airflow/example_dags/example_branch_python_dop_operator_3.py took 0.042 seconds
[2021-06-07 18:59:30,205] {scheduler_job.py:182} INFO - Started process (PID=13663) to work on /home/encrypted/abaceti/.virtualenvs/pumpwood-airflow-images/lib/python3.6/site-packages/airflow/example_dags/example_branch_python_dop_operator_3.py
[2021-06-07 18:59:30,206] {scheduler_job.py:633} INFO - Processing file /home/encrypted/abaceti/.virtualenvs/pumpwood-airflow-images/lib/python3.6/site-packages/airflow/example_dags/example_branch_python_dop_operator_3.py for tasks to queue
[2021-06-07 18:59:30,206] {logging_mixin.py:104} INFO - [2021-06-07 18:59:30,206] {dagbag.py:487} INFO - Filling up the DagBag from /home/encrypted/abaceti/.virtualenvs/pumpwood-airflow-images/lib/python3.6/site-packages/airflow/example_dags/example_branch_python_dop_operator_3.py
[2021-06-07 18:59:30,213] {scheduler_job.py:643} INFO - DAG(s) dict_keys(['example_branch_dop_operator_v3']) retrieved from /home/encrypted/abaceti/.virtualenvs/pumpwood-airflow-images/lib/python3.6/site-packages/airflow/example_dags/example_branch_python_dop_operator_3.py
[2021-06-07 18:59:30,228] {logging_mixin.py:104} INFO - [2021-06-07 18:59:30,228] {dag.py:1832} INFO - Sync 1 DAGs
[2021-06-07 18:59:30,241] {logging_mixin.py:104} INFO - [2021-06-07 18:59:30,241] {dag.py:2305} INFO - Setting next_dagrun for example_branch_dop_operator_v3 to 2021-06-05 00:00:00+00:00
[2021-06-07 18:59:30,247] {scheduler_job.py:190} INFO - Processing /home/encrypted/abaceti/.virtualenvs/pumpwood-airflow-images/lib/python3.6/site-packages/airflow/example_dags/example_branch_python_dop_operator_3.py took 0.043 seconds
[2021-06-07 19:00:00,385] {scheduler_job.py:182} INFO - Started process (PID=13827) to work on /home/encrypted/abaceti/.virtualenvs/pumpwood-airflow-images/lib/python3.6/site-packages/airflow/example_dags/example_branch_python_dop_operator_3.py
[2021-06-07 19:00:00,386] {scheduler_job.py:633} INFO - Processing file /home/encrypted/abaceti/.virtualenvs/pumpwood-airflow-images/lib/python3.6/site-packages/airflow/example_dags/example_branch_python_dop_operator_3.py for tasks to queue
[2021-06-07 19:00:00,386] {logging_mixin.py:104} INFO - [2021-06-07 19:00:00,386] {dagbag.py:487} INFO - Filling up the DagBag from /home/encrypted/abaceti/.virtualenvs/pumpwood-airflow-images/lib/python3.6/site-packages/airflow/example_dags/example_branch_python_dop_operator_3.py
[2021-06-07 19:00:00,392] {scheduler_job.py:643} INFO - DAG(s) dict_keys(['example_branch_dop_operator_v3']) retrieved from /home/encrypted/abaceti/.virtualenvs/pumpwood-airflow-images/lib/python3.6/site-packages/airflow/example_dags/example_branch_python_dop_operator_3.py
[2021-06-07 19:00:00,406] {logging_mixin.py:104} INFO - [2021-06-07 19:00:00,406] {dag.py:1832} INFO - Sync 1 DAGs
[2021-06-07 19:00:00,419] {logging_mixin.py:104} INFO - [2021-06-07 19:00:00,419] {dag.py:2305} INFO - Setting next_dagrun for example_branch_dop_operator_v3 to 2021-06-05 00:00:00+00:00
[2021-06-07 19:00:00,425] {scheduler_job.py:190} INFO - Processing /home/encrypted/abaceti/.virtualenvs/pumpwood-airflow-images/lib/python3.6/site-packages/airflow/example_dags/example_branch_python_dop_operator_3.py took 0.041 seconds
[2021-06-07 19:00:30,454] {scheduler_job.py:182} INFO - Started process (PID=13940) to work on /home/encrypted/abaceti/.virtualenvs/pumpwood-airflow-images/lib/python3.6/site-packages/airflow/example_dags/example_branch_python_dop_operator_3.py
[2021-06-07 19:00:30,454] {scheduler_job.py:633} INFO - Processing file /home/encrypted/abaceti/.virtualenvs/pumpwood-airflow-images/lib/python3.6/site-packages/airflow/example_dags/example_branch_python_dop_operator_3.py for tasks to queue
[2021-06-07 19:00:30,455] {logging_mixin.py:104} INFO - [2021-06-07 19:00:30,455] {dagbag.py:487} INFO - Filling up the DagBag from /home/encrypted/abaceti/.virtualenvs/pumpwood-airflow-images/lib/python3.6/site-packages/airflow/example_dags/example_branch_python_dop_operator_3.py
[2021-06-07 19:00:30,462] {scheduler_job.py:643} INFO - DAG(s) dict_keys(['example_branch_dop_operator_v3']) retrieved from /home/encrypted/abaceti/.virtualenvs/pumpwood-airflow-images/lib/python3.6/site-packages/airflow/example_dags/example_branch_python_dop_operator_3.py
[2021-06-07 19:00:30,476] {logging_mixin.py:104} INFO - [2021-06-07 19:00:30,476] {dag.py:1832} INFO - Sync 1 DAGs
[2021-06-07 19:00:30,488] {logging_mixin.py:104} INFO - [2021-06-07 19:00:30,488] {dag.py:2305} INFO - Setting next_dagrun for example_branch_dop_operator_v3 to 2021-06-05 00:00:00+00:00
[2021-06-07 19:00:30,493] {scheduler_job.py:190} INFO - Processing /home/encrypted/abaceti/.virtualenvs/pumpwood-airflow-images/lib/python3.6/site-packages/airflow/example_dags/example_branch_python_dop_operator_3.py took 0.040 seconds
[2021-06-07 19:01:00,686] {scheduler_job.py:182} INFO - Started process (PID=14133) to work on /home/encrypted/abaceti/.virtualenvs/pumpwood-airflow-images/lib/python3.6/site-packages/airflow/example_dags/example_branch_python_dop_operator_3.py
[2021-06-07 19:01:00,687] {scheduler_job.py:633} INFO - Processing file /home/encrypted/abaceti/.virtualenvs/pumpwood-airflow-images/lib/python3.6/site-packages/airflow/example_dags/example_branch_python_dop_operator_3.py for tasks to queue
[2021-06-07 19:01:00,687] {logging_mixin.py:104} INFO - [2021-06-07 19:01:00,687] {dagbag.py:487} INFO - Filling up the DagBag from /home/encrypted/abaceti/.virtualenvs/pumpwood-airflow-images/lib/python3.6/site-packages/airflow/example_dags/example_branch_python_dop_operator_3.py
[2021-06-07 19:01:00,694] {scheduler_job.py:643} INFO - DAG(s) dict_keys(['example_branch_dop_operator_v3']) retrieved from /home/encrypted/abaceti/.virtualenvs/pumpwood-airflow-images/lib/python3.6/site-packages/airflow/example_dags/example_branch_python_dop_operator_3.py
[2021-06-07 19:01:00,709] {logging_mixin.py:104} INFO - [2021-06-07 19:01:00,709] {dag.py:1832} INFO - Sync 1 DAGs
[2021-06-07 19:01:00,722] {logging_mixin.py:104} INFO - [2021-06-07 19:01:00,722] {dag.py:2305} INFO - Setting next_dagrun for example_branch_dop_operator_v3 to 2021-06-05 00:00:00+00:00
[2021-06-07 19:01:00,729] {scheduler_job.py:190} INFO - Processing /home/encrypted/abaceti/.virtualenvs/pumpwood-airflow-images/lib/python3.6/site-packages/airflow/example_dags/example_branch_python_dop_operator_3.py took 0.044 seconds
[2021-06-07 19:01:30,990] {scheduler_job.py:182} INFO - Started process (PID=14255) to work on /home/encrypted/abaceti/.virtualenvs/pumpwood-airflow-images/lib/python3.6/site-packages/airflow/example_dags/example_branch_python_dop_operator_3.py
[2021-06-07 19:01:30,991] {scheduler_job.py:633} INFO - Processing file /home/encrypted/abaceti/.virtualenvs/pumpwood-airflow-images/lib/python3.6/site-packages/airflow/example_dags/example_branch_python_dop_operator_3.py for tasks to queue
[2021-06-07 19:01:30,991] {logging_mixin.py:104} INFO - [2021-06-07 19:01:30,991] {dagbag.py:487} INFO - Filling up the DagBag from /home/encrypted/abaceti/.virtualenvs/pumpwood-airflow-images/lib/python3.6/site-packages/airflow/example_dags/example_branch_python_dop_operator_3.py
[2021-06-07 19:01:30,998] {scheduler_job.py:643} INFO - DAG(s) dict_keys(['example_branch_dop_operator_v3']) retrieved from /home/encrypted/abaceti/.virtualenvs/pumpwood-airflow-images/lib/python3.6/site-packages/airflow/example_dags/example_branch_python_dop_operator_3.py
[2021-06-07 19:01:31,014] {logging_mixin.py:104} INFO - [2021-06-07 19:01:31,014] {dag.py:1832} INFO - Sync 1 DAGs
[2021-06-07 19:01:31,029] {logging_mixin.py:104} INFO - [2021-06-07 19:01:31,029] {dag.py:2305} INFO - Setting next_dagrun for example_branch_dop_operator_v3 to 2021-06-05 00:00:00+00:00
[2021-06-07 19:01:31,035] {scheduler_job.py:190} INFO - Processing /home/encrypted/abaceti/.virtualenvs/pumpwood-airflow-images/lib/python3.6/site-packages/airflow/example_dags/example_branch_python_dop_operator_3.py took 0.046 seconds
[2021-06-07 19:02:01,127] {scheduler_job.py:182} INFO - Started process (PID=14437) to work on /home/encrypted/abaceti/.virtualenvs/pumpwood-airflow-images/lib/python3.6/site-packages/airflow/example_dags/example_branch_python_dop_operator_3.py
[2021-06-07 19:02:01,127] {scheduler_job.py:633} INFO - Processing file /home/encrypted/abaceti/.virtualenvs/pumpwood-airflow-images/lib/python3.6/site-packages/airflow/example_dags/example_branch_python_dop_operator_3.py for tasks to queue
[2021-06-07 19:02:01,128] {logging_mixin.py:104} INFO - [2021-06-07 19:02:01,127] {dagbag.py:487} INFO - Filling up the DagBag from /home/encrypted/abaceti/.virtualenvs/pumpwood-airflow-images/lib/python3.6/site-packages/airflow/example_dags/example_branch_python_dop_operator_3.py
[2021-06-07 19:02:01,134] {scheduler_job.py:643} INFO - DAG(s) dict_keys(['example_branch_dop_operator_v3']) retrieved from /home/encrypted/abaceti/.virtualenvs/pumpwood-airflow-images/lib/python3.6/site-packages/airflow/example_dags/example_branch_python_dop_operator_3.py
[2021-06-07 19:02:01,149] {logging_mixin.py:104} INFO - [2021-06-07 19:02:01,149] {dag.py:1832} INFO - Sync 1 DAGs
[2021-06-07 19:02:01,162] {logging_mixin.py:104} INFO - [2021-06-07 19:02:01,162] {dag.py:2305} INFO - Setting next_dagrun for example_branch_dop_operator_v3 to 2021-06-05 00:00:00+00:00
[2021-06-07 19:02:01,168] {scheduler_job.py:190} INFO - Processing /home/encrypted/abaceti/.virtualenvs/pumpwood-airflow-images/lib/python3.6/site-packages/airflow/example_dags/example_branch_python_dop_operator_3.py took 0.043 seconds
[2021-06-07 19:02:31,221] {scheduler_job.py:182} INFO - Started process (PID=14649) to work on /home/encrypted/abaceti/.virtualenvs/pumpwood-airflow-images/lib/python3.6/site-packages/airflow/example_dags/example_branch_python_dop_operator_3.py
[2021-06-07 19:02:31,221] {scheduler_job.py:633} INFO - Processing file /home/encrypted/abaceti/.virtualenvs/pumpwood-airflow-images/lib/python3.6/site-packages/airflow/example_dags/example_branch_python_dop_operator_3.py for tasks to queue
[2021-06-07 19:02:31,222] {logging_mixin.py:104} INFO - [2021-06-07 19:02:31,222] {dagbag.py:487} INFO - Filling up the DagBag from /home/encrypted/abaceti/.virtualenvs/pumpwood-airflow-images/lib/python3.6/site-packages/airflow/example_dags/example_branch_python_dop_operator_3.py
[2021-06-07 19:02:31,228] {scheduler_job.py:643} INFO - DAG(s) dict_keys(['example_branch_dop_operator_v3']) retrieved from /home/encrypted/abaceti/.virtualenvs/pumpwood-airflow-images/lib/python3.6/site-packages/airflow/example_dags/example_branch_python_dop_operator_3.py
[2021-06-07 19:02:31,242] {logging_mixin.py:104} INFO - [2021-06-07 19:02:31,242] {dag.py:1832} INFO - Sync 1 DAGs
[2021-06-07 19:02:31,255] {logging_mixin.py:104} INFO - [2021-06-07 19:02:31,255] {dag.py:2305} INFO - Setting next_dagrun for example_branch_dop_operator_v3 to 2021-06-05 00:00:00+00:00
[2021-06-07 19:02:31,262] {scheduler_job.py:190} INFO - Processing /home/encrypted/abaceti/.virtualenvs/pumpwood-airflow-images/lib/python3.6/site-packages/airflow/example_dags/example_branch_python_dop_operator_3.py took 0.043 seconds
