[2021-06-07 18:39:19,913] {scheduler_job.py:182} INFO - Started process (PID=5656) to work on /home/encrypted/abaceti/.virtualenvs/pumpwood-airflow-images/lib/python3.6/site-packages/airflow/example_dags/example_nested_branch_dag.py
[2021-06-07 18:39:19,914] {scheduler_job.py:633} INFO - Processing file /home/encrypted/abaceti/.virtualenvs/pumpwood-airflow-images/lib/python3.6/site-packages/airflow/example_dags/example_nested_branch_dag.py for tasks to queue
[2021-06-07 18:39:19,914] {logging_mixin.py:104} INFO - [2021-06-07 18:39:19,914] {dagbag.py:487} INFO - Filling up the DagBag from /home/encrypted/abaceti/.virtualenvs/pumpwood-airflow-images/lib/python3.6/site-packages/airflow/example_dags/example_nested_branch_dag.py
[2021-06-07 18:39:19,923] {scheduler_job.py:643} INFO - DAG(s) dict_keys(['example_nested_branch_dag']) retrieved from /home/encrypted/abaceti/.virtualenvs/pumpwood-airflow-images/lib/python3.6/site-packages/airflow/example_dags/example_nested_branch_dag.py
[2021-06-07 18:39:19,941] {logging_mixin.py:104} INFO - [2021-06-07 18:39:19,941] {dag.py:1832} INFO - Sync 1 DAGs
[2021-06-07 18:39:19,952] {logging_mixin.py:104} INFO - [2021-06-07 18:39:19,952] {dag.py:2305} INFO - Setting next_dagrun for example_nested_branch_dag to 2021-06-05 00:00:00+00:00
[2021-06-07 18:39:19,958] {scheduler_job.py:190} INFO - Processing /home/encrypted/abaceti/.virtualenvs/pumpwood-airflow-images/lib/python3.6/site-packages/airflow/example_dags/example_nested_branch_dag.py took 0.047 seconds
[2021-06-07 18:39:50,110] {scheduler_job.py:182} INFO - Started process (PID=5824) to work on /home/encrypted/abaceti/.virtualenvs/pumpwood-airflow-images/lib/python3.6/site-packages/airflow/example_dags/example_nested_branch_dag.py
[2021-06-07 18:39:50,110] {scheduler_job.py:633} INFO - Processing file /home/encrypted/abaceti/.virtualenvs/pumpwood-airflow-images/lib/python3.6/site-packages/airflow/example_dags/example_nested_branch_dag.py for tasks to queue
[2021-06-07 18:39:50,111] {logging_mixin.py:104} INFO - [2021-06-07 18:39:50,111] {dagbag.py:487} INFO - Filling up the DagBag from /home/encrypted/abaceti/.virtualenvs/pumpwood-airflow-images/lib/python3.6/site-packages/airflow/example_dags/example_nested_branch_dag.py
[2021-06-07 18:39:50,117] {scheduler_job.py:643} INFO - DAG(s) dict_keys(['example_nested_branch_dag']) retrieved from /home/encrypted/abaceti/.virtualenvs/pumpwood-airflow-images/lib/python3.6/site-packages/airflow/example_dags/example_nested_branch_dag.py
[2021-06-07 18:39:50,132] {logging_mixin.py:104} INFO - [2021-06-07 18:39:50,132] {dag.py:1832} INFO - Sync 1 DAGs
[2021-06-07 18:39:50,141] {logging_mixin.py:104} INFO - [2021-06-07 18:39:50,141] {dag.py:2305} INFO - Setting next_dagrun for example_nested_branch_dag to 2021-06-05 00:00:00+00:00
[2021-06-07 18:39:50,146] {scheduler_job.py:190} INFO - Processing /home/encrypted/abaceti/.virtualenvs/pumpwood-airflow-images/lib/python3.6/site-packages/airflow/example_dags/example_nested_branch_dag.py took 0.037 seconds
[2021-06-07 18:40:20,286] {scheduler_job.py:182} INFO - Started process (PID=5975) to work on /home/encrypted/abaceti/.virtualenvs/pumpwood-airflow-images/lib/python3.6/site-packages/airflow/example_dags/example_nested_branch_dag.py
[2021-06-07 18:40:20,287] {scheduler_job.py:633} INFO - Processing file /home/encrypted/abaceti/.virtualenvs/pumpwood-airflow-images/lib/python3.6/site-packages/airflow/example_dags/example_nested_branch_dag.py for tasks to queue
[2021-06-07 18:40:20,287] {logging_mixin.py:104} INFO - [2021-06-07 18:40:20,287] {dagbag.py:487} INFO - Filling up the DagBag from /home/encrypted/abaceti/.virtualenvs/pumpwood-airflow-images/lib/python3.6/site-packages/airflow/example_dags/example_nested_branch_dag.py
[2021-06-07 18:40:20,295] {scheduler_job.py:643} INFO - DAG(s) dict_keys(['example_nested_branch_dag']) retrieved from /home/encrypted/abaceti/.virtualenvs/pumpwood-airflow-images/lib/python3.6/site-packages/airflow/example_dags/example_nested_branch_dag.py
[2021-06-07 18:40:20,311] {logging_mixin.py:104} INFO - [2021-06-07 18:40:20,311] {dag.py:1832} INFO - Sync 1 DAGs
[2021-06-07 18:40:20,321] {logging_mixin.py:104} INFO - [2021-06-07 18:40:20,321] {dag.py:2305} INFO - Setting next_dagrun for example_nested_branch_dag to 2021-06-05 00:00:00+00:00
[2021-06-07 18:40:20,326] {scheduler_job.py:190} INFO - Processing /home/encrypted/abaceti/.virtualenvs/pumpwood-airflow-images/lib/python3.6/site-packages/airflow/example_dags/example_nested_branch_dag.py took 0.041 seconds
[2021-06-07 18:40:50,467] {scheduler_job.py:182} INFO - Started process (PID=6165) to work on /home/encrypted/abaceti/.virtualenvs/pumpwood-airflow-images/lib/python3.6/site-packages/airflow/example_dags/example_nested_branch_dag.py
[2021-06-07 18:40:50,468] {scheduler_job.py:633} INFO - Processing file /home/encrypted/abaceti/.virtualenvs/pumpwood-airflow-images/lib/python3.6/site-packages/airflow/example_dags/example_nested_branch_dag.py for tasks to queue
[2021-06-07 18:40:50,468] {logging_mixin.py:104} INFO - [2021-06-07 18:40:50,468] {dagbag.py:487} INFO - Filling up the DagBag from /home/encrypted/abaceti/.virtualenvs/pumpwood-airflow-images/lib/python3.6/site-packages/airflow/example_dags/example_nested_branch_dag.py
[2021-06-07 18:40:50,475] {scheduler_job.py:643} INFO - DAG(s) dict_keys(['example_nested_branch_dag']) retrieved from /home/encrypted/abaceti/.virtualenvs/pumpwood-airflow-images/lib/python3.6/site-packages/airflow/example_dags/example_nested_branch_dag.py
[2021-06-07 18:40:50,489] {logging_mixin.py:104} INFO - [2021-06-07 18:40:50,489] {dag.py:1832} INFO - Sync 1 DAGs
[2021-06-07 18:40:50,498] {logging_mixin.py:104} INFO - [2021-06-07 18:40:50,498] {dag.py:2305} INFO - Setting next_dagrun for example_nested_branch_dag to 2021-06-05 00:00:00+00:00
[2021-06-07 18:40:50,504] {scheduler_job.py:190} INFO - Processing /home/encrypted/abaceti/.virtualenvs/pumpwood-airflow-images/lib/python3.6/site-packages/airflow/example_dags/example_nested_branch_dag.py took 0.038 seconds
[2021-06-07 18:41:20,667] {scheduler_job.py:182} INFO - Started process (PID=6279) to work on /home/encrypted/abaceti/.virtualenvs/pumpwood-airflow-images/lib/python3.6/site-packages/airflow/example_dags/example_nested_branch_dag.py
[2021-06-07 18:41:20,668] {scheduler_job.py:633} INFO - Processing file /home/encrypted/abaceti/.virtualenvs/pumpwood-airflow-images/lib/python3.6/site-packages/airflow/example_dags/example_nested_branch_dag.py for tasks to queue
[2021-06-07 18:41:20,668] {logging_mixin.py:104} INFO - [2021-06-07 18:41:20,668] {dagbag.py:487} INFO - Filling up the DagBag from /home/encrypted/abaceti/.virtualenvs/pumpwood-airflow-images/lib/python3.6/site-packages/airflow/example_dags/example_nested_branch_dag.py
[2021-06-07 18:41:20,675] {scheduler_job.py:643} INFO - DAG(s) dict_keys(['example_nested_branch_dag']) retrieved from /home/encrypted/abaceti/.virtualenvs/pumpwood-airflow-images/lib/python3.6/site-packages/airflow/example_dags/example_nested_branch_dag.py
[2021-06-07 18:41:20,691] {logging_mixin.py:104} INFO - [2021-06-07 18:41:20,691] {dag.py:1832} INFO - Sync 1 DAGs
[2021-06-07 18:41:20,702] {logging_mixin.py:104} INFO - [2021-06-07 18:41:20,702] {dag.py:2305} INFO - Setting next_dagrun for example_nested_branch_dag to 2021-06-05 00:00:00+00:00
[2021-06-07 18:41:20,707] {scheduler_job.py:190} INFO - Processing /home/encrypted/abaceti/.virtualenvs/pumpwood-airflow-images/lib/python3.6/site-packages/airflow/example_dags/example_nested_branch_dag.py took 0.042 seconds
[2021-06-07 18:41:50,802] {scheduler_job.py:182} INFO - Started process (PID=6446) to work on /home/encrypted/abaceti/.virtualenvs/pumpwood-airflow-images/lib/python3.6/site-packages/airflow/example_dags/example_nested_branch_dag.py
[2021-06-07 18:41:50,803] {scheduler_job.py:633} INFO - Processing file /home/encrypted/abaceti/.virtualenvs/pumpwood-airflow-images/lib/python3.6/site-packages/airflow/example_dags/example_nested_branch_dag.py for tasks to queue
[2021-06-07 18:41:50,803] {logging_mixin.py:104} INFO - [2021-06-07 18:41:50,803] {dagbag.py:487} INFO - Filling up the DagBag from /home/encrypted/abaceti/.virtualenvs/pumpwood-airflow-images/lib/python3.6/site-packages/airflow/example_dags/example_nested_branch_dag.py
[2021-06-07 18:41:50,809] {scheduler_job.py:643} INFO - DAG(s) dict_keys(['example_nested_branch_dag']) retrieved from /home/encrypted/abaceti/.virtualenvs/pumpwood-airflow-images/lib/python3.6/site-packages/airflow/example_dags/example_nested_branch_dag.py
[2021-06-07 18:41:50,825] {logging_mixin.py:104} INFO - [2021-06-07 18:41:50,825] {dag.py:1832} INFO - Sync 1 DAGs
[2021-06-07 18:41:50,834] {logging_mixin.py:104} INFO - [2021-06-07 18:41:50,834] {dag.py:2305} INFO - Setting next_dagrun for example_nested_branch_dag to 2021-06-05 00:00:00+00:00
[2021-06-07 18:41:50,840] {scheduler_job.py:190} INFO - Processing /home/encrypted/abaceti/.virtualenvs/pumpwood-airflow-images/lib/python3.6/site-packages/airflow/example_dags/example_nested_branch_dag.py took 0.039 seconds
[2021-06-07 18:42:20,908] {scheduler_job.py:182} INFO - Started process (PID=6558) to work on /home/encrypted/abaceti/.virtualenvs/pumpwood-airflow-images/lib/python3.6/site-packages/airflow/example_dags/example_nested_branch_dag.py
[2021-06-07 18:42:20,908] {scheduler_job.py:633} INFO - Processing file /home/encrypted/abaceti/.virtualenvs/pumpwood-airflow-images/lib/python3.6/site-packages/airflow/example_dags/example_nested_branch_dag.py for tasks to queue
[2021-06-07 18:42:20,909] {logging_mixin.py:104} INFO - [2021-06-07 18:42:20,909] {dagbag.py:487} INFO - Filling up the DagBag from /home/encrypted/abaceti/.virtualenvs/pumpwood-airflow-images/lib/python3.6/site-packages/airflow/example_dags/example_nested_branch_dag.py
[2021-06-07 18:42:20,916] {scheduler_job.py:643} INFO - DAG(s) dict_keys(['example_nested_branch_dag']) retrieved from /home/encrypted/abaceti/.virtualenvs/pumpwood-airflow-images/lib/python3.6/site-packages/airflow/example_dags/example_nested_branch_dag.py
[2021-06-07 18:42:20,930] {logging_mixin.py:104} INFO - [2021-06-07 18:42:20,930] {dag.py:1832} INFO - Sync 1 DAGs
[2021-06-07 18:42:20,940] {logging_mixin.py:104} INFO - [2021-06-07 18:42:20,940] {dag.py:2305} INFO - Setting next_dagrun for example_nested_branch_dag to 2021-06-05 00:00:00+00:00
[2021-06-07 18:42:20,945] {scheduler_job.py:190} INFO - Processing /home/encrypted/abaceti/.virtualenvs/pumpwood-airflow-images/lib/python3.6/site-packages/airflow/example_dags/example_nested_branch_dag.py took 0.039 seconds
[2021-06-07 18:42:51,009] {scheduler_job.py:182} INFO - Started process (PID=6749) to work on /home/encrypted/abaceti/.virtualenvs/pumpwood-airflow-images/lib/python3.6/site-packages/airflow/example_dags/example_nested_branch_dag.py
[2021-06-07 18:42:51,009] {scheduler_job.py:633} INFO - Processing file /home/encrypted/abaceti/.virtualenvs/pumpwood-airflow-images/lib/python3.6/site-packages/airflow/example_dags/example_nested_branch_dag.py for tasks to queue
[2021-06-07 18:42:51,010] {logging_mixin.py:104} INFO - [2021-06-07 18:42:51,010] {dagbag.py:487} INFO - Filling up the DagBag from /home/encrypted/abaceti/.virtualenvs/pumpwood-airflow-images/lib/python3.6/site-packages/airflow/example_dags/example_nested_branch_dag.py
[2021-06-07 18:42:51,017] {scheduler_job.py:643} INFO - DAG(s) dict_keys(['example_nested_branch_dag']) retrieved from /home/encrypted/abaceti/.virtualenvs/pumpwood-airflow-images/lib/python3.6/site-packages/airflow/example_dags/example_nested_branch_dag.py
[2021-06-07 18:42:51,032] {logging_mixin.py:104} INFO - [2021-06-07 18:42:51,032] {dag.py:1832} INFO - Sync 1 DAGs
[2021-06-07 18:42:51,041] {logging_mixin.py:104} INFO - [2021-06-07 18:42:51,041] {dag.py:2305} INFO - Setting next_dagrun for example_nested_branch_dag to 2021-06-05 00:00:00+00:00
[2021-06-07 18:42:51,047] {scheduler_job.py:190} INFO - Processing /home/encrypted/abaceti/.virtualenvs/pumpwood-airflow-images/lib/python3.6/site-packages/airflow/example_dags/example_nested_branch_dag.py took 0.040 seconds
[2021-06-07 18:43:22,091] {scheduler_job.py:182} INFO - Started process (PID=6991) to work on /home/encrypted/abaceti/.virtualenvs/pumpwood-airflow-images/lib/python3.6/site-packages/airflow/example_dags/example_nested_branch_dag.py
[2021-06-07 18:43:22,092] {scheduler_job.py:633} INFO - Processing file /home/encrypted/abaceti/.virtualenvs/pumpwood-airflow-images/lib/python3.6/site-packages/airflow/example_dags/example_nested_branch_dag.py for tasks to queue
[2021-06-07 18:43:22,092] {logging_mixin.py:104} INFO - [2021-06-07 18:43:22,092] {dagbag.py:487} INFO - Filling up the DagBag from /home/encrypted/abaceti/.virtualenvs/pumpwood-airflow-images/lib/python3.6/site-packages/airflow/example_dags/example_nested_branch_dag.py
[2021-06-07 18:43:22,099] {scheduler_job.py:643} INFO - DAG(s) dict_keys(['example_nested_branch_dag']) retrieved from /home/encrypted/abaceti/.virtualenvs/pumpwood-airflow-images/lib/python3.6/site-packages/airflow/example_dags/example_nested_branch_dag.py
[2021-06-07 18:43:22,113] {logging_mixin.py:104} INFO - [2021-06-07 18:43:22,113] {dag.py:1832} INFO - Sync 1 DAGs
[2021-06-07 18:43:22,122] {logging_mixin.py:104} INFO - [2021-06-07 18:43:22,122] {dag.py:2305} INFO - Setting next_dagrun for example_nested_branch_dag to 2021-06-05 00:00:00+00:00
[2021-06-07 18:43:22,128] {scheduler_job.py:190} INFO - Processing /home/encrypted/abaceti/.virtualenvs/pumpwood-airflow-images/lib/python3.6/site-packages/airflow/example_dags/example_nested_branch_dag.py took 0.039 seconds
[2021-06-07 18:43:52,216] {scheduler_job.py:182} INFO - Started process (PID=7245) to work on /home/encrypted/abaceti/.virtualenvs/pumpwood-airflow-images/lib/python3.6/site-packages/airflow/example_dags/example_nested_branch_dag.py
[2021-06-07 18:43:52,216] {scheduler_job.py:633} INFO - Processing file /home/encrypted/abaceti/.virtualenvs/pumpwood-airflow-images/lib/python3.6/site-packages/airflow/example_dags/example_nested_branch_dag.py for tasks to queue
[2021-06-07 18:43:52,217] {logging_mixin.py:104} INFO - [2021-06-07 18:43:52,217] {dagbag.py:487} INFO - Filling up the DagBag from /home/encrypted/abaceti/.virtualenvs/pumpwood-airflow-images/lib/python3.6/site-packages/airflow/example_dags/example_nested_branch_dag.py
[2021-06-07 18:43:52,223] {scheduler_job.py:643} INFO - DAG(s) dict_keys(['example_nested_branch_dag']) retrieved from /home/encrypted/abaceti/.virtualenvs/pumpwood-airflow-images/lib/python3.6/site-packages/airflow/example_dags/example_nested_branch_dag.py
[2021-06-07 18:43:52,237] {logging_mixin.py:104} INFO - [2021-06-07 18:43:52,237] {dag.py:1832} INFO - Sync 1 DAGs
[2021-06-07 18:43:52,246] {logging_mixin.py:104} INFO - [2021-06-07 18:43:52,246] {dag.py:2305} INFO - Setting next_dagrun for example_nested_branch_dag to 2021-06-05 00:00:00+00:00
[2021-06-07 18:43:52,252] {scheduler_job.py:190} INFO - Processing /home/encrypted/abaceti/.virtualenvs/pumpwood-airflow-images/lib/python3.6/site-packages/airflow/example_dags/example_nested_branch_dag.py took 0.038 seconds
[2021-06-07 18:44:22,297] {scheduler_job.py:182} INFO - Started process (PID=7360) to work on /home/encrypted/abaceti/.virtualenvs/pumpwood-airflow-images/lib/python3.6/site-packages/airflow/example_dags/example_nested_branch_dag.py
[2021-06-07 18:44:22,298] {scheduler_job.py:633} INFO - Processing file /home/encrypted/abaceti/.virtualenvs/pumpwood-airflow-images/lib/python3.6/site-packages/airflow/example_dags/example_nested_branch_dag.py for tasks to queue
[2021-06-07 18:44:22,298] {logging_mixin.py:104} INFO - [2021-06-07 18:44:22,298] {dagbag.py:487} INFO - Filling up the DagBag from /home/encrypted/abaceti/.virtualenvs/pumpwood-airflow-images/lib/python3.6/site-packages/airflow/example_dags/example_nested_branch_dag.py
[2021-06-07 18:44:22,306] {scheduler_job.py:643} INFO - DAG(s) dict_keys(['example_nested_branch_dag']) retrieved from /home/encrypted/abaceti/.virtualenvs/pumpwood-airflow-images/lib/python3.6/site-packages/airflow/example_dags/example_nested_branch_dag.py
[2021-06-07 18:44:22,321] {logging_mixin.py:104} INFO - [2021-06-07 18:44:22,321] {dag.py:1832} INFO - Sync 1 DAGs
[2021-06-07 18:44:22,330] {logging_mixin.py:104} INFO - [2021-06-07 18:44:22,330] {dag.py:2305} INFO - Setting next_dagrun for example_nested_branch_dag to 2021-06-05 00:00:00+00:00
[2021-06-07 18:44:22,336] {scheduler_job.py:190} INFO - Processing /home/encrypted/abaceti/.virtualenvs/pumpwood-airflow-images/lib/python3.6/site-packages/airflow/example_dags/example_nested_branch_dag.py took 0.040 seconds
[2021-06-07 18:44:52,423] {scheduler_job.py:182} INFO - Started process (PID=7530) to work on /home/encrypted/abaceti/.virtualenvs/pumpwood-airflow-images/lib/python3.6/site-packages/airflow/example_dags/example_nested_branch_dag.py
[2021-06-07 18:44:52,423] {scheduler_job.py:633} INFO - Processing file /home/encrypted/abaceti/.virtualenvs/pumpwood-airflow-images/lib/python3.6/site-packages/airflow/example_dags/example_nested_branch_dag.py for tasks to queue
[2021-06-07 18:44:52,423] {logging_mixin.py:104} INFO - [2021-06-07 18:44:52,423] {dagbag.py:487} INFO - Filling up the DagBag from /home/encrypted/abaceti/.virtualenvs/pumpwood-airflow-images/lib/python3.6/site-packages/airflow/example_dags/example_nested_branch_dag.py
[2021-06-07 18:44:52,431] {scheduler_job.py:643} INFO - DAG(s) dict_keys(['example_nested_branch_dag']) retrieved from /home/encrypted/abaceti/.virtualenvs/pumpwood-airflow-images/lib/python3.6/site-packages/airflow/example_dags/example_nested_branch_dag.py
[2021-06-07 18:44:52,445] {logging_mixin.py:104} INFO - [2021-06-07 18:44:52,445] {dag.py:1832} INFO - Sync 1 DAGs
[2021-06-07 18:44:52,453] {logging_mixin.py:104} INFO - [2021-06-07 18:44:52,453] {dag.py:2305} INFO - Setting next_dagrun for example_nested_branch_dag to 2021-06-05 00:00:00+00:00
[2021-06-07 18:44:52,458] {scheduler_job.py:190} INFO - Processing /home/encrypted/abaceti/.virtualenvs/pumpwood-airflow-images/lib/python3.6/site-packages/airflow/example_dags/example_nested_branch_dag.py took 0.037 seconds
[2021-06-07 18:45:23,405] {scheduler_job.py:182} INFO - Started process (PID=7646) to work on /home/encrypted/abaceti/.virtualenvs/pumpwood-airflow-images/lib/python3.6/site-packages/airflow/example_dags/example_nested_branch_dag.py
[2021-06-07 18:45:23,405] {scheduler_job.py:633} INFO - Processing file /home/encrypted/abaceti/.virtualenvs/pumpwood-airflow-images/lib/python3.6/site-packages/airflow/example_dags/example_nested_branch_dag.py for tasks to queue
[2021-06-07 18:45:23,406] {logging_mixin.py:104} INFO - [2021-06-07 18:45:23,406] {dagbag.py:487} INFO - Filling up the DagBag from /home/encrypted/abaceti/.virtualenvs/pumpwood-airflow-images/lib/python3.6/site-packages/airflow/example_dags/example_nested_branch_dag.py
[2021-06-07 18:45:23,412] {scheduler_job.py:643} INFO - DAG(s) dict_keys(['example_nested_branch_dag']) retrieved from /home/encrypted/abaceti/.virtualenvs/pumpwood-airflow-images/lib/python3.6/site-packages/airflow/example_dags/example_nested_branch_dag.py
[2021-06-07 18:45:23,426] {logging_mixin.py:104} INFO - [2021-06-07 18:45:23,426] {dag.py:1832} INFO - Sync 1 DAGs
[2021-06-07 18:45:23,436] {logging_mixin.py:104} INFO - [2021-06-07 18:45:23,436] {dag.py:2305} INFO - Setting next_dagrun for example_nested_branch_dag to 2021-06-05 00:00:00+00:00
[2021-06-07 18:45:23,441] {scheduler_job.py:190} INFO - Processing /home/encrypted/abaceti/.virtualenvs/pumpwood-airflow-images/lib/python3.6/site-packages/airflow/example_dags/example_nested_branch_dag.py took 0.038 seconds
[2021-06-07 18:45:53,533] {scheduler_job.py:182} INFO - Started process (PID=7816) to work on /home/encrypted/abaceti/.virtualenvs/pumpwood-airflow-images/lib/python3.6/site-packages/airflow/example_dags/example_nested_branch_dag.py
[2021-06-07 18:45:53,533] {scheduler_job.py:633} INFO - Processing file /home/encrypted/abaceti/.virtualenvs/pumpwood-airflow-images/lib/python3.6/site-packages/airflow/example_dags/example_nested_branch_dag.py for tasks to queue
[2021-06-07 18:45:53,533] {logging_mixin.py:104} INFO - [2021-06-07 18:45:53,533] {dagbag.py:487} INFO - Filling up the DagBag from /home/encrypted/abaceti/.virtualenvs/pumpwood-airflow-images/lib/python3.6/site-packages/airflow/example_dags/example_nested_branch_dag.py
[2021-06-07 18:45:53,540] {scheduler_job.py:643} INFO - DAG(s) dict_keys(['example_nested_branch_dag']) retrieved from /home/encrypted/abaceti/.virtualenvs/pumpwood-airflow-images/lib/python3.6/site-packages/airflow/example_dags/example_nested_branch_dag.py
[2021-06-07 18:45:53,555] {logging_mixin.py:104} INFO - [2021-06-07 18:45:53,555] {dag.py:1832} INFO - Sync 1 DAGs
[2021-06-07 18:45:53,564] {logging_mixin.py:104} INFO - [2021-06-07 18:45:53,564] {dag.py:2305} INFO - Setting next_dagrun for example_nested_branch_dag to 2021-06-05 00:00:00+00:00
[2021-06-07 18:45:53,569] {scheduler_job.py:190} INFO - Processing /home/encrypted/abaceti/.virtualenvs/pumpwood-airflow-images/lib/python3.6/site-packages/airflow/example_dags/example_nested_branch_dag.py took 0.038 seconds
[2021-06-07 18:46:23,640] {scheduler_job.py:182} INFO - Started process (PID=7934) to work on /home/encrypted/abaceti/.virtualenvs/pumpwood-airflow-images/lib/python3.6/site-packages/airflow/example_dags/example_nested_branch_dag.py
[2021-06-07 18:46:23,641] {scheduler_job.py:633} INFO - Processing file /home/encrypted/abaceti/.virtualenvs/pumpwood-airflow-images/lib/python3.6/site-packages/airflow/example_dags/example_nested_branch_dag.py for tasks to queue
[2021-06-07 18:46:23,641] {logging_mixin.py:104} INFO - [2021-06-07 18:46:23,641] {dagbag.py:487} INFO - Filling up the DagBag from /home/encrypted/abaceti/.virtualenvs/pumpwood-airflow-images/lib/python3.6/site-packages/airflow/example_dags/example_nested_branch_dag.py
[2021-06-07 18:46:23,648] {scheduler_job.py:643} INFO - DAG(s) dict_keys(['example_nested_branch_dag']) retrieved from /home/encrypted/abaceti/.virtualenvs/pumpwood-airflow-images/lib/python3.6/site-packages/airflow/example_dags/example_nested_branch_dag.py
[2021-06-07 18:46:23,662] {logging_mixin.py:104} INFO - [2021-06-07 18:46:23,662] {dag.py:1832} INFO - Sync 1 DAGs
[2021-06-07 18:46:23,672] {logging_mixin.py:104} INFO - [2021-06-07 18:46:23,672] {dag.py:2305} INFO - Setting next_dagrun for example_nested_branch_dag to 2021-06-05 00:00:00+00:00
[2021-06-07 18:46:23,678] {scheduler_job.py:190} INFO - Processing /home/encrypted/abaceti/.virtualenvs/pumpwood-airflow-images/lib/python3.6/site-packages/airflow/example_dags/example_nested_branch_dag.py took 0.039 seconds
[2021-06-07 18:46:53,796] {scheduler_job.py:182} INFO - Started process (PID=8123) to work on /home/encrypted/abaceti/.virtualenvs/pumpwood-airflow-images/lib/python3.6/site-packages/airflow/example_dags/example_nested_branch_dag.py
[2021-06-07 18:46:53,796] {scheduler_job.py:633} INFO - Processing file /home/encrypted/abaceti/.virtualenvs/pumpwood-airflow-images/lib/python3.6/site-packages/airflow/example_dags/example_nested_branch_dag.py for tasks to queue
[2021-06-07 18:46:53,796] {logging_mixin.py:104} INFO - [2021-06-07 18:46:53,796] {dagbag.py:487} INFO - Filling up the DagBag from /home/encrypted/abaceti/.virtualenvs/pumpwood-airflow-images/lib/python3.6/site-packages/airflow/example_dags/example_nested_branch_dag.py
[2021-06-07 18:46:53,803] {scheduler_job.py:643} INFO - DAG(s) dict_keys(['example_nested_branch_dag']) retrieved from /home/encrypted/abaceti/.virtualenvs/pumpwood-airflow-images/lib/python3.6/site-packages/airflow/example_dags/example_nested_branch_dag.py
[2021-06-07 18:46:53,818] {logging_mixin.py:104} INFO - [2021-06-07 18:46:53,818] {dag.py:1832} INFO - Sync 1 DAGs
[2021-06-07 18:46:53,828] {logging_mixin.py:104} INFO - [2021-06-07 18:46:53,828] {dag.py:2305} INFO - Setting next_dagrun for example_nested_branch_dag to 2021-06-05 00:00:00+00:00
[2021-06-07 18:46:53,834] {scheduler_job.py:190} INFO - Processing /home/encrypted/abaceti/.virtualenvs/pumpwood-airflow-images/lib/python3.6/site-packages/airflow/example_dags/example_nested_branch_dag.py took 0.040 seconds
[2021-06-07 18:47:23,985] {scheduler_job.py:182} INFO - Started process (PID=8259) to work on /home/encrypted/abaceti/.virtualenvs/pumpwood-airflow-images/lib/python3.6/site-packages/airflow/example_dags/example_nested_branch_dag.py
[2021-06-07 18:47:23,985] {scheduler_job.py:633} INFO - Processing file /home/encrypted/abaceti/.virtualenvs/pumpwood-airflow-images/lib/python3.6/site-packages/airflow/example_dags/example_nested_branch_dag.py for tasks to queue
[2021-06-07 18:47:23,986] {logging_mixin.py:104} INFO - [2021-06-07 18:47:23,986] {dagbag.py:487} INFO - Filling up the DagBag from /home/encrypted/abaceti/.virtualenvs/pumpwood-airflow-images/lib/python3.6/site-packages/airflow/example_dags/example_nested_branch_dag.py
[2021-06-07 18:47:23,994] {scheduler_job.py:643} INFO - DAG(s) dict_keys(['example_nested_branch_dag']) retrieved from /home/encrypted/abaceti/.virtualenvs/pumpwood-airflow-images/lib/python3.6/site-packages/airflow/example_dags/example_nested_branch_dag.py
[2021-06-07 18:47:24,008] {logging_mixin.py:104} INFO - [2021-06-07 18:47:24,008] {dag.py:1832} INFO - Sync 1 DAGs
[2021-06-07 18:47:24,018] {logging_mixin.py:104} INFO - [2021-06-07 18:47:24,018] {dag.py:2305} INFO - Setting next_dagrun for example_nested_branch_dag to 2021-06-05 00:00:00+00:00
[2021-06-07 18:47:24,024] {scheduler_job.py:190} INFO - Processing /home/encrypted/abaceti/.virtualenvs/pumpwood-airflow-images/lib/python3.6/site-packages/airflow/example_dags/example_nested_branch_dag.py took 0.040 seconds
[2021-06-07 18:47:54,181] {scheduler_job.py:182} INFO - Started process (PID=8480) to work on /home/encrypted/abaceti/.virtualenvs/pumpwood-airflow-images/lib/python3.6/site-packages/airflow/example_dags/example_nested_branch_dag.py
[2021-06-07 18:47:54,182] {scheduler_job.py:633} INFO - Processing file /home/encrypted/abaceti/.virtualenvs/pumpwood-airflow-images/lib/python3.6/site-packages/airflow/example_dags/example_nested_branch_dag.py for tasks to queue
[2021-06-07 18:47:54,182] {logging_mixin.py:104} INFO - [2021-06-07 18:47:54,182] {dagbag.py:487} INFO - Filling up the DagBag from /home/encrypted/abaceti/.virtualenvs/pumpwood-airflow-images/lib/python3.6/site-packages/airflow/example_dags/example_nested_branch_dag.py
[2021-06-07 18:47:54,189] {scheduler_job.py:643} INFO - DAG(s) dict_keys(['example_nested_branch_dag']) retrieved from /home/encrypted/abaceti/.virtualenvs/pumpwood-airflow-images/lib/python3.6/site-packages/airflow/example_dags/example_nested_branch_dag.py
[2021-06-07 18:47:54,203] {logging_mixin.py:104} INFO - [2021-06-07 18:47:54,203] {dag.py:1832} INFO - Sync 1 DAGs
[2021-06-07 18:47:54,212] {logging_mixin.py:104} INFO - [2021-06-07 18:47:54,212] {dag.py:2305} INFO - Setting next_dagrun for example_nested_branch_dag to 2021-06-05 00:00:00+00:00
[2021-06-07 18:47:54,217] {scheduler_job.py:190} INFO - Processing /home/encrypted/abaceti/.virtualenvs/pumpwood-airflow-images/lib/python3.6/site-packages/airflow/example_dags/example_nested_branch_dag.py took 0.037 seconds
[2021-06-07 18:48:24,393] {scheduler_job.py:182} INFO - Started process (PID=8696) to work on /home/encrypted/abaceti/.virtualenvs/pumpwood-airflow-images/lib/python3.6/site-packages/airflow/example_dags/example_nested_branch_dag.py
[2021-06-07 18:48:24,394] {scheduler_job.py:633} INFO - Processing file /home/encrypted/abaceti/.virtualenvs/pumpwood-airflow-images/lib/python3.6/site-packages/airflow/example_dags/example_nested_branch_dag.py for tasks to queue
[2021-06-07 18:48:24,394] {logging_mixin.py:104} INFO - [2021-06-07 18:48:24,394] {dagbag.py:487} INFO - Filling up the DagBag from /home/encrypted/abaceti/.virtualenvs/pumpwood-airflow-images/lib/python3.6/site-packages/airflow/example_dags/example_nested_branch_dag.py
[2021-06-07 18:48:24,401] {scheduler_job.py:643} INFO - DAG(s) dict_keys(['example_nested_branch_dag']) retrieved from /home/encrypted/abaceti/.virtualenvs/pumpwood-airflow-images/lib/python3.6/site-packages/airflow/example_dags/example_nested_branch_dag.py
[2021-06-07 18:48:24,416] {logging_mixin.py:104} INFO - [2021-06-07 18:48:24,416] {dag.py:1832} INFO - Sync 1 DAGs
[2021-06-07 18:48:24,427] {logging_mixin.py:104} INFO - [2021-06-07 18:48:24,427] {dag.py:2305} INFO - Setting next_dagrun for example_nested_branch_dag to 2021-06-05 00:00:00+00:00
[2021-06-07 18:48:24,432] {scheduler_job.py:190} INFO - Processing /home/encrypted/abaceti/.virtualenvs/pumpwood-airflow-images/lib/python3.6/site-packages/airflow/example_dags/example_nested_branch_dag.py took 0.041 seconds
[2021-06-07 18:48:49,606] {scheduler_job.py:182} INFO - Started process (PID=8887) to work on /home/encrypted/abaceti/.virtualenvs/pumpwood-airflow-images/lib/python3.6/site-packages/airflow/example_dags/example_nested_branch_dag.py
[2021-06-07 18:48:49,606] {scheduler_job.py:633} INFO - Processing file /home/encrypted/abaceti/.virtualenvs/pumpwood-airflow-images/lib/python3.6/site-packages/airflow/example_dags/example_nested_branch_dag.py for tasks to queue
[2021-06-07 18:48:49,606] {logging_mixin.py:104} INFO - [2021-06-07 18:48:49,606] {dagbag.py:487} INFO - Filling up the DagBag from /home/encrypted/abaceti/.virtualenvs/pumpwood-airflow-images/lib/python3.6/site-packages/airflow/example_dags/example_nested_branch_dag.py
[2021-06-07 18:48:49,613] {scheduler_job.py:643} INFO - DAG(s) dict_keys(['example_nested_branch_dag']) retrieved from /home/encrypted/abaceti/.virtualenvs/pumpwood-airflow-images/lib/python3.6/site-packages/airflow/example_dags/example_nested_branch_dag.py
[2021-06-07 18:48:49,627] {logging_mixin.py:104} INFO - [2021-06-07 18:48:49,627] {dag.py:1832} INFO - Sync 1 DAGs
[2021-06-07 18:48:49,636] {logging_mixin.py:104} INFO - [2021-06-07 18:48:49,636] {dag.py:2305} INFO - Setting next_dagrun for example_nested_branch_dag to 2021-06-05 00:00:00+00:00
[2021-06-07 18:48:49,642] {scheduler_job.py:190} INFO - Processing /home/encrypted/abaceti/.virtualenvs/pumpwood-airflow-images/lib/python3.6/site-packages/airflow/example_dags/example_nested_branch_dag.py took 0.038 seconds
[2021-06-07 18:49:20,693] {scheduler_job.py:182} INFO - Started process (PID=9014) to work on /home/encrypted/abaceti/.virtualenvs/pumpwood-airflow-images/lib/python3.6/site-packages/airflow/example_dags/example_nested_branch_dag.py
[2021-06-07 18:49:20,693] {scheduler_job.py:633} INFO - Processing file /home/encrypted/abaceti/.virtualenvs/pumpwood-airflow-images/lib/python3.6/site-packages/airflow/example_dags/example_nested_branch_dag.py for tasks to queue
[2021-06-07 18:49:20,693] {logging_mixin.py:104} INFO - [2021-06-07 18:49:20,693] {dagbag.py:487} INFO - Filling up the DagBag from /home/encrypted/abaceti/.virtualenvs/pumpwood-airflow-images/lib/python3.6/site-packages/airflow/example_dags/example_nested_branch_dag.py
[2021-06-07 18:49:20,700] {scheduler_job.py:643} INFO - DAG(s) dict_keys(['example_nested_branch_dag']) retrieved from /home/encrypted/abaceti/.virtualenvs/pumpwood-airflow-images/lib/python3.6/site-packages/airflow/example_dags/example_nested_branch_dag.py
[2021-06-07 18:49:20,715] {logging_mixin.py:104} INFO - [2021-06-07 18:49:20,715] {dag.py:1832} INFO - Sync 1 DAGs
[2021-06-07 18:49:20,725] {logging_mixin.py:104} INFO - [2021-06-07 18:49:20,724] {dag.py:2305} INFO - Setting next_dagrun for example_nested_branch_dag to 2021-06-05 00:00:00+00:00
[2021-06-07 18:49:20,730] {scheduler_job.py:190} INFO - Processing /home/encrypted/abaceti/.virtualenvs/pumpwood-airflow-images/lib/python3.6/site-packages/airflow/example_dags/example_nested_branch_dag.py took 0.039 seconds
[2021-06-07 18:49:50,956] {scheduler_job.py:182} INFO - Started process (PID=9191) to work on /home/encrypted/abaceti/.virtualenvs/pumpwood-airflow-images/lib/python3.6/site-packages/airflow/example_dags/example_nested_branch_dag.py
[2021-06-07 18:49:50,957] {scheduler_job.py:633} INFO - Processing file /home/encrypted/abaceti/.virtualenvs/pumpwood-airflow-images/lib/python3.6/site-packages/airflow/example_dags/example_nested_branch_dag.py for tasks to queue
[2021-06-07 18:49:50,957] {logging_mixin.py:104} INFO - [2021-06-07 18:49:50,957] {dagbag.py:487} INFO - Filling up the DagBag from /home/encrypted/abaceti/.virtualenvs/pumpwood-airflow-images/lib/python3.6/site-packages/airflow/example_dags/example_nested_branch_dag.py
[2021-06-07 18:49:50,965] {scheduler_job.py:643} INFO - DAG(s) dict_keys(['example_nested_branch_dag']) retrieved from /home/encrypted/abaceti/.virtualenvs/pumpwood-airflow-images/lib/python3.6/site-packages/airflow/example_dags/example_nested_branch_dag.py
[2021-06-07 18:49:50,979] {logging_mixin.py:104} INFO - [2021-06-07 18:49:50,979] {dag.py:1832} INFO - Sync 1 DAGs
[2021-06-07 18:49:50,989] {logging_mixin.py:104} INFO - [2021-06-07 18:49:50,989] {dag.py:2305} INFO - Setting next_dagrun for example_nested_branch_dag to 2021-06-05 00:00:00+00:00
[2021-06-07 18:49:50,994] {scheduler_job.py:190} INFO - Processing /home/encrypted/abaceti/.virtualenvs/pumpwood-airflow-images/lib/python3.6/site-packages/airflow/example_dags/example_nested_branch_dag.py took 0.039 seconds
[2021-06-07 18:50:21,184] {scheduler_job.py:182} INFO - Started process (PID=9431) to work on /home/encrypted/abaceti/.virtualenvs/pumpwood-airflow-images/lib/python3.6/site-packages/airflow/example_dags/example_nested_branch_dag.py
[2021-06-07 18:50:21,185] {scheduler_job.py:633} INFO - Processing file /home/encrypted/abaceti/.virtualenvs/pumpwood-airflow-images/lib/python3.6/site-packages/airflow/example_dags/example_nested_branch_dag.py for tasks to queue
[2021-06-07 18:50:21,185] {logging_mixin.py:104} INFO - [2021-06-07 18:50:21,185] {dagbag.py:487} INFO - Filling up the DagBag from /home/encrypted/abaceti/.virtualenvs/pumpwood-airflow-images/lib/python3.6/site-packages/airflow/example_dags/example_nested_branch_dag.py
[2021-06-07 18:50:21,192] {scheduler_job.py:643} INFO - DAG(s) dict_keys(['example_nested_branch_dag']) retrieved from /home/encrypted/abaceti/.virtualenvs/pumpwood-airflow-images/lib/python3.6/site-packages/airflow/example_dags/example_nested_branch_dag.py
[2021-06-07 18:50:21,206] {logging_mixin.py:104} INFO - [2021-06-07 18:50:21,206] {dag.py:1832} INFO - Sync 1 DAGs
[2021-06-07 18:50:21,215] {logging_mixin.py:104} INFO - [2021-06-07 18:50:21,215] {dag.py:2305} INFO - Setting next_dagrun for example_nested_branch_dag to 2021-06-05 00:00:00+00:00
[2021-06-07 18:50:21,221] {scheduler_job.py:190} INFO - Processing /home/encrypted/abaceti/.virtualenvs/pumpwood-airflow-images/lib/python3.6/site-packages/airflow/example_dags/example_nested_branch_dag.py took 0.038 seconds
[2021-06-07 18:50:51,462] {scheduler_job.py:182} INFO - Started process (PID=9589) to work on /home/encrypted/abaceti/.virtualenvs/pumpwood-airflow-images/lib/python3.6/site-packages/airflow/example_dags/example_nested_branch_dag.py
[2021-06-07 18:50:51,462] {scheduler_job.py:633} INFO - Processing file /home/encrypted/abaceti/.virtualenvs/pumpwood-airflow-images/lib/python3.6/site-packages/airflow/example_dags/example_nested_branch_dag.py for tasks to queue
[2021-06-07 18:50:51,463] {logging_mixin.py:104} INFO - [2021-06-07 18:50:51,463] {dagbag.py:487} INFO - Filling up the DagBag from /home/encrypted/abaceti/.virtualenvs/pumpwood-airflow-images/lib/python3.6/site-packages/airflow/example_dags/example_nested_branch_dag.py
[2021-06-07 18:50:51,471] {scheduler_job.py:643} INFO - DAG(s) dict_keys(['example_nested_branch_dag']) retrieved from /home/encrypted/abaceti/.virtualenvs/pumpwood-airflow-images/lib/python3.6/site-packages/airflow/example_dags/example_nested_branch_dag.py
[2021-06-07 18:50:51,486] {logging_mixin.py:104} INFO - [2021-06-07 18:50:51,486] {dag.py:1832} INFO - Sync 1 DAGs
[2021-06-07 18:50:51,496] {logging_mixin.py:104} INFO - [2021-06-07 18:50:51,496] {dag.py:2305} INFO - Setting next_dagrun for example_nested_branch_dag to 2021-06-05 00:00:00+00:00
[2021-06-07 18:50:51,502] {scheduler_job.py:190} INFO - Processing /home/encrypted/abaceti/.virtualenvs/pumpwood-airflow-images/lib/python3.6/site-packages/airflow/example_dags/example_nested_branch_dag.py took 0.041 seconds
[2021-06-07 18:51:21,541] {scheduler_job.py:182} INFO - Started process (PID=9704) to work on /home/encrypted/abaceti/.virtualenvs/pumpwood-airflow-images/lib/python3.6/site-packages/airflow/example_dags/example_nested_branch_dag.py
[2021-06-07 18:51:21,541] {scheduler_job.py:633} INFO - Processing file /home/encrypted/abaceti/.virtualenvs/pumpwood-airflow-images/lib/python3.6/site-packages/airflow/example_dags/example_nested_branch_dag.py for tasks to queue
[2021-06-07 18:51:21,542] {logging_mixin.py:104} INFO - [2021-06-07 18:51:21,542] {dagbag.py:487} INFO - Filling up the DagBag from /home/encrypted/abaceti/.virtualenvs/pumpwood-airflow-images/lib/python3.6/site-packages/airflow/example_dags/example_nested_branch_dag.py
[2021-06-07 18:51:21,549] {scheduler_job.py:643} INFO - DAG(s) dict_keys(['example_nested_branch_dag']) retrieved from /home/encrypted/abaceti/.virtualenvs/pumpwood-airflow-images/lib/python3.6/site-packages/airflow/example_dags/example_nested_branch_dag.py
[2021-06-07 18:51:21,564] {logging_mixin.py:104} INFO - [2021-06-07 18:51:21,564] {dag.py:1832} INFO - Sync 1 DAGs
[2021-06-07 18:51:21,573] {logging_mixin.py:104} INFO - [2021-06-07 18:51:21,573] {dag.py:2305} INFO - Setting next_dagrun for example_nested_branch_dag to 2021-06-05 00:00:00+00:00
[2021-06-07 18:51:21,579] {scheduler_job.py:190} INFO - Processing /home/encrypted/abaceti/.virtualenvs/pumpwood-airflow-images/lib/python3.6/site-packages/airflow/example_dags/example_nested_branch_dag.py took 0.040 seconds
[2021-06-07 18:51:51,702] {scheduler_job.py:182} INFO - Started process (PID=9870) to work on /home/encrypted/abaceti/.virtualenvs/pumpwood-airflow-images/lib/python3.6/site-packages/airflow/example_dags/example_nested_branch_dag.py
[2021-06-07 18:51:51,703] {scheduler_job.py:633} INFO - Processing file /home/encrypted/abaceti/.virtualenvs/pumpwood-airflow-images/lib/python3.6/site-packages/airflow/example_dags/example_nested_branch_dag.py for tasks to queue
[2021-06-07 18:51:51,703] {logging_mixin.py:104} INFO - [2021-06-07 18:51:51,703] {dagbag.py:487} INFO - Filling up the DagBag from /home/encrypted/abaceti/.virtualenvs/pumpwood-airflow-images/lib/python3.6/site-packages/airflow/example_dags/example_nested_branch_dag.py
[2021-06-07 18:51:51,710] {scheduler_job.py:643} INFO - DAG(s) dict_keys(['example_nested_branch_dag']) retrieved from /home/encrypted/abaceti/.virtualenvs/pumpwood-airflow-images/lib/python3.6/site-packages/airflow/example_dags/example_nested_branch_dag.py
[2021-06-07 18:51:51,725] {logging_mixin.py:104} INFO - [2021-06-07 18:51:51,725] {dag.py:1832} INFO - Sync 1 DAGs
[2021-06-07 18:51:51,734] {logging_mixin.py:104} INFO - [2021-06-07 18:51:51,734] {dag.py:2305} INFO - Setting next_dagrun for example_nested_branch_dag to 2021-06-05 00:00:00+00:00
[2021-06-07 18:51:51,740] {scheduler_job.py:190} INFO - Processing /home/encrypted/abaceti/.virtualenvs/pumpwood-airflow-images/lib/python3.6/site-packages/airflow/example_dags/example_nested_branch_dag.py took 0.039 seconds
[2021-06-07 18:52:21,945] {scheduler_job.py:182} INFO - Started process (PID=9991) to work on /home/encrypted/abaceti/.virtualenvs/pumpwood-airflow-images/lib/python3.6/site-packages/airflow/example_dags/example_nested_branch_dag.py
[2021-06-07 18:52:21,946] {scheduler_job.py:633} INFO - Processing file /home/encrypted/abaceti/.virtualenvs/pumpwood-airflow-images/lib/python3.6/site-packages/airflow/example_dags/example_nested_branch_dag.py for tasks to queue
[2021-06-07 18:52:21,946] {logging_mixin.py:104} INFO - [2021-06-07 18:52:21,946] {dagbag.py:487} INFO - Filling up the DagBag from /home/encrypted/abaceti/.virtualenvs/pumpwood-airflow-images/lib/python3.6/site-packages/airflow/example_dags/example_nested_branch_dag.py
[2021-06-07 18:52:21,953] {scheduler_job.py:643} INFO - DAG(s) dict_keys(['example_nested_branch_dag']) retrieved from /home/encrypted/abaceti/.virtualenvs/pumpwood-airflow-images/lib/python3.6/site-packages/airflow/example_dags/example_nested_branch_dag.py
[2021-06-07 18:52:21,970] {logging_mixin.py:104} INFO - [2021-06-07 18:52:21,969] {dag.py:1832} INFO - Sync 1 DAGs
[2021-06-07 18:52:21,980] {logging_mixin.py:104} INFO - [2021-06-07 18:52:21,980] {dag.py:2305} INFO - Setting next_dagrun for example_nested_branch_dag to 2021-06-05 00:00:00+00:00
[2021-06-07 18:52:21,986] {scheduler_job.py:190} INFO - Processing /home/encrypted/abaceti/.virtualenvs/pumpwood-airflow-images/lib/python3.6/site-packages/airflow/example_dags/example_nested_branch_dag.py took 0.042 seconds
[2021-06-07 18:52:53,124] {scheduler_job.py:182} INFO - Started process (PID=10801) to work on /home/encrypted/abaceti/.virtualenvs/pumpwood-airflow-images/lib/python3.6/site-packages/airflow/example_dags/example_nested_branch_dag.py
[2021-06-07 18:52:53,125] {scheduler_job.py:633} INFO - Processing file /home/encrypted/abaceti/.virtualenvs/pumpwood-airflow-images/lib/python3.6/site-packages/airflow/example_dags/example_nested_branch_dag.py for tasks to queue
[2021-06-07 18:52:53,125] {logging_mixin.py:104} INFO - [2021-06-07 18:52:53,125] {dagbag.py:487} INFO - Filling up the DagBag from /home/encrypted/abaceti/.virtualenvs/pumpwood-airflow-images/lib/python3.6/site-packages/airflow/example_dags/example_nested_branch_dag.py
[2021-06-07 18:52:53,132] {scheduler_job.py:643} INFO - DAG(s) dict_keys(['example_nested_branch_dag']) retrieved from /home/encrypted/abaceti/.virtualenvs/pumpwood-airflow-images/lib/python3.6/site-packages/airflow/example_dags/example_nested_branch_dag.py
[2021-06-07 18:52:53,146] {logging_mixin.py:104} INFO - [2021-06-07 18:52:53,146] {dag.py:1832} INFO - Sync 1 DAGs
[2021-06-07 18:52:53,156] {logging_mixin.py:104} INFO - [2021-06-07 18:52:53,156] {dag.py:2305} INFO - Setting next_dagrun for example_nested_branch_dag to 2021-06-05 00:00:00+00:00
[2021-06-07 18:52:53,162] {scheduler_job.py:190} INFO - Processing /home/encrypted/abaceti/.virtualenvs/pumpwood-airflow-images/lib/python3.6/site-packages/airflow/example_dags/example_nested_branch_dag.py took 0.039 seconds
[2021-06-07 18:53:23,337] {scheduler_job.py:182} INFO - Started process (PID=11127) to work on /home/encrypted/abaceti/.virtualenvs/pumpwood-airflow-images/lib/python3.6/site-packages/airflow/example_dags/example_nested_branch_dag.py
[2021-06-07 18:53:23,337] {scheduler_job.py:633} INFO - Processing file /home/encrypted/abaceti/.virtualenvs/pumpwood-airflow-images/lib/python3.6/site-packages/airflow/example_dags/example_nested_branch_dag.py for tasks to queue
[2021-06-07 18:53:23,338] {logging_mixin.py:104} INFO - [2021-06-07 18:53:23,337] {dagbag.py:487} INFO - Filling up the DagBag from /home/encrypted/abaceti/.virtualenvs/pumpwood-airflow-images/lib/python3.6/site-packages/airflow/example_dags/example_nested_branch_dag.py
[2021-06-07 18:53:23,345] {scheduler_job.py:643} INFO - DAG(s) dict_keys(['example_nested_branch_dag']) retrieved from /home/encrypted/abaceti/.virtualenvs/pumpwood-airflow-images/lib/python3.6/site-packages/airflow/example_dags/example_nested_branch_dag.py
[2021-06-07 18:53:23,361] {logging_mixin.py:104} INFO - [2021-06-07 18:53:23,361] {dag.py:1832} INFO - Sync 1 DAGs
[2021-06-07 18:53:23,370] {logging_mixin.py:104} INFO - [2021-06-07 18:53:23,370] {dag.py:2305} INFO - Setting next_dagrun for example_nested_branch_dag to 2021-06-05 00:00:00+00:00
[2021-06-07 18:53:23,377] {scheduler_job.py:190} INFO - Processing /home/encrypted/abaceti/.virtualenvs/pumpwood-airflow-images/lib/python3.6/site-packages/airflow/example_dags/example_nested_branch_dag.py took 0.042 seconds
[2021-06-07 18:53:53,550] {scheduler_job.py:182} INFO - Started process (PID=11513) to work on /home/encrypted/abaceti/.virtualenvs/pumpwood-airflow-images/lib/python3.6/site-packages/airflow/example_dags/example_nested_branch_dag.py
[2021-06-07 18:53:53,550] {scheduler_job.py:633} INFO - Processing file /home/encrypted/abaceti/.virtualenvs/pumpwood-airflow-images/lib/python3.6/site-packages/airflow/example_dags/example_nested_branch_dag.py for tasks to queue
[2021-06-07 18:53:53,550] {logging_mixin.py:104} INFO - [2021-06-07 18:53:53,550] {dagbag.py:487} INFO - Filling up the DagBag from /home/encrypted/abaceti/.virtualenvs/pumpwood-airflow-images/lib/python3.6/site-packages/airflow/example_dags/example_nested_branch_dag.py
[2021-06-07 18:53:53,557] {scheduler_job.py:643} INFO - DAG(s) dict_keys(['example_nested_branch_dag']) retrieved from /home/encrypted/abaceti/.virtualenvs/pumpwood-airflow-images/lib/python3.6/site-packages/airflow/example_dags/example_nested_branch_dag.py
[2021-06-07 18:53:53,573] {logging_mixin.py:104} INFO - [2021-06-07 18:53:53,573] {dag.py:1832} INFO - Sync 1 DAGs
[2021-06-07 18:53:53,583] {logging_mixin.py:104} INFO - [2021-06-07 18:53:53,583] {dag.py:2305} INFO - Setting next_dagrun for example_nested_branch_dag to 2021-06-05 00:00:00+00:00
[2021-06-07 18:53:53,590] {scheduler_job.py:190} INFO - Processing /home/encrypted/abaceti/.virtualenvs/pumpwood-airflow-images/lib/python3.6/site-packages/airflow/example_dags/example_nested_branch_dag.py took 0.042 seconds
[2021-06-07 18:54:24,677] {scheduler_job.py:182} INFO - Started process (PID=11922) to work on /home/encrypted/abaceti/.virtualenvs/pumpwood-airflow-images/lib/python3.6/site-packages/airflow/example_dags/example_nested_branch_dag.py
[2021-06-07 18:54:24,677] {scheduler_job.py:633} INFO - Processing file /home/encrypted/abaceti/.virtualenvs/pumpwood-airflow-images/lib/python3.6/site-packages/airflow/example_dags/example_nested_branch_dag.py for tasks to queue
[2021-06-07 18:54:24,678] {logging_mixin.py:104} INFO - [2021-06-07 18:54:24,678] {dagbag.py:487} INFO - Filling up the DagBag from /home/encrypted/abaceti/.virtualenvs/pumpwood-airflow-images/lib/python3.6/site-packages/airflow/example_dags/example_nested_branch_dag.py
[2021-06-07 18:54:24,685] {scheduler_job.py:643} INFO - DAG(s) dict_keys(['example_nested_branch_dag']) retrieved from /home/encrypted/abaceti/.virtualenvs/pumpwood-airflow-images/lib/python3.6/site-packages/airflow/example_dags/example_nested_branch_dag.py
[2021-06-07 18:54:24,700] {logging_mixin.py:104} INFO - [2021-06-07 18:54:24,700] {dag.py:1832} INFO - Sync 1 DAGs
[2021-06-07 18:54:24,710] {logging_mixin.py:104} INFO - [2021-06-07 18:54:24,710] {dag.py:2305} INFO - Setting next_dagrun for example_nested_branch_dag to 2021-06-05 00:00:00+00:00
[2021-06-07 18:54:24,715] {scheduler_job.py:190} INFO - Processing /home/encrypted/abaceti/.virtualenvs/pumpwood-airflow-images/lib/python3.6/site-packages/airflow/example_dags/example_nested_branch_dag.py took 0.039 seconds
[2021-06-07 18:54:54,848] {scheduler_job.py:182} INFO - Started process (PID=12137) to work on /home/encrypted/abaceti/.virtualenvs/pumpwood-airflow-images/lib/python3.6/site-packages/airflow/example_dags/example_nested_branch_dag.py
[2021-06-07 18:54:54,849] {scheduler_job.py:633} INFO - Processing file /home/encrypted/abaceti/.virtualenvs/pumpwood-airflow-images/lib/python3.6/site-packages/airflow/example_dags/example_nested_branch_dag.py for tasks to queue
[2021-06-07 18:54:54,849] {logging_mixin.py:104} INFO - [2021-06-07 18:54:54,849] {dagbag.py:487} INFO - Filling up the DagBag from /home/encrypted/abaceti/.virtualenvs/pumpwood-airflow-images/lib/python3.6/site-packages/airflow/example_dags/example_nested_branch_dag.py
[2021-06-07 18:54:54,856] {scheduler_job.py:643} INFO - DAG(s) dict_keys(['example_nested_branch_dag']) retrieved from /home/encrypted/abaceti/.virtualenvs/pumpwood-airflow-images/lib/python3.6/site-packages/airflow/example_dags/example_nested_branch_dag.py
[2021-06-07 18:54:54,870] {logging_mixin.py:104} INFO - [2021-06-07 18:54:54,870] {dag.py:1832} INFO - Sync 1 DAGs
[2021-06-07 18:54:54,880] {logging_mixin.py:104} INFO - [2021-06-07 18:54:54,880] {dag.py:2305} INFO - Setting next_dagrun for example_nested_branch_dag to 2021-06-05 00:00:00+00:00
[2021-06-07 18:54:54,885] {scheduler_job.py:190} INFO - Processing /home/encrypted/abaceti/.virtualenvs/pumpwood-airflow-images/lib/python3.6/site-packages/airflow/example_dags/example_nested_branch_dag.py took 0.039 seconds
[2021-06-07 18:55:24,930] {scheduler_job.py:182} INFO - Started process (PID=12310) to work on /home/encrypted/abaceti/.virtualenvs/pumpwood-airflow-images/lib/python3.6/site-packages/airflow/example_dags/example_nested_branch_dag.py
[2021-06-07 18:55:24,930] {scheduler_job.py:633} INFO - Processing file /home/encrypted/abaceti/.virtualenvs/pumpwood-airflow-images/lib/python3.6/site-packages/airflow/example_dags/example_nested_branch_dag.py for tasks to queue
[2021-06-07 18:55:24,930] {logging_mixin.py:104} INFO - [2021-06-07 18:55:24,930] {dagbag.py:487} INFO - Filling up the DagBag from /home/encrypted/abaceti/.virtualenvs/pumpwood-airflow-images/lib/python3.6/site-packages/airflow/example_dags/example_nested_branch_dag.py
[2021-06-07 18:55:24,938] {scheduler_job.py:643} INFO - DAG(s) dict_keys(['example_nested_branch_dag']) retrieved from /home/encrypted/abaceti/.virtualenvs/pumpwood-airflow-images/lib/python3.6/site-packages/airflow/example_dags/example_nested_branch_dag.py
[2021-06-07 18:55:24,952] {logging_mixin.py:104} INFO - [2021-06-07 18:55:24,952] {dag.py:1832} INFO - Sync 1 DAGs
[2021-06-07 18:55:24,962] {logging_mixin.py:104} INFO - [2021-06-07 18:55:24,961] {dag.py:2305} INFO - Setting next_dagrun for example_nested_branch_dag to 2021-06-05 00:00:00+00:00
[2021-06-07 18:55:24,969] {scheduler_job.py:190} INFO - Processing /home/encrypted/abaceti/.virtualenvs/pumpwood-airflow-images/lib/python3.6/site-packages/airflow/example_dags/example_nested_branch_dag.py took 0.041 seconds
[2021-06-07 18:55:55,113] {scheduler_job.py:182} INFO - Started process (PID=12533) to work on /home/encrypted/abaceti/.virtualenvs/pumpwood-airflow-images/lib/python3.6/site-packages/airflow/example_dags/example_nested_branch_dag.py
[2021-06-07 18:55:55,114] {scheduler_job.py:633} INFO - Processing file /home/encrypted/abaceti/.virtualenvs/pumpwood-airflow-images/lib/python3.6/site-packages/airflow/example_dags/example_nested_branch_dag.py for tasks to queue
[2021-06-07 18:55:55,114] {logging_mixin.py:104} INFO - [2021-06-07 18:55:55,114] {dagbag.py:487} INFO - Filling up the DagBag from /home/encrypted/abaceti/.virtualenvs/pumpwood-airflow-images/lib/python3.6/site-packages/airflow/example_dags/example_nested_branch_dag.py
[2021-06-07 18:55:55,121] {scheduler_job.py:643} INFO - DAG(s) dict_keys(['example_nested_branch_dag']) retrieved from /home/encrypted/abaceti/.virtualenvs/pumpwood-airflow-images/lib/python3.6/site-packages/airflow/example_dags/example_nested_branch_dag.py
[2021-06-07 18:55:55,136] {logging_mixin.py:104} INFO - [2021-06-07 18:55:55,136] {dag.py:1832} INFO - Sync 1 DAGs
[2021-06-07 18:55:55,147] {logging_mixin.py:104} INFO - [2021-06-07 18:55:55,147] {dag.py:2305} INFO - Setting next_dagrun for example_nested_branch_dag to 2021-06-05 00:00:00+00:00
[2021-06-07 18:55:55,153] {scheduler_job.py:190} INFO - Processing /home/encrypted/abaceti/.virtualenvs/pumpwood-airflow-images/lib/python3.6/site-packages/airflow/example_dags/example_nested_branch_dag.py took 0.041 seconds
[2021-06-07 18:56:25,330] {scheduler_job.py:182} INFO - Started process (PID=12741) to work on /home/encrypted/abaceti/.virtualenvs/pumpwood-airflow-images/lib/python3.6/site-packages/airflow/example_dags/example_nested_branch_dag.py
[2021-06-07 18:56:25,331] {scheduler_job.py:633} INFO - Processing file /home/encrypted/abaceti/.virtualenvs/pumpwood-airflow-images/lib/python3.6/site-packages/airflow/example_dags/example_nested_branch_dag.py for tasks to queue
[2021-06-07 18:56:25,331] {logging_mixin.py:104} INFO - [2021-06-07 18:56:25,331] {dagbag.py:487} INFO - Filling up the DagBag from /home/encrypted/abaceti/.virtualenvs/pumpwood-airflow-images/lib/python3.6/site-packages/airflow/example_dags/example_nested_branch_dag.py
[2021-06-07 18:56:25,338] {scheduler_job.py:643} INFO - DAG(s) dict_keys(['example_nested_branch_dag']) retrieved from /home/encrypted/abaceti/.virtualenvs/pumpwood-airflow-images/lib/python3.6/site-packages/airflow/example_dags/example_nested_branch_dag.py
[2021-06-07 18:56:25,353] {logging_mixin.py:104} INFO - [2021-06-07 18:56:25,353] {dag.py:1832} INFO - Sync 1 DAGs
[2021-06-07 18:56:25,363] {logging_mixin.py:104} INFO - [2021-06-07 18:56:25,363] {dag.py:2305} INFO - Setting next_dagrun for example_nested_branch_dag to 2021-06-05 00:00:00+00:00
[2021-06-07 18:56:25,369] {scheduler_job.py:190} INFO - Processing /home/encrypted/abaceti/.virtualenvs/pumpwood-airflow-images/lib/python3.6/site-packages/airflow/example_dags/example_nested_branch_dag.py took 0.040 seconds
[2021-06-07 18:56:56,327] {scheduler_job.py:182} INFO - Started process (PID=12936) to work on /home/encrypted/abaceti/.virtualenvs/pumpwood-airflow-images/lib/python3.6/site-packages/airflow/example_dags/example_nested_branch_dag.py
[2021-06-07 18:56:56,328] {scheduler_job.py:633} INFO - Processing file /home/encrypted/abaceti/.virtualenvs/pumpwood-airflow-images/lib/python3.6/site-packages/airflow/example_dags/example_nested_branch_dag.py for tasks to queue
[2021-06-07 18:56:56,328] {logging_mixin.py:104} INFO - [2021-06-07 18:56:56,328] {dagbag.py:487} INFO - Filling up the DagBag from /home/encrypted/abaceti/.virtualenvs/pumpwood-airflow-images/lib/python3.6/site-packages/airflow/example_dags/example_nested_branch_dag.py
[2021-06-07 18:56:56,335] {scheduler_job.py:643} INFO - DAG(s) dict_keys(['example_nested_branch_dag']) retrieved from /home/encrypted/abaceti/.virtualenvs/pumpwood-airflow-images/lib/python3.6/site-packages/airflow/example_dags/example_nested_branch_dag.py
[2021-06-07 18:56:56,351] {logging_mixin.py:104} INFO - [2021-06-07 18:56:56,351] {dag.py:1832} INFO - Sync 1 DAGs
[2021-06-07 18:56:56,361] {logging_mixin.py:104} INFO - [2021-06-07 18:56:56,361] {dag.py:2305} INFO - Setting next_dagrun for example_nested_branch_dag to 2021-06-05 00:00:00+00:00
[2021-06-07 18:56:56,367] {scheduler_job.py:190} INFO - Processing /home/encrypted/abaceti/.virtualenvs/pumpwood-airflow-images/lib/python3.6/site-packages/airflow/example_dags/example_nested_branch_dag.py took 0.041 seconds
[2021-06-07 18:57:27,315] {scheduler_job.py:182} INFO - Started process (PID=13054) to work on /home/encrypted/abaceti/.virtualenvs/pumpwood-airflow-images/lib/python3.6/site-packages/airflow/example_dags/example_nested_branch_dag.py
[2021-06-07 18:57:27,316] {scheduler_job.py:633} INFO - Processing file /home/encrypted/abaceti/.virtualenvs/pumpwood-airflow-images/lib/python3.6/site-packages/airflow/example_dags/example_nested_branch_dag.py for tasks to queue
[2021-06-07 18:57:27,316] {logging_mixin.py:104} INFO - [2021-06-07 18:57:27,316] {dagbag.py:487} INFO - Filling up the DagBag from /home/encrypted/abaceti/.virtualenvs/pumpwood-airflow-images/lib/python3.6/site-packages/airflow/example_dags/example_nested_branch_dag.py
[2021-06-07 18:57:27,323] {scheduler_job.py:643} INFO - DAG(s) dict_keys(['example_nested_branch_dag']) retrieved from /home/encrypted/abaceti/.virtualenvs/pumpwood-airflow-images/lib/python3.6/site-packages/airflow/example_dags/example_nested_branch_dag.py
[2021-06-07 18:57:27,338] {logging_mixin.py:104} INFO - [2021-06-07 18:57:27,338] {dag.py:1832} INFO - Sync 1 DAGs
[2021-06-07 18:57:27,347] {logging_mixin.py:104} INFO - [2021-06-07 18:57:27,347] {dag.py:2305} INFO - Setting next_dagrun for example_nested_branch_dag to 2021-06-05 00:00:00+00:00
[2021-06-07 18:57:27,353] {scheduler_job.py:190} INFO - Processing /home/encrypted/abaceti/.virtualenvs/pumpwood-airflow-images/lib/python3.6/site-packages/airflow/example_dags/example_nested_branch_dag.py took 0.039 seconds
[2021-06-07 18:57:57,609] {scheduler_job.py:182} INFO - Started process (PID=13229) to work on /home/encrypted/abaceti/.virtualenvs/pumpwood-airflow-images/lib/python3.6/site-packages/airflow/example_dags/example_nested_branch_dag.py
[2021-06-07 18:57:57,609] {scheduler_job.py:633} INFO - Processing file /home/encrypted/abaceti/.virtualenvs/pumpwood-airflow-images/lib/python3.6/site-packages/airflow/example_dags/example_nested_branch_dag.py for tasks to queue
[2021-06-07 18:57:57,609] {logging_mixin.py:104} INFO - [2021-06-07 18:57:57,609] {dagbag.py:487} INFO - Filling up the DagBag from /home/encrypted/abaceti/.virtualenvs/pumpwood-airflow-images/lib/python3.6/site-packages/airflow/example_dags/example_nested_branch_dag.py
[2021-06-07 18:57:57,617] {scheduler_job.py:643} INFO - DAG(s) dict_keys(['example_nested_branch_dag']) retrieved from /home/encrypted/abaceti/.virtualenvs/pumpwood-airflow-images/lib/python3.6/site-packages/airflow/example_dags/example_nested_branch_dag.py
[2021-06-07 18:57:57,632] {logging_mixin.py:104} INFO - [2021-06-07 18:57:57,632] {dag.py:1832} INFO - Sync 1 DAGs
[2021-06-07 18:57:57,642] {logging_mixin.py:104} INFO - [2021-06-07 18:57:57,642] {dag.py:2305} INFO - Setting next_dagrun for example_nested_branch_dag to 2021-06-05 00:00:00+00:00
[2021-06-07 18:57:57,649] {scheduler_job.py:190} INFO - Processing /home/encrypted/abaceti/.virtualenvs/pumpwood-airflow-images/lib/python3.6/site-packages/airflow/example_dags/example_nested_branch_dag.py took 0.041 seconds
[2021-06-07 18:58:28,626] {scheduler_job.py:182} INFO - Started process (PID=13344) to work on /home/encrypted/abaceti/.virtualenvs/pumpwood-airflow-images/lib/python3.6/site-packages/airflow/example_dags/example_nested_branch_dag.py
[2021-06-07 18:58:28,626] {scheduler_job.py:633} INFO - Processing file /home/encrypted/abaceti/.virtualenvs/pumpwood-airflow-images/lib/python3.6/site-packages/airflow/example_dags/example_nested_branch_dag.py for tasks to queue
[2021-06-07 18:58:28,627] {logging_mixin.py:104} INFO - [2021-06-07 18:58:28,627] {dagbag.py:487} INFO - Filling up the DagBag from /home/encrypted/abaceti/.virtualenvs/pumpwood-airflow-images/lib/python3.6/site-packages/airflow/example_dags/example_nested_branch_dag.py
[2021-06-07 18:58:28,634] {scheduler_job.py:643} INFO - DAG(s) dict_keys(['example_nested_branch_dag']) retrieved from /home/encrypted/abaceti/.virtualenvs/pumpwood-airflow-images/lib/python3.6/site-packages/airflow/example_dags/example_nested_branch_dag.py
[2021-06-07 18:58:28,649] {logging_mixin.py:104} INFO - [2021-06-07 18:58:28,649] {dag.py:1832} INFO - Sync 1 DAGs
[2021-06-07 18:58:28,659] {logging_mixin.py:104} INFO - [2021-06-07 18:58:28,659] {dag.py:2305} INFO - Setting next_dagrun for example_nested_branch_dag to 2021-06-05 00:00:00+00:00
[2021-06-07 18:58:28,665] {scheduler_job.py:190} INFO - Processing /home/encrypted/abaceti/.virtualenvs/pumpwood-airflow-images/lib/python3.6/site-packages/airflow/example_dags/example_nested_branch_dag.py took 0.041 seconds
[2021-06-07 18:58:59,829] {scheduler_job.py:182} INFO - Started process (PID=13519) to work on /home/encrypted/abaceti/.virtualenvs/pumpwood-airflow-images/lib/python3.6/site-packages/airflow/example_dags/example_nested_branch_dag.py
[2021-06-07 18:58:59,829] {scheduler_job.py:633} INFO - Processing file /home/encrypted/abaceti/.virtualenvs/pumpwood-airflow-images/lib/python3.6/site-packages/airflow/example_dags/example_nested_branch_dag.py for tasks to queue
[2021-06-07 18:58:59,830] {logging_mixin.py:104} INFO - [2021-06-07 18:58:59,830] {dagbag.py:487} INFO - Filling up the DagBag from /home/encrypted/abaceti/.virtualenvs/pumpwood-airflow-images/lib/python3.6/site-packages/airflow/example_dags/example_nested_branch_dag.py
[2021-06-07 18:58:59,837] {scheduler_job.py:643} INFO - DAG(s) dict_keys(['example_nested_branch_dag']) retrieved from /home/encrypted/abaceti/.virtualenvs/pumpwood-airflow-images/lib/python3.6/site-packages/airflow/example_dags/example_nested_branch_dag.py
[2021-06-07 18:58:59,852] {logging_mixin.py:104} INFO - [2021-06-07 18:58:59,852] {dag.py:1832} INFO - Sync 1 DAGs
[2021-06-07 18:58:59,862] {logging_mixin.py:104} INFO - [2021-06-07 18:58:59,862] {dag.py:2305} INFO - Setting next_dagrun for example_nested_branch_dag to 2021-06-05 00:00:00+00:00
[2021-06-07 18:58:59,869] {scheduler_job.py:190} INFO - Processing /home/encrypted/abaceti/.virtualenvs/pumpwood-airflow-images/lib/python3.6/site-packages/airflow/example_dags/example_nested_branch_dag.py took 0.042 seconds
[2021-06-07 18:59:30,012] {scheduler_job.py:182} INFO - Started process (PID=13643) to work on /home/encrypted/abaceti/.virtualenvs/pumpwood-airflow-images/lib/python3.6/site-packages/airflow/example_dags/example_nested_branch_dag.py
[2021-06-07 18:59:30,012] {scheduler_job.py:633} INFO - Processing file /home/encrypted/abaceti/.virtualenvs/pumpwood-airflow-images/lib/python3.6/site-packages/airflow/example_dags/example_nested_branch_dag.py for tasks to queue
[2021-06-07 18:59:30,013] {logging_mixin.py:104} INFO - [2021-06-07 18:59:30,013] {dagbag.py:487} INFO - Filling up the DagBag from /home/encrypted/abaceti/.virtualenvs/pumpwood-airflow-images/lib/python3.6/site-packages/airflow/example_dags/example_nested_branch_dag.py
[2021-06-07 18:59:30,020] {scheduler_job.py:643} INFO - DAG(s) dict_keys(['example_nested_branch_dag']) retrieved from /home/encrypted/abaceti/.virtualenvs/pumpwood-airflow-images/lib/python3.6/site-packages/airflow/example_dags/example_nested_branch_dag.py
[2021-06-07 18:59:30,035] {logging_mixin.py:104} INFO - [2021-06-07 18:59:30,035] {dag.py:1832} INFO - Sync 1 DAGs
[2021-06-07 18:59:30,046] {logging_mixin.py:104} INFO - [2021-06-07 18:59:30,046] {dag.py:2305} INFO - Setting next_dagrun for example_nested_branch_dag to 2021-06-05 00:00:00+00:00
[2021-06-07 18:59:30,052] {scheduler_job.py:190} INFO - Processing /home/encrypted/abaceti/.virtualenvs/pumpwood-airflow-images/lib/python3.6/site-packages/airflow/example_dags/example_nested_branch_dag.py took 0.042 seconds
[2021-06-07 19:00:00,152] {scheduler_job.py:182} INFO - Started process (PID=13806) to work on /home/encrypted/abaceti/.virtualenvs/pumpwood-airflow-images/lib/python3.6/site-packages/airflow/example_dags/example_nested_branch_dag.py
[2021-06-07 19:00:00,153] {scheduler_job.py:633} INFO - Processing file /home/encrypted/abaceti/.virtualenvs/pumpwood-airflow-images/lib/python3.6/site-packages/airflow/example_dags/example_nested_branch_dag.py for tasks to queue
[2021-06-07 19:00:00,153] {logging_mixin.py:104} INFO - [2021-06-07 19:00:00,153] {dagbag.py:487} INFO - Filling up the DagBag from /home/encrypted/abaceti/.virtualenvs/pumpwood-airflow-images/lib/python3.6/site-packages/airflow/example_dags/example_nested_branch_dag.py
[2021-06-07 19:00:00,160] {scheduler_job.py:643} INFO - DAG(s) dict_keys(['example_nested_branch_dag']) retrieved from /home/encrypted/abaceti/.virtualenvs/pumpwood-airflow-images/lib/python3.6/site-packages/airflow/example_dags/example_nested_branch_dag.py
[2021-06-07 19:00:00,174] {logging_mixin.py:104} INFO - [2021-06-07 19:00:00,174] {dag.py:1832} INFO - Sync 1 DAGs
[2021-06-07 19:00:00,184] {logging_mixin.py:104} INFO - [2021-06-07 19:00:00,184] {dag.py:2305} INFO - Setting next_dagrun for example_nested_branch_dag to 2021-06-05 00:00:00+00:00
[2021-06-07 19:00:00,190] {scheduler_job.py:190} INFO - Processing /home/encrypted/abaceti/.virtualenvs/pumpwood-airflow-images/lib/python3.6/site-packages/airflow/example_dags/example_nested_branch_dag.py took 0.039 seconds
[2021-06-07 19:00:30,307] {scheduler_job.py:182} INFO - Started process (PID=13922) to work on /home/encrypted/abaceti/.virtualenvs/pumpwood-airflow-images/lib/python3.6/site-packages/airflow/example_dags/example_nested_branch_dag.py
[2021-06-07 19:00:30,308] {scheduler_job.py:633} INFO - Processing file /home/encrypted/abaceti/.virtualenvs/pumpwood-airflow-images/lib/python3.6/site-packages/airflow/example_dags/example_nested_branch_dag.py for tasks to queue
[2021-06-07 19:00:30,308] {logging_mixin.py:104} INFO - [2021-06-07 19:00:30,308] {dagbag.py:487} INFO - Filling up the DagBag from /home/encrypted/abaceti/.virtualenvs/pumpwood-airflow-images/lib/python3.6/site-packages/airflow/example_dags/example_nested_branch_dag.py
[2021-06-07 19:00:30,315] {scheduler_job.py:643} INFO - DAG(s) dict_keys(['example_nested_branch_dag']) retrieved from /home/encrypted/abaceti/.virtualenvs/pumpwood-airflow-images/lib/python3.6/site-packages/airflow/example_dags/example_nested_branch_dag.py
[2021-06-07 19:00:30,329] {logging_mixin.py:104} INFO - [2021-06-07 19:00:30,329] {dag.py:1832} INFO - Sync 1 DAGs
[2021-06-07 19:00:30,339] {logging_mixin.py:104} INFO - [2021-06-07 19:00:30,338] {dag.py:2305} INFO - Setting next_dagrun for example_nested_branch_dag to 2021-06-05 00:00:00+00:00
[2021-06-07 19:00:30,344] {scheduler_job.py:190} INFO - Processing /home/encrypted/abaceti/.virtualenvs/pumpwood-airflow-images/lib/python3.6/site-packages/airflow/example_dags/example_nested_branch_dag.py took 0.038 seconds
[2021-06-07 19:01:00,477] {scheduler_job.py:182} INFO - Started process (PID=14114) to work on /home/encrypted/abaceti/.virtualenvs/pumpwood-airflow-images/lib/python3.6/site-packages/airflow/example_dags/example_nested_branch_dag.py
[2021-06-07 19:01:00,478] {scheduler_job.py:633} INFO - Processing file /home/encrypted/abaceti/.virtualenvs/pumpwood-airflow-images/lib/python3.6/site-packages/airflow/example_dags/example_nested_branch_dag.py for tasks to queue
[2021-06-07 19:01:00,478] {logging_mixin.py:104} INFO - [2021-06-07 19:01:00,478] {dagbag.py:487} INFO - Filling up the DagBag from /home/encrypted/abaceti/.virtualenvs/pumpwood-airflow-images/lib/python3.6/site-packages/airflow/example_dags/example_nested_branch_dag.py
[2021-06-07 19:01:00,485] {scheduler_job.py:643} INFO - DAG(s) dict_keys(['example_nested_branch_dag']) retrieved from /home/encrypted/abaceti/.virtualenvs/pumpwood-airflow-images/lib/python3.6/site-packages/airflow/example_dags/example_nested_branch_dag.py
[2021-06-07 19:01:00,499] {logging_mixin.py:104} INFO - [2021-06-07 19:01:00,499] {dag.py:1832} INFO - Sync 1 DAGs
[2021-06-07 19:01:00,508] {logging_mixin.py:104} INFO - [2021-06-07 19:01:00,508] {dag.py:2305} INFO - Setting next_dagrun for example_nested_branch_dag to 2021-06-05 00:00:00+00:00
[2021-06-07 19:01:00,515] {scheduler_job.py:190} INFO - Processing /home/encrypted/abaceti/.virtualenvs/pumpwood-airflow-images/lib/python3.6/site-packages/airflow/example_dags/example_nested_branch_dag.py took 0.040 seconds
[2021-06-07 19:01:30,832] {scheduler_job.py:182} INFO - Started process (PID=14237) to work on /home/encrypted/abaceti/.virtualenvs/pumpwood-airflow-images/lib/python3.6/site-packages/airflow/example_dags/example_nested_branch_dag.py
[2021-06-07 19:01:30,833] {scheduler_job.py:633} INFO - Processing file /home/encrypted/abaceti/.virtualenvs/pumpwood-airflow-images/lib/python3.6/site-packages/airflow/example_dags/example_nested_branch_dag.py for tasks to queue
[2021-06-07 19:01:30,833] {logging_mixin.py:104} INFO - [2021-06-07 19:01:30,833] {dagbag.py:487} INFO - Filling up the DagBag from /home/encrypted/abaceti/.virtualenvs/pumpwood-airflow-images/lib/python3.6/site-packages/airflow/example_dags/example_nested_branch_dag.py
[2021-06-07 19:01:30,841] {scheduler_job.py:643} INFO - DAG(s) dict_keys(['example_nested_branch_dag']) retrieved from /home/encrypted/abaceti/.virtualenvs/pumpwood-airflow-images/lib/python3.6/site-packages/airflow/example_dags/example_nested_branch_dag.py
[2021-06-07 19:01:30,856] {logging_mixin.py:104} INFO - [2021-06-07 19:01:30,856] {dag.py:1832} INFO - Sync 1 DAGs
[2021-06-07 19:01:30,868] {logging_mixin.py:104} INFO - [2021-06-07 19:01:30,867] {dag.py:2305} INFO - Setting next_dagrun for example_nested_branch_dag to 2021-06-05 00:00:00+00:00
[2021-06-07 19:01:30,874] {scheduler_job.py:190} INFO - Processing /home/encrypted/abaceti/.virtualenvs/pumpwood-airflow-images/lib/python3.6/site-packages/airflow/example_dags/example_nested_branch_dag.py took 0.044 seconds
[2021-06-07 19:02:00,988] {scheduler_job.py:182} INFO - Started process (PID=14421) to work on /home/encrypted/abaceti/.virtualenvs/pumpwood-airflow-images/lib/python3.6/site-packages/airflow/example_dags/example_nested_branch_dag.py
[2021-06-07 19:02:00,989] {scheduler_job.py:633} INFO - Processing file /home/encrypted/abaceti/.virtualenvs/pumpwood-airflow-images/lib/python3.6/site-packages/airflow/example_dags/example_nested_branch_dag.py for tasks to queue
[2021-06-07 19:02:00,989] {logging_mixin.py:104} INFO - [2021-06-07 19:02:00,989] {dagbag.py:487} INFO - Filling up the DagBag from /home/encrypted/abaceti/.virtualenvs/pumpwood-airflow-images/lib/python3.6/site-packages/airflow/example_dags/example_nested_branch_dag.py
[2021-06-07 19:02:00,996] {scheduler_job.py:643} INFO - DAG(s) dict_keys(['example_nested_branch_dag']) retrieved from /home/encrypted/abaceti/.virtualenvs/pumpwood-airflow-images/lib/python3.6/site-packages/airflow/example_dags/example_nested_branch_dag.py
[2021-06-07 19:02:01,012] {logging_mixin.py:104} INFO - [2021-06-07 19:02:01,012] {dag.py:1832} INFO - Sync 1 DAGs
[2021-06-07 19:02:01,021] {logging_mixin.py:104} INFO - [2021-06-07 19:02:01,021] {dag.py:2305} INFO - Setting next_dagrun for example_nested_branch_dag to 2021-06-05 00:00:00+00:00
[2021-06-07 19:02:01,027] {scheduler_job.py:190} INFO - Processing /home/encrypted/abaceti/.virtualenvs/pumpwood-airflow-images/lib/python3.6/site-packages/airflow/example_dags/example_nested_branch_dag.py took 0.040 seconds
[2021-06-07 19:02:31,082] {scheduler_job.py:182} INFO - Started process (PID=14632) to work on /home/encrypted/abaceti/.virtualenvs/pumpwood-airflow-images/lib/python3.6/site-packages/airflow/example_dags/example_nested_branch_dag.py
[2021-06-07 19:02:31,082] {scheduler_job.py:633} INFO - Processing file /home/encrypted/abaceti/.virtualenvs/pumpwood-airflow-images/lib/python3.6/site-packages/airflow/example_dags/example_nested_branch_dag.py for tasks to queue
[2021-06-07 19:02:31,083] {logging_mixin.py:104} INFO - [2021-06-07 19:02:31,083] {dagbag.py:487} INFO - Filling up the DagBag from /home/encrypted/abaceti/.virtualenvs/pumpwood-airflow-images/lib/python3.6/site-packages/airflow/example_dags/example_nested_branch_dag.py
[2021-06-07 19:02:31,090] {scheduler_job.py:643} INFO - DAG(s) dict_keys(['example_nested_branch_dag']) retrieved from /home/encrypted/abaceti/.virtualenvs/pumpwood-airflow-images/lib/python3.6/site-packages/airflow/example_dags/example_nested_branch_dag.py
[2021-06-07 19:02:31,105] {logging_mixin.py:104} INFO - [2021-06-07 19:02:31,105] {dag.py:1832} INFO - Sync 1 DAGs
[2021-06-07 19:02:31,116] {logging_mixin.py:104} INFO - [2021-06-07 19:02:31,116] {dag.py:2305} INFO - Setting next_dagrun for example_nested_branch_dag to 2021-06-05 00:00:00+00:00
[2021-06-07 19:02:31,121] {scheduler_job.py:190} INFO - Processing /home/encrypted/abaceti/.virtualenvs/pumpwood-airflow-images/lib/python3.6/site-packages/airflow/example_dags/example_nested_branch_dag.py took 0.041 seconds
