[2021-06-07 18:39:19,809] {scheduler_job.py:182} INFO - Started process (PID=5650) to work on /home/encrypted/abaceti/.virtualenvs/pumpwood-airflow-images/lib/python3.6/site-packages/airflow/example_dags/example_python_operator.py
[2021-06-07 18:39:19,810] {scheduler_job.py:633} INFO - Processing file /home/encrypted/abaceti/.virtualenvs/pumpwood-airflow-images/lib/python3.6/site-packages/airflow/example_dags/example_python_operator.py for tasks to queue
[2021-06-07 18:39:19,810] {logging_mixin.py:104} INFO - [2021-06-07 18:39:19,810] {dagbag.py:487} INFO - Filling up the DagBag from /home/encrypted/abaceti/.virtualenvs/pumpwood-airflow-images/lib/python3.6/site-packages/airflow/example_dags/example_python_operator.py
[2021-06-07 18:39:19,816] {scheduler_job.py:643} INFO - DAG(s) dict_keys(['example_python_operator']) retrieved from /home/encrypted/abaceti/.virtualenvs/pumpwood-airflow-images/lib/python3.6/site-packages/airflow/example_dags/example_python_operator.py
[2021-06-07 18:39:19,833] {logging_mixin.py:104} INFO - [2021-06-07 18:39:19,833] {dag.py:1832} INFO - Sync 1 DAGs
[2021-06-07 18:39:19,845] {logging_mixin.py:104} INFO - [2021-06-07 18:39:19,845] {dag.py:2305} INFO - Setting next_dagrun for example_python_operator to None
[2021-06-07 18:39:19,851] {scheduler_job.py:190} INFO - Processing /home/encrypted/abaceti/.virtualenvs/pumpwood-airflow-images/lib/python3.6/site-packages/airflow/example_dags/example_python_operator.py took 0.043 seconds
[2021-06-07 18:39:50,044] {scheduler_job.py:182} INFO - Started process (PID=5817) to work on /home/encrypted/abaceti/.virtualenvs/pumpwood-airflow-images/lib/python3.6/site-packages/airflow/example_dags/example_python_operator.py
[2021-06-07 18:39:50,045] {scheduler_job.py:633} INFO - Processing file /home/encrypted/abaceti/.virtualenvs/pumpwood-airflow-images/lib/python3.6/site-packages/airflow/example_dags/example_python_operator.py for tasks to queue
[2021-06-07 18:39:50,045] {logging_mixin.py:104} INFO - [2021-06-07 18:39:50,045] {dagbag.py:487} INFO - Filling up the DagBag from /home/encrypted/abaceti/.virtualenvs/pumpwood-airflow-images/lib/python3.6/site-packages/airflow/example_dags/example_python_operator.py
[2021-06-07 18:39:50,051] {scheduler_job.py:643} INFO - DAG(s) dict_keys(['example_python_operator']) retrieved from /home/encrypted/abaceti/.virtualenvs/pumpwood-airflow-images/lib/python3.6/site-packages/airflow/example_dags/example_python_operator.py
[2021-06-07 18:39:50,065] {logging_mixin.py:104} INFO - [2021-06-07 18:39:50,065] {dag.py:1832} INFO - Sync 1 DAGs
[2021-06-07 18:39:50,073] {logging_mixin.py:104} INFO - [2021-06-07 18:39:50,073] {dag.py:2305} INFO - Setting next_dagrun for example_python_operator to None
[2021-06-07 18:39:50,078] {scheduler_job.py:190} INFO - Processing /home/encrypted/abaceti/.virtualenvs/pumpwood-airflow-images/lib/python3.6/site-packages/airflow/example_dags/example_python_operator.py took 0.035 seconds
[2021-06-07 18:40:20,195] {scheduler_job.py:182} INFO - Started process (PID=5968) to work on /home/encrypted/abaceti/.virtualenvs/pumpwood-airflow-images/lib/python3.6/site-packages/airflow/example_dags/example_python_operator.py
[2021-06-07 18:40:20,196] {scheduler_job.py:633} INFO - Processing file /home/encrypted/abaceti/.virtualenvs/pumpwood-airflow-images/lib/python3.6/site-packages/airflow/example_dags/example_python_operator.py for tasks to queue
[2021-06-07 18:40:20,196] {logging_mixin.py:104} INFO - [2021-06-07 18:40:20,196] {dagbag.py:487} INFO - Filling up the DagBag from /home/encrypted/abaceti/.virtualenvs/pumpwood-airflow-images/lib/python3.6/site-packages/airflow/example_dags/example_python_operator.py
[2021-06-07 18:40:20,202] {scheduler_job.py:643} INFO - DAG(s) dict_keys(['example_python_operator']) retrieved from /home/encrypted/abaceti/.virtualenvs/pumpwood-airflow-images/lib/python3.6/site-packages/airflow/example_dags/example_python_operator.py
[2021-06-07 18:40:20,218] {logging_mixin.py:104} INFO - [2021-06-07 18:40:20,217] {dag.py:1832} INFO - Sync 1 DAGs
[2021-06-07 18:40:20,226] {logging_mixin.py:104} INFO - [2021-06-07 18:40:20,226] {dag.py:2305} INFO - Setting next_dagrun for example_python_operator to None
[2021-06-07 18:40:20,232] {scheduler_job.py:190} INFO - Processing /home/encrypted/abaceti/.virtualenvs/pumpwood-airflow-images/lib/python3.6/site-packages/airflow/example_dags/example_python_operator.py took 0.038 seconds
[2021-06-07 18:40:50,380] {scheduler_job.py:182} INFO - Started process (PID=6157) to work on /home/encrypted/abaceti/.virtualenvs/pumpwood-airflow-images/lib/python3.6/site-packages/airflow/example_dags/example_python_operator.py
[2021-06-07 18:40:50,380] {scheduler_job.py:633} INFO - Processing file /home/encrypted/abaceti/.virtualenvs/pumpwood-airflow-images/lib/python3.6/site-packages/airflow/example_dags/example_python_operator.py for tasks to queue
[2021-06-07 18:40:50,381] {logging_mixin.py:104} INFO - [2021-06-07 18:40:50,381] {dagbag.py:487} INFO - Filling up the DagBag from /home/encrypted/abaceti/.virtualenvs/pumpwood-airflow-images/lib/python3.6/site-packages/airflow/example_dags/example_python_operator.py
[2021-06-07 18:40:50,387] {scheduler_job.py:643} INFO - DAG(s) dict_keys(['example_python_operator']) retrieved from /home/encrypted/abaceti/.virtualenvs/pumpwood-airflow-images/lib/python3.6/site-packages/airflow/example_dags/example_python_operator.py
[2021-06-07 18:40:50,402] {logging_mixin.py:104} INFO - [2021-06-07 18:40:50,402] {dag.py:1832} INFO - Sync 1 DAGs
[2021-06-07 18:40:50,411] {logging_mixin.py:104} INFO - [2021-06-07 18:40:50,411] {dag.py:2305} INFO - Setting next_dagrun for example_python_operator to None
[2021-06-07 18:40:50,417] {scheduler_job.py:190} INFO - Processing /home/encrypted/abaceti/.virtualenvs/pumpwood-airflow-images/lib/python3.6/site-packages/airflow/example_dags/example_python_operator.py took 0.038 seconds
[2021-06-07 18:41:20,575] {scheduler_job.py:182} INFO - Started process (PID=6273) to work on /home/encrypted/abaceti/.virtualenvs/pumpwood-airflow-images/lib/python3.6/site-packages/airflow/example_dags/example_python_operator.py
[2021-06-07 18:41:20,576] {scheduler_job.py:633} INFO - Processing file /home/encrypted/abaceti/.virtualenvs/pumpwood-airflow-images/lib/python3.6/site-packages/airflow/example_dags/example_python_operator.py for tasks to queue
[2021-06-07 18:41:20,576] {logging_mixin.py:104} INFO - [2021-06-07 18:41:20,576] {dagbag.py:487} INFO - Filling up the DagBag from /home/encrypted/abaceti/.virtualenvs/pumpwood-airflow-images/lib/python3.6/site-packages/airflow/example_dags/example_python_operator.py
[2021-06-07 18:41:20,582] {scheduler_job.py:643} INFO - DAG(s) dict_keys(['example_python_operator']) retrieved from /home/encrypted/abaceti/.virtualenvs/pumpwood-airflow-images/lib/python3.6/site-packages/airflow/example_dags/example_python_operator.py
[2021-06-07 18:41:20,597] {logging_mixin.py:104} INFO - [2021-06-07 18:41:20,597] {dag.py:1832} INFO - Sync 1 DAGs
[2021-06-07 18:41:20,606] {logging_mixin.py:104} INFO - [2021-06-07 18:41:20,606] {dag.py:2305} INFO - Setting next_dagrun for example_python_operator to None
[2021-06-07 18:41:20,612] {scheduler_job.py:190} INFO - Processing /home/encrypted/abaceti/.virtualenvs/pumpwood-airflow-images/lib/python3.6/site-packages/airflow/example_dags/example_python_operator.py took 0.038 seconds
[2021-06-07 18:41:50,715] {scheduler_job.py:182} INFO - Started process (PID=6437) to work on /home/encrypted/abaceti/.virtualenvs/pumpwood-airflow-images/lib/python3.6/site-packages/airflow/example_dags/example_python_operator.py
[2021-06-07 18:41:50,716] {scheduler_job.py:633} INFO - Processing file /home/encrypted/abaceti/.virtualenvs/pumpwood-airflow-images/lib/python3.6/site-packages/airflow/example_dags/example_python_operator.py for tasks to queue
[2021-06-07 18:41:50,716] {logging_mixin.py:104} INFO - [2021-06-07 18:41:50,716] {dagbag.py:487} INFO - Filling up the DagBag from /home/encrypted/abaceti/.virtualenvs/pumpwood-airflow-images/lib/python3.6/site-packages/airflow/example_dags/example_python_operator.py
[2021-06-07 18:41:50,722] {scheduler_job.py:643} INFO - DAG(s) dict_keys(['example_python_operator']) retrieved from /home/encrypted/abaceti/.virtualenvs/pumpwood-airflow-images/lib/python3.6/site-packages/airflow/example_dags/example_python_operator.py
[2021-06-07 18:41:50,736] {logging_mixin.py:104} INFO - [2021-06-07 18:41:50,736] {dag.py:1832} INFO - Sync 1 DAGs
[2021-06-07 18:41:50,744] {logging_mixin.py:104} INFO - [2021-06-07 18:41:50,744] {dag.py:2305} INFO - Setting next_dagrun for example_python_operator to None
[2021-06-07 18:41:50,748] {scheduler_job.py:190} INFO - Processing /home/encrypted/abaceti/.virtualenvs/pumpwood-airflow-images/lib/python3.6/site-packages/airflow/example_dags/example_python_operator.py took 0.035 seconds
[2021-06-07 18:42:20,867] {scheduler_job.py:182} INFO - Started process (PID=6554) to work on /home/encrypted/abaceti/.virtualenvs/pumpwood-airflow-images/lib/python3.6/site-packages/airflow/example_dags/example_python_operator.py
[2021-06-07 18:42:20,867] {scheduler_job.py:633} INFO - Processing file /home/encrypted/abaceti/.virtualenvs/pumpwood-airflow-images/lib/python3.6/site-packages/airflow/example_dags/example_python_operator.py for tasks to queue
[2021-06-07 18:42:20,867] {logging_mixin.py:104} INFO - [2021-06-07 18:42:20,867] {dagbag.py:487} INFO - Filling up the DagBag from /home/encrypted/abaceti/.virtualenvs/pumpwood-airflow-images/lib/python3.6/site-packages/airflow/example_dags/example_python_operator.py
[2021-06-07 18:42:20,873] {scheduler_job.py:643} INFO - DAG(s) dict_keys(['example_python_operator']) retrieved from /home/encrypted/abaceti/.virtualenvs/pumpwood-airflow-images/lib/python3.6/site-packages/airflow/example_dags/example_python_operator.py
[2021-06-07 18:42:20,887] {logging_mixin.py:104} INFO - [2021-06-07 18:42:20,887] {dag.py:1832} INFO - Sync 1 DAGs
[2021-06-07 18:42:20,894] {logging_mixin.py:104} INFO - [2021-06-07 18:42:20,894] {dag.py:2305} INFO - Setting next_dagrun for example_python_operator to None
[2021-06-07 18:42:20,899] {scheduler_job.py:190} INFO - Processing /home/encrypted/abaceti/.virtualenvs/pumpwood-airflow-images/lib/python3.6/site-packages/airflow/example_dags/example_python_operator.py took 0.034 seconds
[2021-06-07 18:42:50,964] {scheduler_job.py:182} INFO - Started process (PID=6728) to work on /home/encrypted/abaceti/.virtualenvs/pumpwood-airflow-images/lib/python3.6/site-packages/airflow/example_dags/example_python_operator.py
[2021-06-07 18:42:50,964] {scheduler_job.py:633} INFO - Processing file /home/encrypted/abaceti/.virtualenvs/pumpwood-airflow-images/lib/python3.6/site-packages/airflow/example_dags/example_python_operator.py for tasks to queue
[2021-06-07 18:42:50,965] {logging_mixin.py:104} INFO - [2021-06-07 18:42:50,964] {dagbag.py:487} INFO - Filling up the DagBag from /home/encrypted/abaceti/.virtualenvs/pumpwood-airflow-images/lib/python3.6/site-packages/airflow/example_dags/example_python_operator.py
[2021-06-07 18:42:50,972] {scheduler_job.py:643} INFO - DAG(s) dict_keys(['example_python_operator']) retrieved from /home/encrypted/abaceti/.virtualenvs/pumpwood-airflow-images/lib/python3.6/site-packages/airflow/example_dags/example_python_operator.py
[2021-06-07 18:42:50,986] {logging_mixin.py:104} INFO - [2021-06-07 18:42:50,986] {dag.py:1832} INFO - Sync 1 DAGs
[2021-06-07 18:42:50,995] {logging_mixin.py:104} INFO - [2021-06-07 18:42:50,995] {dag.py:2305} INFO - Setting next_dagrun for example_python_operator to None
[2021-06-07 18:42:51,000] {scheduler_job.py:190} INFO - Processing /home/encrypted/abaceti/.virtualenvs/pumpwood-airflow-images/lib/python3.6/site-packages/airflow/example_dags/example_python_operator.py took 0.039 seconds
[2021-06-07 18:43:22,046] {scheduler_job.py:182} INFO - Started process (PID=6987) to work on /home/encrypted/abaceti/.virtualenvs/pumpwood-airflow-images/lib/python3.6/site-packages/airflow/example_dags/example_python_operator.py
[2021-06-07 18:43:22,047] {scheduler_job.py:633} INFO - Processing file /home/encrypted/abaceti/.virtualenvs/pumpwood-airflow-images/lib/python3.6/site-packages/airflow/example_dags/example_python_operator.py for tasks to queue
[2021-06-07 18:43:22,047] {logging_mixin.py:104} INFO - [2021-06-07 18:43:22,047] {dagbag.py:487} INFO - Filling up the DagBag from /home/encrypted/abaceti/.virtualenvs/pumpwood-airflow-images/lib/python3.6/site-packages/airflow/example_dags/example_python_operator.py
[2021-06-07 18:43:22,053] {scheduler_job.py:643} INFO - DAG(s) dict_keys(['example_python_operator']) retrieved from /home/encrypted/abaceti/.virtualenvs/pumpwood-airflow-images/lib/python3.6/site-packages/airflow/example_dags/example_python_operator.py
[2021-06-07 18:43:22,068] {logging_mixin.py:104} INFO - [2021-06-07 18:43:22,068] {dag.py:1832} INFO - Sync 1 DAGs
[2021-06-07 18:43:22,077] {logging_mixin.py:104} INFO - [2021-06-07 18:43:22,077] {dag.py:2305} INFO - Setting next_dagrun for example_python_operator to None
[2021-06-07 18:43:22,082] {scheduler_job.py:190} INFO - Processing /home/encrypted/abaceti/.virtualenvs/pumpwood-airflow-images/lib/python3.6/site-packages/airflow/example_dags/example_python_operator.py took 0.037 seconds
[2021-06-07 18:43:52,125] {scheduler_job.py:182} INFO - Started process (PID=7235) to work on /home/encrypted/abaceti/.virtualenvs/pumpwood-airflow-images/lib/python3.6/site-packages/airflow/example_dags/example_python_operator.py
[2021-06-07 18:43:52,125] {scheduler_job.py:633} INFO - Processing file /home/encrypted/abaceti/.virtualenvs/pumpwood-airflow-images/lib/python3.6/site-packages/airflow/example_dags/example_python_operator.py for tasks to queue
[2021-06-07 18:43:52,125] {logging_mixin.py:104} INFO - [2021-06-07 18:43:52,125] {dagbag.py:487} INFO - Filling up the DagBag from /home/encrypted/abaceti/.virtualenvs/pumpwood-airflow-images/lib/python3.6/site-packages/airflow/example_dags/example_python_operator.py
[2021-06-07 18:43:52,132] {scheduler_job.py:643} INFO - DAG(s) dict_keys(['example_python_operator']) retrieved from /home/encrypted/abaceti/.virtualenvs/pumpwood-airflow-images/lib/python3.6/site-packages/airflow/example_dags/example_python_operator.py
[2021-06-07 18:43:52,148] {logging_mixin.py:104} INFO - [2021-06-07 18:43:52,148] {dag.py:1832} INFO - Sync 1 DAGs
[2021-06-07 18:43:52,156] {logging_mixin.py:104} INFO - [2021-06-07 18:43:52,156] {dag.py:2305} INFO - Setting next_dagrun for example_python_operator to None
[2021-06-07 18:43:52,162] {scheduler_job.py:190} INFO - Processing /home/encrypted/abaceti/.virtualenvs/pumpwood-airflow-images/lib/python3.6/site-packages/airflow/example_dags/example_python_operator.py took 0.038 seconds
[2021-06-07 18:44:22,208] {scheduler_job.py:182} INFO - Started process (PID=7352) to work on /home/encrypted/abaceti/.virtualenvs/pumpwood-airflow-images/lib/python3.6/site-packages/airflow/example_dags/example_python_operator.py
[2021-06-07 18:44:22,209] {scheduler_job.py:633} INFO - Processing file /home/encrypted/abaceti/.virtualenvs/pumpwood-airflow-images/lib/python3.6/site-packages/airflow/example_dags/example_python_operator.py for tasks to queue
[2021-06-07 18:44:22,209] {logging_mixin.py:104} INFO - [2021-06-07 18:44:22,209] {dagbag.py:487} INFO - Filling up the DagBag from /home/encrypted/abaceti/.virtualenvs/pumpwood-airflow-images/lib/python3.6/site-packages/airflow/example_dags/example_python_operator.py
[2021-06-07 18:44:22,215] {scheduler_job.py:643} INFO - DAG(s) dict_keys(['example_python_operator']) retrieved from /home/encrypted/abaceti/.virtualenvs/pumpwood-airflow-images/lib/python3.6/site-packages/airflow/example_dags/example_python_operator.py
[2021-06-07 18:44:22,230] {logging_mixin.py:104} INFO - [2021-06-07 18:44:22,230] {dag.py:1832} INFO - Sync 1 DAGs
[2021-06-07 18:44:22,238] {logging_mixin.py:104} INFO - [2021-06-07 18:44:22,238] {dag.py:2305} INFO - Setting next_dagrun for example_python_operator to None
[2021-06-07 18:44:22,245] {scheduler_job.py:190} INFO - Processing /home/encrypted/abaceti/.virtualenvs/pumpwood-airflow-images/lib/python3.6/site-packages/airflow/example_dags/example_python_operator.py took 0.039 seconds
[2021-06-07 18:44:52,351] {scheduler_job.py:182} INFO - Started process (PID=7522) to work on /home/encrypted/abaceti/.virtualenvs/pumpwood-airflow-images/lib/python3.6/site-packages/airflow/example_dags/example_python_operator.py
[2021-06-07 18:44:52,352] {scheduler_job.py:633} INFO - Processing file /home/encrypted/abaceti/.virtualenvs/pumpwood-airflow-images/lib/python3.6/site-packages/airflow/example_dags/example_python_operator.py for tasks to queue
[2021-06-07 18:44:52,352] {logging_mixin.py:104} INFO - [2021-06-07 18:44:52,352] {dagbag.py:487} INFO - Filling up the DagBag from /home/encrypted/abaceti/.virtualenvs/pumpwood-airflow-images/lib/python3.6/site-packages/airflow/example_dags/example_python_operator.py
[2021-06-07 18:44:52,359] {scheduler_job.py:643} INFO - DAG(s) dict_keys(['example_python_operator']) retrieved from /home/encrypted/abaceti/.virtualenvs/pumpwood-airflow-images/lib/python3.6/site-packages/airflow/example_dags/example_python_operator.py
[2021-06-07 18:44:52,373] {logging_mixin.py:104} INFO - [2021-06-07 18:44:52,373] {dag.py:1832} INFO - Sync 1 DAGs
[2021-06-07 18:44:52,382] {logging_mixin.py:104} INFO - [2021-06-07 18:44:52,381] {dag.py:2305} INFO - Setting next_dagrun for example_python_operator to None
[2021-06-07 18:44:52,387] {scheduler_job.py:190} INFO - Processing /home/encrypted/abaceti/.virtualenvs/pumpwood-airflow-images/lib/python3.6/site-packages/airflow/example_dags/example_python_operator.py took 0.038 seconds
[2021-06-07 18:45:23,359] {scheduler_job.py:182} INFO - Started process (PID=7643) to work on /home/encrypted/abaceti/.virtualenvs/pumpwood-airflow-images/lib/python3.6/site-packages/airflow/example_dags/example_python_operator.py
[2021-06-07 18:45:23,359] {scheduler_job.py:633} INFO - Processing file /home/encrypted/abaceti/.virtualenvs/pumpwood-airflow-images/lib/python3.6/site-packages/airflow/example_dags/example_python_operator.py for tasks to queue
[2021-06-07 18:45:23,359] {logging_mixin.py:104} INFO - [2021-06-07 18:45:23,359] {dagbag.py:487} INFO - Filling up the DagBag from /home/encrypted/abaceti/.virtualenvs/pumpwood-airflow-images/lib/python3.6/site-packages/airflow/example_dags/example_python_operator.py
[2021-06-07 18:45:23,365] {scheduler_job.py:643} INFO - DAG(s) dict_keys(['example_python_operator']) retrieved from /home/encrypted/abaceti/.virtualenvs/pumpwood-airflow-images/lib/python3.6/site-packages/airflow/example_dags/example_python_operator.py
[2021-06-07 18:45:23,380] {logging_mixin.py:104} INFO - [2021-06-07 18:45:23,380] {dag.py:1832} INFO - Sync 1 DAGs
[2021-06-07 18:45:23,389] {logging_mixin.py:104} INFO - [2021-06-07 18:45:23,388] {dag.py:2305} INFO - Setting next_dagrun for example_python_operator to None
[2021-06-07 18:45:23,394] {scheduler_job.py:190} INFO - Processing /home/encrypted/abaceti/.virtualenvs/pumpwood-airflow-images/lib/python3.6/site-packages/airflow/example_dags/example_python_operator.py took 0.037 seconds
[2021-06-07 18:45:53,445] {scheduler_job.py:182} INFO - Started process (PID=7811) to work on /home/encrypted/abaceti/.virtualenvs/pumpwood-airflow-images/lib/python3.6/site-packages/airflow/example_dags/example_python_operator.py
[2021-06-07 18:45:53,445] {scheduler_job.py:633} INFO - Processing file /home/encrypted/abaceti/.virtualenvs/pumpwood-airflow-images/lib/python3.6/site-packages/airflow/example_dags/example_python_operator.py for tasks to queue
[2021-06-07 18:45:53,445] {logging_mixin.py:104} INFO - [2021-06-07 18:45:53,445] {dagbag.py:487} INFO - Filling up the DagBag from /home/encrypted/abaceti/.virtualenvs/pumpwood-airflow-images/lib/python3.6/site-packages/airflow/example_dags/example_python_operator.py
[2021-06-07 18:45:53,451] {scheduler_job.py:643} INFO - DAG(s) dict_keys(['example_python_operator']) retrieved from /home/encrypted/abaceti/.virtualenvs/pumpwood-airflow-images/lib/python3.6/site-packages/airflow/example_dags/example_python_operator.py
[2021-06-07 18:45:53,466] {logging_mixin.py:104} INFO - [2021-06-07 18:45:53,466] {dag.py:1832} INFO - Sync 1 DAGs
[2021-06-07 18:45:53,476] {logging_mixin.py:104} INFO - [2021-06-07 18:45:53,476] {dag.py:2305} INFO - Setting next_dagrun for example_python_operator to None
[2021-06-07 18:45:53,482] {scheduler_job.py:190} INFO - Processing /home/encrypted/abaceti/.virtualenvs/pumpwood-airflow-images/lib/python3.6/site-packages/airflow/example_dags/example_python_operator.py took 0.038 seconds
[2021-06-07 18:46:23,552] {scheduler_job.py:182} INFO - Started process (PID=7925) to work on /home/encrypted/abaceti/.virtualenvs/pumpwood-airflow-images/lib/python3.6/site-packages/airflow/example_dags/example_python_operator.py
[2021-06-07 18:46:23,553] {scheduler_job.py:633} INFO - Processing file /home/encrypted/abaceti/.virtualenvs/pumpwood-airflow-images/lib/python3.6/site-packages/airflow/example_dags/example_python_operator.py for tasks to queue
[2021-06-07 18:46:23,553] {logging_mixin.py:104} INFO - [2021-06-07 18:46:23,553] {dagbag.py:487} INFO - Filling up the DagBag from /home/encrypted/abaceti/.virtualenvs/pumpwood-airflow-images/lib/python3.6/site-packages/airflow/example_dags/example_python_operator.py
[2021-06-07 18:46:23,560] {scheduler_job.py:643} INFO - DAG(s) dict_keys(['example_python_operator']) retrieved from /home/encrypted/abaceti/.virtualenvs/pumpwood-airflow-images/lib/python3.6/site-packages/airflow/example_dags/example_python_operator.py
[2021-06-07 18:46:23,574] {logging_mixin.py:104} INFO - [2021-06-07 18:46:23,574] {dag.py:1832} INFO - Sync 1 DAGs
[2021-06-07 18:46:23,581] {logging_mixin.py:104} INFO - [2021-06-07 18:46:23,581] {dag.py:2305} INFO - Setting next_dagrun for example_python_operator to None
[2021-06-07 18:46:23,586] {scheduler_job.py:190} INFO - Processing /home/encrypted/abaceti/.virtualenvs/pumpwood-airflow-images/lib/python3.6/site-packages/airflow/example_dags/example_python_operator.py took 0.035 seconds
[2021-06-07 18:46:53,704] {scheduler_job.py:182} INFO - Started process (PID=8114) to work on /home/encrypted/abaceti/.virtualenvs/pumpwood-airflow-images/lib/python3.6/site-packages/airflow/example_dags/example_python_operator.py
[2021-06-07 18:46:53,705] {scheduler_job.py:633} INFO - Processing file /home/encrypted/abaceti/.virtualenvs/pumpwood-airflow-images/lib/python3.6/site-packages/airflow/example_dags/example_python_operator.py for tasks to queue
[2021-06-07 18:46:53,705] {logging_mixin.py:104} INFO - [2021-06-07 18:46:53,705] {dagbag.py:487} INFO - Filling up the DagBag from /home/encrypted/abaceti/.virtualenvs/pumpwood-airflow-images/lib/python3.6/site-packages/airflow/example_dags/example_python_operator.py
[2021-06-07 18:46:53,712] {scheduler_job.py:643} INFO - DAG(s) dict_keys(['example_python_operator']) retrieved from /home/encrypted/abaceti/.virtualenvs/pumpwood-airflow-images/lib/python3.6/site-packages/airflow/example_dags/example_python_operator.py
[2021-06-07 18:46:53,727] {logging_mixin.py:104} INFO - [2021-06-07 18:46:53,727] {dag.py:1832} INFO - Sync 1 DAGs
[2021-06-07 18:46:53,736] {logging_mixin.py:104} INFO - [2021-06-07 18:46:53,736] {dag.py:2305} INFO - Setting next_dagrun for example_python_operator to None
[2021-06-07 18:46:53,741] {scheduler_job.py:190} INFO - Processing /home/encrypted/abaceti/.virtualenvs/pumpwood-airflow-images/lib/python3.6/site-packages/airflow/example_dags/example_python_operator.py took 0.038 seconds
[2021-06-07 18:47:23,937] {scheduler_job.py:182} INFO - Started process (PID=8254) to work on /home/encrypted/abaceti/.virtualenvs/pumpwood-airflow-images/lib/python3.6/site-packages/airflow/example_dags/example_python_operator.py
[2021-06-07 18:47:23,938] {scheduler_job.py:633} INFO - Processing file /home/encrypted/abaceti/.virtualenvs/pumpwood-airflow-images/lib/python3.6/site-packages/airflow/example_dags/example_python_operator.py for tasks to queue
[2021-06-07 18:47:23,938] {logging_mixin.py:104} INFO - [2021-06-07 18:47:23,938] {dagbag.py:487} INFO - Filling up the DagBag from /home/encrypted/abaceti/.virtualenvs/pumpwood-airflow-images/lib/python3.6/site-packages/airflow/example_dags/example_python_operator.py
[2021-06-07 18:47:23,945] {scheduler_job.py:643} INFO - DAG(s) dict_keys(['example_python_operator']) retrieved from /home/encrypted/abaceti/.virtualenvs/pumpwood-airflow-images/lib/python3.6/site-packages/airflow/example_dags/example_python_operator.py
[2021-06-07 18:47:23,960] {logging_mixin.py:104} INFO - [2021-06-07 18:47:23,960] {dag.py:1832} INFO - Sync 1 DAGs
[2021-06-07 18:47:23,970] {logging_mixin.py:104} INFO - [2021-06-07 18:47:23,970] {dag.py:2305} INFO - Setting next_dagrun for example_python_operator to None
[2021-06-07 18:47:23,975] {scheduler_job.py:190} INFO - Processing /home/encrypted/abaceti/.virtualenvs/pumpwood-airflow-images/lib/python3.6/site-packages/airflow/example_dags/example_python_operator.py took 0.040 seconds
[2021-06-07 18:47:54,095] {scheduler_job.py:182} INFO - Started process (PID=8474) to work on /home/encrypted/abaceti/.virtualenvs/pumpwood-airflow-images/lib/python3.6/site-packages/airflow/example_dags/example_python_operator.py
[2021-06-07 18:47:54,096] {scheduler_job.py:633} INFO - Processing file /home/encrypted/abaceti/.virtualenvs/pumpwood-airflow-images/lib/python3.6/site-packages/airflow/example_dags/example_python_operator.py for tasks to queue
[2021-06-07 18:47:54,096] {logging_mixin.py:104} INFO - [2021-06-07 18:47:54,096] {dagbag.py:487} INFO - Filling up the DagBag from /home/encrypted/abaceti/.virtualenvs/pumpwood-airflow-images/lib/python3.6/site-packages/airflow/example_dags/example_python_operator.py
[2021-06-07 18:47:54,102] {scheduler_job.py:643} INFO - DAG(s) dict_keys(['example_python_operator']) retrieved from /home/encrypted/abaceti/.virtualenvs/pumpwood-airflow-images/lib/python3.6/site-packages/airflow/example_dags/example_python_operator.py
[2021-06-07 18:47:54,117] {logging_mixin.py:104} INFO - [2021-06-07 18:47:54,117] {dag.py:1832} INFO - Sync 1 DAGs
[2021-06-07 18:47:54,125] {logging_mixin.py:104} INFO - [2021-06-07 18:47:54,124] {dag.py:2305} INFO - Setting next_dagrun for example_python_operator to None
[2021-06-07 18:47:54,130] {scheduler_job.py:190} INFO - Processing /home/encrypted/abaceti/.virtualenvs/pumpwood-airflow-images/lib/python3.6/site-packages/airflow/example_dags/example_python_operator.py took 0.036 seconds
[2021-06-07 18:48:24,299] {scheduler_job.py:182} INFO - Started process (PID=8689) to work on /home/encrypted/abaceti/.virtualenvs/pumpwood-airflow-images/lib/python3.6/site-packages/airflow/example_dags/example_python_operator.py
[2021-06-07 18:48:24,300] {scheduler_job.py:633} INFO - Processing file /home/encrypted/abaceti/.virtualenvs/pumpwood-airflow-images/lib/python3.6/site-packages/airflow/example_dags/example_python_operator.py for tasks to queue
[2021-06-07 18:48:24,300] {logging_mixin.py:104} INFO - [2021-06-07 18:48:24,300] {dagbag.py:487} INFO - Filling up the DagBag from /home/encrypted/abaceti/.virtualenvs/pumpwood-airflow-images/lib/python3.6/site-packages/airflow/example_dags/example_python_operator.py
[2021-06-07 18:48:24,306] {scheduler_job.py:643} INFO - DAG(s) dict_keys(['example_python_operator']) retrieved from /home/encrypted/abaceti/.virtualenvs/pumpwood-airflow-images/lib/python3.6/site-packages/airflow/example_dags/example_python_operator.py
[2021-06-07 18:48:24,321] {logging_mixin.py:104} INFO - [2021-06-07 18:48:24,321] {dag.py:1832} INFO - Sync 1 DAGs
[2021-06-07 18:48:24,329] {logging_mixin.py:104} INFO - [2021-06-07 18:48:24,329] {dag.py:2305} INFO - Setting next_dagrun for example_python_operator to None
[2021-06-07 18:48:24,334] {scheduler_job.py:190} INFO - Processing /home/encrypted/abaceti/.virtualenvs/pumpwood-airflow-images/lib/python3.6/site-packages/airflow/example_dags/example_python_operator.py took 0.037 seconds
[2021-06-07 18:48:49,561] {scheduler_job.py:182} INFO - Started process (PID=8883) to work on /home/encrypted/abaceti/.virtualenvs/pumpwood-airflow-images/lib/python3.6/site-packages/airflow/example_dags/example_python_operator.py
[2021-06-07 18:48:49,561] {scheduler_job.py:633} INFO - Processing file /home/encrypted/abaceti/.virtualenvs/pumpwood-airflow-images/lib/python3.6/site-packages/airflow/example_dags/example_python_operator.py for tasks to queue
[2021-06-07 18:48:49,561] {logging_mixin.py:104} INFO - [2021-06-07 18:48:49,561] {dagbag.py:487} INFO - Filling up the DagBag from /home/encrypted/abaceti/.virtualenvs/pumpwood-airflow-images/lib/python3.6/site-packages/airflow/example_dags/example_python_operator.py
[2021-06-07 18:48:49,568] {scheduler_job.py:643} INFO - DAG(s) dict_keys(['example_python_operator']) retrieved from /home/encrypted/abaceti/.virtualenvs/pumpwood-airflow-images/lib/python3.6/site-packages/airflow/example_dags/example_python_operator.py
[2021-06-07 18:48:49,583] {logging_mixin.py:104} INFO - [2021-06-07 18:48:49,583] {dag.py:1832} INFO - Sync 1 DAGs
[2021-06-07 18:48:49,591] {logging_mixin.py:104} INFO - [2021-06-07 18:48:49,591] {dag.py:2305} INFO - Setting next_dagrun for example_python_operator to None
[2021-06-07 18:48:49,597] {scheduler_job.py:190} INFO - Processing /home/encrypted/abaceti/.virtualenvs/pumpwood-airflow-images/lib/python3.6/site-packages/airflow/example_dags/example_python_operator.py took 0.038 seconds
[2021-06-07 18:49:20,613] {scheduler_job.py:182} INFO - Started process (PID=9008) to work on /home/encrypted/abaceti/.virtualenvs/pumpwood-airflow-images/lib/python3.6/site-packages/airflow/example_dags/example_python_operator.py
[2021-06-07 18:49:20,614] {scheduler_job.py:633} INFO - Processing file /home/encrypted/abaceti/.virtualenvs/pumpwood-airflow-images/lib/python3.6/site-packages/airflow/example_dags/example_python_operator.py for tasks to queue
[2021-06-07 18:49:20,614] {logging_mixin.py:104} INFO - [2021-06-07 18:49:20,614] {dagbag.py:487} INFO - Filling up the DagBag from /home/encrypted/abaceti/.virtualenvs/pumpwood-airflow-images/lib/python3.6/site-packages/airflow/example_dags/example_python_operator.py
[2021-06-07 18:49:20,620] {scheduler_job.py:643} INFO - DAG(s) dict_keys(['example_python_operator']) retrieved from /home/encrypted/abaceti/.virtualenvs/pumpwood-airflow-images/lib/python3.6/site-packages/airflow/example_dags/example_python_operator.py
[2021-06-07 18:49:20,634] {logging_mixin.py:104} INFO - [2021-06-07 18:49:20,634] {dag.py:1832} INFO - Sync 1 DAGs
[2021-06-07 18:49:20,641] {logging_mixin.py:104} INFO - [2021-06-07 18:49:20,641] {dag.py:2305} INFO - Setting next_dagrun for example_python_operator to None
[2021-06-07 18:49:20,646] {scheduler_job.py:190} INFO - Processing /home/encrypted/abaceti/.virtualenvs/pumpwood-airflow-images/lib/python3.6/site-packages/airflow/example_dags/example_python_operator.py took 0.034 seconds
[2021-06-07 18:49:50,774] {scheduler_job.py:182} INFO - Started process (PID=9183) to work on /home/encrypted/abaceti/.virtualenvs/pumpwood-airflow-images/lib/python3.6/site-packages/airflow/example_dags/example_python_operator.py
[2021-06-07 18:49:50,774] {scheduler_job.py:633} INFO - Processing file /home/encrypted/abaceti/.virtualenvs/pumpwood-airflow-images/lib/python3.6/site-packages/airflow/example_dags/example_python_operator.py for tasks to queue
[2021-06-07 18:49:50,775] {logging_mixin.py:104} INFO - [2021-06-07 18:49:50,775] {dagbag.py:487} INFO - Filling up the DagBag from /home/encrypted/abaceti/.virtualenvs/pumpwood-airflow-images/lib/python3.6/site-packages/airflow/example_dags/example_python_operator.py
[2021-06-07 18:49:50,781] {scheduler_job.py:643} INFO - DAG(s) dict_keys(['example_python_operator']) retrieved from /home/encrypted/abaceti/.virtualenvs/pumpwood-airflow-images/lib/python3.6/site-packages/airflow/example_dags/example_python_operator.py
[2021-06-07 18:49:50,795] {logging_mixin.py:104} INFO - [2021-06-07 18:49:50,795] {dag.py:1832} INFO - Sync 1 DAGs
[2021-06-07 18:49:50,804] {logging_mixin.py:104} INFO - [2021-06-07 18:49:50,804] {dag.py:2305} INFO - Setting next_dagrun for example_python_operator to None
[2021-06-07 18:49:50,809] {scheduler_job.py:190} INFO - Processing /home/encrypted/abaceti/.virtualenvs/pumpwood-airflow-images/lib/python3.6/site-packages/airflow/example_dags/example_python_operator.py took 0.037 seconds
[2021-06-07 18:50:21,087] {scheduler_job.py:182} INFO - Started process (PID=9421) to work on /home/encrypted/abaceti/.virtualenvs/pumpwood-airflow-images/lib/python3.6/site-packages/airflow/example_dags/example_python_operator.py
[2021-06-07 18:50:21,088] {scheduler_job.py:633} INFO - Processing file /home/encrypted/abaceti/.virtualenvs/pumpwood-airflow-images/lib/python3.6/site-packages/airflow/example_dags/example_python_operator.py for tasks to queue
[2021-06-07 18:50:21,088] {logging_mixin.py:104} INFO - [2021-06-07 18:50:21,088] {dagbag.py:487} INFO - Filling up the DagBag from /home/encrypted/abaceti/.virtualenvs/pumpwood-airflow-images/lib/python3.6/site-packages/airflow/example_dags/example_python_operator.py
[2021-06-07 18:50:21,094] {scheduler_job.py:643} INFO - DAG(s) dict_keys(['example_python_operator']) retrieved from /home/encrypted/abaceti/.virtualenvs/pumpwood-airflow-images/lib/python3.6/site-packages/airflow/example_dags/example_python_operator.py
[2021-06-07 18:50:21,108] {logging_mixin.py:104} INFO - [2021-06-07 18:50:21,108] {dag.py:1832} INFO - Sync 1 DAGs
[2021-06-07 18:50:21,117] {logging_mixin.py:104} INFO - [2021-06-07 18:50:21,116] {dag.py:2305} INFO - Setting next_dagrun for example_python_operator to None
[2021-06-07 18:50:21,122] {scheduler_job.py:190} INFO - Processing /home/encrypted/abaceti/.virtualenvs/pumpwood-airflow-images/lib/python3.6/site-packages/airflow/example_dags/example_python_operator.py took 0.036 seconds
[2021-06-07 18:50:51,378] {scheduler_job.py:182} INFO - Started process (PID=9583) to work on /home/encrypted/abaceti/.virtualenvs/pumpwood-airflow-images/lib/python3.6/site-packages/airflow/example_dags/example_python_operator.py
[2021-06-07 18:50:51,378] {scheduler_job.py:633} INFO - Processing file /home/encrypted/abaceti/.virtualenvs/pumpwood-airflow-images/lib/python3.6/site-packages/airflow/example_dags/example_python_operator.py for tasks to queue
[2021-06-07 18:50:51,379] {logging_mixin.py:104} INFO - [2021-06-07 18:50:51,379] {dagbag.py:487} INFO - Filling up the DagBag from /home/encrypted/abaceti/.virtualenvs/pumpwood-airflow-images/lib/python3.6/site-packages/airflow/example_dags/example_python_operator.py
[2021-06-07 18:50:51,386] {scheduler_job.py:643} INFO - DAG(s) dict_keys(['example_python_operator']) retrieved from /home/encrypted/abaceti/.virtualenvs/pumpwood-airflow-images/lib/python3.6/site-packages/airflow/example_dags/example_python_operator.py
[2021-06-07 18:50:51,402] {logging_mixin.py:104} INFO - [2021-06-07 18:50:51,402] {dag.py:1832} INFO - Sync 1 DAGs
[2021-06-07 18:50:51,410] {logging_mixin.py:104} INFO - [2021-06-07 18:50:51,410] {dag.py:2305} INFO - Setting next_dagrun for example_python_operator to None
[2021-06-07 18:50:51,416] {scheduler_job.py:190} INFO - Processing /home/encrypted/abaceti/.virtualenvs/pumpwood-airflow-images/lib/python3.6/site-packages/airflow/example_dags/example_python_operator.py took 0.040 seconds
[2021-06-07 18:51:21,450] {scheduler_job.py:182} INFO - Started process (PID=9698) to work on /home/encrypted/abaceti/.virtualenvs/pumpwood-airflow-images/lib/python3.6/site-packages/airflow/example_dags/example_python_operator.py
[2021-06-07 18:51:21,451] {scheduler_job.py:633} INFO - Processing file /home/encrypted/abaceti/.virtualenvs/pumpwood-airflow-images/lib/python3.6/site-packages/airflow/example_dags/example_python_operator.py for tasks to queue
[2021-06-07 18:51:21,451] {logging_mixin.py:104} INFO - [2021-06-07 18:51:21,451] {dagbag.py:487} INFO - Filling up the DagBag from /home/encrypted/abaceti/.virtualenvs/pumpwood-airflow-images/lib/python3.6/site-packages/airflow/example_dags/example_python_operator.py
[2021-06-07 18:51:21,457] {scheduler_job.py:643} INFO - DAG(s) dict_keys(['example_python_operator']) retrieved from /home/encrypted/abaceti/.virtualenvs/pumpwood-airflow-images/lib/python3.6/site-packages/airflow/example_dags/example_python_operator.py
[2021-06-07 18:51:21,472] {logging_mixin.py:104} INFO - [2021-06-07 18:51:21,472] {dag.py:1832} INFO - Sync 1 DAGs
[2021-06-07 18:51:21,480] {logging_mixin.py:104} INFO - [2021-06-07 18:51:21,480] {dag.py:2305} INFO - Setting next_dagrun for example_python_operator to None
[2021-06-07 18:51:21,485] {scheduler_job.py:190} INFO - Processing /home/encrypted/abaceti/.virtualenvs/pumpwood-airflow-images/lib/python3.6/site-packages/airflow/example_dags/example_python_operator.py took 0.036 seconds
[2021-06-07 18:51:51,613] {scheduler_job.py:182} INFO - Started process (PID=9864) to work on /home/encrypted/abaceti/.virtualenvs/pumpwood-airflow-images/lib/python3.6/site-packages/airflow/example_dags/example_python_operator.py
[2021-06-07 18:51:51,613] {scheduler_job.py:633} INFO - Processing file /home/encrypted/abaceti/.virtualenvs/pumpwood-airflow-images/lib/python3.6/site-packages/airflow/example_dags/example_python_operator.py for tasks to queue
[2021-06-07 18:51:51,614] {logging_mixin.py:104} INFO - [2021-06-07 18:51:51,614] {dagbag.py:487} INFO - Filling up the DagBag from /home/encrypted/abaceti/.virtualenvs/pumpwood-airflow-images/lib/python3.6/site-packages/airflow/example_dags/example_python_operator.py
[2021-06-07 18:51:51,620] {scheduler_job.py:643} INFO - DAG(s) dict_keys(['example_python_operator']) retrieved from /home/encrypted/abaceti/.virtualenvs/pumpwood-airflow-images/lib/python3.6/site-packages/airflow/example_dags/example_python_operator.py
[2021-06-07 18:51:51,635] {logging_mixin.py:104} INFO - [2021-06-07 18:51:51,635] {dag.py:1832} INFO - Sync 1 DAGs
[2021-06-07 18:51:51,644] {logging_mixin.py:104} INFO - [2021-06-07 18:51:51,644] {dag.py:2305} INFO - Setting next_dagrun for example_python_operator to None
[2021-06-07 18:51:51,649] {scheduler_job.py:190} INFO - Processing /home/encrypted/abaceti/.virtualenvs/pumpwood-airflow-images/lib/python3.6/site-packages/airflow/example_dags/example_python_operator.py took 0.038 seconds
[2021-06-07 18:52:21,858] {scheduler_job.py:182} INFO - Started process (PID=9982) to work on /home/encrypted/abaceti/.virtualenvs/pumpwood-airflow-images/lib/python3.6/site-packages/airflow/example_dags/example_python_operator.py
[2021-06-07 18:52:21,858] {scheduler_job.py:633} INFO - Processing file /home/encrypted/abaceti/.virtualenvs/pumpwood-airflow-images/lib/python3.6/site-packages/airflow/example_dags/example_python_operator.py for tasks to queue
[2021-06-07 18:52:21,858] {logging_mixin.py:104} INFO - [2021-06-07 18:52:21,858] {dagbag.py:487} INFO - Filling up the DagBag from /home/encrypted/abaceti/.virtualenvs/pumpwood-airflow-images/lib/python3.6/site-packages/airflow/example_dags/example_python_operator.py
[2021-06-07 18:52:21,864] {scheduler_job.py:643} INFO - DAG(s) dict_keys(['example_python_operator']) retrieved from /home/encrypted/abaceti/.virtualenvs/pumpwood-airflow-images/lib/python3.6/site-packages/airflow/example_dags/example_python_operator.py
[2021-06-07 18:52:21,878] {logging_mixin.py:104} INFO - [2021-06-07 18:52:21,878] {dag.py:1832} INFO - Sync 1 DAGs
[2021-06-07 18:52:21,886] {logging_mixin.py:104} INFO - [2021-06-07 18:52:21,886] {dag.py:2305} INFO - Setting next_dagrun for example_python_operator to None
[2021-06-07 18:52:21,891] {scheduler_job.py:190} INFO - Processing /home/encrypted/abaceti/.virtualenvs/pumpwood-airflow-images/lib/python3.6/site-packages/airflow/example_dags/example_python_operator.py took 0.035 seconds
[2021-06-07 18:52:53,068] {scheduler_job.py:182} INFO - Started process (PID=10796) to work on /home/encrypted/abaceti/.virtualenvs/pumpwood-airflow-images/lib/python3.6/site-packages/airflow/example_dags/example_python_operator.py
[2021-06-07 18:52:53,069] {scheduler_job.py:633} INFO - Processing file /home/encrypted/abaceti/.virtualenvs/pumpwood-airflow-images/lib/python3.6/site-packages/airflow/example_dags/example_python_operator.py for tasks to queue
[2021-06-07 18:52:53,069] {logging_mixin.py:104} INFO - [2021-06-07 18:52:53,069] {dagbag.py:487} INFO - Filling up the DagBag from /home/encrypted/abaceti/.virtualenvs/pumpwood-airflow-images/lib/python3.6/site-packages/airflow/example_dags/example_python_operator.py
[2021-06-07 18:52:53,075] {scheduler_job.py:643} INFO - DAG(s) dict_keys(['example_python_operator']) retrieved from /home/encrypted/abaceti/.virtualenvs/pumpwood-airflow-images/lib/python3.6/site-packages/airflow/example_dags/example_python_operator.py
[2021-06-07 18:52:53,088] {logging_mixin.py:104} INFO - [2021-06-07 18:52:53,088] {dag.py:1832} INFO - Sync 1 DAGs
[2021-06-07 18:52:53,096] {logging_mixin.py:104} INFO - [2021-06-07 18:52:53,096] {dag.py:2305} INFO - Setting next_dagrun for example_python_operator to None
[2021-06-07 18:52:53,102] {scheduler_job.py:190} INFO - Processing /home/encrypted/abaceti/.virtualenvs/pumpwood-airflow-images/lib/python3.6/site-packages/airflow/example_dags/example_python_operator.py took 0.035 seconds
[2021-06-07 18:53:23,242] {scheduler_job.py:182} INFO - Started process (PID=11119) to work on /home/encrypted/abaceti/.virtualenvs/pumpwood-airflow-images/lib/python3.6/site-packages/airflow/example_dags/example_python_operator.py
[2021-06-07 18:53:23,242] {scheduler_job.py:633} INFO - Processing file /home/encrypted/abaceti/.virtualenvs/pumpwood-airflow-images/lib/python3.6/site-packages/airflow/example_dags/example_python_operator.py for tasks to queue
[2021-06-07 18:53:23,243] {logging_mixin.py:104} INFO - [2021-06-07 18:53:23,243] {dagbag.py:487} INFO - Filling up the DagBag from /home/encrypted/abaceti/.virtualenvs/pumpwood-airflow-images/lib/python3.6/site-packages/airflow/example_dags/example_python_operator.py
[2021-06-07 18:53:23,248] {scheduler_job.py:643} INFO - DAG(s) dict_keys(['example_python_operator']) retrieved from /home/encrypted/abaceti/.virtualenvs/pumpwood-airflow-images/lib/python3.6/site-packages/airflow/example_dags/example_python_operator.py
[2021-06-07 18:53:23,263] {logging_mixin.py:104} INFO - [2021-06-07 18:53:23,263] {dag.py:1832} INFO - Sync 1 DAGs
[2021-06-07 18:53:23,271] {logging_mixin.py:104} INFO - [2021-06-07 18:53:23,271] {dag.py:2305} INFO - Setting next_dagrun for example_python_operator to None
[2021-06-07 18:53:23,277] {scheduler_job.py:190} INFO - Processing /home/encrypted/abaceti/.virtualenvs/pumpwood-airflow-images/lib/python3.6/site-packages/airflow/example_dags/example_python_operator.py took 0.036 seconds
[2021-06-07 18:53:53,442] {scheduler_job.py:182} INFO - Started process (PID=11503) to work on /home/encrypted/abaceti/.virtualenvs/pumpwood-airflow-images/lib/python3.6/site-packages/airflow/example_dags/example_python_operator.py
[2021-06-07 18:53:53,442] {scheduler_job.py:633} INFO - Processing file /home/encrypted/abaceti/.virtualenvs/pumpwood-airflow-images/lib/python3.6/site-packages/airflow/example_dags/example_python_operator.py for tasks to queue
[2021-06-07 18:53:53,442] {logging_mixin.py:104} INFO - [2021-06-07 18:53:53,442] {dagbag.py:487} INFO - Filling up the DagBag from /home/encrypted/abaceti/.virtualenvs/pumpwood-airflow-images/lib/python3.6/site-packages/airflow/example_dags/example_python_operator.py
[2021-06-07 18:53:53,448] {scheduler_job.py:643} INFO - DAG(s) dict_keys(['example_python_operator']) retrieved from /home/encrypted/abaceti/.virtualenvs/pumpwood-airflow-images/lib/python3.6/site-packages/airflow/example_dags/example_python_operator.py
[2021-06-07 18:53:53,463] {logging_mixin.py:104} INFO - [2021-06-07 18:53:53,463] {dag.py:1832} INFO - Sync 1 DAGs
[2021-06-07 18:53:53,472] {logging_mixin.py:104} INFO - [2021-06-07 18:53:53,472] {dag.py:2305} INFO - Setting next_dagrun for example_python_operator to None
[2021-06-07 18:53:53,478] {scheduler_job.py:190} INFO - Processing /home/encrypted/abaceti/.virtualenvs/pumpwood-airflow-images/lib/python3.6/site-packages/airflow/example_dags/example_python_operator.py took 0.038 seconds
[2021-06-07 18:54:24,623] {scheduler_job.py:182} INFO - Started process (PID=11918) to work on /home/encrypted/abaceti/.virtualenvs/pumpwood-airflow-images/lib/python3.6/site-packages/airflow/example_dags/example_python_operator.py
[2021-06-07 18:54:24,624] {scheduler_job.py:633} INFO - Processing file /home/encrypted/abaceti/.virtualenvs/pumpwood-airflow-images/lib/python3.6/site-packages/airflow/example_dags/example_python_operator.py for tasks to queue
[2021-06-07 18:54:24,624] {logging_mixin.py:104} INFO - [2021-06-07 18:54:24,624] {dagbag.py:487} INFO - Filling up the DagBag from /home/encrypted/abaceti/.virtualenvs/pumpwood-airflow-images/lib/python3.6/site-packages/airflow/example_dags/example_python_operator.py
[2021-06-07 18:54:24,630] {scheduler_job.py:643} INFO - DAG(s) dict_keys(['example_python_operator']) retrieved from /home/encrypted/abaceti/.virtualenvs/pumpwood-airflow-images/lib/python3.6/site-packages/airflow/example_dags/example_python_operator.py
[2021-06-07 18:54:24,645] {logging_mixin.py:104} INFO - [2021-06-07 18:54:24,645] {dag.py:1832} INFO - Sync 1 DAGs
[2021-06-07 18:54:24,653] {logging_mixin.py:104} INFO - [2021-06-07 18:54:24,653] {dag.py:2305} INFO - Setting next_dagrun for example_python_operator to None
[2021-06-07 18:54:24,658] {scheduler_job.py:190} INFO - Processing /home/encrypted/abaceti/.virtualenvs/pumpwood-airflow-images/lib/python3.6/site-packages/airflow/example_dags/example_python_operator.py took 0.037 seconds
[2021-06-07 18:54:54,796] {scheduler_job.py:182} INFO - Started process (PID=12133) to work on /home/encrypted/abaceti/.virtualenvs/pumpwood-airflow-images/lib/python3.6/site-packages/airflow/example_dags/example_python_operator.py
[2021-06-07 18:54:54,796] {scheduler_job.py:633} INFO - Processing file /home/encrypted/abaceti/.virtualenvs/pumpwood-airflow-images/lib/python3.6/site-packages/airflow/example_dags/example_python_operator.py for tasks to queue
[2021-06-07 18:54:54,797] {logging_mixin.py:104} INFO - [2021-06-07 18:54:54,797] {dagbag.py:487} INFO - Filling up the DagBag from /home/encrypted/abaceti/.virtualenvs/pumpwood-airflow-images/lib/python3.6/site-packages/airflow/example_dags/example_python_operator.py
[2021-06-07 18:54:54,803] {scheduler_job.py:643} INFO - DAG(s) dict_keys(['example_python_operator']) retrieved from /home/encrypted/abaceti/.virtualenvs/pumpwood-airflow-images/lib/python3.6/site-packages/airflow/example_dags/example_python_operator.py
[2021-06-07 18:54:54,818] {logging_mixin.py:104} INFO - [2021-06-07 18:54:54,817] {dag.py:1832} INFO - Sync 1 DAGs
[2021-06-07 18:54:54,825] {logging_mixin.py:104} INFO - [2021-06-07 18:54:54,825] {dag.py:2305} INFO - Setting next_dagrun for example_python_operator to None
[2021-06-07 18:54:54,831] {scheduler_job.py:190} INFO - Processing /home/encrypted/abaceti/.virtualenvs/pumpwood-airflow-images/lib/python3.6/site-packages/airflow/example_dags/example_python_operator.py took 0.036 seconds
[2021-06-07 18:55:24,871] {scheduler_job.py:182} INFO - Started process (PID=12304) to work on /home/encrypted/abaceti/.virtualenvs/pumpwood-airflow-images/lib/python3.6/site-packages/airflow/example_dags/example_python_operator.py
[2021-06-07 18:55:24,871] {scheduler_job.py:633} INFO - Processing file /home/encrypted/abaceti/.virtualenvs/pumpwood-airflow-images/lib/python3.6/site-packages/airflow/example_dags/example_python_operator.py for tasks to queue
[2021-06-07 18:55:24,872] {logging_mixin.py:104} INFO - [2021-06-07 18:55:24,872] {dagbag.py:487} INFO - Filling up the DagBag from /home/encrypted/abaceti/.virtualenvs/pumpwood-airflow-images/lib/python3.6/site-packages/airflow/example_dags/example_python_operator.py
[2021-06-07 18:55:24,878] {scheduler_job.py:643} INFO - DAG(s) dict_keys(['example_python_operator']) retrieved from /home/encrypted/abaceti/.virtualenvs/pumpwood-airflow-images/lib/python3.6/site-packages/airflow/example_dags/example_python_operator.py
[2021-06-07 18:55:24,894] {logging_mixin.py:104} INFO - [2021-06-07 18:55:24,894] {dag.py:1832} INFO - Sync 1 DAGs
[2021-06-07 18:55:24,904] {logging_mixin.py:104} INFO - [2021-06-07 18:55:24,904] {dag.py:2305} INFO - Setting next_dagrun for example_python_operator to None
[2021-06-07 18:55:24,911] {scheduler_job.py:190} INFO - Processing /home/encrypted/abaceti/.virtualenvs/pumpwood-airflow-images/lib/python3.6/site-packages/airflow/example_dags/example_python_operator.py took 0.041 seconds
[2021-06-07 18:55:55,038] {scheduler_job.py:182} INFO - Started process (PID=12526) to work on /home/encrypted/abaceti/.virtualenvs/pumpwood-airflow-images/lib/python3.6/site-packages/airflow/example_dags/example_python_operator.py
[2021-06-07 18:55:55,038] {scheduler_job.py:633} INFO - Processing file /home/encrypted/abaceti/.virtualenvs/pumpwood-airflow-images/lib/python3.6/site-packages/airflow/example_dags/example_python_operator.py for tasks to queue
[2021-06-07 18:55:55,039] {logging_mixin.py:104} INFO - [2021-06-07 18:55:55,039] {dagbag.py:487} INFO - Filling up the DagBag from /home/encrypted/abaceti/.virtualenvs/pumpwood-airflow-images/lib/python3.6/site-packages/airflow/example_dags/example_python_operator.py
[2021-06-07 18:55:55,044] {scheduler_job.py:643} INFO - DAG(s) dict_keys(['example_python_operator']) retrieved from /home/encrypted/abaceti/.virtualenvs/pumpwood-airflow-images/lib/python3.6/site-packages/airflow/example_dags/example_python_operator.py
[2021-06-07 18:55:55,060] {logging_mixin.py:104} INFO - [2021-06-07 18:55:55,059] {dag.py:1832} INFO - Sync 1 DAGs
[2021-06-07 18:55:55,068] {logging_mixin.py:104} INFO - [2021-06-07 18:55:55,068] {dag.py:2305} INFO - Setting next_dagrun for example_python_operator to None
[2021-06-07 18:55:55,073] {scheduler_job.py:190} INFO - Processing /home/encrypted/abaceti/.virtualenvs/pumpwood-airflow-images/lib/python3.6/site-packages/airflow/example_dags/example_python_operator.py took 0.037 seconds
[2021-06-07 18:56:25,278] {scheduler_job.py:182} INFO - Started process (PID=12721) to work on /home/encrypted/abaceti/.virtualenvs/pumpwood-airflow-images/lib/python3.6/site-packages/airflow/example_dags/example_python_operator.py
[2021-06-07 18:56:25,278] {scheduler_job.py:633} INFO - Processing file /home/encrypted/abaceti/.virtualenvs/pumpwood-airflow-images/lib/python3.6/site-packages/airflow/example_dags/example_python_operator.py for tasks to queue
[2021-06-07 18:56:25,279] {logging_mixin.py:104} INFO - [2021-06-07 18:56:25,279] {dagbag.py:487} INFO - Filling up the DagBag from /home/encrypted/abaceti/.virtualenvs/pumpwood-airflow-images/lib/python3.6/site-packages/airflow/example_dags/example_python_operator.py
[2021-06-07 18:56:25,285] {scheduler_job.py:643} INFO - DAG(s) dict_keys(['example_python_operator']) retrieved from /home/encrypted/abaceti/.virtualenvs/pumpwood-airflow-images/lib/python3.6/site-packages/airflow/example_dags/example_python_operator.py
[2021-06-07 18:56:25,301] {logging_mixin.py:104} INFO - [2021-06-07 18:56:25,301] {dag.py:1832} INFO - Sync 1 DAGs
[2021-06-07 18:56:25,310] {logging_mixin.py:104} INFO - [2021-06-07 18:56:25,310] {dag.py:2305} INFO - Setting next_dagrun for example_python_operator to None
[2021-06-07 18:56:25,315] {scheduler_job.py:190} INFO - Processing /home/encrypted/abaceti/.virtualenvs/pumpwood-airflow-images/lib/python3.6/site-packages/airflow/example_dags/example_python_operator.py took 0.038 seconds
[2021-06-07 18:56:56,272] {scheduler_job.py:182} INFO - Started process (PID=12930) to work on /home/encrypted/abaceti/.virtualenvs/pumpwood-airflow-images/lib/python3.6/site-packages/airflow/example_dags/example_python_operator.py
[2021-06-07 18:56:56,272] {scheduler_job.py:633} INFO - Processing file /home/encrypted/abaceti/.virtualenvs/pumpwood-airflow-images/lib/python3.6/site-packages/airflow/example_dags/example_python_operator.py for tasks to queue
[2021-06-07 18:56:56,273] {logging_mixin.py:104} INFO - [2021-06-07 18:56:56,273] {dagbag.py:487} INFO - Filling up the DagBag from /home/encrypted/abaceti/.virtualenvs/pumpwood-airflow-images/lib/python3.6/site-packages/airflow/example_dags/example_python_operator.py
[2021-06-07 18:56:56,279] {scheduler_job.py:643} INFO - DAG(s) dict_keys(['example_python_operator']) retrieved from /home/encrypted/abaceti/.virtualenvs/pumpwood-airflow-images/lib/python3.6/site-packages/airflow/example_dags/example_python_operator.py
[2021-06-07 18:56:56,294] {logging_mixin.py:104} INFO - [2021-06-07 18:56:56,294] {dag.py:1832} INFO - Sync 1 DAGs
[2021-06-07 18:56:56,303] {logging_mixin.py:104} INFO - [2021-06-07 18:56:56,303] {dag.py:2305} INFO - Setting next_dagrun for example_python_operator to None
[2021-06-07 18:56:56,308] {scheduler_job.py:190} INFO - Processing /home/encrypted/abaceti/.virtualenvs/pumpwood-airflow-images/lib/python3.6/site-packages/airflow/example_dags/example_python_operator.py took 0.038 seconds
[2021-06-07 18:57:27,260] {scheduler_job.py:182} INFO - Started process (PID=13048) to work on /home/encrypted/abaceti/.virtualenvs/pumpwood-airflow-images/lib/python3.6/site-packages/airflow/example_dags/example_python_operator.py
[2021-06-07 18:57:27,260] {scheduler_job.py:633} INFO - Processing file /home/encrypted/abaceti/.virtualenvs/pumpwood-airflow-images/lib/python3.6/site-packages/airflow/example_dags/example_python_operator.py for tasks to queue
[2021-06-07 18:57:27,261] {logging_mixin.py:104} INFO - [2021-06-07 18:57:27,261] {dagbag.py:487} INFO - Filling up the DagBag from /home/encrypted/abaceti/.virtualenvs/pumpwood-airflow-images/lib/python3.6/site-packages/airflow/example_dags/example_python_operator.py
[2021-06-07 18:57:27,267] {scheduler_job.py:643} INFO - DAG(s) dict_keys(['example_python_operator']) retrieved from /home/encrypted/abaceti/.virtualenvs/pumpwood-airflow-images/lib/python3.6/site-packages/airflow/example_dags/example_python_operator.py
[2021-06-07 18:57:27,283] {logging_mixin.py:104} INFO - [2021-06-07 18:57:27,283] {dag.py:1832} INFO - Sync 1 DAGs
[2021-06-07 18:57:27,291] {logging_mixin.py:104} INFO - [2021-06-07 18:57:27,291] {dag.py:2305} INFO - Setting next_dagrun for example_python_operator to None
[2021-06-07 18:57:27,296] {scheduler_job.py:190} INFO - Processing /home/encrypted/abaceti/.virtualenvs/pumpwood-airflow-images/lib/python3.6/site-packages/airflow/example_dags/example_python_operator.py took 0.038 seconds
[2021-06-07 18:57:57,557] {scheduler_job.py:182} INFO - Started process (PID=13223) to work on /home/encrypted/abaceti/.virtualenvs/pumpwood-airflow-images/lib/python3.6/site-packages/airflow/example_dags/example_python_operator.py
[2021-06-07 18:57:57,557] {scheduler_job.py:633} INFO - Processing file /home/encrypted/abaceti/.virtualenvs/pumpwood-airflow-images/lib/python3.6/site-packages/airflow/example_dags/example_python_operator.py for tasks to queue
[2021-06-07 18:57:57,558] {logging_mixin.py:104} INFO - [2021-06-07 18:57:57,558] {dagbag.py:487} INFO - Filling up the DagBag from /home/encrypted/abaceti/.virtualenvs/pumpwood-airflow-images/lib/python3.6/site-packages/airflow/example_dags/example_python_operator.py
[2021-06-07 18:57:57,564] {scheduler_job.py:643} INFO - DAG(s) dict_keys(['example_python_operator']) retrieved from /home/encrypted/abaceti/.virtualenvs/pumpwood-airflow-images/lib/python3.6/site-packages/airflow/example_dags/example_python_operator.py
[2021-06-07 18:57:57,578] {logging_mixin.py:104} INFO - [2021-06-07 18:57:57,578] {dag.py:1832} INFO - Sync 1 DAGs
[2021-06-07 18:57:57,586] {logging_mixin.py:104} INFO - [2021-06-07 18:57:57,586] {dag.py:2305} INFO - Setting next_dagrun for example_python_operator to None
[2021-06-07 18:57:57,592] {scheduler_job.py:190} INFO - Processing /home/encrypted/abaceti/.virtualenvs/pumpwood-airflow-images/lib/python3.6/site-packages/airflow/example_dags/example_python_operator.py took 0.036 seconds
[2021-06-07 18:58:28,581] {scheduler_job.py:182} INFO - Started process (PID=13338) to work on /home/encrypted/abaceti/.virtualenvs/pumpwood-airflow-images/lib/python3.6/site-packages/airflow/example_dags/example_python_operator.py
[2021-06-07 18:58:28,581] {scheduler_job.py:633} INFO - Processing file /home/encrypted/abaceti/.virtualenvs/pumpwood-airflow-images/lib/python3.6/site-packages/airflow/example_dags/example_python_operator.py for tasks to queue
[2021-06-07 18:58:28,582] {logging_mixin.py:104} INFO - [2021-06-07 18:58:28,582] {dagbag.py:487} INFO - Filling up the DagBag from /home/encrypted/abaceti/.virtualenvs/pumpwood-airflow-images/lib/python3.6/site-packages/airflow/example_dags/example_python_operator.py
[2021-06-07 18:58:28,588] {scheduler_job.py:643} INFO - DAG(s) dict_keys(['example_python_operator']) retrieved from /home/encrypted/abaceti/.virtualenvs/pumpwood-airflow-images/lib/python3.6/site-packages/airflow/example_dags/example_python_operator.py
[2021-06-07 18:58:28,602] {logging_mixin.py:104} INFO - [2021-06-07 18:58:28,602] {dag.py:1832} INFO - Sync 1 DAGs
[2021-06-07 18:58:28,611] {logging_mixin.py:104} INFO - [2021-06-07 18:58:28,611] {dag.py:2305} INFO - Setting next_dagrun for example_python_operator to None
[2021-06-07 18:58:28,617] {scheduler_job.py:190} INFO - Processing /home/encrypted/abaceti/.virtualenvs/pumpwood-airflow-images/lib/python3.6/site-packages/airflow/example_dags/example_python_operator.py took 0.037 seconds
[2021-06-07 18:58:59,775] {scheduler_job.py:182} INFO - Started process (PID=13513) to work on /home/encrypted/abaceti/.virtualenvs/pumpwood-airflow-images/lib/python3.6/site-packages/airflow/example_dags/example_python_operator.py
[2021-06-07 18:58:59,775] {scheduler_job.py:633} INFO - Processing file /home/encrypted/abaceti/.virtualenvs/pumpwood-airflow-images/lib/python3.6/site-packages/airflow/example_dags/example_python_operator.py for tasks to queue
[2021-06-07 18:58:59,776] {logging_mixin.py:104} INFO - [2021-06-07 18:58:59,776] {dagbag.py:487} INFO - Filling up the DagBag from /home/encrypted/abaceti/.virtualenvs/pumpwood-airflow-images/lib/python3.6/site-packages/airflow/example_dags/example_python_operator.py
[2021-06-07 18:58:59,782] {scheduler_job.py:643} INFO - DAG(s) dict_keys(['example_python_operator']) retrieved from /home/encrypted/abaceti/.virtualenvs/pumpwood-airflow-images/lib/python3.6/site-packages/airflow/example_dags/example_python_operator.py
[2021-06-07 18:58:59,796] {logging_mixin.py:104} INFO - [2021-06-07 18:58:59,796] {dag.py:1832} INFO - Sync 1 DAGs
[2021-06-07 18:58:59,805] {logging_mixin.py:104} INFO - [2021-06-07 18:58:59,805] {dag.py:2305} INFO - Setting next_dagrun for example_python_operator to None
[2021-06-07 18:58:59,810] {scheduler_job.py:190} INFO - Processing /home/encrypted/abaceti/.virtualenvs/pumpwood-airflow-images/lib/python3.6/site-packages/airflow/example_dags/example_python_operator.py took 0.037 seconds
[2021-06-07 18:59:29,953] {scheduler_job.py:182} INFO - Started process (PID=13638) to work on /home/encrypted/abaceti/.virtualenvs/pumpwood-airflow-images/lib/python3.6/site-packages/airflow/example_dags/example_python_operator.py
[2021-06-07 18:59:29,954] {scheduler_job.py:633} INFO - Processing file /home/encrypted/abaceti/.virtualenvs/pumpwood-airflow-images/lib/python3.6/site-packages/airflow/example_dags/example_python_operator.py for tasks to queue
[2021-06-07 18:59:29,954] {logging_mixin.py:104} INFO - [2021-06-07 18:59:29,954] {dagbag.py:487} INFO - Filling up the DagBag from /home/encrypted/abaceti/.virtualenvs/pumpwood-airflow-images/lib/python3.6/site-packages/airflow/example_dags/example_python_operator.py
[2021-06-07 18:59:29,961] {scheduler_job.py:643} INFO - DAG(s) dict_keys(['example_python_operator']) retrieved from /home/encrypted/abaceti/.virtualenvs/pumpwood-airflow-images/lib/python3.6/site-packages/airflow/example_dags/example_python_operator.py
[2021-06-07 18:59:29,977] {logging_mixin.py:104} INFO - [2021-06-07 18:59:29,977] {dag.py:1832} INFO - Sync 1 DAGs
[2021-06-07 18:59:29,987] {logging_mixin.py:104} INFO - [2021-06-07 18:59:29,987] {dag.py:2305} INFO - Setting next_dagrun for example_python_operator to None
[2021-06-07 18:59:29,992] {scheduler_job.py:190} INFO - Processing /home/encrypted/abaceti/.virtualenvs/pumpwood-airflow-images/lib/python3.6/site-packages/airflow/example_dags/example_python_operator.py took 0.042 seconds
[2021-06-07 19:00:00,098] {scheduler_job.py:182} INFO - Started process (PID=13800) to work on /home/encrypted/abaceti/.virtualenvs/pumpwood-airflow-images/lib/python3.6/site-packages/airflow/example_dags/example_python_operator.py
[2021-06-07 19:00:00,098] {scheduler_job.py:633} INFO - Processing file /home/encrypted/abaceti/.virtualenvs/pumpwood-airflow-images/lib/python3.6/site-packages/airflow/example_dags/example_python_operator.py for tasks to queue
[2021-06-07 19:00:00,098] {logging_mixin.py:104} INFO - [2021-06-07 19:00:00,098] {dagbag.py:487} INFO - Filling up the DagBag from /home/encrypted/abaceti/.virtualenvs/pumpwood-airflow-images/lib/python3.6/site-packages/airflow/example_dags/example_python_operator.py
[2021-06-07 19:00:00,104] {scheduler_job.py:643} INFO - DAG(s) dict_keys(['example_python_operator']) retrieved from /home/encrypted/abaceti/.virtualenvs/pumpwood-airflow-images/lib/python3.6/site-packages/airflow/example_dags/example_python_operator.py
[2021-06-07 19:00:00,120] {logging_mixin.py:104} INFO - [2021-06-07 19:00:00,120] {dag.py:1832} INFO - Sync 1 DAGs
[2021-06-07 19:00:00,128] {logging_mixin.py:104} INFO - [2021-06-07 19:00:00,128] {dag.py:2305} INFO - Setting next_dagrun for example_python_operator to None
[2021-06-07 19:00:00,133] {scheduler_job.py:190} INFO - Processing /home/encrypted/abaceti/.virtualenvs/pumpwood-airflow-images/lib/python3.6/site-packages/airflow/example_dags/example_python_operator.py took 0.037 seconds
[2021-06-07 19:00:30,253] {scheduler_job.py:182} INFO - Started process (PID=13916) to work on /home/encrypted/abaceti/.virtualenvs/pumpwood-airflow-images/lib/python3.6/site-packages/airflow/example_dags/example_python_operator.py
[2021-06-07 19:00:30,253] {scheduler_job.py:633} INFO - Processing file /home/encrypted/abaceti/.virtualenvs/pumpwood-airflow-images/lib/python3.6/site-packages/airflow/example_dags/example_python_operator.py for tasks to queue
[2021-06-07 19:00:30,254] {logging_mixin.py:104} INFO - [2021-06-07 19:00:30,254] {dagbag.py:487} INFO - Filling up the DagBag from /home/encrypted/abaceti/.virtualenvs/pumpwood-airflow-images/lib/python3.6/site-packages/airflow/example_dags/example_python_operator.py
[2021-06-07 19:00:30,260] {scheduler_job.py:643} INFO - DAG(s) dict_keys(['example_python_operator']) retrieved from /home/encrypted/abaceti/.virtualenvs/pumpwood-airflow-images/lib/python3.6/site-packages/airflow/example_dags/example_python_operator.py
[2021-06-07 19:00:30,276] {logging_mixin.py:104} INFO - [2021-06-07 19:00:30,276] {dag.py:1832} INFO - Sync 1 DAGs
[2021-06-07 19:00:30,285] {logging_mixin.py:104} INFO - [2021-06-07 19:00:30,285] {dag.py:2305} INFO - Setting next_dagrun for example_python_operator to None
[2021-06-07 19:00:30,290] {scheduler_job.py:190} INFO - Processing /home/encrypted/abaceti/.virtualenvs/pumpwood-airflow-images/lib/python3.6/site-packages/airflow/example_dags/example_python_operator.py took 0.039 seconds
[2021-06-07 19:01:00,431] {scheduler_job.py:182} INFO - Started process (PID=14110) to work on /home/encrypted/abaceti/.virtualenvs/pumpwood-airflow-images/lib/python3.6/site-packages/airflow/example_dags/example_python_operator.py
[2021-06-07 19:01:00,432] {scheduler_job.py:633} INFO - Processing file /home/encrypted/abaceti/.virtualenvs/pumpwood-airflow-images/lib/python3.6/site-packages/airflow/example_dags/example_python_operator.py for tasks to queue
[2021-06-07 19:01:00,432] {logging_mixin.py:104} INFO - [2021-06-07 19:01:00,432] {dagbag.py:487} INFO - Filling up the DagBag from /home/encrypted/abaceti/.virtualenvs/pumpwood-airflow-images/lib/python3.6/site-packages/airflow/example_dags/example_python_operator.py
[2021-06-07 19:01:00,438] {scheduler_job.py:643} INFO - DAG(s) dict_keys(['example_python_operator']) retrieved from /home/encrypted/abaceti/.virtualenvs/pumpwood-airflow-images/lib/python3.6/site-packages/airflow/example_dags/example_python_operator.py
[2021-06-07 19:01:00,454] {logging_mixin.py:104} INFO - [2021-06-07 19:01:00,454] {dag.py:1832} INFO - Sync 1 DAGs
[2021-06-07 19:01:00,463] {logging_mixin.py:104} INFO - [2021-06-07 19:01:00,463] {dag.py:2305} INFO - Setting next_dagrun for example_python_operator to None
[2021-06-07 19:01:00,469] {scheduler_job.py:190} INFO - Processing /home/encrypted/abaceti/.virtualenvs/pumpwood-airflow-images/lib/python3.6/site-packages/airflow/example_dags/example_python_operator.py took 0.039 seconds
[2021-06-07 19:01:30,779] {scheduler_job.py:182} INFO - Started process (PID=14231) to work on /home/encrypted/abaceti/.virtualenvs/pumpwood-airflow-images/lib/python3.6/site-packages/airflow/example_dags/example_python_operator.py
[2021-06-07 19:01:30,779] {scheduler_job.py:633} INFO - Processing file /home/encrypted/abaceti/.virtualenvs/pumpwood-airflow-images/lib/python3.6/site-packages/airflow/example_dags/example_python_operator.py for tasks to queue
[2021-06-07 19:01:30,780] {logging_mixin.py:104} INFO - [2021-06-07 19:01:30,780] {dagbag.py:487} INFO - Filling up the DagBag from /home/encrypted/abaceti/.virtualenvs/pumpwood-airflow-images/lib/python3.6/site-packages/airflow/example_dags/example_python_operator.py
[2021-06-07 19:01:30,786] {scheduler_job.py:643} INFO - DAG(s) dict_keys(['example_python_operator']) retrieved from /home/encrypted/abaceti/.virtualenvs/pumpwood-airflow-images/lib/python3.6/site-packages/airflow/example_dags/example_python_operator.py
[2021-06-07 19:01:30,803] {logging_mixin.py:104} INFO - [2021-06-07 19:01:30,803] {dag.py:1832} INFO - Sync 1 DAGs
[2021-06-07 19:01:30,813] {logging_mixin.py:104} INFO - [2021-06-07 19:01:30,813] {dag.py:2305} INFO - Setting next_dagrun for example_python_operator to None
[2021-06-07 19:01:30,820] {scheduler_job.py:190} INFO - Processing /home/encrypted/abaceti/.virtualenvs/pumpwood-airflow-images/lib/python3.6/site-packages/airflow/example_dags/example_python_operator.py took 0.043 seconds
[2021-06-07 19:02:00,881] {scheduler_job.py:182} INFO - Started process (PID=14413) to work on /home/encrypted/abaceti/.virtualenvs/pumpwood-airflow-images/lib/python3.6/site-packages/airflow/example_dags/example_python_operator.py
[2021-06-07 19:02:00,881] {scheduler_job.py:633} INFO - Processing file /home/encrypted/abaceti/.virtualenvs/pumpwood-airflow-images/lib/python3.6/site-packages/airflow/example_dags/example_python_operator.py for tasks to queue
[2021-06-07 19:02:00,882] {logging_mixin.py:104} INFO - [2021-06-07 19:02:00,882] {dagbag.py:487} INFO - Filling up the DagBag from /home/encrypted/abaceti/.virtualenvs/pumpwood-airflow-images/lib/python3.6/site-packages/airflow/example_dags/example_python_operator.py
[2021-06-07 19:02:00,888] {scheduler_job.py:643} INFO - DAG(s) dict_keys(['example_python_operator']) retrieved from /home/encrypted/abaceti/.virtualenvs/pumpwood-airflow-images/lib/python3.6/site-packages/airflow/example_dags/example_python_operator.py
[2021-06-07 19:02:00,902] {logging_mixin.py:104} INFO - [2021-06-07 19:02:00,902] {dag.py:1832} INFO - Sync 1 DAGs
[2021-06-07 19:02:00,910] {logging_mixin.py:104} INFO - [2021-06-07 19:02:00,910] {dag.py:2305} INFO - Setting next_dagrun for example_python_operator to None
[2021-06-07 19:02:00,915] {scheduler_job.py:190} INFO - Processing /home/encrypted/abaceti/.virtualenvs/pumpwood-airflow-images/lib/python3.6/site-packages/airflow/example_dags/example_python_operator.py took 0.036 seconds
[2021-06-07 19:02:31,036] {scheduler_job.py:182} INFO - Started process (PID=14628) to work on /home/encrypted/abaceti/.virtualenvs/pumpwood-airflow-images/lib/python3.6/site-packages/airflow/example_dags/example_python_operator.py
[2021-06-07 19:02:31,036] {scheduler_job.py:633} INFO - Processing file /home/encrypted/abaceti/.virtualenvs/pumpwood-airflow-images/lib/python3.6/site-packages/airflow/example_dags/example_python_operator.py for tasks to queue
[2021-06-07 19:02:31,037] {logging_mixin.py:104} INFO - [2021-06-07 19:02:31,037] {dagbag.py:487} INFO - Filling up the DagBag from /home/encrypted/abaceti/.virtualenvs/pumpwood-airflow-images/lib/python3.6/site-packages/airflow/example_dags/example_python_operator.py
[2021-06-07 19:02:31,044] {scheduler_job.py:643} INFO - DAG(s) dict_keys(['example_python_operator']) retrieved from /home/encrypted/abaceti/.virtualenvs/pumpwood-airflow-images/lib/python3.6/site-packages/airflow/example_dags/example_python_operator.py
[2021-06-07 19:02:31,059] {logging_mixin.py:104} INFO - [2021-06-07 19:02:31,059] {dag.py:1832} INFO - Sync 1 DAGs
[2021-06-07 19:02:31,067] {logging_mixin.py:104} INFO - [2021-06-07 19:02:31,067] {dag.py:2305} INFO - Setting next_dagrun for example_python_operator to None
[2021-06-07 19:02:31,073] {scheduler_job.py:190} INFO - Processing /home/encrypted/abaceti/.virtualenvs/pumpwood-airflow-images/lib/python3.6/site-packages/airflow/example_dags/example_python_operator.py took 0.038 seconds
