[2021-06-07 18:39:19,284] {scheduler_job.py:182} INFO - Started process (PID=5616) to work on /home/encrypted/abaceti/.virtualenvs/pumpwood-airflow-images/lib/python3.6/site-packages/airflow/example_dags/example_latest_only.py
[2021-06-07 18:39:19,285] {scheduler_job.py:633} INFO - Processing file /home/encrypted/abaceti/.virtualenvs/pumpwood-airflow-images/lib/python3.6/site-packages/airflow/example_dags/example_latest_only.py for tasks to queue
[2021-06-07 18:39:19,285] {logging_mixin.py:104} INFO - [2021-06-07 18:39:19,285] {dagbag.py:487} INFO - Filling up the DagBag from /home/encrypted/abaceti/.virtualenvs/pumpwood-airflow-images/lib/python3.6/site-packages/airflow/example_dags/example_latest_only.py
[2021-06-07 18:39:19,291] {scheduler_job.py:643} INFO - DAG(s) dict_keys(['latest_only']) retrieved from /home/encrypted/abaceti/.virtualenvs/pumpwood-airflow-images/lib/python3.6/site-packages/airflow/example_dags/example_latest_only.py
[2021-06-07 18:39:19,309] {logging_mixin.py:104} INFO - [2021-06-07 18:39:19,309] {dag.py:1832} INFO - Sync 1 DAGs
[2021-06-07 18:39:19,323] {logging_mixin.py:104} INFO - [2021-06-07 18:39:19,323] {dag.py:2305} INFO - Setting next_dagrun for latest_only to 2021-06-05 00:00:00+00:00
[2021-06-07 18:39:19,331] {scheduler_job.py:190} INFO - Processing /home/encrypted/abaceti/.virtualenvs/pumpwood-airflow-images/lib/python3.6/site-packages/airflow/example_dags/example_latest_only.py took 0.049 seconds
[2021-06-07 18:39:49,459] {scheduler_job.py:182} INFO - Started process (PID=5778) to work on /home/encrypted/abaceti/.virtualenvs/pumpwood-airflow-images/lib/python3.6/site-packages/airflow/example_dags/example_latest_only.py
[2021-06-07 18:39:49,459] {scheduler_job.py:633} INFO - Processing file /home/encrypted/abaceti/.virtualenvs/pumpwood-airflow-images/lib/python3.6/site-packages/airflow/example_dags/example_latest_only.py for tasks to queue
[2021-06-07 18:39:49,459] {logging_mixin.py:104} INFO - [2021-06-07 18:39:49,459] {dagbag.py:487} INFO - Filling up the DagBag from /home/encrypted/abaceti/.virtualenvs/pumpwood-airflow-images/lib/python3.6/site-packages/airflow/example_dags/example_latest_only.py
[2021-06-07 18:39:49,464] {scheduler_job.py:643} INFO - DAG(s) dict_keys(['latest_only']) retrieved from /home/encrypted/abaceti/.virtualenvs/pumpwood-airflow-images/lib/python3.6/site-packages/airflow/example_dags/example_latest_only.py
[2021-06-07 18:39:49,477] {logging_mixin.py:104} INFO - [2021-06-07 18:39:49,477] {dag.py:1832} INFO - Sync 1 DAGs
[2021-06-07 18:39:49,485] {logging_mixin.py:104} INFO - [2021-06-07 18:39:49,485] {dag.py:2305} INFO - Setting next_dagrun for latest_only to 2021-06-05 00:00:00+00:00
[2021-06-07 18:39:49,490] {scheduler_job.py:190} INFO - Processing /home/encrypted/abaceti/.virtualenvs/pumpwood-airflow-images/lib/python3.6/site-packages/airflow/example_dags/example_latest_only.py took 0.033 seconds
[2021-06-07 18:40:19,662] {scheduler_job.py:182} INFO - Started process (PID=5929) to work on /home/encrypted/abaceti/.virtualenvs/pumpwood-airflow-images/lib/python3.6/site-packages/airflow/example_dags/example_latest_only.py
[2021-06-07 18:40:19,662] {scheduler_job.py:633} INFO - Processing file /home/encrypted/abaceti/.virtualenvs/pumpwood-airflow-images/lib/python3.6/site-packages/airflow/example_dags/example_latest_only.py for tasks to queue
[2021-06-07 18:40:19,662] {logging_mixin.py:104} INFO - [2021-06-07 18:40:19,662] {dagbag.py:487} INFO - Filling up the DagBag from /home/encrypted/abaceti/.virtualenvs/pumpwood-airflow-images/lib/python3.6/site-packages/airflow/example_dags/example_latest_only.py
[2021-06-07 18:40:19,668] {scheduler_job.py:643} INFO - DAG(s) dict_keys(['latest_only']) retrieved from /home/encrypted/abaceti/.virtualenvs/pumpwood-airflow-images/lib/python3.6/site-packages/airflow/example_dags/example_latest_only.py
[2021-06-07 18:40:19,682] {logging_mixin.py:104} INFO - [2021-06-07 18:40:19,681] {dag.py:1832} INFO - Sync 1 DAGs
[2021-06-07 18:40:19,689] {logging_mixin.py:104} INFO - [2021-06-07 18:40:19,689] {dag.py:2305} INFO - Setting next_dagrun for latest_only to 2021-06-05 00:00:00+00:00
[2021-06-07 18:40:19,695] {scheduler_job.py:190} INFO - Processing /home/encrypted/abaceti/.virtualenvs/pumpwood-airflow-images/lib/python3.6/site-packages/airflow/example_dags/example_latest_only.py took 0.034 seconds
[2021-06-07 18:40:49,879] {scheduler_job.py:182} INFO - Started process (PID=6123) to work on /home/encrypted/abaceti/.virtualenvs/pumpwood-airflow-images/lib/python3.6/site-packages/airflow/example_dags/example_latest_only.py
[2021-06-07 18:40:49,879] {scheduler_job.py:633} INFO - Processing file /home/encrypted/abaceti/.virtualenvs/pumpwood-airflow-images/lib/python3.6/site-packages/airflow/example_dags/example_latest_only.py for tasks to queue
[2021-06-07 18:40:49,879] {logging_mixin.py:104} INFO - [2021-06-07 18:40:49,879] {dagbag.py:487} INFO - Filling up the DagBag from /home/encrypted/abaceti/.virtualenvs/pumpwood-airflow-images/lib/python3.6/site-packages/airflow/example_dags/example_latest_only.py
[2021-06-07 18:40:49,884] {scheduler_job.py:643} INFO - DAG(s) dict_keys(['latest_only']) retrieved from /home/encrypted/abaceti/.virtualenvs/pumpwood-airflow-images/lib/python3.6/site-packages/airflow/example_dags/example_latest_only.py
[2021-06-07 18:40:49,897] {logging_mixin.py:104} INFO - [2021-06-07 18:40:49,897] {dag.py:1832} INFO - Sync 1 DAGs
[2021-06-07 18:40:49,906] {logging_mixin.py:104} INFO - [2021-06-07 18:40:49,906] {dag.py:2305} INFO - Setting next_dagrun for latest_only to 2021-06-05 00:00:00+00:00
[2021-06-07 18:40:49,911] {scheduler_job.py:190} INFO - Processing /home/encrypted/abaceti/.virtualenvs/pumpwood-airflow-images/lib/python3.6/site-packages/airflow/example_dags/example_latest_only.py took 0.034 seconds
[2021-06-07 18:41:20,018] {scheduler_job.py:182} INFO - Started process (PID=6233) to work on /home/encrypted/abaceti/.virtualenvs/pumpwood-airflow-images/lib/python3.6/site-packages/airflow/example_dags/example_latest_only.py
[2021-06-07 18:41:20,018] {scheduler_job.py:633} INFO - Processing file /home/encrypted/abaceti/.virtualenvs/pumpwood-airflow-images/lib/python3.6/site-packages/airflow/example_dags/example_latest_only.py for tasks to queue
[2021-06-07 18:41:20,018] {logging_mixin.py:104} INFO - [2021-06-07 18:41:20,018] {dagbag.py:487} INFO - Filling up the DagBag from /home/encrypted/abaceti/.virtualenvs/pumpwood-airflow-images/lib/python3.6/site-packages/airflow/example_dags/example_latest_only.py
[2021-06-07 18:41:20,024] {scheduler_job.py:643} INFO - DAG(s) dict_keys(['latest_only']) retrieved from /home/encrypted/abaceti/.virtualenvs/pumpwood-airflow-images/lib/python3.6/site-packages/airflow/example_dags/example_latest_only.py
[2021-06-07 18:41:20,038] {logging_mixin.py:104} INFO - [2021-06-07 18:41:20,038] {dag.py:1832} INFO - Sync 1 DAGs
[2021-06-07 18:41:20,046] {logging_mixin.py:104} INFO - [2021-06-07 18:41:20,045] {dag.py:2305} INFO - Setting next_dagrun for latest_only to 2021-06-05 00:00:00+00:00
[2021-06-07 18:41:20,052] {scheduler_job.py:190} INFO - Processing /home/encrypted/abaceti/.virtualenvs/pumpwood-airflow-images/lib/python3.6/site-packages/airflow/example_dags/example_latest_only.py took 0.035 seconds
[2021-06-07 18:41:50,261] {scheduler_job.py:182} INFO - Started process (PID=6403) to work on /home/encrypted/abaceti/.virtualenvs/pumpwood-airflow-images/lib/python3.6/site-packages/airflow/example_dags/example_latest_only.py
[2021-06-07 18:41:50,262] {scheduler_job.py:633} INFO - Processing file /home/encrypted/abaceti/.virtualenvs/pumpwood-airflow-images/lib/python3.6/site-packages/airflow/example_dags/example_latest_only.py for tasks to queue
[2021-06-07 18:41:50,262] {logging_mixin.py:104} INFO - [2021-06-07 18:41:50,262] {dagbag.py:487} INFO - Filling up the DagBag from /home/encrypted/abaceti/.virtualenvs/pumpwood-airflow-images/lib/python3.6/site-packages/airflow/example_dags/example_latest_only.py
[2021-06-07 18:41:50,267] {scheduler_job.py:643} INFO - DAG(s) dict_keys(['latest_only']) retrieved from /home/encrypted/abaceti/.virtualenvs/pumpwood-airflow-images/lib/python3.6/site-packages/airflow/example_dags/example_latest_only.py
[2021-06-07 18:41:50,281] {logging_mixin.py:104} INFO - [2021-06-07 18:41:50,281] {dag.py:1832} INFO - Sync 1 DAGs
[2021-06-07 18:41:50,289] {logging_mixin.py:104} INFO - [2021-06-07 18:41:50,289] {dag.py:2305} INFO - Setting next_dagrun for latest_only to 2021-06-05 00:00:00+00:00
[2021-06-07 18:41:50,295] {scheduler_job.py:190} INFO - Processing /home/encrypted/abaceti/.virtualenvs/pumpwood-airflow-images/lib/python3.6/site-packages/airflow/example_dags/example_latest_only.py took 0.036 seconds
[2021-06-07 18:42:20,408] {scheduler_job.py:182} INFO - Started process (PID=6522) to work on /home/encrypted/abaceti/.virtualenvs/pumpwood-airflow-images/lib/python3.6/site-packages/airflow/example_dags/example_latest_only.py
[2021-06-07 18:42:20,409] {scheduler_job.py:633} INFO - Processing file /home/encrypted/abaceti/.virtualenvs/pumpwood-airflow-images/lib/python3.6/site-packages/airflow/example_dags/example_latest_only.py for tasks to queue
[2021-06-07 18:42:20,409] {logging_mixin.py:104} INFO - [2021-06-07 18:42:20,409] {dagbag.py:487} INFO - Filling up the DagBag from /home/encrypted/abaceti/.virtualenvs/pumpwood-airflow-images/lib/python3.6/site-packages/airflow/example_dags/example_latest_only.py
[2021-06-07 18:42:20,414] {scheduler_job.py:643} INFO - DAG(s) dict_keys(['latest_only']) retrieved from /home/encrypted/abaceti/.virtualenvs/pumpwood-airflow-images/lib/python3.6/site-packages/airflow/example_dags/example_latest_only.py
[2021-06-07 18:42:20,429] {logging_mixin.py:104} INFO - [2021-06-07 18:42:20,429] {dag.py:1832} INFO - Sync 1 DAGs
[2021-06-07 18:42:20,440] {logging_mixin.py:104} INFO - [2021-06-07 18:42:20,440] {dag.py:2305} INFO - Setting next_dagrun for latest_only to 2021-06-05 00:00:00+00:00
[2021-06-07 18:42:20,446] {scheduler_job.py:190} INFO - Processing /home/encrypted/abaceti/.virtualenvs/pumpwood-airflow-images/lib/python3.6/site-packages/airflow/example_dags/example_latest_only.py took 0.039 seconds
[2021-06-07 18:42:50,659] {scheduler_job.py:182} INFO - Started process (PID=6698) to work on /home/encrypted/abaceti/.virtualenvs/pumpwood-airflow-images/lib/python3.6/site-packages/airflow/example_dags/example_latest_only.py
[2021-06-07 18:42:50,659] {scheduler_job.py:633} INFO - Processing file /home/encrypted/abaceti/.virtualenvs/pumpwood-airflow-images/lib/python3.6/site-packages/airflow/example_dags/example_latest_only.py for tasks to queue
[2021-06-07 18:42:50,659] {logging_mixin.py:104} INFO - [2021-06-07 18:42:50,659] {dagbag.py:487} INFO - Filling up the DagBag from /home/encrypted/abaceti/.virtualenvs/pumpwood-airflow-images/lib/python3.6/site-packages/airflow/example_dags/example_latest_only.py
[2021-06-07 18:42:50,664] {scheduler_job.py:643} INFO - DAG(s) dict_keys(['latest_only']) retrieved from /home/encrypted/abaceti/.virtualenvs/pumpwood-airflow-images/lib/python3.6/site-packages/airflow/example_dags/example_latest_only.py
[2021-06-07 18:42:50,677] {logging_mixin.py:104} INFO - [2021-06-07 18:42:50,677] {dag.py:1832} INFO - Sync 1 DAGs
[2021-06-07 18:42:50,685] {logging_mixin.py:104} INFO - [2021-06-07 18:42:50,684] {dag.py:2305} INFO - Setting next_dagrun for latest_only to 2021-06-05 00:00:00+00:00
[2021-06-07 18:42:50,690] {scheduler_job.py:190} INFO - Processing /home/encrypted/abaceti/.virtualenvs/pumpwood-airflow-images/lib/python3.6/site-packages/airflow/example_dags/example_latest_only.py took 0.033 seconds
[2021-06-07 18:43:21,724] {scheduler_job.py:182} INFO - Started process (PID=6955) to work on /home/encrypted/abaceti/.virtualenvs/pumpwood-airflow-images/lib/python3.6/site-packages/airflow/example_dags/example_latest_only.py
[2021-06-07 18:43:21,724] {scheduler_job.py:633} INFO - Processing file /home/encrypted/abaceti/.virtualenvs/pumpwood-airflow-images/lib/python3.6/site-packages/airflow/example_dags/example_latest_only.py for tasks to queue
[2021-06-07 18:43:21,724] {logging_mixin.py:104} INFO - [2021-06-07 18:43:21,724] {dagbag.py:487} INFO - Filling up the DagBag from /home/encrypted/abaceti/.virtualenvs/pumpwood-airflow-images/lib/python3.6/site-packages/airflow/example_dags/example_latest_only.py
[2021-06-07 18:43:21,729] {scheduler_job.py:643} INFO - DAG(s) dict_keys(['latest_only']) retrieved from /home/encrypted/abaceti/.virtualenvs/pumpwood-airflow-images/lib/python3.6/site-packages/airflow/example_dags/example_latest_only.py
[2021-06-07 18:43:21,743] {logging_mixin.py:104} INFO - [2021-06-07 18:43:21,743] {dag.py:1832} INFO - Sync 1 DAGs
[2021-06-07 18:43:21,753] {logging_mixin.py:104} INFO - [2021-06-07 18:43:21,753] {dag.py:2305} INFO - Setting next_dagrun for latest_only to 2021-06-05 00:00:00+00:00
[2021-06-07 18:43:21,759] {scheduler_job.py:190} INFO - Processing /home/encrypted/abaceti/.virtualenvs/pumpwood-airflow-images/lib/python3.6/site-packages/airflow/example_dags/example_latest_only.py took 0.037 seconds
[2021-06-07 18:43:51,802] {scheduler_job.py:182} INFO - Started process (PID=7197) to work on /home/encrypted/abaceti/.virtualenvs/pumpwood-airflow-images/lib/python3.6/site-packages/airflow/example_dags/example_latest_only.py
[2021-06-07 18:43:51,802] {scheduler_job.py:633} INFO - Processing file /home/encrypted/abaceti/.virtualenvs/pumpwood-airflow-images/lib/python3.6/site-packages/airflow/example_dags/example_latest_only.py for tasks to queue
[2021-06-07 18:43:51,802] {logging_mixin.py:104} INFO - [2021-06-07 18:43:51,802] {dagbag.py:487} INFO - Filling up the DagBag from /home/encrypted/abaceti/.virtualenvs/pumpwood-airflow-images/lib/python3.6/site-packages/airflow/example_dags/example_latest_only.py
[2021-06-07 18:43:51,807] {scheduler_job.py:643} INFO - DAG(s) dict_keys(['latest_only']) retrieved from /home/encrypted/abaceti/.virtualenvs/pumpwood-airflow-images/lib/python3.6/site-packages/airflow/example_dags/example_latest_only.py
[2021-06-07 18:43:51,822] {logging_mixin.py:104} INFO - [2021-06-07 18:43:51,822] {dag.py:1832} INFO - Sync 1 DAGs
[2021-06-07 18:43:51,829] {logging_mixin.py:104} INFO - [2021-06-07 18:43:51,829] {dag.py:2305} INFO - Setting next_dagrun for latest_only to 2021-06-05 00:00:00+00:00
[2021-06-07 18:43:51,835] {scheduler_job.py:190} INFO - Processing /home/encrypted/abaceti/.virtualenvs/pumpwood-airflow-images/lib/python3.6/site-packages/airflow/example_dags/example_latest_only.py took 0.034 seconds
[2021-06-07 18:44:21,897] {scheduler_job.py:182} INFO - Started process (PID=7323) to work on /home/encrypted/abaceti/.virtualenvs/pumpwood-airflow-images/lib/python3.6/site-packages/airflow/example_dags/example_latest_only.py
[2021-06-07 18:44:21,897] {scheduler_job.py:633} INFO - Processing file /home/encrypted/abaceti/.virtualenvs/pumpwood-airflow-images/lib/python3.6/site-packages/airflow/example_dags/example_latest_only.py for tasks to queue
[2021-06-07 18:44:21,897] {logging_mixin.py:104} INFO - [2021-06-07 18:44:21,897] {dagbag.py:487} INFO - Filling up the DagBag from /home/encrypted/abaceti/.virtualenvs/pumpwood-airflow-images/lib/python3.6/site-packages/airflow/example_dags/example_latest_only.py
[2021-06-07 18:44:21,902] {scheduler_job.py:643} INFO - DAG(s) dict_keys(['latest_only']) retrieved from /home/encrypted/abaceti/.virtualenvs/pumpwood-airflow-images/lib/python3.6/site-packages/airflow/example_dags/example_latest_only.py
[2021-06-07 18:44:21,916] {logging_mixin.py:104} INFO - [2021-06-07 18:44:21,916] {dag.py:1832} INFO - Sync 1 DAGs
[2021-06-07 18:44:21,924] {logging_mixin.py:104} INFO - [2021-06-07 18:44:21,924] {dag.py:2305} INFO - Setting next_dagrun for latest_only to 2021-06-05 00:00:00+00:00
[2021-06-07 18:44:21,932] {scheduler_job.py:190} INFO - Processing /home/encrypted/abaceti/.virtualenvs/pumpwood-airflow-images/lib/python3.6/site-packages/airflow/example_dags/example_latest_only.py took 0.036 seconds
[2021-06-07 18:44:52,042] {scheduler_job.py:182} INFO - Started process (PID=7493) to work on /home/encrypted/abaceti/.virtualenvs/pumpwood-airflow-images/lib/python3.6/site-packages/airflow/example_dags/example_latest_only.py
[2021-06-07 18:44:52,043] {scheduler_job.py:633} INFO - Processing file /home/encrypted/abaceti/.virtualenvs/pumpwood-airflow-images/lib/python3.6/site-packages/airflow/example_dags/example_latest_only.py for tasks to queue
[2021-06-07 18:44:52,043] {logging_mixin.py:104} INFO - [2021-06-07 18:44:52,043] {dagbag.py:487} INFO - Filling up the DagBag from /home/encrypted/abaceti/.virtualenvs/pumpwood-airflow-images/lib/python3.6/site-packages/airflow/example_dags/example_latest_only.py
[2021-06-07 18:44:52,050] {scheduler_job.py:643} INFO - DAG(s) dict_keys(['latest_only']) retrieved from /home/encrypted/abaceti/.virtualenvs/pumpwood-airflow-images/lib/python3.6/site-packages/airflow/example_dags/example_latest_only.py
[2021-06-07 18:44:52,066] {logging_mixin.py:104} INFO - [2021-06-07 18:44:52,066] {dag.py:1832} INFO - Sync 1 DAGs
[2021-06-07 18:44:52,074] {logging_mixin.py:104} INFO - [2021-06-07 18:44:52,074] {dag.py:2305} INFO - Setting next_dagrun for latest_only to 2021-06-05 00:00:00+00:00
[2021-06-07 18:44:52,080] {scheduler_job.py:190} INFO - Processing /home/encrypted/abaceti/.virtualenvs/pumpwood-airflow-images/lib/python3.6/site-packages/airflow/example_dags/example_latest_only.py took 0.040 seconds
[2021-06-07 18:45:23,026] {scheduler_job.py:182} INFO - Started process (PID=7616) to work on /home/encrypted/abaceti/.virtualenvs/pumpwood-airflow-images/lib/python3.6/site-packages/airflow/example_dags/example_latest_only.py
[2021-06-07 18:45:23,027] {scheduler_job.py:633} INFO - Processing file /home/encrypted/abaceti/.virtualenvs/pumpwood-airflow-images/lib/python3.6/site-packages/airflow/example_dags/example_latest_only.py for tasks to queue
[2021-06-07 18:45:23,027] {logging_mixin.py:104} INFO - [2021-06-07 18:45:23,027] {dagbag.py:487} INFO - Filling up the DagBag from /home/encrypted/abaceti/.virtualenvs/pumpwood-airflow-images/lib/python3.6/site-packages/airflow/example_dags/example_latest_only.py
[2021-06-07 18:45:23,033] {scheduler_job.py:643} INFO - DAG(s) dict_keys(['latest_only']) retrieved from /home/encrypted/abaceti/.virtualenvs/pumpwood-airflow-images/lib/python3.6/site-packages/airflow/example_dags/example_latest_only.py
[2021-06-07 18:45:23,047] {logging_mixin.py:104} INFO - [2021-06-07 18:45:23,047] {dag.py:1832} INFO - Sync 1 DAGs
[2021-06-07 18:45:23,056] {logging_mixin.py:104} INFO - [2021-06-07 18:45:23,056] {dag.py:2305} INFO - Setting next_dagrun for latest_only to 2021-06-05 00:00:00+00:00
[2021-06-07 18:45:23,061] {scheduler_job.py:190} INFO - Processing /home/encrypted/abaceti/.virtualenvs/pumpwood-airflow-images/lib/python3.6/site-packages/airflow/example_dags/example_latest_only.py took 0.036 seconds
[2021-06-07 18:45:53,086] {scheduler_job.py:182} INFO - Started process (PID=7780) to work on /home/encrypted/abaceti/.virtualenvs/pumpwood-airflow-images/lib/python3.6/site-packages/airflow/example_dags/example_latest_only.py
[2021-06-07 18:45:53,086] {scheduler_job.py:633} INFO - Processing file /home/encrypted/abaceti/.virtualenvs/pumpwood-airflow-images/lib/python3.6/site-packages/airflow/example_dags/example_latest_only.py for tasks to queue
[2021-06-07 18:45:53,087] {logging_mixin.py:104} INFO - [2021-06-07 18:45:53,087] {dagbag.py:487} INFO - Filling up the DagBag from /home/encrypted/abaceti/.virtualenvs/pumpwood-airflow-images/lib/python3.6/site-packages/airflow/example_dags/example_latest_only.py
[2021-06-07 18:45:53,092] {scheduler_job.py:643} INFO - DAG(s) dict_keys(['latest_only']) retrieved from /home/encrypted/abaceti/.virtualenvs/pumpwood-airflow-images/lib/python3.6/site-packages/airflow/example_dags/example_latest_only.py
[2021-06-07 18:45:53,105] {logging_mixin.py:104} INFO - [2021-06-07 18:45:53,105] {dag.py:1832} INFO - Sync 1 DAGs
[2021-06-07 18:45:53,113] {logging_mixin.py:104} INFO - [2021-06-07 18:45:53,113] {dag.py:2305} INFO - Setting next_dagrun for latest_only to 2021-06-05 00:00:00+00:00
[2021-06-07 18:45:53,119] {scheduler_job.py:190} INFO - Processing /home/encrypted/abaceti/.virtualenvs/pumpwood-airflow-images/lib/python3.6/site-packages/airflow/example_dags/example_latest_only.py took 0.035 seconds
[2021-06-07 18:46:23,240] {scheduler_job.py:182} INFO - Started process (PID=7899) to work on /home/encrypted/abaceti/.virtualenvs/pumpwood-airflow-images/lib/python3.6/site-packages/airflow/example_dags/example_latest_only.py
[2021-06-07 18:46:23,240] {scheduler_job.py:633} INFO - Processing file /home/encrypted/abaceti/.virtualenvs/pumpwood-airflow-images/lib/python3.6/site-packages/airflow/example_dags/example_latest_only.py for tasks to queue
[2021-06-07 18:46:23,241] {logging_mixin.py:104} INFO - [2021-06-07 18:46:23,241] {dagbag.py:487} INFO - Filling up the DagBag from /home/encrypted/abaceti/.virtualenvs/pumpwood-airflow-images/lib/python3.6/site-packages/airflow/example_dags/example_latest_only.py
[2021-06-07 18:46:23,246] {scheduler_job.py:643} INFO - DAG(s) dict_keys(['latest_only']) retrieved from /home/encrypted/abaceti/.virtualenvs/pumpwood-airflow-images/lib/python3.6/site-packages/airflow/example_dags/example_latest_only.py
[2021-06-07 18:46:23,259] {logging_mixin.py:104} INFO - [2021-06-07 18:46:23,259] {dag.py:1832} INFO - Sync 1 DAGs
[2021-06-07 18:46:23,269] {logging_mixin.py:104} INFO - [2021-06-07 18:46:23,269] {dag.py:2305} INFO - Setting next_dagrun for latest_only to 2021-06-05 00:00:00+00:00
[2021-06-07 18:46:23,274] {scheduler_job.py:190} INFO - Processing /home/encrypted/abaceti/.virtualenvs/pumpwood-airflow-images/lib/python3.6/site-packages/airflow/example_dags/example_latest_only.py took 0.036 seconds
[2021-06-07 18:46:53,402] {scheduler_job.py:182} INFO - Started process (PID=8087) to work on /home/encrypted/abaceti/.virtualenvs/pumpwood-airflow-images/lib/python3.6/site-packages/airflow/example_dags/example_latest_only.py
[2021-06-07 18:46:53,402] {scheduler_job.py:633} INFO - Processing file /home/encrypted/abaceti/.virtualenvs/pumpwood-airflow-images/lib/python3.6/site-packages/airflow/example_dags/example_latest_only.py for tasks to queue
[2021-06-07 18:46:53,402] {logging_mixin.py:104} INFO - [2021-06-07 18:46:53,402] {dagbag.py:487} INFO - Filling up the DagBag from /home/encrypted/abaceti/.virtualenvs/pumpwood-airflow-images/lib/python3.6/site-packages/airflow/example_dags/example_latest_only.py
[2021-06-07 18:46:53,407] {scheduler_job.py:643} INFO - DAG(s) dict_keys(['latest_only']) retrieved from /home/encrypted/abaceti/.virtualenvs/pumpwood-airflow-images/lib/python3.6/site-packages/airflow/example_dags/example_latest_only.py
[2021-06-07 18:46:53,423] {logging_mixin.py:104} INFO - [2021-06-07 18:46:53,423] {dag.py:1832} INFO - Sync 1 DAGs
[2021-06-07 18:46:53,431] {logging_mixin.py:104} INFO - [2021-06-07 18:46:53,431] {dag.py:2305} INFO - Setting next_dagrun for latest_only to 2021-06-05 00:00:00+00:00
[2021-06-07 18:46:53,437] {scheduler_job.py:190} INFO - Processing /home/encrypted/abaceti/.virtualenvs/pumpwood-airflow-images/lib/python3.6/site-packages/airflow/example_dags/example_latest_only.py took 0.036 seconds
[2021-06-07 18:47:23,559] {scheduler_job.py:182} INFO - Started process (PID=8222) to work on /home/encrypted/abaceti/.virtualenvs/pumpwood-airflow-images/lib/python3.6/site-packages/airflow/example_dags/example_latest_only.py
[2021-06-07 18:47:23,560] {scheduler_job.py:633} INFO - Processing file /home/encrypted/abaceti/.virtualenvs/pumpwood-airflow-images/lib/python3.6/site-packages/airflow/example_dags/example_latest_only.py for tasks to queue
[2021-06-07 18:47:23,560] {logging_mixin.py:104} INFO - [2021-06-07 18:47:23,560] {dagbag.py:487} INFO - Filling up the DagBag from /home/encrypted/abaceti/.virtualenvs/pumpwood-airflow-images/lib/python3.6/site-packages/airflow/example_dags/example_latest_only.py
[2021-06-07 18:47:23,566] {scheduler_job.py:643} INFO - DAG(s) dict_keys(['latest_only']) retrieved from /home/encrypted/abaceti/.virtualenvs/pumpwood-airflow-images/lib/python3.6/site-packages/airflow/example_dags/example_latest_only.py
[2021-06-07 18:47:23,580] {logging_mixin.py:104} INFO - [2021-06-07 18:47:23,580] {dag.py:1832} INFO - Sync 1 DAGs
[2021-06-07 18:47:23,589] {logging_mixin.py:104} INFO - [2021-06-07 18:47:23,589] {dag.py:2305} INFO - Setting next_dagrun for latest_only to 2021-06-05 00:00:00+00:00
[2021-06-07 18:47:23,594] {scheduler_job.py:190} INFO - Processing /home/encrypted/abaceti/.virtualenvs/pumpwood-airflow-images/lib/python3.6/site-packages/airflow/example_dags/example_latest_only.py took 0.037 seconds
[2021-06-07 18:47:53,711] {scheduler_job.py:182} INFO - Started process (PID=8442) to work on /home/encrypted/abaceti/.virtualenvs/pumpwood-airflow-images/lib/python3.6/site-packages/airflow/example_dags/example_latest_only.py
[2021-06-07 18:47:53,711] {scheduler_job.py:633} INFO - Processing file /home/encrypted/abaceti/.virtualenvs/pumpwood-airflow-images/lib/python3.6/site-packages/airflow/example_dags/example_latest_only.py for tasks to queue
[2021-06-07 18:47:53,712] {logging_mixin.py:104} INFO - [2021-06-07 18:47:53,712] {dagbag.py:487} INFO - Filling up the DagBag from /home/encrypted/abaceti/.virtualenvs/pumpwood-airflow-images/lib/python3.6/site-packages/airflow/example_dags/example_latest_only.py
[2021-06-07 18:47:53,717] {scheduler_job.py:643} INFO - DAG(s) dict_keys(['latest_only']) retrieved from /home/encrypted/abaceti/.virtualenvs/pumpwood-airflow-images/lib/python3.6/site-packages/airflow/example_dags/example_latest_only.py
[2021-06-07 18:47:53,733] {logging_mixin.py:104} INFO - [2021-06-07 18:47:53,733] {dag.py:1832} INFO - Sync 1 DAGs
[2021-06-07 18:47:53,741] {logging_mixin.py:104} INFO - [2021-06-07 18:47:53,741] {dag.py:2305} INFO - Setting next_dagrun for latest_only to 2021-06-05 00:00:00+00:00
[2021-06-07 18:47:53,747] {scheduler_job.py:190} INFO - Processing /home/encrypted/abaceti/.virtualenvs/pumpwood-airflow-images/lib/python3.6/site-packages/airflow/example_dags/example_latest_only.py took 0.038 seconds
[2021-06-07 18:48:23,887] {scheduler_job.py:182} INFO - Started process (PID=8658) to work on /home/encrypted/abaceti/.virtualenvs/pumpwood-airflow-images/lib/python3.6/site-packages/airflow/example_dags/example_latest_only.py
[2021-06-07 18:48:23,887] {scheduler_job.py:633} INFO - Processing file /home/encrypted/abaceti/.virtualenvs/pumpwood-airflow-images/lib/python3.6/site-packages/airflow/example_dags/example_latest_only.py for tasks to queue
[2021-06-07 18:48:23,888] {logging_mixin.py:104} INFO - [2021-06-07 18:48:23,888] {dagbag.py:487} INFO - Filling up the DagBag from /home/encrypted/abaceti/.virtualenvs/pumpwood-airflow-images/lib/python3.6/site-packages/airflow/example_dags/example_latest_only.py
[2021-06-07 18:48:23,894] {scheduler_job.py:643} INFO - DAG(s) dict_keys(['latest_only']) retrieved from /home/encrypted/abaceti/.virtualenvs/pumpwood-airflow-images/lib/python3.6/site-packages/airflow/example_dags/example_latest_only.py
[2021-06-07 18:48:23,908] {logging_mixin.py:104} INFO - [2021-06-07 18:48:23,908] {dag.py:1832} INFO - Sync 1 DAGs
[2021-06-07 18:48:23,917] {logging_mixin.py:104} INFO - [2021-06-07 18:48:23,917] {dag.py:2305} INFO - Setting next_dagrun for latest_only to 2021-06-05 00:00:00+00:00
[2021-06-07 18:48:23,923] {scheduler_job.py:190} INFO - Processing /home/encrypted/abaceti/.virtualenvs/pumpwood-airflow-images/lib/python3.6/site-packages/airflow/example_dags/example_latest_only.py took 0.038 seconds
[2021-06-07 18:48:49,275] {scheduler_job.py:182} INFO - Started process (PID=8854) to work on /home/encrypted/abaceti/.virtualenvs/pumpwood-airflow-images/lib/python3.6/site-packages/airflow/example_dags/example_latest_only.py
[2021-06-07 18:48:49,275] {scheduler_job.py:633} INFO - Processing file /home/encrypted/abaceti/.virtualenvs/pumpwood-airflow-images/lib/python3.6/site-packages/airflow/example_dags/example_latest_only.py for tasks to queue
[2021-06-07 18:48:49,276] {logging_mixin.py:104} INFO - [2021-06-07 18:48:49,276] {dagbag.py:487} INFO - Filling up the DagBag from /home/encrypted/abaceti/.virtualenvs/pumpwood-airflow-images/lib/python3.6/site-packages/airflow/example_dags/example_latest_only.py
[2021-06-07 18:48:49,282] {scheduler_job.py:643} INFO - DAG(s) dict_keys(['latest_only']) retrieved from /home/encrypted/abaceti/.virtualenvs/pumpwood-airflow-images/lib/python3.6/site-packages/airflow/example_dags/example_latest_only.py
[2021-06-07 18:48:49,298] {logging_mixin.py:104} INFO - [2021-06-07 18:48:49,298] {dag.py:1832} INFO - Sync 1 DAGs
[2021-06-07 18:48:49,306] {logging_mixin.py:104} INFO - [2021-06-07 18:48:49,306] {dag.py:2305} INFO - Setting next_dagrun for latest_only to 2021-06-05 00:00:00+00:00
[2021-06-07 18:48:49,312] {scheduler_job.py:190} INFO - Processing /home/encrypted/abaceti/.virtualenvs/pumpwood-airflow-images/lib/python3.6/site-packages/airflow/example_dags/example_latest_only.py took 0.038 seconds
[2021-06-07 18:49:20,184] {scheduler_job.py:182} INFO - Started process (PID=8975) to work on /home/encrypted/abaceti/.virtualenvs/pumpwood-airflow-images/lib/python3.6/site-packages/airflow/example_dags/example_latest_only.py
[2021-06-07 18:49:20,184] {scheduler_job.py:633} INFO - Processing file /home/encrypted/abaceti/.virtualenvs/pumpwood-airflow-images/lib/python3.6/site-packages/airflow/example_dags/example_latest_only.py for tasks to queue
[2021-06-07 18:49:20,184] {logging_mixin.py:104} INFO - [2021-06-07 18:49:20,184] {dagbag.py:487} INFO - Filling up the DagBag from /home/encrypted/abaceti/.virtualenvs/pumpwood-airflow-images/lib/python3.6/site-packages/airflow/example_dags/example_latest_only.py
[2021-06-07 18:49:20,189] {scheduler_job.py:643} INFO - DAG(s) dict_keys(['latest_only']) retrieved from /home/encrypted/abaceti/.virtualenvs/pumpwood-airflow-images/lib/python3.6/site-packages/airflow/example_dags/example_latest_only.py
[2021-06-07 18:49:20,205] {logging_mixin.py:104} INFO - [2021-06-07 18:49:20,205] {dag.py:1832} INFO - Sync 1 DAGs
[2021-06-07 18:49:20,213] {logging_mixin.py:104} INFO - [2021-06-07 18:49:20,213] {dag.py:2305} INFO - Setting next_dagrun for latest_only to 2021-06-05 00:00:00+00:00
[2021-06-07 18:49:20,218] {scheduler_job.py:190} INFO - Processing /home/encrypted/abaceti/.virtualenvs/pumpwood-airflow-images/lib/python3.6/site-packages/airflow/example_dags/example_latest_only.py took 0.035 seconds
[2021-06-07 18:49:50,246] {scheduler_job.py:182} INFO - Started process (PID=9146) to work on /home/encrypted/abaceti/.virtualenvs/pumpwood-airflow-images/lib/python3.6/site-packages/airflow/example_dags/example_latest_only.py
[2021-06-07 18:49:50,246] {scheduler_job.py:633} INFO - Processing file /home/encrypted/abaceti/.virtualenvs/pumpwood-airflow-images/lib/python3.6/site-packages/airflow/example_dags/example_latest_only.py for tasks to queue
[2021-06-07 18:49:50,246] {logging_mixin.py:104} INFO - [2021-06-07 18:49:50,246] {dagbag.py:487} INFO - Filling up the DagBag from /home/encrypted/abaceti/.virtualenvs/pumpwood-airflow-images/lib/python3.6/site-packages/airflow/example_dags/example_latest_only.py
[2021-06-07 18:49:50,251] {scheduler_job.py:643} INFO - DAG(s) dict_keys(['latest_only']) retrieved from /home/encrypted/abaceti/.virtualenvs/pumpwood-airflow-images/lib/python3.6/site-packages/airflow/example_dags/example_latest_only.py
[2021-06-07 18:49:50,265] {logging_mixin.py:104} INFO - [2021-06-07 18:49:50,265] {dag.py:1832} INFO - Sync 1 DAGs
[2021-06-07 18:49:50,273] {logging_mixin.py:104} INFO - [2021-06-07 18:49:50,273] {dag.py:2305} INFO - Setting next_dagrun for latest_only to 2021-06-05 00:00:00+00:00
[2021-06-07 18:49:50,279] {scheduler_job.py:190} INFO - Processing /home/encrypted/abaceti/.virtualenvs/pumpwood-airflow-images/lib/python3.6/site-packages/airflow/example_dags/example_latest_only.py took 0.035 seconds
[2021-06-07 18:50:20,675] {scheduler_job.py:182} INFO - Started process (PID=9392) to work on /home/encrypted/abaceti/.virtualenvs/pumpwood-airflow-images/lib/python3.6/site-packages/airflow/example_dags/example_latest_only.py
[2021-06-07 18:50:20,675] {scheduler_job.py:633} INFO - Processing file /home/encrypted/abaceti/.virtualenvs/pumpwood-airflow-images/lib/python3.6/site-packages/airflow/example_dags/example_latest_only.py for tasks to queue
[2021-06-07 18:50:20,676] {logging_mixin.py:104} INFO - [2021-06-07 18:50:20,676] {dagbag.py:487} INFO - Filling up the DagBag from /home/encrypted/abaceti/.virtualenvs/pumpwood-airflow-images/lib/python3.6/site-packages/airflow/example_dags/example_latest_only.py
[2021-06-07 18:50:20,681] {scheduler_job.py:643} INFO - DAG(s) dict_keys(['latest_only']) retrieved from /home/encrypted/abaceti/.virtualenvs/pumpwood-airflow-images/lib/python3.6/site-packages/airflow/example_dags/example_latest_only.py
[2021-06-07 18:50:20,697] {logging_mixin.py:104} INFO - [2021-06-07 18:50:20,697] {dag.py:1832} INFO - Sync 1 DAGs
[2021-06-07 18:50:20,705] {logging_mixin.py:104} INFO - [2021-06-07 18:50:20,705] {dag.py:2305} INFO - Setting next_dagrun for latest_only to 2021-06-05 00:00:00+00:00
[2021-06-07 18:50:20,711] {scheduler_job.py:190} INFO - Processing /home/encrypted/abaceti/.virtualenvs/pumpwood-airflow-images/lib/python3.6/site-packages/airflow/example_dags/example_latest_only.py took 0.038 seconds
[2021-06-07 18:50:50,757] {scheduler_job.py:182} INFO - Started process (PID=9544) to work on /home/encrypted/abaceti/.virtualenvs/pumpwood-airflow-images/lib/python3.6/site-packages/airflow/example_dags/example_latest_only.py
[2021-06-07 18:50:50,758] {scheduler_job.py:633} INFO - Processing file /home/encrypted/abaceti/.virtualenvs/pumpwood-airflow-images/lib/python3.6/site-packages/airflow/example_dags/example_latest_only.py for tasks to queue
[2021-06-07 18:50:50,758] {logging_mixin.py:104} INFO - [2021-06-07 18:50:50,758] {dagbag.py:487} INFO - Filling up the DagBag from /home/encrypted/abaceti/.virtualenvs/pumpwood-airflow-images/lib/python3.6/site-packages/airflow/example_dags/example_latest_only.py
[2021-06-07 18:50:50,763] {scheduler_job.py:643} INFO - DAG(s) dict_keys(['latest_only']) retrieved from /home/encrypted/abaceti/.virtualenvs/pumpwood-airflow-images/lib/python3.6/site-packages/airflow/example_dags/example_latest_only.py
[2021-06-07 18:50:50,778] {logging_mixin.py:104} INFO - [2021-06-07 18:50:50,778] {dag.py:1832} INFO - Sync 1 DAGs
[2021-06-07 18:50:50,787] {logging_mixin.py:104} INFO - [2021-06-07 18:50:50,787] {dag.py:2305} INFO - Setting next_dagrun for latest_only to 2021-06-05 00:00:00+00:00
[2021-06-07 18:50:50,793] {scheduler_job.py:190} INFO - Processing /home/encrypted/abaceti/.virtualenvs/pumpwood-airflow-images/lib/python3.6/site-packages/airflow/example_dags/example_latest_only.py took 0.037 seconds
[2021-06-07 18:51:21,035] {scheduler_job.py:182} INFO - Started process (PID=9660) to work on /home/encrypted/abaceti/.virtualenvs/pumpwood-airflow-images/lib/python3.6/site-packages/airflow/example_dags/example_latest_only.py
[2021-06-07 18:51:21,036] {scheduler_job.py:633} INFO - Processing file /home/encrypted/abaceti/.virtualenvs/pumpwood-airflow-images/lib/python3.6/site-packages/airflow/example_dags/example_latest_only.py for tasks to queue
[2021-06-07 18:51:21,036] {logging_mixin.py:104} INFO - [2021-06-07 18:51:21,036] {dagbag.py:487} INFO - Filling up the DagBag from /home/encrypted/abaceti/.virtualenvs/pumpwood-airflow-images/lib/python3.6/site-packages/airflow/example_dags/example_latest_only.py
[2021-06-07 18:51:21,042] {scheduler_job.py:643} INFO - DAG(s) dict_keys(['latest_only']) retrieved from /home/encrypted/abaceti/.virtualenvs/pumpwood-airflow-images/lib/python3.6/site-packages/airflow/example_dags/example_latest_only.py
[2021-06-07 18:51:21,055] {logging_mixin.py:104} INFO - [2021-06-07 18:51:21,055] {dag.py:1832} INFO - Sync 1 DAGs
[2021-06-07 18:51:21,064] {logging_mixin.py:104} INFO - [2021-06-07 18:51:21,064] {dag.py:2305} INFO - Setting next_dagrun for latest_only to 2021-06-05 00:00:00+00:00
[2021-06-07 18:51:21,070] {scheduler_job.py:190} INFO - Processing /home/encrypted/abaceti/.virtualenvs/pumpwood-airflow-images/lib/python3.6/site-packages/airflow/example_dags/example_latest_only.py took 0.036 seconds
[2021-06-07 18:51:51,089] {scheduler_job.py:182} INFO - Started process (PID=9825) to work on /home/encrypted/abaceti/.virtualenvs/pumpwood-airflow-images/lib/python3.6/site-packages/airflow/example_dags/example_latest_only.py
[2021-06-07 18:51:51,090] {scheduler_job.py:633} INFO - Processing file /home/encrypted/abaceti/.virtualenvs/pumpwood-airflow-images/lib/python3.6/site-packages/airflow/example_dags/example_latest_only.py for tasks to queue
[2021-06-07 18:51:51,090] {logging_mixin.py:104} INFO - [2021-06-07 18:51:51,090] {dagbag.py:487} INFO - Filling up the DagBag from /home/encrypted/abaceti/.virtualenvs/pumpwood-airflow-images/lib/python3.6/site-packages/airflow/example_dags/example_latest_only.py
[2021-06-07 18:51:51,095] {scheduler_job.py:643} INFO - DAG(s) dict_keys(['latest_only']) retrieved from /home/encrypted/abaceti/.virtualenvs/pumpwood-airflow-images/lib/python3.6/site-packages/airflow/example_dags/example_latest_only.py
[2021-06-07 18:51:51,109] {logging_mixin.py:104} INFO - [2021-06-07 18:51:51,109] {dag.py:1832} INFO - Sync 1 DAGs
[2021-06-07 18:51:51,117] {logging_mixin.py:104} INFO - [2021-06-07 18:51:51,117] {dag.py:2305} INFO - Setting next_dagrun for latest_only to 2021-06-05 00:00:00+00:00
[2021-06-07 18:51:51,123] {scheduler_job.py:190} INFO - Processing /home/encrypted/abaceti/.virtualenvs/pumpwood-airflow-images/lib/python3.6/site-packages/airflow/example_dags/example_latest_only.py took 0.035 seconds
[2021-06-07 18:52:21,309] {scheduler_job.py:182} INFO - Started process (PID=9945) to work on /home/encrypted/abaceti/.virtualenvs/pumpwood-airflow-images/lib/python3.6/site-packages/airflow/example_dags/example_latest_only.py
[2021-06-07 18:52:21,309] {scheduler_job.py:633} INFO - Processing file /home/encrypted/abaceti/.virtualenvs/pumpwood-airflow-images/lib/python3.6/site-packages/airflow/example_dags/example_latest_only.py for tasks to queue
[2021-06-07 18:52:21,310] {logging_mixin.py:104} INFO - [2021-06-07 18:52:21,310] {dagbag.py:487} INFO - Filling up the DagBag from /home/encrypted/abaceti/.virtualenvs/pumpwood-airflow-images/lib/python3.6/site-packages/airflow/example_dags/example_latest_only.py
[2021-06-07 18:52:21,315] {scheduler_job.py:643} INFO - DAG(s) dict_keys(['latest_only']) retrieved from /home/encrypted/abaceti/.virtualenvs/pumpwood-airflow-images/lib/python3.6/site-packages/airflow/example_dags/example_latest_only.py
[2021-06-07 18:52:21,330] {logging_mixin.py:104} INFO - [2021-06-07 18:52:21,330] {dag.py:1832} INFO - Sync 1 DAGs
[2021-06-07 18:52:21,338] {logging_mixin.py:104} INFO - [2021-06-07 18:52:21,338] {dag.py:2305} INFO - Setting next_dagrun for latest_only to 2021-06-05 00:00:00+00:00
[2021-06-07 18:52:21,344] {scheduler_job.py:190} INFO - Processing /home/encrypted/abaceti/.virtualenvs/pumpwood-airflow-images/lib/python3.6/site-packages/airflow/example_dags/example_latest_only.py took 0.037 seconds
[2021-06-07 18:52:51,519] {scheduler_job.py:182} INFO - Started process (PID=10754) to work on /home/encrypted/abaceti/.virtualenvs/pumpwood-airflow-images/lib/python3.6/site-packages/airflow/example_dags/example_latest_only.py
[2021-06-07 18:52:51,519] {scheduler_job.py:633} INFO - Processing file /home/encrypted/abaceti/.virtualenvs/pumpwood-airflow-images/lib/python3.6/site-packages/airflow/example_dags/example_latest_only.py for tasks to queue
[2021-06-07 18:52:51,520] {logging_mixin.py:104} INFO - [2021-06-07 18:52:51,520] {dagbag.py:487} INFO - Filling up the DagBag from /home/encrypted/abaceti/.virtualenvs/pumpwood-airflow-images/lib/python3.6/site-packages/airflow/example_dags/example_latest_only.py
[2021-06-07 18:52:51,525] {scheduler_job.py:643} INFO - DAG(s) dict_keys(['latest_only']) retrieved from /home/encrypted/abaceti/.virtualenvs/pumpwood-airflow-images/lib/python3.6/site-packages/airflow/example_dags/example_latest_only.py
[2021-06-07 18:52:51,539] {logging_mixin.py:104} INFO - [2021-06-07 18:52:51,539] {dag.py:1832} INFO - Sync 1 DAGs
[2021-06-07 18:52:51,547] {logging_mixin.py:104} INFO - [2021-06-07 18:52:51,547] {dag.py:2305} INFO - Setting next_dagrun for latest_only to 2021-06-05 00:00:00+00:00
[2021-06-07 18:52:51,553] {scheduler_job.py:190} INFO - Processing /home/encrypted/abaceti/.virtualenvs/pumpwood-airflow-images/lib/python3.6/site-packages/airflow/example_dags/example_latest_only.py took 0.036 seconds
[2021-06-07 18:53:21,694] {scheduler_job.py:182} INFO - Started process (PID=11079) to work on /home/encrypted/abaceti/.virtualenvs/pumpwood-airflow-images/lib/python3.6/site-packages/airflow/example_dags/example_latest_only.py
[2021-06-07 18:53:21,694] {scheduler_job.py:633} INFO - Processing file /home/encrypted/abaceti/.virtualenvs/pumpwood-airflow-images/lib/python3.6/site-packages/airflow/example_dags/example_latest_only.py for tasks to queue
[2021-06-07 18:53:21,695] {logging_mixin.py:104} INFO - [2021-06-07 18:53:21,695] {dagbag.py:487} INFO - Filling up the DagBag from /home/encrypted/abaceti/.virtualenvs/pumpwood-airflow-images/lib/python3.6/site-packages/airflow/example_dags/example_latest_only.py
[2021-06-07 18:53:21,700] {scheduler_job.py:643} INFO - DAG(s) dict_keys(['latest_only']) retrieved from /home/encrypted/abaceti/.virtualenvs/pumpwood-airflow-images/lib/python3.6/site-packages/airflow/example_dags/example_latest_only.py
[2021-06-07 18:53:21,714] {logging_mixin.py:104} INFO - [2021-06-07 18:53:21,714] {dag.py:1832} INFO - Sync 1 DAGs
[2021-06-07 18:53:21,722] {logging_mixin.py:104} INFO - [2021-06-07 18:53:21,722] {dag.py:2305} INFO - Setting next_dagrun for latest_only to 2021-06-05 00:00:00+00:00
[2021-06-07 18:53:21,728] {scheduler_job.py:190} INFO - Processing /home/encrypted/abaceti/.virtualenvs/pumpwood-airflow-images/lib/python3.6/site-packages/airflow/example_dags/example_latest_only.py took 0.035 seconds
[2021-06-07 18:53:51,910] {scheduler_job.py:182} INFO - Started process (PID=11453) to work on /home/encrypted/abaceti/.virtualenvs/pumpwood-airflow-images/lib/python3.6/site-packages/airflow/example_dags/example_latest_only.py
[2021-06-07 18:53:51,910] {scheduler_job.py:633} INFO - Processing file /home/encrypted/abaceti/.virtualenvs/pumpwood-airflow-images/lib/python3.6/site-packages/airflow/example_dags/example_latest_only.py for tasks to queue
[2021-06-07 18:53:51,911] {logging_mixin.py:104} INFO - [2021-06-07 18:53:51,911] {dagbag.py:487} INFO - Filling up the DagBag from /home/encrypted/abaceti/.virtualenvs/pumpwood-airflow-images/lib/python3.6/site-packages/airflow/example_dags/example_latest_only.py
[2021-06-07 18:53:51,916] {scheduler_job.py:643} INFO - DAG(s) dict_keys(['latest_only']) retrieved from /home/encrypted/abaceti/.virtualenvs/pumpwood-airflow-images/lib/python3.6/site-packages/airflow/example_dags/example_latest_only.py
[2021-06-07 18:53:51,929] {logging_mixin.py:104} INFO - [2021-06-07 18:53:51,929] {dag.py:1832} INFO - Sync 1 DAGs
[2021-06-07 18:53:51,937] {logging_mixin.py:104} INFO - [2021-06-07 18:53:51,937] {dag.py:2305} INFO - Setting next_dagrun for latest_only to 2021-06-05 00:00:00+00:00
[2021-06-07 18:53:51,943] {scheduler_job.py:190} INFO - Processing /home/encrypted/abaceti/.virtualenvs/pumpwood-airflow-images/lib/python3.6/site-packages/airflow/example_dags/example_latest_only.py took 0.035 seconds
[2021-06-07 18:54:22,010] {scheduler_job.py:182} INFO - Started process (PID=11870) to work on /home/encrypted/abaceti/.virtualenvs/pumpwood-airflow-images/lib/python3.6/site-packages/airflow/example_dags/example_latest_only.py
[2021-06-07 18:54:22,011] {scheduler_job.py:633} INFO - Processing file /home/encrypted/abaceti/.virtualenvs/pumpwood-airflow-images/lib/python3.6/site-packages/airflow/example_dags/example_latest_only.py for tasks to queue
[2021-06-07 18:54:22,011] {logging_mixin.py:104} INFO - [2021-06-07 18:54:22,011] {dagbag.py:487} INFO - Filling up the DagBag from /home/encrypted/abaceti/.virtualenvs/pumpwood-airflow-images/lib/python3.6/site-packages/airflow/example_dags/example_latest_only.py
[2021-06-07 18:54:22,016] {scheduler_job.py:643} INFO - DAG(s) dict_keys(['latest_only']) retrieved from /home/encrypted/abaceti/.virtualenvs/pumpwood-airflow-images/lib/python3.6/site-packages/airflow/example_dags/example_latest_only.py
[2021-06-07 18:54:22,031] {logging_mixin.py:104} INFO - [2021-06-07 18:54:22,031] {dag.py:1832} INFO - Sync 1 DAGs
[2021-06-07 18:54:22,040] {logging_mixin.py:104} INFO - [2021-06-07 18:54:22,040] {dag.py:2305} INFO - Setting next_dagrun for latest_only to 2021-06-05 00:00:00+00:00
[2021-06-07 18:54:22,046] {scheduler_job.py:190} INFO - Processing /home/encrypted/abaceti/.virtualenvs/pumpwood-airflow-images/lib/python3.6/site-packages/airflow/example_dags/example_latest_only.py took 0.037 seconds
[2021-06-07 18:54:52,188] {scheduler_job.py:182} INFO - Started process (PID=12081) to work on /home/encrypted/abaceti/.virtualenvs/pumpwood-airflow-images/lib/python3.6/site-packages/airflow/example_dags/example_latest_only.py
[2021-06-07 18:54:52,188] {scheduler_job.py:633} INFO - Processing file /home/encrypted/abaceti/.virtualenvs/pumpwood-airflow-images/lib/python3.6/site-packages/airflow/example_dags/example_latest_only.py for tasks to queue
[2021-06-07 18:54:52,189] {logging_mixin.py:104} INFO - [2021-06-07 18:54:52,189] {dagbag.py:487} INFO - Filling up the DagBag from /home/encrypted/abaceti/.virtualenvs/pumpwood-airflow-images/lib/python3.6/site-packages/airflow/example_dags/example_latest_only.py
[2021-06-07 18:54:52,194] {scheduler_job.py:643} INFO - DAG(s) dict_keys(['latest_only']) retrieved from /home/encrypted/abaceti/.virtualenvs/pumpwood-airflow-images/lib/python3.6/site-packages/airflow/example_dags/example_latest_only.py
[2021-06-07 18:54:52,208] {logging_mixin.py:104} INFO - [2021-06-07 18:54:52,207] {dag.py:1832} INFO - Sync 1 DAGs
[2021-06-07 18:54:52,216] {logging_mixin.py:104} INFO - [2021-06-07 18:54:52,216] {dag.py:2305} INFO - Setting next_dagrun for latest_only to 2021-06-05 00:00:00+00:00
[2021-06-07 18:54:52,222] {scheduler_job.py:190} INFO - Processing /home/encrypted/abaceti/.virtualenvs/pumpwood-airflow-images/lib/python3.6/site-packages/airflow/example_dags/example_latest_only.py took 0.036 seconds
[2021-06-07 18:55:22,396] {scheduler_job.py:182} INFO - Started process (PID=12261) to work on /home/encrypted/abaceti/.virtualenvs/pumpwood-airflow-images/lib/python3.6/site-packages/airflow/example_dags/example_latest_only.py
[2021-06-07 18:55:22,396] {scheduler_job.py:633} INFO - Processing file /home/encrypted/abaceti/.virtualenvs/pumpwood-airflow-images/lib/python3.6/site-packages/airflow/example_dags/example_latest_only.py for tasks to queue
[2021-06-07 18:55:22,396] {logging_mixin.py:104} INFO - [2021-06-07 18:55:22,396] {dagbag.py:487} INFO - Filling up the DagBag from /home/encrypted/abaceti/.virtualenvs/pumpwood-airflow-images/lib/python3.6/site-packages/airflow/example_dags/example_latest_only.py
[2021-06-07 18:55:22,402] {scheduler_job.py:643} INFO - DAG(s) dict_keys(['latest_only']) retrieved from /home/encrypted/abaceti/.virtualenvs/pumpwood-airflow-images/lib/python3.6/site-packages/airflow/example_dags/example_latest_only.py
[2021-06-07 18:55:22,417] {logging_mixin.py:104} INFO - [2021-06-07 18:55:22,417] {dag.py:1832} INFO - Sync 1 DAGs
[2021-06-07 18:55:22,427] {logging_mixin.py:104} INFO - [2021-06-07 18:55:22,427] {dag.py:2305} INFO - Setting next_dagrun for latest_only to 2021-06-05 00:00:00+00:00
[2021-06-07 18:55:22,433] {scheduler_job.py:190} INFO - Processing /home/encrypted/abaceti/.virtualenvs/pumpwood-airflow-images/lib/python3.6/site-packages/airflow/example_dags/example_latest_only.py took 0.039 seconds
[2021-06-07 18:55:52,510] {scheduler_job.py:182} INFO - Started process (PID=12482) to work on /home/encrypted/abaceti/.virtualenvs/pumpwood-airflow-images/lib/python3.6/site-packages/airflow/example_dags/example_latest_only.py
[2021-06-07 18:55:52,511] {scheduler_job.py:633} INFO - Processing file /home/encrypted/abaceti/.virtualenvs/pumpwood-airflow-images/lib/python3.6/site-packages/airflow/example_dags/example_latest_only.py for tasks to queue
[2021-06-07 18:55:52,511] {logging_mixin.py:104} INFO - [2021-06-07 18:55:52,511] {dagbag.py:487} INFO - Filling up the DagBag from /home/encrypted/abaceti/.virtualenvs/pumpwood-airflow-images/lib/python3.6/site-packages/airflow/example_dags/example_latest_only.py
[2021-06-07 18:55:52,516] {scheduler_job.py:643} INFO - DAG(s) dict_keys(['latest_only']) retrieved from /home/encrypted/abaceti/.virtualenvs/pumpwood-airflow-images/lib/python3.6/site-packages/airflow/example_dags/example_latest_only.py
[2021-06-07 18:55:52,529] {logging_mixin.py:104} INFO - [2021-06-07 18:55:52,529] {dag.py:1832} INFO - Sync 1 DAGs
[2021-06-07 18:55:52,537] {logging_mixin.py:104} INFO - [2021-06-07 18:55:52,537] {dag.py:2305} INFO - Setting next_dagrun for latest_only to 2021-06-05 00:00:00+00:00
[2021-06-07 18:55:52,544] {scheduler_job.py:190} INFO - Processing /home/encrypted/abaceti/.virtualenvs/pumpwood-airflow-images/lib/python3.6/site-packages/airflow/example_dags/example_latest_only.py took 0.035 seconds
[2021-06-07 18:56:22,598] {scheduler_job.py:182} INFO - Started process (PID=12649) to work on /home/encrypted/abaceti/.virtualenvs/pumpwood-airflow-images/lib/python3.6/site-packages/airflow/example_dags/example_latest_only.py
[2021-06-07 18:56:22,599] {scheduler_job.py:633} INFO - Processing file /home/encrypted/abaceti/.virtualenvs/pumpwood-airflow-images/lib/python3.6/site-packages/airflow/example_dags/example_latest_only.py for tasks to queue
[2021-06-07 18:56:22,599] {logging_mixin.py:104} INFO - [2021-06-07 18:56:22,599] {dagbag.py:487} INFO - Filling up the DagBag from /home/encrypted/abaceti/.virtualenvs/pumpwood-airflow-images/lib/python3.6/site-packages/airflow/example_dags/example_latest_only.py
[2021-06-07 18:56:22,604] {scheduler_job.py:643} INFO - DAG(s) dict_keys(['latest_only']) retrieved from /home/encrypted/abaceti/.virtualenvs/pumpwood-airflow-images/lib/python3.6/site-packages/airflow/example_dags/example_latest_only.py
[2021-06-07 18:56:22,617] {logging_mixin.py:104} INFO - [2021-06-07 18:56:22,617] {dag.py:1832} INFO - Sync 1 DAGs
[2021-06-07 18:56:22,626] {logging_mixin.py:104} INFO - [2021-06-07 18:56:22,626] {dag.py:2305} INFO - Setting next_dagrun for latest_only to 2021-06-05 00:00:00+00:00
[2021-06-07 18:56:22,633] {scheduler_job.py:190} INFO - Processing /home/encrypted/abaceti/.virtualenvs/pumpwood-airflow-images/lib/python3.6/site-packages/airflow/example_dags/example_latest_only.py took 0.036 seconds
[2021-06-07 18:56:52,871] {scheduler_job.py:182} INFO - Started process (PID=12879) to work on /home/encrypted/abaceti/.virtualenvs/pumpwood-airflow-images/lib/python3.6/site-packages/airflow/example_dags/example_latest_only.py
[2021-06-07 18:56:52,871] {scheduler_job.py:633} INFO - Processing file /home/encrypted/abaceti/.virtualenvs/pumpwood-airflow-images/lib/python3.6/site-packages/airflow/example_dags/example_latest_only.py for tasks to queue
[2021-06-07 18:56:52,871] {logging_mixin.py:104} INFO - [2021-06-07 18:56:52,871] {dagbag.py:487} INFO - Filling up the DagBag from /home/encrypted/abaceti/.virtualenvs/pumpwood-airflow-images/lib/python3.6/site-packages/airflow/example_dags/example_latest_only.py
[2021-06-07 18:56:52,877] {scheduler_job.py:643} INFO - DAG(s) dict_keys(['latest_only']) retrieved from /home/encrypted/abaceti/.virtualenvs/pumpwood-airflow-images/lib/python3.6/site-packages/airflow/example_dags/example_latest_only.py
[2021-06-07 18:56:52,891] {logging_mixin.py:104} INFO - [2021-06-07 18:56:52,891] {dag.py:1832} INFO - Sync 1 DAGs
[2021-06-07 18:56:52,900] {logging_mixin.py:104} INFO - [2021-06-07 18:56:52,900] {dag.py:2305} INFO - Setting next_dagrun for latest_only to 2021-06-05 00:00:00+00:00
[2021-06-07 18:56:52,905] {scheduler_job.py:190} INFO - Processing /home/encrypted/abaceti/.virtualenvs/pumpwood-airflow-images/lib/python3.6/site-packages/airflow/example_dags/example_latest_only.py took 0.036 seconds
[2021-06-07 18:57:23,844] {scheduler_job.py:182} INFO - Started process (PID=13010) to work on /home/encrypted/abaceti/.virtualenvs/pumpwood-airflow-images/lib/python3.6/site-packages/airflow/example_dags/example_latest_only.py
[2021-06-07 18:57:23,845] {scheduler_job.py:633} INFO - Processing file /home/encrypted/abaceti/.virtualenvs/pumpwood-airflow-images/lib/python3.6/site-packages/airflow/example_dags/example_latest_only.py for tasks to queue
[2021-06-07 18:57:23,845] {logging_mixin.py:104} INFO - [2021-06-07 18:57:23,845] {dagbag.py:487} INFO - Filling up the DagBag from /home/encrypted/abaceti/.virtualenvs/pumpwood-airflow-images/lib/python3.6/site-packages/airflow/example_dags/example_latest_only.py
[2021-06-07 18:57:23,850] {scheduler_job.py:643} INFO - DAG(s) dict_keys(['latest_only']) retrieved from /home/encrypted/abaceti/.virtualenvs/pumpwood-airflow-images/lib/python3.6/site-packages/airflow/example_dags/example_latest_only.py
[2021-06-07 18:57:23,864] {logging_mixin.py:104} INFO - [2021-06-07 18:57:23,864] {dag.py:1832} INFO - Sync 1 DAGs
[2021-06-07 18:57:23,873] {logging_mixin.py:104} INFO - [2021-06-07 18:57:23,872] {dag.py:2305} INFO - Setting next_dagrun for latest_only to 2021-06-05 00:00:00+00:00
[2021-06-07 18:57:23,878] {scheduler_job.py:190} INFO - Processing /home/encrypted/abaceti/.virtualenvs/pumpwood-airflow-images/lib/python3.6/site-packages/airflow/example_dags/example_latest_only.py took 0.035 seconds
[2021-06-07 18:57:53,902] {scheduler_job.py:182} INFO - Started process (PID=13178) to work on /home/encrypted/abaceti/.virtualenvs/pumpwood-airflow-images/lib/python3.6/site-packages/airflow/example_dags/example_latest_only.py
[2021-06-07 18:57:53,903] {scheduler_job.py:633} INFO - Processing file /home/encrypted/abaceti/.virtualenvs/pumpwood-airflow-images/lib/python3.6/site-packages/airflow/example_dags/example_latest_only.py for tasks to queue
[2021-06-07 18:57:53,903] {logging_mixin.py:104} INFO - [2021-06-07 18:57:53,903] {dagbag.py:487} INFO - Filling up the DagBag from /home/encrypted/abaceti/.virtualenvs/pumpwood-airflow-images/lib/python3.6/site-packages/airflow/example_dags/example_latest_only.py
[2021-06-07 18:57:53,908] {scheduler_job.py:643} INFO - DAG(s) dict_keys(['latest_only']) retrieved from /home/encrypted/abaceti/.virtualenvs/pumpwood-airflow-images/lib/python3.6/site-packages/airflow/example_dags/example_latest_only.py
[2021-06-07 18:57:53,925] {logging_mixin.py:104} INFO - [2021-06-07 18:57:53,925] {dag.py:1832} INFO - Sync 1 DAGs
[2021-06-07 18:57:53,937] {logging_mixin.py:104} INFO - [2021-06-07 18:57:53,937] {dag.py:2305} INFO - Setting next_dagrun for latest_only to 2021-06-05 00:00:00+00:00
[2021-06-07 18:57:53,943] {scheduler_job.py:190} INFO - Processing /home/encrypted/abaceti/.virtualenvs/pumpwood-airflow-images/lib/python3.6/site-packages/airflow/example_dags/example_latest_only.py took 0.042 seconds
[2021-06-07 18:58:24,111] {scheduler_job.py:182} INFO - Started process (PID=13297) to work on /home/encrypted/abaceti/.virtualenvs/pumpwood-airflow-images/lib/python3.6/site-packages/airflow/example_dags/example_latest_only.py
[2021-06-07 18:58:24,111] {scheduler_job.py:633} INFO - Processing file /home/encrypted/abaceti/.virtualenvs/pumpwood-airflow-images/lib/python3.6/site-packages/airflow/example_dags/example_latest_only.py for tasks to queue
[2021-06-07 18:58:24,112] {logging_mixin.py:104} INFO - [2021-06-07 18:58:24,112] {dagbag.py:487} INFO - Filling up the DagBag from /home/encrypted/abaceti/.virtualenvs/pumpwood-airflow-images/lib/python3.6/site-packages/airflow/example_dags/example_latest_only.py
[2021-06-07 18:58:24,117] {scheduler_job.py:643} INFO - DAG(s) dict_keys(['latest_only']) retrieved from /home/encrypted/abaceti/.virtualenvs/pumpwood-airflow-images/lib/python3.6/site-packages/airflow/example_dags/example_latest_only.py
[2021-06-07 18:58:24,133] {logging_mixin.py:104} INFO - [2021-06-07 18:58:24,133] {dag.py:1832} INFO - Sync 1 DAGs
[2021-06-07 18:58:24,142] {logging_mixin.py:104} INFO - [2021-06-07 18:58:24,142] {dag.py:2305} INFO - Setting next_dagrun for latest_only to 2021-06-05 00:00:00+00:00
[2021-06-07 18:58:24,148] {scheduler_job.py:190} INFO - Processing /home/encrypted/abaceti/.virtualenvs/pumpwood-airflow-images/lib/python3.6/site-packages/airflow/example_dags/example_latest_only.py took 0.039 seconds
[2021-06-07 18:58:54,234] {scheduler_job.py:182} INFO - Started process (PID=13475) to work on /home/encrypted/abaceti/.virtualenvs/pumpwood-airflow-images/lib/python3.6/site-packages/airflow/example_dags/example_latest_only.py
[2021-06-07 18:58:54,235] {scheduler_job.py:633} INFO - Processing file /home/encrypted/abaceti/.virtualenvs/pumpwood-airflow-images/lib/python3.6/site-packages/airflow/example_dags/example_latest_only.py for tasks to queue
[2021-06-07 18:58:54,235] {logging_mixin.py:104} INFO - [2021-06-07 18:58:54,235] {dagbag.py:487} INFO - Filling up the DagBag from /home/encrypted/abaceti/.virtualenvs/pumpwood-airflow-images/lib/python3.6/site-packages/airflow/example_dags/example_latest_only.py
[2021-06-07 18:58:54,241] {scheduler_job.py:643} INFO - DAG(s) dict_keys(['latest_only']) retrieved from /home/encrypted/abaceti/.virtualenvs/pumpwood-airflow-images/lib/python3.6/site-packages/airflow/example_dags/example_latest_only.py
[2021-06-07 18:58:54,256] {logging_mixin.py:104} INFO - [2021-06-07 18:58:54,255] {dag.py:1832} INFO - Sync 1 DAGs
[2021-06-07 18:58:54,264] {logging_mixin.py:104} INFO - [2021-06-07 18:58:54,264] {dag.py:2305} INFO - Setting next_dagrun for latest_only to 2021-06-05 00:00:00+00:00
[2021-06-07 18:58:54,270] {scheduler_job.py:190} INFO - Processing /home/encrypted/abaceti/.virtualenvs/pumpwood-airflow-images/lib/python3.6/site-packages/airflow/example_dags/example_latest_only.py took 0.037 seconds
[2021-06-07 18:59:24,407] {scheduler_job.py:182} INFO - Started process (PID=13596) to work on /home/encrypted/abaceti/.virtualenvs/pumpwood-airflow-images/lib/python3.6/site-packages/airflow/example_dags/example_latest_only.py
[2021-06-07 18:59:24,407] {scheduler_job.py:633} INFO - Processing file /home/encrypted/abaceti/.virtualenvs/pumpwood-airflow-images/lib/python3.6/site-packages/airflow/example_dags/example_latest_only.py for tasks to queue
[2021-06-07 18:59:24,407] {logging_mixin.py:104} INFO - [2021-06-07 18:59:24,407] {dagbag.py:487} INFO - Filling up the DagBag from /home/encrypted/abaceti/.virtualenvs/pumpwood-airflow-images/lib/python3.6/site-packages/airflow/example_dags/example_latest_only.py
[2021-06-07 18:59:24,412] {scheduler_job.py:643} INFO - DAG(s) dict_keys(['latest_only']) retrieved from /home/encrypted/abaceti/.virtualenvs/pumpwood-airflow-images/lib/python3.6/site-packages/airflow/example_dags/example_latest_only.py
[2021-06-07 18:59:24,426] {logging_mixin.py:104} INFO - [2021-06-07 18:59:24,426] {dag.py:1832} INFO - Sync 1 DAGs
[2021-06-07 18:59:24,434] {logging_mixin.py:104} INFO - [2021-06-07 18:59:24,434] {dag.py:2305} INFO - Setting next_dagrun for latest_only to 2021-06-05 00:00:00+00:00
[2021-06-07 18:59:24,441] {scheduler_job.py:190} INFO - Processing /home/encrypted/abaceti/.virtualenvs/pumpwood-airflow-images/lib/python3.6/site-packages/airflow/example_dags/example_latest_only.py took 0.035 seconds
[2021-06-07 18:59:54,554] {scheduler_job.py:182} INFO - Started process (PID=13760) to work on /home/encrypted/abaceti/.virtualenvs/pumpwood-airflow-images/lib/python3.6/site-packages/airflow/example_dags/example_latest_only.py
[2021-06-07 18:59:54,554] {scheduler_job.py:633} INFO - Processing file /home/encrypted/abaceti/.virtualenvs/pumpwood-airflow-images/lib/python3.6/site-packages/airflow/example_dags/example_latest_only.py for tasks to queue
[2021-06-07 18:59:54,555] {logging_mixin.py:104} INFO - [2021-06-07 18:59:54,555] {dagbag.py:487} INFO - Filling up the DagBag from /home/encrypted/abaceti/.virtualenvs/pumpwood-airflow-images/lib/python3.6/site-packages/airflow/example_dags/example_latest_only.py
[2021-06-07 18:59:54,560] {scheduler_job.py:643} INFO - DAG(s) dict_keys(['latest_only']) retrieved from /home/encrypted/abaceti/.virtualenvs/pumpwood-airflow-images/lib/python3.6/site-packages/airflow/example_dags/example_latest_only.py
[2021-06-07 18:59:54,576] {logging_mixin.py:104} INFO - [2021-06-07 18:59:54,576] {dag.py:1832} INFO - Sync 1 DAGs
[2021-06-07 18:59:54,585] {logging_mixin.py:104} INFO - [2021-06-07 18:59:54,585] {dag.py:2305} INFO - Setting next_dagrun for latest_only to 2021-06-05 00:00:00+00:00
[2021-06-07 18:59:54,591] {scheduler_job.py:190} INFO - Processing /home/encrypted/abaceti/.virtualenvs/pumpwood-airflow-images/lib/python3.6/site-packages/airflow/example_dags/example_latest_only.py took 0.038 seconds
[2021-06-07 19:00:24,779] {scheduler_job.py:182} INFO - Started process (PID=13873) to work on /home/encrypted/abaceti/.virtualenvs/pumpwood-airflow-images/lib/python3.6/site-packages/airflow/example_dags/example_latest_only.py
[2021-06-07 19:00:24,780] {scheduler_job.py:633} INFO - Processing file /home/encrypted/abaceti/.virtualenvs/pumpwood-airflow-images/lib/python3.6/site-packages/airflow/example_dags/example_latest_only.py for tasks to queue
[2021-06-07 19:00:24,780] {logging_mixin.py:104} INFO - [2021-06-07 19:00:24,780] {dagbag.py:487} INFO - Filling up the DagBag from /home/encrypted/abaceti/.virtualenvs/pumpwood-airflow-images/lib/python3.6/site-packages/airflow/example_dags/example_latest_only.py
[2021-06-07 19:00:24,785] {scheduler_job.py:643} INFO - DAG(s) dict_keys(['latest_only']) retrieved from /home/encrypted/abaceti/.virtualenvs/pumpwood-airflow-images/lib/python3.6/site-packages/airflow/example_dags/example_latest_only.py
[2021-06-07 19:00:24,799] {logging_mixin.py:104} INFO - [2021-06-07 19:00:24,799] {dag.py:1832} INFO - Sync 1 DAGs
[2021-06-07 19:00:24,807] {logging_mixin.py:104} INFO - [2021-06-07 19:00:24,807] {dag.py:2305} INFO - Setting next_dagrun for latest_only to 2021-06-05 00:00:00+00:00
[2021-06-07 19:00:24,813] {scheduler_job.py:190} INFO - Processing /home/encrypted/abaceti/.virtualenvs/pumpwood-airflow-images/lib/python3.6/site-packages/airflow/example_dags/example_latest_only.py took 0.036 seconds
[2021-06-07 19:00:54,920] {scheduler_job.py:182} INFO - Started process (PID=14068) to work on /home/encrypted/abaceti/.virtualenvs/pumpwood-airflow-images/lib/python3.6/site-packages/airflow/example_dags/example_latest_only.py
[2021-06-07 19:00:54,921] {scheduler_job.py:633} INFO - Processing file /home/encrypted/abaceti/.virtualenvs/pumpwood-airflow-images/lib/python3.6/site-packages/airflow/example_dags/example_latest_only.py for tasks to queue
[2021-06-07 19:00:54,921] {logging_mixin.py:104} INFO - [2021-06-07 19:00:54,921] {dagbag.py:487} INFO - Filling up the DagBag from /home/encrypted/abaceti/.virtualenvs/pumpwood-airflow-images/lib/python3.6/site-packages/airflow/example_dags/example_latest_only.py
[2021-06-07 19:00:54,926] {scheduler_job.py:643} INFO - DAG(s) dict_keys(['latest_only']) retrieved from /home/encrypted/abaceti/.virtualenvs/pumpwood-airflow-images/lib/python3.6/site-packages/airflow/example_dags/example_latest_only.py
[2021-06-07 19:00:54,940] {logging_mixin.py:104} INFO - [2021-06-07 19:00:54,939] {dag.py:1832} INFO - Sync 1 DAGs
[2021-06-07 19:00:54,948] {logging_mixin.py:104} INFO - [2021-06-07 19:00:54,948] {dag.py:2305} INFO - Setting next_dagrun for latest_only to 2021-06-05 00:00:00+00:00
[2021-06-07 19:00:54,954] {scheduler_job.py:190} INFO - Processing /home/encrypted/abaceti/.virtualenvs/pumpwood-airflow-images/lib/python3.6/site-packages/airflow/example_dags/example_latest_only.py took 0.036 seconds
[2021-06-07 19:01:25,066] {scheduler_job.py:182} INFO - Started process (PID=14185) to work on /home/encrypted/abaceti/.virtualenvs/pumpwood-airflow-images/lib/python3.6/site-packages/airflow/example_dags/example_latest_only.py
[2021-06-07 19:01:25,066] {scheduler_job.py:633} INFO - Processing file /home/encrypted/abaceti/.virtualenvs/pumpwood-airflow-images/lib/python3.6/site-packages/airflow/example_dags/example_latest_only.py for tasks to queue
[2021-06-07 19:01:25,067] {logging_mixin.py:104} INFO - [2021-06-07 19:01:25,067] {dagbag.py:487} INFO - Filling up the DagBag from /home/encrypted/abaceti/.virtualenvs/pumpwood-airflow-images/lib/python3.6/site-packages/airflow/example_dags/example_latest_only.py
[2021-06-07 19:01:25,071] {scheduler_job.py:643} INFO - DAG(s) dict_keys(['latest_only']) retrieved from /home/encrypted/abaceti/.virtualenvs/pumpwood-airflow-images/lib/python3.6/site-packages/airflow/example_dags/example_latest_only.py
[2021-06-07 19:01:25,085] {logging_mixin.py:104} INFO - [2021-06-07 19:01:25,085] {dag.py:1832} INFO - Sync 1 DAGs
[2021-06-07 19:01:25,093] {logging_mixin.py:104} INFO - [2021-06-07 19:01:25,093] {dag.py:2305} INFO - Setting next_dagrun for latest_only to 2021-06-05 00:00:00+00:00
[2021-06-07 19:01:25,099] {scheduler_job.py:190} INFO - Processing /home/encrypted/abaceti/.virtualenvs/pumpwood-airflow-images/lib/python3.6/site-packages/airflow/example_dags/example_latest_only.py took 0.034 seconds
[2021-06-07 19:01:55,418] {scheduler_job.py:182} INFO - Started process (PID=14375) to work on /home/encrypted/abaceti/.virtualenvs/pumpwood-airflow-images/lib/python3.6/site-packages/airflow/example_dags/example_latest_only.py
[2021-06-07 19:01:55,419] {scheduler_job.py:633} INFO - Processing file /home/encrypted/abaceti/.virtualenvs/pumpwood-airflow-images/lib/python3.6/site-packages/airflow/example_dags/example_latest_only.py for tasks to queue
[2021-06-07 19:01:55,419] {logging_mixin.py:104} INFO - [2021-06-07 19:01:55,419] {dagbag.py:487} INFO - Filling up the DagBag from /home/encrypted/abaceti/.virtualenvs/pumpwood-airflow-images/lib/python3.6/site-packages/airflow/example_dags/example_latest_only.py
[2021-06-07 19:01:55,424] {scheduler_job.py:643} INFO - DAG(s) dict_keys(['latest_only']) retrieved from /home/encrypted/abaceti/.virtualenvs/pumpwood-airflow-images/lib/python3.6/site-packages/airflow/example_dags/example_latest_only.py
[2021-06-07 19:01:55,438] {logging_mixin.py:104} INFO - [2021-06-07 19:01:55,438] {dag.py:1832} INFO - Sync 1 DAGs
[2021-06-07 19:01:55,446] {logging_mixin.py:104} INFO - [2021-06-07 19:01:55,446] {dag.py:2305} INFO - Setting next_dagrun for latest_only to 2021-06-05 00:00:00+00:00
[2021-06-07 19:01:55,452] {scheduler_job.py:190} INFO - Processing /home/encrypted/abaceti/.virtualenvs/pumpwood-airflow-images/lib/python3.6/site-packages/airflow/example_dags/example_latest_only.py took 0.036 seconds
[2021-06-07 19:02:25,514] {scheduler_job.py:182} INFO - Started process (PID=14513) to work on /home/encrypted/abaceti/.virtualenvs/pumpwood-airflow-images/lib/python3.6/site-packages/airflow/example_dags/example_latest_only.py
[2021-06-07 19:02:25,515] {scheduler_job.py:633} INFO - Processing file /home/encrypted/abaceti/.virtualenvs/pumpwood-airflow-images/lib/python3.6/site-packages/airflow/example_dags/example_latest_only.py for tasks to queue
[2021-06-07 19:02:25,515] {logging_mixin.py:104} INFO - [2021-06-07 19:02:25,515] {dagbag.py:487} INFO - Filling up the DagBag from /home/encrypted/abaceti/.virtualenvs/pumpwood-airflow-images/lib/python3.6/site-packages/airflow/example_dags/example_latest_only.py
[2021-06-07 19:02:25,521] {scheduler_job.py:643} INFO - DAG(s) dict_keys(['latest_only']) retrieved from /home/encrypted/abaceti/.virtualenvs/pumpwood-airflow-images/lib/python3.6/site-packages/airflow/example_dags/example_latest_only.py
[2021-06-07 19:02:25,536] {logging_mixin.py:104} INFO - [2021-06-07 19:02:25,536] {dag.py:1832} INFO - Sync 1 DAGs
[2021-06-07 19:02:25,545] {logging_mixin.py:104} INFO - [2021-06-07 19:02:25,545] {dag.py:2305} INFO - Setting next_dagrun for latest_only to 2021-06-05 00:00:00+00:00
[2021-06-07 19:02:25,552] {scheduler_job.py:190} INFO - Processing /home/encrypted/abaceti/.virtualenvs/pumpwood-airflow-images/lib/python3.6/site-packages/airflow/example_dags/example_latest_only.py took 0.039 seconds
