[2021-06-07 18:39:19,946] {scheduler_job.py:182} INFO - Started process (PID=5661) to work on /home/encrypted/abaceti/.virtualenvs/pumpwood-airflow-images/lib/python3.6/site-packages/airflow/example_dags/example_complex.py
[2021-06-07 18:39:19,946] {scheduler_job.py:633} INFO - Processing file /home/encrypted/abaceti/.virtualenvs/pumpwood-airflow-images/lib/python3.6/site-packages/airflow/example_dags/example_complex.py for tasks to queue
[2021-06-07 18:39:19,947] {logging_mixin.py:104} INFO - [2021-06-07 18:39:19,946] {dagbag.py:487} INFO - Filling up the DagBag from /home/encrypted/abaceti/.virtualenvs/pumpwood-airflow-images/lib/python3.6/site-packages/airflow/example_dags/example_complex.py
[2021-06-07 18:39:19,958] {scheduler_job.py:643} INFO - DAG(s) dict_keys(['example_complex']) retrieved from /home/encrypted/abaceti/.virtualenvs/pumpwood-airflow-images/lib/python3.6/site-packages/airflow/example_dags/example_complex.py
[2021-06-07 18:39:19,975] {logging_mixin.py:104} INFO - [2021-06-07 18:39:19,974] {dag.py:1832} INFO - Sync 1 DAGs
[2021-06-07 18:39:19,983] {logging_mixin.py:104} INFO - [2021-06-07 18:39:19,983] {dag.py:2305} INFO - Setting next_dagrun for example_complex to None
[2021-06-07 18:39:19,990] {scheduler_job.py:190} INFO - Processing /home/encrypted/abaceti/.virtualenvs/pumpwood-airflow-images/lib/python3.6/site-packages/airflow/example_dags/example_complex.py took 0.046 seconds
[2021-06-07 18:39:50,130] {scheduler_job.py:182} INFO - Started process (PID=5827) to work on /home/encrypted/abaceti/.virtualenvs/pumpwood-airflow-images/lib/python3.6/site-packages/airflow/example_dags/example_complex.py
[2021-06-07 18:39:50,130] {scheduler_job.py:633} INFO - Processing file /home/encrypted/abaceti/.virtualenvs/pumpwood-airflow-images/lib/python3.6/site-packages/airflow/example_dags/example_complex.py for tasks to queue
[2021-06-07 18:39:50,131] {logging_mixin.py:104} INFO - [2021-06-07 18:39:50,131] {dagbag.py:487} INFO - Filling up the DagBag from /home/encrypted/abaceti/.virtualenvs/pumpwood-airflow-images/lib/python3.6/site-packages/airflow/example_dags/example_complex.py
[2021-06-07 18:39:50,140] {scheduler_job.py:643} INFO - DAG(s) dict_keys(['example_complex']) retrieved from /home/encrypted/abaceti/.virtualenvs/pumpwood-airflow-images/lib/python3.6/site-packages/airflow/example_dags/example_complex.py
[2021-06-07 18:39:50,157] {logging_mixin.py:104} INFO - [2021-06-07 18:39:50,157] {dag.py:1832} INFO - Sync 1 DAGs
[2021-06-07 18:39:50,166] {logging_mixin.py:104} INFO - [2021-06-07 18:39:50,166] {dag.py:2305} INFO - Setting next_dagrun for example_complex to None
[2021-06-07 18:39:50,172] {scheduler_job.py:190} INFO - Processing /home/encrypted/abaceti/.virtualenvs/pumpwood-airflow-images/lib/python3.6/site-packages/airflow/example_dags/example_complex.py took 0.044 seconds
[2021-06-07 18:40:20,330] {scheduler_job.py:182} INFO - Started process (PID=5980) to work on /home/encrypted/abaceti/.virtualenvs/pumpwood-airflow-images/lib/python3.6/site-packages/airflow/example_dags/example_complex.py
[2021-06-07 18:40:20,330] {scheduler_job.py:633} INFO - Processing file /home/encrypted/abaceti/.virtualenvs/pumpwood-airflow-images/lib/python3.6/site-packages/airflow/example_dags/example_complex.py for tasks to queue
[2021-06-07 18:40:20,331] {logging_mixin.py:104} INFO - [2021-06-07 18:40:20,331] {dagbag.py:487} INFO - Filling up the DagBag from /home/encrypted/abaceti/.virtualenvs/pumpwood-airflow-images/lib/python3.6/site-packages/airflow/example_dags/example_complex.py
[2021-06-07 18:40:20,340] {scheduler_job.py:643} INFO - DAG(s) dict_keys(['example_complex']) retrieved from /home/encrypted/abaceti/.virtualenvs/pumpwood-airflow-images/lib/python3.6/site-packages/airflow/example_dags/example_complex.py
[2021-06-07 18:40:20,357] {logging_mixin.py:104} INFO - [2021-06-07 18:40:20,357] {dag.py:1832} INFO - Sync 1 DAGs
[2021-06-07 18:40:20,365] {logging_mixin.py:104} INFO - [2021-06-07 18:40:20,365] {dag.py:2305} INFO - Setting next_dagrun for example_complex to None
[2021-06-07 18:40:20,371] {scheduler_job.py:190} INFO - Processing /home/encrypted/abaceti/.virtualenvs/pumpwood-airflow-images/lib/python3.6/site-packages/airflow/example_dags/example_complex.py took 0.042 seconds
[2021-06-07 18:40:50,532] {scheduler_job.py:182} INFO - Started process (PID=6171) to work on /home/encrypted/abaceti/.virtualenvs/pumpwood-airflow-images/lib/python3.6/site-packages/airflow/example_dags/example_complex.py
[2021-06-07 18:40:50,532] {scheduler_job.py:633} INFO - Processing file /home/encrypted/abaceti/.virtualenvs/pumpwood-airflow-images/lib/python3.6/site-packages/airflow/example_dags/example_complex.py for tasks to queue
[2021-06-07 18:40:50,533] {logging_mixin.py:104} INFO - [2021-06-07 18:40:50,533] {dagbag.py:487} INFO - Filling up the DagBag from /home/encrypted/abaceti/.virtualenvs/pumpwood-airflow-images/lib/python3.6/site-packages/airflow/example_dags/example_complex.py
[2021-06-07 18:40:50,542] {scheduler_job.py:643} INFO - DAG(s) dict_keys(['example_complex']) retrieved from /home/encrypted/abaceti/.virtualenvs/pumpwood-airflow-images/lib/python3.6/site-packages/airflow/example_dags/example_complex.py
[2021-06-07 18:40:50,559] {logging_mixin.py:104} INFO - [2021-06-07 18:40:50,559] {dag.py:1832} INFO - Sync 1 DAGs
[2021-06-07 18:40:50,567] {logging_mixin.py:104} INFO - [2021-06-07 18:40:50,567] {dag.py:2305} INFO - Setting next_dagrun for example_complex to None
[2021-06-07 18:40:50,573] {scheduler_job.py:190} INFO - Processing /home/encrypted/abaceti/.virtualenvs/pumpwood-airflow-images/lib/python3.6/site-packages/airflow/example_dags/example_complex.py took 0.042 seconds
[2021-06-07 18:41:20,738] {scheduler_job.py:182} INFO - Started process (PID=6286) to work on /home/encrypted/abaceti/.virtualenvs/pumpwood-airflow-images/lib/python3.6/site-packages/airflow/example_dags/example_complex.py
[2021-06-07 18:41:20,738] {scheduler_job.py:633} INFO - Processing file /home/encrypted/abaceti/.virtualenvs/pumpwood-airflow-images/lib/python3.6/site-packages/airflow/example_dags/example_complex.py for tasks to queue
[2021-06-07 18:41:20,739] {logging_mixin.py:104} INFO - [2021-06-07 18:41:20,739] {dagbag.py:487} INFO - Filling up the DagBag from /home/encrypted/abaceti/.virtualenvs/pumpwood-airflow-images/lib/python3.6/site-packages/airflow/example_dags/example_complex.py
[2021-06-07 18:41:20,749] {scheduler_job.py:643} INFO - DAG(s) dict_keys(['example_complex']) retrieved from /home/encrypted/abaceti/.virtualenvs/pumpwood-airflow-images/lib/python3.6/site-packages/airflow/example_dags/example_complex.py
[2021-06-07 18:41:20,766] {logging_mixin.py:104} INFO - [2021-06-07 18:41:20,766] {dag.py:1832} INFO - Sync 1 DAGs
[2021-06-07 18:41:20,775] {logging_mixin.py:104} INFO - [2021-06-07 18:41:20,775] {dag.py:2305} INFO - Setting next_dagrun for example_complex to None
[2021-06-07 18:41:20,781] {scheduler_job.py:190} INFO - Processing /home/encrypted/abaceti/.virtualenvs/pumpwood-airflow-images/lib/python3.6/site-packages/airflow/example_dags/example_complex.py took 0.044 seconds
[2021-06-07 18:41:50,903] {scheduler_job.py:182} INFO - Started process (PID=6454) to work on /home/encrypted/abaceti/.virtualenvs/pumpwood-airflow-images/lib/python3.6/site-packages/airflow/example_dags/example_complex.py
[2021-06-07 18:41:50,903] {scheduler_job.py:633} INFO - Processing file /home/encrypted/abaceti/.virtualenvs/pumpwood-airflow-images/lib/python3.6/site-packages/airflow/example_dags/example_complex.py for tasks to queue
[2021-06-07 18:41:50,904] {logging_mixin.py:104} INFO - [2021-06-07 18:41:50,904] {dagbag.py:487} INFO - Filling up the DagBag from /home/encrypted/abaceti/.virtualenvs/pumpwood-airflow-images/lib/python3.6/site-packages/airflow/example_dags/example_complex.py
[2021-06-07 18:41:50,913] {scheduler_job.py:643} INFO - DAG(s) dict_keys(['example_complex']) retrieved from /home/encrypted/abaceti/.virtualenvs/pumpwood-airflow-images/lib/python3.6/site-packages/airflow/example_dags/example_complex.py
[2021-06-07 18:41:50,932] {logging_mixin.py:104} INFO - [2021-06-07 18:41:50,931] {dag.py:1832} INFO - Sync 1 DAGs
[2021-06-07 18:41:50,940] {logging_mixin.py:104} INFO - [2021-06-07 18:41:50,940] {dag.py:2305} INFO - Setting next_dagrun for example_complex to None
[2021-06-07 18:41:50,946] {scheduler_job.py:190} INFO - Processing /home/encrypted/abaceti/.virtualenvs/pumpwood-airflow-images/lib/python3.6/site-packages/airflow/example_dags/example_complex.py took 0.044 seconds
[2021-06-07 18:42:21,113] {scheduler_job.py:182} INFO - Started process (PID=6570) to work on /home/encrypted/abaceti/.virtualenvs/pumpwood-airflow-images/lib/python3.6/site-packages/airflow/example_dags/example_complex.py
[2021-06-07 18:42:21,114] {scheduler_job.py:633} INFO - Processing file /home/encrypted/abaceti/.virtualenvs/pumpwood-airflow-images/lib/python3.6/site-packages/airflow/example_dags/example_complex.py for tasks to queue
[2021-06-07 18:42:21,114] {logging_mixin.py:104} INFO - [2021-06-07 18:42:21,114] {dagbag.py:487} INFO - Filling up the DagBag from /home/encrypted/abaceti/.virtualenvs/pumpwood-airflow-images/lib/python3.6/site-packages/airflow/example_dags/example_complex.py
[2021-06-07 18:42:21,124] {scheduler_job.py:643} INFO - DAG(s) dict_keys(['example_complex']) retrieved from /home/encrypted/abaceti/.virtualenvs/pumpwood-airflow-images/lib/python3.6/site-packages/airflow/example_dags/example_complex.py
[2021-06-07 18:42:21,140] {logging_mixin.py:104} INFO - [2021-06-07 18:42:21,140] {dag.py:1832} INFO - Sync 1 DAGs
[2021-06-07 18:42:21,147] {logging_mixin.py:104} INFO - [2021-06-07 18:42:21,147] {dag.py:2305} INFO - Setting next_dagrun for example_complex to None
[2021-06-07 18:42:21,154] {scheduler_job.py:190} INFO - Processing /home/encrypted/abaceti/.virtualenvs/pumpwood-airflow-images/lib/python3.6/site-packages/airflow/example_dags/example_complex.py took 0.042 seconds
[2021-06-07 18:42:52,182] {scheduler_job.py:182} INFO - Started process (PID=6778) to work on /home/encrypted/abaceti/.virtualenvs/pumpwood-airflow-images/lib/python3.6/site-packages/airflow/example_dags/example_complex.py
[2021-06-07 18:42:52,182] {scheduler_job.py:633} INFO - Processing file /home/encrypted/abaceti/.virtualenvs/pumpwood-airflow-images/lib/python3.6/site-packages/airflow/example_dags/example_complex.py for tasks to queue
[2021-06-07 18:42:52,183] {logging_mixin.py:104} INFO - [2021-06-07 18:42:52,182] {dagbag.py:487} INFO - Filling up the DagBag from /home/encrypted/abaceti/.virtualenvs/pumpwood-airflow-images/lib/python3.6/site-packages/airflow/example_dags/example_complex.py
[2021-06-07 18:42:52,193] {scheduler_job.py:643} INFO - DAG(s) dict_keys(['example_complex']) retrieved from /home/encrypted/abaceti/.virtualenvs/pumpwood-airflow-images/lib/python3.6/site-packages/airflow/example_dags/example_complex.py
[2021-06-07 18:42:52,211] {logging_mixin.py:104} INFO - [2021-06-07 18:42:52,211] {dag.py:1832} INFO - Sync 1 DAGs
[2021-06-07 18:42:52,219] {logging_mixin.py:104} INFO - [2021-06-07 18:42:52,219] {dag.py:2305} INFO - Setting next_dagrun for example_complex to None
[2021-06-07 18:42:52,225] {scheduler_job.py:190} INFO - Processing /home/encrypted/abaceti/.virtualenvs/pumpwood-airflow-images/lib/python3.6/site-packages/airflow/example_dags/example_complex.py took 0.045 seconds
[2021-06-07 18:43:23,282] {scheduler_job.py:182} INFO - Started process (PID=7014) to work on /home/encrypted/abaceti/.virtualenvs/pumpwood-airflow-images/lib/python3.6/site-packages/airflow/example_dags/example_complex.py
[2021-06-07 18:43:23,283] {scheduler_job.py:633} INFO - Processing file /home/encrypted/abaceti/.virtualenvs/pumpwood-airflow-images/lib/python3.6/site-packages/airflow/example_dags/example_complex.py for tasks to queue
[2021-06-07 18:43:23,283] {logging_mixin.py:104} INFO - [2021-06-07 18:43:23,283] {dagbag.py:487} INFO - Filling up the DagBag from /home/encrypted/abaceti/.virtualenvs/pumpwood-airflow-images/lib/python3.6/site-packages/airflow/example_dags/example_complex.py
[2021-06-07 18:43:23,294] {scheduler_job.py:643} INFO - DAG(s) dict_keys(['example_complex']) retrieved from /home/encrypted/abaceti/.virtualenvs/pumpwood-airflow-images/lib/python3.6/site-packages/airflow/example_dags/example_complex.py
[2021-06-07 18:43:23,312] {logging_mixin.py:104} INFO - [2021-06-07 18:43:23,312] {dag.py:1832} INFO - Sync 1 DAGs
[2021-06-07 18:43:23,320] {logging_mixin.py:104} INFO - [2021-06-07 18:43:23,320] {dag.py:2305} INFO - Setting next_dagrun for example_complex to None
[2021-06-07 18:43:23,325] {scheduler_job.py:190} INFO - Processing /home/encrypted/abaceti/.virtualenvs/pumpwood-airflow-images/lib/python3.6/site-packages/airflow/example_dags/example_complex.py took 0.044 seconds
[2021-06-07 18:43:54,374] {scheduler_job.py:182} INFO - Started process (PID=7260) to work on /home/encrypted/abaceti/.virtualenvs/pumpwood-airflow-images/lib/python3.6/site-packages/airflow/example_dags/example_complex.py
[2021-06-07 18:43:54,374] {scheduler_job.py:633} INFO - Processing file /home/encrypted/abaceti/.virtualenvs/pumpwood-airflow-images/lib/python3.6/site-packages/airflow/example_dags/example_complex.py for tasks to queue
[2021-06-07 18:43:54,374] {logging_mixin.py:104} INFO - [2021-06-07 18:43:54,374] {dagbag.py:487} INFO - Filling up the DagBag from /home/encrypted/abaceti/.virtualenvs/pumpwood-airflow-images/lib/python3.6/site-packages/airflow/example_dags/example_complex.py
[2021-06-07 18:43:54,384] {scheduler_job.py:643} INFO - DAG(s) dict_keys(['example_complex']) retrieved from /home/encrypted/abaceti/.virtualenvs/pumpwood-airflow-images/lib/python3.6/site-packages/airflow/example_dags/example_complex.py
[2021-06-07 18:43:54,401] {logging_mixin.py:104} INFO - [2021-06-07 18:43:54,401] {dag.py:1832} INFO - Sync 1 DAGs
[2021-06-07 18:43:54,409] {logging_mixin.py:104} INFO - [2021-06-07 18:43:54,409] {dag.py:2305} INFO - Setting next_dagrun for example_complex to None
[2021-06-07 18:43:54,415] {scheduler_job.py:190} INFO - Processing /home/encrypted/abaceti/.virtualenvs/pumpwood-airflow-images/lib/python3.6/site-packages/airflow/example_dags/example_complex.py took 0.042 seconds
[2021-06-07 18:44:24,531] {scheduler_job.py:182} INFO - Started process (PID=7376) to work on /home/encrypted/abaceti/.virtualenvs/pumpwood-airflow-images/lib/python3.6/site-packages/airflow/example_dags/example_complex.py
[2021-06-07 18:44:24,532] {scheduler_job.py:633} INFO - Processing file /home/encrypted/abaceti/.virtualenvs/pumpwood-airflow-images/lib/python3.6/site-packages/airflow/example_dags/example_complex.py for tasks to queue
[2021-06-07 18:44:24,532] {logging_mixin.py:104} INFO - [2021-06-07 18:44:24,532] {dagbag.py:487} INFO - Filling up the DagBag from /home/encrypted/abaceti/.virtualenvs/pumpwood-airflow-images/lib/python3.6/site-packages/airflow/example_dags/example_complex.py
[2021-06-07 18:44:24,542] {scheduler_job.py:643} INFO - DAG(s) dict_keys(['example_complex']) retrieved from /home/encrypted/abaceti/.virtualenvs/pumpwood-airflow-images/lib/python3.6/site-packages/airflow/example_dags/example_complex.py
[2021-06-07 18:44:24,559] {logging_mixin.py:104} INFO - [2021-06-07 18:44:24,559] {dag.py:1832} INFO - Sync 1 DAGs
[2021-06-07 18:44:24,567] {logging_mixin.py:104} INFO - [2021-06-07 18:44:24,567] {dag.py:2305} INFO - Setting next_dagrun for example_complex to None
[2021-06-07 18:44:24,572] {scheduler_job.py:190} INFO - Processing /home/encrypted/abaceti/.virtualenvs/pumpwood-airflow-images/lib/python3.6/site-packages/airflow/example_dags/example_complex.py took 0.043 seconds
[2021-06-07 18:44:55,586] {scheduler_job.py:182} INFO - Started process (PID=7544) to work on /home/encrypted/abaceti/.virtualenvs/pumpwood-airflow-images/lib/python3.6/site-packages/airflow/example_dags/example_complex.py
[2021-06-07 18:44:55,586] {scheduler_job.py:633} INFO - Processing file /home/encrypted/abaceti/.virtualenvs/pumpwood-airflow-images/lib/python3.6/site-packages/airflow/example_dags/example_complex.py for tasks to queue
[2021-06-07 18:44:55,586] {logging_mixin.py:104} INFO - [2021-06-07 18:44:55,586] {dagbag.py:487} INFO - Filling up the DagBag from /home/encrypted/abaceti/.virtualenvs/pumpwood-airflow-images/lib/python3.6/site-packages/airflow/example_dags/example_complex.py
[2021-06-07 18:44:55,597] {scheduler_job.py:643} INFO - DAG(s) dict_keys(['example_complex']) retrieved from /home/encrypted/abaceti/.virtualenvs/pumpwood-airflow-images/lib/python3.6/site-packages/airflow/example_dags/example_complex.py
[2021-06-07 18:44:55,613] {logging_mixin.py:104} INFO - [2021-06-07 18:44:55,613] {dag.py:1832} INFO - Sync 1 DAGs
[2021-06-07 18:44:55,621] {logging_mixin.py:104} INFO - [2021-06-07 18:44:55,621] {dag.py:2305} INFO - Setting next_dagrun for example_complex to None
[2021-06-07 18:44:55,626] {scheduler_job.py:190} INFO - Processing /home/encrypted/abaceti/.virtualenvs/pumpwood-airflow-images/lib/python3.6/site-packages/airflow/example_dags/example_complex.py took 0.042 seconds
[2021-06-07 18:45:26,587] {scheduler_job.py:182} INFO - Started process (PID=7668) to work on /home/encrypted/abaceti/.virtualenvs/pumpwood-airflow-images/lib/python3.6/site-packages/airflow/example_dags/example_complex.py
[2021-06-07 18:45:26,587] {scheduler_job.py:633} INFO - Processing file /home/encrypted/abaceti/.virtualenvs/pumpwood-airflow-images/lib/python3.6/site-packages/airflow/example_dags/example_complex.py for tasks to queue
[2021-06-07 18:45:26,587] {logging_mixin.py:104} INFO - [2021-06-07 18:45:26,587] {dagbag.py:487} INFO - Filling up the DagBag from /home/encrypted/abaceti/.virtualenvs/pumpwood-airflow-images/lib/python3.6/site-packages/airflow/example_dags/example_complex.py
[2021-06-07 18:45:26,597] {scheduler_job.py:643} INFO - DAG(s) dict_keys(['example_complex']) retrieved from /home/encrypted/abaceti/.virtualenvs/pumpwood-airflow-images/lib/python3.6/site-packages/airflow/example_dags/example_complex.py
[2021-06-07 18:45:26,614] {logging_mixin.py:104} INFO - [2021-06-07 18:45:26,614] {dag.py:1832} INFO - Sync 1 DAGs
[2021-06-07 18:45:26,622] {logging_mixin.py:104} INFO - [2021-06-07 18:45:26,622] {dag.py:2305} INFO - Setting next_dagrun for example_complex to None
[2021-06-07 18:45:26,628] {scheduler_job.py:190} INFO - Processing /home/encrypted/abaceti/.virtualenvs/pumpwood-airflow-images/lib/python3.6/site-packages/airflow/example_dags/example_complex.py took 0.042 seconds
[2021-06-07 18:45:56,692] {scheduler_job.py:182} INFO - Started process (PID=7831) to work on /home/encrypted/abaceti/.virtualenvs/pumpwood-airflow-images/lib/python3.6/site-packages/airflow/example_dags/example_complex.py
[2021-06-07 18:45:56,693] {scheduler_job.py:633} INFO - Processing file /home/encrypted/abaceti/.virtualenvs/pumpwood-airflow-images/lib/python3.6/site-packages/airflow/example_dags/example_complex.py for tasks to queue
[2021-06-07 18:45:56,693] {logging_mixin.py:104} INFO - [2021-06-07 18:45:56,693] {dagbag.py:487} INFO - Filling up the DagBag from /home/encrypted/abaceti/.virtualenvs/pumpwood-airflow-images/lib/python3.6/site-packages/airflow/example_dags/example_complex.py
[2021-06-07 18:45:56,703] {scheduler_job.py:643} INFO - DAG(s) dict_keys(['example_complex']) retrieved from /home/encrypted/abaceti/.virtualenvs/pumpwood-airflow-images/lib/python3.6/site-packages/airflow/example_dags/example_complex.py
[2021-06-07 18:45:56,719] {logging_mixin.py:104} INFO - [2021-06-07 18:45:56,719] {dag.py:1832} INFO - Sync 1 DAGs
[2021-06-07 18:45:56,727] {logging_mixin.py:104} INFO - [2021-06-07 18:45:56,727] {dag.py:2305} INFO - Setting next_dagrun for example_complex to None
[2021-06-07 18:45:56,734] {scheduler_job.py:190} INFO - Processing /home/encrypted/abaceti/.virtualenvs/pumpwood-airflow-images/lib/python3.6/site-packages/airflow/example_dags/example_complex.py took 0.043 seconds
[2021-06-07 18:46:26,832] {scheduler_job.py:182} INFO - Started process (PID=7950) to work on /home/encrypted/abaceti/.virtualenvs/pumpwood-airflow-images/lib/python3.6/site-packages/airflow/example_dags/example_complex.py
[2021-06-07 18:46:26,833] {scheduler_job.py:633} INFO - Processing file /home/encrypted/abaceti/.virtualenvs/pumpwood-airflow-images/lib/python3.6/site-packages/airflow/example_dags/example_complex.py for tasks to queue
[2021-06-07 18:46:26,834] {logging_mixin.py:104} INFO - [2021-06-07 18:46:26,833] {dagbag.py:487} INFO - Filling up the DagBag from /home/encrypted/abaceti/.virtualenvs/pumpwood-airflow-images/lib/python3.6/site-packages/airflow/example_dags/example_complex.py
[2021-06-07 18:46:26,843] {scheduler_job.py:643} INFO - DAG(s) dict_keys(['example_complex']) retrieved from /home/encrypted/abaceti/.virtualenvs/pumpwood-airflow-images/lib/python3.6/site-packages/airflow/example_dags/example_complex.py
[2021-06-07 18:46:26,860] {logging_mixin.py:104} INFO - [2021-06-07 18:46:26,860] {dag.py:1832} INFO - Sync 1 DAGs
[2021-06-07 18:46:26,868] {logging_mixin.py:104} INFO - [2021-06-07 18:46:26,868] {dag.py:2305} INFO - Setting next_dagrun for example_complex to None
[2021-06-07 18:46:26,874] {scheduler_job.py:190} INFO - Processing /home/encrypted/abaceti/.virtualenvs/pumpwood-airflow-images/lib/python3.6/site-packages/airflow/example_dags/example_complex.py took 0.043 seconds
[2021-06-07 18:46:56,904] {scheduler_job.py:182} INFO - Started process (PID=8135) to work on /home/encrypted/abaceti/.virtualenvs/pumpwood-airflow-images/lib/python3.6/site-packages/airflow/example_dags/example_complex.py
[2021-06-07 18:46:56,904] {scheduler_job.py:633} INFO - Processing file /home/encrypted/abaceti/.virtualenvs/pumpwood-airflow-images/lib/python3.6/site-packages/airflow/example_dags/example_complex.py for tasks to queue
[2021-06-07 18:46:56,905] {logging_mixin.py:104} INFO - [2021-06-07 18:46:56,905] {dagbag.py:487} INFO - Filling up the DagBag from /home/encrypted/abaceti/.virtualenvs/pumpwood-airflow-images/lib/python3.6/site-packages/airflow/example_dags/example_complex.py
[2021-06-07 18:46:56,914] {scheduler_job.py:643} INFO - DAG(s) dict_keys(['example_complex']) retrieved from /home/encrypted/abaceti/.virtualenvs/pumpwood-airflow-images/lib/python3.6/site-packages/airflow/example_dags/example_complex.py
[2021-06-07 18:46:56,931] {logging_mixin.py:104} INFO - [2021-06-07 18:46:56,931] {dag.py:1832} INFO - Sync 1 DAGs
[2021-06-07 18:46:56,939] {logging_mixin.py:104} INFO - [2021-06-07 18:46:56,939] {dag.py:2305} INFO - Setting next_dagrun for example_complex to None
[2021-06-07 18:46:56,947] {scheduler_job.py:190} INFO - Processing /home/encrypted/abaceti/.virtualenvs/pumpwood-airflow-images/lib/python3.6/site-packages/airflow/example_dags/example_complex.py took 0.044 seconds
[2021-06-07 18:47:27,001] {scheduler_job.py:182} INFO - Started process (PID=8266) to work on /home/encrypted/abaceti/.virtualenvs/pumpwood-airflow-images/lib/python3.6/site-packages/airflow/example_dags/example_complex.py
[2021-06-07 18:47:27,002] {scheduler_job.py:633} INFO - Processing file /home/encrypted/abaceti/.virtualenvs/pumpwood-airflow-images/lib/python3.6/site-packages/airflow/example_dags/example_complex.py for tasks to queue
[2021-06-07 18:47:27,002] {logging_mixin.py:104} INFO - [2021-06-07 18:47:27,002] {dagbag.py:487} INFO - Filling up the DagBag from /home/encrypted/abaceti/.virtualenvs/pumpwood-airflow-images/lib/python3.6/site-packages/airflow/example_dags/example_complex.py
[2021-06-07 18:47:27,013] {scheduler_job.py:643} INFO - DAG(s) dict_keys(['example_complex']) retrieved from /home/encrypted/abaceti/.virtualenvs/pumpwood-airflow-images/lib/python3.6/site-packages/airflow/example_dags/example_complex.py
[2021-06-07 18:47:27,031] {logging_mixin.py:104} INFO - [2021-06-07 18:47:27,031] {dag.py:1832} INFO - Sync 1 DAGs
[2021-06-07 18:47:27,040] {logging_mixin.py:104} INFO - [2021-06-07 18:47:27,040] {dag.py:2305} INFO - Setting next_dagrun for example_complex to None
[2021-06-07 18:47:27,046] {scheduler_job.py:190} INFO - Processing /home/encrypted/abaceti/.virtualenvs/pumpwood-airflow-images/lib/python3.6/site-packages/airflow/example_dags/example_complex.py took 0.046 seconds
[2021-06-07 18:47:57,194] {scheduler_job.py:182} INFO - Started process (PID=8486) to work on /home/encrypted/abaceti/.virtualenvs/pumpwood-airflow-images/lib/python3.6/site-packages/airflow/example_dags/example_complex.py
[2021-06-07 18:47:57,194] {scheduler_job.py:633} INFO - Processing file /home/encrypted/abaceti/.virtualenvs/pumpwood-airflow-images/lib/python3.6/site-packages/airflow/example_dags/example_complex.py for tasks to queue
[2021-06-07 18:47:57,195] {logging_mixin.py:104} INFO - [2021-06-07 18:47:57,195] {dagbag.py:487} INFO - Filling up the DagBag from /home/encrypted/abaceti/.virtualenvs/pumpwood-airflow-images/lib/python3.6/site-packages/airflow/example_dags/example_complex.py
[2021-06-07 18:47:57,206] {scheduler_job.py:643} INFO - DAG(s) dict_keys(['example_complex']) retrieved from /home/encrypted/abaceti/.virtualenvs/pumpwood-airflow-images/lib/python3.6/site-packages/airflow/example_dags/example_complex.py
[2021-06-07 18:47:57,223] {logging_mixin.py:104} INFO - [2021-06-07 18:47:57,222] {dag.py:1832} INFO - Sync 1 DAGs
[2021-06-07 18:47:57,230] {logging_mixin.py:104} INFO - [2021-06-07 18:47:57,230] {dag.py:2305} INFO - Setting next_dagrun for example_complex to None
[2021-06-07 18:47:57,237] {scheduler_job.py:190} INFO - Processing /home/encrypted/abaceti/.virtualenvs/pumpwood-airflow-images/lib/python3.6/site-packages/airflow/example_dags/example_complex.py took 0.044 seconds
[2021-06-07 18:48:27,471] {scheduler_job.py:182} INFO - Started process (PID=8714) to work on /home/encrypted/abaceti/.virtualenvs/pumpwood-airflow-images/lib/python3.6/site-packages/airflow/example_dags/example_complex.py
[2021-06-07 18:48:27,472] {scheduler_job.py:633} INFO - Processing file /home/encrypted/abaceti/.virtualenvs/pumpwood-airflow-images/lib/python3.6/site-packages/airflow/example_dags/example_complex.py for tasks to queue
[2021-06-07 18:48:27,472] {logging_mixin.py:104} INFO - [2021-06-07 18:48:27,472] {dagbag.py:487} INFO - Filling up the DagBag from /home/encrypted/abaceti/.virtualenvs/pumpwood-airflow-images/lib/python3.6/site-packages/airflow/example_dags/example_complex.py
[2021-06-07 18:48:27,481] {scheduler_job.py:643} INFO - DAG(s) dict_keys(['example_complex']) retrieved from /home/encrypted/abaceti/.virtualenvs/pumpwood-airflow-images/lib/python3.6/site-packages/airflow/example_dags/example_complex.py
[2021-06-07 18:48:27,498] {logging_mixin.py:104} INFO - [2021-06-07 18:48:27,498] {dag.py:1832} INFO - Sync 1 DAGs
[2021-06-07 18:48:27,506] {logging_mixin.py:104} INFO - [2021-06-07 18:48:27,506] {dag.py:2305} INFO - Setting next_dagrun for example_complex to None
[2021-06-07 18:48:27,512] {scheduler_job.py:190} INFO - Processing /home/encrypted/abaceti/.virtualenvs/pumpwood-airflow-images/lib/python3.6/site-packages/airflow/example_dags/example_complex.py took 0.043 seconds
[2021-06-07 18:48:49,650] {scheduler_job.py:182} INFO - Started process (PID=8891) to work on /home/encrypted/abaceti/.virtualenvs/pumpwood-airflow-images/lib/python3.6/site-packages/airflow/example_dags/example_complex.py
[2021-06-07 18:48:49,650] {scheduler_job.py:633} INFO - Processing file /home/encrypted/abaceti/.virtualenvs/pumpwood-airflow-images/lib/python3.6/site-packages/airflow/example_dags/example_complex.py for tasks to queue
[2021-06-07 18:48:49,650] {logging_mixin.py:104} INFO - [2021-06-07 18:48:49,650] {dagbag.py:487} INFO - Filling up the DagBag from /home/encrypted/abaceti/.virtualenvs/pumpwood-airflow-images/lib/python3.6/site-packages/airflow/example_dags/example_complex.py
[2021-06-07 18:48:49,661] {scheduler_job.py:643} INFO - DAG(s) dict_keys(['example_complex']) retrieved from /home/encrypted/abaceti/.virtualenvs/pumpwood-airflow-images/lib/python3.6/site-packages/airflow/example_dags/example_complex.py
[2021-06-07 18:48:49,678] {logging_mixin.py:104} INFO - [2021-06-07 18:48:49,678] {dag.py:1832} INFO - Sync 1 DAGs
[2021-06-07 18:48:49,686] {logging_mixin.py:104} INFO - [2021-06-07 18:48:49,686] {dag.py:2305} INFO - Setting next_dagrun for example_complex to None
[2021-06-07 18:48:49,692] {scheduler_job.py:190} INFO - Processing /home/encrypted/abaceti/.virtualenvs/pumpwood-airflow-images/lib/python3.6/site-packages/airflow/example_dags/example_complex.py took 0.044 seconds
[2021-06-07 18:49:20,719] {scheduler_job.py:182} INFO - Started process (PID=9018) to work on /home/encrypted/abaceti/.virtualenvs/pumpwood-airflow-images/lib/python3.6/site-packages/airflow/example_dags/example_complex.py
[2021-06-07 18:49:20,719] {scheduler_job.py:633} INFO - Processing file /home/encrypted/abaceti/.virtualenvs/pumpwood-airflow-images/lib/python3.6/site-packages/airflow/example_dags/example_complex.py for tasks to queue
[2021-06-07 18:49:20,720] {logging_mixin.py:104} INFO - [2021-06-07 18:49:20,720] {dagbag.py:487} INFO - Filling up the DagBag from /home/encrypted/abaceti/.virtualenvs/pumpwood-airflow-images/lib/python3.6/site-packages/airflow/example_dags/example_complex.py
[2021-06-07 18:49:20,729] {scheduler_job.py:643} INFO - DAG(s) dict_keys(['example_complex']) retrieved from /home/encrypted/abaceti/.virtualenvs/pumpwood-airflow-images/lib/python3.6/site-packages/airflow/example_dags/example_complex.py
[2021-06-07 18:49:20,747] {logging_mixin.py:104} INFO - [2021-06-07 18:49:20,747] {dag.py:1832} INFO - Sync 1 DAGs
[2021-06-07 18:49:20,755] {logging_mixin.py:104} INFO - [2021-06-07 18:49:20,755] {dag.py:2305} INFO - Setting next_dagrun for example_complex to None
[2021-06-07 18:49:20,761] {scheduler_job.py:190} INFO - Processing /home/encrypted/abaceti/.virtualenvs/pumpwood-airflow-images/lib/python3.6/site-packages/airflow/example_dags/example_complex.py took 0.044 seconds
[2021-06-07 18:49:51,021] {scheduler_job.py:182} INFO - Started process (PID=9197) to work on /home/encrypted/abaceti/.virtualenvs/pumpwood-airflow-images/lib/python3.6/site-packages/airflow/example_dags/example_complex.py
[2021-06-07 18:49:51,021] {scheduler_job.py:633} INFO - Processing file /home/encrypted/abaceti/.virtualenvs/pumpwood-airflow-images/lib/python3.6/site-packages/airflow/example_dags/example_complex.py for tasks to queue
[2021-06-07 18:49:51,021] {logging_mixin.py:104} INFO - [2021-06-07 18:49:51,021] {dagbag.py:487} INFO - Filling up the DagBag from /home/encrypted/abaceti/.virtualenvs/pumpwood-airflow-images/lib/python3.6/site-packages/airflow/example_dags/example_complex.py
[2021-06-07 18:49:51,031] {scheduler_job.py:643} INFO - DAG(s) dict_keys(['example_complex']) retrieved from /home/encrypted/abaceti/.virtualenvs/pumpwood-airflow-images/lib/python3.6/site-packages/airflow/example_dags/example_complex.py
[2021-06-07 18:49:51,046] {logging_mixin.py:104} INFO - [2021-06-07 18:49:51,046] {dag.py:1832} INFO - Sync 1 DAGs
[2021-06-07 18:49:51,054] {logging_mixin.py:104} INFO - [2021-06-07 18:49:51,054] {dag.py:2305} INFO - Setting next_dagrun for example_complex to None
[2021-06-07 18:49:51,060] {scheduler_job.py:190} INFO - Processing /home/encrypted/abaceti/.virtualenvs/pumpwood-airflow-images/lib/python3.6/site-packages/airflow/example_dags/example_complex.py took 0.041 seconds
[2021-06-07 18:50:21,249] {scheduler_job.py:182} INFO - Started process (PID=9435) to work on /home/encrypted/abaceti/.virtualenvs/pumpwood-airflow-images/lib/python3.6/site-packages/airflow/example_dags/example_complex.py
[2021-06-07 18:50:21,250] {scheduler_job.py:633} INFO - Processing file /home/encrypted/abaceti/.virtualenvs/pumpwood-airflow-images/lib/python3.6/site-packages/airflow/example_dags/example_complex.py for tasks to queue
[2021-06-07 18:50:21,250] {logging_mixin.py:104} INFO - [2021-06-07 18:50:21,250] {dagbag.py:487} INFO - Filling up the DagBag from /home/encrypted/abaceti/.virtualenvs/pumpwood-airflow-images/lib/python3.6/site-packages/airflow/example_dags/example_complex.py
[2021-06-07 18:50:21,260] {scheduler_job.py:643} INFO - DAG(s) dict_keys(['example_complex']) retrieved from /home/encrypted/abaceti/.virtualenvs/pumpwood-airflow-images/lib/python3.6/site-packages/airflow/example_dags/example_complex.py
[2021-06-07 18:50:21,278] {logging_mixin.py:104} INFO - [2021-06-07 18:50:21,278] {dag.py:1832} INFO - Sync 1 DAGs
[2021-06-07 18:50:21,286] {logging_mixin.py:104} INFO - [2021-06-07 18:50:21,286] {dag.py:2305} INFO - Setting next_dagrun for example_complex to None
[2021-06-07 18:50:21,293] {scheduler_job.py:190} INFO - Processing /home/encrypted/abaceti/.virtualenvs/pumpwood-airflow-images/lib/python3.6/site-packages/airflow/example_dags/example_complex.py took 0.045 seconds
[2021-06-07 18:50:51,497] {scheduler_job.py:182} INFO - Started process (PID=9595) to work on /home/encrypted/abaceti/.virtualenvs/pumpwood-airflow-images/lib/python3.6/site-packages/airflow/example_dags/example_complex.py
[2021-06-07 18:50:51,497] {scheduler_job.py:633} INFO - Processing file /home/encrypted/abaceti/.virtualenvs/pumpwood-airflow-images/lib/python3.6/site-packages/airflow/example_dags/example_complex.py for tasks to queue
[2021-06-07 18:50:51,498] {logging_mixin.py:104} INFO - [2021-06-07 18:50:51,498] {dagbag.py:487} INFO - Filling up the DagBag from /home/encrypted/abaceti/.virtualenvs/pumpwood-airflow-images/lib/python3.6/site-packages/airflow/example_dags/example_complex.py
[2021-06-07 18:50:51,508] {scheduler_job.py:643} INFO - DAG(s) dict_keys(['example_complex']) retrieved from /home/encrypted/abaceti/.virtualenvs/pumpwood-airflow-images/lib/python3.6/site-packages/airflow/example_dags/example_complex.py
[2021-06-07 18:50:51,525] {logging_mixin.py:104} INFO - [2021-06-07 18:50:51,525] {dag.py:1832} INFO - Sync 1 DAGs
[2021-06-07 18:50:51,533] {logging_mixin.py:104} INFO - [2021-06-07 18:50:51,533] {dag.py:2305} INFO - Setting next_dagrun for example_complex to None
[2021-06-07 18:50:51,539] {scheduler_job.py:190} INFO - Processing /home/encrypted/abaceti/.virtualenvs/pumpwood-airflow-images/lib/python3.6/site-packages/airflow/example_dags/example_complex.py took 0.044 seconds
[2021-06-07 18:51:21,608] {scheduler_job.py:182} INFO - Started process (PID=9711) to work on /home/encrypted/abaceti/.virtualenvs/pumpwood-airflow-images/lib/python3.6/site-packages/airflow/example_dags/example_complex.py
[2021-06-07 18:51:21,608] {scheduler_job.py:633} INFO - Processing file /home/encrypted/abaceti/.virtualenvs/pumpwood-airflow-images/lib/python3.6/site-packages/airflow/example_dags/example_complex.py for tasks to queue
[2021-06-07 18:51:21,609] {logging_mixin.py:104} INFO - [2021-06-07 18:51:21,609] {dagbag.py:487} INFO - Filling up the DagBag from /home/encrypted/abaceti/.virtualenvs/pumpwood-airflow-images/lib/python3.6/site-packages/airflow/example_dags/example_complex.py
[2021-06-07 18:51:21,619] {scheduler_job.py:643} INFO - DAG(s) dict_keys(['example_complex']) retrieved from /home/encrypted/abaceti/.virtualenvs/pumpwood-airflow-images/lib/python3.6/site-packages/airflow/example_dags/example_complex.py
[2021-06-07 18:51:21,637] {logging_mixin.py:104} INFO - [2021-06-07 18:51:21,637] {dag.py:1832} INFO - Sync 1 DAGs
[2021-06-07 18:51:21,646] {logging_mixin.py:104} INFO - [2021-06-07 18:51:21,646] {dag.py:2305} INFO - Setting next_dagrun for example_complex to None
[2021-06-07 18:51:21,652] {scheduler_job.py:190} INFO - Processing /home/encrypted/abaceti/.virtualenvs/pumpwood-airflow-images/lib/python3.6/site-packages/airflow/example_dags/example_complex.py took 0.047 seconds
[2021-06-07 18:51:51,775] {scheduler_job.py:182} INFO - Started process (PID=9876) to work on /home/encrypted/abaceti/.virtualenvs/pumpwood-airflow-images/lib/python3.6/site-packages/airflow/example_dags/example_complex.py
[2021-06-07 18:51:51,776] {scheduler_job.py:633} INFO - Processing file /home/encrypted/abaceti/.virtualenvs/pumpwood-airflow-images/lib/python3.6/site-packages/airflow/example_dags/example_complex.py for tasks to queue
[2021-06-07 18:51:51,776] {logging_mixin.py:104} INFO - [2021-06-07 18:51:51,776] {dagbag.py:487} INFO - Filling up the DagBag from /home/encrypted/abaceti/.virtualenvs/pumpwood-airflow-images/lib/python3.6/site-packages/airflow/example_dags/example_complex.py
[2021-06-07 18:51:51,788] {scheduler_job.py:643} INFO - DAG(s) dict_keys(['example_complex']) retrieved from /home/encrypted/abaceti/.virtualenvs/pumpwood-airflow-images/lib/python3.6/site-packages/airflow/example_dags/example_complex.py
[2021-06-07 18:51:51,807] {logging_mixin.py:104} INFO - [2021-06-07 18:51:51,807] {dag.py:1832} INFO - Sync 1 DAGs
[2021-06-07 18:51:51,817] {logging_mixin.py:104} INFO - [2021-06-07 18:51:51,817] {dag.py:2305} INFO - Setting next_dagrun for example_complex to None
[2021-06-07 18:51:51,823] {scheduler_job.py:190} INFO - Processing /home/encrypted/abaceti/.virtualenvs/pumpwood-airflow-images/lib/python3.6/site-packages/airflow/example_dags/example_complex.py took 0.049 seconds
[2021-06-07 18:52:22,018] {scheduler_job.py:182} INFO - Started process (PID=9995) to work on /home/encrypted/abaceti/.virtualenvs/pumpwood-airflow-images/lib/python3.6/site-packages/airflow/example_dags/example_complex.py
[2021-06-07 18:52:22,018] {scheduler_job.py:633} INFO - Processing file /home/encrypted/abaceti/.virtualenvs/pumpwood-airflow-images/lib/python3.6/site-packages/airflow/example_dags/example_complex.py for tasks to queue
[2021-06-07 18:52:22,019] {logging_mixin.py:104} INFO - [2021-06-07 18:52:22,018] {dagbag.py:487} INFO - Filling up the DagBag from /home/encrypted/abaceti/.virtualenvs/pumpwood-airflow-images/lib/python3.6/site-packages/airflow/example_dags/example_complex.py
[2021-06-07 18:52:22,030] {scheduler_job.py:643} INFO - DAG(s) dict_keys(['example_complex']) retrieved from /home/encrypted/abaceti/.virtualenvs/pumpwood-airflow-images/lib/python3.6/site-packages/airflow/example_dags/example_complex.py
[2021-06-07 18:52:22,046] {logging_mixin.py:104} INFO - [2021-06-07 18:52:22,046] {dag.py:1832} INFO - Sync 1 DAGs
[2021-06-07 18:52:22,055] {logging_mixin.py:104} INFO - [2021-06-07 18:52:22,055] {dag.py:2305} INFO - Setting next_dagrun for example_complex to None
[2021-06-07 18:52:22,061] {scheduler_job.py:190} INFO - Processing /home/encrypted/abaceti/.virtualenvs/pumpwood-airflow-images/lib/python3.6/site-packages/airflow/example_dags/example_complex.py took 0.045 seconds
[2021-06-07 18:52:53,171] {scheduler_job.py:182} INFO - Started process (PID=10807) to work on /home/encrypted/abaceti/.virtualenvs/pumpwood-airflow-images/lib/python3.6/site-packages/airflow/example_dags/example_complex.py
[2021-06-07 18:52:53,172] {scheduler_job.py:633} INFO - Processing file /home/encrypted/abaceti/.virtualenvs/pumpwood-airflow-images/lib/python3.6/site-packages/airflow/example_dags/example_complex.py for tasks to queue
[2021-06-07 18:52:53,172] {logging_mixin.py:104} INFO - [2021-06-07 18:52:53,172] {dagbag.py:487} INFO - Filling up the DagBag from /home/encrypted/abaceti/.virtualenvs/pumpwood-airflow-images/lib/python3.6/site-packages/airflow/example_dags/example_complex.py
[2021-06-07 18:52:53,182] {scheduler_job.py:643} INFO - DAG(s) dict_keys(['example_complex']) retrieved from /home/encrypted/abaceti/.virtualenvs/pumpwood-airflow-images/lib/python3.6/site-packages/airflow/example_dags/example_complex.py
[2021-06-07 18:52:53,198] {logging_mixin.py:104} INFO - [2021-06-07 18:52:53,198] {dag.py:1832} INFO - Sync 1 DAGs
[2021-06-07 18:52:53,206] {logging_mixin.py:104} INFO - [2021-06-07 18:52:53,206] {dag.py:2305} INFO - Setting next_dagrun for example_complex to None
[2021-06-07 18:52:53,212] {scheduler_job.py:190} INFO - Processing /home/encrypted/abaceti/.virtualenvs/pumpwood-airflow-images/lib/python3.6/site-packages/airflow/example_dags/example_complex.py took 0.042 seconds
[2021-06-07 18:53:23,364] {scheduler_job.py:182} INFO - Started process (PID=11131) to work on /home/encrypted/abaceti/.virtualenvs/pumpwood-airflow-images/lib/python3.6/site-packages/airflow/example_dags/example_complex.py
[2021-06-07 18:53:23,365] {scheduler_job.py:633} INFO - Processing file /home/encrypted/abaceti/.virtualenvs/pumpwood-airflow-images/lib/python3.6/site-packages/airflow/example_dags/example_complex.py for tasks to queue
[2021-06-07 18:53:23,365] {logging_mixin.py:104} INFO - [2021-06-07 18:53:23,365] {dagbag.py:487} INFO - Filling up the DagBag from /home/encrypted/abaceti/.virtualenvs/pumpwood-airflow-images/lib/python3.6/site-packages/airflow/example_dags/example_complex.py
[2021-06-07 18:53:23,375] {scheduler_job.py:643} INFO - DAG(s) dict_keys(['example_complex']) retrieved from /home/encrypted/abaceti/.virtualenvs/pumpwood-airflow-images/lib/python3.6/site-packages/airflow/example_dags/example_complex.py
[2021-06-07 18:53:23,392] {logging_mixin.py:104} INFO - [2021-06-07 18:53:23,392] {dag.py:1832} INFO - Sync 1 DAGs
[2021-06-07 18:53:23,401] {logging_mixin.py:104} INFO - [2021-06-07 18:53:23,400] {dag.py:2305} INFO - Setting next_dagrun for example_complex to None
[2021-06-07 18:53:23,407] {scheduler_job.py:190} INFO - Processing /home/encrypted/abaceti/.virtualenvs/pumpwood-airflow-images/lib/python3.6/site-packages/airflow/example_dags/example_complex.py took 0.044 seconds
[2021-06-07 18:53:53,552] {scheduler_job.py:182} INFO - Started process (PID=11514) to work on /home/encrypted/abaceti/.virtualenvs/pumpwood-airflow-images/lib/python3.6/site-packages/airflow/example_dags/example_complex.py
[2021-06-07 18:53:53,552] {scheduler_job.py:633} INFO - Processing file /home/encrypted/abaceti/.virtualenvs/pumpwood-airflow-images/lib/python3.6/site-packages/airflow/example_dags/example_complex.py for tasks to queue
[2021-06-07 18:53:53,553] {logging_mixin.py:104} INFO - [2021-06-07 18:53:53,553] {dagbag.py:487} INFO - Filling up the DagBag from /home/encrypted/abaceti/.virtualenvs/pumpwood-airflow-images/lib/python3.6/site-packages/airflow/example_dags/example_complex.py
[2021-06-07 18:53:53,562] {scheduler_job.py:643} INFO - DAG(s) dict_keys(['example_complex']) retrieved from /home/encrypted/abaceti/.virtualenvs/pumpwood-airflow-images/lib/python3.6/site-packages/airflow/example_dags/example_complex.py
[2021-06-07 18:53:53,581] {logging_mixin.py:104} INFO - [2021-06-07 18:53:53,580] {dag.py:1832} INFO - Sync 1 DAGs
[2021-06-07 18:53:53,590] {logging_mixin.py:104} INFO - [2021-06-07 18:53:53,590] {dag.py:2305} INFO - Setting next_dagrun for example_complex to None
[2021-06-07 18:53:53,596] {scheduler_job.py:190} INFO - Processing /home/encrypted/abaceti/.virtualenvs/pumpwood-airflow-images/lib/python3.6/site-packages/airflow/example_dags/example_complex.py took 0.046 seconds
[2021-06-07 18:54:24,723] {scheduler_job.py:182} INFO - Started process (PID=11929) to work on /home/encrypted/abaceti/.virtualenvs/pumpwood-airflow-images/lib/python3.6/site-packages/airflow/example_dags/example_complex.py
[2021-06-07 18:54:24,724] {scheduler_job.py:633} INFO - Processing file /home/encrypted/abaceti/.virtualenvs/pumpwood-airflow-images/lib/python3.6/site-packages/airflow/example_dags/example_complex.py for tasks to queue
[2021-06-07 18:54:24,724] {logging_mixin.py:104} INFO - [2021-06-07 18:54:24,724] {dagbag.py:487} INFO - Filling up the DagBag from /home/encrypted/abaceti/.virtualenvs/pumpwood-airflow-images/lib/python3.6/site-packages/airflow/example_dags/example_complex.py
[2021-06-07 18:54:24,734] {scheduler_job.py:643} INFO - DAG(s) dict_keys(['example_complex']) retrieved from /home/encrypted/abaceti/.virtualenvs/pumpwood-airflow-images/lib/python3.6/site-packages/airflow/example_dags/example_complex.py
[2021-06-07 18:54:24,750] {logging_mixin.py:104} INFO - [2021-06-07 18:54:24,750] {dag.py:1832} INFO - Sync 1 DAGs
[2021-06-07 18:54:24,758] {logging_mixin.py:104} INFO - [2021-06-07 18:54:24,758] {dag.py:2305} INFO - Setting next_dagrun for example_complex to None
[2021-06-07 18:54:24,763] {scheduler_job.py:190} INFO - Processing /home/encrypted/abaceti/.virtualenvs/pumpwood-airflow-images/lib/python3.6/site-packages/airflow/example_dags/example_complex.py took 0.042 seconds
[2021-06-07 18:54:54,894] {scheduler_job.py:182} INFO - Started process (PID=12144) to work on /home/encrypted/abaceti/.virtualenvs/pumpwood-airflow-images/lib/python3.6/site-packages/airflow/example_dags/example_complex.py
[2021-06-07 18:54:54,895] {scheduler_job.py:633} INFO - Processing file /home/encrypted/abaceti/.virtualenvs/pumpwood-airflow-images/lib/python3.6/site-packages/airflow/example_dags/example_complex.py for tasks to queue
[2021-06-07 18:54:54,895] {logging_mixin.py:104} INFO - [2021-06-07 18:54:54,895] {dagbag.py:487} INFO - Filling up the DagBag from /home/encrypted/abaceti/.virtualenvs/pumpwood-airflow-images/lib/python3.6/site-packages/airflow/example_dags/example_complex.py
[2021-06-07 18:54:54,905] {scheduler_job.py:643} INFO - DAG(s) dict_keys(['example_complex']) retrieved from /home/encrypted/abaceti/.virtualenvs/pumpwood-airflow-images/lib/python3.6/site-packages/airflow/example_dags/example_complex.py
[2021-06-07 18:54:54,922] {logging_mixin.py:104} INFO - [2021-06-07 18:54:54,922] {dag.py:1832} INFO - Sync 1 DAGs
[2021-06-07 18:54:54,931] {logging_mixin.py:104} INFO - [2021-06-07 18:54:54,931] {dag.py:2305} INFO - Setting next_dagrun for example_complex to None
[2021-06-07 18:54:54,936] {scheduler_job.py:190} INFO - Processing /home/encrypted/abaceti/.virtualenvs/pumpwood-airflow-images/lib/python3.6/site-packages/airflow/example_dags/example_complex.py took 0.044 seconds
[2021-06-07 18:55:24,978] {scheduler_job.py:182} INFO - Started process (PID=12315) to work on /home/encrypted/abaceti/.virtualenvs/pumpwood-airflow-images/lib/python3.6/site-packages/airflow/example_dags/example_complex.py
[2021-06-07 18:55:24,978] {scheduler_job.py:633} INFO - Processing file /home/encrypted/abaceti/.virtualenvs/pumpwood-airflow-images/lib/python3.6/site-packages/airflow/example_dags/example_complex.py for tasks to queue
[2021-06-07 18:55:24,979] {logging_mixin.py:104} INFO - [2021-06-07 18:55:24,979] {dagbag.py:487} INFO - Filling up the DagBag from /home/encrypted/abaceti/.virtualenvs/pumpwood-airflow-images/lib/python3.6/site-packages/airflow/example_dags/example_complex.py
[2021-06-07 18:55:24,990] {scheduler_job.py:643} INFO - DAG(s) dict_keys(['example_complex']) retrieved from /home/encrypted/abaceti/.virtualenvs/pumpwood-airflow-images/lib/python3.6/site-packages/airflow/example_dags/example_complex.py
[2021-06-07 18:55:25,007] {logging_mixin.py:104} INFO - [2021-06-07 18:55:25,007] {dag.py:1832} INFO - Sync 1 DAGs
[2021-06-07 18:55:25,016] {logging_mixin.py:104} INFO - [2021-06-07 18:55:25,016] {dag.py:2305} INFO - Setting next_dagrun for example_complex to None
[2021-06-07 18:55:25,022] {scheduler_job.py:190} INFO - Processing /home/encrypted/abaceti/.virtualenvs/pumpwood-airflow-images/lib/python3.6/site-packages/airflow/example_dags/example_complex.py took 0.046 seconds
[2021-06-07 18:55:55,150] {scheduler_job.py:182} INFO - Started process (PID=12539) to work on /home/encrypted/abaceti/.virtualenvs/pumpwood-airflow-images/lib/python3.6/site-packages/airflow/example_dags/example_complex.py
[2021-06-07 18:55:55,151] {scheduler_job.py:633} INFO - Processing file /home/encrypted/abaceti/.virtualenvs/pumpwood-airflow-images/lib/python3.6/site-packages/airflow/example_dags/example_complex.py for tasks to queue
[2021-06-07 18:55:55,151] {logging_mixin.py:104} INFO - [2021-06-07 18:55:55,151] {dagbag.py:487} INFO - Filling up the DagBag from /home/encrypted/abaceti/.virtualenvs/pumpwood-airflow-images/lib/python3.6/site-packages/airflow/example_dags/example_complex.py
[2021-06-07 18:55:55,161] {scheduler_job.py:643} INFO - DAG(s) dict_keys(['example_complex']) retrieved from /home/encrypted/abaceti/.virtualenvs/pumpwood-airflow-images/lib/python3.6/site-packages/airflow/example_dags/example_complex.py
[2021-06-07 18:55:55,177] {logging_mixin.py:104} INFO - [2021-06-07 18:55:55,177] {dag.py:1832} INFO - Sync 1 DAGs
[2021-06-07 18:55:55,185] {logging_mixin.py:104} INFO - [2021-06-07 18:55:55,185] {dag.py:2305} INFO - Setting next_dagrun for example_complex to None
[2021-06-07 18:55:55,190] {scheduler_job.py:190} INFO - Processing /home/encrypted/abaceti/.virtualenvs/pumpwood-airflow-images/lib/python3.6/site-packages/airflow/example_dags/example_complex.py took 0.041 seconds
[2021-06-07 18:56:25,378] {scheduler_job.py:182} INFO - Started process (PID=12757) to work on /home/encrypted/abaceti/.virtualenvs/pumpwood-airflow-images/lib/python3.6/site-packages/airflow/example_dags/example_complex.py
[2021-06-07 18:56:25,378] {scheduler_job.py:633} INFO - Processing file /home/encrypted/abaceti/.virtualenvs/pumpwood-airflow-images/lib/python3.6/site-packages/airflow/example_dags/example_complex.py for tasks to queue
[2021-06-07 18:56:25,379] {logging_mixin.py:104} INFO - [2021-06-07 18:56:25,379] {dagbag.py:487} INFO - Filling up the DagBag from /home/encrypted/abaceti/.virtualenvs/pumpwood-airflow-images/lib/python3.6/site-packages/airflow/example_dags/example_complex.py
[2021-06-07 18:56:25,389] {scheduler_job.py:643} INFO - DAG(s) dict_keys(['example_complex']) retrieved from /home/encrypted/abaceti/.virtualenvs/pumpwood-airflow-images/lib/python3.6/site-packages/airflow/example_dags/example_complex.py
[2021-06-07 18:56:25,405] {logging_mixin.py:104} INFO - [2021-06-07 18:56:25,405] {dag.py:1832} INFO - Sync 1 DAGs
[2021-06-07 18:56:25,414] {logging_mixin.py:104} INFO - [2021-06-07 18:56:25,414] {dag.py:2305} INFO - Setting next_dagrun for example_complex to None
[2021-06-07 18:56:25,419] {scheduler_job.py:190} INFO - Processing /home/encrypted/abaceti/.virtualenvs/pumpwood-airflow-images/lib/python3.6/site-packages/airflow/example_dags/example_complex.py took 0.043 seconds
[2021-06-07 18:56:56,376] {scheduler_job.py:182} INFO - Started process (PID=12941) to work on /home/encrypted/abaceti/.virtualenvs/pumpwood-airflow-images/lib/python3.6/site-packages/airflow/example_dags/example_complex.py
[2021-06-07 18:56:56,376] {scheduler_job.py:633} INFO - Processing file /home/encrypted/abaceti/.virtualenvs/pumpwood-airflow-images/lib/python3.6/site-packages/airflow/example_dags/example_complex.py for tasks to queue
[2021-06-07 18:56:56,377] {logging_mixin.py:104} INFO - [2021-06-07 18:56:56,376] {dagbag.py:487} INFO - Filling up the DagBag from /home/encrypted/abaceti/.virtualenvs/pumpwood-airflow-images/lib/python3.6/site-packages/airflow/example_dags/example_complex.py
[2021-06-07 18:56:56,386] {scheduler_job.py:643} INFO - DAG(s) dict_keys(['example_complex']) retrieved from /home/encrypted/abaceti/.virtualenvs/pumpwood-airflow-images/lib/python3.6/site-packages/airflow/example_dags/example_complex.py
[2021-06-07 18:56:56,403] {logging_mixin.py:104} INFO - [2021-06-07 18:56:56,403] {dag.py:1832} INFO - Sync 1 DAGs
[2021-06-07 18:56:56,411] {logging_mixin.py:104} INFO - [2021-06-07 18:56:56,411] {dag.py:2305} INFO - Setting next_dagrun for example_complex to None
[2021-06-07 18:56:56,417] {scheduler_job.py:190} INFO - Processing /home/encrypted/abaceti/.virtualenvs/pumpwood-airflow-images/lib/python3.6/site-packages/airflow/example_dags/example_complex.py took 0.043 seconds
[2021-06-07 18:57:27,362] {scheduler_job.py:182} INFO - Started process (PID=13059) to work on /home/encrypted/abaceti/.virtualenvs/pumpwood-airflow-images/lib/python3.6/site-packages/airflow/example_dags/example_complex.py
[2021-06-07 18:57:27,362] {scheduler_job.py:633} INFO - Processing file /home/encrypted/abaceti/.virtualenvs/pumpwood-airflow-images/lib/python3.6/site-packages/airflow/example_dags/example_complex.py for tasks to queue
[2021-06-07 18:57:27,363] {logging_mixin.py:104} INFO - [2021-06-07 18:57:27,362] {dagbag.py:487} INFO - Filling up the DagBag from /home/encrypted/abaceti/.virtualenvs/pumpwood-airflow-images/lib/python3.6/site-packages/airflow/example_dags/example_complex.py
[2021-06-07 18:57:27,372] {scheduler_job.py:643} INFO - DAG(s) dict_keys(['example_complex']) retrieved from /home/encrypted/abaceti/.virtualenvs/pumpwood-airflow-images/lib/python3.6/site-packages/airflow/example_dags/example_complex.py
[2021-06-07 18:57:27,392] {logging_mixin.py:104} INFO - [2021-06-07 18:57:27,392] {dag.py:1832} INFO - Sync 1 DAGs
[2021-06-07 18:57:27,401] {logging_mixin.py:104} INFO - [2021-06-07 18:57:27,401] {dag.py:2305} INFO - Setting next_dagrun for example_complex to None
[2021-06-07 18:57:27,409] {scheduler_job.py:190} INFO - Processing /home/encrypted/abaceti/.virtualenvs/pumpwood-airflow-images/lib/python3.6/site-packages/airflow/example_dags/example_complex.py took 0.049 seconds
[2021-06-07 18:57:57,658] {scheduler_job.py:182} INFO - Started process (PID=13234) to work on /home/encrypted/abaceti/.virtualenvs/pumpwood-airflow-images/lib/python3.6/site-packages/airflow/example_dags/example_complex.py
[2021-06-07 18:57:57,658] {scheduler_job.py:633} INFO - Processing file /home/encrypted/abaceti/.virtualenvs/pumpwood-airflow-images/lib/python3.6/site-packages/airflow/example_dags/example_complex.py for tasks to queue
[2021-06-07 18:57:57,659] {logging_mixin.py:104} INFO - [2021-06-07 18:57:57,658] {dagbag.py:487} INFO - Filling up the DagBag from /home/encrypted/abaceti/.virtualenvs/pumpwood-airflow-images/lib/python3.6/site-packages/airflow/example_dags/example_complex.py
[2021-06-07 18:57:57,669] {scheduler_job.py:643} INFO - DAG(s) dict_keys(['example_complex']) retrieved from /home/encrypted/abaceti/.virtualenvs/pumpwood-airflow-images/lib/python3.6/site-packages/airflow/example_dags/example_complex.py
[2021-06-07 18:57:57,686] {logging_mixin.py:104} INFO - [2021-06-07 18:57:57,686] {dag.py:1832} INFO - Sync 1 DAGs
[2021-06-07 18:57:57,695] {logging_mixin.py:104} INFO - [2021-06-07 18:57:57,695] {dag.py:2305} INFO - Setting next_dagrun for example_complex to None
[2021-06-07 18:57:57,701] {scheduler_job.py:190} INFO - Processing /home/encrypted/abaceti/.virtualenvs/pumpwood-airflow-images/lib/python3.6/site-packages/airflow/example_dags/example_complex.py took 0.045 seconds
[2021-06-07 18:58:28,661] {scheduler_job.py:182} INFO - Started process (PID=13348) to work on /home/encrypted/abaceti/.virtualenvs/pumpwood-airflow-images/lib/python3.6/site-packages/airflow/example_dags/example_complex.py
[2021-06-07 18:58:28,662] {scheduler_job.py:633} INFO - Processing file /home/encrypted/abaceti/.virtualenvs/pumpwood-airflow-images/lib/python3.6/site-packages/airflow/example_dags/example_complex.py for tasks to queue
[2021-06-07 18:58:28,662] {logging_mixin.py:104} INFO - [2021-06-07 18:58:28,662] {dagbag.py:487} INFO - Filling up the DagBag from /home/encrypted/abaceti/.virtualenvs/pumpwood-airflow-images/lib/python3.6/site-packages/airflow/example_dags/example_complex.py
[2021-06-07 18:58:28,673] {scheduler_job.py:643} INFO - DAG(s) dict_keys(['example_complex']) retrieved from /home/encrypted/abaceti/.virtualenvs/pumpwood-airflow-images/lib/python3.6/site-packages/airflow/example_dags/example_complex.py
[2021-06-07 18:58:28,691] {logging_mixin.py:104} INFO - [2021-06-07 18:58:28,691] {dag.py:1832} INFO - Sync 1 DAGs
[2021-06-07 18:58:28,699] {logging_mixin.py:104} INFO - [2021-06-07 18:58:28,699] {dag.py:2305} INFO - Setting next_dagrun for example_complex to None
[2021-06-07 18:58:28,705] {scheduler_job.py:190} INFO - Processing /home/encrypted/abaceti/.virtualenvs/pumpwood-airflow-images/lib/python3.6/site-packages/airflow/example_dags/example_complex.py took 0.046 seconds
[2021-06-07 18:58:59,878] {scheduler_job.py:182} INFO - Started process (PID=13524) to work on /home/encrypted/abaceti/.virtualenvs/pumpwood-airflow-images/lib/python3.6/site-packages/airflow/example_dags/example_complex.py
[2021-06-07 18:58:59,878] {scheduler_job.py:633} INFO - Processing file /home/encrypted/abaceti/.virtualenvs/pumpwood-airflow-images/lib/python3.6/site-packages/airflow/example_dags/example_complex.py for tasks to queue
[2021-06-07 18:58:59,878] {logging_mixin.py:104} INFO - [2021-06-07 18:58:59,878] {dagbag.py:487} INFO - Filling up the DagBag from /home/encrypted/abaceti/.virtualenvs/pumpwood-airflow-images/lib/python3.6/site-packages/airflow/example_dags/example_complex.py
[2021-06-07 18:58:59,888] {scheduler_job.py:643} INFO - DAG(s) dict_keys(['example_complex']) retrieved from /home/encrypted/abaceti/.virtualenvs/pumpwood-airflow-images/lib/python3.6/site-packages/airflow/example_dags/example_complex.py
[2021-06-07 18:58:59,906] {logging_mixin.py:104} INFO - [2021-06-07 18:58:59,906] {dag.py:1832} INFO - Sync 1 DAGs
[2021-06-07 18:58:59,915] {logging_mixin.py:104} INFO - [2021-06-07 18:58:59,915] {dag.py:2305} INFO - Setting next_dagrun for example_complex to None
[2021-06-07 18:58:59,921] {scheduler_job.py:190} INFO - Processing /home/encrypted/abaceti/.virtualenvs/pumpwood-airflow-images/lib/python3.6/site-packages/airflow/example_dags/example_complex.py took 0.045 seconds
[2021-06-07 18:59:30,061] {scheduler_job.py:182} INFO - Started process (PID=13649) to work on /home/encrypted/abaceti/.virtualenvs/pumpwood-airflow-images/lib/python3.6/site-packages/airflow/example_dags/example_complex.py
[2021-06-07 18:59:30,062] {scheduler_job.py:633} INFO - Processing file /home/encrypted/abaceti/.virtualenvs/pumpwood-airflow-images/lib/python3.6/site-packages/airflow/example_dags/example_complex.py for tasks to queue
[2021-06-07 18:59:30,062] {logging_mixin.py:104} INFO - [2021-06-07 18:59:30,062] {dagbag.py:487} INFO - Filling up the DagBag from /home/encrypted/abaceti/.virtualenvs/pumpwood-airflow-images/lib/python3.6/site-packages/airflow/example_dags/example_complex.py
[2021-06-07 18:59:30,073] {scheduler_job.py:643} INFO - DAG(s) dict_keys(['example_complex']) retrieved from /home/encrypted/abaceti/.virtualenvs/pumpwood-airflow-images/lib/python3.6/site-packages/airflow/example_dags/example_complex.py
[2021-06-07 18:59:30,090] {logging_mixin.py:104} INFO - [2021-06-07 18:59:30,090] {dag.py:1832} INFO - Sync 1 DAGs
[2021-06-07 18:59:30,098] {logging_mixin.py:104} INFO - [2021-06-07 18:59:30,098] {dag.py:2305} INFO - Setting next_dagrun for example_complex to None
[2021-06-07 18:59:30,103] {scheduler_job.py:190} INFO - Processing /home/encrypted/abaceti/.virtualenvs/pumpwood-airflow-images/lib/python3.6/site-packages/airflow/example_dags/example_complex.py took 0.043 seconds
[2021-06-07 19:00:00,200] {scheduler_job.py:182} INFO - Started process (PID=13811) to work on /home/encrypted/abaceti/.virtualenvs/pumpwood-airflow-images/lib/python3.6/site-packages/airflow/example_dags/example_complex.py
[2021-06-07 19:00:00,200] {scheduler_job.py:633} INFO - Processing file /home/encrypted/abaceti/.virtualenvs/pumpwood-airflow-images/lib/python3.6/site-packages/airflow/example_dags/example_complex.py for tasks to queue
[2021-06-07 19:00:00,201] {logging_mixin.py:104} INFO - [2021-06-07 19:00:00,201] {dagbag.py:487} INFO - Filling up the DagBag from /home/encrypted/abaceti/.virtualenvs/pumpwood-airflow-images/lib/python3.6/site-packages/airflow/example_dags/example_complex.py
[2021-06-07 19:00:00,211] {scheduler_job.py:643} INFO - DAG(s) dict_keys(['example_complex']) retrieved from /home/encrypted/abaceti/.virtualenvs/pumpwood-airflow-images/lib/python3.6/site-packages/airflow/example_dags/example_complex.py
[2021-06-07 19:00:00,228] {logging_mixin.py:104} INFO - [2021-06-07 19:00:00,228] {dag.py:1832} INFO - Sync 1 DAGs
[2021-06-07 19:00:00,236] {logging_mixin.py:104} INFO - [2021-06-07 19:00:00,236] {dag.py:2305} INFO - Setting next_dagrun for example_complex to None
[2021-06-07 19:00:00,242] {scheduler_job.py:190} INFO - Processing /home/encrypted/abaceti/.virtualenvs/pumpwood-airflow-images/lib/python3.6/site-packages/airflow/example_dags/example_complex.py took 0.043 seconds
[2021-06-07 19:00:30,353] {scheduler_job.py:182} INFO - Started process (PID=13927) to work on /home/encrypted/abaceti/.virtualenvs/pumpwood-airflow-images/lib/python3.6/site-packages/airflow/example_dags/example_complex.py
[2021-06-07 19:00:30,354] {scheduler_job.py:633} INFO - Processing file /home/encrypted/abaceti/.virtualenvs/pumpwood-airflow-images/lib/python3.6/site-packages/airflow/example_dags/example_complex.py for tasks to queue
[2021-06-07 19:00:30,354] {logging_mixin.py:104} INFO - [2021-06-07 19:00:30,354] {dagbag.py:487} INFO - Filling up the DagBag from /home/encrypted/abaceti/.virtualenvs/pumpwood-airflow-images/lib/python3.6/site-packages/airflow/example_dags/example_complex.py
[2021-06-07 19:00:30,364] {scheduler_job.py:643} INFO - DAG(s) dict_keys(['example_complex']) retrieved from /home/encrypted/abaceti/.virtualenvs/pumpwood-airflow-images/lib/python3.6/site-packages/airflow/example_dags/example_complex.py
[2021-06-07 19:00:30,381] {logging_mixin.py:104} INFO - [2021-06-07 19:00:30,380] {dag.py:1832} INFO - Sync 1 DAGs
[2021-06-07 19:00:30,389] {logging_mixin.py:104} INFO - [2021-06-07 19:00:30,389] {dag.py:2305} INFO - Setting next_dagrun for example_complex to None
[2021-06-07 19:00:30,395] {scheduler_job.py:190} INFO - Processing /home/encrypted/abaceti/.virtualenvs/pumpwood-airflow-images/lib/python3.6/site-packages/airflow/example_dags/example_complex.py took 0.043 seconds
[2021-06-07 19:01:00,546] {scheduler_job.py:182} INFO - Started process (PID=14120) to work on /home/encrypted/abaceti/.virtualenvs/pumpwood-airflow-images/lib/python3.6/site-packages/airflow/example_dags/example_complex.py
[2021-06-07 19:01:00,547] {scheduler_job.py:633} INFO - Processing file /home/encrypted/abaceti/.virtualenvs/pumpwood-airflow-images/lib/python3.6/site-packages/airflow/example_dags/example_complex.py for tasks to queue
[2021-06-07 19:01:00,547] {logging_mixin.py:104} INFO - [2021-06-07 19:01:00,547] {dagbag.py:487} INFO - Filling up the DagBag from /home/encrypted/abaceti/.virtualenvs/pumpwood-airflow-images/lib/python3.6/site-packages/airflow/example_dags/example_complex.py
[2021-06-07 19:01:00,557] {scheduler_job.py:643} INFO - DAG(s) dict_keys(['example_complex']) retrieved from /home/encrypted/abaceti/.virtualenvs/pumpwood-airflow-images/lib/python3.6/site-packages/airflow/example_dags/example_complex.py
[2021-06-07 19:01:00,574] {logging_mixin.py:104} INFO - [2021-06-07 19:01:00,574] {dag.py:1832} INFO - Sync 1 DAGs
[2021-06-07 19:01:00,582] {logging_mixin.py:104} INFO - [2021-06-07 19:01:00,582] {dag.py:2305} INFO - Setting next_dagrun for example_complex to None
[2021-06-07 19:01:00,587] {scheduler_job.py:190} INFO - Processing /home/encrypted/abaceti/.virtualenvs/pumpwood-airflow-images/lib/python3.6/site-packages/airflow/example_dags/example_complex.py took 0.043 seconds
[2021-06-07 19:01:30,860] {scheduler_job.py:182} INFO - Started process (PID=14241) to work on /home/encrypted/abaceti/.virtualenvs/pumpwood-airflow-images/lib/python3.6/site-packages/airflow/example_dags/example_complex.py
[2021-06-07 19:01:30,860] {scheduler_job.py:633} INFO - Processing file /home/encrypted/abaceti/.virtualenvs/pumpwood-airflow-images/lib/python3.6/site-packages/airflow/example_dags/example_complex.py for tasks to queue
[2021-06-07 19:01:30,860] {logging_mixin.py:104} INFO - [2021-06-07 19:01:30,860] {dagbag.py:487} INFO - Filling up the DagBag from /home/encrypted/abaceti/.virtualenvs/pumpwood-airflow-images/lib/python3.6/site-packages/airflow/example_dags/example_complex.py
[2021-06-07 19:01:30,871] {scheduler_job.py:643} INFO - DAG(s) dict_keys(['example_complex']) retrieved from /home/encrypted/abaceti/.virtualenvs/pumpwood-airflow-images/lib/python3.6/site-packages/airflow/example_dags/example_complex.py
[2021-06-07 19:01:30,890] {logging_mixin.py:104} INFO - [2021-06-07 19:01:30,890] {dag.py:1832} INFO - Sync 1 DAGs
[2021-06-07 19:01:30,899] {logging_mixin.py:104} INFO - [2021-06-07 19:01:30,899] {dag.py:2305} INFO - Setting next_dagrun for example_complex to None
[2021-06-07 19:01:30,905] {scheduler_job.py:190} INFO - Processing /home/encrypted/abaceti/.virtualenvs/pumpwood-airflow-images/lib/python3.6/site-packages/airflow/example_dags/example_complex.py took 0.048 seconds
[2021-06-07 19:02:00,990] {scheduler_job.py:182} INFO - Started process (PID=14422) to work on /home/encrypted/abaceti/.virtualenvs/pumpwood-airflow-images/lib/python3.6/site-packages/airflow/example_dags/example_complex.py
[2021-06-07 19:02:00,991] {scheduler_job.py:633} INFO - Processing file /home/encrypted/abaceti/.virtualenvs/pumpwood-airflow-images/lib/python3.6/site-packages/airflow/example_dags/example_complex.py for tasks to queue
[2021-06-07 19:02:00,991] {logging_mixin.py:104} INFO - [2021-06-07 19:02:00,991] {dagbag.py:487} INFO - Filling up the DagBag from /home/encrypted/abaceti/.virtualenvs/pumpwood-airflow-images/lib/python3.6/site-packages/airflow/example_dags/example_complex.py
[2021-06-07 19:02:01,001] {scheduler_job.py:643} INFO - DAG(s) dict_keys(['example_complex']) retrieved from /home/encrypted/abaceti/.virtualenvs/pumpwood-airflow-images/lib/python3.6/site-packages/airflow/example_dags/example_complex.py
[2021-06-07 19:02:01,018] {logging_mixin.py:104} INFO - [2021-06-07 19:02:01,018] {dag.py:1832} INFO - Sync 1 DAGs
[2021-06-07 19:02:01,026] {logging_mixin.py:104} INFO - [2021-06-07 19:02:01,026] {dag.py:2305} INFO - Setting next_dagrun for example_complex to None
[2021-06-07 19:02:01,032] {scheduler_job.py:190} INFO - Processing /home/encrypted/abaceti/.virtualenvs/pumpwood-airflow-images/lib/python3.6/site-packages/airflow/example_dags/example_complex.py took 0.043 seconds
[2021-06-07 19:02:31,116] {scheduler_job.py:182} INFO - Started process (PID=14637) to work on /home/encrypted/abaceti/.virtualenvs/pumpwood-airflow-images/lib/python3.6/site-packages/airflow/example_dags/example_complex.py
[2021-06-07 19:02:31,117] {scheduler_job.py:633} INFO - Processing file /home/encrypted/abaceti/.virtualenvs/pumpwood-airflow-images/lib/python3.6/site-packages/airflow/example_dags/example_complex.py for tasks to queue
[2021-06-07 19:02:31,117] {logging_mixin.py:104} INFO - [2021-06-07 19:02:31,117] {dagbag.py:487} INFO - Filling up the DagBag from /home/encrypted/abaceti/.virtualenvs/pumpwood-airflow-images/lib/python3.6/site-packages/airflow/example_dags/example_complex.py
[2021-06-07 19:02:31,127] {scheduler_job.py:643} INFO - DAG(s) dict_keys(['example_complex']) retrieved from /home/encrypted/abaceti/.virtualenvs/pumpwood-airflow-images/lib/python3.6/site-packages/airflow/example_dags/example_complex.py
[2021-06-07 19:02:31,145] {logging_mixin.py:104} INFO - [2021-06-07 19:02:31,145] {dag.py:1832} INFO - Sync 1 DAGs
[2021-06-07 19:02:31,153] {logging_mixin.py:104} INFO - [2021-06-07 19:02:31,153] {dag.py:2305} INFO - Setting next_dagrun for example_complex to None
[2021-06-07 19:02:31,158] {scheduler_job.py:190} INFO - Processing /home/encrypted/abaceti/.virtualenvs/pumpwood-airflow-images/lib/python3.6/site-packages/airflow/example_dags/example_complex.py took 0.044 seconds
