[2021-06-07 18:39:20,175] {scheduler_job.py:182} INFO - Started process (PID=5682) to work on /home/encrypted/abaceti/.virtualenvs/pumpwood-airflow-images/lib/python3.6/site-packages/airflow/example_dags/example_external_task_marker_dag.py
[2021-06-07 18:39:20,175] {scheduler_job.py:633} INFO - Processing file /home/encrypted/abaceti/.virtualenvs/pumpwood-airflow-images/lib/python3.6/site-packages/airflow/example_dags/example_external_task_marker_dag.py for tasks to queue
[2021-06-07 18:39:20,176] {logging_mixin.py:104} INFO - [2021-06-07 18:39:20,175] {dagbag.py:487} INFO - Filling up the DagBag from /home/encrypted/abaceti/.virtualenvs/pumpwood-airflow-images/lib/python3.6/site-packages/airflow/example_dags/example_external_task_marker_dag.py
[2021-06-07 18:39:20,181] {scheduler_job.py:643} INFO - DAG(s) dict_keys(['example_external_task_marker_parent', 'example_external_task_marker_child']) retrieved from /home/encrypted/abaceti/.virtualenvs/pumpwood-airflow-images/lib/python3.6/site-packages/airflow/example_dags/example_external_task_marker_dag.py
[2021-06-07 18:39:20,301] {logging_mixin.py:104} INFO - [2021-06-07 18:39:20,300] {dag.py:1832} INFO - Sync 2 DAGs
[2021-06-07 18:39:20,309] {logging_mixin.py:104} INFO - [2021-06-07 18:39:20,309] {dag.py:2305} INFO - Setting next_dagrun for example_external_task_marker_child to None
[2021-06-07 18:39:20,309] {logging_mixin.py:104} INFO - [2021-06-07 18:39:20,309] {dag.py:2305} INFO - Setting next_dagrun for example_external_task_marker_parent to None
[2021-06-07 18:39:20,315] {scheduler_job.py:190} INFO - Processing /home/encrypted/abaceti/.virtualenvs/pumpwood-airflow-images/lib/python3.6/site-packages/airflow/example_dags/example_external_task_marker_dag.py took 0.142 seconds
[2021-06-07 18:39:50,343] {scheduler_job.py:182} INFO - Started process (PID=5847) to work on /home/encrypted/abaceti/.virtualenvs/pumpwood-airflow-images/lib/python3.6/site-packages/airflow/example_dags/example_external_task_marker_dag.py
[2021-06-07 18:39:50,343] {scheduler_job.py:633} INFO - Processing file /home/encrypted/abaceti/.virtualenvs/pumpwood-airflow-images/lib/python3.6/site-packages/airflow/example_dags/example_external_task_marker_dag.py for tasks to queue
[2021-06-07 18:39:50,344] {logging_mixin.py:104} INFO - [2021-06-07 18:39:50,344] {dagbag.py:487} INFO - Filling up the DagBag from /home/encrypted/abaceti/.virtualenvs/pumpwood-airflow-images/lib/python3.6/site-packages/airflow/example_dags/example_external_task_marker_dag.py
[2021-06-07 18:39:50,349] {scheduler_job.py:643} INFO - DAG(s) dict_keys(['example_external_task_marker_parent', 'example_external_task_marker_child']) retrieved from /home/encrypted/abaceti/.virtualenvs/pumpwood-airflow-images/lib/python3.6/site-packages/airflow/example_dags/example_external_task_marker_dag.py
[2021-06-07 18:39:50,464] {logging_mixin.py:104} INFO - [2021-06-07 18:39:50,464] {dag.py:1832} INFO - Sync 2 DAGs
[2021-06-07 18:39:50,472] {logging_mixin.py:104} INFO - [2021-06-07 18:39:50,472] {dag.py:2305} INFO - Setting next_dagrun for example_external_task_marker_child to None
[2021-06-07 18:39:50,473] {logging_mixin.py:104} INFO - [2021-06-07 18:39:50,473] {dag.py:2305} INFO - Setting next_dagrun for example_external_task_marker_parent to None
[2021-06-07 18:39:50,479] {scheduler_job.py:190} INFO - Processing /home/encrypted/abaceti/.virtualenvs/pumpwood-airflow-images/lib/python3.6/site-packages/airflow/example_dags/example_external_task_marker_dag.py took 0.137 seconds
[2021-06-07 18:40:20,641] {scheduler_job.py:182} INFO - Started process (PID=6002) to work on /home/encrypted/abaceti/.virtualenvs/pumpwood-airflow-images/lib/python3.6/site-packages/airflow/example_dags/example_external_task_marker_dag.py
[2021-06-07 18:40:20,642] {scheduler_job.py:633} INFO - Processing file /home/encrypted/abaceti/.virtualenvs/pumpwood-airflow-images/lib/python3.6/site-packages/airflow/example_dags/example_external_task_marker_dag.py for tasks to queue
[2021-06-07 18:40:20,642] {logging_mixin.py:104} INFO - [2021-06-07 18:40:20,642] {dagbag.py:487} INFO - Filling up the DagBag from /home/encrypted/abaceti/.virtualenvs/pumpwood-airflow-images/lib/python3.6/site-packages/airflow/example_dags/example_external_task_marker_dag.py
[2021-06-07 18:40:20,648] {scheduler_job.py:643} INFO - DAG(s) dict_keys(['example_external_task_marker_parent', 'example_external_task_marker_child']) retrieved from /home/encrypted/abaceti/.virtualenvs/pumpwood-airflow-images/lib/python3.6/site-packages/airflow/example_dags/example_external_task_marker_dag.py
[2021-06-07 18:40:20,665] {logging_mixin.py:104} INFO - [2021-06-07 18:40:20,665] {dag.py:1832} INFO - Sync 2 DAGs
[2021-06-07 18:40:20,673] {logging_mixin.py:104} INFO - [2021-06-07 18:40:20,673] {dag.py:2305} INFO - Setting next_dagrun for example_external_task_marker_child to None
[2021-06-07 18:40:20,674] {logging_mixin.py:104} INFO - [2021-06-07 18:40:20,674] {dag.py:2305} INFO - Setting next_dagrun for example_external_task_marker_parent to None
[2021-06-07 18:40:20,679] {scheduler_job.py:190} INFO - Processing /home/encrypted/abaceti/.virtualenvs/pumpwood-airflow-images/lib/python3.6/site-packages/airflow/example_dags/example_external_task_marker_dag.py took 0.040 seconds
[2021-06-07 18:40:50,764] {scheduler_job.py:182} INFO - Started process (PID=6192) to work on /home/encrypted/abaceti/.virtualenvs/pumpwood-airflow-images/lib/python3.6/site-packages/airflow/example_dags/example_external_task_marker_dag.py
[2021-06-07 18:40:50,764] {scheduler_job.py:633} INFO - Processing file /home/encrypted/abaceti/.virtualenvs/pumpwood-airflow-images/lib/python3.6/site-packages/airflow/example_dags/example_external_task_marker_dag.py for tasks to queue
[2021-06-07 18:40:50,765] {logging_mixin.py:104} INFO - [2021-06-07 18:40:50,764] {dagbag.py:487} INFO - Filling up the DagBag from /home/encrypted/abaceti/.virtualenvs/pumpwood-airflow-images/lib/python3.6/site-packages/airflow/example_dags/example_external_task_marker_dag.py
[2021-06-07 18:40:50,770] {scheduler_job.py:643} INFO - DAG(s) dict_keys(['example_external_task_marker_parent', 'example_external_task_marker_child']) retrieved from /home/encrypted/abaceti/.virtualenvs/pumpwood-airflow-images/lib/python3.6/site-packages/airflow/example_dags/example_external_task_marker_dag.py
[2021-06-07 18:40:50,786] {logging_mixin.py:104} INFO - [2021-06-07 18:40:50,786] {dag.py:1832} INFO - Sync 2 DAGs
[2021-06-07 18:40:50,795] {logging_mixin.py:104} INFO - [2021-06-07 18:40:50,795] {dag.py:2305} INFO - Setting next_dagrun for example_external_task_marker_child to None
[2021-06-07 18:40:50,796] {logging_mixin.py:104} INFO - [2021-06-07 18:40:50,795] {dag.py:2305} INFO - Setting next_dagrun for example_external_task_marker_parent to None
[2021-06-07 18:40:50,801] {scheduler_job.py:190} INFO - Processing /home/encrypted/abaceti/.virtualenvs/pumpwood-airflow-images/lib/python3.6/site-packages/airflow/example_dags/example_external_task_marker_dag.py took 0.039 seconds
[2021-06-07 18:41:20,986] {scheduler_job.py:182} INFO - Started process (PID=6305) to work on /home/encrypted/abaceti/.virtualenvs/pumpwood-airflow-images/lib/python3.6/site-packages/airflow/example_dags/example_external_task_marker_dag.py
[2021-06-07 18:41:20,987] {scheduler_job.py:633} INFO - Processing file /home/encrypted/abaceti/.virtualenvs/pumpwood-airflow-images/lib/python3.6/site-packages/airflow/example_dags/example_external_task_marker_dag.py for tasks to queue
[2021-06-07 18:41:20,987] {logging_mixin.py:104} INFO - [2021-06-07 18:41:20,987] {dagbag.py:487} INFO - Filling up the DagBag from /home/encrypted/abaceti/.virtualenvs/pumpwood-airflow-images/lib/python3.6/site-packages/airflow/example_dags/example_external_task_marker_dag.py
[2021-06-07 18:41:20,993] {scheduler_job.py:643} INFO - DAG(s) dict_keys(['example_external_task_marker_parent', 'example_external_task_marker_child']) retrieved from /home/encrypted/abaceti/.virtualenvs/pumpwood-airflow-images/lib/python3.6/site-packages/airflow/example_dags/example_external_task_marker_dag.py
[2021-06-07 18:41:21,009] {logging_mixin.py:104} INFO - [2021-06-07 18:41:21,009] {dag.py:1832} INFO - Sync 2 DAGs
[2021-06-07 18:41:21,018] {logging_mixin.py:104} INFO - [2021-06-07 18:41:21,018] {dag.py:2305} INFO - Setting next_dagrun for example_external_task_marker_child to None
[2021-06-07 18:41:21,019] {logging_mixin.py:104} INFO - [2021-06-07 18:41:21,019] {dag.py:2305} INFO - Setting next_dagrun for example_external_task_marker_parent to None
[2021-06-07 18:41:21,024] {scheduler_job.py:190} INFO - Processing /home/encrypted/abaceti/.virtualenvs/pumpwood-airflow-images/lib/python3.6/site-packages/airflow/example_dags/example_external_task_marker_dag.py took 0.040 seconds
[2021-06-07 18:41:51,106] {scheduler_job.py:182} INFO - Started process (PID=6471) to work on /home/encrypted/abaceti/.virtualenvs/pumpwood-airflow-images/lib/python3.6/site-packages/airflow/example_dags/example_external_task_marker_dag.py
[2021-06-07 18:41:51,107] {scheduler_job.py:633} INFO - Processing file /home/encrypted/abaceti/.virtualenvs/pumpwood-airflow-images/lib/python3.6/site-packages/airflow/example_dags/example_external_task_marker_dag.py for tasks to queue
[2021-06-07 18:41:51,107] {logging_mixin.py:104} INFO - [2021-06-07 18:41:51,107] {dagbag.py:487} INFO - Filling up the DagBag from /home/encrypted/abaceti/.virtualenvs/pumpwood-airflow-images/lib/python3.6/site-packages/airflow/example_dags/example_external_task_marker_dag.py
[2021-06-07 18:41:51,113] {scheduler_job.py:643} INFO - DAG(s) dict_keys(['example_external_task_marker_parent', 'example_external_task_marker_child']) retrieved from /home/encrypted/abaceti/.virtualenvs/pumpwood-airflow-images/lib/python3.6/site-packages/airflow/example_dags/example_external_task_marker_dag.py
[2021-06-07 18:41:51,129] {logging_mixin.py:104} INFO - [2021-06-07 18:41:51,129] {dag.py:1832} INFO - Sync 2 DAGs
[2021-06-07 18:41:51,137] {logging_mixin.py:104} INFO - [2021-06-07 18:41:51,137] {dag.py:2305} INFO - Setting next_dagrun for example_external_task_marker_child to None
[2021-06-07 18:41:51,138] {logging_mixin.py:104} INFO - [2021-06-07 18:41:51,138] {dag.py:2305} INFO - Setting next_dagrun for example_external_task_marker_parent to None
[2021-06-07 18:41:51,143] {scheduler_job.py:190} INFO - Processing /home/encrypted/abaceti/.virtualenvs/pumpwood-airflow-images/lib/python3.6/site-packages/airflow/example_dags/example_external_task_marker_dag.py took 0.038 seconds
[2021-06-07 18:42:21,340] {scheduler_job.py:182} INFO - Started process (PID=6589) to work on /home/encrypted/abaceti/.virtualenvs/pumpwood-airflow-images/lib/python3.6/site-packages/airflow/example_dags/example_external_task_marker_dag.py
[2021-06-07 18:42:21,341] {scheduler_job.py:633} INFO - Processing file /home/encrypted/abaceti/.virtualenvs/pumpwood-airflow-images/lib/python3.6/site-packages/airflow/example_dags/example_external_task_marker_dag.py for tasks to queue
[2021-06-07 18:42:21,341] {logging_mixin.py:104} INFO - [2021-06-07 18:42:21,341] {dagbag.py:487} INFO - Filling up the DagBag from /home/encrypted/abaceti/.virtualenvs/pumpwood-airflow-images/lib/python3.6/site-packages/airflow/example_dags/example_external_task_marker_dag.py
[2021-06-07 18:42:21,346] {scheduler_job.py:643} INFO - DAG(s) dict_keys(['example_external_task_marker_parent', 'example_external_task_marker_child']) retrieved from /home/encrypted/abaceti/.virtualenvs/pumpwood-airflow-images/lib/python3.6/site-packages/airflow/example_dags/example_external_task_marker_dag.py
[2021-06-07 18:42:21,363] {logging_mixin.py:104} INFO - [2021-06-07 18:42:21,363] {dag.py:1832} INFO - Sync 2 DAGs
[2021-06-07 18:42:21,371] {logging_mixin.py:104} INFO - [2021-06-07 18:42:21,371] {dag.py:2305} INFO - Setting next_dagrun for example_external_task_marker_child to None
[2021-06-07 18:42:21,372] {logging_mixin.py:104} INFO - [2021-06-07 18:42:21,372] {dag.py:2305} INFO - Setting next_dagrun for example_external_task_marker_parent to None
[2021-06-07 18:42:21,378] {scheduler_job.py:190} INFO - Processing /home/encrypted/abaceti/.virtualenvs/pumpwood-airflow-images/lib/python3.6/site-packages/airflow/example_dags/example_external_task_marker_dag.py took 0.039 seconds
[2021-06-07 18:42:52,402] {scheduler_job.py:182} INFO - Started process (PID=6808) to work on /home/encrypted/abaceti/.virtualenvs/pumpwood-airflow-images/lib/python3.6/site-packages/airflow/example_dags/example_external_task_marker_dag.py
[2021-06-07 18:42:52,402] {scheduler_job.py:633} INFO - Processing file /home/encrypted/abaceti/.virtualenvs/pumpwood-airflow-images/lib/python3.6/site-packages/airflow/example_dags/example_external_task_marker_dag.py for tasks to queue
[2021-06-07 18:42:52,403] {logging_mixin.py:104} INFO - [2021-06-07 18:42:52,402] {dagbag.py:487} INFO - Filling up the DagBag from /home/encrypted/abaceti/.virtualenvs/pumpwood-airflow-images/lib/python3.6/site-packages/airflow/example_dags/example_external_task_marker_dag.py
[2021-06-07 18:42:52,408] {scheduler_job.py:643} INFO - DAG(s) dict_keys(['example_external_task_marker_parent', 'example_external_task_marker_child']) retrieved from /home/encrypted/abaceti/.virtualenvs/pumpwood-airflow-images/lib/python3.6/site-packages/airflow/example_dags/example_external_task_marker_dag.py
[2021-06-07 18:42:52,427] {logging_mixin.py:104} INFO - [2021-06-07 18:42:52,427] {dag.py:1832} INFO - Sync 2 DAGs
[2021-06-07 18:42:52,438] {logging_mixin.py:104} INFO - [2021-06-07 18:42:52,438] {dag.py:2305} INFO - Setting next_dagrun for example_external_task_marker_child to None
[2021-06-07 18:42:52,438] {logging_mixin.py:104} INFO - [2021-06-07 18:42:52,438] {dag.py:2305} INFO - Setting next_dagrun for example_external_task_marker_parent to None
[2021-06-07 18:42:52,444] {scheduler_job.py:190} INFO - Processing /home/encrypted/abaceti/.virtualenvs/pumpwood-airflow-images/lib/python3.6/site-packages/airflow/example_dags/example_external_task_marker_dag.py took 0.044 seconds
[2021-06-07 18:43:23,489] {scheduler_job.py:182} INFO - Started process (PID=7077) to work on /home/encrypted/abaceti/.virtualenvs/pumpwood-airflow-images/lib/python3.6/site-packages/airflow/example_dags/example_external_task_marker_dag.py
[2021-06-07 18:43:23,489] {scheduler_job.py:633} INFO - Processing file /home/encrypted/abaceti/.virtualenvs/pumpwood-airflow-images/lib/python3.6/site-packages/airflow/example_dags/example_external_task_marker_dag.py for tasks to queue
[2021-06-07 18:43:23,490] {logging_mixin.py:104} INFO - [2021-06-07 18:43:23,490] {dagbag.py:487} INFO - Filling up the DagBag from /home/encrypted/abaceti/.virtualenvs/pumpwood-airflow-images/lib/python3.6/site-packages/airflow/example_dags/example_external_task_marker_dag.py
[2021-06-07 18:43:23,495] {scheduler_job.py:643} INFO - DAG(s) dict_keys(['example_external_task_marker_parent', 'example_external_task_marker_child']) retrieved from /home/encrypted/abaceti/.virtualenvs/pumpwood-airflow-images/lib/python3.6/site-packages/airflow/example_dags/example_external_task_marker_dag.py
[2021-06-07 18:43:23,511] {logging_mixin.py:104} INFO - [2021-06-07 18:43:23,511] {dag.py:1832} INFO - Sync 2 DAGs
[2021-06-07 18:43:23,519] {logging_mixin.py:104} INFO - [2021-06-07 18:43:23,519] {dag.py:2305} INFO - Setting next_dagrun for example_external_task_marker_child to None
[2021-06-07 18:43:23,520] {logging_mixin.py:104} INFO - [2021-06-07 18:43:23,520] {dag.py:2305} INFO - Setting next_dagrun for example_external_task_marker_parent to None
[2021-06-07 18:43:23,526] {scheduler_job.py:190} INFO - Processing /home/encrypted/abaceti/.virtualenvs/pumpwood-airflow-images/lib/python3.6/site-packages/airflow/example_dags/example_external_task_marker_dag.py took 0.038 seconds
[2021-06-07 18:43:54,568] {scheduler_job.py:182} INFO - Started process (PID=7277) to work on /home/encrypted/abaceti/.virtualenvs/pumpwood-airflow-images/lib/python3.6/site-packages/airflow/example_dags/example_external_task_marker_dag.py
[2021-06-07 18:43:54,569] {scheduler_job.py:633} INFO - Processing file /home/encrypted/abaceti/.virtualenvs/pumpwood-airflow-images/lib/python3.6/site-packages/airflow/example_dags/example_external_task_marker_dag.py for tasks to queue
[2021-06-07 18:43:54,569] {logging_mixin.py:104} INFO - [2021-06-07 18:43:54,569] {dagbag.py:487} INFO - Filling up the DagBag from /home/encrypted/abaceti/.virtualenvs/pumpwood-airflow-images/lib/python3.6/site-packages/airflow/example_dags/example_external_task_marker_dag.py
[2021-06-07 18:43:54,575] {scheduler_job.py:643} INFO - DAG(s) dict_keys(['example_external_task_marker_parent', 'example_external_task_marker_child']) retrieved from /home/encrypted/abaceti/.virtualenvs/pumpwood-airflow-images/lib/python3.6/site-packages/airflow/example_dags/example_external_task_marker_dag.py
[2021-06-07 18:43:54,691] {logging_mixin.py:104} INFO - [2021-06-07 18:43:54,691] {dag.py:1832} INFO - Sync 2 DAGs
[2021-06-07 18:43:54,699] {logging_mixin.py:104} INFO - [2021-06-07 18:43:54,699] {dag.py:2305} INFO - Setting next_dagrun for example_external_task_marker_child to None
[2021-06-07 18:43:54,699] {logging_mixin.py:104} INFO - [2021-06-07 18:43:54,699] {dag.py:2305} INFO - Setting next_dagrun for example_external_task_marker_parent to None
[2021-06-07 18:43:54,706] {scheduler_job.py:190} INFO - Processing /home/encrypted/abaceti/.virtualenvs/pumpwood-airflow-images/lib/python3.6/site-packages/airflow/example_dags/example_external_task_marker_dag.py took 0.139 seconds
[2021-06-07 18:44:24,724] {scheduler_job.py:182} INFO - Started process (PID=7393) to work on /home/encrypted/abaceti/.virtualenvs/pumpwood-airflow-images/lib/python3.6/site-packages/airflow/example_dags/example_external_task_marker_dag.py
[2021-06-07 18:44:24,724] {scheduler_job.py:633} INFO - Processing file /home/encrypted/abaceti/.virtualenvs/pumpwood-airflow-images/lib/python3.6/site-packages/airflow/example_dags/example_external_task_marker_dag.py for tasks to queue
[2021-06-07 18:44:24,724] {logging_mixin.py:104} INFO - [2021-06-07 18:44:24,724] {dagbag.py:487} INFO - Filling up the DagBag from /home/encrypted/abaceti/.virtualenvs/pumpwood-airflow-images/lib/python3.6/site-packages/airflow/example_dags/example_external_task_marker_dag.py
[2021-06-07 18:44:24,729] {scheduler_job.py:643} INFO - DAG(s) dict_keys(['example_external_task_marker_parent', 'example_external_task_marker_child']) retrieved from /home/encrypted/abaceti/.virtualenvs/pumpwood-airflow-images/lib/python3.6/site-packages/airflow/example_dags/example_external_task_marker_dag.py
[2021-06-07 18:44:24,839] {logging_mixin.py:104} INFO - [2021-06-07 18:44:24,839] {dag.py:1832} INFO - Sync 2 DAGs
[2021-06-07 18:44:24,847] {logging_mixin.py:104} INFO - [2021-06-07 18:44:24,847] {dag.py:2305} INFO - Setting next_dagrun for example_external_task_marker_child to None
[2021-06-07 18:44:24,847] {logging_mixin.py:104} INFO - [2021-06-07 18:44:24,847] {dag.py:2305} INFO - Setting next_dagrun for example_external_task_marker_parent to None
[2021-06-07 18:44:24,854] {scheduler_job.py:190} INFO - Processing /home/encrypted/abaceti/.virtualenvs/pumpwood-airflow-images/lib/python3.6/site-packages/airflow/example_dags/example_external_task_marker_dag.py took 0.132 seconds
[2021-06-07 18:44:55,742] {scheduler_job.py:182} INFO - Started process (PID=7563) to work on /home/encrypted/abaceti/.virtualenvs/pumpwood-airflow-images/lib/python3.6/site-packages/airflow/example_dags/example_external_task_marker_dag.py
[2021-06-07 18:44:55,743] {scheduler_job.py:633} INFO - Processing file /home/encrypted/abaceti/.virtualenvs/pumpwood-airflow-images/lib/python3.6/site-packages/airflow/example_dags/example_external_task_marker_dag.py for tasks to queue
[2021-06-07 18:44:55,743] {logging_mixin.py:104} INFO - [2021-06-07 18:44:55,743] {dagbag.py:487} INFO - Filling up the DagBag from /home/encrypted/abaceti/.virtualenvs/pumpwood-airflow-images/lib/python3.6/site-packages/airflow/example_dags/example_external_task_marker_dag.py
[2021-06-07 18:44:55,749] {scheduler_job.py:643} INFO - DAG(s) dict_keys(['example_external_task_marker_parent', 'example_external_task_marker_child']) retrieved from /home/encrypted/abaceti/.virtualenvs/pumpwood-airflow-images/lib/python3.6/site-packages/airflow/example_dags/example_external_task_marker_dag.py
[2021-06-07 18:44:55,765] {logging_mixin.py:104} INFO - [2021-06-07 18:44:55,765] {dag.py:1832} INFO - Sync 2 DAGs
[2021-06-07 18:44:55,774] {logging_mixin.py:104} INFO - [2021-06-07 18:44:55,773] {dag.py:2305} INFO - Setting next_dagrun for example_external_task_marker_child to None
[2021-06-07 18:44:55,774] {logging_mixin.py:104} INFO - [2021-06-07 18:44:55,774] {dag.py:2305} INFO - Setting next_dagrun for example_external_task_marker_parent to None
[2021-06-07 18:44:55,780] {scheduler_job.py:190} INFO - Processing /home/encrypted/abaceti/.virtualenvs/pumpwood-airflow-images/lib/python3.6/site-packages/airflow/example_dags/example_external_task_marker_dag.py took 0.040 seconds
[2021-06-07 18:45:26,824] {scheduler_job.py:182} INFO - Started process (PID=7686) to work on /home/encrypted/abaceti/.virtualenvs/pumpwood-airflow-images/lib/python3.6/site-packages/airflow/example_dags/example_external_task_marker_dag.py
[2021-06-07 18:45:26,824] {scheduler_job.py:633} INFO - Processing file /home/encrypted/abaceti/.virtualenvs/pumpwood-airflow-images/lib/python3.6/site-packages/airflow/example_dags/example_external_task_marker_dag.py for tasks to queue
[2021-06-07 18:45:26,825] {logging_mixin.py:104} INFO - [2021-06-07 18:45:26,825] {dagbag.py:487} INFO - Filling up the DagBag from /home/encrypted/abaceti/.virtualenvs/pumpwood-airflow-images/lib/python3.6/site-packages/airflow/example_dags/example_external_task_marker_dag.py
[2021-06-07 18:45:26,831] {scheduler_job.py:643} INFO - DAG(s) dict_keys(['example_external_task_marker_parent', 'example_external_task_marker_child']) retrieved from /home/encrypted/abaceti/.virtualenvs/pumpwood-airflow-images/lib/python3.6/site-packages/airflow/example_dags/example_external_task_marker_dag.py
[2021-06-07 18:45:26,847] {logging_mixin.py:104} INFO - [2021-06-07 18:45:26,847] {dag.py:1832} INFO - Sync 2 DAGs
[2021-06-07 18:45:26,855] {logging_mixin.py:104} INFO - [2021-06-07 18:45:26,855] {dag.py:2305} INFO - Setting next_dagrun for example_external_task_marker_child to None
[2021-06-07 18:45:26,856] {logging_mixin.py:104} INFO - [2021-06-07 18:45:26,856] {dag.py:2305} INFO - Setting next_dagrun for example_external_task_marker_parent to None
[2021-06-07 18:45:26,861] {scheduler_job.py:190} INFO - Processing /home/encrypted/abaceti/.virtualenvs/pumpwood-airflow-images/lib/python3.6/site-packages/airflow/example_dags/example_external_task_marker_dag.py took 0.038 seconds
[2021-06-07 18:45:56,907] {scheduler_job.py:182} INFO - Started process (PID=7850) to work on /home/encrypted/abaceti/.virtualenvs/pumpwood-airflow-images/lib/python3.6/site-packages/airflow/example_dags/example_external_task_marker_dag.py
[2021-06-07 18:45:56,908] {scheduler_job.py:633} INFO - Processing file /home/encrypted/abaceti/.virtualenvs/pumpwood-airflow-images/lib/python3.6/site-packages/airflow/example_dags/example_external_task_marker_dag.py for tasks to queue
[2021-06-07 18:45:56,908] {logging_mixin.py:104} INFO - [2021-06-07 18:45:56,908] {dagbag.py:487} INFO - Filling up the DagBag from /home/encrypted/abaceti/.virtualenvs/pumpwood-airflow-images/lib/python3.6/site-packages/airflow/example_dags/example_external_task_marker_dag.py
[2021-06-07 18:45:56,914] {scheduler_job.py:643} INFO - DAG(s) dict_keys(['example_external_task_marker_parent', 'example_external_task_marker_child']) retrieved from /home/encrypted/abaceti/.virtualenvs/pumpwood-airflow-images/lib/python3.6/site-packages/airflow/example_dags/example_external_task_marker_dag.py
[2021-06-07 18:45:57,023] {logging_mixin.py:104} INFO - [2021-06-07 18:45:57,023] {dag.py:1832} INFO - Sync 2 DAGs
[2021-06-07 18:45:57,031] {logging_mixin.py:104} INFO - [2021-06-07 18:45:57,031] {dag.py:2305} INFO - Setting next_dagrun for example_external_task_marker_child to None
[2021-06-07 18:45:57,031] {logging_mixin.py:104} INFO - [2021-06-07 18:45:57,031] {dag.py:2305} INFO - Setting next_dagrun for example_external_task_marker_parent to None
[2021-06-07 18:45:57,037] {scheduler_job.py:190} INFO - Processing /home/encrypted/abaceti/.virtualenvs/pumpwood-airflow-images/lib/python3.6/site-packages/airflow/example_dags/example_external_task_marker_dag.py took 0.132 seconds
[2021-06-07 18:46:27,107] {scheduler_job.py:182} INFO - Started process (PID=7972) to work on /home/encrypted/abaceti/.virtualenvs/pumpwood-airflow-images/lib/python3.6/site-packages/airflow/example_dags/example_external_task_marker_dag.py
[2021-06-07 18:46:27,108] {scheduler_job.py:633} INFO - Processing file /home/encrypted/abaceti/.virtualenvs/pumpwood-airflow-images/lib/python3.6/site-packages/airflow/example_dags/example_external_task_marker_dag.py for tasks to queue
[2021-06-07 18:46:27,108] {logging_mixin.py:104} INFO - [2021-06-07 18:46:27,108] {dagbag.py:487} INFO - Filling up the DagBag from /home/encrypted/abaceti/.virtualenvs/pumpwood-airflow-images/lib/python3.6/site-packages/airflow/example_dags/example_external_task_marker_dag.py
[2021-06-07 18:46:27,113] {scheduler_job.py:643} INFO - DAG(s) dict_keys(['example_external_task_marker_parent', 'example_external_task_marker_child']) retrieved from /home/encrypted/abaceti/.virtualenvs/pumpwood-airflow-images/lib/python3.6/site-packages/airflow/example_dags/example_external_task_marker_dag.py
[2021-06-07 18:46:27,220] {logging_mixin.py:104} INFO - [2021-06-07 18:46:27,220] {dag.py:1832} INFO - Sync 2 DAGs
[2021-06-07 18:46:27,228] {logging_mixin.py:104} INFO - [2021-06-07 18:46:27,228] {dag.py:2305} INFO - Setting next_dagrun for example_external_task_marker_child to None
[2021-06-07 18:46:27,228] {logging_mixin.py:104} INFO - [2021-06-07 18:46:27,228] {dag.py:2305} INFO - Setting next_dagrun for example_external_task_marker_parent to None
[2021-06-07 18:46:27,235] {scheduler_job.py:190} INFO - Processing /home/encrypted/abaceti/.virtualenvs/pumpwood-airflow-images/lib/python3.6/site-packages/airflow/example_dags/example_external_task_marker_dag.py took 0.129 seconds
[2021-06-07 18:46:57,333] {scheduler_job.py:182} INFO - Started process (PID=8163) to work on /home/encrypted/abaceti/.virtualenvs/pumpwood-airflow-images/lib/python3.6/site-packages/airflow/example_dags/example_external_task_marker_dag.py
[2021-06-07 18:46:57,334] {scheduler_job.py:633} INFO - Processing file /home/encrypted/abaceti/.virtualenvs/pumpwood-airflow-images/lib/python3.6/site-packages/airflow/example_dags/example_external_task_marker_dag.py for tasks to queue
[2021-06-07 18:46:57,334] {logging_mixin.py:104} INFO - [2021-06-07 18:46:57,334] {dagbag.py:487} INFO - Filling up the DagBag from /home/encrypted/abaceti/.virtualenvs/pumpwood-airflow-images/lib/python3.6/site-packages/airflow/example_dags/example_external_task_marker_dag.py
[2021-06-07 18:46:57,340] {scheduler_job.py:643} INFO - DAG(s) dict_keys(['example_external_task_marker_parent', 'example_external_task_marker_child']) retrieved from /home/encrypted/abaceti/.virtualenvs/pumpwood-airflow-images/lib/python3.6/site-packages/airflow/example_dags/example_external_task_marker_dag.py
[2021-06-07 18:46:57,447] {logging_mixin.py:104} INFO - [2021-06-07 18:46:57,447] {dag.py:1832} INFO - Sync 2 DAGs
[2021-06-07 18:46:57,455] {logging_mixin.py:104} INFO - [2021-06-07 18:46:57,455] {dag.py:2305} INFO - Setting next_dagrun for example_external_task_marker_child to None
[2021-06-07 18:46:57,455] {logging_mixin.py:104} INFO - [2021-06-07 18:46:57,455] {dag.py:2305} INFO - Setting next_dagrun for example_external_task_marker_parent to None
[2021-06-07 18:46:57,464] {scheduler_job.py:190} INFO - Processing /home/encrypted/abaceti/.virtualenvs/pumpwood-airflow-images/lib/python3.6/site-packages/airflow/example_dags/example_external_task_marker_dag.py took 0.132 seconds
[2021-06-07 18:47:27,491] {scheduler_job.py:182} INFO - Started process (PID=8300) to work on /home/encrypted/abaceti/.virtualenvs/pumpwood-airflow-images/lib/python3.6/site-packages/airflow/example_dags/example_external_task_marker_dag.py
[2021-06-07 18:47:27,491] {scheduler_job.py:633} INFO - Processing file /home/encrypted/abaceti/.virtualenvs/pumpwood-airflow-images/lib/python3.6/site-packages/airflow/example_dags/example_external_task_marker_dag.py for tasks to queue
[2021-06-07 18:47:27,492] {logging_mixin.py:104} INFO - [2021-06-07 18:47:27,492] {dagbag.py:487} INFO - Filling up the DagBag from /home/encrypted/abaceti/.virtualenvs/pumpwood-airflow-images/lib/python3.6/site-packages/airflow/example_dags/example_external_task_marker_dag.py
[2021-06-07 18:47:27,497] {scheduler_job.py:643} INFO - DAG(s) dict_keys(['example_external_task_marker_parent', 'example_external_task_marker_child']) retrieved from /home/encrypted/abaceti/.virtualenvs/pumpwood-airflow-images/lib/python3.6/site-packages/airflow/example_dags/example_external_task_marker_dag.py
[2021-06-07 18:47:27,604] {logging_mixin.py:104} INFO - [2021-06-07 18:47:27,603] {dag.py:1832} INFO - Sync 2 DAGs
[2021-06-07 18:47:27,611] {logging_mixin.py:104} INFO - [2021-06-07 18:47:27,611] {dag.py:2305} INFO - Setting next_dagrun for example_external_task_marker_child to None
[2021-06-07 18:47:27,611] {logging_mixin.py:104} INFO - [2021-06-07 18:47:27,611] {dag.py:2305} INFO - Setting next_dagrun for example_external_task_marker_parent to None
[2021-06-07 18:47:27,618] {scheduler_job.py:190} INFO - Processing /home/encrypted/abaceti/.virtualenvs/pumpwood-airflow-images/lib/python3.6/site-packages/airflow/example_dags/example_external_task_marker_dag.py took 0.128 seconds
[2021-06-07 18:47:57,687] {scheduler_job.py:182} INFO - Started process (PID=8520) to work on /home/encrypted/abaceti/.virtualenvs/pumpwood-airflow-images/lib/python3.6/site-packages/airflow/example_dags/example_external_task_marker_dag.py
[2021-06-07 18:47:57,687] {scheduler_job.py:633} INFO - Processing file /home/encrypted/abaceti/.virtualenvs/pumpwood-airflow-images/lib/python3.6/site-packages/airflow/example_dags/example_external_task_marker_dag.py for tasks to queue
[2021-06-07 18:47:57,688] {logging_mixin.py:104} INFO - [2021-06-07 18:47:57,687] {dagbag.py:487} INFO - Filling up the DagBag from /home/encrypted/abaceti/.virtualenvs/pumpwood-airflow-images/lib/python3.6/site-packages/airflow/example_dags/example_external_task_marker_dag.py
[2021-06-07 18:47:57,693] {scheduler_job.py:643} INFO - DAG(s) dict_keys(['example_external_task_marker_parent', 'example_external_task_marker_child']) retrieved from /home/encrypted/abaceti/.virtualenvs/pumpwood-airflow-images/lib/python3.6/site-packages/airflow/example_dags/example_external_task_marker_dag.py
[2021-06-07 18:47:57,807] {logging_mixin.py:104} INFO - [2021-06-07 18:47:57,807] {dag.py:1832} INFO - Sync 2 DAGs
[2021-06-07 18:47:57,815] {logging_mixin.py:104} INFO - [2021-06-07 18:47:57,815] {dag.py:2305} INFO - Setting next_dagrun for example_external_task_marker_child to None
[2021-06-07 18:47:57,816] {logging_mixin.py:104} INFO - [2021-06-07 18:47:57,815] {dag.py:2305} INFO - Setting next_dagrun for example_external_task_marker_parent to None
[2021-06-07 18:47:57,822] {scheduler_job.py:190} INFO - Processing /home/encrypted/abaceti/.virtualenvs/pumpwood-airflow-images/lib/python3.6/site-packages/airflow/example_dags/example_external_task_marker_dag.py took 0.137 seconds
[2021-06-07 18:48:27,839] {scheduler_job.py:182} INFO - Started process (PID=8740) to work on /home/encrypted/abaceti/.virtualenvs/pumpwood-airflow-images/lib/python3.6/site-packages/airflow/example_dags/example_external_task_marker_dag.py
[2021-06-07 18:48:27,839] {scheduler_job.py:633} INFO - Processing file /home/encrypted/abaceti/.virtualenvs/pumpwood-airflow-images/lib/python3.6/site-packages/airflow/example_dags/example_external_task_marker_dag.py for tasks to queue
[2021-06-07 18:48:27,839] {logging_mixin.py:104} INFO - [2021-06-07 18:48:27,839] {dagbag.py:487} INFO - Filling up the DagBag from /home/encrypted/abaceti/.virtualenvs/pumpwood-airflow-images/lib/python3.6/site-packages/airflow/example_dags/example_external_task_marker_dag.py
[2021-06-07 18:48:27,845] {scheduler_job.py:643} INFO - DAG(s) dict_keys(['example_external_task_marker_parent', 'example_external_task_marker_child']) retrieved from /home/encrypted/abaceti/.virtualenvs/pumpwood-airflow-images/lib/python3.6/site-packages/airflow/example_dags/example_external_task_marker_dag.py
[2021-06-07 18:48:27,860] {logging_mixin.py:104} INFO - [2021-06-07 18:48:27,860] {dag.py:1832} INFO - Sync 2 DAGs
[2021-06-07 18:48:27,868] {logging_mixin.py:104} INFO - [2021-06-07 18:48:27,868] {dag.py:2305} INFO - Setting next_dagrun for example_external_task_marker_child to None
[2021-06-07 18:48:27,869] {logging_mixin.py:104} INFO - [2021-06-07 18:48:27,869] {dag.py:2305} INFO - Setting next_dagrun for example_external_task_marker_parent to None
[2021-06-07 18:48:27,875] {scheduler_job.py:190} INFO - Processing /home/encrypted/abaceti/.virtualenvs/pumpwood-airflow-images/lib/python3.6/site-packages/airflow/example_dags/example_external_task_marker_dag.py took 0.037 seconds
[2021-06-07 18:48:49,805] {scheduler_job.py:182} INFO - Started process (PID=8911) to work on /home/encrypted/abaceti/.virtualenvs/pumpwood-airflow-images/lib/python3.6/site-packages/airflow/example_dags/example_external_task_marker_dag.py
[2021-06-07 18:48:49,806] {scheduler_job.py:633} INFO - Processing file /home/encrypted/abaceti/.virtualenvs/pumpwood-airflow-images/lib/python3.6/site-packages/airflow/example_dags/example_external_task_marker_dag.py for tasks to queue
[2021-06-07 18:48:49,806] {logging_mixin.py:104} INFO - [2021-06-07 18:48:49,806] {dagbag.py:487} INFO - Filling up the DagBag from /home/encrypted/abaceti/.virtualenvs/pumpwood-airflow-images/lib/python3.6/site-packages/airflow/example_dags/example_external_task_marker_dag.py
[2021-06-07 18:48:49,812] {scheduler_job.py:643} INFO - DAG(s) dict_keys(['example_external_task_marker_parent', 'example_external_task_marker_child']) retrieved from /home/encrypted/abaceti/.virtualenvs/pumpwood-airflow-images/lib/python3.6/site-packages/airflow/example_dags/example_external_task_marker_dag.py
[2021-06-07 18:48:49,920] {logging_mixin.py:104} INFO - [2021-06-07 18:48:49,920] {dag.py:1832} INFO - Sync 2 DAGs
[2021-06-07 18:48:49,929] {logging_mixin.py:104} INFO - [2021-06-07 18:48:49,929] {dag.py:2305} INFO - Setting next_dagrun for example_external_task_marker_child to None
[2021-06-07 18:48:49,929] {logging_mixin.py:104} INFO - [2021-06-07 18:48:49,929] {dag.py:2305} INFO - Setting next_dagrun for example_external_task_marker_parent to None
[2021-06-07 18:48:49,935] {scheduler_job.py:190} INFO - Processing /home/encrypted/abaceti/.virtualenvs/pumpwood-airflow-images/lib/python3.6/site-packages/airflow/example_dags/example_external_task_marker_dag.py took 0.132 seconds
[2021-06-07 18:49:20,932] {scheduler_job.py:182} INFO - Started process (PID=9036) to work on /home/encrypted/abaceti/.virtualenvs/pumpwood-airflow-images/lib/python3.6/site-packages/airflow/example_dags/example_external_task_marker_dag.py
[2021-06-07 18:49:20,932] {scheduler_job.py:633} INFO - Processing file /home/encrypted/abaceti/.virtualenvs/pumpwood-airflow-images/lib/python3.6/site-packages/airflow/example_dags/example_external_task_marker_dag.py for tasks to queue
[2021-06-07 18:49:20,933] {logging_mixin.py:104} INFO - [2021-06-07 18:49:20,933] {dagbag.py:487} INFO - Filling up the DagBag from /home/encrypted/abaceti/.virtualenvs/pumpwood-airflow-images/lib/python3.6/site-packages/airflow/example_dags/example_external_task_marker_dag.py
[2021-06-07 18:49:20,938] {scheduler_job.py:643} INFO - DAG(s) dict_keys(['example_external_task_marker_parent', 'example_external_task_marker_child']) retrieved from /home/encrypted/abaceti/.virtualenvs/pumpwood-airflow-images/lib/python3.6/site-packages/airflow/example_dags/example_external_task_marker_dag.py
[2021-06-07 18:49:21,049] {logging_mixin.py:104} INFO - [2021-06-07 18:49:21,049] {dag.py:1832} INFO - Sync 2 DAGs
[2021-06-07 18:49:21,057] {logging_mixin.py:104} INFO - [2021-06-07 18:49:21,057] {dag.py:2305} INFO - Setting next_dagrun for example_external_task_marker_child to None
[2021-06-07 18:49:21,058] {logging_mixin.py:104} INFO - [2021-06-07 18:49:21,057] {dag.py:2305} INFO - Setting next_dagrun for example_external_task_marker_parent to None
[2021-06-07 18:49:21,064] {scheduler_job.py:190} INFO - Processing /home/encrypted/abaceti/.virtualenvs/pumpwood-airflow-images/lib/python3.6/site-packages/airflow/example_dags/example_external_task_marker_dag.py took 0.134 seconds
[2021-06-07 18:49:51,262] {scheduler_job.py:182} INFO - Started process (PID=9217) to work on /home/encrypted/abaceti/.virtualenvs/pumpwood-airflow-images/lib/python3.6/site-packages/airflow/example_dags/example_external_task_marker_dag.py
[2021-06-07 18:49:51,263] {scheduler_job.py:633} INFO - Processing file /home/encrypted/abaceti/.virtualenvs/pumpwood-airflow-images/lib/python3.6/site-packages/airflow/example_dags/example_external_task_marker_dag.py for tasks to queue
[2021-06-07 18:49:51,263] {logging_mixin.py:104} INFO - [2021-06-07 18:49:51,263] {dagbag.py:487} INFO - Filling up the DagBag from /home/encrypted/abaceti/.virtualenvs/pumpwood-airflow-images/lib/python3.6/site-packages/airflow/example_dags/example_external_task_marker_dag.py
[2021-06-07 18:49:51,268] {scheduler_job.py:643} INFO - DAG(s) dict_keys(['example_external_task_marker_parent', 'example_external_task_marker_child']) retrieved from /home/encrypted/abaceti/.virtualenvs/pumpwood-airflow-images/lib/python3.6/site-packages/airflow/example_dags/example_external_task_marker_dag.py
[2021-06-07 18:49:51,389] {logging_mixin.py:104} INFO - [2021-06-07 18:49:51,389] {dag.py:1832} INFO - Sync 2 DAGs
[2021-06-07 18:49:51,398] {logging_mixin.py:104} INFO - [2021-06-07 18:49:51,398] {dag.py:2305} INFO - Setting next_dagrun for example_external_task_marker_child to None
[2021-06-07 18:49:51,398] {logging_mixin.py:104} INFO - [2021-06-07 18:49:51,398] {dag.py:2305} INFO - Setting next_dagrun for example_external_task_marker_parent to None
[2021-06-07 18:49:51,405] {scheduler_job.py:190} INFO - Processing /home/encrypted/abaceti/.virtualenvs/pumpwood-airflow-images/lib/python3.6/site-packages/airflow/example_dags/example_external_task_marker_dag.py took 0.144 seconds
[2021-06-07 18:50:21,476] {scheduler_job.py:182} INFO - Started process (PID=9455) to work on /home/encrypted/abaceti/.virtualenvs/pumpwood-airflow-images/lib/python3.6/site-packages/airflow/example_dags/example_external_task_marker_dag.py
[2021-06-07 18:50:21,477] {scheduler_job.py:633} INFO - Processing file /home/encrypted/abaceti/.virtualenvs/pumpwood-airflow-images/lib/python3.6/site-packages/airflow/example_dags/example_external_task_marker_dag.py for tasks to queue
[2021-06-07 18:50:21,477] {logging_mixin.py:104} INFO - [2021-06-07 18:50:21,477] {dagbag.py:487} INFO - Filling up the DagBag from /home/encrypted/abaceti/.virtualenvs/pumpwood-airflow-images/lib/python3.6/site-packages/airflow/example_dags/example_external_task_marker_dag.py
[2021-06-07 18:50:21,485] {scheduler_job.py:643} INFO - DAG(s) dict_keys(['example_external_task_marker_parent', 'example_external_task_marker_child']) retrieved from /home/encrypted/abaceti/.virtualenvs/pumpwood-airflow-images/lib/python3.6/site-packages/airflow/example_dags/example_external_task_marker_dag.py
[2021-06-07 18:50:21,596] {logging_mixin.py:104} INFO - [2021-06-07 18:50:21,596] {dag.py:1832} INFO - Sync 2 DAGs
[2021-06-07 18:50:21,604] {logging_mixin.py:104} INFO - [2021-06-07 18:50:21,604] {dag.py:2305} INFO - Setting next_dagrun for example_external_task_marker_child to None
[2021-06-07 18:50:21,604] {logging_mixin.py:104} INFO - [2021-06-07 18:50:21,604] {dag.py:2305} INFO - Setting next_dagrun for example_external_task_marker_parent to None
[2021-06-07 18:50:21,610] {scheduler_job.py:190} INFO - Processing /home/encrypted/abaceti/.virtualenvs/pumpwood-airflow-images/lib/python3.6/site-packages/airflow/example_dags/example_external_task_marker_dag.py took 0.136 seconds
[2021-06-07 18:50:51,701] {scheduler_job.py:182} INFO - Started process (PID=9612) to work on /home/encrypted/abaceti/.virtualenvs/pumpwood-airflow-images/lib/python3.6/site-packages/airflow/example_dags/example_external_task_marker_dag.py
[2021-06-07 18:50:51,701] {scheduler_job.py:633} INFO - Processing file /home/encrypted/abaceti/.virtualenvs/pumpwood-airflow-images/lib/python3.6/site-packages/airflow/example_dags/example_external_task_marker_dag.py for tasks to queue
[2021-06-07 18:50:51,702] {logging_mixin.py:104} INFO - [2021-06-07 18:50:51,702] {dagbag.py:487} INFO - Filling up the DagBag from /home/encrypted/abaceti/.virtualenvs/pumpwood-airflow-images/lib/python3.6/site-packages/airflow/example_dags/example_external_task_marker_dag.py
[2021-06-07 18:50:51,707] {scheduler_job.py:643} INFO - DAG(s) dict_keys(['example_external_task_marker_parent', 'example_external_task_marker_child']) retrieved from /home/encrypted/abaceti/.virtualenvs/pumpwood-airflow-images/lib/python3.6/site-packages/airflow/example_dags/example_external_task_marker_dag.py
[2021-06-07 18:50:51,824] {logging_mixin.py:104} INFO - [2021-06-07 18:50:51,824] {dag.py:1832} INFO - Sync 2 DAGs
[2021-06-07 18:50:51,834] {logging_mixin.py:104} INFO - [2021-06-07 18:50:51,834] {dag.py:2305} INFO - Setting next_dagrun for example_external_task_marker_child to None
[2021-06-07 18:50:51,835] {logging_mixin.py:104} INFO - [2021-06-07 18:50:51,835] {dag.py:2305} INFO - Setting next_dagrun for example_external_task_marker_parent to None
[2021-06-07 18:50:51,841] {scheduler_job.py:190} INFO - Processing /home/encrypted/abaceti/.virtualenvs/pumpwood-airflow-images/lib/python3.6/site-packages/airflow/example_dags/example_external_task_marker_dag.py took 0.141 seconds
[2021-06-07 18:51:21,857] {scheduler_job.py:182} INFO - Started process (PID=9733) to work on /home/encrypted/abaceti/.virtualenvs/pumpwood-airflow-images/lib/python3.6/site-packages/airflow/example_dags/example_external_task_marker_dag.py
[2021-06-07 18:51:21,858] {scheduler_job.py:633} INFO - Processing file /home/encrypted/abaceti/.virtualenvs/pumpwood-airflow-images/lib/python3.6/site-packages/airflow/example_dags/example_external_task_marker_dag.py for tasks to queue
[2021-06-07 18:51:21,859] {logging_mixin.py:104} INFO - [2021-06-07 18:51:21,858] {dagbag.py:487} INFO - Filling up the DagBag from /home/encrypted/abaceti/.virtualenvs/pumpwood-airflow-images/lib/python3.6/site-packages/airflow/example_dags/example_external_task_marker_dag.py
[2021-06-07 18:51:21,864] {scheduler_job.py:643} INFO - DAG(s) dict_keys(['example_external_task_marker_parent', 'example_external_task_marker_child']) retrieved from /home/encrypted/abaceti/.virtualenvs/pumpwood-airflow-images/lib/python3.6/site-packages/airflow/example_dags/example_external_task_marker_dag.py
[2021-06-07 18:51:21,973] {logging_mixin.py:104} INFO - [2021-06-07 18:51:21,973] {dag.py:1832} INFO - Sync 2 DAGs
[2021-06-07 18:51:21,981] {logging_mixin.py:104} INFO - [2021-06-07 18:51:21,981] {dag.py:2305} INFO - Setting next_dagrun for example_external_task_marker_child to None
[2021-06-07 18:51:21,982] {logging_mixin.py:104} INFO - [2021-06-07 18:51:21,982] {dag.py:2305} INFO - Setting next_dagrun for example_external_task_marker_parent to None
[2021-06-07 18:51:21,989] {scheduler_job.py:190} INFO - Processing /home/encrypted/abaceti/.virtualenvs/pumpwood-airflow-images/lib/python3.6/site-packages/airflow/example_dags/example_external_task_marker_dag.py took 0.133 seconds
[2021-06-07 18:51:52,064] {scheduler_job.py:182} INFO - Started process (PID=9905) to work on /home/encrypted/abaceti/.virtualenvs/pumpwood-airflow-images/lib/python3.6/site-packages/airflow/example_dags/example_external_task_marker_dag.py
[2021-06-07 18:51:52,064] {scheduler_job.py:633} INFO - Processing file /home/encrypted/abaceti/.virtualenvs/pumpwood-airflow-images/lib/python3.6/site-packages/airflow/example_dags/example_external_task_marker_dag.py for tasks to queue
[2021-06-07 18:51:52,065] {logging_mixin.py:104} INFO - [2021-06-07 18:51:52,065] {dagbag.py:487} INFO - Filling up the DagBag from /home/encrypted/abaceti/.virtualenvs/pumpwood-airflow-images/lib/python3.6/site-packages/airflow/example_dags/example_external_task_marker_dag.py
[2021-06-07 18:51:52,073] {scheduler_job.py:643} INFO - DAG(s) dict_keys(['example_external_task_marker_parent', 'example_external_task_marker_child']) retrieved from /home/encrypted/abaceti/.virtualenvs/pumpwood-airflow-images/lib/python3.6/site-packages/airflow/example_dags/example_external_task_marker_dag.py
[2021-06-07 18:51:52,187] {logging_mixin.py:104} INFO - [2021-06-07 18:51:52,186] {dag.py:1832} INFO - Sync 2 DAGs
[2021-06-07 18:51:52,194] {logging_mixin.py:104} INFO - [2021-06-07 18:51:52,194] {dag.py:2305} INFO - Setting next_dagrun for example_external_task_marker_child to None
[2021-06-07 18:51:52,194] {logging_mixin.py:104} INFO - [2021-06-07 18:51:52,194] {dag.py:2305} INFO - Setting next_dagrun for example_external_task_marker_parent to None
[2021-06-07 18:51:52,201] {scheduler_job.py:190} INFO - Processing /home/encrypted/abaceti/.virtualenvs/pumpwood-airflow-images/lib/python3.6/site-packages/airflow/example_dags/example_external_task_marker_dag.py took 0.140 seconds
[2021-06-07 18:52:22,270] {scheduler_job.py:182} INFO - Started process (PID=10017) to work on /home/encrypted/abaceti/.virtualenvs/pumpwood-airflow-images/lib/python3.6/site-packages/airflow/example_dags/example_external_task_marker_dag.py
[2021-06-07 18:52:22,270] {scheduler_job.py:633} INFO - Processing file /home/encrypted/abaceti/.virtualenvs/pumpwood-airflow-images/lib/python3.6/site-packages/airflow/example_dags/example_external_task_marker_dag.py for tasks to queue
[2021-06-07 18:52:22,270] {logging_mixin.py:104} INFO - [2021-06-07 18:52:22,270] {dagbag.py:487} INFO - Filling up the DagBag from /home/encrypted/abaceti/.virtualenvs/pumpwood-airflow-images/lib/python3.6/site-packages/airflow/example_dags/example_external_task_marker_dag.py
[2021-06-07 18:52:22,277] {scheduler_job.py:643} INFO - DAG(s) dict_keys(['example_external_task_marker_parent', 'example_external_task_marker_child']) retrieved from /home/encrypted/abaceti/.virtualenvs/pumpwood-airflow-images/lib/python3.6/site-packages/airflow/example_dags/example_external_task_marker_dag.py
[2021-06-07 18:52:22,390] {logging_mixin.py:104} INFO - [2021-06-07 18:52:22,390] {dag.py:1832} INFO - Sync 2 DAGs
[2021-06-07 18:52:22,398] {logging_mixin.py:104} INFO - [2021-06-07 18:52:22,398] {dag.py:2305} INFO - Setting next_dagrun for example_external_task_marker_child to None
[2021-06-07 18:52:22,398] {logging_mixin.py:104} INFO - [2021-06-07 18:52:22,398] {dag.py:2305} INFO - Setting next_dagrun for example_external_task_marker_parent to None
[2021-06-07 18:52:22,405] {scheduler_job.py:190} INFO - Processing /home/encrypted/abaceti/.virtualenvs/pumpwood-airflow-images/lib/python3.6/site-packages/airflow/example_dags/example_external_task_marker_dag.py took 0.137 seconds
[2021-06-07 18:52:53,404] {scheduler_job.py:182} INFO - Started process (PID=10825) to work on /home/encrypted/abaceti/.virtualenvs/pumpwood-airflow-images/lib/python3.6/site-packages/airflow/example_dags/example_external_task_marker_dag.py
[2021-06-07 18:52:53,404] {scheduler_job.py:633} INFO - Processing file /home/encrypted/abaceti/.virtualenvs/pumpwood-airflow-images/lib/python3.6/site-packages/airflow/example_dags/example_external_task_marker_dag.py for tasks to queue
[2021-06-07 18:52:53,405] {logging_mixin.py:104} INFO - [2021-06-07 18:52:53,405] {dagbag.py:487} INFO - Filling up the DagBag from /home/encrypted/abaceti/.virtualenvs/pumpwood-airflow-images/lib/python3.6/site-packages/airflow/example_dags/example_external_task_marker_dag.py
[2021-06-07 18:52:53,410] {scheduler_job.py:643} INFO - DAG(s) dict_keys(['example_external_task_marker_parent', 'example_external_task_marker_child']) retrieved from /home/encrypted/abaceti/.virtualenvs/pumpwood-airflow-images/lib/python3.6/site-packages/airflow/example_dags/example_external_task_marker_dag.py
[2021-06-07 18:52:53,427] {logging_mixin.py:104} INFO - [2021-06-07 18:52:53,426] {dag.py:1832} INFO - Sync 2 DAGs
[2021-06-07 18:52:53,435] {logging_mixin.py:104} INFO - [2021-06-07 18:52:53,435] {dag.py:2305} INFO - Setting next_dagrun for example_external_task_marker_child to None
[2021-06-07 18:52:53,435] {logging_mixin.py:104} INFO - [2021-06-07 18:52:53,435] {dag.py:2305} INFO - Setting next_dagrun for example_external_task_marker_parent to None
[2021-06-07 18:52:53,441] {scheduler_job.py:190} INFO - Processing /home/encrypted/abaceti/.virtualenvs/pumpwood-airflow-images/lib/python3.6/site-packages/airflow/example_dags/example_external_task_marker_dag.py took 0.039 seconds
[2021-06-07 18:53:23,574] {scheduler_job.py:182} INFO - Started process (PID=11152) to work on /home/encrypted/abaceti/.virtualenvs/pumpwood-airflow-images/lib/python3.6/site-packages/airflow/example_dags/example_external_task_marker_dag.py
[2021-06-07 18:53:23,574] {scheduler_job.py:633} INFO - Processing file /home/encrypted/abaceti/.virtualenvs/pumpwood-airflow-images/lib/python3.6/site-packages/airflow/example_dags/example_external_task_marker_dag.py for tasks to queue
[2021-06-07 18:53:23,575] {logging_mixin.py:104} INFO - [2021-06-07 18:53:23,575] {dagbag.py:487} INFO - Filling up the DagBag from /home/encrypted/abaceti/.virtualenvs/pumpwood-airflow-images/lib/python3.6/site-packages/airflow/example_dags/example_external_task_marker_dag.py
[2021-06-07 18:53:23,580] {scheduler_job.py:643} INFO - DAG(s) dict_keys(['example_external_task_marker_parent', 'example_external_task_marker_child']) retrieved from /home/encrypted/abaceti/.virtualenvs/pumpwood-airflow-images/lib/python3.6/site-packages/airflow/example_dags/example_external_task_marker_dag.py
[2021-06-07 18:53:23,689] {logging_mixin.py:104} INFO - [2021-06-07 18:53:23,689] {dag.py:1832} INFO - Sync 2 DAGs
[2021-06-07 18:53:23,696] {logging_mixin.py:104} INFO - [2021-06-07 18:53:23,696] {dag.py:2305} INFO - Setting next_dagrun for example_external_task_marker_child to None
[2021-06-07 18:53:23,696] {logging_mixin.py:104} INFO - [2021-06-07 18:53:23,696] {dag.py:2305} INFO - Setting next_dagrun for example_external_task_marker_parent to None
[2021-06-07 18:53:23,702] {scheduler_job.py:190} INFO - Processing /home/encrypted/abaceti/.virtualenvs/pumpwood-airflow-images/lib/python3.6/site-packages/airflow/example_dags/example_external_task_marker_dag.py took 0.130 seconds
[2021-06-07 18:53:53,830] {scheduler_job.py:182} INFO - Started process (PID=11539) to work on /home/encrypted/abaceti/.virtualenvs/pumpwood-airflow-images/lib/python3.6/site-packages/airflow/example_dags/example_external_task_marker_dag.py
[2021-06-07 18:53:53,830] {scheduler_job.py:633} INFO - Processing file /home/encrypted/abaceti/.virtualenvs/pumpwood-airflow-images/lib/python3.6/site-packages/airflow/example_dags/example_external_task_marker_dag.py for tasks to queue
[2021-06-07 18:53:53,830] {logging_mixin.py:104} INFO - [2021-06-07 18:53:53,830] {dagbag.py:487} INFO - Filling up the DagBag from /home/encrypted/abaceti/.virtualenvs/pumpwood-airflow-images/lib/python3.6/site-packages/airflow/example_dags/example_external_task_marker_dag.py
[2021-06-07 18:53:53,836] {scheduler_job.py:643} INFO - DAG(s) dict_keys(['example_external_task_marker_parent', 'example_external_task_marker_child']) retrieved from /home/encrypted/abaceti/.virtualenvs/pumpwood-airflow-images/lib/python3.6/site-packages/airflow/example_dags/example_external_task_marker_dag.py
[2021-06-07 18:53:53,938] {logging_mixin.py:104} INFO - [2021-06-07 18:53:53,938] {dag.py:1832} INFO - Sync 2 DAGs
[2021-06-07 18:53:53,945] {logging_mixin.py:104} INFO - [2021-06-07 18:53:53,945] {dag.py:2305} INFO - Setting next_dagrun for example_external_task_marker_child to None
[2021-06-07 18:53:53,945] {logging_mixin.py:104} INFO - [2021-06-07 18:53:53,945] {dag.py:2305} INFO - Setting next_dagrun for example_external_task_marker_parent to None
[2021-06-07 18:53:53,953] {scheduler_job.py:190} INFO - Processing /home/encrypted/abaceti/.virtualenvs/pumpwood-airflow-images/lib/python3.6/site-packages/airflow/example_dags/example_external_task_marker_dag.py took 0.124 seconds
[2021-06-07 18:54:24,872] {scheduler_job.py:182} INFO - Started process (PID=11944) to work on /home/encrypted/abaceti/.virtualenvs/pumpwood-airflow-images/lib/python3.6/site-packages/airflow/example_dags/example_external_task_marker_dag.py
[2021-06-07 18:54:24,873] {scheduler_job.py:633} INFO - Processing file /home/encrypted/abaceti/.virtualenvs/pumpwood-airflow-images/lib/python3.6/site-packages/airflow/example_dags/example_external_task_marker_dag.py for tasks to queue
[2021-06-07 18:54:24,873] {logging_mixin.py:104} INFO - [2021-06-07 18:54:24,873] {dagbag.py:487} INFO - Filling up the DagBag from /home/encrypted/abaceti/.virtualenvs/pumpwood-airflow-images/lib/python3.6/site-packages/airflow/example_dags/example_external_task_marker_dag.py
[2021-06-07 18:54:24,880] {scheduler_job.py:643} INFO - DAG(s) dict_keys(['example_external_task_marker_parent', 'example_external_task_marker_child']) retrieved from /home/encrypted/abaceti/.virtualenvs/pumpwood-airflow-images/lib/python3.6/site-packages/airflow/example_dags/example_external_task_marker_dag.py
[2021-06-07 18:54:24,993] {logging_mixin.py:104} INFO - [2021-06-07 18:54:24,993] {dag.py:1832} INFO - Sync 2 DAGs
[2021-06-07 18:54:25,001] {logging_mixin.py:104} INFO - [2021-06-07 18:54:25,001] {dag.py:2305} INFO - Setting next_dagrun for example_external_task_marker_child to None
[2021-06-07 18:54:25,002] {logging_mixin.py:104} INFO - [2021-06-07 18:54:25,002] {dag.py:2305} INFO - Setting next_dagrun for example_external_task_marker_parent to None
[2021-06-07 18:54:25,009] {scheduler_job.py:190} INFO - Processing /home/encrypted/abaceti/.virtualenvs/pumpwood-airflow-images/lib/python3.6/site-packages/airflow/example_dags/example_external_task_marker_dag.py took 0.138 seconds
[2021-06-07 18:54:55,094] {scheduler_job.py:182} INFO - Started process (PID=12161) to work on /home/encrypted/abaceti/.virtualenvs/pumpwood-airflow-images/lib/python3.6/site-packages/airflow/example_dags/example_external_task_marker_dag.py
[2021-06-07 18:54:55,094] {scheduler_job.py:633} INFO - Processing file /home/encrypted/abaceti/.virtualenvs/pumpwood-airflow-images/lib/python3.6/site-packages/airflow/example_dags/example_external_task_marker_dag.py for tasks to queue
[2021-06-07 18:54:55,095] {logging_mixin.py:104} INFO - [2021-06-07 18:54:55,095] {dagbag.py:487} INFO - Filling up the DagBag from /home/encrypted/abaceti/.virtualenvs/pumpwood-airflow-images/lib/python3.6/site-packages/airflow/example_dags/example_external_task_marker_dag.py
[2021-06-07 18:54:55,100] {scheduler_job.py:643} INFO - DAG(s) dict_keys(['example_external_task_marker_parent', 'example_external_task_marker_child']) retrieved from /home/encrypted/abaceti/.virtualenvs/pumpwood-airflow-images/lib/python3.6/site-packages/airflow/example_dags/example_external_task_marker_dag.py
[2021-06-07 18:54:55,211] {logging_mixin.py:104} INFO - [2021-06-07 18:54:55,210] {dag.py:1832} INFO - Sync 2 DAGs
[2021-06-07 18:54:55,219] {logging_mixin.py:104} INFO - [2021-06-07 18:54:55,219] {dag.py:2305} INFO - Setting next_dagrun for example_external_task_marker_child to None
[2021-06-07 18:54:55,219] {logging_mixin.py:104} INFO - [2021-06-07 18:54:55,219] {dag.py:2305} INFO - Setting next_dagrun for example_external_task_marker_parent to None
[2021-06-07 18:54:55,226] {scheduler_job.py:190} INFO - Processing /home/encrypted/abaceti/.virtualenvs/pumpwood-airflow-images/lib/python3.6/site-packages/airflow/example_dags/example_external_task_marker_dag.py took 0.134 seconds
[2021-06-07 18:55:25,306] {scheduler_job.py:182} INFO - Started process (PID=12342) to work on /home/encrypted/abaceti/.virtualenvs/pumpwood-airflow-images/lib/python3.6/site-packages/airflow/example_dags/example_external_task_marker_dag.py
[2021-06-07 18:55:25,307] {scheduler_job.py:633} INFO - Processing file /home/encrypted/abaceti/.virtualenvs/pumpwood-airflow-images/lib/python3.6/site-packages/airflow/example_dags/example_external_task_marker_dag.py for tasks to queue
[2021-06-07 18:55:25,307] {logging_mixin.py:104} INFO - [2021-06-07 18:55:25,307] {dagbag.py:487} INFO - Filling up the DagBag from /home/encrypted/abaceti/.virtualenvs/pumpwood-airflow-images/lib/python3.6/site-packages/airflow/example_dags/example_external_task_marker_dag.py
[2021-06-07 18:55:25,312] {scheduler_job.py:643} INFO - DAG(s) dict_keys(['example_external_task_marker_parent', 'example_external_task_marker_child']) retrieved from /home/encrypted/abaceti/.virtualenvs/pumpwood-airflow-images/lib/python3.6/site-packages/airflow/example_dags/example_external_task_marker_dag.py
[2021-06-07 18:55:25,417] {logging_mixin.py:104} INFO - [2021-06-07 18:55:25,417] {dag.py:1832} INFO - Sync 2 DAGs
[2021-06-07 18:55:25,426] {logging_mixin.py:104} INFO - [2021-06-07 18:55:25,426] {dag.py:2305} INFO - Setting next_dagrun for example_external_task_marker_child to None
[2021-06-07 18:55:25,426] {logging_mixin.py:104} INFO - [2021-06-07 18:55:25,426] {dag.py:2305} INFO - Setting next_dagrun for example_external_task_marker_parent to None
[2021-06-07 18:55:25,434] {scheduler_job.py:190} INFO - Processing /home/encrypted/abaceti/.virtualenvs/pumpwood-airflow-images/lib/python3.6/site-packages/airflow/example_dags/example_external_task_marker_dag.py took 0.129 seconds
[2021-06-07 18:55:56,387] {scheduler_job.py:182} INFO - Started process (PID=12567) to work on /home/encrypted/abaceti/.virtualenvs/pumpwood-airflow-images/lib/python3.6/site-packages/airflow/example_dags/example_external_task_marker_dag.py
[2021-06-07 18:55:56,389] {scheduler_job.py:633} INFO - Processing file /home/encrypted/abaceti/.virtualenvs/pumpwood-airflow-images/lib/python3.6/site-packages/airflow/example_dags/example_external_task_marker_dag.py for tasks to queue
[2021-06-07 18:55:56,390] {logging_mixin.py:104} INFO - [2021-06-07 18:55:56,390] {dagbag.py:487} INFO - Filling up the DagBag from /home/encrypted/abaceti/.virtualenvs/pumpwood-airflow-images/lib/python3.6/site-packages/airflow/example_dags/example_external_task_marker_dag.py
[2021-06-07 18:55:56,403] {scheduler_job.py:643} INFO - DAG(s) dict_keys(['example_external_task_marker_parent', 'example_external_task_marker_child']) retrieved from /home/encrypted/abaceti/.virtualenvs/pumpwood-airflow-images/lib/python3.6/site-packages/airflow/example_dags/example_external_task_marker_dag.py
[2021-06-07 18:55:56,441] {logging_mixin.py:104} INFO - [2021-06-07 18:55:56,440] {dag.py:1832} INFO - Sync 2 DAGs
[2021-06-07 18:55:56,456] {logging_mixin.py:104} INFO - [2021-06-07 18:55:56,456] {dag.py:2305} INFO - Setting next_dagrun for example_external_task_marker_child to None
[2021-06-07 18:55:56,457] {logging_mixin.py:104} INFO - [2021-06-07 18:55:56,457] {dag.py:2305} INFO - Setting next_dagrun for example_external_task_marker_parent to None
[2021-06-07 18:55:56,463] {scheduler_job.py:190} INFO - Processing /home/encrypted/abaceti/.virtualenvs/pumpwood-airflow-images/lib/python3.6/site-packages/airflow/example_dags/example_external_task_marker_dag.py took 0.078 seconds
[2021-06-07 18:56:26,639] {scheduler_job.py:182} INFO - Started process (PID=12781) to work on /home/encrypted/abaceti/.virtualenvs/pumpwood-airflow-images/lib/python3.6/site-packages/airflow/example_dags/example_external_task_marker_dag.py
[2021-06-07 18:56:26,641] {scheduler_job.py:633} INFO - Processing file /home/encrypted/abaceti/.virtualenvs/pumpwood-airflow-images/lib/python3.6/site-packages/airflow/example_dags/example_external_task_marker_dag.py for tasks to queue
[2021-06-07 18:56:26,642] {logging_mixin.py:104} INFO - [2021-06-07 18:56:26,642] {dagbag.py:487} INFO - Filling up the DagBag from /home/encrypted/abaceti/.virtualenvs/pumpwood-airflow-images/lib/python3.6/site-packages/airflow/example_dags/example_external_task_marker_dag.py
[2021-06-07 18:56:26,663] {scheduler_job.py:643} INFO - DAG(s) dict_keys(['example_external_task_marker_parent', 'example_external_task_marker_child']) retrieved from /home/encrypted/abaceti/.virtualenvs/pumpwood-airflow-images/lib/python3.6/site-packages/airflow/example_dags/example_external_task_marker_dag.py
[2021-06-07 18:56:26,770] {logging_mixin.py:104} INFO - [2021-06-07 18:56:26,769] {dag.py:1832} INFO - Sync 2 DAGs
[2021-06-07 18:56:26,777] {logging_mixin.py:104} INFO - [2021-06-07 18:56:26,777] {dag.py:2305} INFO - Setting next_dagrun for example_external_task_marker_child to None
[2021-06-07 18:56:26,778] {logging_mixin.py:104} INFO - [2021-06-07 18:56:26,778] {dag.py:2305} INFO - Setting next_dagrun for example_external_task_marker_parent to None
[2021-06-07 18:56:26,787] {scheduler_job.py:190} INFO - Processing /home/encrypted/abaceti/.virtualenvs/pumpwood-airflow-images/lib/python3.6/site-packages/airflow/example_dags/example_external_task_marker_dag.py took 0.154 seconds
[2021-06-07 18:56:57,583] {scheduler_job.py:182} INFO - Started process (PID=12968) to work on /home/encrypted/abaceti/.virtualenvs/pumpwood-airflow-images/lib/python3.6/site-packages/airflow/example_dags/example_external_task_marker_dag.py
[2021-06-07 18:56:57,585] {scheduler_job.py:633} INFO - Processing file /home/encrypted/abaceti/.virtualenvs/pumpwood-airflow-images/lib/python3.6/site-packages/airflow/example_dags/example_external_task_marker_dag.py for tasks to queue
[2021-06-07 18:56:57,586] {logging_mixin.py:104} INFO - [2021-06-07 18:56:57,586] {dagbag.py:487} INFO - Filling up the DagBag from /home/encrypted/abaceti/.virtualenvs/pumpwood-airflow-images/lib/python3.6/site-packages/airflow/example_dags/example_external_task_marker_dag.py
[2021-06-07 18:56:57,607] {scheduler_job.py:643} INFO - DAG(s) dict_keys(['example_external_task_marker_parent', 'example_external_task_marker_child']) retrieved from /home/encrypted/abaceti/.virtualenvs/pumpwood-airflow-images/lib/python3.6/site-packages/airflow/example_dags/example_external_task_marker_dag.py
[2021-06-07 18:56:57,726] {logging_mixin.py:104} INFO - [2021-06-07 18:56:57,726] {dag.py:1832} INFO - Sync 2 DAGs
[2021-06-07 18:56:57,734] {logging_mixin.py:104} INFO - [2021-06-07 18:56:57,734] {dag.py:2305} INFO - Setting next_dagrun for example_external_task_marker_child to None
[2021-06-07 18:56:57,734] {logging_mixin.py:104} INFO - [2021-06-07 18:56:57,734] {dag.py:2305} INFO - Setting next_dagrun for example_external_task_marker_parent to None
[2021-06-07 18:56:57,740] {scheduler_job.py:190} INFO - Processing /home/encrypted/abaceti/.virtualenvs/pumpwood-airflow-images/lib/python3.6/site-packages/airflow/example_dags/example_external_task_marker_dag.py took 0.163 seconds
[2021-06-07 18:57:28,614] {scheduler_job.py:182} INFO - Started process (PID=13085) to work on /home/encrypted/abaceti/.virtualenvs/pumpwood-airflow-images/lib/python3.6/site-packages/airflow/example_dags/example_external_task_marker_dag.py
[2021-06-07 18:57:28,615] {scheduler_job.py:633} INFO - Processing file /home/encrypted/abaceti/.virtualenvs/pumpwood-airflow-images/lib/python3.6/site-packages/airflow/example_dags/example_external_task_marker_dag.py for tasks to queue
[2021-06-07 18:57:28,615] {logging_mixin.py:104} INFO - [2021-06-07 18:57:28,615] {dagbag.py:487} INFO - Filling up the DagBag from /home/encrypted/abaceti/.virtualenvs/pumpwood-airflow-images/lib/python3.6/site-packages/airflow/example_dags/example_external_task_marker_dag.py
[2021-06-07 18:57:28,622] {scheduler_job.py:643} INFO - DAG(s) dict_keys(['example_external_task_marker_parent', 'example_external_task_marker_child']) retrieved from /home/encrypted/abaceti/.virtualenvs/pumpwood-airflow-images/lib/python3.6/site-packages/airflow/example_dags/example_external_task_marker_dag.py
[2021-06-07 18:57:28,724] {logging_mixin.py:104} INFO - [2021-06-07 18:57:28,724] {dag.py:1832} INFO - Sync 2 DAGs
[2021-06-07 18:57:28,732] {logging_mixin.py:104} INFO - [2021-06-07 18:57:28,732] {dag.py:2305} INFO - Setting next_dagrun for example_external_task_marker_child to None
[2021-06-07 18:57:28,732] {logging_mixin.py:104} INFO - [2021-06-07 18:57:28,732] {dag.py:2305} INFO - Setting next_dagrun for example_external_task_marker_parent to None
[2021-06-07 18:57:28,741] {scheduler_job.py:190} INFO - Processing /home/encrypted/abaceti/.virtualenvs/pumpwood-airflow-images/lib/python3.6/site-packages/airflow/example_dags/example_external_task_marker_dag.py took 0.128 seconds
[2021-06-07 18:57:58,920] {scheduler_job.py:182} INFO - Started process (PID=13260) to work on /home/encrypted/abaceti/.virtualenvs/pumpwood-airflow-images/lib/python3.6/site-packages/airflow/example_dags/example_external_task_marker_dag.py
[2021-06-07 18:57:58,920] {scheduler_job.py:633} INFO - Processing file /home/encrypted/abaceti/.virtualenvs/pumpwood-airflow-images/lib/python3.6/site-packages/airflow/example_dags/example_external_task_marker_dag.py for tasks to queue
[2021-06-07 18:57:58,920] {logging_mixin.py:104} INFO - [2021-06-07 18:57:58,920] {dagbag.py:487} INFO - Filling up the DagBag from /home/encrypted/abaceti/.virtualenvs/pumpwood-airflow-images/lib/python3.6/site-packages/airflow/example_dags/example_external_task_marker_dag.py
[2021-06-07 18:57:58,926] {scheduler_job.py:643} INFO - DAG(s) dict_keys(['example_external_task_marker_parent', 'example_external_task_marker_child']) retrieved from /home/encrypted/abaceti/.virtualenvs/pumpwood-airflow-images/lib/python3.6/site-packages/airflow/example_dags/example_external_task_marker_dag.py
[2021-06-07 18:57:59,038] {logging_mixin.py:104} INFO - [2021-06-07 18:57:59,038] {dag.py:1832} INFO - Sync 2 DAGs
[2021-06-07 18:57:59,047] {logging_mixin.py:104} INFO - [2021-06-07 18:57:59,046] {dag.py:2305} INFO - Setting next_dagrun for example_external_task_marker_child to None
[2021-06-07 18:57:59,047] {logging_mixin.py:104} INFO - [2021-06-07 18:57:59,047] {dag.py:2305} INFO - Setting next_dagrun for example_external_task_marker_parent to None
[2021-06-07 18:57:59,053] {scheduler_job.py:190} INFO - Processing /home/encrypted/abaceti/.virtualenvs/pumpwood-airflow-images/lib/python3.6/site-packages/airflow/example_dags/example_external_task_marker_dag.py took 0.135 seconds
[2021-06-07 18:58:29,910] {scheduler_job.py:182} INFO - Started process (PID=13374) to work on /home/encrypted/abaceti/.virtualenvs/pumpwood-airflow-images/lib/python3.6/site-packages/airflow/example_dags/example_external_task_marker_dag.py
[2021-06-07 18:58:29,910] {scheduler_job.py:633} INFO - Processing file /home/encrypted/abaceti/.virtualenvs/pumpwood-airflow-images/lib/python3.6/site-packages/airflow/example_dags/example_external_task_marker_dag.py for tasks to queue
[2021-06-07 18:58:29,911] {logging_mixin.py:104} INFO - [2021-06-07 18:58:29,911] {dagbag.py:487} INFO - Filling up the DagBag from /home/encrypted/abaceti/.virtualenvs/pumpwood-airflow-images/lib/python3.6/site-packages/airflow/example_dags/example_external_task_marker_dag.py
[2021-06-07 18:58:29,918] {scheduler_job.py:643} INFO - DAG(s) dict_keys(['example_external_task_marker_parent', 'example_external_task_marker_child']) retrieved from /home/encrypted/abaceti/.virtualenvs/pumpwood-airflow-images/lib/python3.6/site-packages/airflow/example_dags/example_external_task_marker_dag.py
[2021-06-07 18:58:30,027] {logging_mixin.py:104} INFO - [2021-06-07 18:58:30,026] {dag.py:1832} INFO - Sync 2 DAGs
[2021-06-07 18:58:30,034] {logging_mixin.py:104} INFO - [2021-06-07 18:58:30,034] {dag.py:2305} INFO - Setting next_dagrun for example_external_task_marker_child to None
[2021-06-07 18:58:30,035] {logging_mixin.py:104} INFO - [2021-06-07 18:58:30,035] {dag.py:2305} INFO - Setting next_dagrun for example_external_task_marker_parent to None
[2021-06-07 18:58:30,042] {scheduler_job.py:190} INFO - Processing /home/encrypted/abaceti/.virtualenvs/pumpwood-airflow-images/lib/python3.6/site-packages/airflow/example_dags/example_external_task_marker_dag.py took 0.133 seconds
[2021-06-07 18:59:00,197] {scheduler_job.py:182} INFO - Started process (PID=13551) to work on /home/encrypted/abaceti/.virtualenvs/pumpwood-airflow-images/lib/python3.6/site-packages/airflow/example_dags/example_external_task_marker_dag.py
[2021-06-07 18:59:00,197] {scheduler_job.py:633} INFO - Processing file /home/encrypted/abaceti/.virtualenvs/pumpwood-airflow-images/lib/python3.6/site-packages/airflow/example_dags/example_external_task_marker_dag.py for tasks to queue
[2021-06-07 18:59:00,198] {logging_mixin.py:104} INFO - [2021-06-07 18:59:00,198] {dagbag.py:487} INFO - Filling up the DagBag from /home/encrypted/abaceti/.virtualenvs/pumpwood-airflow-images/lib/python3.6/site-packages/airflow/example_dags/example_external_task_marker_dag.py
[2021-06-07 18:59:00,203] {scheduler_job.py:643} INFO - DAG(s) dict_keys(['example_external_task_marker_parent', 'example_external_task_marker_child']) retrieved from /home/encrypted/abaceti/.virtualenvs/pumpwood-airflow-images/lib/python3.6/site-packages/airflow/example_dags/example_external_task_marker_dag.py
[2021-06-07 18:59:00,311] {logging_mixin.py:104} INFO - [2021-06-07 18:59:00,311] {dag.py:1832} INFO - Sync 2 DAGs
[2021-06-07 18:59:00,319] {logging_mixin.py:104} INFO - [2021-06-07 18:59:00,319] {dag.py:2305} INFO - Setting next_dagrun for example_external_task_marker_child to None
[2021-06-07 18:59:00,319] {logging_mixin.py:104} INFO - [2021-06-07 18:59:00,319] {dag.py:2305} INFO - Setting next_dagrun for example_external_task_marker_parent to None
[2021-06-07 18:59:00,326] {scheduler_job.py:190} INFO - Processing /home/encrypted/abaceti/.virtualenvs/pumpwood-airflow-images/lib/python3.6/site-packages/airflow/example_dags/example_external_task_marker_dag.py took 0.131 seconds
[2021-06-07 18:59:30,349] {scheduler_job.py:182} INFO - Started process (PID=13675) to work on /home/encrypted/abaceti/.virtualenvs/pumpwood-airflow-images/lib/python3.6/site-packages/airflow/example_dags/example_external_task_marker_dag.py
[2021-06-07 18:59:30,350] {scheduler_job.py:633} INFO - Processing file /home/encrypted/abaceti/.virtualenvs/pumpwood-airflow-images/lib/python3.6/site-packages/airflow/example_dags/example_external_task_marker_dag.py for tasks to queue
[2021-06-07 18:59:30,350] {logging_mixin.py:104} INFO - [2021-06-07 18:59:30,350] {dagbag.py:487} INFO - Filling up the DagBag from /home/encrypted/abaceti/.virtualenvs/pumpwood-airflow-images/lib/python3.6/site-packages/airflow/example_dags/example_external_task_marker_dag.py
[2021-06-07 18:59:30,355] {scheduler_job.py:643} INFO - DAG(s) dict_keys(['example_external_task_marker_parent', 'example_external_task_marker_child']) retrieved from /home/encrypted/abaceti/.virtualenvs/pumpwood-airflow-images/lib/python3.6/site-packages/airflow/example_dags/example_external_task_marker_dag.py
[2021-06-07 18:59:30,456] {logging_mixin.py:104} INFO - [2021-06-07 18:59:30,456] {dag.py:1832} INFO - Sync 2 DAGs
[2021-06-07 18:59:30,465] {logging_mixin.py:104} INFO - [2021-06-07 18:59:30,464] {dag.py:2305} INFO - Setting next_dagrun for example_external_task_marker_child to None
[2021-06-07 18:59:30,465] {logging_mixin.py:104} INFO - [2021-06-07 18:59:30,465] {dag.py:2305} INFO - Setting next_dagrun for example_external_task_marker_parent to None
[2021-06-07 18:59:30,472] {scheduler_job.py:190} INFO - Processing /home/encrypted/abaceti/.virtualenvs/pumpwood-airflow-images/lib/python3.6/site-packages/airflow/example_dags/example_external_task_marker_dag.py took 0.124 seconds
[2021-06-07 19:00:00,482] {scheduler_job.py:182} INFO - Started process (PID=13834) to work on /home/encrypted/abaceti/.virtualenvs/pumpwood-airflow-images/lib/python3.6/site-packages/airflow/example_dags/example_external_task_marker_dag.py
[2021-06-07 19:00:00,483] {scheduler_job.py:633} INFO - Processing file /home/encrypted/abaceti/.virtualenvs/pumpwood-airflow-images/lib/python3.6/site-packages/airflow/example_dags/example_external_task_marker_dag.py for tasks to queue
[2021-06-07 19:00:00,483] {logging_mixin.py:104} INFO - [2021-06-07 19:00:00,483] {dagbag.py:487} INFO - Filling up the DagBag from /home/encrypted/abaceti/.virtualenvs/pumpwood-airflow-images/lib/python3.6/site-packages/airflow/example_dags/example_external_task_marker_dag.py
[2021-06-07 19:00:00,489] {scheduler_job.py:643} INFO - DAG(s) dict_keys(['example_external_task_marker_parent', 'example_external_task_marker_child']) retrieved from /home/encrypted/abaceti/.virtualenvs/pumpwood-airflow-images/lib/python3.6/site-packages/airflow/example_dags/example_external_task_marker_dag.py
[2021-06-07 19:00:00,596] {logging_mixin.py:104} INFO - [2021-06-07 19:00:00,596] {dag.py:1832} INFO - Sync 2 DAGs
[2021-06-07 19:00:00,604] {logging_mixin.py:104} INFO - [2021-06-07 19:00:00,604] {dag.py:2305} INFO - Setting next_dagrun for example_external_task_marker_child to None
[2021-06-07 19:00:00,604] {logging_mixin.py:104} INFO - [2021-06-07 19:00:00,604] {dag.py:2305} INFO - Setting next_dagrun for example_external_task_marker_parent to None
[2021-06-07 19:00:00,611] {scheduler_job.py:190} INFO - Processing /home/encrypted/abaceti/.virtualenvs/pumpwood-airflow-images/lib/python3.6/site-packages/airflow/example_dags/example_external_task_marker_dag.py took 0.132 seconds
[2021-06-07 19:00:30,630] {scheduler_job.py:182} INFO - Started process (PID=13951) to work on /home/encrypted/abaceti/.virtualenvs/pumpwood-airflow-images/lib/python3.6/site-packages/airflow/example_dags/example_external_task_marker_dag.py
[2021-06-07 19:00:30,631] {scheduler_job.py:633} INFO - Processing file /home/encrypted/abaceti/.virtualenvs/pumpwood-airflow-images/lib/python3.6/site-packages/airflow/example_dags/example_external_task_marker_dag.py for tasks to queue
[2021-06-07 19:00:30,631] {logging_mixin.py:104} INFO - [2021-06-07 19:00:30,631] {dagbag.py:487} INFO - Filling up the DagBag from /home/encrypted/abaceti/.virtualenvs/pumpwood-airflow-images/lib/python3.6/site-packages/airflow/example_dags/example_external_task_marker_dag.py
[2021-06-07 19:00:30,636] {scheduler_job.py:643} INFO - DAG(s) dict_keys(['example_external_task_marker_parent', 'example_external_task_marker_child']) retrieved from /home/encrypted/abaceti/.virtualenvs/pumpwood-airflow-images/lib/python3.6/site-packages/airflow/example_dags/example_external_task_marker_dag.py
[2021-06-07 19:00:30,738] {logging_mixin.py:104} INFO - [2021-06-07 19:00:30,738] {dag.py:1832} INFO - Sync 2 DAGs
[2021-06-07 19:00:30,746] {logging_mixin.py:104} INFO - [2021-06-07 19:00:30,746] {dag.py:2305} INFO - Setting next_dagrun for example_external_task_marker_child to None
[2021-06-07 19:00:30,747] {logging_mixin.py:104} INFO - [2021-06-07 19:00:30,747] {dag.py:2305} INFO - Setting next_dagrun for example_external_task_marker_parent to None
[2021-06-07 19:00:30,752] {scheduler_job.py:190} INFO - Processing /home/encrypted/abaceti/.virtualenvs/pumpwood-airflow-images/lib/python3.6/site-packages/airflow/example_dags/example_external_task_marker_dag.py took 0.123 seconds
[2021-06-07 19:01:00,871] {scheduler_job.py:182} INFO - Started process (PID=14143) to work on /home/encrypted/abaceti/.virtualenvs/pumpwood-airflow-images/lib/python3.6/site-packages/airflow/example_dags/example_external_task_marker_dag.py
[2021-06-07 19:01:00,872] {scheduler_job.py:633} INFO - Processing file /home/encrypted/abaceti/.virtualenvs/pumpwood-airflow-images/lib/python3.6/site-packages/airflow/example_dags/example_external_task_marker_dag.py for tasks to queue
[2021-06-07 19:01:00,872] {logging_mixin.py:104} INFO - [2021-06-07 19:01:00,872] {dagbag.py:487} INFO - Filling up the DagBag from /home/encrypted/abaceti/.virtualenvs/pumpwood-airflow-images/lib/python3.6/site-packages/airflow/example_dags/example_external_task_marker_dag.py
[2021-06-07 19:01:00,878] {scheduler_job.py:643} INFO - DAG(s) dict_keys(['example_external_task_marker_parent', 'example_external_task_marker_child']) retrieved from /home/encrypted/abaceti/.virtualenvs/pumpwood-airflow-images/lib/python3.6/site-packages/airflow/example_dags/example_external_task_marker_dag.py
[2021-06-07 19:01:00,992] {logging_mixin.py:104} INFO - [2021-06-07 19:01:00,992] {dag.py:1832} INFO - Sync 2 DAGs
[2021-06-07 19:01:01,000] {logging_mixin.py:104} INFO - [2021-06-07 19:01:01,000] {dag.py:2305} INFO - Setting next_dagrun for example_external_task_marker_child to None
[2021-06-07 19:01:01,000] {logging_mixin.py:104} INFO - [2021-06-07 19:01:01,000] {dag.py:2305} INFO - Setting next_dagrun for example_external_task_marker_parent to None
[2021-06-07 19:01:01,007] {scheduler_job.py:190} INFO - Processing /home/encrypted/abaceti/.virtualenvs/pumpwood-airflow-images/lib/python3.6/site-packages/airflow/example_dags/example_external_task_marker_dag.py took 0.138 seconds
[2021-06-07 19:01:31,068] {scheduler_job.py:182} INFO - Started process (PID=14261) to work on /home/encrypted/abaceti/.virtualenvs/pumpwood-airflow-images/lib/python3.6/site-packages/airflow/example_dags/example_external_task_marker_dag.py
[2021-06-07 19:01:31,068] {scheduler_job.py:633} INFO - Processing file /home/encrypted/abaceti/.virtualenvs/pumpwood-airflow-images/lib/python3.6/site-packages/airflow/example_dags/example_external_task_marker_dag.py for tasks to queue
[2021-06-07 19:01:31,069] {logging_mixin.py:104} INFO - [2021-06-07 19:01:31,069] {dagbag.py:487} INFO - Filling up the DagBag from /home/encrypted/abaceti/.virtualenvs/pumpwood-airflow-images/lib/python3.6/site-packages/airflow/example_dags/example_external_task_marker_dag.py
[2021-06-07 19:01:31,074] {scheduler_job.py:643} INFO - DAG(s) dict_keys(['example_external_task_marker_parent', 'example_external_task_marker_child']) retrieved from /home/encrypted/abaceti/.virtualenvs/pumpwood-airflow-images/lib/python3.6/site-packages/airflow/example_dags/example_external_task_marker_dag.py
[2021-06-07 19:01:31,185] {logging_mixin.py:104} INFO - [2021-06-07 19:01:31,185] {dag.py:1832} INFO - Sync 2 DAGs
[2021-06-07 19:01:31,194] {logging_mixin.py:104} INFO - [2021-06-07 19:01:31,194] {dag.py:2305} INFO - Setting next_dagrun for example_external_task_marker_child to None
[2021-06-07 19:01:31,194] {logging_mixin.py:104} INFO - [2021-06-07 19:01:31,194] {dag.py:2305} INFO - Setting next_dagrun for example_external_task_marker_parent to None
[2021-06-07 19:01:31,201] {scheduler_job.py:190} INFO - Processing /home/encrypted/abaceti/.virtualenvs/pumpwood-airflow-images/lib/python3.6/site-packages/airflow/example_dags/example_external_task_marker_dag.py took 0.135 seconds
[2021-06-07 19:02:02,181] {scheduler_job.py:182} INFO - Started process (PID=14444) to work on /home/encrypted/abaceti/.virtualenvs/pumpwood-airflow-images/lib/python3.6/site-packages/airflow/example_dags/example_external_task_marker_dag.py
[2021-06-07 19:02:02,181] {scheduler_job.py:633} INFO - Processing file /home/encrypted/abaceti/.virtualenvs/pumpwood-airflow-images/lib/python3.6/site-packages/airflow/example_dags/example_external_task_marker_dag.py for tasks to queue
[2021-06-07 19:02:02,182] {logging_mixin.py:104} INFO - [2021-06-07 19:02:02,181] {dagbag.py:487} INFO - Filling up the DagBag from /home/encrypted/abaceti/.virtualenvs/pumpwood-airflow-images/lib/python3.6/site-packages/airflow/example_dags/example_external_task_marker_dag.py
[2021-06-07 19:02:02,187] {scheduler_job.py:643} INFO - DAG(s) dict_keys(['example_external_task_marker_parent', 'example_external_task_marker_child']) retrieved from /home/encrypted/abaceti/.virtualenvs/pumpwood-airflow-images/lib/python3.6/site-packages/airflow/example_dags/example_external_task_marker_dag.py
[2021-06-07 19:02:02,306] {logging_mixin.py:104} INFO - [2021-06-07 19:02:02,306] {dag.py:1832} INFO - Sync 2 DAGs
[2021-06-07 19:02:02,314] {logging_mixin.py:104} INFO - [2021-06-07 19:02:02,314] {dag.py:2305} INFO - Setting next_dagrun for example_external_task_marker_child to None
[2021-06-07 19:02:02,314] {logging_mixin.py:104} INFO - [2021-06-07 19:02:02,314] {dag.py:2305} INFO - Setting next_dagrun for example_external_task_marker_parent to None
[2021-06-07 19:02:02,321] {scheduler_job.py:190} INFO - Processing /home/encrypted/abaceti/.virtualenvs/pumpwood-airflow-images/lib/python3.6/site-packages/airflow/example_dags/example_external_task_marker_dag.py took 0.142 seconds
[2021-06-07 19:02:33,298] {scheduler_job.py:182} INFO - Started process (PID=14657) to work on /home/encrypted/abaceti/.virtualenvs/pumpwood-airflow-images/lib/python3.6/site-packages/airflow/example_dags/example_external_task_marker_dag.py
[2021-06-07 19:02:33,300] {scheduler_job.py:633} INFO - Processing file /home/encrypted/abaceti/.virtualenvs/pumpwood-airflow-images/lib/python3.6/site-packages/airflow/example_dags/example_external_task_marker_dag.py for tasks to queue
[2021-06-07 19:02:33,301] {logging_mixin.py:104} INFO - [2021-06-07 19:02:33,301] {dagbag.py:487} INFO - Filling up the DagBag from /home/encrypted/abaceti/.virtualenvs/pumpwood-airflow-images/lib/python3.6/site-packages/airflow/example_dags/example_external_task_marker_dag.py
[2021-06-07 19:02:33,311] {scheduler_job.py:643} INFO - DAG(s) dict_keys(['example_external_task_marker_parent', 'example_external_task_marker_child']) retrieved from /home/encrypted/abaceti/.virtualenvs/pumpwood-airflow-images/lib/python3.6/site-packages/airflow/example_dags/example_external_task_marker_dag.py
[2021-06-07 19:02:33,425] {logging_mixin.py:104} INFO - [2021-06-07 19:02:33,425] {dag.py:1832} INFO - Sync 2 DAGs
[2021-06-07 19:02:33,432] {logging_mixin.py:104} INFO - [2021-06-07 19:02:33,432] {dag.py:2305} INFO - Setting next_dagrun for example_external_task_marker_child to None
[2021-06-07 19:02:33,432] {logging_mixin.py:104} INFO - [2021-06-07 19:02:33,432] {dag.py:2305} INFO - Setting next_dagrun for example_external_task_marker_parent to None
[2021-06-07 19:02:33,438] {scheduler_job.py:190} INFO - Processing /home/encrypted/abaceti/.virtualenvs/pumpwood-airflow-images/lib/python3.6/site-packages/airflow/example_dags/example_external_task_marker_dag.py took 0.147 seconds
