[2021-06-07 18:39:19,124] {scheduler_job.py:182} INFO - Started process (PID=5602) to work on /home/encrypted/abaceti/.virtualenvs/pumpwood-airflow-images/lib/python3.6/site-packages/airflow/example_dags/example_latest_only_with_trigger.py
[2021-06-07 18:39:19,124] {scheduler_job.py:633} INFO - Processing file /home/encrypted/abaceti/.virtualenvs/pumpwood-airflow-images/lib/python3.6/site-packages/airflow/example_dags/example_latest_only_with_trigger.py for tasks to queue
[2021-06-07 18:39:19,124] {logging_mixin.py:104} INFO - [2021-06-07 18:39:19,124] {dagbag.py:487} INFO - Filling up the DagBag from /home/encrypted/abaceti/.virtualenvs/pumpwood-airflow-images/lib/python3.6/site-packages/airflow/example_dags/example_latest_only_with_trigger.py
[2021-06-07 18:39:19,131] {scheduler_job.py:643} INFO - DAG(s) dict_keys(['latest_only_with_trigger']) retrieved from /home/encrypted/abaceti/.virtualenvs/pumpwood-airflow-images/lib/python3.6/site-packages/airflow/example_dags/example_latest_only_with_trigger.py
[2021-06-07 18:39:19,147] {logging_mixin.py:104} INFO - [2021-06-07 18:39:19,147] {dag.py:1832} INFO - Sync 1 DAGs
[2021-06-07 18:39:19,157] {logging_mixin.py:104} INFO - [2021-06-07 18:39:19,157] {dag.py:2305} INFO - Setting next_dagrun for latest_only_with_trigger to 2021-06-05 00:00:00+00:00
[2021-06-07 18:39:19,163] {scheduler_job.py:190} INFO - Processing /home/encrypted/abaceti/.virtualenvs/pumpwood-airflow-images/lib/python3.6/site-packages/airflow/example_dags/example_latest_only_with_trigger.py took 0.041 seconds
[2021-06-07 18:39:49,376] {scheduler_job.py:182} INFO - Started process (PID=5769) to work on /home/encrypted/abaceti/.virtualenvs/pumpwood-airflow-images/lib/python3.6/site-packages/airflow/example_dags/example_latest_only_with_trigger.py
[2021-06-07 18:39:49,377] {scheduler_job.py:633} INFO - Processing file /home/encrypted/abaceti/.virtualenvs/pumpwood-airflow-images/lib/python3.6/site-packages/airflow/example_dags/example_latest_only_with_trigger.py for tasks to queue
[2021-06-07 18:39:49,377] {logging_mixin.py:104} INFO - [2021-06-07 18:39:49,377] {dagbag.py:487} INFO - Filling up the DagBag from /home/encrypted/abaceti/.virtualenvs/pumpwood-airflow-images/lib/python3.6/site-packages/airflow/example_dags/example_latest_only_with_trigger.py
[2021-06-07 18:39:49,382] {scheduler_job.py:643} INFO - DAG(s) dict_keys(['latest_only_with_trigger']) retrieved from /home/encrypted/abaceti/.virtualenvs/pumpwood-airflow-images/lib/python3.6/site-packages/airflow/example_dags/example_latest_only_with_trigger.py
[2021-06-07 18:39:49,397] {logging_mixin.py:104} INFO - [2021-06-07 18:39:49,397] {dag.py:1832} INFO - Sync 1 DAGs
[2021-06-07 18:39:49,405] {logging_mixin.py:104} INFO - [2021-06-07 18:39:49,405] {dag.py:2305} INFO - Setting next_dagrun for latest_only_with_trigger to 2021-06-05 00:00:00+00:00
[2021-06-07 18:39:49,411] {scheduler_job.py:190} INFO - Processing /home/encrypted/abaceti/.virtualenvs/pumpwood-airflow-images/lib/python3.6/site-packages/airflow/example_dags/example_latest_only_with_trigger.py took 0.036 seconds
[2021-06-07 18:40:19,572] {scheduler_job.py:182} INFO - Started process (PID=5916) to work on /home/encrypted/abaceti/.virtualenvs/pumpwood-airflow-images/lib/python3.6/site-packages/airflow/example_dags/example_latest_only_with_trigger.py
[2021-06-07 18:40:19,572] {scheduler_job.py:633} INFO - Processing file /home/encrypted/abaceti/.virtualenvs/pumpwood-airflow-images/lib/python3.6/site-packages/airflow/example_dags/example_latest_only_with_trigger.py for tasks to queue
[2021-06-07 18:40:19,572] {logging_mixin.py:104} INFO - [2021-06-07 18:40:19,572] {dagbag.py:487} INFO - Filling up the DagBag from /home/encrypted/abaceti/.virtualenvs/pumpwood-airflow-images/lib/python3.6/site-packages/airflow/example_dags/example_latest_only_with_trigger.py
[2021-06-07 18:40:19,578] {scheduler_job.py:643} INFO - DAG(s) dict_keys(['latest_only_with_trigger']) retrieved from /home/encrypted/abaceti/.virtualenvs/pumpwood-airflow-images/lib/python3.6/site-packages/airflow/example_dags/example_latest_only_with_trigger.py
[2021-06-07 18:40:19,595] {logging_mixin.py:104} INFO - [2021-06-07 18:40:19,595] {dag.py:1832} INFO - Sync 1 DAGs
[2021-06-07 18:40:19,605] {logging_mixin.py:104} INFO - [2021-06-07 18:40:19,605] {dag.py:2305} INFO - Setting next_dagrun for latest_only_with_trigger to 2021-06-05 00:00:00+00:00
[2021-06-07 18:40:19,613] {scheduler_job.py:190} INFO - Processing /home/encrypted/abaceti/.virtualenvs/pumpwood-airflow-images/lib/python3.6/site-packages/airflow/example_dags/example_latest_only_with_trigger.py took 0.043 seconds
[2021-06-07 18:40:49,793] {scheduler_job.py:182} INFO - Started process (PID=6114) to work on /home/encrypted/abaceti/.virtualenvs/pumpwood-airflow-images/lib/python3.6/site-packages/airflow/example_dags/example_latest_only_with_trigger.py
[2021-06-07 18:40:49,793] {scheduler_job.py:633} INFO - Processing file /home/encrypted/abaceti/.virtualenvs/pumpwood-airflow-images/lib/python3.6/site-packages/airflow/example_dags/example_latest_only_with_trigger.py for tasks to queue
[2021-06-07 18:40:49,794] {logging_mixin.py:104} INFO - [2021-06-07 18:40:49,794] {dagbag.py:487} INFO - Filling up the DagBag from /home/encrypted/abaceti/.virtualenvs/pumpwood-airflow-images/lib/python3.6/site-packages/airflow/example_dags/example_latest_only_with_trigger.py
[2021-06-07 18:40:49,799] {scheduler_job.py:643} INFO - DAG(s) dict_keys(['latest_only_with_trigger']) retrieved from /home/encrypted/abaceti/.virtualenvs/pumpwood-airflow-images/lib/python3.6/site-packages/airflow/example_dags/example_latest_only_with_trigger.py
[2021-06-07 18:40:49,813] {logging_mixin.py:104} INFO - [2021-06-07 18:40:49,813] {dag.py:1832} INFO - Sync 1 DAGs
[2021-06-07 18:40:49,821] {logging_mixin.py:104} INFO - [2021-06-07 18:40:49,821] {dag.py:2305} INFO - Setting next_dagrun for latest_only_with_trigger to 2021-06-05 00:00:00+00:00
[2021-06-07 18:40:49,828] {scheduler_job.py:190} INFO - Processing /home/encrypted/abaceti/.virtualenvs/pumpwood-airflow-images/lib/python3.6/site-packages/airflow/example_dags/example_latest_only_with_trigger.py took 0.038 seconds
[2021-06-07 18:41:19,912] {scheduler_job.py:182} INFO - Started process (PID=6224) to work on /home/encrypted/abaceti/.virtualenvs/pumpwood-airflow-images/lib/python3.6/site-packages/airflow/example_dags/example_latest_only_with_trigger.py
[2021-06-07 18:41:19,914] {scheduler_job.py:633} INFO - Processing file /home/encrypted/abaceti/.virtualenvs/pumpwood-airflow-images/lib/python3.6/site-packages/airflow/example_dags/example_latest_only_with_trigger.py for tasks to queue
[2021-06-07 18:41:19,915] {logging_mixin.py:104} INFO - [2021-06-07 18:41:19,915] {dagbag.py:487} INFO - Filling up the DagBag from /home/encrypted/abaceti/.virtualenvs/pumpwood-airflow-images/lib/python3.6/site-packages/airflow/example_dags/example_latest_only_with_trigger.py
[2021-06-07 18:41:19,931] {scheduler_job.py:643} INFO - DAG(s) dict_keys(['latest_only_with_trigger']) retrieved from /home/encrypted/abaceti/.virtualenvs/pumpwood-airflow-images/lib/python3.6/site-packages/airflow/example_dags/example_latest_only_with_trigger.py
[2021-06-07 18:41:19,951] {logging_mixin.py:104} INFO - [2021-06-07 18:41:19,951] {dag.py:1832} INFO - Sync 1 DAGs
[2021-06-07 18:41:19,959] {logging_mixin.py:104} INFO - [2021-06-07 18:41:19,959] {dag.py:2305} INFO - Setting next_dagrun for latest_only_with_trigger to 2021-06-05 00:00:00+00:00
[2021-06-07 18:41:19,969] {scheduler_job.py:190} INFO - Processing /home/encrypted/abaceti/.virtualenvs/pumpwood-airflow-images/lib/python3.6/site-packages/airflow/example_dags/example_latest_only_with_trigger.py took 0.063 seconds
[2021-06-07 18:41:50,176] {scheduler_job.py:182} INFO - Started process (PID=6394) to work on /home/encrypted/abaceti/.virtualenvs/pumpwood-airflow-images/lib/python3.6/site-packages/airflow/example_dags/example_latest_only_with_trigger.py
[2021-06-07 18:41:50,177] {scheduler_job.py:633} INFO - Processing file /home/encrypted/abaceti/.virtualenvs/pumpwood-airflow-images/lib/python3.6/site-packages/airflow/example_dags/example_latest_only_with_trigger.py for tasks to queue
[2021-06-07 18:41:50,177] {logging_mixin.py:104} INFO - [2021-06-07 18:41:50,177] {dagbag.py:487} INFO - Filling up the DagBag from /home/encrypted/abaceti/.virtualenvs/pumpwood-airflow-images/lib/python3.6/site-packages/airflow/example_dags/example_latest_only_with_trigger.py
[2021-06-07 18:41:50,182] {scheduler_job.py:643} INFO - DAG(s) dict_keys(['latest_only_with_trigger']) retrieved from /home/encrypted/abaceti/.virtualenvs/pumpwood-airflow-images/lib/python3.6/site-packages/airflow/example_dags/example_latest_only_with_trigger.py
[2021-06-07 18:41:50,197] {logging_mixin.py:104} INFO - [2021-06-07 18:41:50,196] {dag.py:1832} INFO - Sync 1 DAGs
[2021-06-07 18:41:50,204] {logging_mixin.py:104} INFO - [2021-06-07 18:41:50,204] {dag.py:2305} INFO - Setting next_dagrun for latest_only_with_trigger to 2021-06-05 00:00:00+00:00
[2021-06-07 18:41:50,212] {scheduler_job.py:190} INFO - Processing /home/encrypted/abaceti/.virtualenvs/pumpwood-airflow-images/lib/python3.6/site-packages/airflow/example_dags/example_latest_only_with_trigger.py took 0.038 seconds
[2021-06-07 18:42:20,322] {scheduler_job.py:182} INFO - Started process (PID=6513) to work on /home/encrypted/abaceti/.virtualenvs/pumpwood-airflow-images/lib/python3.6/site-packages/airflow/example_dags/example_latest_only_with_trigger.py
[2021-06-07 18:42:20,323] {scheduler_job.py:633} INFO - Processing file /home/encrypted/abaceti/.virtualenvs/pumpwood-airflow-images/lib/python3.6/site-packages/airflow/example_dags/example_latest_only_with_trigger.py for tasks to queue
[2021-06-07 18:42:20,324] {logging_mixin.py:104} INFO - [2021-06-07 18:42:20,324] {dagbag.py:487} INFO - Filling up the DagBag from /home/encrypted/abaceti/.virtualenvs/pumpwood-airflow-images/lib/python3.6/site-packages/airflow/example_dags/example_latest_only_with_trigger.py
[2021-06-07 18:42:20,330] {scheduler_job.py:643} INFO - DAG(s) dict_keys(['latest_only_with_trigger']) retrieved from /home/encrypted/abaceti/.virtualenvs/pumpwood-airflow-images/lib/python3.6/site-packages/airflow/example_dags/example_latest_only_with_trigger.py
[2021-06-07 18:42:20,344] {logging_mixin.py:104} INFO - [2021-06-07 18:42:20,344] {dag.py:1832} INFO - Sync 1 DAGs
[2021-06-07 18:42:20,353] {logging_mixin.py:104} INFO - [2021-06-07 18:42:20,353] {dag.py:2305} INFO - Setting next_dagrun for latest_only_with_trigger to 2021-06-05 00:00:00+00:00
[2021-06-07 18:42:20,358] {scheduler_job.py:190} INFO - Processing /home/encrypted/abaceti/.virtualenvs/pumpwood-airflow-images/lib/python3.6/site-packages/airflow/example_dags/example_latest_only_with_trigger.py took 0.040 seconds
[2021-06-07 18:42:50,549] {scheduler_job.py:182} INFO - Started process (PID=6689) to work on /home/encrypted/abaceti/.virtualenvs/pumpwood-airflow-images/lib/python3.6/site-packages/airflow/example_dags/example_latest_only_with_trigger.py
[2021-06-07 18:42:50,551] {scheduler_job.py:633} INFO - Processing file /home/encrypted/abaceti/.virtualenvs/pumpwood-airflow-images/lib/python3.6/site-packages/airflow/example_dags/example_latest_only_with_trigger.py for tasks to queue
[2021-06-07 18:42:50,552] {logging_mixin.py:104} INFO - [2021-06-07 18:42:50,552] {dagbag.py:487} INFO - Filling up the DagBag from /home/encrypted/abaceti/.virtualenvs/pumpwood-airflow-images/lib/python3.6/site-packages/airflow/example_dags/example_latest_only_with_trigger.py
[2021-06-07 18:42:50,573] {scheduler_job.py:643} INFO - DAG(s) dict_keys(['latest_only_with_trigger']) retrieved from /home/encrypted/abaceti/.virtualenvs/pumpwood-airflow-images/lib/python3.6/site-packages/airflow/example_dags/example_latest_only_with_trigger.py
[2021-06-07 18:42:50,595] {logging_mixin.py:104} INFO - [2021-06-07 18:42:50,595] {dag.py:1832} INFO - Sync 1 DAGs
[2021-06-07 18:42:50,603] {logging_mixin.py:104} INFO - [2021-06-07 18:42:50,603] {dag.py:2305} INFO - Setting next_dagrun for latest_only_with_trigger to 2021-06-05 00:00:00+00:00
[2021-06-07 18:42:50,610] {scheduler_job.py:190} INFO - Processing /home/encrypted/abaceti/.virtualenvs/pumpwood-airflow-images/lib/python3.6/site-packages/airflow/example_dags/example_latest_only_with_trigger.py took 0.066 seconds
[2021-06-07 18:43:21,576] {scheduler_job.py:182} INFO - Started process (PID=6935) to work on /home/encrypted/abaceti/.virtualenvs/pumpwood-airflow-images/lib/python3.6/site-packages/airflow/example_dags/example_latest_only_with_trigger.py
[2021-06-07 18:43:21,577] {scheduler_job.py:633} INFO - Processing file /home/encrypted/abaceti/.virtualenvs/pumpwood-airflow-images/lib/python3.6/site-packages/airflow/example_dags/example_latest_only_with_trigger.py for tasks to queue
[2021-06-07 18:43:21,579] {logging_mixin.py:104} INFO - [2021-06-07 18:43:21,578] {dagbag.py:487} INFO - Filling up the DagBag from /home/encrypted/abaceti/.virtualenvs/pumpwood-airflow-images/lib/python3.6/site-packages/airflow/example_dags/example_latest_only_with_trigger.py
[2021-06-07 18:43:21,596] {scheduler_job.py:643} INFO - DAG(s) dict_keys(['latest_only_with_trigger']) retrieved from /home/encrypted/abaceti/.virtualenvs/pumpwood-airflow-images/lib/python3.6/site-packages/airflow/example_dags/example_latest_only_with_trigger.py
[2021-06-07 18:43:21,615] {logging_mixin.py:104} INFO - [2021-06-07 18:43:21,615] {dag.py:1832} INFO - Sync 1 DAGs
[2021-06-07 18:43:21,623] {logging_mixin.py:104} INFO - [2021-06-07 18:43:21,623] {dag.py:2305} INFO - Setting next_dagrun for latest_only_with_trigger to 2021-06-05 00:00:00+00:00
[2021-06-07 18:43:21,631] {scheduler_job.py:190} INFO - Processing /home/encrypted/abaceti/.virtualenvs/pumpwood-airflow-images/lib/python3.6/site-packages/airflow/example_dags/example_latest_only_with_trigger.py took 0.062 seconds
[2021-06-07 18:43:51,667] {scheduler_job.py:182} INFO - Started process (PID=7185) to work on /home/encrypted/abaceti/.virtualenvs/pumpwood-airflow-images/lib/python3.6/site-packages/airflow/example_dags/example_latest_only_with_trigger.py
[2021-06-07 18:43:51,668] {scheduler_job.py:633} INFO - Processing file /home/encrypted/abaceti/.virtualenvs/pumpwood-airflow-images/lib/python3.6/site-packages/airflow/example_dags/example_latest_only_with_trigger.py for tasks to queue
[2021-06-07 18:43:51,670] {logging_mixin.py:104} INFO - [2021-06-07 18:43:51,669] {dagbag.py:487} INFO - Filling up the DagBag from /home/encrypted/abaceti/.virtualenvs/pumpwood-airflow-images/lib/python3.6/site-packages/airflow/example_dags/example_latest_only_with_trigger.py
[2021-06-07 18:43:51,683] {scheduler_job.py:643} INFO - DAG(s) dict_keys(['latest_only_with_trigger']) retrieved from /home/encrypted/abaceti/.virtualenvs/pumpwood-airflow-images/lib/python3.6/site-packages/airflow/example_dags/example_latest_only_with_trigger.py
[2021-06-07 18:43:51,700] {logging_mixin.py:104} INFO - [2021-06-07 18:43:51,699] {dag.py:1832} INFO - Sync 1 DAGs
[2021-06-07 18:43:51,707] {logging_mixin.py:104} INFO - [2021-06-07 18:43:51,707] {dag.py:2305} INFO - Setting next_dagrun for latest_only_with_trigger to 2021-06-05 00:00:00+00:00
[2021-06-07 18:43:51,712] {scheduler_job.py:190} INFO - Processing /home/encrypted/abaceti/.virtualenvs/pumpwood-airflow-images/lib/python3.6/site-packages/airflow/example_dags/example_latest_only_with_trigger.py took 0.052 seconds
[2021-06-07 18:44:21,810] {scheduler_job.py:182} INFO - Started process (PID=7313) to work on /home/encrypted/abaceti/.virtualenvs/pumpwood-airflow-images/lib/python3.6/site-packages/airflow/example_dags/example_latest_only_with_trigger.py
[2021-06-07 18:44:21,811] {scheduler_job.py:633} INFO - Processing file /home/encrypted/abaceti/.virtualenvs/pumpwood-airflow-images/lib/python3.6/site-packages/airflow/example_dags/example_latest_only_with_trigger.py for tasks to queue
[2021-06-07 18:44:21,811] {logging_mixin.py:104} INFO - [2021-06-07 18:44:21,811] {dagbag.py:487} INFO - Filling up the DagBag from /home/encrypted/abaceti/.virtualenvs/pumpwood-airflow-images/lib/python3.6/site-packages/airflow/example_dags/example_latest_only_with_trigger.py
[2021-06-07 18:44:21,817] {scheduler_job.py:643} INFO - DAG(s) dict_keys(['latest_only_with_trigger']) retrieved from /home/encrypted/abaceti/.virtualenvs/pumpwood-airflow-images/lib/python3.6/site-packages/airflow/example_dags/example_latest_only_with_trigger.py
[2021-06-07 18:44:21,831] {logging_mixin.py:104} INFO - [2021-06-07 18:44:21,831] {dag.py:1832} INFO - Sync 1 DAGs
[2021-06-07 18:44:21,839] {logging_mixin.py:104} INFO - [2021-06-07 18:44:21,839] {dag.py:2305} INFO - Setting next_dagrun for latest_only_with_trigger to 2021-06-05 00:00:00+00:00
[2021-06-07 18:44:21,846] {scheduler_job.py:190} INFO - Processing /home/encrypted/abaceti/.virtualenvs/pumpwood-airflow-images/lib/python3.6/site-packages/airflow/example_dags/example_latest_only_with_trigger.py took 0.037 seconds
[2021-06-07 18:44:51,949] {scheduler_job.py:182} INFO - Started process (PID=7474) to work on /home/encrypted/abaceti/.virtualenvs/pumpwood-airflow-images/lib/python3.6/site-packages/airflow/example_dags/example_latest_only_with_trigger.py
[2021-06-07 18:44:51,949] {scheduler_job.py:633} INFO - Processing file /home/encrypted/abaceti/.virtualenvs/pumpwood-airflow-images/lib/python3.6/site-packages/airflow/example_dags/example_latest_only_with_trigger.py for tasks to queue
[2021-06-07 18:44:51,949] {logging_mixin.py:104} INFO - [2021-06-07 18:44:51,949] {dagbag.py:487} INFO - Filling up the DagBag from /home/encrypted/abaceti/.virtualenvs/pumpwood-airflow-images/lib/python3.6/site-packages/airflow/example_dags/example_latest_only_with_trigger.py
[2021-06-07 18:44:51,955] {scheduler_job.py:643} INFO - DAG(s) dict_keys(['latest_only_with_trigger']) retrieved from /home/encrypted/abaceti/.virtualenvs/pumpwood-airflow-images/lib/python3.6/site-packages/airflow/example_dags/example_latest_only_with_trigger.py
[2021-06-07 18:44:51,971] {logging_mixin.py:104} INFO - [2021-06-07 18:44:51,971] {dag.py:1832} INFO - Sync 1 DAGs
[2021-06-07 18:44:51,980] {logging_mixin.py:104} INFO - [2021-06-07 18:44:51,979] {dag.py:2305} INFO - Setting next_dagrun for latest_only_with_trigger to 2021-06-05 00:00:00+00:00
[2021-06-07 18:44:51,987] {scheduler_job.py:190} INFO - Processing /home/encrypted/abaceti/.virtualenvs/pumpwood-airflow-images/lib/python3.6/site-packages/airflow/example_dags/example_latest_only_with_trigger.py took 0.040 seconds
[2021-06-07 18:45:22,891] {scheduler_job.py:182} INFO - Started process (PID=7603) to work on /home/encrypted/abaceti/.virtualenvs/pumpwood-airflow-images/lib/python3.6/site-packages/airflow/example_dags/example_latest_only_with_trigger.py
[2021-06-07 18:45:22,891] {scheduler_job.py:633} INFO - Processing file /home/encrypted/abaceti/.virtualenvs/pumpwood-airflow-images/lib/python3.6/site-packages/airflow/example_dags/example_latest_only_with_trigger.py for tasks to queue
[2021-06-07 18:45:22,891] {logging_mixin.py:104} INFO - [2021-06-07 18:45:22,891] {dagbag.py:487} INFO - Filling up the DagBag from /home/encrypted/abaceti/.virtualenvs/pumpwood-airflow-images/lib/python3.6/site-packages/airflow/example_dags/example_latest_only_with_trigger.py
[2021-06-07 18:45:22,897] {scheduler_job.py:643} INFO - DAG(s) dict_keys(['latest_only_with_trigger']) retrieved from /home/encrypted/abaceti/.virtualenvs/pumpwood-airflow-images/lib/python3.6/site-packages/airflow/example_dags/example_latest_only_with_trigger.py
[2021-06-07 18:45:22,911] {logging_mixin.py:104} INFO - [2021-06-07 18:45:22,911] {dag.py:1832} INFO - Sync 1 DAGs
[2021-06-07 18:45:22,920] {logging_mixin.py:104} INFO - [2021-06-07 18:45:22,920] {dag.py:2305} INFO - Setting next_dagrun for latest_only_with_trigger to 2021-06-05 00:00:00+00:00
[2021-06-07 18:45:22,925] {scheduler_job.py:190} INFO - Processing /home/encrypted/abaceti/.virtualenvs/pumpwood-airflow-images/lib/python3.6/site-packages/airflow/example_dags/example_latest_only_with_trigger.py took 0.036 seconds
[2021-06-07 18:45:52,998] {scheduler_job.py:182} INFO - Started process (PID=7771) to work on /home/encrypted/abaceti/.virtualenvs/pumpwood-airflow-images/lib/python3.6/site-packages/airflow/example_dags/example_latest_only_with_trigger.py
[2021-06-07 18:45:52,998] {scheduler_job.py:633} INFO - Processing file /home/encrypted/abaceti/.virtualenvs/pumpwood-airflow-images/lib/python3.6/site-packages/airflow/example_dags/example_latest_only_with_trigger.py for tasks to queue
[2021-06-07 18:45:52,998] {logging_mixin.py:104} INFO - [2021-06-07 18:45:52,998] {dagbag.py:487} INFO - Filling up the DagBag from /home/encrypted/abaceti/.virtualenvs/pumpwood-airflow-images/lib/python3.6/site-packages/airflow/example_dags/example_latest_only_with_trigger.py
[2021-06-07 18:45:53,004] {scheduler_job.py:643} INFO - DAG(s) dict_keys(['latest_only_with_trigger']) retrieved from /home/encrypted/abaceti/.virtualenvs/pumpwood-airflow-images/lib/python3.6/site-packages/airflow/example_dags/example_latest_only_with_trigger.py
[2021-06-07 18:45:53,019] {logging_mixin.py:104} INFO - [2021-06-07 18:45:53,018] {dag.py:1832} INFO - Sync 1 DAGs
[2021-06-07 18:45:53,027] {logging_mixin.py:104} INFO - [2021-06-07 18:45:53,027] {dag.py:2305} INFO - Setting next_dagrun for latest_only_with_trigger to 2021-06-05 00:00:00+00:00
[2021-06-07 18:45:53,033] {scheduler_job.py:190} INFO - Processing /home/encrypted/abaceti/.virtualenvs/pumpwood-airflow-images/lib/python3.6/site-packages/airflow/example_dags/example_latest_only_with_trigger.py took 0.037 seconds
[2021-06-07 18:46:23,129] {scheduler_job.py:182} INFO - Started process (PID=7890) to work on /home/encrypted/abaceti/.virtualenvs/pumpwood-airflow-images/lib/python3.6/site-packages/airflow/example_dags/example_latest_only_with_trigger.py
[2021-06-07 18:46:23,132] {scheduler_job.py:633} INFO - Processing file /home/encrypted/abaceti/.virtualenvs/pumpwood-airflow-images/lib/python3.6/site-packages/airflow/example_dags/example_latest_only_with_trigger.py for tasks to queue
[2021-06-07 18:46:23,134] {logging_mixin.py:104} INFO - [2021-06-07 18:46:23,133] {dagbag.py:487} INFO - Filling up the DagBag from /home/encrypted/abaceti/.virtualenvs/pumpwood-airflow-images/lib/python3.6/site-packages/airflow/example_dags/example_latest_only_with_trigger.py
[2021-06-07 18:46:23,150] {scheduler_job.py:643} INFO - DAG(s) dict_keys(['latest_only_with_trigger']) retrieved from /home/encrypted/abaceti/.virtualenvs/pumpwood-airflow-images/lib/python3.6/site-packages/airflow/example_dags/example_latest_only_with_trigger.py
[2021-06-07 18:46:23,170] {logging_mixin.py:104} INFO - [2021-06-07 18:46:23,170] {dag.py:1832} INFO - Sync 1 DAGs
[2021-06-07 18:46:23,178] {logging_mixin.py:104} INFO - [2021-06-07 18:46:23,178] {dag.py:2305} INFO - Setting next_dagrun for latest_only_with_trigger to 2021-06-05 00:00:00+00:00
[2021-06-07 18:46:23,187] {scheduler_job.py:190} INFO - Processing /home/encrypted/abaceti/.virtualenvs/pumpwood-airflow-images/lib/python3.6/site-packages/airflow/example_dags/example_latest_only_with_trigger.py took 0.064 seconds
[2021-06-07 18:46:53,307] {scheduler_job.py:182} INFO - Started process (PID=8078) to work on /home/encrypted/abaceti/.virtualenvs/pumpwood-airflow-images/lib/python3.6/site-packages/airflow/example_dags/example_latest_only_with_trigger.py
[2021-06-07 18:46:53,309] {scheduler_job.py:633} INFO - Processing file /home/encrypted/abaceti/.virtualenvs/pumpwood-airflow-images/lib/python3.6/site-packages/airflow/example_dags/example_latest_only_with_trigger.py for tasks to queue
[2021-06-07 18:46:53,310] {logging_mixin.py:104} INFO - [2021-06-07 18:46:53,309] {dagbag.py:487} INFO - Filling up the DagBag from /home/encrypted/abaceti/.virtualenvs/pumpwood-airflow-images/lib/python3.6/site-packages/airflow/example_dags/example_latest_only_with_trigger.py
[2021-06-07 18:46:53,322] {scheduler_job.py:643} INFO - DAG(s) dict_keys(['latest_only_with_trigger']) retrieved from /home/encrypted/abaceti/.virtualenvs/pumpwood-airflow-images/lib/python3.6/site-packages/airflow/example_dags/example_latest_only_with_trigger.py
[2021-06-07 18:46:53,338] {logging_mixin.py:104} INFO - [2021-06-07 18:46:53,338] {dag.py:1832} INFO - Sync 1 DAGs
[2021-06-07 18:46:53,346] {logging_mixin.py:104} INFO - [2021-06-07 18:46:53,346] {dag.py:2305} INFO - Setting next_dagrun for latest_only_with_trigger to 2021-06-05 00:00:00+00:00
[2021-06-07 18:46:53,351] {scheduler_job.py:190} INFO - Processing /home/encrypted/abaceti/.virtualenvs/pumpwood-airflow-images/lib/python3.6/site-packages/airflow/example_dags/example_latest_only_with_trigger.py took 0.049 seconds
[2021-06-07 18:47:23,470] {scheduler_job.py:182} INFO - Started process (PID=8213) to work on /home/encrypted/abaceti/.virtualenvs/pumpwood-airflow-images/lib/python3.6/site-packages/airflow/example_dags/example_latest_only_with_trigger.py
[2021-06-07 18:47:23,471] {scheduler_job.py:633} INFO - Processing file /home/encrypted/abaceti/.virtualenvs/pumpwood-airflow-images/lib/python3.6/site-packages/airflow/example_dags/example_latest_only_with_trigger.py for tasks to queue
[2021-06-07 18:47:23,471] {logging_mixin.py:104} INFO - [2021-06-07 18:47:23,471] {dagbag.py:487} INFO - Filling up the DagBag from /home/encrypted/abaceti/.virtualenvs/pumpwood-airflow-images/lib/python3.6/site-packages/airflow/example_dags/example_latest_only_with_trigger.py
[2021-06-07 18:47:23,478] {scheduler_job.py:643} INFO - DAG(s) dict_keys(['latest_only_with_trigger']) retrieved from /home/encrypted/abaceti/.virtualenvs/pumpwood-airflow-images/lib/python3.6/site-packages/airflow/example_dags/example_latest_only_with_trigger.py
[2021-06-07 18:47:23,493] {logging_mixin.py:104} INFO - [2021-06-07 18:47:23,493] {dag.py:1832} INFO - Sync 1 DAGs
[2021-06-07 18:47:23,502] {logging_mixin.py:104} INFO - [2021-06-07 18:47:23,502] {dag.py:2305} INFO - Setting next_dagrun for latest_only_with_trigger to 2021-06-05 00:00:00+00:00
[2021-06-07 18:47:23,508] {scheduler_job.py:190} INFO - Processing /home/encrypted/abaceti/.virtualenvs/pumpwood-airflow-images/lib/python3.6/site-packages/airflow/example_dags/example_latest_only_with_trigger.py took 0.039 seconds
[2021-06-07 18:47:53,597] {scheduler_job.py:182} INFO - Started process (PID=8433) to work on /home/encrypted/abaceti/.virtualenvs/pumpwood-airflow-images/lib/python3.6/site-packages/airflow/example_dags/example_latest_only_with_trigger.py
[2021-06-07 18:47:53,599] {scheduler_job.py:633} INFO - Processing file /home/encrypted/abaceti/.virtualenvs/pumpwood-airflow-images/lib/python3.6/site-packages/airflow/example_dags/example_latest_only_with_trigger.py for tasks to queue
[2021-06-07 18:47:53,600] {logging_mixin.py:104} INFO - [2021-06-07 18:47:53,600] {dagbag.py:487} INFO - Filling up the DagBag from /home/encrypted/abaceti/.virtualenvs/pumpwood-airflow-images/lib/python3.6/site-packages/airflow/example_dags/example_latest_only_with_trigger.py
[2021-06-07 18:47:53,621] {scheduler_job.py:643} INFO - DAG(s) dict_keys(['latest_only_with_trigger']) retrieved from /home/encrypted/abaceti/.virtualenvs/pumpwood-airflow-images/lib/python3.6/site-packages/airflow/example_dags/example_latest_only_with_trigger.py
[2021-06-07 18:47:53,641] {logging_mixin.py:104} INFO - [2021-06-07 18:47:53,641] {dag.py:1832} INFO - Sync 1 DAGs
[2021-06-07 18:47:53,649] {logging_mixin.py:104} INFO - [2021-06-07 18:47:53,649] {dag.py:2305} INFO - Setting next_dagrun for latest_only_with_trigger to 2021-06-05 00:00:00+00:00
[2021-06-07 18:47:53,657] {scheduler_job.py:190} INFO - Processing /home/encrypted/abaceti/.virtualenvs/pumpwood-airflow-images/lib/python3.6/site-packages/airflow/example_dags/example_latest_only_with_trigger.py took 0.066 seconds
[2021-06-07 18:48:23,788] {scheduler_job.py:182} INFO - Started process (PID=8648) to work on /home/encrypted/abaceti/.virtualenvs/pumpwood-airflow-images/lib/python3.6/site-packages/airflow/example_dags/example_latest_only_with_trigger.py
[2021-06-07 18:48:23,789] {scheduler_job.py:633} INFO - Processing file /home/encrypted/abaceti/.virtualenvs/pumpwood-airflow-images/lib/python3.6/site-packages/airflow/example_dags/example_latest_only_with_trigger.py for tasks to queue
[2021-06-07 18:48:23,789] {logging_mixin.py:104} INFO - [2021-06-07 18:48:23,789] {dagbag.py:487} INFO - Filling up the DagBag from /home/encrypted/abaceti/.virtualenvs/pumpwood-airflow-images/lib/python3.6/site-packages/airflow/example_dags/example_latest_only_with_trigger.py
[2021-06-07 18:48:23,798] {scheduler_job.py:643} INFO - DAG(s) dict_keys(['latest_only_with_trigger']) retrieved from /home/encrypted/abaceti/.virtualenvs/pumpwood-airflow-images/lib/python3.6/site-packages/airflow/example_dags/example_latest_only_with_trigger.py
[2021-06-07 18:48:23,817] {logging_mixin.py:104} INFO - [2021-06-07 18:48:23,817] {dag.py:1832} INFO - Sync 1 DAGs
[2021-06-07 18:48:23,828] {logging_mixin.py:104} INFO - [2021-06-07 18:48:23,828] {dag.py:2305} INFO - Setting next_dagrun for latest_only_with_trigger to 2021-06-05 00:00:00+00:00
[2021-06-07 18:48:23,835] {scheduler_job.py:190} INFO - Processing /home/encrypted/abaceti/.virtualenvs/pumpwood-airflow-images/lib/python3.6/site-packages/airflow/example_dags/example_latest_only_with_trigger.py took 0.050 seconds
[2021-06-07 18:48:49,148] {scheduler_job.py:182} INFO - Started process (PID=8840) to work on /home/encrypted/abaceti/.virtualenvs/pumpwood-airflow-images/lib/python3.6/site-packages/airflow/example_dags/example_latest_only_with_trigger.py
[2021-06-07 18:48:49,149] {scheduler_job.py:633} INFO - Processing file /home/encrypted/abaceti/.virtualenvs/pumpwood-airflow-images/lib/python3.6/site-packages/airflow/example_dags/example_latest_only_with_trigger.py for tasks to queue
[2021-06-07 18:48:49,149] {logging_mixin.py:104} INFO - [2021-06-07 18:48:49,149] {dagbag.py:487} INFO - Filling up the DagBag from /home/encrypted/abaceti/.virtualenvs/pumpwood-airflow-images/lib/python3.6/site-packages/airflow/example_dags/example_latest_only_with_trigger.py
[2021-06-07 18:48:49,155] {scheduler_job.py:643} INFO - DAG(s) dict_keys(['latest_only_with_trigger']) retrieved from /home/encrypted/abaceti/.virtualenvs/pumpwood-airflow-images/lib/python3.6/site-packages/airflow/example_dags/example_latest_only_with_trigger.py
[2021-06-07 18:48:49,172] {logging_mixin.py:104} INFO - [2021-06-07 18:48:49,171] {dag.py:1832} INFO - Sync 1 DAGs
[2021-06-07 18:48:49,180] {logging_mixin.py:104} INFO - [2021-06-07 18:48:49,180] {dag.py:2305} INFO - Setting next_dagrun for latest_only_with_trigger to 2021-06-05 00:00:00+00:00
[2021-06-07 18:48:49,185] {scheduler_job.py:190} INFO - Processing /home/encrypted/abaceti/.virtualenvs/pumpwood-airflow-images/lib/python3.6/site-packages/airflow/example_dags/example_latest_only_with_trigger.py took 0.038 seconds
[2021-06-07 18:49:20,041] {scheduler_job.py:182} INFO - Started process (PID=8962) to work on /home/encrypted/abaceti/.virtualenvs/pumpwood-airflow-images/lib/python3.6/site-packages/airflow/example_dags/example_latest_only_with_trigger.py
[2021-06-07 18:49:20,043] {scheduler_job.py:633} INFO - Processing file /home/encrypted/abaceti/.virtualenvs/pumpwood-airflow-images/lib/python3.6/site-packages/airflow/example_dags/example_latest_only_with_trigger.py for tasks to queue
[2021-06-07 18:49:20,044] {logging_mixin.py:104} INFO - [2021-06-07 18:49:20,044] {dagbag.py:487} INFO - Filling up the DagBag from /home/encrypted/abaceti/.virtualenvs/pumpwood-airflow-images/lib/python3.6/site-packages/airflow/example_dags/example_latest_only_with_trigger.py
[2021-06-07 18:49:20,063] {scheduler_job.py:643} INFO - DAG(s) dict_keys(['latest_only_with_trigger']) retrieved from /home/encrypted/abaceti/.virtualenvs/pumpwood-airflow-images/lib/python3.6/site-packages/airflow/example_dags/example_latest_only_with_trigger.py
[2021-06-07 18:49:20,077] {logging_mixin.py:104} INFO - [2021-06-07 18:49:20,077] {dag.py:1832} INFO - Sync 1 DAGs
[2021-06-07 18:49:20,085] {logging_mixin.py:104} INFO - [2021-06-07 18:49:20,085] {dag.py:2305} INFO - Setting next_dagrun for latest_only_with_trigger to 2021-06-05 00:00:00+00:00
[2021-06-07 18:49:20,092] {scheduler_job.py:190} INFO - Processing /home/encrypted/abaceti/.virtualenvs/pumpwood-airflow-images/lib/python3.6/site-packages/airflow/example_dags/example_latest_only_with_trigger.py took 0.057 seconds
[2021-06-07 18:49:50,122] {scheduler_job.py:182} INFO - Started process (PID=9136) to work on /home/encrypted/abaceti/.virtualenvs/pumpwood-airflow-images/lib/python3.6/site-packages/airflow/example_dags/example_latest_only_with_trigger.py
[2021-06-07 18:49:50,122] {scheduler_job.py:633} INFO - Processing file /home/encrypted/abaceti/.virtualenvs/pumpwood-airflow-images/lib/python3.6/site-packages/airflow/example_dags/example_latest_only_with_trigger.py for tasks to queue
[2021-06-07 18:49:50,122] {logging_mixin.py:104} INFO - [2021-06-07 18:49:50,122] {dagbag.py:487} INFO - Filling up the DagBag from /home/encrypted/abaceti/.virtualenvs/pumpwood-airflow-images/lib/python3.6/site-packages/airflow/example_dags/example_latest_only_with_trigger.py
[2021-06-07 18:49:50,128] {scheduler_job.py:643} INFO - DAG(s) dict_keys(['latest_only_with_trigger']) retrieved from /home/encrypted/abaceti/.virtualenvs/pumpwood-airflow-images/lib/python3.6/site-packages/airflow/example_dags/example_latest_only_with_trigger.py
[2021-06-07 18:49:50,142] {logging_mixin.py:104} INFO - [2021-06-07 18:49:50,142] {dag.py:1832} INFO - Sync 1 DAGs
[2021-06-07 18:49:50,150] {logging_mixin.py:104} INFO - [2021-06-07 18:49:50,150] {dag.py:2305} INFO - Setting next_dagrun for latest_only_with_trigger to 2021-06-05 00:00:00+00:00
[2021-06-07 18:49:50,158] {scheduler_job.py:190} INFO - Processing /home/encrypted/abaceti/.virtualenvs/pumpwood-airflow-images/lib/python3.6/site-packages/airflow/example_dags/example_latest_only_with_trigger.py took 0.038 seconds
[2021-06-07 18:50:20,546] {scheduler_job.py:182} INFO - Started process (PID=9378) to work on /home/encrypted/abaceti/.virtualenvs/pumpwood-airflow-images/lib/python3.6/site-packages/airflow/example_dags/example_latest_only_with_trigger.py
[2021-06-07 18:50:20,547] {scheduler_job.py:633} INFO - Processing file /home/encrypted/abaceti/.virtualenvs/pumpwood-airflow-images/lib/python3.6/site-packages/airflow/example_dags/example_latest_only_with_trigger.py for tasks to queue
[2021-06-07 18:50:20,547] {logging_mixin.py:104} INFO - [2021-06-07 18:50:20,547] {dagbag.py:487} INFO - Filling up the DagBag from /home/encrypted/abaceti/.virtualenvs/pumpwood-airflow-images/lib/python3.6/site-packages/airflow/example_dags/example_latest_only_with_trigger.py
[2021-06-07 18:50:20,553] {scheduler_job.py:643} INFO - DAG(s) dict_keys(['latest_only_with_trigger']) retrieved from /home/encrypted/abaceti/.virtualenvs/pumpwood-airflow-images/lib/python3.6/site-packages/airflow/example_dags/example_latest_only_with_trigger.py
[2021-06-07 18:50:20,568] {logging_mixin.py:104} INFO - [2021-06-07 18:50:20,568] {dag.py:1832} INFO - Sync 1 DAGs
[2021-06-07 18:50:20,576] {logging_mixin.py:104} INFO - [2021-06-07 18:50:20,576] {dag.py:2305} INFO - Setting next_dagrun for latest_only_with_trigger to 2021-06-05 00:00:00+00:00
[2021-06-07 18:50:20,583] {scheduler_job.py:190} INFO - Processing /home/encrypted/abaceti/.virtualenvs/pumpwood-airflow-images/lib/python3.6/site-packages/airflow/example_dags/example_latest_only_with_trigger.py took 0.038 seconds
[2021-06-07 18:50:50,663] {scheduler_job.py:182} INFO - Started process (PID=9535) to work on /home/encrypted/abaceti/.virtualenvs/pumpwood-airflow-images/lib/python3.6/site-packages/airflow/example_dags/example_latest_only_with_trigger.py
[2021-06-07 18:50:50,663] {scheduler_job.py:633} INFO - Processing file /home/encrypted/abaceti/.virtualenvs/pumpwood-airflow-images/lib/python3.6/site-packages/airflow/example_dags/example_latest_only_with_trigger.py for tasks to queue
[2021-06-07 18:50:50,664] {logging_mixin.py:104} INFO - [2021-06-07 18:50:50,664] {dagbag.py:487} INFO - Filling up the DagBag from /home/encrypted/abaceti/.virtualenvs/pumpwood-airflow-images/lib/python3.6/site-packages/airflow/example_dags/example_latest_only_with_trigger.py
[2021-06-07 18:50:50,670] {scheduler_job.py:643} INFO - DAG(s) dict_keys(['latest_only_with_trigger']) retrieved from /home/encrypted/abaceti/.virtualenvs/pumpwood-airflow-images/lib/python3.6/site-packages/airflow/example_dags/example_latest_only_with_trigger.py
[2021-06-07 18:50:50,686] {logging_mixin.py:104} INFO - [2021-06-07 18:50:50,686] {dag.py:1832} INFO - Sync 1 DAGs
[2021-06-07 18:50:50,695] {logging_mixin.py:104} INFO - [2021-06-07 18:50:50,694] {dag.py:2305} INFO - Setting next_dagrun for latest_only_with_trigger to 2021-06-05 00:00:00+00:00
[2021-06-07 18:50:50,703] {scheduler_job.py:190} INFO - Processing /home/encrypted/abaceti/.virtualenvs/pumpwood-airflow-images/lib/python3.6/site-packages/airflow/example_dags/example_latest_only_with_trigger.py took 0.042 seconds
[2021-06-07 18:51:20,930] {scheduler_job.py:182} INFO - Started process (PID=9651) to work on /home/encrypted/abaceti/.virtualenvs/pumpwood-airflow-images/lib/python3.6/site-packages/airflow/example_dags/example_latest_only_with_trigger.py
[2021-06-07 18:51:20,933] {scheduler_job.py:633} INFO - Processing file /home/encrypted/abaceti/.virtualenvs/pumpwood-airflow-images/lib/python3.6/site-packages/airflow/example_dags/example_latest_only_with_trigger.py for tasks to queue
[2021-06-07 18:51:20,934] {logging_mixin.py:104} INFO - [2021-06-07 18:51:20,934] {dagbag.py:487} INFO - Filling up the DagBag from /home/encrypted/abaceti/.virtualenvs/pumpwood-airflow-images/lib/python3.6/site-packages/airflow/example_dags/example_latest_only_with_trigger.py
[2021-06-07 18:51:20,948] {scheduler_job.py:643} INFO - DAG(s) dict_keys(['latest_only_with_trigger']) retrieved from /home/encrypted/abaceti/.virtualenvs/pumpwood-airflow-images/lib/python3.6/site-packages/airflow/example_dags/example_latest_only_with_trigger.py
[2021-06-07 18:51:20,968] {logging_mixin.py:104} INFO - [2021-06-07 18:51:20,968] {dag.py:1832} INFO - Sync 1 DAGs
[2021-06-07 18:51:20,976] {logging_mixin.py:104} INFO - [2021-06-07 18:51:20,976] {dag.py:2305} INFO - Setting next_dagrun for latest_only_with_trigger to 2021-06-05 00:00:00+00:00
[2021-06-07 18:51:20,984] {scheduler_job.py:190} INFO - Processing /home/encrypted/abaceti/.virtualenvs/pumpwood-airflow-images/lib/python3.6/site-packages/airflow/example_dags/example_latest_only_with_trigger.py took 0.060 seconds
[2021-06-07 18:51:50,998] {scheduler_job.py:182} INFO - Started process (PID=9816) to work on /home/encrypted/abaceti/.virtualenvs/pumpwood-airflow-images/lib/python3.6/site-packages/airflow/example_dags/example_latest_only_with_trigger.py
[2021-06-07 18:51:50,999] {scheduler_job.py:633} INFO - Processing file /home/encrypted/abaceti/.virtualenvs/pumpwood-airflow-images/lib/python3.6/site-packages/airflow/example_dags/example_latest_only_with_trigger.py for tasks to queue
[2021-06-07 18:51:50,999] {logging_mixin.py:104} INFO - [2021-06-07 18:51:50,999] {dagbag.py:487} INFO - Filling up the DagBag from /home/encrypted/abaceti/.virtualenvs/pumpwood-airflow-images/lib/python3.6/site-packages/airflow/example_dags/example_latest_only_with_trigger.py
[2021-06-07 18:51:51,005] {scheduler_job.py:643} INFO - DAG(s) dict_keys(['latest_only_with_trigger']) retrieved from /home/encrypted/abaceti/.virtualenvs/pumpwood-airflow-images/lib/python3.6/site-packages/airflow/example_dags/example_latest_only_with_trigger.py
[2021-06-07 18:51:51,020] {logging_mixin.py:104} INFO - [2021-06-07 18:51:51,020] {dag.py:1832} INFO - Sync 1 DAGs
[2021-06-07 18:51:51,029] {logging_mixin.py:104} INFO - [2021-06-07 18:51:51,029] {dag.py:2305} INFO - Setting next_dagrun for latest_only_with_trigger to 2021-06-05 00:00:00+00:00
[2021-06-07 18:51:51,038] {scheduler_job.py:190} INFO - Processing /home/encrypted/abaceti/.virtualenvs/pumpwood-airflow-images/lib/python3.6/site-packages/airflow/example_dags/example_latest_only_with_trigger.py took 0.041 seconds
[2021-06-07 18:52:21,215] {scheduler_job.py:182} INFO - Started process (PID=9935) to work on /home/encrypted/abaceti/.virtualenvs/pumpwood-airflow-images/lib/python3.6/site-packages/airflow/example_dags/example_latest_only_with_trigger.py
[2021-06-07 18:52:21,216] {scheduler_job.py:633} INFO - Processing file /home/encrypted/abaceti/.virtualenvs/pumpwood-airflow-images/lib/python3.6/site-packages/airflow/example_dags/example_latest_only_with_trigger.py for tasks to queue
[2021-06-07 18:52:21,216] {logging_mixin.py:104} INFO - [2021-06-07 18:52:21,216] {dagbag.py:487} INFO - Filling up the DagBag from /home/encrypted/abaceti/.virtualenvs/pumpwood-airflow-images/lib/python3.6/site-packages/airflow/example_dags/example_latest_only_with_trigger.py
[2021-06-07 18:52:21,222] {scheduler_job.py:643} INFO - DAG(s) dict_keys(['latest_only_with_trigger']) retrieved from /home/encrypted/abaceti/.virtualenvs/pumpwood-airflow-images/lib/python3.6/site-packages/airflow/example_dags/example_latest_only_with_trigger.py
[2021-06-07 18:52:21,237] {logging_mixin.py:104} INFO - [2021-06-07 18:52:21,237] {dag.py:1832} INFO - Sync 1 DAGs
[2021-06-07 18:52:21,246] {logging_mixin.py:104} INFO - [2021-06-07 18:52:21,246] {dag.py:2305} INFO - Setting next_dagrun for latest_only_with_trigger to 2021-06-05 00:00:00+00:00
[2021-06-07 18:52:21,254] {scheduler_job.py:190} INFO - Processing /home/encrypted/abaceti/.virtualenvs/pumpwood-airflow-images/lib/python3.6/site-packages/airflow/example_dags/example_latest_only_with_trigger.py took 0.040 seconds
[2021-06-07 18:52:51,429] {scheduler_job.py:182} INFO - Started process (PID=10744) to work on /home/encrypted/abaceti/.virtualenvs/pumpwood-airflow-images/lib/python3.6/site-packages/airflow/example_dags/example_latest_only_with_trigger.py
[2021-06-07 18:52:51,429] {scheduler_job.py:633} INFO - Processing file /home/encrypted/abaceti/.virtualenvs/pumpwood-airflow-images/lib/python3.6/site-packages/airflow/example_dags/example_latest_only_with_trigger.py for tasks to queue
[2021-06-07 18:52:51,429] {logging_mixin.py:104} INFO - [2021-06-07 18:52:51,429] {dagbag.py:487} INFO - Filling up the DagBag from /home/encrypted/abaceti/.virtualenvs/pumpwood-airflow-images/lib/python3.6/site-packages/airflow/example_dags/example_latest_only_with_trigger.py
[2021-06-07 18:52:51,435] {scheduler_job.py:643} INFO - DAG(s) dict_keys(['latest_only_with_trigger']) retrieved from /home/encrypted/abaceti/.virtualenvs/pumpwood-airflow-images/lib/python3.6/site-packages/airflow/example_dags/example_latest_only_with_trigger.py
[2021-06-07 18:52:51,450] {logging_mixin.py:104} INFO - [2021-06-07 18:52:51,450] {dag.py:1832} INFO - Sync 1 DAGs
[2021-06-07 18:52:51,459] {logging_mixin.py:104} INFO - [2021-06-07 18:52:51,459] {dag.py:2305} INFO - Setting next_dagrun for latest_only_with_trigger to 2021-06-05 00:00:00+00:00
[2021-06-07 18:52:51,467] {scheduler_job.py:190} INFO - Processing /home/encrypted/abaceti/.virtualenvs/pumpwood-airflow-images/lib/python3.6/site-packages/airflow/example_dags/example_latest_only_with_trigger.py took 0.040 seconds
[2021-06-07 18:53:21,552] {scheduler_job.py:182} INFO - Started process (PID=11069) to work on /home/encrypted/abaceti/.virtualenvs/pumpwood-airflow-images/lib/python3.6/site-packages/airflow/example_dags/example_latest_only_with_trigger.py
[2021-06-07 18:53:21,554] {scheduler_job.py:633} INFO - Processing file /home/encrypted/abaceti/.virtualenvs/pumpwood-airflow-images/lib/python3.6/site-packages/airflow/example_dags/example_latest_only_with_trigger.py for tasks to queue
[2021-06-07 18:53:21,555] {logging_mixin.py:104} INFO - [2021-06-07 18:53:21,555] {dagbag.py:487} INFO - Filling up the DagBag from /home/encrypted/abaceti/.virtualenvs/pumpwood-airflow-images/lib/python3.6/site-packages/airflow/example_dags/example_latest_only_with_trigger.py
[2021-06-07 18:53:21,569] {scheduler_job.py:643} INFO - DAG(s) dict_keys(['latest_only_with_trigger']) retrieved from /home/encrypted/abaceti/.virtualenvs/pumpwood-airflow-images/lib/python3.6/site-packages/airflow/example_dags/example_latest_only_with_trigger.py
[2021-06-07 18:53:21,589] {logging_mixin.py:104} INFO - [2021-06-07 18:53:21,589] {dag.py:1832} INFO - Sync 1 DAGs
[2021-06-07 18:53:21,597] {logging_mixin.py:104} INFO - [2021-06-07 18:53:21,597] {dag.py:2305} INFO - Setting next_dagrun for latest_only_with_trigger to 2021-06-05 00:00:00+00:00
[2021-06-07 18:53:21,605] {scheduler_job.py:190} INFO - Processing /home/encrypted/abaceti/.virtualenvs/pumpwood-airflow-images/lib/python3.6/site-packages/airflow/example_dags/example_latest_only_with_trigger.py took 0.058 seconds
[2021-06-07 18:53:51,802] {scheduler_job.py:182} INFO - Started process (PID=11444) to work on /home/encrypted/abaceti/.virtualenvs/pumpwood-airflow-images/lib/python3.6/site-packages/airflow/example_dags/example_latest_only_with_trigger.py
[2021-06-07 18:53:51,805] {scheduler_job.py:633} INFO - Processing file /home/encrypted/abaceti/.virtualenvs/pumpwood-airflow-images/lib/python3.6/site-packages/airflow/example_dags/example_latest_only_with_trigger.py for tasks to queue
[2021-06-07 18:53:51,806] {logging_mixin.py:104} INFO - [2021-06-07 18:53:51,805] {dagbag.py:487} INFO - Filling up the DagBag from /home/encrypted/abaceti/.virtualenvs/pumpwood-airflow-images/lib/python3.6/site-packages/airflow/example_dags/example_latest_only_with_trigger.py
[2021-06-07 18:53:51,822] {scheduler_job.py:643} INFO - DAG(s) dict_keys(['latest_only_with_trigger']) retrieved from /home/encrypted/abaceti/.virtualenvs/pumpwood-airflow-images/lib/python3.6/site-packages/airflow/example_dags/example_latest_only_with_trigger.py
[2021-06-07 18:53:51,844] {logging_mixin.py:104} INFO - [2021-06-07 18:53:51,844] {dag.py:1832} INFO - Sync 1 DAGs
[2021-06-07 18:53:51,852] {logging_mixin.py:104} INFO - [2021-06-07 18:53:51,852] {dag.py:2305} INFO - Setting next_dagrun for latest_only_with_trigger to 2021-06-05 00:00:00+00:00
[2021-06-07 18:53:51,860] {scheduler_job.py:190} INFO - Processing /home/encrypted/abaceti/.virtualenvs/pumpwood-airflow-images/lib/python3.6/site-packages/airflow/example_dags/example_latest_only_with_trigger.py took 0.063 seconds
[2021-06-07 18:54:21,918] {scheduler_job.py:182} INFO - Started process (PID=11861) to work on /home/encrypted/abaceti/.virtualenvs/pumpwood-airflow-images/lib/python3.6/site-packages/airflow/example_dags/example_latest_only_with_trigger.py
[2021-06-07 18:54:21,918] {scheduler_job.py:633} INFO - Processing file /home/encrypted/abaceti/.virtualenvs/pumpwood-airflow-images/lib/python3.6/site-packages/airflow/example_dags/example_latest_only_with_trigger.py for tasks to queue
[2021-06-07 18:54:21,919] {logging_mixin.py:104} INFO - [2021-06-07 18:54:21,918] {dagbag.py:487} INFO - Filling up the DagBag from /home/encrypted/abaceti/.virtualenvs/pumpwood-airflow-images/lib/python3.6/site-packages/airflow/example_dags/example_latest_only_with_trigger.py
[2021-06-07 18:54:21,925] {scheduler_job.py:643} INFO - DAG(s) dict_keys(['latest_only_with_trigger']) retrieved from /home/encrypted/abaceti/.virtualenvs/pumpwood-airflow-images/lib/python3.6/site-packages/airflow/example_dags/example_latest_only_with_trigger.py
[2021-06-07 18:54:21,940] {logging_mixin.py:104} INFO - [2021-06-07 18:54:21,940] {dag.py:1832} INFO - Sync 1 DAGs
[2021-06-07 18:54:21,948] {logging_mixin.py:104} INFO - [2021-06-07 18:54:21,948] {dag.py:2305} INFO - Setting next_dagrun for latest_only_with_trigger to 2021-06-05 00:00:00+00:00
[2021-06-07 18:54:21,954] {scheduler_job.py:190} INFO - Processing /home/encrypted/abaceti/.virtualenvs/pumpwood-airflow-images/lib/python3.6/site-packages/airflow/example_dags/example_latest_only_with_trigger.py took 0.038 seconds
[2021-06-07 18:54:52,094] {scheduler_job.py:182} INFO - Started process (PID=12071) to work on /home/encrypted/abaceti/.virtualenvs/pumpwood-airflow-images/lib/python3.6/site-packages/airflow/example_dags/example_latest_only_with_trigger.py
[2021-06-07 18:54:52,095] {scheduler_job.py:633} INFO - Processing file /home/encrypted/abaceti/.virtualenvs/pumpwood-airflow-images/lib/python3.6/site-packages/airflow/example_dags/example_latest_only_with_trigger.py for tasks to queue
[2021-06-07 18:54:52,095] {logging_mixin.py:104} INFO - [2021-06-07 18:54:52,095] {dagbag.py:487} INFO - Filling up the DagBag from /home/encrypted/abaceti/.virtualenvs/pumpwood-airflow-images/lib/python3.6/site-packages/airflow/example_dags/example_latest_only_with_trigger.py
[2021-06-07 18:54:52,101] {scheduler_job.py:643} INFO - DAG(s) dict_keys(['latest_only_with_trigger']) retrieved from /home/encrypted/abaceti/.virtualenvs/pumpwood-airflow-images/lib/python3.6/site-packages/airflow/example_dags/example_latest_only_with_trigger.py
[2021-06-07 18:54:52,117] {logging_mixin.py:104} INFO - [2021-06-07 18:54:52,117] {dag.py:1832} INFO - Sync 1 DAGs
[2021-06-07 18:54:52,125] {logging_mixin.py:104} INFO - [2021-06-07 18:54:52,125] {dag.py:2305} INFO - Setting next_dagrun for latest_only_with_trigger to 2021-06-05 00:00:00+00:00
[2021-06-07 18:54:52,133] {scheduler_job.py:190} INFO - Processing /home/encrypted/abaceti/.virtualenvs/pumpwood-airflow-images/lib/python3.6/site-packages/airflow/example_dags/example_latest_only_with_trigger.py took 0.040 seconds
[2021-06-07 18:55:22,292] {scheduler_job.py:182} INFO - Started process (PID=12250) to work on /home/encrypted/abaceti/.virtualenvs/pumpwood-airflow-images/lib/python3.6/site-packages/airflow/example_dags/example_latest_only_with_trigger.py
[2021-06-07 18:55:22,292] {scheduler_job.py:633} INFO - Processing file /home/encrypted/abaceti/.virtualenvs/pumpwood-airflow-images/lib/python3.6/site-packages/airflow/example_dags/example_latest_only_with_trigger.py for tasks to queue
[2021-06-07 18:55:22,292] {logging_mixin.py:104} INFO - [2021-06-07 18:55:22,292] {dagbag.py:487} INFO - Filling up the DagBag from /home/encrypted/abaceti/.virtualenvs/pumpwood-airflow-images/lib/python3.6/site-packages/airflow/example_dags/example_latest_only_with_trigger.py
[2021-06-07 18:55:22,299] {scheduler_job.py:643} INFO - DAG(s) dict_keys(['latest_only_with_trigger']) retrieved from /home/encrypted/abaceti/.virtualenvs/pumpwood-airflow-images/lib/python3.6/site-packages/airflow/example_dags/example_latest_only_with_trigger.py
[2021-06-07 18:55:22,314] {logging_mixin.py:104} INFO - [2021-06-07 18:55:22,314] {dag.py:1832} INFO - Sync 1 DAGs
[2021-06-07 18:55:22,324] {logging_mixin.py:104} INFO - [2021-06-07 18:55:22,324] {dag.py:2305} INFO - Setting next_dagrun for latest_only_with_trigger to 2021-06-05 00:00:00+00:00
[2021-06-07 18:55:22,332] {scheduler_job.py:190} INFO - Processing /home/encrypted/abaceti/.virtualenvs/pumpwood-airflow-images/lib/python3.6/site-packages/airflow/example_dags/example_latest_only_with_trigger.py took 0.042 seconds
[2021-06-07 18:55:52,400] {scheduler_job.py:182} INFO - Started process (PID=12473) to work on /home/encrypted/abaceti/.virtualenvs/pumpwood-airflow-images/lib/python3.6/site-packages/airflow/example_dags/example_latest_only_with_trigger.py
[2021-06-07 18:55:52,403] {scheduler_job.py:633} INFO - Processing file /home/encrypted/abaceti/.virtualenvs/pumpwood-airflow-images/lib/python3.6/site-packages/airflow/example_dags/example_latest_only_with_trigger.py for tasks to queue
[2021-06-07 18:55:52,404] {logging_mixin.py:104} INFO - [2021-06-07 18:55:52,404] {dagbag.py:487} INFO - Filling up the DagBag from /home/encrypted/abaceti/.virtualenvs/pumpwood-airflow-images/lib/python3.6/site-packages/airflow/example_dags/example_latest_only_with_trigger.py
[2021-06-07 18:55:52,422] {scheduler_job.py:643} INFO - DAG(s) dict_keys(['latest_only_with_trigger']) retrieved from /home/encrypted/abaceti/.virtualenvs/pumpwood-airflow-images/lib/python3.6/site-packages/airflow/example_dags/example_latest_only_with_trigger.py
[2021-06-07 18:55:52,443] {logging_mixin.py:104} INFO - [2021-06-07 18:55:52,443] {dag.py:1832} INFO - Sync 1 DAGs
[2021-06-07 18:55:52,452] {logging_mixin.py:104} INFO - [2021-06-07 18:55:52,452] {dag.py:2305} INFO - Setting next_dagrun for latest_only_with_trigger to 2021-06-05 00:00:00+00:00
[2021-06-07 18:55:52,458] {scheduler_job.py:190} INFO - Processing /home/encrypted/abaceti/.virtualenvs/pumpwood-airflow-images/lib/python3.6/site-packages/airflow/example_dags/example_latest_only_with_trigger.py took 0.064 seconds
[2021-06-07 18:56:22,513] {scheduler_job.py:182} INFO - Started process (PID=12637) to work on /home/encrypted/abaceti/.virtualenvs/pumpwood-airflow-images/lib/python3.6/site-packages/airflow/example_dags/example_latest_only_with_trigger.py
[2021-06-07 18:56:22,513] {scheduler_job.py:633} INFO - Processing file /home/encrypted/abaceti/.virtualenvs/pumpwood-airflow-images/lib/python3.6/site-packages/airflow/example_dags/example_latest_only_with_trigger.py for tasks to queue
[2021-06-07 18:56:22,514] {logging_mixin.py:104} INFO - [2021-06-07 18:56:22,514] {dagbag.py:487} INFO - Filling up the DagBag from /home/encrypted/abaceti/.virtualenvs/pumpwood-airflow-images/lib/python3.6/site-packages/airflow/example_dags/example_latest_only_with_trigger.py
[2021-06-07 18:56:22,519] {scheduler_job.py:643} INFO - DAG(s) dict_keys(['latest_only_with_trigger']) retrieved from /home/encrypted/abaceti/.virtualenvs/pumpwood-airflow-images/lib/python3.6/site-packages/airflow/example_dags/example_latest_only_with_trigger.py
[2021-06-07 18:56:22,533] {logging_mixin.py:104} INFO - [2021-06-07 18:56:22,533] {dag.py:1832} INFO - Sync 1 DAGs
[2021-06-07 18:56:22,541] {logging_mixin.py:104} INFO - [2021-06-07 18:56:22,541] {dag.py:2305} INFO - Setting next_dagrun for latest_only_with_trigger to 2021-06-05 00:00:00+00:00
[2021-06-07 18:56:22,549] {scheduler_job.py:190} INFO - Processing /home/encrypted/abaceti/.virtualenvs/pumpwood-airflow-images/lib/python3.6/site-packages/airflow/example_dags/example_latest_only_with_trigger.py took 0.038 seconds
[2021-06-07 18:56:52,769] {scheduler_job.py:182} INFO - Started process (PID=12870) to work on /home/encrypted/abaceti/.virtualenvs/pumpwood-airflow-images/lib/python3.6/site-packages/airflow/example_dags/example_latest_only_with_trigger.py
[2021-06-07 18:56:52,771] {scheduler_job.py:633} INFO - Processing file /home/encrypted/abaceti/.virtualenvs/pumpwood-airflow-images/lib/python3.6/site-packages/airflow/example_dags/example_latest_only_with_trigger.py for tasks to queue
[2021-06-07 18:56:52,771] {logging_mixin.py:104} INFO - [2021-06-07 18:56:52,771] {dagbag.py:487} INFO - Filling up the DagBag from /home/encrypted/abaceti/.virtualenvs/pumpwood-airflow-images/lib/python3.6/site-packages/airflow/example_dags/example_latest_only_with_trigger.py
[2021-06-07 18:56:52,786] {scheduler_job.py:643} INFO - DAG(s) dict_keys(['latest_only_with_trigger']) retrieved from /home/encrypted/abaceti/.virtualenvs/pumpwood-airflow-images/lib/python3.6/site-packages/airflow/example_dags/example_latest_only_with_trigger.py
[2021-06-07 18:56:52,806] {logging_mixin.py:104} INFO - [2021-06-07 18:56:52,806] {dag.py:1832} INFO - Sync 1 DAGs
[2021-06-07 18:56:52,815] {logging_mixin.py:104} INFO - [2021-06-07 18:56:52,814] {dag.py:2305} INFO - Setting next_dagrun for latest_only_with_trigger to 2021-06-05 00:00:00+00:00
[2021-06-07 18:56:52,820] {scheduler_job.py:190} INFO - Processing /home/encrypted/abaceti/.virtualenvs/pumpwood-airflow-images/lib/python3.6/site-packages/airflow/example_dags/example_latest_only_with_trigger.py took 0.055 seconds
[2021-06-07 18:57:23,700] {scheduler_job.py:182} INFO - Started process (PID=12995) to work on /home/encrypted/abaceti/.virtualenvs/pumpwood-airflow-images/lib/python3.6/site-packages/airflow/example_dags/example_latest_only_with_trigger.py
[2021-06-07 18:57:23,701] {scheduler_job.py:633} INFO - Processing file /home/encrypted/abaceti/.virtualenvs/pumpwood-airflow-images/lib/python3.6/site-packages/airflow/example_dags/example_latest_only_with_trigger.py for tasks to queue
[2021-06-07 18:57:23,701] {logging_mixin.py:104} INFO - [2021-06-07 18:57:23,701] {dagbag.py:487} INFO - Filling up the DagBag from /home/encrypted/abaceti/.virtualenvs/pumpwood-airflow-images/lib/python3.6/site-packages/airflow/example_dags/example_latest_only_with_trigger.py
[2021-06-07 18:57:23,710] {scheduler_job.py:643} INFO - DAG(s) dict_keys(['latest_only_with_trigger']) retrieved from /home/encrypted/abaceti/.virtualenvs/pumpwood-airflow-images/lib/python3.6/site-packages/airflow/example_dags/example_latest_only_with_trigger.py
[2021-06-07 18:57:23,730] {logging_mixin.py:104} INFO - [2021-06-07 18:57:23,730] {dag.py:1832} INFO - Sync 1 DAGs
[2021-06-07 18:57:23,738] {logging_mixin.py:104} INFO - [2021-06-07 18:57:23,738] {dag.py:2305} INFO - Setting next_dagrun for latest_only_with_trigger to 2021-06-05 00:00:00+00:00
[2021-06-07 18:57:23,747] {scheduler_job.py:190} INFO - Processing /home/encrypted/abaceti/.virtualenvs/pumpwood-airflow-images/lib/python3.6/site-packages/airflow/example_dags/example_latest_only_with_trigger.py took 0.049 seconds
[2021-06-07 18:57:53,810] {scheduler_job.py:182} INFO - Started process (PID=13169) to work on /home/encrypted/abaceti/.virtualenvs/pumpwood-airflow-images/lib/python3.6/site-packages/airflow/example_dags/example_latest_only_with_trigger.py
[2021-06-07 18:57:53,810] {scheduler_job.py:633} INFO - Processing file /home/encrypted/abaceti/.virtualenvs/pumpwood-airflow-images/lib/python3.6/site-packages/airflow/example_dags/example_latest_only_with_trigger.py for tasks to queue
[2021-06-07 18:57:53,811] {logging_mixin.py:104} INFO - [2021-06-07 18:57:53,810] {dagbag.py:487} INFO - Filling up the DagBag from /home/encrypted/abaceti/.virtualenvs/pumpwood-airflow-images/lib/python3.6/site-packages/airflow/example_dags/example_latest_only_with_trigger.py
[2021-06-07 18:57:53,817] {scheduler_job.py:643} INFO - DAG(s) dict_keys(['latest_only_with_trigger']) retrieved from /home/encrypted/abaceti/.virtualenvs/pumpwood-airflow-images/lib/python3.6/site-packages/airflow/example_dags/example_latest_only_with_trigger.py
[2021-06-07 18:57:53,833] {logging_mixin.py:104} INFO - [2021-06-07 18:57:53,833] {dag.py:1832} INFO - Sync 1 DAGs
[2021-06-07 18:57:53,842] {logging_mixin.py:104} INFO - [2021-06-07 18:57:53,842] {dag.py:2305} INFO - Setting next_dagrun for latest_only_with_trigger to 2021-06-05 00:00:00+00:00
[2021-06-07 18:57:53,848] {scheduler_job.py:190} INFO - Processing /home/encrypted/abaceti/.virtualenvs/pumpwood-airflow-images/lib/python3.6/site-packages/airflow/example_dags/example_latest_only_with_trigger.py took 0.040 seconds
[2021-06-07 18:58:24,023] {scheduler_job.py:182} INFO - Started process (PID=13287) to work on /home/encrypted/abaceti/.virtualenvs/pumpwood-airflow-images/lib/python3.6/site-packages/airflow/example_dags/example_latest_only_with_trigger.py
[2021-06-07 18:58:24,023] {scheduler_job.py:633} INFO - Processing file /home/encrypted/abaceti/.virtualenvs/pumpwood-airflow-images/lib/python3.6/site-packages/airflow/example_dags/example_latest_only_with_trigger.py for tasks to queue
[2021-06-07 18:58:24,023] {logging_mixin.py:104} INFO - [2021-06-07 18:58:24,023] {dagbag.py:487} INFO - Filling up the DagBag from /home/encrypted/abaceti/.virtualenvs/pumpwood-airflow-images/lib/python3.6/site-packages/airflow/example_dags/example_latest_only_with_trigger.py
[2021-06-07 18:58:24,029] {scheduler_job.py:643} INFO - DAG(s) dict_keys(['latest_only_with_trigger']) retrieved from /home/encrypted/abaceti/.virtualenvs/pumpwood-airflow-images/lib/python3.6/site-packages/airflow/example_dags/example_latest_only_with_trigger.py
[2021-06-07 18:58:24,045] {logging_mixin.py:104} INFO - [2021-06-07 18:58:24,045] {dag.py:1832} INFO - Sync 1 DAGs
[2021-06-07 18:58:24,053] {logging_mixin.py:104} INFO - [2021-06-07 18:58:24,053] {dag.py:2305} INFO - Setting next_dagrun for latest_only_with_trigger to 2021-06-05 00:00:00+00:00
[2021-06-07 18:58:24,060] {scheduler_job.py:190} INFO - Processing /home/encrypted/abaceti/.virtualenvs/pumpwood-airflow-images/lib/python3.6/site-packages/airflow/example_dags/example_latest_only_with_trigger.py took 0.038 seconds
[2021-06-07 18:58:54,097] {scheduler_job.py:182} INFO - Started process (PID=13462) to work on /home/encrypted/abaceti/.virtualenvs/pumpwood-airflow-images/lib/python3.6/site-packages/airflow/example_dags/example_latest_only_with_trigger.py
[2021-06-07 18:58:54,098] {scheduler_job.py:633} INFO - Processing file /home/encrypted/abaceti/.virtualenvs/pumpwood-airflow-images/lib/python3.6/site-packages/airflow/example_dags/example_latest_only_with_trigger.py for tasks to queue
[2021-06-07 18:58:54,098] {logging_mixin.py:104} INFO - [2021-06-07 18:58:54,098] {dagbag.py:487} INFO - Filling up the DagBag from /home/encrypted/abaceti/.virtualenvs/pumpwood-airflow-images/lib/python3.6/site-packages/airflow/example_dags/example_latest_only_with_trigger.py
[2021-06-07 18:58:54,104] {scheduler_job.py:643} INFO - DAG(s) dict_keys(['latest_only_with_trigger']) retrieved from /home/encrypted/abaceti/.virtualenvs/pumpwood-airflow-images/lib/python3.6/site-packages/airflow/example_dags/example_latest_only_with_trigger.py
[2021-06-07 18:58:54,121] {logging_mixin.py:104} INFO - [2021-06-07 18:58:54,121] {dag.py:1832} INFO - Sync 1 DAGs
[2021-06-07 18:58:54,133] {logging_mixin.py:104} INFO - [2021-06-07 18:58:54,133] {dag.py:2305} INFO - Setting next_dagrun for latest_only_with_trigger to 2021-06-05 00:00:00+00:00
[2021-06-07 18:58:54,139] {scheduler_job.py:190} INFO - Processing /home/encrypted/abaceti/.virtualenvs/pumpwood-airflow-images/lib/python3.6/site-packages/airflow/example_dags/example_latest_only_with_trigger.py took 0.044 seconds
[2021-06-07 18:59:24,316] {scheduler_job.py:182} INFO - Started process (PID=13586) to work on /home/encrypted/abaceti/.virtualenvs/pumpwood-airflow-images/lib/python3.6/site-packages/airflow/example_dags/example_latest_only_with_trigger.py
[2021-06-07 18:59:24,317] {scheduler_job.py:633} INFO - Processing file /home/encrypted/abaceti/.virtualenvs/pumpwood-airflow-images/lib/python3.6/site-packages/airflow/example_dags/example_latest_only_with_trigger.py for tasks to queue
[2021-06-07 18:59:24,317] {logging_mixin.py:104} INFO - [2021-06-07 18:59:24,317] {dagbag.py:487} INFO - Filling up the DagBag from /home/encrypted/abaceti/.virtualenvs/pumpwood-airflow-images/lib/python3.6/site-packages/airflow/example_dags/example_latest_only_with_trigger.py
[2021-06-07 18:59:24,326] {scheduler_job.py:643} INFO - DAG(s) dict_keys(['latest_only_with_trigger']) retrieved from /home/encrypted/abaceti/.virtualenvs/pumpwood-airflow-images/lib/python3.6/site-packages/airflow/example_dags/example_latest_only_with_trigger.py
[2021-06-07 18:59:24,343] {logging_mixin.py:104} INFO - [2021-06-07 18:59:24,343] {dag.py:1832} INFO - Sync 1 DAGs
[2021-06-07 18:59:24,351] {logging_mixin.py:104} INFO - [2021-06-07 18:59:24,350] {dag.py:2305} INFO - Setting next_dagrun for latest_only_with_trigger to 2021-06-05 00:00:00+00:00
[2021-06-07 18:59:24,356] {scheduler_job.py:190} INFO - Processing /home/encrypted/abaceti/.virtualenvs/pumpwood-airflow-images/lib/python3.6/site-packages/airflow/example_dags/example_latest_only_with_trigger.py took 0.043 seconds
[2021-06-07 18:59:54,421] {scheduler_job.py:182} INFO - Started process (PID=13748) to work on /home/encrypted/abaceti/.virtualenvs/pumpwood-airflow-images/lib/python3.6/site-packages/airflow/example_dags/example_latest_only_with_trigger.py
[2021-06-07 18:59:54,422] {scheduler_job.py:633} INFO - Processing file /home/encrypted/abaceti/.virtualenvs/pumpwood-airflow-images/lib/python3.6/site-packages/airflow/example_dags/example_latest_only_with_trigger.py for tasks to queue
[2021-06-07 18:59:54,422] {logging_mixin.py:104} INFO - [2021-06-07 18:59:54,422] {dagbag.py:487} INFO - Filling up the DagBag from /home/encrypted/abaceti/.virtualenvs/pumpwood-airflow-images/lib/python3.6/site-packages/airflow/example_dags/example_latest_only_with_trigger.py
[2021-06-07 18:59:54,427] {scheduler_job.py:643} INFO - DAG(s) dict_keys(['latest_only_with_trigger']) retrieved from /home/encrypted/abaceti/.virtualenvs/pumpwood-airflow-images/lib/python3.6/site-packages/airflow/example_dags/example_latest_only_with_trigger.py
[2021-06-07 18:59:54,443] {logging_mixin.py:104} INFO - [2021-06-07 18:59:54,443] {dag.py:1832} INFO - Sync 1 DAGs
[2021-06-07 18:59:54,452] {logging_mixin.py:104} INFO - [2021-06-07 18:59:54,452] {dag.py:2305} INFO - Setting next_dagrun for latest_only_with_trigger to 2021-06-05 00:00:00+00:00
[2021-06-07 18:59:54,458] {scheduler_job.py:190} INFO - Processing /home/encrypted/abaceti/.virtualenvs/pumpwood-airflow-images/lib/python3.6/site-packages/airflow/example_dags/example_latest_only_with_trigger.py took 0.038 seconds
[2021-06-07 19:00:24,689] {scheduler_job.py:182} INFO - Started process (PID=13862) to work on /home/encrypted/abaceti/.virtualenvs/pumpwood-airflow-images/lib/python3.6/site-packages/airflow/example_dags/example_latest_only_with_trigger.py
[2021-06-07 19:00:24,690] {scheduler_job.py:633} INFO - Processing file /home/encrypted/abaceti/.virtualenvs/pumpwood-airflow-images/lib/python3.6/site-packages/airflow/example_dags/example_latest_only_with_trigger.py for tasks to queue
[2021-06-07 19:00:24,690] {logging_mixin.py:104} INFO - [2021-06-07 19:00:24,690] {dagbag.py:487} INFO - Filling up the DagBag from /home/encrypted/abaceti/.virtualenvs/pumpwood-airflow-images/lib/python3.6/site-packages/airflow/example_dags/example_latest_only_with_trigger.py
[2021-06-07 19:00:24,696] {scheduler_job.py:643} INFO - DAG(s) dict_keys(['latest_only_with_trigger']) retrieved from /home/encrypted/abaceti/.virtualenvs/pumpwood-airflow-images/lib/python3.6/site-packages/airflow/example_dags/example_latest_only_with_trigger.py
[2021-06-07 19:00:24,713] {logging_mixin.py:104} INFO - [2021-06-07 19:00:24,713] {dag.py:1832} INFO - Sync 1 DAGs
[2021-06-07 19:00:24,721] {logging_mixin.py:104} INFO - [2021-06-07 19:00:24,721] {dag.py:2305} INFO - Setting next_dagrun for latest_only_with_trigger to 2021-06-05 00:00:00+00:00
[2021-06-07 19:00:24,728] {scheduler_job.py:190} INFO - Processing /home/encrypted/abaceti/.virtualenvs/pumpwood-airflow-images/lib/python3.6/site-packages/airflow/example_dags/example_latest_only_with_trigger.py took 0.040 seconds
[2021-06-07 19:00:54,833] {scheduler_job.py:182} INFO - Started process (PID=14056) to work on /home/encrypted/abaceti/.virtualenvs/pumpwood-airflow-images/lib/python3.6/site-packages/airflow/example_dags/example_latest_only_with_trigger.py
[2021-06-07 19:00:54,833] {scheduler_job.py:633} INFO - Processing file /home/encrypted/abaceti/.virtualenvs/pumpwood-airflow-images/lib/python3.6/site-packages/airflow/example_dags/example_latest_only_with_trigger.py for tasks to queue
[2021-06-07 19:00:54,834] {logging_mixin.py:104} INFO - [2021-06-07 19:00:54,834] {dagbag.py:487} INFO - Filling up the DagBag from /home/encrypted/abaceti/.virtualenvs/pumpwood-airflow-images/lib/python3.6/site-packages/airflow/example_dags/example_latest_only_with_trigger.py
[2021-06-07 19:00:54,839] {scheduler_job.py:643} INFO - DAG(s) dict_keys(['latest_only_with_trigger']) retrieved from /home/encrypted/abaceti/.virtualenvs/pumpwood-airflow-images/lib/python3.6/site-packages/airflow/example_dags/example_latest_only_with_trigger.py
[2021-06-07 19:00:54,854] {logging_mixin.py:104} INFO - [2021-06-07 19:00:54,854] {dag.py:1832} INFO - Sync 1 DAGs
[2021-06-07 19:00:54,862] {logging_mixin.py:104} INFO - [2021-06-07 19:00:54,862] {dag.py:2305} INFO - Setting next_dagrun for latest_only_with_trigger to 2021-06-05 00:00:00+00:00
[2021-06-07 19:00:54,868] {scheduler_job.py:190} INFO - Processing /home/encrypted/abaceti/.virtualenvs/pumpwood-airflow-images/lib/python3.6/site-packages/airflow/example_dags/example_latest_only_with_trigger.py took 0.037 seconds
[2021-06-07 19:01:24,981] {scheduler_job.py:182} INFO - Started process (PID=14176) to work on /home/encrypted/abaceti/.virtualenvs/pumpwood-airflow-images/lib/python3.6/site-packages/airflow/example_dags/example_latest_only_with_trigger.py
[2021-06-07 19:01:24,982] {scheduler_job.py:633} INFO - Processing file /home/encrypted/abaceti/.virtualenvs/pumpwood-airflow-images/lib/python3.6/site-packages/airflow/example_dags/example_latest_only_with_trigger.py for tasks to queue
[2021-06-07 19:01:24,982] {logging_mixin.py:104} INFO - [2021-06-07 19:01:24,982] {dagbag.py:487} INFO - Filling up the DagBag from /home/encrypted/abaceti/.virtualenvs/pumpwood-airflow-images/lib/python3.6/site-packages/airflow/example_dags/example_latest_only_with_trigger.py
[2021-06-07 19:01:24,987] {scheduler_job.py:643} INFO - DAG(s) dict_keys(['latest_only_with_trigger']) retrieved from /home/encrypted/abaceti/.virtualenvs/pumpwood-airflow-images/lib/python3.6/site-packages/airflow/example_dags/example_latest_only_with_trigger.py
[2021-06-07 19:01:25,002] {logging_mixin.py:104} INFO - [2021-06-07 19:01:25,002] {dag.py:1832} INFO - Sync 1 DAGs
[2021-06-07 19:01:25,011] {logging_mixin.py:104} INFO - [2021-06-07 19:01:25,011] {dag.py:2305} INFO - Setting next_dagrun for latest_only_with_trigger to 2021-06-05 00:00:00+00:00
[2021-06-07 19:01:25,017] {scheduler_job.py:190} INFO - Processing /home/encrypted/abaceti/.virtualenvs/pumpwood-airflow-images/lib/python3.6/site-packages/airflow/example_dags/example_latest_only_with_trigger.py took 0.037 seconds
[2021-06-07 19:01:55,286] {scheduler_job.py:182} INFO - Started process (PID=14362) to work on /home/encrypted/abaceti/.virtualenvs/pumpwood-airflow-images/lib/python3.6/site-packages/airflow/example_dags/example_latest_only_with_trigger.py
[2021-06-07 19:01:55,287] {scheduler_job.py:633} INFO - Processing file /home/encrypted/abaceti/.virtualenvs/pumpwood-airflow-images/lib/python3.6/site-packages/airflow/example_dags/example_latest_only_with_trigger.py for tasks to queue
[2021-06-07 19:01:55,287] {logging_mixin.py:104} INFO - [2021-06-07 19:01:55,287] {dagbag.py:487} INFO - Filling up the DagBag from /home/encrypted/abaceti/.virtualenvs/pumpwood-airflow-images/lib/python3.6/site-packages/airflow/example_dags/example_latest_only_with_trigger.py
[2021-06-07 19:01:55,292] {scheduler_job.py:643} INFO - DAG(s) dict_keys(['latest_only_with_trigger']) retrieved from /home/encrypted/abaceti/.virtualenvs/pumpwood-airflow-images/lib/python3.6/site-packages/airflow/example_dags/example_latest_only_with_trigger.py
[2021-06-07 19:01:55,309] {logging_mixin.py:104} INFO - [2021-06-07 19:01:55,309] {dag.py:1832} INFO - Sync 1 DAGs
[2021-06-07 19:01:55,318] {logging_mixin.py:104} INFO - [2021-06-07 19:01:55,318] {dag.py:2305} INFO - Setting next_dagrun for latest_only_with_trigger to 2021-06-05 00:00:00+00:00
[2021-06-07 19:01:55,324] {scheduler_job.py:190} INFO - Processing /home/encrypted/abaceti/.virtualenvs/pumpwood-airflow-images/lib/python3.6/site-packages/airflow/example_dags/example_latest_only_with_trigger.py took 0.040 seconds
[2021-06-07 19:02:25,411] {scheduler_job.py:182} INFO - Started process (PID=14504) to work on /home/encrypted/abaceti/.virtualenvs/pumpwood-airflow-images/lib/python3.6/site-packages/airflow/example_dags/example_latest_only_with_trigger.py
[2021-06-07 19:02:25,411] {scheduler_job.py:633} INFO - Processing file /home/encrypted/abaceti/.virtualenvs/pumpwood-airflow-images/lib/python3.6/site-packages/airflow/example_dags/example_latest_only_with_trigger.py for tasks to queue
[2021-06-07 19:02:25,412] {logging_mixin.py:104} INFO - [2021-06-07 19:02:25,411] {dagbag.py:487} INFO - Filling up the DagBag from /home/encrypted/abaceti/.virtualenvs/pumpwood-airflow-images/lib/python3.6/site-packages/airflow/example_dags/example_latest_only_with_trigger.py
[2021-06-07 19:02:25,418] {scheduler_job.py:643} INFO - DAG(s) dict_keys(['latest_only_with_trigger']) retrieved from /home/encrypted/abaceti/.virtualenvs/pumpwood-airflow-images/lib/python3.6/site-packages/airflow/example_dags/example_latest_only_with_trigger.py
[2021-06-07 19:02:25,434] {logging_mixin.py:104} INFO - [2021-06-07 19:02:25,434] {dag.py:1832} INFO - Sync 1 DAGs
[2021-06-07 19:02:25,446] {logging_mixin.py:104} INFO - [2021-06-07 19:02:25,446] {dag.py:2305} INFO - Setting next_dagrun for latest_only_with_trigger to 2021-06-05 00:00:00+00:00
[2021-06-07 19:02:25,454] {scheduler_job.py:190} INFO - Processing /home/encrypted/abaceti/.virtualenvs/pumpwood-airflow-images/lib/python3.6/site-packages/airflow/example_dags/example_latest_only_with_trigger.py took 0.045 seconds
