[2021-06-07 18:39:19,228] {scheduler_job.py:182} INFO - Started process (PID=5611) to work on /home/encrypted/abaceti/.virtualenvs/pumpwood-airflow-images/lib/python3.6/site-packages/airflow/example_dags/example_xcom.py
[2021-06-07 18:39:19,229] {scheduler_job.py:633} INFO - Processing file /home/encrypted/abaceti/.virtualenvs/pumpwood-airflow-images/lib/python3.6/site-packages/airflow/example_dags/example_xcom.py for tasks to queue
[2021-06-07 18:39:19,229] {logging_mixin.py:104} INFO - [2021-06-07 18:39:19,229] {dagbag.py:487} INFO - Filling up the DagBag from /home/encrypted/abaceti/.virtualenvs/pumpwood-airflow-images/lib/python3.6/site-packages/airflow/example_dags/example_xcom.py
[2021-06-07 18:39:19,235] {scheduler_job.py:643} INFO - DAG(s) dict_keys(['example_xcom']) retrieved from /home/encrypted/abaceti/.virtualenvs/pumpwood-airflow-images/lib/python3.6/site-packages/airflow/example_dags/example_xcom.py
[2021-06-07 18:39:19,253] {logging_mixin.py:104} INFO - [2021-06-07 18:39:19,252] {dag.py:1832} INFO - Sync 1 DAGs
[2021-06-07 18:39:19,264] {logging_mixin.py:104} INFO - [2021-06-07 18:39:19,264] {dag.py:2305} INFO - Setting next_dagrun for example_xcom to 2021-06-05 00:00:00+00:00
[2021-06-07 18:39:19,272] {scheduler_job.py:190} INFO - Processing /home/encrypted/abaceti/.virtualenvs/pumpwood-airflow-images/lib/python3.6/site-packages/airflow/example_dags/example_xcom.py took 0.045 seconds
[2021-06-07 18:39:49,457] {scheduler_job.py:182} INFO - Started process (PID=5777) to work on /home/encrypted/abaceti/.virtualenvs/pumpwood-airflow-images/lib/python3.6/site-packages/airflow/example_dags/example_xcom.py
[2021-06-07 18:39:49,458] {scheduler_job.py:633} INFO - Processing file /home/encrypted/abaceti/.virtualenvs/pumpwood-airflow-images/lib/python3.6/site-packages/airflow/example_dags/example_xcom.py for tasks to queue
[2021-06-07 18:39:49,458] {logging_mixin.py:104} INFO - [2021-06-07 18:39:49,458] {dagbag.py:487} INFO - Filling up the DagBag from /home/encrypted/abaceti/.virtualenvs/pumpwood-airflow-images/lib/python3.6/site-packages/airflow/example_dags/example_xcom.py
[2021-06-07 18:39:49,463] {scheduler_job.py:643} INFO - DAG(s) dict_keys(['example_xcom']) retrieved from /home/encrypted/abaceti/.virtualenvs/pumpwood-airflow-images/lib/python3.6/site-packages/airflow/example_dags/example_xcom.py
[2021-06-07 18:39:49,477] {logging_mixin.py:104} INFO - [2021-06-07 18:39:49,477] {dag.py:1832} INFO - Sync 1 DAGs
[2021-06-07 18:39:49,485] {logging_mixin.py:104} INFO - [2021-06-07 18:39:49,485] {dag.py:2305} INFO - Setting next_dagrun for example_xcom to 2021-06-05 00:00:00+00:00
[2021-06-07 18:39:49,490] {scheduler_job.py:190} INFO - Processing /home/encrypted/abaceti/.virtualenvs/pumpwood-airflow-images/lib/python3.6/site-packages/airflow/example_dags/example_xcom.py took 0.034 seconds
[2021-06-07 18:40:19,660] {scheduler_job.py:182} INFO - Started process (PID=5928) to work on /home/encrypted/abaceti/.virtualenvs/pumpwood-airflow-images/lib/python3.6/site-packages/airflow/example_dags/example_xcom.py
[2021-06-07 18:40:19,660] {scheduler_job.py:633} INFO - Processing file /home/encrypted/abaceti/.virtualenvs/pumpwood-airflow-images/lib/python3.6/site-packages/airflow/example_dags/example_xcom.py for tasks to queue
[2021-06-07 18:40:19,661] {logging_mixin.py:104} INFO - [2021-06-07 18:40:19,661] {dagbag.py:487} INFO - Filling up the DagBag from /home/encrypted/abaceti/.virtualenvs/pumpwood-airflow-images/lib/python3.6/site-packages/airflow/example_dags/example_xcom.py
[2021-06-07 18:40:19,666] {scheduler_job.py:643} INFO - DAG(s) dict_keys(['example_xcom']) retrieved from /home/encrypted/abaceti/.virtualenvs/pumpwood-airflow-images/lib/python3.6/site-packages/airflow/example_dags/example_xcom.py
[2021-06-07 18:40:19,681] {logging_mixin.py:104} INFO - [2021-06-07 18:40:19,681] {dag.py:1832} INFO - Sync 1 DAGs
[2021-06-07 18:40:19,689] {logging_mixin.py:104} INFO - [2021-06-07 18:40:19,689] {dag.py:2305} INFO - Setting next_dagrun for example_xcom to 2021-06-05 00:00:00+00:00
[2021-06-07 18:40:19,694] {scheduler_job.py:190} INFO - Processing /home/encrypted/abaceti/.virtualenvs/pumpwood-airflow-images/lib/python3.6/site-packages/airflow/example_dags/example_xcom.py took 0.036 seconds
[2021-06-07 18:40:49,877] {scheduler_job.py:182} INFO - Started process (PID=6122) to work on /home/encrypted/abaceti/.virtualenvs/pumpwood-airflow-images/lib/python3.6/site-packages/airflow/example_dags/example_xcom.py
[2021-06-07 18:40:49,878] {scheduler_job.py:633} INFO - Processing file /home/encrypted/abaceti/.virtualenvs/pumpwood-airflow-images/lib/python3.6/site-packages/airflow/example_dags/example_xcom.py for tasks to queue
[2021-06-07 18:40:49,878] {logging_mixin.py:104} INFO - [2021-06-07 18:40:49,878] {dagbag.py:487} INFO - Filling up the DagBag from /home/encrypted/abaceti/.virtualenvs/pumpwood-airflow-images/lib/python3.6/site-packages/airflow/example_dags/example_xcom.py
[2021-06-07 18:40:49,883] {scheduler_job.py:643} INFO - DAG(s) dict_keys(['example_xcom']) retrieved from /home/encrypted/abaceti/.virtualenvs/pumpwood-airflow-images/lib/python3.6/site-packages/airflow/example_dags/example_xcom.py
[2021-06-07 18:40:49,897] {logging_mixin.py:104} INFO - [2021-06-07 18:40:49,897] {dag.py:1832} INFO - Sync 1 DAGs
[2021-06-07 18:40:49,906] {logging_mixin.py:104} INFO - [2021-06-07 18:40:49,906] {dag.py:2305} INFO - Setting next_dagrun for example_xcom to 2021-06-05 00:00:00+00:00
[2021-06-07 18:40:49,911] {scheduler_job.py:190} INFO - Processing /home/encrypted/abaceti/.virtualenvs/pumpwood-airflow-images/lib/python3.6/site-packages/airflow/example_dags/example_xcom.py took 0.035 seconds
[2021-06-07 18:41:20,016] {scheduler_job.py:182} INFO - Started process (PID=6232) to work on /home/encrypted/abaceti/.virtualenvs/pumpwood-airflow-images/lib/python3.6/site-packages/airflow/example_dags/example_xcom.py
[2021-06-07 18:41:20,016] {scheduler_job.py:633} INFO - Processing file /home/encrypted/abaceti/.virtualenvs/pumpwood-airflow-images/lib/python3.6/site-packages/airflow/example_dags/example_xcom.py for tasks to queue
[2021-06-07 18:41:20,017] {logging_mixin.py:104} INFO - [2021-06-07 18:41:20,017] {dagbag.py:487} INFO - Filling up the DagBag from /home/encrypted/abaceti/.virtualenvs/pumpwood-airflow-images/lib/python3.6/site-packages/airflow/example_dags/example_xcom.py
[2021-06-07 18:41:20,022] {scheduler_job.py:643} INFO - DAG(s) dict_keys(['example_xcom']) retrieved from /home/encrypted/abaceti/.virtualenvs/pumpwood-airflow-images/lib/python3.6/site-packages/airflow/example_dags/example_xcom.py
[2021-06-07 18:41:20,037] {logging_mixin.py:104} INFO - [2021-06-07 18:41:20,037] {dag.py:1832} INFO - Sync 1 DAGs
[2021-06-07 18:41:20,045] {logging_mixin.py:104} INFO - [2021-06-07 18:41:20,045] {dag.py:2305} INFO - Setting next_dagrun for example_xcom to 2021-06-05 00:00:00+00:00
[2021-06-07 18:41:20,051] {scheduler_job.py:190} INFO - Processing /home/encrypted/abaceti/.virtualenvs/pumpwood-airflow-images/lib/python3.6/site-packages/airflow/example_dags/example_xcom.py took 0.037 seconds
[2021-06-07 18:41:50,259] {scheduler_job.py:182} INFO - Started process (PID=6402) to work on /home/encrypted/abaceti/.virtualenvs/pumpwood-airflow-images/lib/python3.6/site-packages/airflow/example_dags/example_xcom.py
[2021-06-07 18:41:50,260] {scheduler_job.py:633} INFO - Processing file /home/encrypted/abaceti/.virtualenvs/pumpwood-airflow-images/lib/python3.6/site-packages/airflow/example_dags/example_xcom.py for tasks to queue
[2021-06-07 18:41:50,260] {logging_mixin.py:104} INFO - [2021-06-07 18:41:50,260] {dagbag.py:487} INFO - Filling up the DagBag from /home/encrypted/abaceti/.virtualenvs/pumpwood-airflow-images/lib/python3.6/site-packages/airflow/example_dags/example_xcom.py
[2021-06-07 18:41:50,265] {scheduler_job.py:643} INFO - DAG(s) dict_keys(['example_xcom']) retrieved from /home/encrypted/abaceti/.virtualenvs/pumpwood-airflow-images/lib/python3.6/site-packages/airflow/example_dags/example_xcom.py
[2021-06-07 18:41:50,281] {logging_mixin.py:104} INFO - [2021-06-07 18:41:50,281] {dag.py:1832} INFO - Sync 1 DAGs
[2021-06-07 18:41:50,289] {logging_mixin.py:104} INFO - [2021-06-07 18:41:50,289] {dag.py:2305} INFO - Setting next_dagrun for example_xcom to 2021-06-05 00:00:00+00:00
[2021-06-07 18:41:50,295] {scheduler_job.py:190} INFO - Processing /home/encrypted/abaceti/.virtualenvs/pumpwood-airflow-images/lib/python3.6/site-packages/airflow/example_dags/example_xcom.py took 0.038 seconds
[2021-06-07 18:42:20,407] {scheduler_job.py:182} INFO - Started process (PID=6521) to work on /home/encrypted/abaceti/.virtualenvs/pumpwood-airflow-images/lib/python3.6/site-packages/airflow/example_dags/example_xcom.py
[2021-06-07 18:42:20,407] {scheduler_job.py:633} INFO - Processing file /home/encrypted/abaceti/.virtualenvs/pumpwood-airflow-images/lib/python3.6/site-packages/airflow/example_dags/example_xcom.py for tasks to queue
[2021-06-07 18:42:20,408] {logging_mixin.py:104} INFO - [2021-06-07 18:42:20,408] {dagbag.py:487} INFO - Filling up the DagBag from /home/encrypted/abaceti/.virtualenvs/pumpwood-airflow-images/lib/python3.6/site-packages/airflow/example_dags/example_xcom.py
[2021-06-07 18:42:20,413] {scheduler_job.py:643} INFO - DAG(s) dict_keys(['example_xcom']) retrieved from /home/encrypted/abaceti/.virtualenvs/pumpwood-airflow-images/lib/python3.6/site-packages/airflow/example_dags/example_xcom.py
[2021-06-07 18:42:20,431] {logging_mixin.py:104} INFO - [2021-06-07 18:42:20,431] {dag.py:1832} INFO - Sync 1 DAGs
[2021-06-07 18:42:20,442] {logging_mixin.py:104} INFO - [2021-06-07 18:42:20,442] {dag.py:2305} INFO - Setting next_dagrun for example_xcom to 2021-06-05 00:00:00+00:00
[2021-06-07 18:42:20,448] {scheduler_job.py:190} INFO - Processing /home/encrypted/abaceti/.virtualenvs/pumpwood-airflow-images/lib/python3.6/site-packages/airflow/example_dags/example_xcom.py took 0.043 seconds
[2021-06-07 18:42:50,657] {scheduler_job.py:182} INFO - Started process (PID=6697) to work on /home/encrypted/abaceti/.virtualenvs/pumpwood-airflow-images/lib/python3.6/site-packages/airflow/example_dags/example_xcom.py
[2021-06-07 18:42:50,657] {scheduler_job.py:633} INFO - Processing file /home/encrypted/abaceti/.virtualenvs/pumpwood-airflow-images/lib/python3.6/site-packages/airflow/example_dags/example_xcom.py for tasks to queue
[2021-06-07 18:42:50,658] {logging_mixin.py:104} INFO - [2021-06-07 18:42:50,658] {dagbag.py:487} INFO - Filling up the DagBag from /home/encrypted/abaceti/.virtualenvs/pumpwood-airflow-images/lib/python3.6/site-packages/airflow/example_dags/example_xcom.py
[2021-06-07 18:42:50,663] {scheduler_job.py:643} INFO - DAG(s) dict_keys(['example_xcom']) retrieved from /home/encrypted/abaceti/.virtualenvs/pumpwood-airflow-images/lib/python3.6/site-packages/airflow/example_dags/example_xcom.py
[2021-06-07 18:42:50,677] {logging_mixin.py:104} INFO - [2021-06-07 18:42:50,677] {dag.py:1832} INFO - Sync 1 DAGs
[2021-06-07 18:42:50,685] {logging_mixin.py:104} INFO - [2021-06-07 18:42:50,684] {dag.py:2305} INFO - Setting next_dagrun for example_xcom to 2021-06-05 00:00:00+00:00
[2021-06-07 18:42:50,690] {scheduler_job.py:190} INFO - Processing /home/encrypted/abaceti/.virtualenvs/pumpwood-airflow-images/lib/python3.6/site-packages/airflow/example_dags/example_xcom.py took 0.034 seconds
[2021-06-07 18:43:21,682] {scheduler_job.py:182} INFO - Started process (PID=6949) to work on /home/encrypted/abaceti/.virtualenvs/pumpwood-airflow-images/lib/python3.6/site-packages/airflow/example_dags/example_xcom.py
[2021-06-07 18:43:21,682] {scheduler_job.py:633} INFO - Processing file /home/encrypted/abaceti/.virtualenvs/pumpwood-airflow-images/lib/python3.6/site-packages/airflow/example_dags/example_xcom.py for tasks to queue
[2021-06-07 18:43:21,683] {logging_mixin.py:104} INFO - [2021-06-07 18:43:21,683] {dagbag.py:487} INFO - Filling up the DagBag from /home/encrypted/abaceti/.virtualenvs/pumpwood-airflow-images/lib/python3.6/site-packages/airflow/example_dags/example_xcom.py
[2021-06-07 18:43:21,688] {scheduler_job.py:643} INFO - DAG(s) dict_keys(['example_xcom']) retrieved from /home/encrypted/abaceti/.virtualenvs/pumpwood-airflow-images/lib/python3.6/site-packages/airflow/example_dags/example_xcom.py
[2021-06-07 18:43:21,702] {logging_mixin.py:104} INFO - [2021-06-07 18:43:21,702] {dag.py:1832} INFO - Sync 1 DAGs
[2021-06-07 18:43:21,711] {logging_mixin.py:104} INFO - [2021-06-07 18:43:21,711] {dag.py:2305} INFO - Setting next_dagrun for example_xcom to 2021-06-05 00:00:00+00:00
[2021-06-07 18:43:21,716] {scheduler_job.py:190} INFO - Processing /home/encrypted/abaceti/.virtualenvs/pumpwood-airflow-images/lib/python3.6/site-packages/airflow/example_dags/example_xcom.py took 0.035 seconds
[2021-06-07 18:43:51,762] {scheduler_job.py:182} INFO - Started process (PID=7193) to work on /home/encrypted/abaceti/.virtualenvs/pumpwood-airflow-images/lib/python3.6/site-packages/airflow/example_dags/example_xcom.py
[2021-06-07 18:43:51,763] {scheduler_job.py:633} INFO - Processing file /home/encrypted/abaceti/.virtualenvs/pumpwood-airflow-images/lib/python3.6/site-packages/airflow/example_dags/example_xcom.py for tasks to queue
[2021-06-07 18:43:51,763] {logging_mixin.py:104} INFO - [2021-06-07 18:43:51,763] {dagbag.py:487} INFO - Filling up the DagBag from /home/encrypted/abaceti/.virtualenvs/pumpwood-airflow-images/lib/python3.6/site-packages/airflow/example_dags/example_xcom.py
[2021-06-07 18:43:51,768] {scheduler_job.py:643} INFO - DAG(s) dict_keys(['example_xcom']) retrieved from /home/encrypted/abaceti/.virtualenvs/pumpwood-airflow-images/lib/python3.6/site-packages/airflow/example_dags/example_xcom.py
[2021-06-07 18:43:51,782] {logging_mixin.py:104} INFO - [2021-06-07 18:43:51,782] {dag.py:1832} INFO - Sync 1 DAGs
[2021-06-07 18:43:51,790] {logging_mixin.py:104} INFO - [2021-06-07 18:43:51,790] {dag.py:2305} INFO - Setting next_dagrun for example_xcom to 2021-06-05 00:00:00+00:00
[2021-06-07 18:43:51,794] {scheduler_job.py:190} INFO - Processing /home/encrypted/abaceti/.virtualenvs/pumpwood-airflow-images/lib/python3.6/site-packages/airflow/example_dags/example_xcom.py took 0.033 seconds
[2021-06-07 18:44:21,855] {scheduler_job.py:182} INFO - Started process (PID=7319) to work on /home/encrypted/abaceti/.virtualenvs/pumpwood-airflow-images/lib/python3.6/site-packages/airflow/example_dags/example_xcom.py
[2021-06-07 18:44:21,856] {scheduler_job.py:633} INFO - Processing file /home/encrypted/abaceti/.virtualenvs/pumpwood-airflow-images/lib/python3.6/site-packages/airflow/example_dags/example_xcom.py for tasks to queue
[2021-06-07 18:44:21,856] {logging_mixin.py:104} INFO - [2021-06-07 18:44:21,856] {dagbag.py:487} INFO - Filling up the DagBag from /home/encrypted/abaceti/.virtualenvs/pumpwood-airflow-images/lib/python3.6/site-packages/airflow/example_dags/example_xcom.py
[2021-06-07 18:44:21,861] {scheduler_job.py:643} INFO - DAG(s) dict_keys(['example_xcom']) retrieved from /home/encrypted/abaceti/.virtualenvs/pumpwood-airflow-images/lib/python3.6/site-packages/airflow/example_dags/example_xcom.py
[2021-06-07 18:44:21,876] {logging_mixin.py:104} INFO - [2021-06-07 18:44:21,876] {dag.py:1832} INFO - Sync 1 DAGs
[2021-06-07 18:44:21,884] {logging_mixin.py:104} INFO - [2021-06-07 18:44:21,884] {dag.py:2305} INFO - Setting next_dagrun for example_xcom to 2021-06-05 00:00:00+00:00
[2021-06-07 18:44:21,889] {scheduler_job.py:190} INFO - Processing /home/encrypted/abaceti/.virtualenvs/pumpwood-airflow-images/lib/python3.6/site-packages/airflow/example_dags/example_xcom.py took 0.035 seconds
[2021-06-07 18:44:51,996] {scheduler_job.py:182} INFO - Started process (PID=7481) to work on /home/encrypted/abaceti/.virtualenvs/pumpwood-airflow-images/lib/python3.6/site-packages/airflow/example_dags/example_xcom.py
[2021-06-07 18:44:51,997] {scheduler_job.py:633} INFO - Processing file /home/encrypted/abaceti/.virtualenvs/pumpwood-airflow-images/lib/python3.6/site-packages/airflow/example_dags/example_xcom.py for tasks to queue
[2021-06-07 18:44:51,997] {logging_mixin.py:104} INFO - [2021-06-07 18:44:51,997] {dagbag.py:487} INFO - Filling up the DagBag from /home/encrypted/abaceti/.virtualenvs/pumpwood-airflow-images/lib/python3.6/site-packages/airflow/example_dags/example_xcom.py
[2021-06-07 18:44:52,002] {scheduler_job.py:643} INFO - DAG(s) dict_keys(['example_xcom']) retrieved from /home/encrypted/abaceti/.virtualenvs/pumpwood-airflow-images/lib/python3.6/site-packages/airflow/example_dags/example_xcom.py
[2021-06-07 18:44:52,016] {logging_mixin.py:104} INFO - [2021-06-07 18:44:52,016] {dag.py:1832} INFO - Sync 1 DAGs
[2021-06-07 18:44:52,025] {logging_mixin.py:104} INFO - [2021-06-07 18:44:52,024] {dag.py:2305} INFO - Setting next_dagrun for example_xcom to 2021-06-05 00:00:00+00:00
[2021-06-07 18:44:52,032] {scheduler_job.py:190} INFO - Processing /home/encrypted/abaceti/.virtualenvs/pumpwood-airflow-images/lib/python3.6/site-packages/airflow/example_dags/example_xcom.py took 0.037 seconds
[2021-06-07 18:45:22,981] {scheduler_job.py:182} INFO - Started process (PID=7612) to work on /home/encrypted/abaceti/.virtualenvs/pumpwood-airflow-images/lib/python3.6/site-packages/airflow/example_dags/example_xcom.py
[2021-06-07 18:45:22,982] {scheduler_job.py:633} INFO - Processing file /home/encrypted/abaceti/.virtualenvs/pumpwood-airflow-images/lib/python3.6/site-packages/airflow/example_dags/example_xcom.py for tasks to queue
[2021-06-07 18:45:22,982] {logging_mixin.py:104} INFO - [2021-06-07 18:45:22,982] {dagbag.py:487} INFO - Filling up the DagBag from /home/encrypted/abaceti/.virtualenvs/pumpwood-airflow-images/lib/python3.6/site-packages/airflow/example_dags/example_xcom.py
[2021-06-07 18:45:22,989] {scheduler_job.py:643} INFO - DAG(s) dict_keys(['example_xcom']) retrieved from /home/encrypted/abaceti/.virtualenvs/pumpwood-airflow-images/lib/python3.6/site-packages/airflow/example_dags/example_xcom.py
[2021-06-07 18:45:23,004] {logging_mixin.py:104} INFO - [2021-06-07 18:45:23,004] {dag.py:1832} INFO - Sync 1 DAGs
[2021-06-07 18:45:23,012] {logging_mixin.py:104} INFO - [2021-06-07 18:45:23,012] {dag.py:2305} INFO - Setting next_dagrun for example_xcom to 2021-06-05 00:00:00+00:00
[2021-06-07 18:45:23,018] {scheduler_job.py:190} INFO - Processing /home/encrypted/abaceti/.virtualenvs/pumpwood-airflow-images/lib/python3.6/site-packages/airflow/example_dags/example_xcom.py took 0.038 seconds
[2021-06-07 18:45:53,083] {scheduler_job.py:182} INFO - Started process (PID=7779) to work on /home/encrypted/abaceti/.virtualenvs/pumpwood-airflow-images/lib/python3.6/site-packages/airflow/example_dags/example_xcom.py
[2021-06-07 18:45:53,084] {scheduler_job.py:633} INFO - Processing file /home/encrypted/abaceti/.virtualenvs/pumpwood-airflow-images/lib/python3.6/site-packages/airflow/example_dags/example_xcom.py for tasks to queue
[2021-06-07 18:45:53,084] {logging_mixin.py:104} INFO - [2021-06-07 18:45:53,084] {dagbag.py:487} INFO - Filling up the DagBag from /home/encrypted/abaceti/.virtualenvs/pumpwood-airflow-images/lib/python3.6/site-packages/airflow/example_dags/example_xcom.py
[2021-06-07 18:45:53,090] {scheduler_job.py:643} INFO - DAG(s) dict_keys(['example_xcom']) retrieved from /home/encrypted/abaceti/.virtualenvs/pumpwood-airflow-images/lib/python3.6/site-packages/airflow/example_dags/example_xcom.py
[2021-06-07 18:45:53,104] {logging_mixin.py:104} INFO - [2021-06-07 18:45:53,104] {dag.py:1832} INFO - Sync 1 DAGs
[2021-06-07 18:45:53,112] {logging_mixin.py:104} INFO - [2021-06-07 18:45:53,112] {dag.py:2305} INFO - Setting next_dagrun for example_xcom to 2021-06-05 00:00:00+00:00
[2021-06-07 18:45:53,118] {scheduler_job.py:190} INFO - Processing /home/encrypted/abaceti/.virtualenvs/pumpwood-airflow-images/lib/python3.6/site-packages/airflow/example_dags/example_xcom.py took 0.036 seconds
[2021-06-07 18:46:23,238] {scheduler_job.py:182} INFO - Started process (PID=7898) to work on /home/encrypted/abaceti/.virtualenvs/pumpwood-airflow-images/lib/python3.6/site-packages/airflow/example_dags/example_xcom.py
[2021-06-07 18:46:23,239] {scheduler_job.py:633} INFO - Processing file /home/encrypted/abaceti/.virtualenvs/pumpwood-airflow-images/lib/python3.6/site-packages/airflow/example_dags/example_xcom.py for tasks to queue
[2021-06-07 18:46:23,239] {logging_mixin.py:104} INFO - [2021-06-07 18:46:23,239] {dagbag.py:487} INFO - Filling up the DagBag from /home/encrypted/abaceti/.virtualenvs/pumpwood-airflow-images/lib/python3.6/site-packages/airflow/example_dags/example_xcom.py
[2021-06-07 18:46:23,244] {scheduler_job.py:643} INFO - DAG(s) dict_keys(['example_xcom']) retrieved from /home/encrypted/abaceti/.virtualenvs/pumpwood-airflow-images/lib/python3.6/site-packages/airflow/example_dags/example_xcom.py
[2021-06-07 18:46:23,259] {logging_mixin.py:104} INFO - [2021-06-07 18:46:23,259] {dag.py:1832} INFO - Sync 1 DAGs
[2021-06-07 18:46:23,268] {logging_mixin.py:104} INFO - [2021-06-07 18:46:23,268] {dag.py:2305} INFO - Setting next_dagrun for example_xcom to 2021-06-05 00:00:00+00:00
[2021-06-07 18:46:23,274] {scheduler_job.py:190} INFO - Processing /home/encrypted/abaceti/.virtualenvs/pumpwood-airflow-images/lib/python3.6/site-packages/airflow/example_dags/example_xcom.py took 0.037 seconds
[2021-06-07 18:46:53,400] {scheduler_job.py:182} INFO - Started process (PID=8086) to work on /home/encrypted/abaceti/.virtualenvs/pumpwood-airflow-images/lib/python3.6/site-packages/airflow/example_dags/example_xcom.py
[2021-06-07 18:46:53,401] {scheduler_job.py:633} INFO - Processing file /home/encrypted/abaceti/.virtualenvs/pumpwood-airflow-images/lib/python3.6/site-packages/airflow/example_dags/example_xcom.py for tasks to queue
[2021-06-07 18:46:53,401] {logging_mixin.py:104} INFO - [2021-06-07 18:46:53,401] {dagbag.py:487} INFO - Filling up the DagBag from /home/encrypted/abaceti/.virtualenvs/pumpwood-airflow-images/lib/python3.6/site-packages/airflow/example_dags/example_xcom.py
[2021-06-07 18:46:53,406] {scheduler_job.py:643} INFO - DAG(s) dict_keys(['example_xcom']) retrieved from /home/encrypted/abaceti/.virtualenvs/pumpwood-airflow-images/lib/python3.6/site-packages/airflow/example_dags/example_xcom.py
[2021-06-07 18:46:53,423] {logging_mixin.py:104} INFO - [2021-06-07 18:46:53,423] {dag.py:1832} INFO - Sync 1 DAGs
[2021-06-07 18:46:53,431] {logging_mixin.py:104} INFO - [2021-06-07 18:46:53,431] {dag.py:2305} INFO - Setting next_dagrun for example_xcom to 2021-06-05 00:00:00+00:00
[2021-06-07 18:46:53,436] {scheduler_job.py:190} INFO - Processing /home/encrypted/abaceti/.virtualenvs/pumpwood-airflow-images/lib/python3.6/site-packages/airflow/example_dags/example_xcom.py took 0.037 seconds
[2021-06-07 18:47:23,557] {scheduler_job.py:182} INFO - Started process (PID=8221) to work on /home/encrypted/abaceti/.virtualenvs/pumpwood-airflow-images/lib/python3.6/site-packages/airflow/example_dags/example_xcom.py
[2021-06-07 18:47:23,558] {scheduler_job.py:633} INFO - Processing file /home/encrypted/abaceti/.virtualenvs/pumpwood-airflow-images/lib/python3.6/site-packages/airflow/example_dags/example_xcom.py for tasks to queue
[2021-06-07 18:47:23,558] {logging_mixin.py:104} INFO - [2021-06-07 18:47:23,558] {dagbag.py:487} INFO - Filling up the DagBag from /home/encrypted/abaceti/.virtualenvs/pumpwood-airflow-images/lib/python3.6/site-packages/airflow/example_dags/example_xcom.py
[2021-06-07 18:47:23,564] {scheduler_job.py:643} INFO - DAG(s) dict_keys(['example_xcom']) retrieved from /home/encrypted/abaceti/.virtualenvs/pumpwood-airflow-images/lib/python3.6/site-packages/airflow/example_dags/example_xcom.py
[2021-06-07 18:47:23,580] {logging_mixin.py:104} INFO - [2021-06-07 18:47:23,580] {dag.py:1832} INFO - Sync 1 DAGs
[2021-06-07 18:47:23,589] {logging_mixin.py:104} INFO - [2021-06-07 18:47:23,589] {dag.py:2305} INFO - Setting next_dagrun for example_xcom to 2021-06-05 00:00:00+00:00
[2021-06-07 18:47:23,594] {scheduler_job.py:190} INFO - Processing /home/encrypted/abaceti/.virtualenvs/pumpwood-airflow-images/lib/python3.6/site-packages/airflow/example_dags/example_xcom.py took 0.038 seconds
[2021-06-07 18:47:53,708] {scheduler_job.py:182} INFO - Started process (PID=8441) to work on /home/encrypted/abaceti/.virtualenvs/pumpwood-airflow-images/lib/python3.6/site-packages/airflow/example_dags/example_xcom.py
[2021-06-07 18:47:53,709] {scheduler_job.py:633} INFO - Processing file /home/encrypted/abaceti/.virtualenvs/pumpwood-airflow-images/lib/python3.6/site-packages/airflow/example_dags/example_xcom.py for tasks to queue
[2021-06-07 18:47:53,709] {logging_mixin.py:104} INFO - [2021-06-07 18:47:53,709] {dagbag.py:487} INFO - Filling up the DagBag from /home/encrypted/abaceti/.virtualenvs/pumpwood-airflow-images/lib/python3.6/site-packages/airflow/example_dags/example_xcom.py
[2021-06-07 18:47:53,715] {scheduler_job.py:643} INFO - DAG(s) dict_keys(['example_xcom']) retrieved from /home/encrypted/abaceti/.virtualenvs/pumpwood-airflow-images/lib/python3.6/site-packages/airflow/example_dags/example_xcom.py
[2021-06-07 18:47:53,730] {logging_mixin.py:104} INFO - [2021-06-07 18:47:53,730] {dag.py:1832} INFO - Sync 1 DAGs
[2021-06-07 18:47:53,739] {logging_mixin.py:104} INFO - [2021-06-07 18:47:53,739] {dag.py:2305} INFO - Setting next_dagrun for example_xcom to 2021-06-05 00:00:00+00:00
[2021-06-07 18:47:53,744] {scheduler_job.py:190} INFO - Processing /home/encrypted/abaceti/.virtualenvs/pumpwood-airflow-images/lib/python3.6/site-packages/airflow/example_dags/example_xcom.py took 0.038 seconds
[2021-06-07 18:48:23,885] {scheduler_job.py:182} INFO - Started process (PID=8657) to work on /home/encrypted/abaceti/.virtualenvs/pumpwood-airflow-images/lib/python3.6/site-packages/airflow/example_dags/example_xcom.py
[2021-06-07 18:48:23,885] {scheduler_job.py:633} INFO - Processing file /home/encrypted/abaceti/.virtualenvs/pumpwood-airflow-images/lib/python3.6/site-packages/airflow/example_dags/example_xcom.py for tasks to queue
[2021-06-07 18:48:23,885] {logging_mixin.py:104} INFO - [2021-06-07 18:48:23,885] {dagbag.py:487} INFO - Filling up the DagBag from /home/encrypted/abaceti/.virtualenvs/pumpwood-airflow-images/lib/python3.6/site-packages/airflow/example_dags/example_xcom.py
[2021-06-07 18:48:23,892] {scheduler_job.py:643} INFO - DAG(s) dict_keys(['example_xcom']) retrieved from /home/encrypted/abaceti/.virtualenvs/pumpwood-airflow-images/lib/python3.6/site-packages/airflow/example_dags/example_xcom.py
[2021-06-07 18:48:23,906] {logging_mixin.py:104} INFO - [2021-06-07 18:48:23,906] {dag.py:1832} INFO - Sync 1 DAGs
[2021-06-07 18:48:23,915] {logging_mixin.py:104} INFO - [2021-06-07 18:48:23,915] {dag.py:2305} INFO - Setting next_dagrun for example_xcom to 2021-06-05 00:00:00+00:00
[2021-06-07 18:48:23,920] {scheduler_job.py:190} INFO - Processing /home/encrypted/abaceti/.virtualenvs/pumpwood-airflow-images/lib/python3.6/site-packages/airflow/example_dags/example_xcom.py took 0.037 seconds
[2021-06-07 18:48:49,235] {scheduler_job.py:182} INFO - Started process (PID=8849) to work on /home/encrypted/abaceti/.virtualenvs/pumpwood-airflow-images/lib/python3.6/site-packages/airflow/example_dags/example_xcom.py
[2021-06-07 18:48:49,236] {scheduler_job.py:633} INFO - Processing file /home/encrypted/abaceti/.virtualenvs/pumpwood-airflow-images/lib/python3.6/site-packages/airflow/example_dags/example_xcom.py for tasks to queue
[2021-06-07 18:48:49,236] {logging_mixin.py:104} INFO - [2021-06-07 18:48:49,236] {dagbag.py:487} INFO - Filling up the DagBag from /home/encrypted/abaceti/.virtualenvs/pumpwood-airflow-images/lib/python3.6/site-packages/airflow/example_dags/example_xcom.py
[2021-06-07 18:48:49,241] {scheduler_job.py:643} INFO - DAG(s) dict_keys(['example_xcom']) retrieved from /home/encrypted/abaceti/.virtualenvs/pumpwood-airflow-images/lib/python3.6/site-packages/airflow/example_dags/example_xcom.py
[2021-06-07 18:48:49,256] {logging_mixin.py:104} INFO - [2021-06-07 18:48:49,256] {dag.py:1832} INFO - Sync 1 DAGs
[2021-06-07 18:48:49,264] {logging_mixin.py:104} INFO - [2021-06-07 18:48:49,264] {dag.py:2305} INFO - Setting next_dagrun for example_xcom to 2021-06-05 00:00:00+00:00
[2021-06-07 18:48:49,269] {scheduler_job.py:190} INFO - Processing /home/encrypted/abaceti/.virtualenvs/pumpwood-airflow-images/lib/python3.6/site-packages/airflow/example_dags/example_xcom.py took 0.035 seconds
[2021-06-07 18:49:20,142] {scheduler_job.py:182} INFO - Started process (PID=8971) to work on /home/encrypted/abaceti/.virtualenvs/pumpwood-airflow-images/lib/python3.6/site-packages/airflow/example_dags/example_xcom.py
[2021-06-07 18:49:20,143] {scheduler_job.py:633} INFO - Processing file /home/encrypted/abaceti/.virtualenvs/pumpwood-airflow-images/lib/python3.6/site-packages/airflow/example_dags/example_xcom.py for tasks to queue
[2021-06-07 18:49:20,143] {logging_mixin.py:104} INFO - [2021-06-07 18:49:20,143] {dagbag.py:487} INFO - Filling up the DagBag from /home/encrypted/abaceti/.virtualenvs/pumpwood-airflow-images/lib/python3.6/site-packages/airflow/example_dags/example_xcom.py
[2021-06-07 18:49:20,148] {scheduler_job.py:643} INFO - DAG(s) dict_keys(['example_xcom']) retrieved from /home/encrypted/abaceti/.virtualenvs/pumpwood-airflow-images/lib/python3.6/site-packages/airflow/example_dags/example_xcom.py
[2021-06-07 18:49:20,162] {logging_mixin.py:104} INFO - [2021-06-07 18:49:20,162] {dag.py:1832} INFO - Sync 1 DAGs
[2021-06-07 18:49:20,170] {logging_mixin.py:104} INFO - [2021-06-07 18:49:20,170] {dag.py:2305} INFO - Setting next_dagrun for example_xcom to 2021-06-05 00:00:00+00:00
[2021-06-07 18:49:20,176] {scheduler_job.py:190} INFO - Processing /home/encrypted/abaceti/.virtualenvs/pumpwood-airflow-images/lib/python3.6/site-packages/airflow/example_dags/example_xcom.py took 0.035 seconds
[2021-06-07 18:49:50,206] {scheduler_job.py:182} INFO - Started process (PID=9144) to work on /home/encrypted/abaceti/.virtualenvs/pumpwood-airflow-images/lib/python3.6/site-packages/airflow/example_dags/example_xcom.py
[2021-06-07 18:49:50,206] {scheduler_job.py:633} INFO - Processing file /home/encrypted/abaceti/.virtualenvs/pumpwood-airflow-images/lib/python3.6/site-packages/airflow/example_dags/example_xcom.py for tasks to queue
[2021-06-07 18:49:50,207] {logging_mixin.py:104} INFO - [2021-06-07 18:49:50,207] {dagbag.py:487} INFO - Filling up the DagBag from /home/encrypted/abaceti/.virtualenvs/pumpwood-airflow-images/lib/python3.6/site-packages/airflow/example_dags/example_xcom.py
[2021-06-07 18:49:50,212] {scheduler_job.py:643} INFO - DAG(s) dict_keys(['example_xcom']) retrieved from /home/encrypted/abaceti/.virtualenvs/pumpwood-airflow-images/lib/python3.6/site-packages/airflow/example_dags/example_xcom.py
[2021-06-07 18:49:50,225] {logging_mixin.py:104} INFO - [2021-06-07 18:49:50,225] {dag.py:1832} INFO - Sync 1 DAGs
[2021-06-07 18:49:50,233] {logging_mixin.py:104} INFO - [2021-06-07 18:49:50,233] {dag.py:2305} INFO - Setting next_dagrun for example_xcom to 2021-06-05 00:00:00+00:00
[2021-06-07 18:49:50,238] {scheduler_job.py:190} INFO - Processing /home/encrypted/abaceti/.virtualenvs/pumpwood-airflow-images/lib/python3.6/site-packages/airflow/example_dags/example_xcom.py took 0.033 seconds
[2021-06-07 18:50:20,634] {scheduler_job.py:182} INFO - Started process (PID=9387) to work on /home/encrypted/abaceti/.virtualenvs/pumpwood-airflow-images/lib/python3.6/site-packages/airflow/example_dags/example_xcom.py
[2021-06-07 18:50:20,634] {scheduler_job.py:633} INFO - Processing file /home/encrypted/abaceti/.virtualenvs/pumpwood-airflow-images/lib/python3.6/site-packages/airflow/example_dags/example_xcom.py for tasks to queue
[2021-06-07 18:50:20,634] {logging_mixin.py:104} INFO - [2021-06-07 18:50:20,634] {dagbag.py:487} INFO - Filling up the DagBag from /home/encrypted/abaceti/.virtualenvs/pumpwood-airflow-images/lib/python3.6/site-packages/airflow/example_dags/example_xcom.py
[2021-06-07 18:50:20,639] {scheduler_job.py:643} INFO - DAG(s) dict_keys(['example_xcom']) retrieved from /home/encrypted/abaceti/.virtualenvs/pumpwood-airflow-images/lib/python3.6/site-packages/airflow/example_dags/example_xcom.py
[2021-06-07 18:50:20,654] {logging_mixin.py:104} INFO - [2021-06-07 18:50:20,654] {dag.py:1832} INFO - Sync 1 DAGs
[2021-06-07 18:50:20,662] {logging_mixin.py:104} INFO - [2021-06-07 18:50:20,662] {dag.py:2305} INFO - Setting next_dagrun for example_xcom to 2021-06-05 00:00:00+00:00
[2021-06-07 18:50:20,667] {scheduler_job.py:190} INFO - Processing /home/encrypted/abaceti/.virtualenvs/pumpwood-airflow-images/lib/python3.6/site-packages/airflow/example_dags/example_xcom.py took 0.035 seconds
[2021-06-07 18:50:50,755] {scheduler_job.py:182} INFO - Started process (PID=9543) to work on /home/encrypted/abaceti/.virtualenvs/pumpwood-airflow-images/lib/python3.6/site-packages/airflow/example_dags/example_xcom.py
[2021-06-07 18:50:50,756] {scheduler_job.py:633} INFO - Processing file /home/encrypted/abaceti/.virtualenvs/pumpwood-airflow-images/lib/python3.6/site-packages/airflow/example_dags/example_xcom.py for tasks to queue
[2021-06-07 18:50:50,756] {logging_mixin.py:104} INFO - [2021-06-07 18:50:50,756] {dagbag.py:487} INFO - Filling up the DagBag from /home/encrypted/abaceti/.virtualenvs/pumpwood-airflow-images/lib/python3.6/site-packages/airflow/example_dags/example_xcom.py
[2021-06-07 18:50:50,762] {scheduler_job.py:643} INFO - DAG(s) dict_keys(['example_xcom']) retrieved from /home/encrypted/abaceti/.virtualenvs/pumpwood-airflow-images/lib/python3.6/site-packages/airflow/example_dags/example_xcom.py
[2021-06-07 18:50:50,777] {logging_mixin.py:104} INFO - [2021-06-07 18:50:50,777] {dag.py:1832} INFO - Sync 1 DAGs
[2021-06-07 18:50:50,786] {logging_mixin.py:104} INFO - [2021-06-07 18:50:50,786] {dag.py:2305} INFO - Setting next_dagrun for example_xcom to 2021-06-05 00:00:00+00:00
[2021-06-07 18:50:50,793] {scheduler_job.py:190} INFO - Processing /home/encrypted/abaceti/.virtualenvs/pumpwood-airflow-images/lib/python3.6/site-packages/airflow/example_dags/example_xcom.py took 0.039 seconds
[2021-06-07 18:51:21,033] {scheduler_job.py:182} INFO - Started process (PID=9659) to work on /home/encrypted/abaceti/.virtualenvs/pumpwood-airflow-images/lib/python3.6/site-packages/airflow/example_dags/example_xcom.py
[2021-06-07 18:51:21,034] {scheduler_job.py:633} INFO - Processing file /home/encrypted/abaceti/.virtualenvs/pumpwood-airflow-images/lib/python3.6/site-packages/airflow/example_dags/example_xcom.py for tasks to queue
[2021-06-07 18:51:21,035] {logging_mixin.py:104} INFO - [2021-06-07 18:51:21,034] {dagbag.py:487} INFO - Filling up the DagBag from /home/encrypted/abaceti/.virtualenvs/pumpwood-airflow-images/lib/python3.6/site-packages/airflow/example_dags/example_xcom.py
[2021-06-07 18:51:21,041] {scheduler_job.py:643} INFO - DAG(s) dict_keys(['example_xcom']) retrieved from /home/encrypted/abaceti/.virtualenvs/pumpwood-airflow-images/lib/python3.6/site-packages/airflow/example_dags/example_xcom.py
[2021-06-07 18:51:21,055] {logging_mixin.py:104} INFO - [2021-06-07 18:51:21,055] {dag.py:1832} INFO - Sync 1 DAGs
[2021-06-07 18:51:21,064] {logging_mixin.py:104} INFO - [2021-06-07 18:51:21,064] {dag.py:2305} INFO - Setting next_dagrun for example_xcom to 2021-06-05 00:00:00+00:00
[2021-06-07 18:51:21,069] {scheduler_job.py:190} INFO - Processing /home/encrypted/abaceti/.virtualenvs/pumpwood-airflow-images/lib/python3.6/site-packages/airflow/example_dags/example_xcom.py took 0.037 seconds
[2021-06-07 18:51:51,087] {scheduler_job.py:182} INFO - Started process (PID=9824) to work on /home/encrypted/abaceti/.virtualenvs/pumpwood-airflow-images/lib/python3.6/site-packages/airflow/example_dags/example_xcom.py
[2021-06-07 18:51:51,088] {scheduler_job.py:633} INFO - Processing file /home/encrypted/abaceti/.virtualenvs/pumpwood-airflow-images/lib/python3.6/site-packages/airflow/example_dags/example_xcom.py for tasks to queue
[2021-06-07 18:51:51,088] {logging_mixin.py:104} INFO - [2021-06-07 18:51:51,088] {dagbag.py:487} INFO - Filling up the DagBag from /home/encrypted/abaceti/.virtualenvs/pumpwood-airflow-images/lib/python3.6/site-packages/airflow/example_dags/example_xcom.py
[2021-06-07 18:51:51,093] {scheduler_job.py:643} INFO - DAG(s) dict_keys(['example_xcom']) retrieved from /home/encrypted/abaceti/.virtualenvs/pumpwood-airflow-images/lib/python3.6/site-packages/airflow/example_dags/example_xcom.py
[2021-06-07 18:51:51,109] {logging_mixin.py:104} INFO - [2021-06-07 18:51:51,108] {dag.py:1832} INFO - Sync 1 DAGs
[2021-06-07 18:51:51,117] {logging_mixin.py:104} INFO - [2021-06-07 18:51:51,117] {dag.py:2305} INFO - Setting next_dagrun for example_xcom to 2021-06-05 00:00:00+00:00
[2021-06-07 18:51:51,123] {scheduler_job.py:190} INFO - Processing /home/encrypted/abaceti/.virtualenvs/pumpwood-airflow-images/lib/python3.6/site-packages/airflow/example_dags/example_xcom.py took 0.037 seconds
[2021-06-07 18:52:21,307] {scheduler_job.py:182} INFO - Started process (PID=9944) to work on /home/encrypted/abaceti/.virtualenvs/pumpwood-airflow-images/lib/python3.6/site-packages/airflow/example_dags/example_xcom.py
[2021-06-07 18:52:21,307] {scheduler_job.py:633} INFO - Processing file /home/encrypted/abaceti/.virtualenvs/pumpwood-airflow-images/lib/python3.6/site-packages/airflow/example_dags/example_xcom.py for tasks to queue
[2021-06-07 18:52:21,307] {logging_mixin.py:104} INFO - [2021-06-07 18:52:21,307] {dagbag.py:487} INFO - Filling up the DagBag from /home/encrypted/abaceti/.virtualenvs/pumpwood-airflow-images/lib/python3.6/site-packages/airflow/example_dags/example_xcom.py
[2021-06-07 18:52:21,314] {scheduler_job.py:643} INFO - DAG(s) dict_keys(['example_xcom']) retrieved from /home/encrypted/abaceti/.virtualenvs/pumpwood-airflow-images/lib/python3.6/site-packages/airflow/example_dags/example_xcom.py
[2021-06-07 18:52:21,330] {logging_mixin.py:104} INFO - [2021-06-07 18:52:21,330] {dag.py:1832} INFO - Sync 1 DAGs
[2021-06-07 18:52:21,338] {logging_mixin.py:104} INFO - [2021-06-07 18:52:21,338] {dag.py:2305} INFO - Setting next_dagrun for example_xcom to 2021-06-05 00:00:00+00:00
[2021-06-07 18:52:21,344] {scheduler_job.py:190} INFO - Processing /home/encrypted/abaceti/.virtualenvs/pumpwood-airflow-images/lib/python3.6/site-packages/airflow/example_dags/example_xcom.py took 0.038 seconds
[2021-06-07 18:52:51,478] {scheduler_job.py:182} INFO - Started process (PID=10751) to work on /home/encrypted/abaceti/.virtualenvs/pumpwood-airflow-images/lib/python3.6/site-packages/airflow/example_dags/example_xcom.py
[2021-06-07 18:52:51,479] {scheduler_job.py:633} INFO - Processing file /home/encrypted/abaceti/.virtualenvs/pumpwood-airflow-images/lib/python3.6/site-packages/airflow/example_dags/example_xcom.py for tasks to queue
[2021-06-07 18:52:51,479] {logging_mixin.py:104} INFO - [2021-06-07 18:52:51,479] {dagbag.py:487} INFO - Filling up the DagBag from /home/encrypted/abaceti/.virtualenvs/pumpwood-airflow-images/lib/python3.6/site-packages/airflow/example_dags/example_xcom.py
[2021-06-07 18:52:51,484] {scheduler_job.py:643} INFO - DAG(s) dict_keys(['example_xcom']) retrieved from /home/encrypted/abaceti/.virtualenvs/pumpwood-airflow-images/lib/python3.6/site-packages/airflow/example_dags/example_xcom.py
[2021-06-07 18:52:51,498] {logging_mixin.py:104} INFO - [2021-06-07 18:52:51,497] {dag.py:1832} INFO - Sync 1 DAGs
[2021-06-07 18:52:51,506] {logging_mixin.py:104} INFO - [2021-06-07 18:52:51,506] {dag.py:2305} INFO - Setting next_dagrun for example_xcom to 2021-06-05 00:00:00+00:00
[2021-06-07 18:52:51,511] {scheduler_job.py:190} INFO - Processing /home/encrypted/abaceti/.virtualenvs/pumpwood-airflow-images/lib/python3.6/site-packages/airflow/example_dags/example_xcom.py took 0.034 seconds
[2021-06-07 18:53:21,653] {scheduler_job.py:182} INFO - Started process (PID=11077) to work on /home/encrypted/abaceti/.virtualenvs/pumpwood-airflow-images/lib/python3.6/site-packages/airflow/example_dags/example_xcom.py
[2021-06-07 18:53:21,654] {scheduler_job.py:633} INFO - Processing file /home/encrypted/abaceti/.virtualenvs/pumpwood-airflow-images/lib/python3.6/site-packages/airflow/example_dags/example_xcom.py for tasks to queue
[2021-06-07 18:53:21,654] {logging_mixin.py:104} INFO - [2021-06-07 18:53:21,654] {dagbag.py:487} INFO - Filling up the DagBag from /home/encrypted/abaceti/.virtualenvs/pumpwood-airflow-images/lib/python3.6/site-packages/airflow/example_dags/example_xcom.py
[2021-06-07 18:53:21,659] {scheduler_job.py:643} INFO - DAG(s) dict_keys(['example_xcom']) retrieved from /home/encrypted/abaceti/.virtualenvs/pumpwood-airflow-images/lib/python3.6/site-packages/airflow/example_dags/example_xcom.py
[2021-06-07 18:53:21,673] {logging_mixin.py:104} INFO - [2021-06-07 18:53:21,673] {dag.py:1832} INFO - Sync 1 DAGs
[2021-06-07 18:53:21,681] {logging_mixin.py:104} INFO - [2021-06-07 18:53:21,681] {dag.py:2305} INFO - Setting next_dagrun for example_xcom to 2021-06-05 00:00:00+00:00
[2021-06-07 18:53:21,686] {scheduler_job.py:190} INFO - Processing /home/encrypted/abaceti/.virtualenvs/pumpwood-airflow-images/lib/python3.6/site-packages/airflow/example_dags/example_xcom.py took 0.034 seconds
[2021-06-07 18:53:51,908] {scheduler_job.py:182} INFO - Started process (PID=11452) to work on /home/encrypted/abaceti/.virtualenvs/pumpwood-airflow-images/lib/python3.6/site-packages/airflow/example_dags/example_xcom.py
[2021-06-07 18:53:51,909] {scheduler_job.py:633} INFO - Processing file /home/encrypted/abaceti/.virtualenvs/pumpwood-airflow-images/lib/python3.6/site-packages/airflow/example_dags/example_xcom.py for tasks to queue
[2021-06-07 18:53:51,909] {logging_mixin.py:104} INFO - [2021-06-07 18:53:51,909] {dagbag.py:487} INFO - Filling up the DagBag from /home/encrypted/abaceti/.virtualenvs/pumpwood-airflow-images/lib/python3.6/site-packages/airflow/example_dags/example_xcom.py
[2021-06-07 18:53:51,914] {scheduler_job.py:643} INFO - DAG(s) dict_keys(['example_xcom']) retrieved from /home/encrypted/abaceti/.virtualenvs/pumpwood-airflow-images/lib/python3.6/site-packages/airflow/example_dags/example_xcom.py
[2021-06-07 18:53:51,929] {logging_mixin.py:104} INFO - [2021-06-07 18:53:51,929] {dag.py:1832} INFO - Sync 1 DAGs
[2021-06-07 18:53:51,937] {logging_mixin.py:104} INFO - [2021-06-07 18:53:51,937] {dag.py:2305} INFO - Setting next_dagrun for example_xcom to 2021-06-05 00:00:00+00:00
[2021-06-07 18:53:51,943] {scheduler_job.py:190} INFO - Processing /home/encrypted/abaceti/.virtualenvs/pumpwood-airflow-images/lib/python3.6/site-packages/airflow/example_dags/example_xcom.py took 0.036 seconds
[2021-06-07 18:54:22,008] {scheduler_job.py:182} INFO - Started process (PID=11869) to work on /home/encrypted/abaceti/.virtualenvs/pumpwood-airflow-images/lib/python3.6/site-packages/airflow/example_dags/example_xcom.py
[2021-06-07 18:54:22,008] {scheduler_job.py:633} INFO - Processing file /home/encrypted/abaceti/.virtualenvs/pumpwood-airflow-images/lib/python3.6/site-packages/airflow/example_dags/example_xcom.py for tasks to queue
[2021-06-07 18:54:22,009] {logging_mixin.py:104} INFO - [2021-06-07 18:54:22,009] {dagbag.py:487} INFO - Filling up the DagBag from /home/encrypted/abaceti/.virtualenvs/pumpwood-airflow-images/lib/python3.6/site-packages/airflow/example_dags/example_xcom.py
[2021-06-07 18:54:22,014] {scheduler_job.py:643} INFO - DAG(s) dict_keys(['example_xcom']) retrieved from /home/encrypted/abaceti/.virtualenvs/pumpwood-airflow-images/lib/python3.6/site-packages/airflow/example_dags/example_xcom.py
[2021-06-07 18:54:22,029] {logging_mixin.py:104} INFO - [2021-06-07 18:54:22,029] {dag.py:1832} INFO - Sync 1 DAGs
[2021-06-07 18:54:22,038] {logging_mixin.py:104} INFO - [2021-06-07 18:54:22,037] {dag.py:2305} INFO - Setting next_dagrun for example_xcom to 2021-06-05 00:00:00+00:00
[2021-06-07 18:54:22,043] {scheduler_job.py:190} INFO - Processing /home/encrypted/abaceti/.virtualenvs/pumpwood-airflow-images/lib/python3.6/site-packages/airflow/example_dags/example_xcom.py took 0.037 seconds
[2021-06-07 18:54:52,185] {scheduler_job.py:182} INFO - Started process (PID=12080) to work on /home/encrypted/abaceti/.virtualenvs/pumpwood-airflow-images/lib/python3.6/site-packages/airflow/example_dags/example_xcom.py
[2021-06-07 18:54:52,186] {scheduler_job.py:633} INFO - Processing file /home/encrypted/abaceti/.virtualenvs/pumpwood-airflow-images/lib/python3.6/site-packages/airflow/example_dags/example_xcom.py for tasks to queue
[2021-06-07 18:54:52,186] {logging_mixin.py:104} INFO - [2021-06-07 18:54:52,186] {dagbag.py:487} INFO - Filling up the DagBag from /home/encrypted/abaceti/.virtualenvs/pumpwood-airflow-images/lib/python3.6/site-packages/airflow/example_dags/example_xcom.py
[2021-06-07 18:54:52,193] {scheduler_job.py:643} INFO - DAG(s) dict_keys(['example_xcom']) retrieved from /home/encrypted/abaceti/.virtualenvs/pumpwood-airflow-images/lib/python3.6/site-packages/airflow/example_dags/example_xcom.py
[2021-06-07 18:54:52,207] {logging_mixin.py:104} INFO - [2021-06-07 18:54:52,207] {dag.py:1832} INFO - Sync 1 DAGs
[2021-06-07 18:54:52,216] {logging_mixin.py:104} INFO - [2021-06-07 18:54:52,216] {dag.py:2305} INFO - Setting next_dagrun for example_xcom to 2021-06-05 00:00:00+00:00
[2021-06-07 18:54:52,222] {scheduler_job.py:190} INFO - Processing /home/encrypted/abaceti/.virtualenvs/pumpwood-airflow-images/lib/python3.6/site-packages/airflow/example_dags/example_xcom.py took 0.038 seconds
[2021-06-07 18:55:22,394] {scheduler_job.py:182} INFO - Started process (PID=12260) to work on /home/encrypted/abaceti/.virtualenvs/pumpwood-airflow-images/lib/python3.6/site-packages/airflow/example_dags/example_xcom.py
[2021-06-07 18:55:22,394] {scheduler_job.py:633} INFO - Processing file /home/encrypted/abaceti/.virtualenvs/pumpwood-airflow-images/lib/python3.6/site-packages/airflow/example_dags/example_xcom.py for tasks to queue
[2021-06-07 18:55:22,394] {logging_mixin.py:104} INFO - [2021-06-07 18:55:22,394] {dagbag.py:487} INFO - Filling up the DagBag from /home/encrypted/abaceti/.virtualenvs/pumpwood-airflow-images/lib/python3.6/site-packages/airflow/example_dags/example_xcom.py
[2021-06-07 18:55:22,401] {scheduler_job.py:643} INFO - DAG(s) dict_keys(['example_xcom']) retrieved from /home/encrypted/abaceti/.virtualenvs/pumpwood-airflow-images/lib/python3.6/site-packages/airflow/example_dags/example_xcom.py
[2021-06-07 18:55:22,416] {logging_mixin.py:104} INFO - [2021-06-07 18:55:22,416] {dag.py:1832} INFO - Sync 1 DAGs
[2021-06-07 18:55:22,427] {logging_mixin.py:104} INFO - [2021-06-07 18:55:22,427] {dag.py:2305} INFO - Setting next_dagrun for example_xcom to 2021-06-05 00:00:00+00:00
[2021-06-07 18:55:22,433] {scheduler_job.py:190} INFO - Processing /home/encrypted/abaceti/.virtualenvs/pumpwood-airflow-images/lib/python3.6/site-packages/airflow/example_dags/example_xcom.py took 0.041 seconds
[2021-06-07 18:55:52,509] {scheduler_job.py:182} INFO - Started process (PID=12481) to work on /home/encrypted/abaceti/.virtualenvs/pumpwood-airflow-images/lib/python3.6/site-packages/airflow/example_dags/example_xcom.py
[2021-06-07 18:55:52,509] {scheduler_job.py:633} INFO - Processing file /home/encrypted/abaceti/.virtualenvs/pumpwood-airflow-images/lib/python3.6/site-packages/airflow/example_dags/example_xcom.py for tasks to queue
[2021-06-07 18:55:52,510] {logging_mixin.py:104} INFO - [2021-06-07 18:55:52,510] {dagbag.py:487} INFO - Filling up the DagBag from /home/encrypted/abaceti/.virtualenvs/pumpwood-airflow-images/lib/python3.6/site-packages/airflow/example_dags/example_xcom.py
[2021-06-07 18:55:52,515] {scheduler_job.py:643} INFO - DAG(s) dict_keys(['example_xcom']) retrieved from /home/encrypted/abaceti/.virtualenvs/pumpwood-airflow-images/lib/python3.6/site-packages/airflow/example_dags/example_xcom.py
[2021-06-07 18:55:52,529] {logging_mixin.py:104} INFO - [2021-06-07 18:55:52,529] {dag.py:1832} INFO - Sync 1 DAGs
[2021-06-07 18:55:52,537] {logging_mixin.py:104} INFO - [2021-06-07 18:55:52,537] {dag.py:2305} INFO - Setting next_dagrun for example_xcom to 2021-06-05 00:00:00+00:00
[2021-06-07 18:55:52,543] {scheduler_job.py:190} INFO - Processing /home/encrypted/abaceti/.virtualenvs/pumpwood-airflow-images/lib/python3.6/site-packages/airflow/example_dags/example_xcom.py took 0.036 seconds
[2021-06-07 18:56:22,596] {scheduler_job.py:182} INFO - Started process (PID=12648) to work on /home/encrypted/abaceti/.virtualenvs/pumpwood-airflow-images/lib/python3.6/site-packages/airflow/example_dags/example_xcom.py
[2021-06-07 18:56:22,597] {scheduler_job.py:633} INFO - Processing file /home/encrypted/abaceti/.virtualenvs/pumpwood-airflow-images/lib/python3.6/site-packages/airflow/example_dags/example_xcom.py for tasks to queue
[2021-06-07 18:56:22,597] {logging_mixin.py:104} INFO - [2021-06-07 18:56:22,597] {dagbag.py:487} INFO - Filling up the DagBag from /home/encrypted/abaceti/.virtualenvs/pumpwood-airflow-images/lib/python3.6/site-packages/airflow/example_dags/example_xcom.py
[2021-06-07 18:56:22,602] {scheduler_job.py:643} INFO - DAG(s) dict_keys(['example_xcom']) retrieved from /home/encrypted/abaceti/.virtualenvs/pumpwood-airflow-images/lib/python3.6/site-packages/airflow/example_dags/example_xcom.py
[2021-06-07 18:56:22,617] {logging_mixin.py:104} INFO - [2021-06-07 18:56:22,617] {dag.py:1832} INFO - Sync 1 DAGs
[2021-06-07 18:56:22,627] {logging_mixin.py:104} INFO - [2021-06-07 18:56:22,626] {dag.py:2305} INFO - Setting next_dagrun for example_xcom to 2021-06-05 00:00:00+00:00
[2021-06-07 18:56:22,633] {scheduler_job.py:190} INFO - Processing /home/encrypted/abaceti/.virtualenvs/pumpwood-airflow-images/lib/python3.6/site-packages/airflow/example_dags/example_xcom.py took 0.038 seconds
[2021-06-07 18:56:52,869] {scheduler_job.py:182} INFO - Started process (PID=12878) to work on /home/encrypted/abaceti/.virtualenvs/pumpwood-airflow-images/lib/python3.6/site-packages/airflow/example_dags/example_xcom.py
[2021-06-07 18:56:52,869] {scheduler_job.py:633} INFO - Processing file /home/encrypted/abaceti/.virtualenvs/pumpwood-airflow-images/lib/python3.6/site-packages/airflow/example_dags/example_xcom.py for tasks to queue
[2021-06-07 18:56:52,869] {logging_mixin.py:104} INFO - [2021-06-07 18:56:52,869] {dagbag.py:487} INFO - Filling up the DagBag from /home/encrypted/abaceti/.virtualenvs/pumpwood-airflow-images/lib/python3.6/site-packages/airflow/example_dags/example_xcom.py
[2021-06-07 18:56:52,875] {scheduler_job.py:643} INFO - DAG(s) dict_keys(['example_xcom']) retrieved from /home/encrypted/abaceti/.virtualenvs/pumpwood-airflow-images/lib/python3.6/site-packages/airflow/example_dags/example_xcom.py
[2021-06-07 18:56:52,891] {logging_mixin.py:104} INFO - [2021-06-07 18:56:52,891] {dag.py:1832} INFO - Sync 1 DAGs
[2021-06-07 18:56:52,900] {logging_mixin.py:104} INFO - [2021-06-07 18:56:52,900] {dag.py:2305} INFO - Setting next_dagrun for example_xcom to 2021-06-05 00:00:00+00:00
[2021-06-07 18:56:52,905] {scheduler_job.py:190} INFO - Processing /home/encrypted/abaceti/.virtualenvs/pumpwood-airflow-images/lib/python3.6/site-packages/airflow/example_dags/example_xcom.py took 0.037 seconds
[2021-06-07 18:57:23,801] {scheduler_job.py:182} INFO - Started process (PID=13005) to work on /home/encrypted/abaceti/.virtualenvs/pumpwood-airflow-images/lib/python3.6/site-packages/airflow/example_dags/example_xcom.py
[2021-06-07 18:57:23,801] {scheduler_job.py:633} INFO - Processing file /home/encrypted/abaceti/.virtualenvs/pumpwood-airflow-images/lib/python3.6/site-packages/airflow/example_dags/example_xcom.py for tasks to queue
[2021-06-07 18:57:23,801] {logging_mixin.py:104} INFO - [2021-06-07 18:57:23,801] {dagbag.py:487} INFO - Filling up the DagBag from /home/encrypted/abaceti/.virtualenvs/pumpwood-airflow-images/lib/python3.6/site-packages/airflow/example_dags/example_xcom.py
[2021-06-07 18:57:23,807] {scheduler_job.py:643} INFO - DAG(s) dict_keys(['example_xcom']) retrieved from /home/encrypted/abaceti/.virtualenvs/pumpwood-airflow-images/lib/python3.6/site-packages/airflow/example_dags/example_xcom.py
[2021-06-07 18:57:23,822] {logging_mixin.py:104} INFO - [2021-06-07 18:57:23,822] {dag.py:1832} INFO - Sync 1 DAGs
[2021-06-07 18:57:23,830] {logging_mixin.py:104} INFO - [2021-06-07 18:57:23,830] {dag.py:2305} INFO - Setting next_dagrun for example_xcom to 2021-06-05 00:00:00+00:00
[2021-06-07 18:57:23,836] {scheduler_job.py:190} INFO - Processing /home/encrypted/abaceti/.virtualenvs/pumpwood-airflow-images/lib/python3.6/site-packages/airflow/example_dags/example_xcom.py took 0.037 seconds
[2021-06-07 18:57:53,900] {scheduler_job.py:182} INFO - Started process (PID=13177) to work on /home/encrypted/abaceti/.virtualenvs/pumpwood-airflow-images/lib/python3.6/site-packages/airflow/example_dags/example_xcom.py
[2021-06-07 18:57:53,901] {scheduler_job.py:633} INFO - Processing file /home/encrypted/abaceti/.virtualenvs/pumpwood-airflow-images/lib/python3.6/site-packages/airflow/example_dags/example_xcom.py for tasks to queue
[2021-06-07 18:57:53,901] {logging_mixin.py:104} INFO - [2021-06-07 18:57:53,901] {dagbag.py:487} INFO - Filling up the DagBag from /home/encrypted/abaceti/.virtualenvs/pumpwood-airflow-images/lib/python3.6/site-packages/airflow/example_dags/example_xcom.py
[2021-06-07 18:57:53,907] {scheduler_job.py:643} INFO - DAG(s) dict_keys(['example_xcom']) retrieved from /home/encrypted/abaceti/.virtualenvs/pumpwood-airflow-images/lib/python3.6/site-packages/airflow/example_dags/example_xcom.py
[2021-06-07 18:57:53,924] {logging_mixin.py:104} INFO - [2021-06-07 18:57:53,924] {dag.py:1832} INFO - Sync 1 DAGs
[2021-06-07 18:57:53,935] {logging_mixin.py:104} INFO - [2021-06-07 18:57:53,935] {dag.py:2305} INFO - Setting next_dagrun for example_xcom to 2021-06-05 00:00:00+00:00
[2021-06-07 18:57:53,941] {scheduler_job.py:190} INFO - Processing /home/encrypted/abaceti/.virtualenvs/pumpwood-airflow-images/lib/python3.6/site-packages/airflow/example_dags/example_xcom.py took 0.042 seconds
[2021-06-07 18:58:24,072] {scheduler_job.py:182} INFO - Started process (PID=13294) to work on /home/encrypted/abaceti/.virtualenvs/pumpwood-airflow-images/lib/python3.6/site-packages/airflow/example_dags/example_xcom.py
[2021-06-07 18:58:24,072] {scheduler_job.py:633} INFO - Processing file /home/encrypted/abaceti/.virtualenvs/pumpwood-airflow-images/lib/python3.6/site-packages/airflow/example_dags/example_xcom.py for tasks to queue
[2021-06-07 18:58:24,072] {logging_mixin.py:104} INFO - [2021-06-07 18:58:24,072] {dagbag.py:487} INFO - Filling up the DagBag from /home/encrypted/abaceti/.virtualenvs/pumpwood-airflow-images/lib/python3.6/site-packages/airflow/example_dags/example_xcom.py
[2021-06-07 18:58:24,078] {scheduler_job.py:643} INFO - DAG(s) dict_keys(['example_xcom']) retrieved from /home/encrypted/abaceti/.virtualenvs/pumpwood-airflow-images/lib/python3.6/site-packages/airflow/example_dags/example_xcom.py
[2021-06-07 18:58:24,092] {logging_mixin.py:104} INFO - [2021-06-07 18:58:24,092] {dag.py:1832} INFO - Sync 1 DAGs
[2021-06-07 18:58:24,100] {logging_mixin.py:104} INFO - [2021-06-07 18:58:24,100] {dag.py:2305} INFO - Setting next_dagrun for example_xcom to 2021-06-05 00:00:00+00:00
[2021-06-07 18:58:24,106] {scheduler_job.py:190} INFO - Processing /home/encrypted/abaceti/.virtualenvs/pumpwood-airflow-images/lib/python3.6/site-packages/airflow/example_dags/example_xcom.py took 0.036 seconds
[2021-06-07 18:58:54,189] {scheduler_job.py:182} INFO - Started process (PID=13470) to work on /home/encrypted/abaceti/.virtualenvs/pumpwood-airflow-images/lib/python3.6/site-packages/airflow/example_dags/example_xcom.py
[2021-06-07 18:58:54,190] {scheduler_job.py:633} INFO - Processing file /home/encrypted/abaceti/.virtualenvs/pumpwood-airflow-images/lib/python3.6/site-packages/airflow/example_dags/example_xcom.py for tasks to queue
[2021-06-07 18:58:54,190] {logging_mixin.py:104} INFO - [2021-06-07 18:58:54,190] {dagbag.py:487} INFO - Filling up the DagBag from /home/encrypted/abaceti/.virtualenvs/pumpwood-airflow-images/lib/python3.6/site-packages/airflow/example_dags/example_xcom.py
[2021-06-07 18:58:54,195] {scheduler_job.py:643} INFO - DAG(s) dict_keys(['example_xcom']) retrieved from /home/encrypted/abaceti/.virtualenvs/pumpwood-airflow-images/lib/python3.6/site-packages/airflow/example_dags/example_xcom.py
[2021-06-07 18:58:54,210] {logging_mixin.py:104} INFO - [2021-06-07 18:58:54,210] {dag.py:1832} INFO - Sync 1 DAGs
[2021-06-07 18:58:54,217] {logging_mixin.py:104} INFO - [2021-06-07 18:58:54,217] {dag.py:2305} INFO - Setting next_dagrun for example_xcom to 2021-06-05 00:00:00+00:00
[2021-06-07 18:58:54,223] {scheduler_job.py:190} INFO - Processing /home/encrypted/abaceti/.virtualenvs/pumpwood-airflow-images/lib/python3.6/site-packages/airflow/example_dags/example_xcom.py took 0.035 seconds
[2021-06-07 18:59:24,366] {scheduler_job.py:182} INFO - Started process (PID=13593) to work on /home/encrypted/abaceti/.virtualenvs/pumpwood-airflow-images/lib/python3.6/site-packages/airflow/example_dags/example_xcom.py
[2021-06-07 18:59:24,366] {scheduler_job.py:633} INFO - Processing file /home/encrypted/abaceti/.virtualenvs/pumpwood-airflow-images/lib/python3.6/site-packages/airflow/example_dags/example_xcom.py for tasks to queue
[2021-06-07 18:59:24,367] {logging_mixin.py:104} INFO - [2021-06-07 18:59:24,367] {dagbag.py:487} INFO - Filling up the DagBag from /home/encrypted/abaceti/.virtualenvs/pumpwood-airflow-images/lib/python3.6/site-packages/airflow/example_dags/example_xcom.py
[2021-06-07 18:59:24,372] {scheduler_job.py:643} INFO - DAG(s) dict_keys(['example_xcom']) retrieved from /home/encrypted/abaceti/.virtualenvs/pumpwood-airflow-images/lib/python3.6/site-packages/airflow/example_dags/example_xcom.py
[2021-06-07 18:59:24,386] {logging_mixin.py:104} INFO - [2021-06-07 18:59:24,386] {dag.py:1832} INFO - Sync 1 DAGs
[2021-06-07 18:59:24,394] {logging_mixin.py:104} INFO - [2021-06-07 18:59:24,394] {dag.py:2305} INFO - Setting next_dagrun for example_xcom to 2021-06-05 00:00:00+00:00
[2021-06-07 18:59:24,400] {scheduler_job.py:190} INFO - Processing /home/encrypted/abaceti/.virtualenvs/pumpwood-airflow-images/lib/python3.6/site-packages/airflow/example_dags/example_xcom.py took 0.035 seconds
[2021-06-07 18:59:54,510] {scheduler_job.py:182} INFO - Started process (PID=13756) to work on /home/encrypted/abaceti/.virtualenvs/pumpwood-airflow-images/lib/python3.6/site-packages/airflow/example_dags/example_xcom.py
[2021-06-07 18:59:54,510] {scheduler_job.py:633} INFO - Processing file /home/encrypted/abaceti/.virtualenvs/pumpwood-airflow-images/lib/python3.6/site-packages/airflow/example_dags/example_xcom.py for tasks to queue
[2021-06-07 18:59:54,510] {logging_mixin.py:104} INFO - [2021-06-07 18:59:54,510] {dagbag.py:487} INFO - Filling up the DagBag from /home/encrypted/abaceti/.virtualenvs/pumpwood-airflow-images/lib/python3.6/site-packages/airflow/example_dags/example_xcom.py
[2021-06-07 18:59:54,515] {scheduler_job.py:643} INFO - DAG(s) dict_keys(['example_xcom']) retrieved from /home/encrypted/abaceti/.virtualenvs/pumpwood-airflow-images/lib/python3.6/site-packages/airflow/example_dags/example_xcom.py
[2021-06-07 18:59:54,530] {logging_mixin.py:104} INFO - [2021-06-07 18:59:54,530] {dag.py:1832} INFO - Sync 1 DAGs
[2021-06-07 18:59:54,538] {logging_mixin.py:104} INFO - [2021-06-07 18:59:54,538] {dag.py:2305} INFO - Setting next_dagrun for example_xcom to 2021-06-05 00:00:00+00:00
[2021-06-07 18:59:54,544] {scheduler_job.py:190} INFO - Processing /home/encrypted/abaceti/.virtualenvs/pumpwood-airflow-images/lib/python3.6/site-packages/airflow/example_dags/example_xcom.py took 0.036 seconds
[2021-06-07 19:00:24,777] {scheduler_job.py:182} INFO - Started process (PID=13872) to work on /home/encrypted/abaceti/.virtualenvs/pumpwood-airflow-images/lib/python3.6/site-packages/airflow/example_dags/example_xcom.py
[2021-06-07 19:00:24,777] {scheduler_job.py:633} INFO - Processing file /home/encrypted/abaceti/.virtualenvs/pumpwood-airflow-images/lib/python3.6/site-packages/airflow/example_dags/example_xcom.py for tasks to queue
[2021-06-07 19:00:24,778] {logging_mixin.py:104} INFO - [2021-06-07 19:00:24,778] {dagbag.py:487} INFO - Filling up the DagBag from /home/encrypted/abaceti/.virtualenvs/pumpwood-airflow-images/lib/python3.6/site-packages/airflow/example_dags/example_xcom.py
[2021-06-07 19:00:24,784] {scheduler_job.py:643} INFO - DAG(s) dict_keys(['example_xcom']) retrieved from /home/encrypted/abaceti/.virtualenvs/pumpwood-airflow-images/lib/python3.6/site-packages/airflow/example_dags/example_xcom.py
[2021-06-07 19:00:24,799] {logging_mixin.py:104} INFO - [2021-06-07 19:00:24,799] {dag.py:1832} INFO - Sync 1 DAGs
[2021-06-07 19:00:24,807] {logging_mixin.py:104} INFO - [2021-06-07 19:00:24,807] {dag.py:2305} INFO - Setting next_dagrun for example_xcom to 2021-06-05 00:00:00+00:00
[2021-06-07 19:00:24,812] {scheduler_job.py:190} INFO - Processing /home/encrypted/abaceti/.virtualenvs/pumpwood-airflow-images/lib/python3.6/site-packages/airflow/example_dags/example_xcom.py took 0.037 seconds
[2021-06-07 19:00:54,918] {scheduler_job.py:182} INFO - Started process (PID=14067) to work on /home/encrypted/abaceti/.virtualenvs/pumpwood-airflow-images/lib/python3.6/site-packages/airflow/example_dags/example_xcom.py
[2021-06-07 19:00:54,919] {scheduler_job.py:633} INFO - Processing file /home/encrypted/abaceti/.virtualenvs/pumpwood-airflow-images/lib/python3.6/site-packages/airflow/example_dags/example_xcom.py for tasks to queue
[2021-06-07 19:00:54,919] {logging_mixin.py:104} INFO - [2021-06-07 19:00:54,919] {dagbag.py:487} INFO - Filling up the DagBag from /home/encrypted/abaceti/.virtualenvs/pumpwood-airflow-images/lib/python3.6/site-packages/airflow/example_dags/example_xcom.py
[2021-06-07 19:00:54,924] {scheduler_job.py:643} INFO - DAG(s) dict_keys(['example_xcom']) retrieved from /home/encrypted/abaceti/.virtualenvs/pumpwood-airflow-images/lib/python3.6/site-packages/airflow/example_dags/example_xcom.py
[2021-06-07 19:00:54,940] {logging_mixin.py:104} INFO - [2021-06-07 19:00:54,939] {dag.py:1832} INFO - Sync 1 DAGs
[2021-06-07 19:00:54,948] {logging_mixin.py:104} INFO - [2021-06-07 19:00:54,948] {dag.py:2305} INFO - Setting next_dagrun for example_xcom to 2021-06-05 00:00:00+00:00
[2021-06-07 19:00:54,954] {scheduler_job.py:190} INFO - Processing /home/encrypted/abaceti/.virtualenvs/pumpwood-airflow-images/lib/python3.6/site-packages/airflow/example_dags/example_xcom.py took 0.038 seconds
[2021-06-07 19:01:25,064] {scheduler_job.py:182} INFO - Started process (PID=14184) to work on /home/encrypted/abaceti/.virtualenvs/pumpwood-airflow-images/lib/python3.6/site-packages/airflow/example_dags/example_xcom.py
[2021-06-07 19:01:25,065] {scheduler_job.py:633} INFO - Processing file /home/encrypted/abaceti/.virtualenvs/pumpwood-airflow-images/lib/python3.6/site-packages/airflow/example_dags/example_xcom.py for tasks to queue
[2021-06-07 19:01:25,065] {logging_mixin.py:104} INFO - [2021-06-07 19:01:25,065] {dagbag.py:487} INFO - Filling up the DagBag from /home/encrypted/abaceti/.virtualenvs/pumpwood-airflow-images/lib/python3.6/site-packages/airflow/example_dags/example_xcom.py
[2021-06-07 19:01:25,070] {scheduler_job.py:643} INFO - DAG(s) dict_keys(['example_xcom']) retrieved from /home/encrypted/abaceti/.virtualenvs/pumpwood-airflow-images/lib/python3.6/site-packages/airflow/example_dags/example_xcom.py
[2021-06-07 19:01:25,086] {logging_mixin.py:104} INFO - [2021-06-07 19:01:25,085] {dag.py:1832} INFO - Sync 1 DAGs
[2021-06-07 19:01:25,094] {logging_mixin.py:104} INFO - [2021-06-07 19:01:25,094] {dag.py:2305} INFO - Setting next_dagrun for example_xcom to 2021-06-05 00:00:00+00:00
[2021-06-07 19:01:25,099] {scheduler_job.py:190} INFO - Processing /home/encrypted/abaceti/.virtualenvs/pumpwood-airflow-images/lib/python3.6/site-packages/airflow/example_dags/example_xcom.py took 0.036 seconds
[2021-06-07 19:01:55,377] {scheduler_job.py:182} INFO - Started process (PID=14372) to work on /home/encrypted/abaceti/.virtualenvs/pumpwood-airflow-images/lib/python3.6/site-packages/airflow/example_dags/example_xcom.py
[2021-06-07 19:01:55,377] {scheduler_job.py:633} INFO - Processing file /home/encrypted/abaceti/.virtualenvs/pumpwood-airflow-images/lib/python3.6/site-packages/airflow/example_dags/example_xcom.py for tasks to queue
[2021-06-07 19:01:55,377] {logging_mixin.py:104} INFO - [2021-06-07 19:01:55,377] {dagbag.py:487} INFO - Filling up the DagBag from /home/encrypted/abaceti/.virtualenvs/pumpwood-airflow-images/lib/python3.6/site-packages/airflow/example_dags/example_xcom.py
[2021-06-07 19:01:55,382] {scheduler_job.py:643} INFO - DAG(s) dict_keys(['example_xcom']) retrieved from /home/encrypted/abaceti/.virtualenvs/pumpwood-airflow-images/lib/python3.6/site-packages/airflow/example_dags/example_xcom.py
[2021-06-07 19:01:55,397] {logging_mixin.py:104} INFO - [2021-06-07 19:01:55,397] {dag.py:1832} INFO - Sync 1 DAGs
[2021-06-07 19:01:55,405] {logging_mixin.py:104} INFO - [2021-06-07 19:01:55,405] {dag.py:2305} INFO - Setting next_dagrun for example_xcom to 2021-06-05 00:00:00+00:00
[2021-06-07 19:01:55,410] {scheduler_job.py:190} INFO - Processing /home/encrypted/abaceti/.virtualenvs/pumpwood-airflow-images/lib/python3.6/site-packages/airflow/example_dags/example_xcom.py took 0.035 seconds
[2021-06-07 19:02:25,512] {scheduler_job.py:182} INFO - Started process (PID=14512) to work on /home/encrypted/abaceti/.virtualenvs/pumpwood-airflow-images/lib/python3.6/site-packages/airflow/example_dags/example_xcom.py
[2021-06-07 19:02:25,513] {scheduler_job.py:633} INFO - Processing file /home/encrypted/abaceti/.virtualenvs/pumpwood-airflow-images/lib/python3.6/site-packages/airflow/example_dags/example_xcom.py for tasks to queue
[2021-06-07 19:02:25,513] {logging_mixin.py:104} INFO - [2021-06-07 19:02:25,513] {dagbag.py:487} INFO - Filling up the DagBag from /home/encrypted/abaceti/.virtualenvs/pumpwood-airflow-images/lib/python3.6/site-packages/airflow/example_dags/example_xcom.py
[2021-06-07 19:02:25,519] {scheduler_job.py:643} INFO - DAG(s) dict_keys(['example_xcom']) retrieved from /home/encrypted/abaceti/.virtualenvs/pumpwood-airflow-images/lib/python3.6/site-packages/airflow/example_dags/example_xcom.py
[2021-06-07 19:02:25,536] {logging_mixin.py:104} INFO - [2021-06-07 19:02:25,535] {dag.py:1832} INFO - Sync 1 DAGs
[2021-06-07 19:02:25,545] {logging_mixin.py:104} INFO - [2021-06-07 19:02:25,545] {dag.py:2305} INFO - Setting next_dagrun for example_xcom to 2021-06-05 00:00:00+00:00
[2021-06-07 19:02:25,551] {scheduler_job.py:190} INFO - Processing /home/encrypted/abaceti/.virtualenvs/pumpwood-airflow-images/lib/python3.6/site-packages/airflow/example_dags/example_xcom.py took 0.041 seconds
