[2021-06-07 18:39:19,661] {scheduler_job.py:182} INFO - Started process (PID=5642) to work on /home/encrypted/abaceti/.virtualenvs/pumpwood-airflow-images/lib/python3.6/site-packages/airflow/example_dags/example_task_group.py
[2021-06-07 18:39:19,661] {scheduler_job.py:633} INFO - Processing file /home/encrypted/abaceti/.virtualenvs/pumpwood-airflow-images/lib/python3.6/site-packages/airflow/example_dags/example_task_group.py for tasks to queue
[2021-06-07 18:39:19,661] {logging_mixin.py:104} INFO - [2021-06-07 18:39:19,661] {dagbag.py:487} INFO - Filling up the DagBag from /home/encrypted/abaceti/.virtualenvs/pumpwood-airflow-images/lib/python3.6/site-packages/airflow/example_dags/example_task_group.py
[2021-06-07 18:39:19,669] {scheduler_job.py:643} INFO - DAG(s) dict_keys(['example_task_group']) retrieved from /home/encrypted/abaceti/.virtualenvs/pumpwood-airflow-images/lib/python3.6/site-packages/airflow/example_dags/example_task_group.py
[2021-06-07 18:39:19,687] {logging_mixin.py:104} INFO - [2021-06-07 18:39:19,687] {dag.py:1832} INFO - Sync 1 DAGs
[2021-06-07 18:39:19,696] {logging_mixin.py:104} INFO - [2021-06-07 18:39:19,696] {dag.py:2305} INFO - Setting next_dagrun for example_task_group to 2021-06-05 00:00:00+00:00
[2021-06-07 18:39:19,702] {scheduler_job.py:190} INFO - Processing /home/encrypted/abaceti/.virtualenvs/pumpwood-airflow-images/lib/python3.6/site-packages/airflow/example_dags/example_task_group.py took 0.043 seconds
[2021-06-07 18:39:49,905] {scheduler_job.py:182} INFO - Started process (PID=5807) to work on /home/encrypted/abaceti/.virtualenvs/pumpwood-airflow-images/lib/python3.6/site-packages/airflow/example_dags/example_task_group.py
[2021-06-07 18:39:49,905] {scheduler_job.py:633} INFO - Processing file /home/encrypted/abaceti/.virtualenvs/pumpwood-airflow-images/lib/python3.6/site-packages/airflow/example_dags/example_task_group.py for tasks to queue
[2021-06-07 18:39:49,905] {logging_mixin.py:104} INFO - [2021-06-07 18:39:49,905] {dagbag.py:487} INFO - Filling up the DagBag from /home/encrypted/abaceti/.virtualenvs/pumpwood-airflow-images/lib/python3.6/site-packages/airflow/example_dags/example_task_group.py
[2021-06-07 18:39:49,912] {scheduler_job.py:643} INFO - DAG(s) dict_keys(['example_task_group']) retrieved from /home/encrypted/abaceti/.virtualenvs/pumpwood-airflow-images/lib/python3.6/site-packages/airflow/example_dags/example_task_group.py
[2021-06-07 18:39:49,927] {logging_mixin.py:104} INFO - [2021-06-07 18:39:49,926] {dag.py:1832} INFO - Sync 1 DAGs
[2021-06-07 18:39:49,935] {logging_mixin.py:104} INFO - [2021-06-07 18:39:49,935] {dag.py:2305} INFO - Setting next_dagrun for example_task_group to 2021-06-05 00:00:00+00:00
[2021-06-07 18:39:49,940] {scheduler_job.py:190} INFO - Processing /home/encrypted/abaceti/.virtualenvs/pumpwood-airflow-images/lib/python3.6/site-packages/airflow/example_dags/example_task_group.py took 0.037 seconds
[2021-06-07 18:40:20,006] {scheduler_job.py:182} INFO - Started process (PID=5955) to work on /home/encrypted/abaceti/.virtualenvs/pumpwood-airflow-images/lib/python3.6/site-packages/airflow/example_dags/example_task_group.py
[2021-06-07 18:40:20,006] {scheduler_job.py:633} INFO - Processing file /home/encrypted/abaceti/.virtualenvs/pumpwood-airflow-images/lib/python3.6/site-packages/airflow/example_dags/example_task_group.py for tasks to queue
[2021-06-07 18:40:20,006] {logging_mixin.py:104} INFO - [2021-06-07 18:40:20,006] {dagbag.py:487} INFO - Filling up the DagBag from /home/encrypted/abaceti/.virtualenvs/pumpwood-airflow-images/lib/python3.6/site-packages/airflow/example_dags/example_task_group.py
[2021-06-07 18:40:20,013] {scheduler_job.py:643} INFO - DAG(s) dict_keys(['example_task_group']) retrieved from /home/encrypted/abaceti/.virtualenvs/pumpwood-airflow-images/lib/python3.6/site-packages/airflow/example_dags/example_task_group.py
[2021-06-07 18:40:20,028] {logging_mixin.py:104} INFO - [2021-06-07 18:40:20,028] {dag.py:1832} INFO - Sync 1 DAGs
[2021-06-07 18:40:20,037] {logging_mixin.py:104} INFO - [2021-06-07 18:40:20,037] {dag.py:2305} INFO - Setting next_dagrun for example_task_group to 2021-06-05 00:00:00+00:00
[2021-06-07 18:40:20,043] {scheduler_job.py:190} INFO - Processing /home/encrypted/abaceti/.virtualenvs/pumpwood-airflow-images/lib/python3.6/site-packages/airflow/example_dags/example_task_group.py took 0.038 seconds
[2021-06-07 18:40:50,228] {scheduler_job.py:182} INFO - Started process (PID=6149) to work on /home/encrypted/abaceti/.virtualenvs/pumpwood-airflow-images/lib/python3.6/site-packages/airflow/example_dags/example_task_group.py
[2021-06-07 18:40:50,228] {scheduler_job.py:633} INFO - Processing file /home/encrypted/abaceti/.virtualenvs/pumpwood-airflow-images/lib/python3.6/site-packages/airflow/example_dags/example_task_group.py for tasks to queue
[2021-06-07 18:40:50,229] {logging_mixin.py:104} INFO - [2021-06-07 18:40:50,229] {dagbag.py:487} INFO - Filling up the DagBag from /home/encrypted/abaceti/.virtualenvs/pumpwood-airflow-images/lib/python3.6/site-packages/airflow/example_dags/example_task_group.py
[2021-06-07 18:40:50,235] {scheduler_job.py:643} INFO - DAG(s) dict_keys(['example_task_group']) retrieved from /home/encrypted/abaceti/.virtualenvs/pumpwood-airflow-images/lib/python3.6/site-packages/airflow/example_dags/example_task_group.py
[2021-06-07 18:40:50,251] {logging_mixin.py:104} INFO - [2021-06-07 18:40:50,251] {dag.py:1832} INFO - Sync 1 DAGs
[2021-06-07 18:40:50,259] {logging_mixin.py:104} INFO - [2021-06-07 18:40:50,258] {dag.py:2305} INFO - Setting next_dagrun for example_task_group to 2021-06-05 00:00:00+00:00
[2021-06-07 18:40:50,264] {scheduler_job.py:190} INFO - Processing /home/encrypted/abaceti/.virtualenvs/pumpwood-airflow-images/lib/python3.6/site-packages/airflow/example_dags/example_task_group.py took 0.037 seconds
[2021-06-07 18:41:20,331] {scheduler_job.py:182} INFO - Started process (PID=6258) to work on /home/encrypted/abaceti/.virtualenvs/pumpwood-airflow-images/lib/python3.6/site-packages/airflow/example_dags/example_task_group.py
[2021-06-07 18:41:20,331] {scheduler_job.py:633} INFO - Processing file /home/encrypted/abaceti/.virtualenvs/pumpwood-airflow-images/lib/python3.6/site-packages/airflow/example_dags/example_task_group.py for tasks to queue
[2021-06-07 18:41:20,331] {logging_mixin.py:104} INFO - [2021-06-07 18:41:20,331] {dagbag.py:487} INFO - Filling up the DagBag from /home/encrypted/abaceti/.virtualenvs/pumpwood-airflow-images/lib/python3.6/site-packages/airflow/example_dags/example_task_group.py
[2021-06-07 18:41:20,339] {scheduler_job.py:643} INFO - DAG(s) dict_keys(['example_task_group']) retrieved from /home/encrypted/abaceti/.virtualenvs/pumpwood-airflow-images/lib/python3.6/site-packages/airflow/example_dags/example_task_group.py
[2021-06-07 18:41:20,353] {logging_mixin.py:104} INFO - [2021-06-07 18:41:20,353] {dag.py:1832} INFO - Sync 1 DAGs
[2021-06-07 18:41:20,362] {logging_mixin.py:104} INFO - [2021-06-07 18:41:20,362] {dag.py:2305} INFO - Setting next_dagrun for example_task_group to 2021-06-05 00:00:00+00:00
[2021-06-07 18:41:20,368] {scheduler_job.py:190} INFO - Processing /home/encrypted/abaceti/.virtualenvs/pumpwood-airflow-images/lib/python3.6/site-packages/airflow/example_dags/example_task_group.py took 0.039 seconds
[2021-06-07 18:41:50,620] {scheduler_job.py:182} INFO - Started process (PID=6430) to work on /home/encrypted/abaceti/.virtualenvs/pumpwood-airflow-images/lib/python3.6/site-packages/airflow/example_dags/example_task_group.py
[2021-06-07 18:41:50,620] {scheduler_job.py:633} INFO - Processing file /home/encrypted/abaceti/.virtualenvs/pumpwood-airflow-images/lib/python3.6/site-packages/airflow/example_dags/example_task_group.py for tasks to queue
[2021-06-07 18:41:50,621] {logging_mixin.py:104} INFO - [2021-06-07 18:41:50,621] {dagbag.py:487} INFO - Filling up the DagBag from /home/encrypted/abaceti/.virtualenvs/pumpwood-airflow-images/lib/python3.6/site-packages/airflow/example_dags/example_task_group.py
[2021-06-07 18:41:50,627] {scheduler_job.py:643} INFO - DAG(s) dict_keys(['example_task_group']) retrieved from /home/encrypted/abaceti/.virtualenvs/pumpwood-airflow-images/lib/python3.6/site-packages/airflow/example_dags/example_task_group.py
[2021-06-07 18:41:50,642] {logging_mixin.py:104} INFO - [2021-06-07 18:41:50,641] {dag.py:1832} INFO - Sync 1 DAGs
[2021-06-07 18:41:50,650] {logging_mixin.py:104} INFO - [2021-06-07 18:41:50,650] {dag.py:2305} INFO - Setting next_dagrun for example_task_group to 2021-06-05 00:00:00+00:00
[2021-06-07 18:41:50,655] {scheduler_job.py:190} INFO - Processing /home/encrypted/abaceti/.virtualenvs/pumpwood-airflow-images/lib/python3.6/site-packages/airflow/example_dags/example_task_group.py took 0.037 seconds
[2021-06-07 18:42:20,768] {scheduler_job.py:182} INFO - Started process (PID=6548) to work on /home/encrypted/abaceti/.virtualenvs/pumpwood-airflow-images/lib/python3.6/site-packages/airflow/example_dags/example_task_group.py
[2021-06-07 18:42:20,769] {scheduler_job.py:633} INFO - Processing file /home/encrypted/abaceti/.virtualenvs/pumpwood-airflow-images/lib/python3.6/site-packages/airflow/example_dags/example_task_group.py for tasks to queue
[2021-06-07 18:42:20,769] {logging_mixin.py:104} INFO - [2021-06-07 18:42:20,769] {dagbag.py:487} INFO - Filling up the DagBag from /home/encrypted/abaceti/.virtualenvs/pumpwood-airflow-images/lib/python3.6/site-packages/airflow/example_dags/example_task_group.py
[2021-06-07 18:42:20,775] {scheduler_job.py:643} INFO - DAG(s) dict_keys(['example_task_group']) retrieved from /home/encrypted/abaceti/.virtualenvs/pumpwood-airflow-images/lib/python3.6/site-packages/airflow/example_dags/example_task_group.py
[2021-06-07 18:42:20,790] {logging_mixin.py:104} INFO - [2021-06-07 18:42:20,790] {dag.py:1832} INFO - Sync 1 DAGs
[2021-06-07 18:42:20,799] {logging_mixin.py:104} INFO - [2021-06-07 18:42:20,799] {dag.py:2305} INFO - Setting next_dagrun for example_task_group to 2021-06-05 00:00:00+00:00
[2021-06-07 18:42:20,804] {scheduler_job.py:190} INFO - Processing /home/encrypted/abaceti/.virtualenvs/pumpwood-airflow-images/lib/python3.6/site-packages/airflow/example_dags/example_task_group.py took 0.038 seconds
[2021-06-07 18:42:50,877] {scheduler_job.py:182} INFO - Started process (PID=6718) to work on /home/encrypted/abaceti/.virtualenvs/pumpwood-airflow-images/lib/python3.6/site-packages/airflow/example_dags/example_task_group.py
[2021-06-07 18:42:50,877] {scheduler_job.py:633} INFO - Processing file /home/encrypted/abaceti/.virtualenvs/pumpwood-airflow-images/lib/python3.6/site-packages/airflow/example_dags/example_task_group.py for tasks to queue
[2021-06-07 18:42:50,878] {logging_mixin.py:104} INFO - [2021-06-07 18:42:50,878] {dagbag.py:487} INFO - Filling up the DagBag from /home/encrypted/abaceti/.virtualenvs/pumpwood-airflow-images/lib/python3.6/site-packages/airflow/example_dags/example_task_group.py
[2021-06-07 18:42:50,884] {scheduler_job.py:643} INFO - DAG(s) dict_keys(['example_task_group']) retrieved from /home/encrypted/abaceti/.virtualenvs/pumpwood-airflow-images/lib/python3.6/site-packages/airflow/example_dags/example_task_group.py
[2021-06-07 18:42:50,900] {logging_mixin.py:104} INFO - [2021-06-07 18:42:50,900] {dag.py:1832} INFO - Sync 1 DAGs
[2021-06-07 18:42:50,908] {logging_mixin.py:104} INFO - [2021-06-07 18:42:50,908] {dag.py:2305} INFO - Setting next_dagrun for example_task_group to 2021-06-05 00:00:00+00:00
[2021-06-07 18:42:50,913] {scheduler_job.py:190} INFO - Processing /home/encrypted/abaceti/.virtualenvs/pumpwood-airflow-images/lib/python3.6/site-packages/airflow/example_dags/example_task_group.py took 0.038 seconds
[2021-06-07 18:43:21,952] {scheduler_job.py:182} INFO - Started process (PID=6979) to work on /home/encrypted/abaceti/.virtualenvs/pumpwood-airflow-images/lib/python3.6/site-packages/airflow/example_dags/example_task_group.py
[2021-06-07 18:43:21,953] {scheduler_job.py:633} INFO - Processing file /home/encrypted/abaceti/.virtualenvs/pumpwood-airflow-images/lib/python3.6/site-packages/airflow/example_dags/example_task_group.py for tasks to queue
[2021-06-07 18:43:21,953] {logging_mixin.py:104} INFO - [2021-06-07 18:43:21,953] {dagbag.py:487} INFO - Filling up the DagBag from /home/encrypted/abaceti/.virtualenvs/pumpwood-airflow-images/lib/python3.6/site-packages/airflow/example_dags/example_task_group.py
[2021-06-07 18:43:21,960] {scheduler_job.py:643} INFO - DAG(s) dict_keys(['example_task_group']) retrieved from /home/encrypted/abaceti/.virtualenvs/pumpwood-airflow-images/lib/python3.6/site-packages/airflow/example_dags/example_task_group.py
[2021-06-07 18:43:21,977] {logging_mixin.py:104} INFO - [2021-06-07 18:43:21,977] {dag.py:1832} INFO - Sync 1 DAGs
[2021-06-07 18:43:21,985] {logging_mixin.py:104} INFO - [2021-06-07 18:43:21,984] {dag.py:2305} INFO - Setting next_dagrun for example_task_group to 2021-06-05 00:00:00+00:00
[2021-06-07 18:43:21,990] {scheduler_job.py:190} INFO - Processing /home/encrypted/abaceti/.virtualenvs/pumpwood-airflow-images/lib/python3.6/site-packages/airflow/example_dags/example_task_group.py took 0.039 seconds
[2021-06-07 18:43:52,025] {scheduler_job.py:182} INFO - Started process (PID=7224) to work on /home/encrypted/abaceti/.virtualenvs/pumpwood-airflow-images/lib/python3.6/site-packages/airflow/example_dags/example_task_group.py
[2021-06-07 18:43:52,026] {scheduler_job.py:633} INFO - Processing file /home/encrypted/abaceti/.virtualenvs/pumpwood-airflow-images/lib/python3.6/site-packages/airflow/example_dags/example_task_group.py for tasks to queue
[2021-06-07 18:43:52,026] {logging_mixin.py:104} INFO - [2021-06-07 18:43:52,026] {dagbag.py:487} INFO - Filling up the DagBag from /home/encrypted/abaceti/.virtualenvs/pumpwood-airflow-images/lib/python3.6/site-packages/airflow/example_dags/example_task_group.py
[2021-06-07 18:43:52,033] {scheduler_job.py:643} INFO - DAG(s) dict_keys(['example_task_group']) retrieved from /home/encrypted/abaceti/.virtualenvs/pumpwood-airflow-images/lib/python3.6/site-packages/airflow/example_dags/example_task_group.py
[2021-06-07 18:43:52,049] {logging_mixin.py:104} INFO - [2021-06-07 18:43:52,049] {dag.py:1832} INFO - Sync 1 DAGs
[2021-06-07 18:43:52,057] {logging_mixin.py:104} INFO - [2021-06-07 18:43:52,057] {dag.py:2305} INFO - Setting next_dagrun for example_task_group to 2021-06-05 00:00:00+00:00
[2021-06-07 18:43:52,063] {scheduler_job.py:190} INFO - Processing /home/encrypted/abaceti/.virtualenvs/pumpwood-airflow-images/lib/python3.6/site-packages/airflow/example_dags/example_task_group.py took 0.040 seconds
[2021-06-07 18:44:22,164] {scheduler_job.py:182} INFO - Started process (PID=7348) to work on /home/encrypted/abaceti/.virtualenvs/pumpwood-airflow-images/lib/python3.6/site-packages/airflow/example_dags/example_task_group.py
[2021-06-07 18:44:22,164] {scheduler_job.py:633} INFO - Processing file /home/encrypted/abaceti/.virtualenvs/pumpwood-airflow-images/lib/python3.6/site-packages/airflow/example_dags/example_task_group.py for tasks to queue
[2021-06-07 18:44:22,164] {logging_mixin.py:104} INFO - [2021-06-07 18:44:22,164] {dagbag.py:487} INFO - Filling up the DagBag from /home/encrypted/abaceti/.virtualenvs/pumpwood-airflow-images/lib/python3.6/site-packages/airflow/example_dags/example_task_group.py
[2021-06-07 18:44:22,171] {scheduler_job.py:643} INFO - DAG(s) dict_keys(['example_task_group']) retrieved from /home/encrypted/abaceti/.virtualenvs/pumpwood-airflow-images/lib/python3.6/site-packages/airflow/example_dags/example_task_group.py
[2021-06-07 18:44:22,186] {logging_mixin.py:104} INFO - [2021-06-07 18:44:22,186] {dag.py:1832} INFO - Sync 1 DAGs
[2021-06-07 18:44:22,194] {logging_mixin.py:104} INFO - [2021-06-07 18:44:22,194] {dag.py:2305} INFO - Setting next_dagrun for example_task_group to 2021-06-05 00:00:00+00:00
[2021-06-07 18:44:22,199] {scheduler_job.py:190} INFO - Processing /home/encrypted/abaceti/.virtualenvs/pumpwood-airflow-images/lib/python3.6/site-packages/airflow/example_dags/example_task_group.py took 0.037 seconds
[2021-06-07 18:44:52,307] {scheduler_job.py:182} INFO - Started process (PID=7518) to work on /home/encrypted/abaceti/.virtualenvs/pumpwood-airflow-images/lib/python3.6/site-packages/airflow/example_dags/example_task_group.py
[2021-06-07 18:44:52,307] {scheduler_job.py:633} INFO - Processing file /home/encrypted/abaceti/.virtualenvs/pumpwood-airflow-images/lib/python3.6/site-packages/airflow/example_dags/example_task_group.py for tasks to queue
[2021-06-07 18:44:52,307] {logging_mixin.py:104} INFO - [2021-06-07 18:44:52,307] {dagbag.py:487} INFO - Filling up the DagBag from /home/encrypted/abaceti/.virtualenvs/pumpwood-airflow-images/lib/python3.6/site-packages/airflow/example_dags/example_task_group.py
[2021-06-07 18:44:52,314] {scheduler_job.py:643} INFO - DAG(s) dict_keys(['example_task_group']) retrieved from /home/encrypted/abaceti/.virtualenvs/pumpwood-airflow-images/lib/python3.6/site-packages/airflow/example_dags/example_task_group.py
[2021-06-07 18:44:52,329] {logging_mixin.py:104} INFO - [2021-06-07 18:44:52,329] {dag.py:1832} INFO - Sync 1 DAGs
[2021-06-07 18:44:52,338] {logging_mixin.py:104} INFO - [2021-06-07 18:44:52,338] {dag.py:2305} INFO - Setting next_dagrun for example_task_group to 2021-06-05 00:00:00+00:00
[2021-06-07 18:44:52,343] {scheduler_job.py:190} INFO - Processing /home/encrypted/abaceti/.virtualenvs/pumpwood-airflow-images/lib/python3.6/site-packages/airflow/example_dags/example_task_group.py took 0.038 seconds
[2021-06-07 18:45:23,262] {scheduler_job.py:182} INFO - Started process (PID=7637) to work on /home/encrypted/abaceti/.virtualenvs/pumpwood-airflow-images/lib/python3.6/site-packages/airflow/example_dags/example_task_group.py
[2021-06-07 18:45:23,262] {scheduler_job.py:633} INFO - Processing file /home/encrypted/abaceti/.virtualenvs/pumpwood-airflow-images/lib/python3.6/site-packages/airflow/example_dags/example_task_group.py for tasks to queue
[2021-06-07 18:45:23,262] {logging_mixin.py:104} INFO - [2021-06-07 18:45:23,262] {dagbag.py:487} INFO - Filling up the DagBag from /home/encrypted/abaceti/.virtualenvs/pumpwood-airflow-images/lib/python3.6/site-packages/airflow/example_dags/example_task_group.py
[2021-06-07 18:45:23,269] {scheduler_job.py:643} INFO - DAG(s) dict_keys(['example_task_group']) retrieved from /home/encrypted/abaceti/.virtualenvs/pumpwood-airflow-images/lib/python3.6/site-packages/airflow/example_dags/example_task_group.py
[2021-06-07 18:45:23,284] {logging_mixin.py:104} INFO - [2021-06-07 18:45:23,284] {dag.py:1832} INFO - Sync 1 DAGs
[2021-06-07 18:45:23,293] {logging_mixin.py:104} INFO - [2021-06-07 18:45:23,292] {dag.py:2305} INFO - Setting next_dagrun for example_task_group to 2021-06-05 00:00:00+00:00
[2021-06-07 18:45:23,298] {scheduler_job.py:190} INFO - Processing /home/encrypted/abaceti/.virtualenvs/pumpwood-airflow-images/lib/python3.6/site-packages/airflow/example_dags/example_task_group.py took 0.038 seconds
[2021-06-07 18:45:53,349] {scheduler_job.py:182} INFO - Started process (PID=7803) to work on /home/encrypted/abaceti/.virtualenvs/pumpwood-airflow-images/lib/python3.6/site-packages/airflow/example_dags/example_task_group.py
[2021-06-07 18:45:53,349] {scheduler_job.py:633} INFO - Processing file /home/encrypted/abaceti/.virtualenvs/pumpwood-airflow-images/lib/python3.6/site-packages/airflow/example_dags/example_task_group.py for tasks to queue
[2021-06-07 18:45:53,349] {logging_mixin.py:104} INFO - [2021-06-07 18:45:53,349] {dagbag.py:487} INFO - Filling up the DagBag from /home/encrypted/abaceti/.virtualenvs/pumpwood-airflow-images/lib/python3.6/site-packages/airflow/example_dags/example_task_group.py
[2021-06-07 18:45:53,356] {scheduler_job.py:643} INFO - DAG(s) dict_keys(['example_task_group']) retrieved from /home/encrypted/abaceti/.virtualenvs/pumpwood-airflow-images/lib/python3.6/site-packages/airflow/example_dags/example_task_group.py
[2021-06-07 18:45:53,370] {logging_mixin.py:104} INFO - [2021-06-07 18:45:53,370] {dag.py:1832} INFO - Sync 1 DAGs
[2021-06-07 18:45:53,378] {logging_mixin.py:104} INFO - [2021-06-07 18:45:53,378] {dag.py:2305} INFO - Setting next_dagrun for example_task_group to 2021-06-05 00:00:00+00:00
[2021-06-07 18:45:53,383] {scheduler_job.py:190} INFO - Processing /home/encrypted/abaceti/.virtualenvs/pumpwood-airflow-images/lib/python3.6/site-packages/airflow/example_dags/example_task_group.py took 0.036 seconds
[2021-06-07 18:46:23,508] {scheduler_job.py:182} INFO - Started process (PID=7921) to work on /home/encrypted/abaceti/.virtualenvs/pumpwood-airflow-images/lib/python3.6/site-packages/airflow/example_dags/example_task_group.py
[2021-06-07 18:46:23,509] {scheduler_job.py:633} INFO - Processing file /home/encrypted/abaceti/.virtualenvs/pumpwood-airflow-images/lib/python3.6/site-packages/airflow/example_dags/example_task_group.py for tasks to queue
[2021-06-07 18:46:23,509] {logging_mixin.py:104} INFO - [2021-06-07 18:46:23,509] {dagbag.py:487} INFO - Filling up the DagBag from /home/encrypted/abaceti/.virtualenvs/pumpwood-airflow-images/lib/python3.6/site-packages/airflow/example_dags/example_task_group.py
[2021-06-07 18:46:23,516] {scheduler_job.py:643} INFO - DAG(s) dict_keys(['example_task_group']) retrieved from /home/encrypted/abaceti/.virtualenvs/pumpwood-airflow-images/lib/python3.6/site-packages/airflow/example_dags/example_task_group.py
[2021-06-07 18:46:23,530] {logging_mixin.py:104} INFO - [2021-06-07 18:46:23,530] {dag.py:1832} INFO - Sync 1 DAGs
[2021-06-07 18:46:23,538] {logging_mixin.py:104} INFO - [2021-06-07 18:46:23,538] {dag.py:2305} INFO - Setting next_dagrun for example_task_group to 2021-06-05 00:00:00+00:00
[2021-06-07 18:46:23,544] {scheduler_job.py:190} INFO - Processing /home/encrypted/abaceti/.virtualenvs/pumpwood-airflow-images/lib/python3.6/site-packages/airflow/example_dags/example_task_group.py took 0.037 seconds
[2021-06-07 18:46:53,660] {scheduler_job.py:182} INFO - Started process (PID=8110) to work on /home/encrypted/abaceti/.virtualenvs/pumpwood-airflow-images/lib/python3.6/site-packages/airflow/example_dags/example_task_group.py
[2021-06-07 18:46:53,661] {scheduler_job.py:633} INFO - Processing file /home/encrypted/abaceti/.virtualenvs/pumpwood-airflow-images/lib/python3.6/site-packages/airflow/example_dags/example_task_group.py for tasks to queue
[2021-06-07 18:46:53,661] {logging_mixin.py:104} INFO - [2021-06-07 18:46:53,661] {dagbag.py:487} INFO - Filling up the DagBag from /home/encrypted/abaceti/.virtualenvs/pumpwood-airflow-images/lib/python3.6/site-packages/airflow/example_dags/example_task_group.py
[2021-06-07 18:46:53,668] {scheduler_job.py:643} INFO - DAG(s) dict_keys(['example_task_group']) retrieved from /home/encrypted/abaceti/.virtualenvs/pumpwood-airflow-images/lib/python3.6/site-packages/airflow/example_dags/example_task_group.py
[2021-06-07 18:46:53,682] {logging_mixin.py:104} INFO - [2021-06-07 18:46:53,682] {dag.py:1832} INFO - Sync 1 DAGs
[2021-06-07 18:46:53,691] {logging_mixin.py:104} INFO - [2021-06-07 18:46:53,691] {dag.py:2305} INFO - Setting next_dagrun for example_task_group to 2021-06-05 00:00:00+00:00
[2021-06-07 18:46:53,696] {scheduler_job.py:190} INFO - Processing /home/encrypted/abaceti/.virtualenvs/pumpwood-airflow-images/lib/python3.6/site-packages/airflow/example_dags/example_task_group.py took 0.038 seconds
[2021-06-07 18:47:23,832] {scheduler_job.py:182} INFO - Started process (PID=8246) to work on /home/encrypted/abaceti/.virtualenvs/pumpwood-airflow-images/lib/python3.6/site-packages/airflow/example_dags/example_task_group.py
[2021-06-07 18:47:23,832] {scheduler_job.py:633} INFO - Processing file /home/encrypted/abaceti/.virtualenvs/pumpwood-airflow-images/lib/python3.6/site-packages/airflow/example_dags/example_task_group.py for tasks to queue
[2021-06-07 18:47:23,833] {logging_mixin.py:104} INFO - [2021-06-07 18:47:23,833] {dagbag.py:487} INFO - Filling up the DagBag from /home/encrypted/abaceti/.virtualenvs/pumpwood-airflow-images/lib/python3.6/site-packages/airflow/example_dags/example_task_group.py
[2021-06-07 18:47:23,840] {scheduler_job.py:643} INFO - DAG(s) dict_keys(['example_task_group']) retrieved from /home/encrypted/abaceti/.virtualenvs/pumpwood-airflow-images/lib/python3.6/site-packages/airflow/example_dags/example_task_group.py
[2021-06-07 18:47:23,855] {logging_mixin.py:104} INFO - [2021-06-07 18:47:23,855] {dag.py:1832} INFO - Sync 1 DAGs
[2021-06-07 18:47:23,865] {logging_mixin.py:104} INFO - [2021-06-07 18:47:23,865] {dag.py:2305} INFO - Setting next_dagrun for example_task_group to 2021-06-05 00:00:00+00:00
[2021-06-07 18:47:23,870] {scheduler_job.py:190} INFO - Processing /home/encrypted/abaceti/.virtualenvs/pumpwood-airflow-images/lib/python3.6/site-packages/airflow/example_dags/example_task_group.py took 0.040 seconds
[2021-06-07 18:47:53,885] {scheduler_job.py:182} INFO - Started process (PID=8461) to work on /home/encrypted/abaceti/.virtualenvs/pumpwood-airflow-images/lib/python3.6/site-packages/airflow/example_dags/example_task_group.py
[2021-06-07 18:47:53,885] {scheduler_job.py:633} INFO - Processing file /home/encrypted/abaceti/.virtualenvs/pumpwood-airflow-images/lib/python3.6/site-packages/airflow/example_dags/example_task_group.py for tasks to queue
[2021-06-07 18:47:53,886] {logging_mixin.py:104} INFO - [2021-06-07 18:47:53,886] {dagbag.py:487} INFO - Filling up the DagBag from /home/encrypted/abaceti/.virtualenvs/pumpwood-airflow-images/lib/python3.6/site-packages/airflow/example_dags/example_task_group.py
[2021-06-07 18:47:53,893] {scheduler_job.py:643} INFO - DAG(s) dict_keys(['example_task_group']) retrieved from /home/encrypted/abaceti/.virtualenvs/pumpwood-airflow-images/lib/python3.6/site-packages/airflow/example_dags/example_task_group.py
[2021-06-07 18:47:53,908] {logging_mixin.py:104} INFO - [2021-06-07 18:47:53,908] {dag.py:1832} INFO - Sync 1 DAGs
[2021-06-07 18:47:53,917] {logging_mixin.py:104} INFO - [2021-06-07 18:47:53,917] {dag.py:2305} INFO - Setting next_dagrun for example_task_group to 2021-06-05 00:00:00+00:00
[2021-06-07 18:47:53,922] {scheduler_job.py:190} INFO - Processing /home/encrypted/abaceti/.virtualenvs/pumpwood-airflow-images/lib/python3.6/site-packages/airflow/example_dags/example_task_group.py took 0.039 seconds
[2021-06-07 18:48:24,238] {scheduler_job.py:182} INFO - Started process (PID=8683) to work on /home/encrypted/abaceti/.virtualenvs/pumpwood-airflow-images/lib/python3.6/site-packages/airflow/example_dags/example_task_group.py
[2021-06-07 18:48:24,239] {scheduler_job.py:633} INFO - Processing file /home/encrypted/abaceti/.virtualenvs/pumpwood-airflow-images/lib/python3.6/site-packages/airflow/example_dags/example_task_group.py for tasks to queue
[2021-06-07 18:48:24,239] {logging_mixin.py:104} INFO - [2021-06-07 18:48:24,239] {dagbag.py:487} INFO - Filling up the DagBag from /home/encrypted/abaceti/.virtualenvs/pumpwood-airflow-images/lib/python3.6/site-packages/airflow/example_dags/example_task_group.py
[2021-06-07 18:48:24,246] {scheduler_job.py:643} INFO - DAG(s) dict_keys(['example_task_group']) retrieved from /home/encrypted/abaceti/.virtualenvs/pumpwood-airflow-images/lib/python3.6/site-packages/airflow/example_dags/example_task_group.py
[2021-06-07 18:48:24,260] {logging_mixin.py:104} INFO - [2021-06-07 18:48:24,260] {dag.py:1832} INFO - Sync 1 DAGs
[2021-06-07 18:48:24,268] {logging_mixin.py:104} INFO - [2021-06-07 18:48:24,268] {dag.py:2305} INFO - Setting next_dagrun for example_task_group to 2021-06-05 00:00:00+00:00
[2021-06-07 18:48:24,275] {scheduler_job.py:190} INFO - Processing /home/encrypted/abaceti/.virtualenvs/pumpwood-airflow-images/lib/python3.6/site-packages/airflow/example_dags/example_task_group.py took 0.038 seconds
[2021-06-07 18:48:49,500] {scheduler_job.py:182} INFO - Started process (PID=8876) to work on /home/encrypted/abaceti/.virtualenvs/pumpwood-airflow-images/lib/python3.6/site-packages/airflow/example_dags/example_task_group.py
[2021-06-07 18:48:49,500] {scheduler_job.py:633} INFO - Processing file /home/encrypted/abaceti/.virtualenvs/pumpwood-airflow-images/lib/python3.6/site-packages/airflow/example_dags/example_task_group.py for tasks to queue
[2021-06-07 18:48:49,501] {logging_mixin.py:104} INFO - [2021-06-07 18:48:49,501] {dagbag.py:487} INFO - Filling up the DagBag from /home/encrypted/abaceti/.virtualenvs/pumpwood-airflow-images/lib/python3.6/site-packages/airflow/example_dags/example_task_group.py
[2021-06-07 18:48:49,508] {scheduler_job.py:643} INFO - DAG(s) dict_keys(['example_task_group']) retrieved from /home/encrypted/abaceti/.virtualenvs/pumpwood-airflow-images/lib/python3.6/site-packages/airflow/example_dags/example_task_group.py
[2021-06-07 18:48:49,523] {logging_mixin.py:104} INFO - [2021-06-07 18:48:49,523] {dag.py:1832} INFO - Sync 1 DAGs
[2021-06-07 18:48:49,531] {logging_mixin.py:104} INFO - [2021-06-07 18:48:49,531] {dag.py:2305} INFO - Setting next_dagrun for example_task_group to 2021-06-05 00:00:00+00:00
[2021-06-07 18:48:49,536] {scheduler_job.py:190} INFO - Processing /home/encrypted/abaceti/.virtualenvs/pumpwood-airflow-images/lib/python3.6/site-packages/airflow/example_dags/example_task_group.py took 0.037 seconds
[2021-06-07 18:49:20,506] {scheduler_job.py:182} INFO - Started process (PID=9000) to work on /home/encrypted/abaceti/.virtualenvs/pumpwood-airflow-images/lib/python3.6/site-packages/airflow/example_dags/example_task_group.py
[2021-06-07 18:49:20,507] {scheduler_job.py:633} INFO - Processing file /home/encrypted/abaceti/.virtualenvs/pumpwood-airflow-images/lib/python3.6/site-packages/airflow/example_dags/example_task_group.py for tasks to queue
[2021-06-07 18:49:20,507] {logging_mixin.py:104} INFO - [2021-06-07 18:49:20,507] {dagbag.py:487} INFO - Filling up the DagBag from /home/encrypted/abaceti/.virtualenvs/pumpwood-airflow-images/lib/python3.6/site-packages/airflow/example_dags/example_task_group.py
[2021-06-07 18:49:20,514] {scheduler_job.py:643} INFO - DAG(s) dict_keys(['example_task_group']) retrieved from /home/encrypted/abaceti/.virtualenvs/pumpwood-airflow-images/lib/python3.6/site-packages/airflow/example_dags/example_task_group.py
[2021-06-07 18:49:20,529] {logging_mixin.py:104} INFO - [2021-06-07 18:49:20,529] {dag.py:1832} INFO - Sync 1 DAGs
[2021-06-07 18:49:20,538] {logging_mixin.py:104} INFO - [2021-06-07 18:49:20,538] {dag.py:2305} INFO - Setting next_dagrun for example_task_group to 2021-06-05 00:00:00+00:00
[2021-06-07 18:49:20,545] {scheduler_job.py:190} INFO - Processing /home/encrypted/abaceti/.virtualenvs/pumpwood-airflow-images/lib/python3.6/site-packages/airflow/example_dags/example_task_group.py took 0.040 seconds
[2021-06-07 18:49:50,672] {scheduler_job.py:182} INFO - Started process (PID=9176) to work on /home/encrypted/abaceti/.virtualenvs/pumpwood-airflow-images/lib/python3.6/site-packages/airflow/example_dags/example_task_group.py
[2021-06-07 18:49:50,673] {scheduler_job.py:633} INFO - Processing file /home/encrypted/abaceti/.virtualenvs/pumpwood-airflow-images/lib/python3.6/site-packages/airflow/example_dags/example_task_group.py for tasks to queue
[2021-06-07 18:49:50,673] {logging_mixin.py:104} INFO - [2021-06-07 18:49:50,673] {dagbag.py:487} INFO - Filling up the DagBag from /home/encrypted/abaceti/.virtualenvs/pumpwood-airflow-images/lib/python3.6/site-packages/airflow/example_dags/example_task_group.py
[2021-06-07 18:49:50,680] {scheduler_job.py:643} INFO - DAG(s) dict_keys(['example_task_group']) retrieved from /home/encrypted/abaceti/.virtualenvs/pumpwood-airflow-images/lib/python3.6/site-packages/airflow/example_dags/example_task_group.py
[2021-06-07 18:49:50,695] {logging_mixin.py:104} INFO - [2021-06-07 18:49:50,695] {dag.py:1832} INFO - Sync 1 DAGs
[2021-06-07 18:49:50,704] {logging_mixin.py:104} INFO - [2021-06-07 18:49:50,704] {dag.py:2305} INFO - Setting next_dagrun for example_task_group to 2021-06-05 00:00:00+00:00
[2021-06-07 18:49:50,709] {scheduler_job.py:190} INFO - Processing /home/encrypted/abaceti/.virtualenvs/pumpwood-airflow-images/lib/python3.6/site-packages/airflow/example_dags/example_task_group.py took 0.038 seconds
[2021-06-07 18:50:21,043] {scheduler_job.py:182} INFO - Started process (PID=9416) to work on /home/encrypted/abaceti/.virtualenvs/pumpwood-airflow-images/lib/python3.6/site-packages/airflow/example_dags/example_task_group.py
[2021-06-07 18:50:21,043] {scheduler_job.py:633} INFO - Processing file /home/encrypted/abaceti/.virtualenvs/pumpwood-airflow-images/lib/python3.6/site-packages/airflow/example_dags/example_task_group.py for tasks to queue
[2021-06-07 18:50:21,043] {logging_mixin.py:104} INFO - [2021-06-07 18:50:21,043] {dagbag.py:487} INFO - Filling up the DagBag from /home/encrypted/abaceti/.virtualenvs/pumpwood-airflow-images/lib/python3.6/site-packages/airflow/example_dags/example_task_group.py
[2021-06-07 18:50:21,050] {scheduler_job.py:643} INFO - DAG(s) dict_keys(['example_task_group']) retrieved from /home/encrypted/abaceti/.virtualenvs/pumpwood-airflow-images/lib/python3.6/site-packages/airflow/example_dags/example_task_group.py
[2021-06-07 18:50:21,065] {logging_mixin.py:104} INFO - [2021-06-07 18:50:21,065] {dag.py:1832} INFO - Sync 1 DAGs
[2021-06-07 18:50:21,073] {logging_mixin.py:104} INFO - [2021-06-07 18:50:21,073] {dag.py:2305} INFO - Setting next_dagrun for example_task_group to 2021-06-05 00:00:00+00:00
[2021-06-07 18:50:21,078] {scheduler_job.py:190} INFO - Processing /home/encrypted/abaceti/.virtualenvs/pumpwood-airflow-images/lib/python3.6/site-packages/airflow/example_dags/example_task_group.py took 0.037 seconds
[2021-06-07 18:50:51,270] {scheduler_job.py:182} INFO - Started process (PID=9575) to work on /home/encrypted/abaceti/.virtualenvs/pumpwood-airflow-images/lib/python3.6/site-packages/airflow/example_dags/example_task_group.py
[2021-06-07 18:50:51,270] {scheduler_job.py:633} INFO - Processing file /home/encrypted/abaceti/.virtualenvs/pumpwood-airflow-images/lib/python3.6/site-packages/airflow/example_dags/example_task_group.py for tasks to queue
[2021-06-07 18:50:51,271] {logging_mixin.py:104} INFO - [2021-06-07 18:50:51,271] {dagbag.py:487} INFO - Filling up the DagBag from /home/encrypted/abaceti/.virtualenvs/pumpwood-airflow-images/lib/python3.6/site-packages/airflow/example_dags/example_task_group.py
[2021-06-07 18:50:51,278] {scheduler_job.py:643} INFO - DAG(s) dict_keys(['example_task_group']) retrieved from /home/encrypted/abaceti/.virtualenvs/pumpwood-airflow-images/lib/python3.6/site-packages/airflow/example_dags/example_task_group.py
[2021-06-07 18:50:51,294] {logging_mixin.py:104} INFO - [2021-06-07 18:50:51,294] {dag.py:1832} INFO - Sync 1 DAGs
[2021-06-07 18:50:51,303] {logging_mixin.py:104} INFO - [2021-06-07 18:50:51,303] {dag.py:2305} INFO - Setting next_dagrun for example_task_group to 2021-06-05 00:00:00+00:00
[2021-06-07 18:50:51,308] {scheduler_job.py:190} INFO - Processing /home/encrypted/abaceti/.virtualenvs/pumpwood-airflow-images/lib/python3.6/site-packages/airflow/example_dags/example_task_group.py took 0.040 seconds
[2021-06-07 18:51:21,353] {scheduler_job.py:182} INFO - Started process (PID=9692) to work on /home/encrypted/abaceti/.virtualenvs/pumpwood-airflow-images/lib/python3.6/site-packages/airflow/example_dags/example_task_group.py
[2021-06-07 18:51:21,354] {scheduler_job.py:633} INFO - Processing file /home/encrypted/abaceti/.virtualenvs/pumpwood-airflow-images/lib/python3.6/site-packages/airflow/example_dags/example_task_group.py for tasks to queue
[2021-06-07 18:51:21,354] {logging_mixin.py:104} INFO - [2021-06-07 18:51:21,354] {dagbag.py:487} INFO - Filling up the DagBag from /home/encrypted/abaceti/.virtualenvs/pumpwood-airflow-images/lib/python3.6/site-packages/airflow/example_dags/example_task_group.py
[2021-06-07 18:51:21,361] {scheduler_job.py:643} INFO - DAG(s) dict_keys(['example_task_group']) retrieved from /home/encrypted/abaceti/.virtualenvs/pumpwood-airflow-images/lib/python3.6/site-packages/airflow/example_dags/example_task_group.py
[2021-06-07 18:51:21,375] {logging_mixin.py:104} INFO - [2021-06-07 18:51:21,375] {dag.py:1832} INFO - Sync 1 DAGs
[2021-06-07 18:51:21,384] {logging_mixin.py:104} INFO - [2021-06-07 18:51:21,384] {dag.py:2305} INFO - Setting next_dagrun for example_task_group to 2021-06-05 00:00:00+00:00
[2021-06-07 18:51:21,389] {scheduler_job.py:190} INFO - Processing /home/encrypted/abaceti/.virtualenvs/pumpwood-airflow-images/lib/python3.6/site-packages/airflow/example_dags/example_task_group.py took 0.037 seconds
[2021-06-07 18:51:51,449] {scheduler_job.py:182} INFO - Started process (PID=9854) to work on /home/encrypted/abaceti/.virtualenvs/pumpwood-airflow-images/lib/python3.6/site-packages/airflow/example_dags/example_task_group.py
[2021-06-07 18:51:51,449] {scheduler_job.py:633} INFO - Processing file /home/encrypted/abaceti/.virtualenvs/pumpwood-airflow-images/lib/python3.6/site-packages/airflow/example_dags/example_task_group.py for tasks to queue
[2021-06-07 18:51:51,450] {logging_mixin.py:104} INFO - [2021-06-07 18:51:51,449] {dagbag.py:487} INFO - Filling up the DagBag from /home/encrypted/abaceti/.virtualenvs/pumpwood-airflow-images/lib/python3.6/site-packages/airflow/example_dags/example_task_group.py
[2021-06-07 18:51:51,456] {scheduler_job.py:643} INFO - DAG(s) dict_keys(['example_task_group']) retrieved from /home/encrypted/abaceti/.virtualenvs/pumpwood-airflow-images/lib/python3.6/site-packages/airflow/example_dags/example_task_group.py
[2021-06-07 18:51:51,472] {logging_mixin.py:104} INFO - [2021-06-07 18:51:51,472] {dag.py:1832} INFO - Sync 1 DAGs
[2021-06-07 18:51:51,481] {logging_mixin.py:104} INFO - [2021-06-07 18:51:51,481] {dag.py:2305} INFO - Setting next_dagrun for example_task_group to 2021-06-05 00:00:00+00:00
[2021-06-07 18:51:51,486] {scheduler_job.py:190} INFO - Processing /home/encrypted/abaceti/.virtualenvs/pumpwood-airflow-images/lib/python3.6/site-packages/airflow/example_dags/example_task_group.py took 0.039 seconds
[2021-06-07 18:52:21,625] {scheduler_job.py:182} INFO - Started process (PID=9967) to work on /home/encrypted/abaceti/.virtualenvs/pumpwood-airflow-images/lib/python3.6/site-packages/airflow/example_dags/example_task_group.py
[2021-06-07 18:52:21,625] {scheduler_job.py:633} INFO - Processing file /home/encrypted/abaceti/.virtualenvs/pumpwood-airflow-images/lib/python3.6/site-packages/airflow/example_dags/example_task_group.py for tasks to queue
[2021-06-07 18:52:21,625] {logging_mixin.py:104} INFO - [2021-06-07 18:52:21,625] {dagbag.py:487} INFO - Filling up the DagBag from /home/encrypted/abaceti/.virtualenvs/pumpwood-airflow-images/lib/python3.6/site-packages/airflow/example_dags/example_task_group.py
[2021-06-07 18:52:21,632] {scheduler_job.py:643} INFO - DAG(s) dict_keys(['example_task_group']) retrieved from /home/encrypted/abaceti/.virtualenvs/pumpwood-airflow-images/lib/python3.6/site-packages/airflow/example_dags/example_task_group.py
[2021-06-07 18:52:21,647] {logging_mixin.py:104} INFO - [2021-06-07 18:52:21,647] {dag.py:1832} INFO - Sync 1 DAGs
[2021-06-07 18:52:21,655] {logging_mixin.py:104} INFO - [2021-06-07 18:52:21,655] {dag.py:2305} INFO - Setting next_dagrun for example_task_group to 2021-06-05 00:00:00+00:00
[2021-06-07 18:52:21,660] {scheduler_job.py:190} INFO - Processing /home/encrypted/abaceti/.virtualenvs/pumpwood-airflow-images/lib/python3.6/site-packages/airflow/example_dags/example_task_group.py took 0.037 seconds
[2021-06-07 18:52:51,748] {scheduler_job.py:182} INFO - Started process (PID=10775) to work on /home/encrypted/abaceti/.virtualenvs/pumpwood-airflow-images/lib/python3.6/site-packages/airflow/example_dags/example_task_group.py
[2021-06-07 18:52:51,749] {scheduler_job.py:633} INFO - Processing file /home/encrypted/abaceti/.virtualenvs/pumpwood-airflow-images/lib/python3.6/site-packages/airflow/example_dags/example_task_group.py for tasks to queue
[2021-06-07 18:52:51,749] {logging_mixin.py:104} INFO - [2021-06-07 18:52:51,749] {dagbag.py:487} INFO - Filling up the DagBag from /home/encrypted/abaceti/.virtualenvs/pumpwood-airflow-images/lib/python3.6/site-packages/airflow/example_dags/example_task_group.py
[2021-06-07 18:52:51,757] {scheduler_job.py:643} INFO - DAG(s) dict_keys(['example_task_group']) retrieved from /home/encrypted/abaceti/.virtualenvs/pumpwood-airflow-images/lib/python3.6/site-packages/airflow/example_dags/example_task_group.py
[2021-06-07 18:52:51,771] {logging_mixin.py:104} INFO - [2021-06-07 18:52:51,771] {dag.py:1832} INFO - Sync 1 DAGs
[2021-06-07 18:52:51,780] {logging_mixin.py:104} INFO - [2021-06-07 18:52:51,780] {dag.py:2305} INFO - Setting next_dagrun for example_task_group to 2021-06-05 00:00:00+00:00
[2021-06-07 18:52:51,786] {scheduler_job.py:190} INFO - Processing /home/encrypted/abaceti/.virtualenvs/pumpwood-airflow-images/lib/python3.6/site-packages/airflow/example_dags/example_task_group.py took 0.039 seconds
[2021-06-07 18:53:21,952] {scheduler_job.py:182} INFO - Started process (PID=11101) to work on /home/encrypted/abaceti/.virtualenvs/pumpwood-airflow-images/lib/python3.6/site-packages/airflow/example_dags/example_task_group.py
[2021-06-07 18:53:21,952] {scheduler_job.py:633} INFO - Processing file /home/encrypted/abaceti/.virtualenvs/pumpwood-airflow-images/lib/python3.6/site-packages/airflow/example_dags/example_task_group.py for tasks to queue
[2021-06-07 18:53:21,952] {logging_mixin.py:104} INFO - [2021-06-07 18:53:21,952] {dagbag.py:487} INFO - Filling up the DagBag from /home/encrypted/abaceti/.virtualenvs/pumpwood-airflow-images/lib/python3.6/site-packages/airflow/example_dags/example_task_group.py
[2021-06-07 18:53:21,959] {scheduler_job.py:643} INFO - DAG(s) dict_keys(['example_task_group']) retrieved from /home/encrypted/abaceti/.virtualenvs/pumpwood-airflow-images/lib/python3.6/site-packages/airflow/example_dags/example_task_group.py
[2021-06-07 18:53:21,975] {logging_mixin.py:104} INFO - [2021-06-07 18:53:21,975] {dag.py:1832} INFO - Sync 1 DAGs
[2021-06-07 18:53:21,982] {logging_mixin.py:104} INFO - [2021-06-07 18:53:21,982] {dag.py:2305} INFO - Setting next_dagrun for example_task_group to 2021-06-05 00:00:00+00:00
[2021-06-07 18:53:21,988] {scheduler_job.py:190} INFO - Processing /home/encrypted/abaceti/.virtualenvs/pumpwood-airflow-images/lib/python3.6/site-packages/airflow/example_dags/example_task_group.py took 0.038 seconds
[2021-06-07 18:53:52,187] {scheduler_job.py:182} INFO - Started process (PID=11482) to work on /home/encrypted/abaceti/.virtualenvs/pumpwood-airflow-images/lib/python3.6/site-packages/airflow/example_dags/example_task_group.py
[2021-06-07 18:53:52,187] {scheduler_job.py:633} INFO - Processing file /home/encrypted/abaceti/.virtualenvs/pumpwood-airflow-images/lib/python3.6/site-packages/airflow/example_dags/example_task_group.py for tasks to queue
[2021-06-07 18:53:52,188] {logging_mixin.py:104} INFO - [2021-06-07 18:53:52,188] {dagbag.py:487} INFO - Filling up the DagBag from /home/encrypted/abaceti/.virtualenvs/pumpwood-airflow-images/lib/python3.6/site-packages/airflow/example_dags/example_task_group.py
[2021-06-07 18:53:52,195] {scheduler_job.py:643} INFO - DAG(s) dict_keys(['example_task_group']) retrieved from /home/encrypted/abaceti/.virtualenvs/pumpwood-airflow-images/lib/python3.6/site-packages/airflow/example_dags/example_task_group.py
[2021-06-07 18:53:52,212] {logging_mixin.py:104} INFO - [2021-06-07 18:53:52,212] {dag.py:1832} INFO - Sync 1 DAGs
[2021-06-07 18:53:52,223] {logging_mixin.py:104} INFO - [2021-06-07 18:53:52,223] {dag.py:2305} INFO - Setting next_dagrun for example_task_group to 2021-06-05 00:00:00+00:00
[2021-06-07 18:53:52,229] {scheduler_job.py:190} INFO - Processing /home/encrypted/abaceti/.virtualenvs/pumpwood-airflow-images/lib/python3.6/site-packages/airflow/example_dags/example_task_group.py took 0.044 seconds
[2021-06-07 18:54:22,288] {scheduler_job.py:182} INFO - Started process (PID=11893) to work on /home/encrypted/abaceti/.virtualenvs/pumpwood-airflow-images/lib/python3.6/site-packages/airflow/example_dags/example_task_group.py
[2021-06-07 18:54:22,289] {scheduler_job.py:633} INFO - Processing file /home/encrypted/abaceti/.virtualenvs/pumpwood-airflow-images/lib/python3.6/site-packages/airflow/example_dags/example_task_group.py for tasks to queue
[2021-06-07 18:54:22,289] {logging_mixin.py:104} INFO - [2021-06-07 18:54:22,289] {dagbag.py:487} INFO - Filling up the DagBag from /home/encrypted/abaceti/.virtualenvs/pumpwood-airflow-images/lib/python3.6/site-packages/airflow/example_dags/example_task_group.py
[2021-06-07 18:54:22,296] {scheduler_job.py:643} INFO - DAG(s) dict_keys(['example_task_group']) retrieved from /home/encrypted/abaceti/.virtualenvs/pumpwood-airflow-images/lib/python3.6/site-packages/airflow/example_dags/example_task_group.py
[2021-06-07 18:54:22,310] {logging_mixin.py:104} INFO - [2021-06-07 18:54:22,310] {dag.py:1832} INFO - Sync 1 DAGs
[2021-06-07 18:54:22,318] {logging_mixin.py:104} INFO - [2021-06-07 18:54:22,318] {dag.py:2305} INFO - Setting next_dagrun for example_task_group to 2021-06-05 00:00:00+00:00
[2021-06-07 18:54:22,324] {scheduler_job.py:190} INFO - Processing /home/encrypted/abaceti/.virtualenvs/pumpwood-airflow-images/lib/python3.6/site-packages/airflow/example_dags/example_task_group.py took 0.037 seconds
[2021-06-07 18:54:52,458] {scheduler_job.py:182} INFO - Started process (PID=12106) to work on /home/encrypted/abaceti/.virtualenvs/pumpwood-airflow-images/lib/python3.6/site-packages/airflow/example_dags/example_task_group.py
[2021-06-07 18:54:52,458] {scheduler_job.py:633} INFO - Processing file /home/encrypted/abaceti/.virtualenvs/pumpwood-airflow-images/lib/python3.6/site-packages/airflow/example_dags/example_task_group.py for tasks to queue
[2021-06-07 18:54:52,459] {logging_mixin.py:104} INFO - [2021-06-07 18:54:52,459] {dagbag.py:487} INFO - Filling up the DagBag from /home/encrypted/abaceti/.virtualenvs/pumpwood-airflow-images/lib/python3.6/site-packages/airflow/example_dags/example_task_group.py
[2021-06-07 18:54:52,466] {scheduler_job.py:643} INFO - DAG(s) dict_keys(['example_task_group']) retrieved from /home/encrypted/abaceti/.virtualenvs/pumpwood-airflow-images/lib/python3.6/site-packages/airflow/example_dags/example_task_group.py
[2021-06-07 18:54:52,481] {logging_mixin.py:104} INFO - [2021-06-07 18:54:52,481] {dag.py:1832} INFO - Sync 1 DAGs
[2021-06-07 18:54:52,489] {logging_mixin.py:104} INFO - [2021-06-07 18:54:52,489] {dag.py:2305} INFO - Setting next_dagrun for example_task_group to 2021-06-05 00:00:00+00:00
[2021-06-07 18:54:52,495] {scheduler_job.py:190} INFO - Processing /home/encrypted/abaceti/.virtualenvs/pumpwood-airflow-images/lib/python3.6/site-packages/airflow/example_dags/example_task_group.py took 0.038 seconds
[2021-06-07 18:55:22,627] {scheduler_job.py:182} INFO - Started process (PID=12284) to work on /home/encrypted/abaceti/.virtualenvs/pumpwood-airflow-images/lib/python3.6/site-packages/airflow/example_dags/example_task_group.py
[2021-06-07 18:55:22,627] {scheduler_job.py:633} INFO - Processing file /home/encrypted/abaceti/.virtualenvs/pumpwood-airflow-images/lib/python3.6/site-packages/airflow/example_dags/example_task_group.py for tasks to queue
[2021-06-07 18:55:22,628] {logging_mixin.py:104} INFO - [2021-06-07 18:55:22,627] {dagbag.py:487} INFO - Filling up the DagBag from /home/encrypted/abaceti/.virtualenvs/pumpwood-airflow-images/lib/python3.6/site-packages/airflow/example_dags/example_task_group.py
[2021-06-07 18:55:22,635] {scheduler_job.py:643} INFO - DAG(s) dict_keys(['example_task_group']) retrieved from /home/encrypted/abaceti/.virtualenvs/pumpwood-airflow-images/lib/python3.6/site-packages/airflow/example_dags/example_task_group.py
[2021-06-07 18:55:22,650] {logging_mixin.py:104} INFO - [2021-06-07 18:55:22,650] {dag.py:1832} INFO - Sync 1 DAGs
[2021-06-07 18:55:22,658] {logging_mixin.py:104} INFO - [2021-06-07 18:55:22,658] {dag.py:2305} INFO - Setting next_dagrun for example_task_group to 2021-06-05 00:00:00+00:00
[2021-06-07 18:55:22,664] {scheduler_job.py:190} INFO - Processing /home/encrypted/abaceti/.virtualenvs/pumpwood-airflow-images/lib/python3.6/site-packages/airflow/example_dags/example_task_group.py took 0.039 seconds
[2021-06-07 18:55:52,730] {scheduler_job.py:182} INFO - Started process (PID=12504) to work on /home/encrypted/abaceti/.virtualenvs/pumpwood-airflow-images/lib/python3.6/site-packages/airflow/example_dags/example_task_group.py
[2021-06-07 18:55:52,731] {scheduler_job.py:633} INFO - Processing file /home/encrypted/abaceti/.virtualenvs/pumpwood-airflow-images/lib/python3.6/site-packages/airflow/example_dags/example_task_group.py for tasks to queue
[2021-06-07 18:55:52,731] {logging_mixin.py:104} INFO - [2021-06-07 18:55:52,731] {dagbag.py:487} INFO - Filling up the DagBag from /home/encrypted/abaceti/.virtualenvs/pumpwood-airflow-images/lib/python3.6/site-packages/airflow/example_dags/example_task_group.py
[2021-06-07 18:55:52,738] {scheduler_job.py:643} INFO - DAG(s) dict_keys(['example_task_group']) retrieved from /home/encrypted/abaceti/.virtualenvs/pumpwood-airflow-images/lib/python3.6/site-packages/airflow/example_dags/example_task_group.py
[2021-06-07 18:55:52,754] {logging_mixin.py:104} INFO - [2021-06-07 18:55:52,754] {dag.py:1832} INFO - Sync 1 DAGs
[2021-06-07 18:55:52,762] {logging_mixin.py:104} INFO - [2021-06-07 18:55:52,762] {dag.py:2305} INFO - Setting next_dagrun for example_task_group to 2021-06-05 00:00:00+00:00
[2021-06-07 18:55:52,768] {scheduler_job.py:190} INFO - Processing /home/encrypted/abaceti/.virtualenvs/pumpwood-airflow-images/lib/python3.6/site-packages/airflow/example_dags/example_task_group.py took 0.040 seconds
[2021-06-07 18:56:22,822] {scheduler_job.py:182} INFO - Started process (PID=12677) to work on /home/encrypted/abaceti/.virtualenvs/pumpwood-airflow-images/lib/python3.6/site-packages/airflow/example_dags/example_task_group.py
[2021-06-07 18:56:22,823] {scheduler_job.py:633} INFO - Processing file /home/encrypted/abaceti/.virtualenvs/pumpwood-airflow-images/lib/python3.6/site-packages/airflow/example_dags/example_task_group.py for tasks to queue
[2021-06-07 18:56:22,823] {logging_mixin.py:104} INFO - [2021-06-07 18:56:22,823] {dagbag.py:487} INFO - Filling up the DagBag from /home/encrypted/abaceti/.virtualenvs/pumpwood-airflow-images/lib/python3.6/site-packages/airflow/example_dags/example_task_group.py
[2021-06-07 18:56:22,831] {scheduler_job.py:643} INFO - DAG(s) dict_keys(['example_task_group']) retrieved from /home/encrypted/abaceti/.virtualenvs/pumpwood-airflow-images/lib/python3.6/site-packages/airflow/example_dags/example_task_group.py
[2021-06-07 18:56:22,846] {logging_mixin.py:104} INFO - [2021-06-07 18:56:22,846] {dag.py:1832} INFO - Sync 1 DAGs
[2021-06-07 18:56:22,854] {logging_mixin.py:104} INFO - [2021-06-07 18:56:22,854] {dag.py:2305} INFO - Setting next_dagrun for example_task_group to 2021-06-05 00:00:00+00:00
[2021-06-07 18:56:22,859] {scheduler_job.py:190} INFO - Processing /home/encrypted/abaceti/.virtualenvs/pumpwood-airflow-images/lib/python3.6/site-packages/airflow/example_dags/example_task_group.py took 0.038 seconds
[2021-06-07 18:56:53,089] {scheduler_job.py:182} INFO - Started process (PID=12909) to work on /home/encrypted/abaceti/.virtualenvs/pumpwood-airflow-images/lib/python3.6/site-packages/airflow/example_dags/example_task_group.py
[2021-06-07 18:56:53,089] {scheduler_job.py:633} INFO - Processing file /home/encrypted/abaceti/.virtualenvs/pumpwood-airflow-images/lib/python3.6/site-packages/airflow/example_dags/example_task_group.py for tasks to queue
[2021-06-07 18:56:53,089] {logging_mixin.py:104} INFO - [2021-06-07 18:56:53,089] {dagbag.py:487} INFO - Filling up the DagBag from /home/encrypted/abaceti/.virtualenvs/pumpwood-airflow-images/lib/python3.6/site-packages/airflow/example_dags/example_task_group.py
[2021-06-07 18:56:53,096] {scheduler_job.py:643} INFO - DAG(s) dict_keys(['example_task_group']) retrieved from /home/encrypted/abaceti/.virtualenvs/pumpwood-airflow-images/lib/python3.6/site-packages/airflow/example_dags/example_task_group.py
[2021-06-07 18:56:53,110] {logging_mixin.py:104} INFO - [2021-06-07 18:56:53,110] {dag.py:1832} INFO - Sync 1 DAGs
[2021-06-07 18:56:53,118] {logging_mixin.py:104} INFO - [2021-06-07 18:56:53,118] {dag.py:2305} INFO - Setting next_dagrun for example_task_group to 2021-06-05 00:00:00+00:00
[2021-06-07 18:56:53,124] {scheduler_job.py:190} INFO - Processing /home/encrypted/abaceti/.virtualenvs/pumpwood-airflow-images/lib/python3.6/site-packages/airflow/example_dags/example_task_group.py took 0.037 seconds
[2021-06-07 18:57:24,028] {scheduler_job.py:182} INFO - Started process (PID=13030) to work on /home/encrypted/abaceti/.virtualenvs/pumpwood-airflow-images/lib/python3.6/site-packages/airflow/example_dags/example_task_group.py
[2021-06-07 18:57:24,028] {scheduler_job.py:633} INFO - Processing file /home/encrypted/abaceti/.virtualenvs/pumpwood-airflow-images/lib/python3.6/site-packages/airflow/example_dags/example_task_group.py for tasks to queue
[2021-06-07 18:57:24,028] {logging_mixin.py:104} INFO - [2021-06-07 18:57:24,028] {dagbag.py:487} INFO - Filling up the DagBag from /home/encrypted/abaceti/.virtualenvs/pumpwood-airflow-images/lib/python3.6/site-packages/airflow/example_dags/example_task_group.py
[2021-06-07 18:57:24,035] {scheduler_job.py:643} INFO - DAG(s) dict_keys(['example_task_group']) retrieved from /home/encrypted/abaceti/.virtualenvs/pumpwood-airflow-images/lib/python3.6/site-packages/airflow/example_dags/example_task_group.py
[2021-06-07 18:57:24,049] {logging_mixin.py:104} INFO - [2021-06-07 18:57:24,049] {dag.py:1832} INFO - Sync 1 DAGs
[2021-06-07 18:57:24,058] {logging_mixin.py:104} INFO - [2021-06-07 18:57:24,058] {dag.py:2305} INFO - Setting next_dagrun for example_task_group to 2021-06-05 00:00:00+00:00
[2021-06-07 18:57:24,064] {scheduler_job.py:190} INFO - Processing /home/encrypted/abaceti/.virtualenvs/pumpwood-airflow-images/lib/python3.6/site-packages/airflow/example_dags/example_task_group.py took 0.038 seconds
[2021-06-07 18:57:54,263] {scheduler_job.py:182} INFO - Started process (PID=13205) to work on /home/encrypted/abaceti/.virtualenvs/pumpwood-airflow-images/lib/python3.6/site-packages/airflow/example_dags/example_task_group.py
[2021-06-07 18:57:54,263] {scheduler_job.py:633} INFO - Processing file /home/encrypted/abaceti/.virtualenvs/pumpwood-airflow-images/lib/python3.6/site-packages/airflow/example_dags/example_task_group.py for tasks to queue
[2021-06-07 18:57:54,263] {logging_mixin.py:104} INFO - [2021-06-07 18:57:54,263] {dagbag.py:487} INFO - Filling up the DagBag from /home/encrypted/abaceti/.virtualenvs/pumpwood-airflow-images/lib/python3.6/site-packages/airflow/example_dags/example_task_group.py
[2021-06-07 18:57:54,270] {scheduler_job.py:643} INFO - DAG(s) dict_keys(['example_task_group']) retrieved from /home/encrypted/abaceti/.virtualenvs/pumpwood-airflow-images/lib/python3.6/site-packages/airflow/example_dags/example_task_group.py
[2021-06-07 18:57:54,287] {logging_mixin.py:104} INFO - [2021-06-07 18:57:54,287] {dag.py:1832} INFO - Sync 1 DAGs
[2021-06-07 18:57:54,294] {logging_mixin.py:104} INFO - [2021-06-07 18:57:54,294] {dag.py:2305} INFO - Setting next_dagrun for example_task_group to 2021-06-05 00:00:00+00:00
[2021-06-07 18:57:54,300] {scheduler_job.py:190} INFO - Processing /home/encrypted/abaceti/.virtualenvs/pumpwood-airflow-images/lib/python3.6/site-packages/airflow/example_dags/example_task_group.py took 0.038 seconds
[2021-06-07 18:58:24,341] {scheduler_job.py:182} INFO - Started process (PID=13318) to work on /home/encrypted/abaceti/.virtualenvs/pumpwood-airflow-images/lib/python3.6/site-packages/airflow/example_dags/example_task_group.py
[2021-06-07 18:58:24,342] {scheduler_job.py:633} INFO - Processing file /home/encrypted/abaceti/.virtualenvs/pumpwood-airflow-images/lib/python3.6/site-packages/airflow/example_dags/example_task_group.py for tasks to queue
[2021-06-07 18:58:24,342] {logging_mixin.py:104} INFO - [2021-06-07 18:58:24,342] {dagbag.py:487} INFO - Filling up the DagBag from /home/encrypted/abaceti/.virtualenvs/pumpwood-airflow-images/lib/python3.6/site-packages/airflow/example_dags/example_task_group.py
[2021-06-07 18:58:24,349] {scheduler_job.py:643} INFO - DAG(s) dict_keys(['example_task_group']) retrieved from /home/encrypted/abaceti/.virtualenvs/pumpwood-airflow-images/lib/python3.6/site-packages/airflow/example_dags/example_task_group.py
[2021-06-07 18:58:24,363] {logging_mixin.py:104} INFO - [2021-06-07 18:58:24,363] {dag.py:1832} INFO - Sync 1 DAGs
[2021-06-07 18:58:24,371] {logging_mixin.py:104} INFO - [2021-06-07 18:58:24,371] {dag.py:2305} INFO - Setting next_dagrun for example_task_group to 2021-06-05 00:00:00+00:00
[2021-06-07 18:58:24,377] {scheduler_job.py:190} INFO - Processing /home/encrypted/abaceti/.virtualenvs/pumpwood-airflow-images/lib/python3.6/site-packages/airflow/example_dags/example_task_group.py took 0.037 seconds
[2021-06-07 18:58:54,460] {scheduler_job.py:182} INFO - Started process (PID=13494) to work on /home/encrypted/abaceti/.virtualenvs/pumpwood-airflow-images/lib/python3.6/site-packages/airflow/example_dags/example_task_group.py
[2021-06-07 18:58:54,460] {scheduler_job.py:633} INFO - Processing file /home/encrypted/abaceti/.virtualenvs/pumpwood-airflow-images/lib/python3.6/site-packages/airflow/example_dags/example_task_group.py for tasks to queue
[2021-06-07 18:58:54,461] {logging_mixin.py:104} INFO - [2021-06-07 18:58:54,461] {dagbag.py:487} INFO - Filling up the DagBag from /home/encrypted/abaceti/.virtualenvs/pumpwood-airflow-images/lib/python3.6/site-packages/airflow/example_dags/example_task_group.py
[2021-06-07 18:58:54,469] {scheduler_job.py:643} INFO - DAG(s) dict_keys(['example_task_group']) retrieved from /home/encrypted/abaceti/.virtualenvs/pumpwood-airflow-images/lib/python3.6/site-packages/airflow/example_dags/example_task_group.py
[2021-06-07 18:58:54,483] {logging_mixin.py:104} INFO - [2021-06-07 18:58:54,483] {dag.py:1832} INFO - Sync 1 DAGs
[2021-06-07 18:58:54,492] {logging_mixin.py:104} INFO - [2021-06-07 18:58:54,492] {dag.py:2305} INFO - Setting next_dagrun for example_task_group to 2021-06-05 00:00:00+00:00
[2021-06-07 18:58:54,497] {scheduler_job.py:190} INFO - Processing /home/encrypted/abaceti/.virtualenvs/pumpwood-airflow-images/lib/python3.6/site-packages/airflow/example_dags/example_task_group.py took 0.039 seconds
[2021-06-07 18:59:24,621] {scheduler_job.py:182} INFO - Started process (PID=13617) to work on /home/encrypted/abaceti/.virtualenvs/pumpwood-airflow-images/lib/python3.6/site-packages/airflow/example_dags/example_task_group.py
[2021-06-07 18:59:24,622] {scheduler_job.py:633} INFO - Processing file /home/encrypted/abaceti/.virtualenvs/pumpwood-airflow-images/lib/python3.6/site-packages/airflow/example_dags/example_task_group.py for tasks to queue
[2021-06-07 18:59:24,622] {logging_mixin.py:104} INFO - [2021-06-07 18:59:24,622] {dagbag.py:487} INFO - Filling up the DagBag from /home/encrypted/abaceti/.virtualenvs/pumpwood-airflow-images/lib/python3.6/site-packages/airflow/example_dags/example_task_group.py
[2021-06-07 18:59:24,628] {scheduler_job.py:643} INFO - DAG(s) dict_keys(['example_task_group']) retrieved from /home/encrypted/abaceti/.virtualenvs/pumpwood-airflow-images/lib/python3.6/site-packages/airflow/example_dags/example_task_group.py
[2021-06-07 18:59:24,642] {logging_mixin.py:104} INFO - [2021-06-07 18:59:24,642] {dag.py:1832} INFO - Sync 1 DAGs
[2021-06-07 18:59:24,650] {logging_mixin.py:104} INFO - [2021-06-07 18:59:24,650] {dag.py:2305} INFO - Setting next_dagrun for example_task_group to 2021-06-05 00:00:00+00:00
[2021-06-07 18:59:24,656] {scheduler_job.py:190} INFO - Processing /home/encrypted/abaceti/.virtualenvs/pumpwood-airflow-images/lib/python3.6/site-packages/airflow/example_dags/example_task_group.py took 0.036 seconds
[2021-06-07 18:59:54,778] {scheduler_job.py:182} INFO - Started process (PID=13781) to work on /home/encrypted/abaceti/.virtualenvs/pumpwood-airflow-images/lib/python3.6/site-packages/airflow/example_dags/example_task_group.py
[2021-06-07 18:59:54,779] {scheduler_job.py:633} INFO - Processing file /home/encrypted/abaceti/.virtualenvs/pumpwood-airflow-images/lib/python3.6/site-packages/airflow/example_dags/example_task_group.py for tasks to queue
[2021-06-07 18:59:54,779] {logging_mixin.py:104} INFO - [2021-06-07 18:59:54,779] {dagbag.py:487} INFO - Filling up the DagBag from /home/encrypted/abaceti/.virtualenvs/pumpwood-airflow-images/lib/python3.6/site-packages/airflow/example_dags/example_task_group.py
[2021-06-07 18:59:54,787] {scheduler_job.py:643} INFO - DAG(s) dict_keys(['example_task_group']) retrieved from /home/encrypted/abaceti/.virtualenvs/pumpwood-airflow-images/lib/python3.6/site-packages/airflow/example_dags/example_task_group.py
[2021-06-07 18:59:54,801] {logging_mixin.py:104} INFO - [2021-06-07 18:59:54,801] {dag.py:1832} INFO - Sync 1 DAGs
[2021-06-07 18:59:54,809] {logging_mixin.py:104} INFO - [2021-06-07 18:59:54,809] {dag.py:2305} INFO - Setting next_dagrun for example_task_group to 2021-06-05 00:00:00+00:00
[2021-06-07 18:59:54,815] {scheduler_job.py:190} INFO - Processing /home/encrypted/abaceti/.virtualenvs/pumpwood-airflow-images/lib/python3.6/site-packages/airflow/example_dags/example_task_group.py took 0.038 seconds
[2021-06-07 19:00:25,043] {scheduler_job.py:182} INFO - Started process (PID=13898) to work on /home/encrypted/abaceti/.virtualenvs/pumpwood-airflow-images/lib/python3.6/site-packages/airflow/example_dags/example_task_group.py
[2021-06-07 19:00:25,044] {scheduler_job.py:633} INFO - Processing file /home/encrypted/abaceti/.virtualenvs/pumpwood-airflow-images/lib/python3.6/site-packages/airflow/example_dags/example_task_group.py for tasks to queue
[2021-06-07 19:00:25,044] {logging_mixin.py:104} INFO - [2021-06-07 19:00:25,044] {dagbag.py:487} INFO - Filling up the DagBag from /home/encrypted/abaceti/.virtualenvs/pumpwood-airflow-images/lib/python3.6/site-packages/airflow/example_dags/example_task_group.py
[2021-06-07 19:00:25,052] {scheduler_job.py:643} INFO - DAG(s) dict_keys(['example_task_group']) retrieved from /home/encrypted/abaceti/.virtualenvs/pumpwood-airflow-images/lib/python3.6/site-packages/airflow/example_dags/example_task_group.py
[2021-06-07 19:00:25,068] {logging_mixin.py:104} INFO - [2021-06-07 19:00:25,067] {dag.py:1832} INFO - Sync 1 DAGs
[2021-06-07 19:00:25,076] {logging_mixin.py:104} INFO - [2021-06-07 19:00:25,076] {dag.py:2305} INFO - Setting next_dagrun for example_task_group to 2021-06-05 00:00:00+00:00
[2021-06-07 19:00:25,081] {scheduler_job.py:190} INFO - Processing /home/encrypted/abaceti/.virtualenvs/pumpwood-airflow-images/lib/python3.6/site-packages/airflow/example_dags/example_task_group.py took 0.040 seconds
[2021-06-07 19:00:55,231] {scheduler_job.py:182} INFO - Started process (PID=14090) to work on /home/encrypted/abaceti/.virtualenvs/pumpwood-airflow-images/lib/python3.6/site-packages/airflow/example_dags/example_task_group.py
[2021-06-07 19:00:55,232] {scheduler_job.py:633} INFO - Processing file /home/encrypted/abaceti/.virtualenvs/pumpwood-airflow-images/lib/python3.6/site-packages/airflow/example_dags/example_task_group.py for tasks to queue
[2021-06-07 19:00:55,232] {logging_mixin.py:104} INFO - [2021-06-07 19:00:55,232] {dagbag.py:487} INFO - Filling up the DagBag from /home/encrypted/abaceti/.virtualenvs/pumpwood-airflow-images/lib/python3.6/site-packages/airflow/example_dags/example_task_group.py
[2021-06-07 19:00:55,239] {scheduler_job.py:643} INFO - DAG(s) dict_keys(['example_task_group']) retrieved from /home/encrypted/abaceti/.virtualenvs/pumpwood-airflow-images/lib/python3.6/site-packages/airflow/example_dags/example_task_group.py
[2021-06-07 19:00:55,253] {logging_mixin.py:104} INFO - [2021-06-07 19:00:55,253] {dag.py:1832} INFO - Sync 1 DAGs
[2021-06-07 19:00:55,261] {logging_mixin.py:104} INFO - [2021-06-07 19:00:55,261] {dag.py:2305} INFO - Setting next_dagrun for example_task_group to 2021-06-05 00:00:00+00:00
[2021-06-07 19:00:55,267] {scheduler_job.py:190} INFO - Processing /home/encrypted/abaceti/.virtualenvs/pumpwood-airflow-images/lib/python3.6/site-packages/airflow/example_dags/example_task_group.py took 0.037 seconds
[2021-06-07 19:01:25,385] {scheduler_job.py:182} INFO - Started process (PID=14208) to work on /home/encrypted/abaceti/.virtualenvs/pumpwood-airflow-images/lib/python3.6/site-packages/airflow/example_dags/example_task_group.py
[2021-06-07 19:01:25,386] {scheduler_job.py:633} INFO - Processing file /home/encrypted/abaceti/.virtualenvs/pumpwood-airflow-images/lib/python3.6/site-packages/airflow/example_dags/example_task_group.py for tasks to queue
[2021-06-07 19:01:25,386] {logging_mixin.py:104} INFO - [2021-06-07 19:01:25,386] {dagbag.py:487} INFO - Filling up the DagBag from /home/encrypted/abaceti/.virtualenvs/pumpwood-airflow-images/lib/python3.6/site-packages/airflow/example_dags/example_task_group.py
[2021-06-07 19:01:25,393] {scheduler_job.py:643} INFO - DAG(s) dict_keys(['example_task_group']) retrieved from /home/encrypted/abaceti/.virtualenvs/pumpwood-airflow-images/lib/python3.6/site-packages/airflow/example_dags/example_task_group.py
[2021-06-07 19:01:25,408] {logging_mixin.py:104} INFO - [2021-06-07 19:01:25,408] {dag.py:1832} INFO - Sync 1 DAGs
[2021-06-07 19:01:25,417] {logging_mixin.py:104} INFO - [2021-06-07 19:01:25,417] {dag.py:2305} INFO - Setting next_dagrun for example_task_group to 2021-06-05 00:00:00+00:00
[2021-06-07 19:01:25,424] {scheduler_job.py:190} INFO - Processing /home/encrypted/abaceti/.virtualenvs/pumpwood-airflow-images/lib/python3.6/site-packages/airflow/example_dags/example_task_group.py took 0.040 seconds
[2021-06-07 19:01:55,611] {scheduler_job.py:182} INFO - Started process (PID=14393) to work on /home/encrypted/abaceti/.virtualenvs/pumpwood-airflow-images/lib/python3.6/site-packages/airflow/example_dags/example_task_group.py
[2021-06-07 19:01:55,612] {scheduler_job.py:633} INFO - Processing file /home/encrypted/abaceti/.virtualenvs/pumpwood-airflow-images/lib/python3.6/site-packages/airflow/example_dags/example_task_group.py for tasks to queue
[2021-06-07 19:01:55,612] {logging_mixin.py:104} INFO - [2021-06-07 19:01:55,612] {dagbag.py:487} INFO - Filling up the DagBag from /home/encrypted/abaceti/.virtualenvs/pumpwood-airflow-images/lib/python3.6/site-packages/airflow/example_dags/example_task_group.py
[2021-06-07 19:01:55,619] {scheduler_job.py:643} INFO - DAG(s) dict_keys(['example_task_group']) retrieved from /home/encrypted/abaceti/.virtualenvs/pumpwood-airflow-images/lib/python3.6/site-packages/airflow/example_dags/example_task_group.py
[2021-06-07 19:01:55,633] {logging_mixin.py:104} INFO - [2021-06-07 19:01:55,633] {dag.py:1832} INFO - Sync 1 DAGs
[2021-06-07 19:01:55,641] {logging_mixin.py:104} INFO - [2021-06-07 19:01:55,641] {dag.py:2305} INFO - Setting next_dagrun for example_task_group to 2021-06-05 00:00:00+00:00
[2021-06-07 19:01:55,647] {scheduler_job.py:190} INFO - Processing /home/encrypted/abaceti/.virtualenvs/pumpwood-airflow-images/lib/python3.6/site-packages/airflow/example_dags/example_task_group.py took 0.037 seconds
[2021-06-07 19:02:25,758] {scheduler_job.py:182} INFO - Started process (PID=14539) to work on /home/encrypted/abaceti/.virtualenvs/pumpwood-airflow-images/lib/python3.6/site-packages/airflow/example_dags/example_task_group.py
[2021-06-07 19:02:25,759] {scheduler_job.py:633} INFO - Processing file /home/encrypted/abaceti/.virtualenvs/pumpwood-airflow-images/lib/python3.6/site-packages/airflow/example_dags/example_task_group.py for tasks to queue
[2021-06-07 19:02:25,759] {logging_mixin.py:104} INFO - [2021-06-07 19:02:25,759] {dagbag.py:487} INFO - Filling up the DagBag from /home/encrypted/abaceti/.virtualenvs/pumpwood-airflow-images/lib/python3.6/site-packages/airflow/example_dags/example_task_group.py
[2021-06-07 19:02:25,768] {scheduler_job.py:643} INFO - DAG(s) dict_keys(['example_task_group']) retrieved from /home/encrypted/abaceti/.virtualenvs/pumpwood-airflow-images/lib/python3.6/site-packages/airflow/example_dags/example_task_group.py
[2021-06-07 19:02:25,785] {logging_mixin.py:104} INFO - [2021-06-07 19:02:25,785] {dag.py:1832} INFO - Sync 1 DAGs
[2021-06-07 19:02:25,795] {logging_mixin.py:104} INFO - [2021-06-07 19:02:25,795] {dag.py:2305} INFO - Setting next_dagrun for example_task_group to 2021-06-05 00:00:00+00:00
[2021-06-07 19:02:25,801] {scheduler_job.py:190} INFO - Processing /home/encrypted/abaceti/.virtualenvs/pumpwood-airflow-images/lib/python3.6/site-packages/airflow/example_dags/example_task_group.py took 0.044 seconds
