[2021-06-07 18:39:19,341] {scheduler_job.py:182} INFO - Started process (PID=5619) to work on /home/encrypted/abaceti/.virtualenvs/pumpwood-airflow-images/lib/python3.6/site-packages/airflow/example_dags/example_trigger_controller_dag.py
[2021-06-07 18:39:19,342] {scheduler_job.py:633} INFO - Processing file /home/encrypted/abaceti/.virtualenvs/pumpwood-airflow-images/lib/python3.6/site-packages/airflow/example_dags/example_trigger_controller_dag.py for tasks to queue
[2021-06-07 18:39:19,342] {logging_mixin.py:104} INFO - [2021-06-07 18:39:19,342] {dagbag.py:487} INFO - Filling up the DagBag from /home/encrypted/abaceti/.virtualenvs/pumpwood-airflow-images/lib/python3.6/site-packages/airflow/example_dags/example_trigger_controller_dag.py
[2021-06-07 18:39:19,347] {scheduler_job.py:643} INFO - DAG(s) dict_keys(['example_trigger_controller_dag']) retrieved from /home/encrypted/abaceti/.virtualenvs/pumpwood-airflow-images/lib/python3.6/site-packages/airflow/example_dags/example_trigger_controller_dag.py
[2021-06-07 18:39:19,364] {logging_mixin.py:104} INFO - [2021-06-07 18:39:19,364] {dag.py:1832} INFO - Sync 1 DAGs
[2021-06-07 18:39:19,374] {logging_mixin.py:104} INFO - [2021-06-07 18:39:19,374] {dag.py:2305} INFO - Setting next_dagrun for example_trigger_controller_dag to 2021-06-05 00:00:00+00:00
[2021-06-07 18:39:19,381] {scheduler_job.py:190} INFO - Processing /home/encrypted/abaceti/.virtualenvs/pumpwood-airflow-images/lib/python3.6/site-packages/airflow/example_dags/example_trigger_controller_dag.py took 0.042 seconds
[2021-06-07 18:39:49,631] {scheduler_job.py:182} INFO - Started process (PID=5787) to work on /home/encrypted/abaceti/.virtualenvs/pumpwood-airflow-images/lib/python3.6/site-packages/airflow/example_dags/example_trigger_controller_dag.py
[2021-06-07 18:39:49,632] {scheduler_job.py:633} INFO - Processing file /home/encrypted/abaceti/.virtualenvs/pumpwood-airflow-images/lib/python3.6/site-packages/airflow/example_dags/example_trigger_controller_dag.py for tasks to queue
[2021-06-07 18:39:49,632] {logging_mixin.py:104} INFO - [2021-06-07 18:39:49,632] {dagbag.py:487} INFO - Filling up the DagBag from /home/encrypted/abaceti/.virtualenvs/pumpwood-airflow-images/lib/python3.6/site-packages/airflow/example_dags/example_trigger_controller_dag.py
[2021-06-07 18:39:49,636] {scheduler_job.py:643} INFO - DAG(s) dict_keys(['example_trigger_controller_dag']) retrieved from /home/encrypted/abaceti/.virtualenvs/pumpwood-airflow-images/lib/python3.6/site-packages/airflow/example_dags/example_trigger_controller_dag.py
[2021-06-07 18:39:49,651] {logging_mixin.py:104} INFO - [2021-06-07 18:39:49,651] {dag.py:1832} INFO - Sync 1 DAGs
[2021-06-07 18:39:49,658] {logging_mixin.py:104} INFO - [2021-06-07 18:39:49,658] {dag.py:2305} INFO - Setting next_dagrun for example_trigger_controller_dag to 2021-06-05 00:00:00+00:00
[2021-06-07 18:39:49,664] {scheduler_job.py:190} INFO - Processing /home/encrypted/abaceti/.virtualenvs/pumpwood-airflow-images/lib/python3.6/site-packages/airflow/example_dags/example_trigger_controller_dag.py took 0.034 seconds
[2021-06-07 18:40:19,836] {scheduler_job.py:182} INFO - Started process (PID=5938) to work on /home/encrypted/abaceti/.virtualenvs/pumpwood-airflow-images/lib/python3.6/site-packages/airflow/example_dags/example_trigger_controller_dag.py
[2021-06-07 18:40:19,837] {scheduler_job.py:633} INFO - Processing file /home/encrypted/abaceti/.virtualenvs/pumpwood-airflow-images/lib/python3.6/site-packages/airflow/example_dags/example_trigger_controller_dag.py for tasks to queue
[2021-06-07 18:40:19,837] {logging_mixin.py:104} INFO - [2021-06-07 18:40:19,837] {dagbag.py:487} INFO - Filling up the DagBag from /home/encrypted/abaceti/.virtualenvs/pumpwood-airflow-images/lib/python3.6/site-packages/airflow/example_dags/example_trigger_controller_dag.py
[2021-06-07 18:40:19,842] {scheduler_job.py:643} INFO - DAG(s) dict_keys(['example_trigger_controller_dag']) retrieved from /home/encrypted/abaceti/.virtualenvs/pumpwood-airflow-images/lib/python3.6/site-packages/airflow/example_dags/example_trigger_controller_dag.py
[2021-06-07 18:40:19,857] {logging_mixin.py:104} INFO - [2021-06-07 18:40:19,857] {dag.py:1832} INFO - Sync 1 DAGs
[2021-06-07 18:40:19,864] {logging_mixin.py:104} INFO - [2021-06-07 18:40:19,864] {dag.py:2305} INFO - Setting next_dagrun for example_trigger_controller_dag to 2021-06-05 00:00:00+00:00
[2021-06-07 18:40:19,870] {scheduler_job.py:190} INFO - Processing /home/encrypted/abaceti/.virtualenvs/pumpwood-airflow-images/lib/python3.6/site-packages/airflow/example_dags/example_trigger_controller_dag.py took 0.035 seconds
[2021-06-07 18:40:50,053] {scheduler_job.py:182} INFO - Started process (PID=6131) to work on /home/encrypted/abaceti/.virtualenvs/pumpwood-airflow-images/lib/python3.6/site-packages/airflow/example_dags/example_trigger_controller_dag.py
[2021-06-07 18:40:50,053] {scheduler_job.py:633} INFO - Processing file /home/encrypted/abaceti/.virtualenvs/pumpwood-airflow-images/lib/python3.6/site-packages/airflow/example_dags/example_trigger_controller_dag.py for tasks to queue
[2021-06-07 18:40:50,054] {logging_mixin.py:104} INFO - [2021-06-07 18:40:50,054] {dagbag.py:487} INFO - Filling up the DagBag from /home/encrypted/abaceti/.virtualenvs/pumpwood-airflow-images/lib/python3.6/site-packages/airflow/example_dags/example_trigger_controller_dag.py
[2021-06-07 18:40:50,058] {scheduler_job.py:643} INFO - DAG(s) dict_keys(['example_trigger_controller_dag']) retrieved from /home/encrypted/abaceti/.virtualenvs/pumpwood-airflow-images/lib/python3.6/site-packages/airflow/example_dags/example_trigger_controller_dag.py
[2021-06-07 18:40:50,073] {logging_mixin.py:104} INFO - [2021-06-07 18:40:50,073] {dag.py:1832} INFO - Sync 1 DAGs
[2021-06-07 18:40:50,081] {logging_mixin.py:104} INFO - [2021-06-07 18:40:50,081] {dag.py:2305} INFO - Setting next_dagrun for example_trigger_controller_dag to 2021-06-05 00:00:00+00:00
[2021-06-07 18:40:50,087] {scheduler_job.py:190} INFO - Processing /home/encrypted/abaceti/.virtualenvs/pumpwood-airflow-images/lib/python3.6/site-packages/airflow/example_dags/example_trigger_controller_dag.py took 0.036 seconds
[2021-06-07 18:41:20,195] {scheduler_job.py:182} INFO - Started process (PID=6244) to work on /home/encrypted/abaceti/.virtualenvs/pumpwood-airflow-images/lib/python3.6/site-packages/airflow/example_dags/example_trigger_controller_dag.py
[2021-06-07 18:41:20,195] {scheduler_job.py:633} INFO - Processing file /home/encrypted/abaceti/.virtualenvs/pumpwood-airflow-images/lib/python3.6/site-packages/airflow/example_dags/example_trigger_controller_dag.py for tasks to queue
[2021-06-07 18:41:20,196] {logging_mixin.py:104} INFO - [2021-06-07 18:41:20,196] {dagbag.py:487} INFO - Filling up the DagBag from /home/encrypted/abaceti/.virtualenvs/pumpwood-airflow-images/lib/python3.6/site-packages/airflow/example_dags/example_trigger_controller_dag.py
[2021-06-07 18:41:20,202] {scheduler_job.py:643} INFO - DAG(s) dict_keys(['example_trigger_controller_dag']) retrieved from /home/encrypted/abaceti/.virtualenvs/pumpwood-airflow-images/lib/python3.6/site-packages/airflow/example_dags/example_trigger_controller_dag.py
[2021-06-07 18:41:20,216] {logging_mixin.py:104} INFO - [2021-06-07 18:41:20,216] {dag.py:1832} INFO - Sync 1 DAGs
[2021-06-07 18:41:20,224] {logging_mixin.py:104} INFO - [2021-06-07 18:41:20,224] {dag.py:2305} INFO - Setting next_dagrun for example_trigger_controller_dag to 2021-06-05 00:00:00+00:00
[2021-06-07 18:41:20,229] {scheduler_job.py:190} INFO - Processing /home/encrypted/abaceti/.virtualenvs/pumpwood-airflow-images/lib/python3.6/site-packages/airflow/example_dags/example_trigger_controller_dag.py took 0.036 seconds
[2021-06-07 18:41:50,435] {scheduler_job.py:182} INFO - Started process (PID=6412) to work on /home/encrypted/abaceti/.virtualenvs/pumpwood-airflow-images/lib/python3.6/site-packages/airflow/example_dags/example_trigger_controller_dag.py
[2021-06-07 18:41:50,436] {scheduler_job.py:633} INFO - Processing file /home/encrypted/abaceti/.virtualenvs/pumpwood-airflow-images/lib/python3.6/site-packages/airflow/example_dags/example_trigger_controller_dag.py for tasks to queue
[2021-06-07 18:41:50,436] {logging_mixin.py:104} INFO - [2021-06-07 18:41:50,436] {dagbag.py:487} INFO - Filling up the DagBag from /home/encrypted/abaceti/.virtualenvs/pumpwood-airflow-images/lib/python3.6/site-packages/airflow/example_dags/example_trigger_controller_dag.py
[2021-06-07 18:41:50,441] {scheduler_job.py:643} INFO - DAG(s) dict_keys(['example_trigger_controller_dag']) retrieved from /home/encrypted/abaceti/.virtualenvs/pumpwood-airflow-images/lib/python3.6/site-packages/airflow/example_dags/example_trigger_controller_dag.py
[2021-06-07 18:41:50,457] {logging_mixin.py:104} INFO - [2021-06-07 18:41:50,457] {dag.py:1832} INFO - Sync 1 DAGs
[2021-06-07 18:41:50,468] {logging_mixin.py:104} INFO - [2021-06-07 18:41:50,468] {dag.py:2305} INFO - Setting next_dagrun for example_trigger_controller_dag to 2021-06-05 00:00:00+00:00
[2021-06-07 18:41:50,476] {scheduler_job.py:190} INFO - Processing /home/encrypted/abaceti/.virtualenvs/pumpwood-airflow-images/lib/python3.6/site-packages/airflow/example_dags/example_trigger_controller_dag.py took 0.042 seconds
[2021-06-07 18:42:20,588] {scheduler_job.py:182} INFO - Started process (PID=6531) to work on /home/encrypted/abaceti/.virtualenvs/pumpwood-airflow-images/lib/python3.6/site-packages/airflow/example_dags/example_trigger_controller_dag.py
[2021-06-07 18:42:20,589] {scheduler_job.py:633} INFO - Processing file /home/encrypted/abaceti/.virtualenvs/pumpwood-airflow-images/lib/python3.6/site-packages/airflow/example_dags/example_trigger_controller_dag.py for tasks to queue
[2021-06-07 18:42:20,589] {logging_mixin.py:104} INFO - [2021-06-07 18:42:20,589] {dagbag.py:487} INFO - Filling up the DagBag from /home/encrypted/abaceti/.virtualenvs/pumpwood-airflow-images/lib/python3.6/site-packages/airflow/example_dags/example_trigger_controller_dag.py
[2021-06-07 18:42:20,594] {scheduler_job.py:643} INFO - DAG(s) dict_keys(['example_trigger_controller_dag']) retrieved from /home/encrypted/abaceti/.virtualenvs/pumpwood-airflow-images/lib/python3.6/site-packages/airflow/example_dags/example_trigger_controller_dag.py
[2021-06-07 18:42:20,610] {logging_mixin.py:104} INFO - [2021-06-07 18:42:20,609] {dag.py:1832} INFO - Sync 1 DAGs
[2021-06-07 18:42:20,618] {logging_mixin.py:104} INFO - [2021-06-07 18:42:20,618] {dag.py:2305} INFO - Setting next_dagrun for example_trigger_controller_dag to 2021-06-05 00:00:00+00:00
[2021-06-07 18:42:20,624] {scheduler_job.py:190} INFO - Processing /home/encrypted/abaceti/.virtualenvs/pumpwood-airflow-images/lib/python3.6/site-packages/airflow/example_dags/example_trigger_controller_dag.py took 0.038 seconds
[2021-06-07 18:42:50,741] {scheduler_job.py:182} INFO - Started process (PID=6705) to work on /home/encrypted/abaceti/.virtualenvs/pumpwood-airflow-images/lib/python3.6/site-packages/airflow/example_dags/example_trigger_controller_dag.py
[2021-06-07 18:42:50,742] {scheduler_job.py:633} INFO - Processing file /home/encrypted/abaceti/.virtualenvs/pumpwood-airflow-images/lib/python3.6/site-packages/airflow/example_dags/example_trigger_controller_dag.py for tasks to queue
[2021-06-07 18:42:50,742] {logging_mixin.py:104} INFO - [2021-06-07 18:42:50,742] {dagbag.py:487} INFO - Filling up the DagBag from /home/encrypted/abaceti/.virtualenvs/pumpwood-airflow-images/lib/python3.6/site-packages/airflow/example_dags/example_trigger_controller_dag.py
[2021-06-07 18:42:50,747] {scheduler_job.py:643} INFO - DAG(s) dict_keys(['example_trigger_controller_dag']) retrieved from /home/encrypted/abaceti/.virtualenvs/pumpwood-airflow-images/lib/python3.6/site-packages/airflow/example_dags/example_trigger_controller_dag.py
[2021-06-07 18:42:50,763] {logging_mixin.py:104} INFO - [2021-06-07 18:42:50,763] {dag.py:1832} INFO - Sync 1 DAGs
[2021-06-07 18:42:50,771] {logging_mixin.py:104} INFO - [2021-06-07 18:42:50,771] {dag.py:2305} INFO - Setting next_dagrun for example_trigger_controller_dag to 2021-06-05 00:00:00+00:00
[2021-06-07 18:42:50,776] {scheduler_job.py:190} INFO - Processing /home/encrypted/abaceti/.virtualenvs/pumpwood-airflow-images/lib/python3.6/site-packages/airflow/example_dags/example_trigger_controller_dag.py took 0.036 seconds
[2021-06-07 18:43:21,766] {scheduler_job.py:182} INFO - Started process (PID=6957) to work on /home/encrypted/abaceti/.virtualenvs/pumpwood-airflow-images/lib/python3.6/site-packages/airflow/example_dags/example_trigger_controller_dag.py
[2021-06-07 18:43:21,767] {scheduler_job.py:633} INFO - Processing file /home/encrypted/abaceti/.virtualenvs/pumpwood-airflow-images/lib/python3.6/site-packages/airflow/example_dags/example_trigger_controller_dag.py for tasks to queue
[2021-06-07 18:43:21,767] {logging_mixin.py:104} INFO - [2021-06-07 18:43:21,767] {dagbag.py:487} INFO - Filling up the DagBag from /home/encrypted/abaceti/.virtualenvs/pumpwood-airflow-images/lib/python3.6/site-packages/airflow/example_dags/example_trigger_controller_dag.py
[2021-06-07 18:43:21,772] {scheduler_job.py:643} INFO - DAG(s) dict_keys(['example_trigger_controller_dag']) retrieved from /home/encrypted/abaceti/.virtualenvs/pumpwood-airflow-images/lib/python3.6/site-packages/airflow/example_dags/example_trigger_controller_dag.py
[2021-06-07 18:43:21,785] {logging_mixin.py:104} INFO - [2021-06-07 18:43:21,785] {dag.py:1832} INFO - Sync 1 DAGs
[2021-06-07 18:43:21,793] {logging_mixin.py:104} INFO - [2021-06-07 18:43:21,793] {dag.py:2305} INFO - Setting next_dagrun for example_trigger_controller_dag to 2021-06-05 00:00:00+00:00
[2021-06-07 18:43:21,798] {scheduler_job.py:190} INFO - Processing /home/encrypted/abaceti/.virtualenvs/pumpwood-airflow-images/lib/python3.6/site-packages/airflow/example_dags/example_trigger_controller_dag.py took 0.034 seconds
[2021-06-07 18:43:51,845] {scheduler_job.py:182} INFO - Started process (PID=7200) to work on /home/encrypted/abaceti/.virtualenvs/pumpwood-airflow-images/lib/python3.6/site-packages/airflow/example_dags/example_trigger_controller_dag.py
[2021-06-07 18:43:51,845] {scheduler_job.py:633} INFO - Processing file /home/encrypted/abaceti/.virtualenvs/pumpwood-airflow-images/lib/python3.6/site-packages/airflow/example_dags/example_trigger_controller_dag.py for tasks to queue
[2021-06-07 18:43:51,845] {logging_mixin.py:104} INFO - [2021-06-07 18:43:51,845] {dagbag.py:487} INFO - Filling up the DagBag from /home/encrypted/abaceti/.virtualenvs/pumpwood-airflow-images/lib/python3.6/site-packages/airflow/example_dags/example_trigger_controller_dag.py
[2021-06-07 18:43:51,850] {scheduler_job.py:643} INFO - DAG(s) dict_keys(['example_trigger_controller_dag']) retrieved from /home/encrypted/abaceti/.virtualenvs/pumpwood-airflow-images/lib/python3.6/site-packages/airflow/example_dags/example_trigger_controller_dag.py
[2021-06-07 18:43:51,865] {logging_mixin.py:104} INFO - [2021-06-07 18:43:51,865] {dag.py:1832} INFO - Sync 1 DAGs
[2021-06-07 18:43:51,873] {logging_mixin.py:104} INFO - [2021-06-07 18:43:51,873] {dag.py:2305} INFO - Setting next_dagrun for example_trigger_controller_dag to 2021-06-05 00:00:00+00:00
[2021-06-07 18:43:51,877] {scheduler_job.py:190} INFO - Processing /home/encrypted/abaceti/.virtualenvs/pumpwood-airflow-images/lib/python3.6/site-packages/airflow/example_dags/example_trigger_controller_dag.py took 0.034 seconds
[2021-06-07 18:44:21,940] {scheduler_job.py:182} INFO - Started process (PID=7326) to work on /home/encrypted/abaceti/.virtualenvs/pumpwood-airflow-images/lib/python3.6/site-packages/airflow/example_dags/example_trigger_controller_dag.py
[2021-06-07 18:44:21,941] {scheduler_job.py:633} INFO - Processing file /home/encrypted/abaceti/.virtualenvs/pumpwood-airflow-images/lib/python3.6/site-packages/airflow/example_dags/example_trigger_controller_dag.py for tasks to queue
[2021-06-07 18:44:21,941] {logging_mixin.py:104} INFO - [2021-06-07 18:44:21,941] {dagbag.py:487} INFO - Filling up the DagBag from /home/encrypted/abaceti/.virtualenvs/pumpwood-airflow-images/lib/python3.6/site-packages/airflow/example_dags/example_trigger_controller_dag.py
[2021-06-07 18:44:21,946] {scheduler_job.py:643} INFO - DAG(s) dict_keys(['example_trigger_controller_dag']) retrieved from /home/encrypted/abaceti/.virtualenvs/pumpwood-airflow-images/lib/python3.6/site-packages/airflow/example_dags/example_trigger_controller_dag.py
[2021-06-07 18:44:21,961] {logging_mixin.py:104} INFO - [2021-06-07 18:44:21,961] {dag.py:1832} INFO - Sync 1 DAGs
[2021-06-07 18:44:21,971] {logging_mixin.py:104} INFO - [2021-06-07 18:44:21,971] {dag.py:2305} INFO - Setting next_dagrun for example_trigger_controller_dag to 2021-06-05 00:00:00+00:00
[2021-06-07 18:44:21,976] {scheduler_job.py:190} INFO - Processing /home/encrypted/abaceti/.virtualenvs/pumpwood-airflow-images/lib/python3.6/site-packages/airflow/example_dags/example_trigger_controller_dag.py took 0.037 seconds
[2021-06-07 18:44:52,089] {scheduler_job.py:182} INFO - Started process (PID=7499) to work on /home/encrypted/abaceti/.virtualenvs/pumpwood-airflow-images/lib/python3.6/site-packages/airflow/example_dags/example_trigger_controller_dag.py
[2021-06-07 18:44:52,089] {scheduler_job.py:633} INFO - Processing file /home/encrypted/abaceti/.virtualenvs/pumpwood-airflow-images/lib/python3.6/site-packages/airflow/example_dags/example_trigger_controller_dag.py for tasks to queue
[2021-06-07 18:44:52,090] {logging_mixin.py:104} INFO - [2021-06-07 18:44:52,090] {dagbag.py:487} INFO - Filling up the DagBag from /home/encrypted/abaceti/.virtualenvs/pumpwood-airflow-images/lib/python3.6/site-packages/airflow/example_dags/example_trigger_controller_dag.py
[2021-06-07 18:44:52,095] {scheduler_job.py:643} INFO - DAG(s) dict_keys(['example_trigger_controller_dag']) retrieved from /home/encrypted/abaceti/.virtualenvs/pumpwood-airflow-images/lib/python3.6/site-packages/airflow/example_dags/example_trigger_controller_dag.py
[2021-06-07 18:44:52,109] {logging_mixin.py:104} INFO - [2021-06-07 18:44:52,109] {dag.py:1832} INFO - Sync 1 DAGs
[2021-06-07 18:44:52,117] {logging_mixin.py:104} INFO - [2021-06-07 18:44:52,117] {dag.py:2305} INFO - Setting next_dagrun for example_trigger_controller_dag to 2021-06-05 00:00:00+00:00
[2021-06-07 18:44:52,122] {scheduler_job.py:190} INFO - Processing /home/encrypted/abaceti/.virtualenvs/pumpwood-airflow-images/lib/python3.6/site-packages/airflow/example_dags/example_trigger_controller_dag.py took 0.035 seconds
[2021-06-07 18:45:23,070] {scheduler_job.py:182} INFO - Started process (PID=7619) to work on /home/encrypted/abaceti/.virtualenvs/pumpwood-airflow-images/lib/python3.6/site-packages/airflow/example_dags/example_trigger_controller_dag.py
[2021-06-07 18:45:23,070] {scheduler_job.py:633} INFO - Processing file /home/encrypted/abaceti/.virtualenvs/pumpwood-airflow-images/lib/python3.6/site-packages/airflow/example_dags/example_trigger_controller_dag.py for tasks to queue
[2021-06-07 18:45:23,070] {logging_mixin.py:104} INFO - [2021-06-07 18:45:23,070] {dagbag.py:487} INFO - Filling up the DagBag from /home/encrypted/abaceti/.virtualenvs/pumpwood-airflow-images/lib/python3.6/site-packages/airflow/example_dags/example_trigger_controller_dag.py
[2021-06-07 18:45:23,076] {scheduler_job.py:643} INFO - DAG(s) dict_keys(['example_trigger_controller_dag']) retrieved from /home/encrypted/abaceti/.virtualenvs/pumpwood-airflow-images/lib/python3.6/site-packages/airflow/example_dags/example_trigger_controller_dag.py
[2021-06-07 18:45:23,090] {logging_mixin.py:104} INFO - [2021-06-07 18:45:23,090] {dag.py:1832} INFO - Sync 1 DAGs
[2021-06-07 18:45:23,097] {logging_mixin.py:104} INFO - [2021-06-07 18:45:23,097] {dag.py:2305} INFO - Setting next_dagrun for example_trigger_controller_dag to 2021-06-05 00:00:00+00:00
[2021-06-07 18:45:23,103] {scheduler_job.py:190} INFO - Processing /home/encrypted/abaceti/.virtualenvs/pumpwood-airflow-images/lib/python3.6/site-packages/airflow/example_dags/example_trigger_controller_dag.py took 0.035 seconds
[2021-06-07 18:45:53,126] {scheduler_job.py:182} INFO - Started process (PID=7784) to work on /home/encrypted/abaceti/.virtualenvs/pumpwood-airflow-images/lib/python3.6/site-packages/airflow/example_dags/example_trigger_controller_dag.py
[2021-06-07 18:45:53,127] {scheduler_job.py:633} INFO - Processing file /home/encrypted/abaceti/.virtualenvs/pumpwood-airflow-images/lib/python3.6/site-packages/airflow/example_dags/example_trigger_controller_dag.py for tasks to queue
[2021-06-07 18:45:53,127] {logging_mixin.py:104} INFO - [2021-06-07 18:45:53,127] {dagbag.py:487} INFO - Filling up the DagBag from /home/encrypted/abaceti/.virtualenvs/pumpwood-airflow-images/lib/python3.6/site-packages/airflow/example_dags/example_trigger_controller_dag.py
[2021-06-07 18:45:53,132] {scheduler_job.py:643} INFO - DAG(s) dict_keys(['example_trigger_controller_dag']) retrieved from /home/encrypted/abaceti/.virtualenvs/pumpwood-airflow-images/lib/python3.6/site-packages/airflow/example_dags/example_trigger_controller_dag.py
[2021-06-07 18:45:53,145] {logging_mixin.py:104} INFO - [2021-06-07 18:45:53,145] {dag.py:1832} INFO - Sync 1 DAGs
[2021-06-07 18:45:53,153] {logging_mixin.py:104} INFO - [2021-06-07 18:45:53,153] {dag.py:2305} INFO - Setting next_dagrun for example_trigger_controller_dag to 2021-06-05 00:00:00+00:00
[2021-06-07 18:45:53,158] {scheduler_job.py:190} INFO - Processing /home/encrypted/abaceti/.virtualenvs/pumpwood-airflow-images/lib/python3.6/site-packages/airflow/example_dags/example_trigger_controller_dag.py took 0.034 seconds
[2021-06-07 18:46:23,282] {scheduler_job.py:182} INFO - Started process (PID=7904) to work on /home/encrypted/abaceti/.virtualenvs/pumpwood-airflow-images/lib/python3.6/site-packages/airflow/example_dags/example_trigger_controller_dag.py
[2021-06-07 18:46:23,283] {scheduler_job.py:633} INFO - Processing file /home/encrypted/abaceti/.virtualenvs/pumpwood-airflow-images/lib/python3.6/site-packages/airflow/example_dags/example_trigger_controller_dag.py for tasks to queue
[2021-06-07 18:46:23,283] {logging_mixin.py:104} INFO - [2021-06-07 18:46:23,283] {dagbag.py:487} INFO - Filling up the DagBag from /home/encrypted/abaceti/.virtualenvs/pumpwood-airflow-images/lib/python3.6/site-packages/airflow/example_dags/example_trigger_controller_dag.py
[2021-06-07 18:46:23,290] {scheduler_job.py:643} INFO - DAG(s) dict_keys(['example_trigger_controller_dag']) retrieved from /home/encrypted/abaceti/.virtualenvs/pumpwood-airflow-images/lib/python3.6/site-packages/airflow/example_dags/example_trigger_controller_dag.py
[2021-06-07 18:46:23,305] {logging_mixin.py:104} INFO - [2021-06-07 18:46:23,304] {dag.py:1832} INFO - Sync 1 DAGs
[2021-06-07 18:46:23,312] {logging_mixin.py:104} INFO - [2021-06-07 18:46:23,312] {dag.py:2305} INFO - Setting next_dagrun for example_trigger_controller_dag to 2021-06-05 00:00:00+00:00
[2021-06-07 18:46:23,318] {scheduler_job.py:190} INFO - Processing /home/encrypted/abaceti/.virtualenvs/pumpwood-airflow-images/lib/python3.6/site-packages/airflow/example_dags/example_trigger_controller_dag.py took 0.038 seconds
[2021-06-07 18:46:53,444] {scheduler_job.py:182} INFO - Started process (PID=8091) to work on /home/encrypted/abaceti/.virtualenvs/pumpwood-airflow-images/lib/python3.6/site-packages/airflow/example_dags/example_trigger_controller_dag.py
[2021-06-07 18:46:53,445] {scheduler_job.py:633} INFO - Processing file /home/encrypted/abaceti/.virtualenvs/pumpwood-airflow-images/lib/python3.6/site-packages/airflow/example_dags/example_trigger_controller_dag.py for tasks to queue
[2021-06-07 18:46:53,445] {logging_mixin.py:104} INFO - [2021-06-07 18:46:53,445] {dagbag.py:487} INFO - Filling up the DagBag from /home/encrypted/abaceti/.virtualenvs/pumpwood-airflow-images/lib/python3.6/site-packages/airflow/example_dags/example_trigger_controller_dag.py
[2021-06-07 18:46:53,450] {scheduler_job.py:643} INFO - DAG(s) dict_keys(['example_trigger_controller_dag']) retrieved from /home/encrypted/abaceti/.virtualenvs/pumpwood-airflow-images/lib/python3.6/site-packages/airflow/example_dags/example_trigger_controller_dag.py
[2021-06-07 18:46:53,464] {logging_mixin.py:104} INFO - [2021-06-07 18:46:53,464] {dag.py:1832} INFO - Sync 1 DAGs
[2021-06-07 18:46:53,472] {logging_mixin.py:104} INFO - [2021-06-07 18:46:53,472] {dag.py:2305} INFO - Setting next_dagrun for example_trigger_controller_dag to 2021-06-05 00:00:00+00:00
[2021-06-07 18:46:53,477] {scheduler_job.py:190} INFO - Processing /home/encrypted/abaceti/.virtualenvs/pumpwood-airflow-images/lib/python3.6/site-packages/airflow/example_dags/example_trigger_controller_dag.py took 0.034 seconds
[2021-06-07 18:47:23,602] {scheduler_job.py:182} INFO - Started process (PID=8226) to work on /home/encrypted/abaceti/.virtualenvs/pumpwood-airflow-images/lib/python3.6/site-packages/airflow/example_dags/example_trigger_controller_dag.py
[2021-06-07 18:47:23,603] {scheduler_job.py:633} INFO - Processing file /home/encrypted/abaceti/.virtualenvs/pumpwood-airflow-images/lib/python3.6/site-packages/airflow/example_dags/example_trigger_controller_dag.py for tasks to queue
[2021-06-07 18:47:23,603] {logging_mixin.py:104} INFO - [2021-06-07 18:47:23,603] {dagbag.py:487} INFO - Filling up the DagBag from /home/encrypted/abaceti/.virtualenvs/pumpwood-airflow-images/lib/python3.6/site-packages/airflow/example_dags/example_trigger_controller_dag.py
[2021-06-07 18:47:23,608] {scheduler_job.py:643} INFO - DAG(s) dict_keys(['example_trigger_controller_dag']) retrieved from /home/encrypted/abaceti/.virtualenvs/pumpwood-airflow-images/lib/python3.6/site-packages/airflow/example_dags/example_trigger_controller_dag.py
[2021-06-07 18:47:23,622] {logging_mixin.py:104} INFO - [2021-06-07 18:47:23,622] {dag.py:1832} INFO - Sync 1 DAGs
[2021-06-07 18:47:23,630] {logging_mixin.py:104} INFO - [2021-06-07 18:47:23,630] {dag.py:2305} INFO - Setting next_dagrun for example_trigger_controller_dag to 2021-06-05 00:00:00+00:00
[2021-06-07 18:47:23,635] {scheduler_job.py:190} INFO - Processing /home/encrypted/abaceti/.virtualenvs/pumpwood-airflow-images/lib/python3.6/site-packages/airflow/example_dags/example_trigger_controller_dag.py took 0.034 seconds
[2021-06-07 18:47:53,753] {scheduler_job.py:182} INFO - Started process (PID=8447) to work on /home/encrypted/abaceti/.virtualenvs/pumpwood-airflow-images/lib/python3.6/site-packages/airflow/example_dags/example_trigger_controller_dag.py
[2021-06-07 18:47:53,753] {scheduler_job.py:633} INFO - Processing file /home/encrypted/abaceti/.virtualenvs/pumpwood-airflow-images/lib/python3.6/site-packages/airflow/example_dags/example_trigger_controller_dag.py for tasks to queue
[2021-06-07 18:47:53,754] {logging_mixin.py:104} INFO - [2021-06-07 18:47:53,754] {dagbag.py:487} INFO - Filling up the DagBag from /home/encrypted/abaceti/.virtualenvs/pumpwood-airflow-images/lib/python3.6/site-packages/airflow/example_dags/example_trigger_controller_dag.py
[2021-06-07 18:47:53,760] {scheduler_job.py:643} INFO - DAG(s) dict_keys(['example_trigger_controller_dag']) retrieved from /home/encrypted/abaceti/.virtualenvs/pumpwood-airflow-images/lib/python3.6/site-packages/airflow/example_dags/example_trigger_controller_dag.py
[2021-06-07 18:47:53,774] {logging_mixin.py:104} INFO - [2021-06-07 18:47:53,774] {dag.py:1832} INFO - Sync 1 DAGs
[2021-06-07 18:47:53,783] {logging_mixin.py:104} INFO - [2021-06-07 18:47:53,783] {dag.py:2305} INFO - Setting next_dagrun for example_trigger_controller_dag to 2021-06-05 00:00:00+00:00
[2021-06-07 18:47:53,788] {scheduler_job.py:190} INFO - Processing /home/encrypted/abaceti/.virtualenvs/pumpwood-airflow-images/lib/python3.6/site-packages/airflow/example_dags/example_trigger_controller_dag.py took 0.037 seconds
[2021-06-07 18:48:23,929] {scheduler_job.py:182} INFO - Started process (PID=8663) to work on /home/encrypted/abaceti/.virtualenvs/pumpwood-airflow-images/lib/python3.6/site-packages/airflow/example_dags/example_trigger_controller_dag.py
[2021-06-07 18:48:23,929] {scheduler_job.py:633} INFO - Processing file /home/encrypted/abaceti/.virtualenvs/pumpwood-airflow-images/lib/python3.6/site-packages/airflow/example_dags/example_trigger_controller_dag.py for tasks to queue
[2021-06-07 18:48:23,930] {logging_mixin.py:104} INFO - [2021-06-07 18:48:23,930] {dagbag.py:487} INFO - Filling up the DagBag from /home/encrypted/abaceti/.virtualenvs/pumpwood-airflow-images/lib/python3.6/site-packages/airflow/example_dags/example_trigger_controller_dag.py
[2021-06-07 18:48:23,934] {scheduler_job.py:643} INFO - DAG(s) dict_keys(['example_trigger_controller_dag']) retrieved from /home/encrypted/abaceti/.virtualenvs/pumpwood-airflow-images/lib/python3.6/site-packages/airflow/example_dags/example_trigger_controller_dag.py
[2021-06-07 18:48:23,948] {logging_mixin.py:104} INFO - [2021-06-07 18:48:23,948] {dag.py:1832} INFO - Sync 1 DAGs
[2021-06-07 18:48:23,956] {logging_mixin.py:104} INFO - [2021-06-07 18:48:23,955] {dag.py:2305} INFO - Setting next_dagrun for example_trigger_controller_dag to 2021-06-05 00:00:00+00:00
[2021-06-07 18:48:23,962] {scheduler_job.py:190} INFO - Processing /home/encrypted/abaceti/.virtualenvs/pumpwood-airflow-images/lib/python3.6/site-packages/airflow/example_dags/example_trigger_controller_dag.py took 0.034 seconds
[2021-06-07 18:48:49,279] {scheduler_job.py:182} INFO - Started process (PID=8855) to work on /home/encrypted/abaceti/.virtualenvs/pumpwood-airflow-images/lib/python3.6/site-packages/airflow/example_dags/example_trigger_controller_dag.py
[2021-06-07 18:48:49,279] {scheduler_job.py:633} INFO - Processing file /home/encrypted/abaceti/.virtualenvs/pumpwood-airflow-images/lib/python3.6/site-packages/airflow/example_dags/example_trigger_controller_dag.py for tasks to queue
[2021-06-07 18:48:49,279] {logging_mixin.py:104} INFO - [2021-06-07 18:48:49,279] {dagbag.py:487} INFO - Filling up the DagBag from /home/encrypted/abaceti/.virtualenvs/pumpwood-airflow-images/lib/python3.6/site-packages/airflow/example_dags/example_trigger_controller_dag.py
[2021-06-07 18:48:49,285] {scheduler_job.py:643} INFO - DAG(s) dict_keys(['example_trigger_controller_dag']) retrieved from /home/encrypted/abaceti/.virtualenvs/pumpwood-airflow-images/lib/python3.6/site-packages/airflow/example_dags/example_trigger_controller_dag.py
[2021-06-07 18:48:49,299] {logging_mixin.py:104} INFO - [2021-06-07 18:48:49,299] {dag.py:1832} INFO - Sync 1 DAGs
[2021-06-07 18:48:49,308] {logging_mixin.py:104} INFO - [2021-06-07 18:48:49,308] {dag.py:2305} INFO - Setting next_dagrun for example_trigger_controller_dag to 2021-06-05 00:00:00+00:00
[2021-06-07 18:48:49,312] {scheduler_job.py:190} INFO - Processing /home/encrypted/abaceti/.virtualenvs/pumpwood-airflow-images/lib/python3.6/site-packages/airflow/example_dags/example_trigger_controller_dag.py took 0.035 seconds
[2021-06-07 18:49:20,225] {scheduler_job.py:182} INFO - Started process (PID=8978) to work on /home/encrypted/abaceti/.virtualenvs/pumpwood-airflow-images/lib/python3.6/site-packages/airflow/example_dags/example_trigger_controller_dag.py
[2021-06-07 18:49:20,226] {scheduler_job.py:633} INFO - Processing file /home/encrypted/abaceti/.virtualenvs/pumpwood-airflow-images/lib/python3.6/site-packages/airflow/example_dags/example_trigger_controller_dag.py for tasks to queue
[2021-06-07 18:49:20,226] {logging_mixin.py:104} INFO - [2021-06-07 18:49:20,226] {dagbag.py:487} INFO - Filling up the DagBag from /home/encrypted/abaceti/.virtualenvs/pumpwood-airflow-images/lib/python3.6/site-packages/airflow/example_dags/example_trigger_controller_dag.py
[2021-06-07 18:49:20,230] {scheduler_job.py:643} INFO - DAG(s) dict_keys(['example_trigger_controller_dag']) retrieved from /home/encrypted/abaceti/.virtualenvs/pumpwood-airflow-images/lib/python3.6/site-packages/airflow/example_dags/example_trigger_controller_dag.py
[2021-06-07 18:49:20,245] {logging_mixin.py:104} INFO - [2021-06-07 18:49:20,245] {dag.py:1832} INFO - Sync 1 DAGs
[2021-06-07 18:49:20,253] {logging_mixin.py:104} INFO - [2021-06-07 18:49:20,253] {dag.py:2305} INFO - Setting next_dagrun for example_trigger_controller_dag to 2021-06-05 00:00:00+00:00
[2021-06-07 18:49:20,258] {scheduler_job.py:190} INFO - Processing /home/encrypted/abaceti/.virtualenvs/pumpwood-airflow-images/lib/python3.6/site-packages/airflow/example_dags/example_trigger_controller_dag.py took 0.034 seconds
[2021-06-07 18:49:50,290] {scheduler_job.py:182} INFO - Started process (PID=9151) to work on /home/encrypted/abaceti/.virtualenvs/pumpwood-airflow-images/lib/python3.6/site-packages/airflow/example_dags/example_trigger_controller_dag.py
[2021-06-07 18:49:50,290] {scheduler_job.py:633} INFO - Processing file /home/encrypted/abaceti/.virtualenvs/pumpwood-airflow-images/lib/python3.6/site-packages/airflow/example_dags/example_trigger_controller_dag.py for tasks to queue
[2021-06-07 18:49:50,290] {logging_mixin.py:104} INFO - [2021-06-07 18:49:50,290] {dagbag.py:487} INFO - Filling up the DagBag from /home/encrypted/abaceti/.virtualenvs/pumpwood-airflow-images/lib/python3.6/site-packages/airflow/example_dags/example_trigger_controller_dag.py
[2021-06-07 18:49:50,295] {scheduler_job.py:643} INFO - DAG(s) dict_keys(['example_trigger_controller_dag']) retrieved from /home/encrypted/abaceti/.virtualenvs/pumpwood-airflow-images/lib/python3.6/site-packages/airflow/example_dags/example_trigger_controller_dag.py
[2021-06-07 18:49:50,310] {logging_mixin.py:104} INFO - [2021-06-07 18:49:50,310] {dag.py:1832} INFO - Sync 1 DAGs
[2021-06-07 18:49:50,319] {logging_mixin.py:104} INFO - [2021-06-07 18:49:50,319] {dag.py:2305} INFO - Setting next_dagrun for example_trigger_controller_dag to 2021-06-05 00:00:00+00:00
[2021-06-07 18:49:50,324] {scheduler_job.py:190} INFO - Processing /home/encrypted/abaceti/.virtualenvs/pumpwood-airflow-images/lib/python3.6/site-packages/airflow/example_dags/example_trigger_controller_dag.py took 0.036 seconds
[2021-06-07 18:50:20,719] {scheduler_job.py:182} INFO - Started process (PID=9394) to work on /home/encrypted/abaceti/.virtualenvs/pumpwood-airflow-images/lib/python3.6/site-packages/airflow/example_dags/example_trigger_controller_dag.py
[2021-06-07 18:50:20,720] {scheduler_job.py:633} INFO - Processing file /home/encrypted/abaceti/.virtualenvs/pumpwood-airflow-images/lib/python3.6/site-packages/airflow/example_dags/example_trigger_controller_dag.py for tasks to queue
[2021-06-07 18:50:20,720] {logging_mixin.py:104} INFO - [2021-06-07 18:50:20,720] {dagbag.py:487} INFO - Filling up the DagBag from /home/encrypted/abaceti/.virtualenvs/pumpwood-airflow-images/lib/python3.6/site-packages/airflow/example_dags/example_trigger_controller_dag.py
[2021-06-07 18:50:20,725] {scheduler_job.py:643} INFO - DAG(s) dict_keys(['example_trigger_controller_dag']) retrieved from /home/encrypted/abaceti/.virtualenvs/pumpwood-airflow-images/lib/python3.6/site-packages/airflow/example_dags/example_trigger_controller_dag.py
[2021-06-07 18:50:20,740] {logging_mixin.py:104} INFO - [2021-06-07 18:50:20,740] {dag.py:1832} INFO - Sync 1 DAGs
[2021-06-07 18:50:20,749] {logging_mixin.py:104} INFO - [2021-06-07 18:50:20,749] {dag.py:2305} INFO - Setting next_dagrun for example_trigger_controller_dag to 2021-06-05 00:00:00+00:00
[2021-06-07 18:50:20,754] {scheduler_job.py:190} INFO - Processing /home/encrypted/abaceti/.virtualenvs/pumpwood-airflow-images/lib/python3.6/site-packages/airflow/example_dags/example_trigger_controller_dag.py took 0.036 seconds
[2021-06-07 18:50:50,943] {scheduler_job.py:182} INFO - Started process (PID=9553) to work on /home/encrypted/abaceti/.virtualenvs/pumpwood-airflow-images/lib/python3.6/site-packages/airflow/example_dags/example_trigger_controller_dag.py
[2021-06-07 18:50:50,943] {scheduler_job.py:633} INFO - Processing file /home/encrypted/abaceti/.virtualenvs/pumpwood-airflow-images/lib/python3.6/site-packages/airflow/example_dags/example_trigger_controller_dag.py for tasks to queue
[2021-06-07 18:50:50,943] {logging_mixin.py:104} INFO - [2021-06-07 18:50:50,943] {dagbag.py:487} INFO - Filling up the DagBag from /home/encrypted/abaceti/.virtualenvs/pumpwood-airflow-images/lib/python3.6/site-packages/airflow/example_dags/example_trigger_controller_dag.py
[2021-06-07 18:50:50,949] {scheduler_job.py:643} INFO - DAG(s) dict_keys(['example_trigger_controller_dag']) retrieved from /home/encrypted/abaceti/.virtualenvs/pumpwood-airflow-images/lib/python3.6/site-packages/airflow/example_dags/example_trigger_controller_dag.py
[2021-06-07 18:50:50,963] {logging_mixin.py:104} INFO - [2021-06-07 18:50:50,963] {dag.py:1832} INFO - Sync 1 DAGs
[2021-06-07 18:50:50,973] {logging_mixin.py:104} INFO - [2021-06-07 18:50:50,973] {dag.py:2305} INFO - Setting next_dagrun for example_trigger_controller_dag to 2021-06-05 00:00:00+00:00
[2021-06-07 18:50:50,978] {scheduler_job.py:190} INFO - Processing /home/encrypted/abaceti/.virtualenvs/pumpwood-airflow-images/lib/python3.6/site-packages/airflow/example_dags/example_trigger_controller_dag.py took 0.037 seconds
[2021-06-07 18:51:21,124] {scheduler_job.py:182} INFO - Started process (PID=9667) to work on /home/encrypted/abaceti/.virtualenvs/pumpwood-airflow-images/lib/python3.6/site-packages/airflow/example_dags/example_trigger_controller_dag.py
[2021-06-07 18:51:21,124] {scheduler_job.py:633} INFO - Processing file /home/encrypted/abaceti/.virtualenvs/pumpwood-airflow-images/lib/python3.6/site-packages/airflow/example_dags/example_trigger_controller_dag.py for tasks to queue
[2021-06-07 18:51:21,125] {logging_mixin.py:104} INFO - [2021-06-07 18:51:21,125] {dagbag.py:487} INFO - Filling up the DagBag from /home/encrypted/abaceti/.virtualenvs/pumpwood-airflow-images/lib/python3.6/site-packages/airflow/example_dags/example_trigger_controller_dag.py
[2021-06-07 18:51:21,130] {scheduler_job.py:643} INFO - DAG(s) dict_keys(['example_trigger_controller_dag']) retrieved from /home/encrypted/abaceti/.virtualenvs/pumpwood-airflow-images/lib/python3.6/site-packages/airflow/example_dags/example_trigger_controller_dag.py
[2021-06-07 18:51:21,144] {logging_mixin.py:104} INFO - [2021-06-07 18:51:21,144] {dag.py:1832} INFO - Sync 1 DAGs
[2021-06-07 18:51:21,152] {logging_mixin.py:104} INFO - [2021-06-07 18:51:21,152] {dag.py:2305} INFO - Setting next_dagrun for example_trigger_controller_dag to 2021-06-05 00:00:00+00:00
[2021-06-07 18:51:21,157] {scheduler_job.py:190} INFO - Processing /home/encrypted/abaceti/.virtualenvs/pumpwood-airflow-images/lib/python3.6/site-packages/airflow/example_dags/example_trigger_controller_dag.py took 0.035 seconds
[2021-06-07 18:51:51,269] {scheduler_job.py:182} INFO - Started process (PID=9836) to work on /home/encrypted/abaceti/.virtualenvs/pumpwood-airflow-images/lib/python3.6/site-packages/airflow/example_dags/example_trigger_controller_dag.py
[2021-06-07 18:51:51,270] {scheduler_job.py:633} INFO - Processing file /home/encrypted/abaceti/.virtualenvs/pumpwood-airflow-images/lib/python3.6/site-packages/airflow/example_dags/example_trigger_controller_dag.py for tasks to queue
[2021-06-07 18:51:51,270] {logging_mixin.py:104} INFO - [2021-06-07 18:51:51,270] {dagbag.py:487} INFO - Filling up the DagBag from /home/encrypted/abaceti/.virtualenvs/pumpwood-airflow-images/lib/python3.6/site-packages/airflow/example_dags/example_trigger_controller_dag.py
[2021-06-07 18:51:51,276] {scheduler_job.py:643} INFO - DAG(s) dict_keys(['example_trigger_controller_dag']) retrieved from /home/encrypted/abaceti/.virtualenvs/pumpwood-airflow-images/lib/python3.6/site-packages/airflow/example_dags/example_trigger_controller_dag.py
[2021-06-07 18:51:51,292] {logging_mixin.py:104} INFO - [2021-06-07 18:51:51,292] {dag.py:1832} INFO - Sync 1 DAGs
[2021-06-07 18:51:51,303] {logging_mixin.py:104} INFO - [2021-06-07 18:51:51,303] {dag.py:2305} INFO - Setting next_dagrun for example_trigger_controller_dag to 2021-06-05 00:00:00+00:00
[2021-06-07 18:51:51,308] {scheduler_job.py:190} INFO - Processing /home/encrypted/abaceti/.virtualenvs/pumpwood-airflow-images/lib/python3.6/site-packages/airflow/example_dags/example_trigger_controller_dag.py took 0.041 seconds
[2021-06-07 18:52:21,488] {scheduler_job.py:182} INFO - Started process (PID=9954) to work on /home/encrypted/abaceti/.virtualenvs/pumpwood-airflow-images/lib/python3.6/site-packages/airflow/example_dags/example_trigger_controller_dag.py
[2021-06-07 18:52:21,488] {scheduler_job.py:633} INFO - Processing file /home/encrypted/abaceti/.virtualenvs/pumpwood-airflow-images/lib/python3.6/site-packages/airflow/example_dags/example_trigger_controller_dag.py for tasks to queue
[2021-06-07 18:52:21,489] {logging_mixin.py:104} INFO - [2021-06-07 18:52:21,489] {dagbag.py:487} INFO - Filling up the DagBag from /home/encrypted/abaceti/.virtualenvs/pumpwood-airflow-images/lib/python3.6/site-packages/airflow/example_dags/example_trigger_controller_dag.py
[2021-06-07 18:52:21,494] {scheduler_job.py:643} INFO - DAG(s) dict_keys(['example_trigger_controller_dag']) retrieved from /home/encrypted/abaceti/.virtualenvs/pumpwood-airflow-images/lib/python3.6/site-packages/airflow/example_dags/example_trigger_controller_dag.py
[2021-06-07 18:52:21,509] {logging_mixin.py:104} INFO - [2021-06-07 18:52:21,509] {dag.py:1832} INFO - Sync 1 DAGs
[2021-06-07 18:52:21,517] {logging_mixin.py:104} INFO - [2021-06-07 18:52:21,516] {dag.py:2305} INFO - Setting next_dagrun for example_trigger_controller_dag to 2021-06-05 00:00:00+00:00
[2021-06-07 18:52:21,522] {scheduler_job.py:190} INFO - Processing /home/encrypted/abaceti/.virtualenvs/pumpwood-airflow-images/lib/python3.6/site-packages/airflow/example_dags/example_trigger_controller_dag.py took 0.036 seconds
[2021-06-07 18:52:51,563] {scheduler_job.py:182} INFO - Started process (PID=10759) to work on /home/encrypted/abaceti/.virtualenvs/pumpwood-airflow-images/lib/python3.6/site-packages/airflow/example_dags/example_trigger_controller_dag.py
[2021-06-07 18:52:51,563] {scheduler_job.py:633} INFO - Processing file /home/encrypted/abaceti/.virtualenvs/pumpwood-airflow-images/lib/python3.6/site-packages/airflow/example_dags/example_trigger_controller_dag.py for tasks to queue
[2021-06-07 18:52:51,563] {logging_mixin.py:104} INFO - [2021-06-07 18:52:51,563] {dagbag.py:487} INFO - Filling up the DagBag from /home/encrypted/abaceti/.virtualenvs/pumpwood-airflow-images/lib/python3.6/site-packages/airflow/example_dags/example_trigger_controller_dag.py
[2021-06-07 18:52:51,568] {scheduler_job.py:643} INFO - DAG(s) dict_keys(['example_trigger_controller_dag']) retrieved from /home/encrypted/abaceti/.virtualenvs/pumpwood-airflow-images/lib/python3.6/site-packages/airflow/example_dags/example_trigger_controller_dag.py
[2021-06-07 18:52:51,583] {logging_mixin.py:104} INFO - [2021-06-07 18:52:51,583] {dag.py:1832} INFO - Sync 1 DAGs
[2021-06-07 18:52:51,591] {logging_mixin.py:104} INFO - [2021-06-07 18:52:51,591] {dag.py:2305} INFO - Setting next_dagrun for example_trigger_controller_dag to 2021-06-05 00:00:00+00:00
[2021-06-07 18:52:51,596] {scheduler_job.py:190} INFO - Processing /home/encrypted/abaceti/.virtualenvs/pumpwood-airflow-images/lib/python3.6/site-packages/airflow/example_dags/example_trigger_controller_dag.py took 0.035 seconds
[2021-06-07 18:53:21,696] {scheduler_job.py:182} INFO - Started process (PID=11080) to work on /home/encrypted/abaceti/.virtualenvs/pumpwood-airflow-images/lib/python3.6/site-packages/airflow/example_dags/example_trigger_controller_dag.py
[2021-06-07 18:53:21,696] {scheduler_job.py:633} INFO - Processing file /home/encrypted/abaceti/.virtualenvs/pumpwood-airflow-images/lib/python3.6/site-packages/airflow/example_dags/example_trigger_controller_dag.py for tasks to queue
[2021-06-07 18:53:21,696] {logging_mixin.py:104} INFO - [2021-06-07 18:53:21,696] {dagbag.py:487} INFO - Filling up the DagBag from /home/encrypted/abaceti/.virtualenvs/pumpwood-airflow-images/lib/python3.6/site-packages/airflow/example_dags/example_trigger_controller_dag.py
[2021-06-07 18:53:21,701] {scheduler_job.py:643} INFO - DAG(s) dict_keys(['example_trigger_controller_dag']) retrieved from /home/encrypted/abaceti/.virtualenvs/pumpwood-airflow-images/lib/python3.6/site-packages/airflow/example_dags/example_trigger_controller_dag.py
[2021-06-07 18:53:21,714] {logging_mixin.py:104} INFO - [2021-06-07 18:53:21,714] {dag.py:1832} INFO - Sync 1 DAGs
[2021-06-07 18:53:21,722] {logging_mixin.py:104} INFO - [2021-06-07 18:53:21,722] {dag.py:2305} INFO - Setting next_dagrun for example_trigger_controller_dag to 2021-06-05 00:00:00+00:00
[2021-06-07 18:53:21,727] {scheduler_job.py:190} INFO - Processing /home/encrypted/abaceti/.virtualenvs/pumpwood-airflow-images/lib/python3.6/site-packages/airflow/example_dags/example_trigger_controller_dag.py took 0.033 seconds
[2021-06-07 18:53:51,951] {scheduler_job.py:182} INFO - Started process (PID=11458) to work on /home/encrypted/abaceti/.virtualenvs/pumpwood-airflow-images/lib/python3.6/site-packages/airflow/example_dags/example_trigger_controller_dag.py
[2021-06-07 18:53:51,951] {scheduler_job.py:633} INFO - Processing file /home/encrypted/abaceti/.virtualenvs/pumpwood-airflow-images/lib/python3.6/site-packages/airflow/example_dags/example_trigger_controller_dag.py for tasks to queue
[2021-06-07 18:53:51,952] {logging_mixin.py:104} INFO - [2021-06-07 18:53:51,952] {dagbag.py:487} INFO - Filling up the DagBag from /home/encrypted/abaceti/.virtualenvs/pumpwood-airflow-images/lib/python3.6/site-packages/airflow/example_dags/example_trigger_controller_dag.py
[2021-06-07 18:53:51,957] {scheduler_job.py:643} INFO - DAG(s) dict_keys(['example_trigger_controller_dag']) retrieved from /home/encrypted/abaceti/.virtualenvs/pumpwood-airflow-images/lib/python3.6/site-packages/airflow/example_dags/example_trigger_controller_dag.py
[2021-06-07 18:53:51,973] {logging_mixin.py:104} INFO - [2021-06-07 18:53:51,973] {dag.py:1832} INFO - Sync 1 DAGs
[2021-06-07 18:53:51,981] {logging_mixin.py:104} INFO - [2021-06-07 18:53:51,981] {dag.py:2305} INFO - Setting next_dagrun for example_trigger_controller_dag to 2021-06-05 00:00:00+00:00
[2021-06-07 18:53:51,987] {scheduler_job.py:190} INFO - Processing /home/encrypted/abaceti/.virtualenvs/pumpwood-airflow-images/lib/python3.6/site-packages/airflow/example_dags/example_trigger_controller_dag.py took 0.038 seconds
[2021-06-07 18:54:22,052] {scheduler_job.py:182} INFO - Started process (PID=11875) to work on /home/encrypted/abaceti/.virtualenvs/pumpwood-airflow-images/lib/python3.6/site-packages/airflow/example_dags/example_trigger_controller_dag.py
[2021-06-07 18:54:22,052] {scheduler_job.py:633} INFO - Processing file /home/encrypted/abaceti/.virtualenvs/pumpwood-airflow-images/lib/python3.6/site-packages/airflow/example_dags/example_trigger_controller_dag.py for tasks to queue
[2021-06-07 18:54:22,052] {logging_mixin.py:104} INFO - [2021-06-07 18:54:22,052] {dagbag.py:487} INFO - Filling up the DagBag from /home/encrypted/abaceti/.virtualenvs/pumpwood-airflow-images/lib/python3.6/site-packages/airflow/example_dags/example_trigger_controller_dag.py
[2021-06-07 18:54:22,058] {scheduler_job.py:643} INFO - DAG(s) dict_keys(['example_trigger_controller_dag']) retrieved from /home/encrypted/abaceti/.virtualenvs/pumpwood-airflow-images/lib/python3.6/site-packages/airflow/example_dags/example_trigger_controller_dag.py
[2021-06-07 18:54:22,073] {logging_mixin.py:104} INFO - [2021-06-07 18:54:22,073] {dag.py:1832} INFO - Sync 1 DAGs
[2021-06-07 18:54:22,081] {logging_mixin.py:104} INFO - [2021-06-07 18:54:22,081] {dag.py:2305} INFO - Setting next_dagrun for example_trigger_controller_dag to 2021-06-05 00:00:00+00:00
[2021-06-07 18:54:22,087] {scheduler_job.py:190} INFO - Processing /home/encrypted/abaceti/.virtualenvs/pumpwood-airflow-images/lib/python3.6/site-packages/airflow/example_dags/example_trigger_controller_dag.py took 0.037 seconds
[2021-06-07 18:54:52,229] {scheduler_job.py:182} INFO - Started process (PID=12086) to work on /home/encrypted/abaceti/.virtualenvs/pumpwood-airflow-images/lib/python3.6/site-packages/airflow/example_dags/example_trigger_controller_dag.py
[2021-06-07 18:54:52,230] {scheduler_job.py:633} INFO - Processing file /home/encrypted/abaceti/.virtualenvs/pumpwood-airflow-images/lib/python3.6/site-packages/airflow/example_dags/example_trigger_controller_dag.py for tasks to queue
[2021-06-07 18:54:52,230] {logging_mixin.py:104} INFO - [2021-06-07 18:54:52,230] {dagbag.py:487} INFO - Filling up the DagBag from /home/encrypted/abaceti/.virtualenvs/pumpwood-airflow-images/lib/python3.6/site-packages/airflow/example_dags/example_trigger_controller_dag.py
[2021-06-07 18:54:52,235] {scheduler_job.py:643} INFO - DAG(s) dict_keys(['example_trigger_controller_dag']) retrieved from /home/encrypted/abaceti/.virtualenvs/pumpwood-airflow-images/lib/python3.6/site-packages/airflow/example_dags/example_trigger_controller_dag.py
[2021-06-07 18:54:52,250] {logging_mixin.py:104} INFO - [2021-06-07 18:54:52,250] {dag.py:1832} INFO - Sync 1 DAGs
[2021-06-07 18:54:52,258] {logging_mixin.py:104} INFO - [2021-06-07 18:54:52,258] {dag.py:2305} INFO - Setting next_dagrun for example_trigger_controller_dag to 2021-06-05 00:00:00+00:00
[2021-06-07 18:54:52,264] {scheduler_job.py:190} INFO - Processing /home/encrypted/abaceti/.virtualenvs/pumpwood-airflow-images/lib/python3.6/site-packages/airflow/example_dags/example_trigger_controller_dag.py took 0.036 seconds
[2021-06-07 18:55:22,442] {scheduler_job.py:182} INFO - Started process (PID=12266) to work on /home/encrypted/abaceti/.virtualenvs/pumpwood-airflow-images/lib/python3.6/site-packages/airflow/example_dags/example_trigger_controller_dag.py
[2021-06-07 18:55:22,442] {scheduler_job.py:633} INFO - Processing file /home/encrypted/abaceti/.virtualenvs/pumpwood-airflow-images/lib/python3.6/site-packages/airflow/example_dags/example_trigger_controller_dag.py for tasks to queue
[2021-06-07 18:55:22,443] {logging_mixin.py:104} INFO - [2021-06-07 18:55:22,443] {dagbag.py:487} INFO - Filling up the DagBag from /home/encrypted/abaceti/.virtualenvs/pumpwood-airflow-images/lib/python3.6/site-packages/airflow/example_dags/example_trigger_controller_dag.py
[2021-06-07 18:55:22,448] {scheduler_job.py:643} INFO - DAG(s) dict_keys(['example_trigger_controller_dag']) retrieved from /home/encrypted/abaceti/.virtualenvs/pumpwood-airflow-images/lib/python3.6/site-packages/airflow/example_dags/example_trigger_controller_dag.py
[2021-06-07 18:55:22,464] {logging_mixin.py:104} INFO - [2021-06-07 18:55:22,463] {dag.py:1832} INFO - Sync 1 DAGs
[2021-06-07 18:55:22,473] {logging_mixin.py:104} INFO - [2021-06-07 18:55:22,473] {dag.py:2305} INFO - Setting next_dagrun for example_trigger_controller_dag to 2021-06-05 00:00:00+00:00
[2021-06-07 18:55:22,479] {scheduler_job.py:190} INFO - Processing /home/encrypted/abaceti/.virtualenvs/pumpwood-airflow-images/lib/python3.6/site-packages/airflow/example_dags/example_trigger_controller_dag.py took 0.039 seconds
[2021-06-07 18:55:52,553] {scheduler_job.py:182} INFO - Started process (PID=12488) to work on /home/encrypted/abaceti/.virtualenvs/pumpwood-airflow-images/lib/python3.6/site-packages/airflow/example_dags/example_trigger_controller_dag.py
[2021-06-07 18:55:52,554] {scheduler_job.py:633} INFO - Processing file /home/encrypted/abaceti/.virtualenvs/pumpwood-airflow-images/lib/python3.6/site-packages/airflow/example_dags/example_trigger_controller_dag.py for tasks to queue
[2021-06-07 18:55:52,554] {logging_mixin.py:104} INFO - [2021-06-07 18:55:52,554] {dagbag.py:487} INFO - Filling up the DagBag from /home/encrypted/abaceti/.virtualenvs/pumpwood-airflow-images/lib/python3.6/site-packages/airflow/example_dags/example_trigger_controller_dag.py
[2021-06-07 18:55:52,559] {scheduler_job.py:643} INFO - DAG(s) dict_keys(['example_trigger_controller_dag']) retrieved from /home/encrypted/abaceti/.virtualenvs/pumpwood-airflow-images/lib/python3.6/site-packages/airflow/example_dags/example_trigger_controller_dag.py
[2021-06-07 18:55:52,573] {logging_mixin.py:104} INFO - [2021-06-07 18:55:52,573] {dag.py:1832} INFO - Sync 1 DAGs
[2021-06-07 18:55:52,581] {logging_mixin.py:104} INFO - [2021-06-07 18:55:52,581] {dag.py:2305} INFO - Setting next_dagrun for example_trigger_controller_dag to 2021-06-05 00:00:00+00:00
[2021-06-07 18:55:52,587] {scheduler_job.py:190} INFO - Processing /home/encrypted/abaceti/.virtualenvs/pumpwood-airflow-images/lib/python3.6/site-packages/airflow/example_dags/example_trigger_controller_dag.py took 0.035 seconds
[2021-06-07 18:56:22,641] {scheduler_job.py:182} INFO - Started process (PID=12657) to work on /home/encrypted/abaceti/.virtualenvs/pumpwood-airflow-images/lib/python3.6/site-packages/airflow/example_dags/example_trigger_controller_dag.py
[2021-06-07 18:56:22,642] {scheduler_job.py:633} INFO - Processing file /home/encrypted/abaceti/.virtualenvs/pumpwood-airflow-images/lib/python3.6/site-packages/airflow/example_dags/example_trigger_controller_dag.py for tasks to queue
[2021-06-07 18:56:22,642] {logging_mixin.py:104} INFO - [2021-06-07 18:56:22,642] {dagbag.py:487} INFO - Filling up the DagBag from /home/encrypted/abaceti/.virtualenvs/pumpwood-airflow-images/lib/python3.6/site-packages/airflow/example_dags/example_trigger_controller_dag.py
[2021-06-07 18:56:22,647] {scheduler_job.py:643} INFO - DAG(s) dict_keys(['example_trigger_controller_dag']) retrieved from /home/encrypted/abaceti/.virtualenvs/pumpwood-airflow-images/lib/python3.6/site-packages/airflow/example_dags/example_trigger_controller_dag.py
[2021-06-07 18:56:22,661] {logging_mixin.py:104} INFO - [2021-06-07 18:56:22,661] {dag.py:1832} INFO - Sync 1 DAGs
[2021-06-07 18:56:22,670] {logging_mixin.py:104} INFO - [2021-06-07 18:56:22,670] {dag.py:2305} INFO - Setting next_dagrun for example_trigger_controller_dag to 2021-06-05 00:00:00+00:00
[2021-06-07 18:56:22,675] {scheduler_job.py:190} INFO - Processing /home/encrypted/abaceti/.virtualenvs/pumpwood-airflow-images/lib/python3.6/site-packages/airflow/example_dags/example_trigger_controller_dag.py took 0.035 seconds
[2021-06-07 18:56:52,913] {scheduler_job.py:182} INFO - Started process (PID=12884) to work on /home/encrypted/abaceti/.virtualenvs/pumpwood-airflow-images/lib/python3.6/site-packages/airflow/example_dags/example_trigger_controller_dag.py
[2021-06-07 18:56:52,914] {scheduler_job.py:633} INFO - Processing file /home/encrypted/abaceti/.virtualenvs/pumpwood-airflow-images/lib/python3.6/site-packages/airflow/example_dags/example_trigger_controller_dag.py for tasks to queue
[2021-06-07 18:56:52,914] {logging_mixin.py:104} INFO - [2021-06-07 18:56:52,914] {dagbag.py:487} INFO - Filling up the DagBag from /home/encrypted/abaceti/.virtualenvs/pumpwood-airflow-images/lib/python3.6/site-packages/airflow/example_dags/example_trigger_controller_dag.py
[2021-06-07 18:56:52,919] {scheduler_job.py:643} INFO - DAG(s) dict_keys(['example_trigger_controller_dag']) retrieved from /home/encrypted/abaceti/.virtualenvs/pumpwood-airflow-images/lib/python3.6/site-packages/airflow/example_dags/example_trigger_controller_dag.py
[2021-06-07 18:56:52,932] {logging_mixin.py:104} INFO - [2021-06-07 18:56:52,932] {dag.py:1832} INFO - Sync 1 DAGs
[2021-06-07 18:56:52,940] {logging_mixin.py:104} INFO - [2021-06-07 18:56:52,940] {dag.py:2305} INFO - Setting next_dagrun for example_trigger_controller_dag to 2021-06-05 00:00:00+00:00
[2021-06-07 18:56:52,945] {scheduler_job.py:190} INFO - Processing /home/encrypted/abaceti/.virtualenvs/pumpwood-airflow-images/lib/python3.6/site-packages/airflow/example_dags/example_trigger_controller_dag.py took 0.033 seconds
[2021-06-07 18:57:23,886] {scheduler_job.py:182} INFO - Started process (PID=13012) to work on /home/encrypted/abaceti/.virtualenvs/pumpwood-airflow-images/lib/python3.6/site-packages/airflow/example_dags/example_trigger_controller_dag.py
[2021-06-07 18:57:23,886] {scheduler_job.py:633} INFO - Processing file /home/encrypted/abaceti/.virtualenvs/pumpwood-airflow-images/lib/python3.6/site-packages/airflow/example_dags/example_trigger_controller_dag.py for tasks to queue
[2021-06-07 18:57:23,886] {logging_mixin.py:104} INFO - [2021-06-07 18:57:23,886] {dagbag.py:487} INFO - Filling up the DagBag from /home/encrypted/abaceti/.virtualenvs/pumpwood-airflow-images/lib/python3.6/site-packages/airflow/example_dags/example_trigger_controller_dag.py
[2021-06-07 18:57:23,891] {scheduler_job.py:643} INFO - DAG(s) dict_keys(['example_trigger_controller_dag']) retrieved from /home/encrypted/abaceti/.virtualenvs/pumpwood-airflow-images/lib/python3.6/site-packages/airflow/example_dags/example_trigger_controller_dag.py
[2021-06-07 18:57:23,905] {logging_mixin.py:104} INFO - [2021-06-07 18:57:23,905] {dag.py:1832} INFO - Sync 1 DAGs
[2021-06-07 18:57:23,913] {logging_mixin.py:104} INFO - [2021-06-07 18:57:23,913] {dag.py:2305} INFO - Setting next_dagrun for example_trigger_controller_dag to 2021-06-05 00:00:00+00:00
[2021-06-07 18:57:23,918] {scheduler_job.py:190} INFO - Processing /home/encrypted/abaceti/.virtualenvs/pumpwood-airflow-images/lib/python3.6/site-packages/airflow/example_dags/example_trigger_controller_dag.py took 0.034 seconds
[2021-06-07 18:57:54,089] {scheduler_job.py:182} INFO - Started process (PID=13188) to work on /home/encrypted/abaceti/.virtualenvs/pumpwood-airflow-images/lib/python3.6/site-packages/airflow/example_dags/example_trigger_controller_dag.py
[2021-06-07 18:57:54,090] {scheduler_job.py:633} INFO - Processing file /home/encrypted/abaceti/.virtualenvs/pumpwood-airflow-images/lib/python3.6/site-packages/airflow/example_dags/example_trigger_controller_dag.py for tasks to queue
[2021-06-07 18:57:54,090] {logging_mixin.py:104} INFO - [2021-06-07 18:57:54,090] {dagbag.py:487} INFO - Filling up the DagBag from /home/encrypted/abaceti/.virtualenvs/pumpwood-airflow-images/lib/python3.6/site-packages/airflow/example_dags/example_trigger_controller_dag.py
[2021-06-07 18:57:54,095] {scheduler_job.py:643} INFO - DAG(s) dict_keys(['example_trigger_controller_dag']) retrieved from /home/encrypted/abaceti/.virtualenvs/pumpwood-airflow-images/lib/python3.6/site-packages/airflow/example_dags/example_trigger_controller_dag.py
[2021-06-07 18:57:54,109] {logging_mixin.py:104} INFO - [2021-06-07 18:57:54,109] {dag.py:1832} INFO - Sync 1 DAGs
[2021-06-07 18:57:54,117] {logging_mixin.py:104} INFO - [2021-06-07 18:57:54,117] {dag.py:2305} INFO - Setting next_dagrun for example_trigger_controller_dag to 2021-06-05 00:00:00+00:00
[2021-06-07 18:57:54,122] {scheduler_job.py:190} INFO - Processing /home/encrypted/abaceti/.virtualenvs/pumpwood-airflow-images/lib/python3.6/site-packages/airflow/example_dags/example_trigger_controller_dag.py took 0.034 seconds
[2021-06-07 18:58:24,157] {scheduler_job.py:182} INFO - Started process (PID=13301) to work on /home/encrypted/abaceti/.virtualenvs/pumpwood-airflow-images/lib/python3.6/site-packages/airflow/example_dags/example_trigger_controller_dag.py
[2021-06-07 18:58:24,158] {scheduler_job.py:633} INFO - Processing file /home/encrypted/abaceti/.virtualenvs/pumpwood-airflow-images/lib/python3.6/site-packages/airflow/example_dags/example_trigger_controller_dag.py for tasks to queue
[2021-06-07 18:58:24,158] {logging_mixin.py:104} INFO - [2021-06-07 18:58:24,158] {dagbag.py:487} INFO - Filling up the DagBag from /home/encrypted/abaceti/.virtualenvs/pumpwood-airflow-images/lib/python3.6/site-packages/airflow/example_dags/example_trigger_controller_dag.py
[2021-06-07 18:58:24,163] {scheduler_job.py:643} INFO - DAG(s) dict_keys(['example_trigger_controller_dag']) retrieved from /home/encrypted/abaceti/.virtualenvs/pumpwood-airflow-images/lib/python3.6/site-packages/airflow/example_dags/example_trigger_controller_dag.py
[2021-06-07 18:58:24,177] {logging_mixin.py:104} INFO - [2021-06-07 18:58:24,177] {dag.py:1832} INFO - Sync 1 DAGs
[2021-06-07 18:58:24,185] {logging_mixin.py:104} INFO - [2021-06-07 18:58:24,185] {dag.py:2305} INFO - Setting next_dagrun for example_trigger_controller_dag to 2021-06-05 00:00:00+00:00
[2021-06-07 18:58:24,192] {scheduler_job.py:190} INFO - Processing /home/encrypted/abaceti/.virtualenvs/pumpwood-airflow-images/lib/python3.6/site-packages/airflow/example_dags/example_trigger_controller_dag.py took 0.036 seconds
[2021-06-07 18:58:54,279] {scheduler_job.py:182} INFO - Started process (PID=13478) to work on /home/encrypted/abaceti/.virtualenvs/pumpwood-airflow-images/lib/python3.6/site-packages/airflow/example_dags/example_trigger_controller_dag.py
[2021-06-07 18:58:54,279] {scheduler_job.py:633} INFO - Processing file /home/encrypted/abaceti/.virtualenvs/pumpwood-airflow-images/lib/python3.6/site-packages/airflow/example_dags/example_trigger_controller_dag.py for tasks to queue
[2021-06-07 18:58:54,280] {logging_mixin.py:104} INFO - [2021-06-07 18:58:54,280] {dagbag.py:487} INFO - Filling up the DagBag from /home/encrypted/abaceti/.virtualenvs/pumpwood-airflow-images/lib/python3.6/site-packages/airflow/example_dags/example_trigger_controller_dag.py
[2021-06-07 18:58:54,287] {scheduler_job.py:643} INFO - DAG(s) dict_keys(['example_trigger_controller_dag']) retrieved from /home/encrypted/abaceti/.virtualenvs/pumpwood-airflow-images/lib/python3.6/site-packages/airflow/example_dags/example_trigger_controller_dag.py
[2021-06-07 18:58:54,303] {logging_mixin.py:104} INFO - [2021-06-07 18:58:54,303] {dag.py:1832} INFO - Sync 1 DAGs
[2021-06-07 18:58:54,311] {logging_mixin.py:104} INFO - [2021-06-07 18:58:54,311] {dag.py:2305} INFO - Setting next_dagrun for example_trigger_controller_dag to 2021-06-05 00:00:00+00:00
[2021-06-07 18:58:54,316] {scheduler_job.py:190} INFO - Processing /home/encrypted/abaceti/.virtualenvs/pumpwood-airflow-images/lib/python3.6/site-packages/airflow/example_dags/example_trigger_controller_dag.py took 0.040 seconds
[2021-06-07 18:59:24,450] {scheduler_job.py:182} INFO - Started process (PID=13600) to work on /home/encrypted/abaceti/.virtualenvs/pumpwood-airflow-images/lib/python3.6/site-packages/airflow/example_dags/example_trigger_controller_dag.py
[2021-06-07 18:59:24,450] {scheduler_job.py:633} INFO - Processing file /home/encrypted/abaceti/.virtualenvs/pumpwood-airflow-images/lib/python3.6/site-packages/airflow/example_dags/example_trigger_controller_dag.py for tasks to queue
[2021-06-07 18:59:24,451] {logging_mixin.py:104} INFO - [2021-06-07 18:59:24,450] {dagbag.py:487} INFO - Filling up the DagBag from /home/encrypted/abaceti/.virtualenvs/pumpwood-airflow-images/lib/python3.6/site-packages/airflow/example_dags/example_trigger_controller_dag.py
[2021-06-07 18:59:24,455] {scheduler_job.py:643} INFO - DAG(s) dict_keys(['example_trigger_controller_dag']) retrieved from /home/encrypted/abaceti/.virtualenvs/pumpwood-airflow-images/lib/python3.6/site-packages/airflow/example_dags/example_trigger_controller_dag.py
[2021-06-07 18:59:24,470] {logging_mixin.py:104} INFO - [2021-06-07 18:59:24,470] {dag.py:1832} INFO - Sync 1 DAGs
[2021-06-07 18:59:24,477] {logging_mixin.py:104} INFO - [2021-06-07 18:59:24,477] {dag.py:2305} INFO - Setting next_dagrun for example_trigger_controller_dag to 2021-06-05 00:00:00+00:00
[2021-06-07 18:59:24,482] {scheduler_job.py:190} INFO - Processing /home/encrypted/abaceti/.virtualenvs/pumpwood-airflow-images/lib/python3.6/site-packages/airflow/example_dags/example_trigger_controller_dag.py took 0.034 seconds
[2021-06-07 18:59:54,600] {scheduler_job.py:182} INFO - Started process (PID=13765) to work on /home/encrypted/abaceti/.virtualenvs/pumpwood-airflow-images/lib/python3.6/site-packages/airflow/example_dags/example_trigger_controller_dag.py
[2021-06-07 18:59:54,600] {scheduler_job.py:633} INFO - Processing file /home/encrypted/abaceti/.virtualenvs/pumpwood-airflow-images/lib/python3.6/site-packages/airflow/example_dags/example_trigger_controller_dag.py for tasks to queue
[2021-06-07 18:59:54,601] {logging_mixin.py:104} INFO - [2021-06-07 18:59:54,601] {dagbag.py:487} INFO - Filling up the DagBag from /home/encrypted/abaceti/.virtualenvs/pumpwood-airflow-images/lib/python3.6/site-packages/airflow/example_dags/example_trigger_controller_dag.py
[2021-06-07 18:59:54,605] {scheduler_job.py:643} INFO - DAG(s) dict_keys(['example_trigger_controller_dag']) retrieved from /home/encrypted/abaceti/.virtualenvs/pumpwood-airflow-images/lib/python3.6/site-packages/airflow/example_dags/example_trigger_controller_dag.py
[2021-06-07 18:59:54,621] {logging_mixin.py:104} INFO - [2021-06-07 18:59:54,621] {dag.py:1832} INFO - Sync 1 DAGs
[2021-06-07 18:59:54,629] {logging_mixin.py:104} INFO - [2021-06-07 18:59:54,629] {dag.py:2305} INFO - Setting next_dagrun for example_trigger_controller_dag to 2021-06-05 00:00:00+00:00
[2021-06-07 18:59:54,634] {scheduler_job.py:190} INFO - Processing /home/encrypted/abaceti/.virtualenvs/pumpwood-airflow-images/lib/python3.6/site-packages/airflow/example_dags/example_trigger_controller_dag.py took 0.036 seconds
[2021-06-07 19:00:24,820] {scheduler_job.py:182} INFO - Started process (PID=13877) to work on /home/encrypted/abaceti/.virtualenvs/pumpwood-airflow-images/lib/python3.6/site-packages/airflow/example_dags/example_trigger_controller_dag.py
[2021-06-07 19:00:24,821] {scheduler_job.py:633} INFO - Processing file /home/encrypted/abaceti/.virtualenvs/pumpwood-airflow-images/lib/python3.6/site-packages/airflow/example_dags/example_trigger_controller_dag.py for tasks to queue
[2021-06-07 19:00:24,821] {logging_mixin.py:104} INFO - [2021-06-07 19:00:24,821] {dagbag.py:487} INFO - Filling up the DagBag from /home/encrypted/abaceti/.virtualenvs/pumpwood-airflow-images/lib/python3.6/site-packages/airflow/example_dags/example_trigger_controller_dag.py
[2021-06-07 19:00:24,826] {scheduler_job.py:643} INFO - DAG(s) dict_keys(['example_trigger_controller_dag']) retrieved from /home/encrypted/abaceti/.virtualenvs/pumpwood-airflow-images/lib/python3.6/site-packages/airflow/example_dags/example_trigger_controller_dag.py
[2021-06-07 19:00:24,840] {logging_mixin.py:104} INFO - [2021-06-07 19:00:24,840] {dag.py:1832} INFO - Sync 1 DAGs
[2021-06-07 19:00:24,847] {logging_mixin.py:104} INFO - [2021-06-07 19:00:24,847] {dag.py:2305} INFO - Setting next_dagrun for example_trigger_controller_dag to 2021-06-05 00:00:00+00:00
[2021-06-07 19:00:24,852] {scheduler_job.py:190} INFO - Processing /home/encrypted/abaceti/.virtualenvs/pumpwood-airflow-images/lib/python3.6/site-packages/airflow/example_dags/example_trigger_controller_dag.py took 0.033 seconds
[2021-06-07 19:00:55,095] {scheduler_job.py:182} INFO - Started process (PID=14077) to work on /home/encrypted/abaceti/.virtualenvs/pumpwood-airflow-images/lib/python3.6/site-packages/airflow/example_dags/example_trigger_controller_dag.py
[2021-06-07 19:00:55,096] {scheduler_job.py:633} INFO - Processing file /home/encrypted/abaceti/.virtualenvs/pumpwood-airflow-images/lib/python3.6/site-packages/airflow/example_dags/example_trigger_controller_dag.py for tasks to queue
[2021-06-07 19:00:55,096] {logging_mixin.py:104} INFO - [2021-06-07 19:00:55,096] {dagbag.py:487} INFO - Filling up the DagBag from /home/encrypted/abaceti/.virtualenvs/pumpwood-airflow-images/lib/python3.6/site-packages/airflow/example_dags/example_trigger_controller_dag.py
[2021-06-07 19:00:55,100] {scheduler_job.py:643} INFO - DAG(s) dict_keys(['example_trigger_controller_dag']) retrieved from /home/encrypted/abaceti/.virtualenvs/pumpwood-airflow-images/lib/python3.6/site-packages/airflow/example_dags/example_trigger_controller_dag.py
[2021-06-07 19:00:55,114] {logging_mixin.py:104} INFO - [2021-06-07 19:00:55,114] {dag.py:1832} INFO - Sync 1 DAGs
[2021-06-07 19:00:55,122] {logging_mixin.py:104} INFO - [2021-06-07 19:00:55,122] {dag.py:2305} INFO - Setting next_dagrun for example_trigger_controller_dag to 2021-06-05 00:00:00+00:00
[2021-06-07 19:00:55,127] {scheduler_job.py:190} INFO - Processing /home/encrypted/abaceti/.virtualenvs/pumpwood-airflow-images/lib/python3.6/site-packages/airflow/example_dags/example_trigger_controller_dag.py took 0.034 seconds
[2021-06-07 19:01:25,244] {scheduler_job.py:182} INFO - Started process (PID=14192) to work on /home/encrypted/abaceti/.virtualenvs/pumpwood-airflow-images/lib/python3.6/site-packages/airflow/example_dags/example_trigger_controller_dag.py
[2021-06-07 19:01:25,245] {scheduler_job.py:633} INFO - Processing file /home/encrypted/abaceti/.virtualenvs/pumpwood-airflow-images/lib/python3.6/site-packages/airflow/example_dags/example_trigger_controller_dag.py for tasks to queue
[2021-06-07 19:01:25,245] {logging_mixin.py:104} INFO - [2021-06-07 19:01:25,245] {dagbag.py:487} INFO - Filling up the DagBag from /home/encrypted/abaceti/.virtualenvs/pumpwood-airflow-images/lib/python3.6/site-packages/airflow/example_dags/example_trigger_controller_dag.py
[2021-06-07 19:01:25,250] {scheduler_job.py:643} INFO - DAG(s) dict_keys(['example_trigger_controller_dag']) retrieved from /home/encrypted/abaceti/.virtualenvs/pumpwood-airflow-images/lib/python3.6/site-packages/airflow/example_dags/example_trigger_controller_dag.py
[2021-06-07 19:01:25,267] {logging_mixin.py:104} INFO - [2021-06-07 19:01:25,267] {dag.py:1832} INFO - Sync 1 DAGs
[2021-06-07 19:01:25,276] {logging_mixin.py:104} INFO - [2021-06-07 19:01:25,276] {dag.py:2305} INFO - Setting next_dagrun for example_trigger_controller_dag to 2021-06-05 00:00:00+00:00
[2021-06-07 19:01:25,283] {scheduler_job.py:190} INFO - Processing /home/encrypted/abaceti/.virtualenvs/pumpwood-airflow-images/lib/python3.6/site-packages/airflow/example_dags/example_trigger_controller_dag.py took 0.040 seconds
[2021-06-07 19:01:55,461] {scheduler_job.py:182} INFO - Started process (PID=14379) to work on /home/encrypted/abaceti/.virtualenvs/pumpwood-airflow-images/lib/python3.6/site-packages/airflow/example_dags/example_trigger_controller_dag.py
[2021-06-07 19:01:55,461] {scheduler_job.py:633} INFO - Processing file /home/encrypted/abaceti/.virtualenvs/pumpwood-airflow-images/lib/python3.6/site-packages/airflow/example_dags/example_trigger_controller_dag.py for tasks to queue
[2021-06-07 19:01:55,462] {logging_mixin.py:104} INFO - [2021-06-07 19:01:55,462] {dagbag.py:487} INFO - Filling up the DagBag from /home/encrypted/abaceti/.virtualenvs/pumpwood-airflow-images/lib/python3.6/site-packages/airflow/example_dags/example_trigger_controller_dag.py
[2021-06-07 19:01:55,467] {scheduler_job.py:643} INFO - DAG(s) dict_keys(['example_trigger_controller_dag']) retrieved from /home/encrypted/abaceti/.virtualenvs/pumpwood-airflow-images/lib/python3.6/site-packages/airflow/example_dags/example_trigger_controller_dag.py
[2021-06-07 19:01:55,482] {logging_mixin.py:104} INFO - [2021-06-07 19:01:55,482] {dag.py:1832} INFO - Sync 1 DAGs
[2021-06-07 19:01:55,491] {logging_mixin.py:104} INFO - [2021-06-07 19:01:55,491] {dag.py:2305} INFO - Setting next_dagrun for example_trigger_controller_dag to 2021-06-05 00:00:00+00:00
[2021-06-07 19:01:55,496] {scheduler_job.py:190} INFO - Processing /home/encrypted/abaceti/.virtualenvs/pumpwood-airflow-images/lib/python3.6/site-packages/airflow/example_dags/example_trigger_controller_dag.py took 0.037 seconds
[2021-06-07 19:02:25,561] {scheduler_job.py:182} INFO - Started process (PID=14518) to work on /home/encrypted/abaceti/.virtualenvs/pumpwood-airflow-images/lib/python3.6/site-packages/airflow/example_dags/example_trigger_controller_dag.py
[2021-06-07 19:02:25,561] {scheduler_job.py:633} INFO - Processing file /home/encrypted/abaceti/.virtualenvs/pumpwood-airflow-images/lib/python3.6/site-packages/airflow/example_dags/example_trigger_controller_dag.py for tasks to queue
[2021-06-07 19:02:25,562] {logging_mixin.py:104} INFO - [2021-06-07 19:02:25,562] {dagbag.py:487} INFO - Filling up the DagBag from /home/encrypted/abaceti/.virtualenvs/pumpwood-airflow-images/lib/python3.6/site-packages/airflow/example_dags/example_trigger_controller_dag.py
[2021-06-07 19:02:25,567] {scheduler_job.py:643} INFO - DAG(s) dict_keys(['example_trigger_controller_dag']) retrieved from /home/encrypted/abaceti/.virtualenvs/pumpwood-airflow-images/lib/python3.6/site-packages/airflow/example_dags/example_trigger_controller_dag.py
[2021-06-07 19:02:25,582] {logging_mixin.py:104} INFO - [2021-06-07 19:02:25,582] {dag.py:1832} INFO - Sync 1 DAGs
[2021-06-07 19:02:25,591] {logging_mixin.py:104} INFO - [2021-06-07 19:02:25,591] {dag.py:2305} INFO - Setting next_dagrun for example_trigger_controller_dag to 2021-06-05 00:00:00+00:00
[2021-06-07 19:02:25,597] {scheduler_job.py:190} INFO - Processing /home/encrypted/abaceti/.virtualenvs/pumpwood-airflow-images/lib/python3.6/site-packages/airflow/example_dags/example_trigger_controller_dag.py took 0.037 seconds
