[2021-06-07 18:39:19,861] {scheduler_job.py:182} INFO - Started process (PID=5654) to work on /home/encrypted/abaceti/.virtualenvs/pumpwood-airflow-images/lib/python3.6/site-packages/airflow/example_dags/example_kubernetes_executor_config.py
[2021-06-07 18:39:19,862] {scheduler_job.py:633} INFO - Processing file /home/encrypted/abaceti/.virtualenvs/pumpwood-airflow-images/lib/python3.6/site-packages/airflow/example_dags/example_kubernetes_executor_config.py for tasks to queue
[2021-06-07 18:39:19,862] {logging_mixin.py:104} INFO - [2021-06-07 18:39:19,862] {dagbag.py:487} INFO - Filling up the DagBag from /home/encrypted/abaceti/.virtualenvs/pumpwood-airflow-images/lib/python3.6/site-packages/airflow/example_dags/example_kubernetes_executor_config.py
[2021-06-07 18:39:19,869] {scheduler_job.py:643} INFO - DAG(s) dict_keys(['example_kubernetes_executor_config']) retrieved from /home/encrypted/abaceti/.virtualenvs/pumpwood-airflow-images/lib/python3.6/site-packages/airflow/example_dags/example_kubernetes_executor_config.py
[2021-06-07 18:39:19,885] {logging_mixin.py:104} INFO - [2021-06-07 18:39:19,885] {dag.py:1832} INFO - Sync 1 DAGs
[2021-06-07 18:39:19,897] {logging_mixin.py:104} INFO - [2021-06-07 18:39:19,897] {dag.py:2305} INFO - Setting next_dagrun for example_kubernetes_executor_config to None
[2021-06-07 18:39:19,904] {scheduler_job.py:190} INFO - Processing /home/encrypted/abaceti/.virtualenvs/pumpwood-airflow-images/lib/python3.6/site-packages/airflow/example_dags/example_kubernetes_executor_config.py took 0.045 seconds
[2021-06-07 18:39:50,086] {scheduler_job.py:182} INFO - Started process (PID=5819) to work on /home/encrypted/abaceti/.virtualenvs/pumpwood-airflow-images/lib/python3.6/site-packages/airflow/example_dags/example_kubernetes_executor_config.py
[2021-06-07 18:39:50,087] {scheduler_job.py:633} INFO - Processing file /home/encrypted/abaceti/.virtualenvs/pumpwood-airflow-images/lib/python3.6/site-packages/airflow/example_dags/example_kubernetes_executor_config.py for tasks to queue
[2021-06-07 18:39:50,087] {logging_mixin.py:104} INFO - [2021-06-07 18:39:50,087] {dagbag.py:487} INFO - Filling up the DagBag from /home/encrypted/abaceti/.virtualenvs/pumpwood-airflow-images/lib/python3.6/site-packages/airflow/example_dags/example_kubernetes_executor_config.py
[2021-06-07 18:39:50,094] {scheduler_job.py:643} INFO - DAG(s) dict_keys(['example_kubernetes_executor_config']) retrieved from /home/encrypted/abaceti/.virtualenvs/pumpwood-airflow-images/lib/python3.6/site-packages/airflow/example_dags/example_kubernetes_executor_config.py
[2021-06-07 18:39:50,109] {logging_mixin.py:104} INFO - [2021-06-07 18:39:50,109] {dag.py:1832} INFO - Sync 1 DAGs
[2021-06-07 18:39:50,117] {logging_mixin.py:104} INFO - [2021-06-07 18:39:50,117] {dag.py:2305} INFO - Setting next_dagrun for example_kubernetes_executor_config to None
[2021-06-07 18:39:50,122] {scheduler_job.py:190} INFO - Processing /home/encrypted/abaceti/.virtualenvs/pumpwood-airflow-images/lib/python3.6/site-packages/airflow/example_dags/example_kubernetes_executor_config.py took 0.037 seconds
[2021-06-07 18:40:20,240] {scheduler_job.py:182} INFO - Started process (PID=5972) to work on /home/encrypted/abaceti/.virtualenvs/pumpwood-airflow-images/lib/python3.6/site-packages/airflow/example_dags/example_kubernetes_executor_config.py
[2021-06-07 18:40:20,240] {scheduler_job.py:633} INFO - Processing file /home/encrypted/abaceti/.virtualenvs/pumpwood-airflow-images/lib/python3.6/site-packages/airflow/example_dags/example_kubernetes_executor_config.py for tasks to queue
[2021-06-07 18:40:20,241] {logging_mixin.py:104} INFO - [2021-06-07 18:40:20,241] {dagbag.py:487} INFO - Filling up the DagBag from /home/encrypted/abaceti/.virtualenvs/pumpwood-airflow-images/lib/python3.6/site-packages/airflow/example_dags/example_kubernetes_executor_config.py
[2021-06-07 18:40:20,247] {scheduler_job.py:643} INFO - DAG(s) dict_keys(['example_kubernetes_executor_config']) retrieved from /home/encrypted/abaceti/.virtualenvs/pumpwood-airflow-images/lib/python3.6/site-packages/airflow/example_dags/example_kubernetes_executor_config.py
[2021-06-07 18:40:20,263] {logging_mixin.py:104} INFO - [2021-06-07 18:40:20,263] {dag.py:1832} INFO - Sync 1 DAGs
[2021-06-07 18:40:20,271] {logging_mixin.py:104} INFO - [2021-06-07 18:40:20,270] {dag.py:2305} INFO - Setting next_dagrun for example_kubernetes_executor_config to None
[2021-06-07 18:40:20,277] {scheduler_job.py:190} INFO - Processing /home/encrypted/abaceti/.virtualenvs/pumpwood-airflow-images/lib/python3.6/site-packages/airflow/example_dags/example_kubernetes_executor_config.py took 0.038 seconds
[2021-06-07 18:40:50,424] {scheduler_job.py:182} INFO - Started process (PID=6162) to work on /home/encrypted/abaceti/.virtualenvs/pumpwood-airflow-images/lib/python3.6/site-packages/airflow/example_dags/example_kubernetes_executor_config.py
[2021-06-07 18:40:50,425] {scheduler_job.py:633} INFO - Processing file /home/encrypted/abaceti/.virtualenvs/pumpwood-airflow-images/lib/python3.6/site-packages/airflow/example_dags/example_kubernetes_executor_config.py for tasks to queue
[2021-06-07 18:40:50,425] {logging_mixin.py:104} INFO - [2021-06-07 18:40:50,425] {dagbag.py:487} INFO - Filling up the DagBag from /home/encrypted/abaceti/.virtualenvs/pumpwood-airflow-images/lib/python3.6/site-packages/airflow/example_dags/example_kubernetes_executor_config.py
[2021-06-07 18:40:50,432] {scheduler_job.py:643} INFO - DAG(s) dict_keys(['example_kubernetes_executor_config']) retrieved from /home/encrypted/abaceti/.virtualenvs/pumpwood-airflow-images/lib/python3.6/site-packages/airflow/example_dags/example_kubernetes_executor_config.py
[2021-06-07 18:40:50,446] {logging_mixin.py:104} INFO - [2021-06-07 18:40:50,446] {dag.py:1832} INFO - Sync 1 DAGs
[2021-06-07 18:40:50,454] {logging_mixin.py:104} INFO - [2021-06-07 18:40:50,454] {dag.py:2305} INFO - Setting next_dagrun for example_kubernetes_executor_config to None
[2021-06-07 18:40:50,459] {scheduler_job.py:190} INFO - Processing /home/encrypted/abaceti/.virtualenvs/pumpwood-airflow-images/lib/python3.6/site-packages/airflow/example_dags/example_kubernetes_executor_config.py took 0.036 seconds
[2021-06-07 18:41:20,621] {scheduler_job.py:182} INFO - Started process (PID=6275) to work on /home/encrypted/abaceti/.virtualenvs/pumpwood-airflow-images/lib/python3.6/site-packages/airflow/example_dags/example_kubernetes_executor_config.py
[2021-06-07 18:41:20,621] {scheduler_job.py:633} INFO - Processing file /home/encrypted/abaceti/.virtualenvs/pumpwood-airflow-images/lib/python3.6/site-packages/airflow/example_dags/example_kubernetes_executor_config.py for tasks to queue
[2021-06-07 18:41:20,622] {logging_mixin.py:104} INFO - [2021-06-07 18:41:20,622] {dagbag.py:487} INFO - Filling up the DagBag from /home/encrypted/abaceti/.virtualenvs/pumpwood-airflow-images/lib/python3.6/site-packages/airflow/example_dags/example_kubernetes_executor_config.py
[2021-06-07 18:41:20,628] {scheduler_job.py:643} INFO - DAG(s) dict_keys(['example_kubernetes_executor_config']) retrieved from /home/encrypted/abaceti/.virtualenvs/pumpwood-airflow-images/lib/python3.6/site-packages/airflow/example_dags/example_kubernetes_executor_config.py
[2021-06-07 18:41:20,644] {logging_mixin.py:104} INFO - [2021-06-07 18:41:20,644] {dag.py:1832} INFO - Sync 1 DAGs
[2021-06-07 18:41:20,652] {logging_mixin.py:104} INFO - [2021-06-07 18:41:20,652] {dag.py:2305} INFO - Setting next_dagrun for example_kubernetes_executor_config to None
[2021-06-07 18:41:20,657] {scheduler_job.py:190} INFO - Processing /home/encrypted/abaceti/.virtualenvs/pumpwood-airflow-images/lib/python3.6/site-packages/airflow/example_dags/example_kubernetes_executor_config.py took 0.038 seconds
[2021-06-07 18:41:50,758] {scheduler_job.py:182} INFO - Started process (PID=6440) to work on /home/encrypted/abaceti/.virtualenvs/pumpwood-airflow-images/lib/python3.6/site-packages/airflow/example_dags/example_kubernetes_executor_config.py
[2021-06-07 18:41:50,759] {scheduler_job.py:633} INFO - Processing file /home/encrypted/abaceti/.virtualenvs/pumpwood-airflow-images/lib/python3.6/site-packages/airflow/example_dags/example_kubernetes_executor_config.py for tasks to queue
[2021-06-07 18:41:50,759] {logging_mixin.py:104} INFO - [2021-06-07 18:41:50,759] {dagbag.py:487} INFO - Filling up the DagBag from /home/encrypted/abaceti/.virtualenvs/pumpwood-airflow-images/lib/python3.6/site-packages/airflow/example_dags/example_kubernetes_executor_config.py
[2021-06-07 18:41:50,765] {scheduler_job.py:643} INFO - DAG(s) dict_keys(['example_kubernetes_executor_config']) retrieved from /home/encrypted/abaceti/.virtualenvs/pumpwood-airflow-images/lib/python3.6/site-packages/airflow/example_dags/example_kubernetes_executor_config.py
[2021-06-07 18:41:50,781] {logging_mixin.py:104} INFO - [2021-06-07 18:41:50,781] {dag.py:1832} INFO - Sync 1 DAGs
[2021-06-07 18:41:50,789] {logging_mixin.py:104} INFO - [2021-06-07 18:41:50,789] {dag.py:2305} INFO - Setting next_dagrun for example_kubernetes_executor_config to None
[2021-06-07 18:41:50,794] {scheduler_job.py:190} INFO - Processing /home/encrypted/abaceti/.virtualenvs/pumpwood-airflow-images/lib/python3.6/site-packages/airflow/example_dags/example_kubernetes_executor_config.py took 0.038 seconds
[2021-06-07 18:42:20,906] {scheduler_job.py:182} INFO - Started process (PID=6557) to work on /home/encrypted/abaceti/.virtualenvs/pumpwood-airflow-images/lib/python3.6/site-packages/airflow/example_dags/example_kubernetes_executor_config.py
[2021-06-07 18:42:20,907] {scheduler_job.py:633} INFO - Processing file /home/encrypted/abaceti/.virtualenvs/pumpwood-airflow-images/lib/python3.6/site-packages/airflow/example_dags/example_kubernetes_executor_config.py for tasks to queue
[2021-06-07 18:42:20,907] {logging_mixin.py:104} INFO - [2021-06-07 18:42:20,907] {dagbag.py:487} INFO - Filling up the DagBag from /home/encrypted/abaceti/.virtualenvs/pumpwood-airflow-images/lib/python3.6/site-packages/airflow/example_dags/example_kubernetes_executor_config.py
[2021-06-07 18:42:20,914] {scheduler_job.py:643} INFO - DAG(s) dict_keys(['example_kubernetes_executor_config']) retrieved from /home/encrypted/abaceti/.virtualenvs/pumpwood-airflow-images/lib/python3.6/site-packages/airflow/example_dags/example_kubernetes_executor_config.py
[2021-06-07 18:42:20,930] {logging_mixin.py:104} INFO - [2021-06-07 18:42:20,930] {dag.py:1832} INFO - Sync 1 DAGs
[2021-06-07 18:42:20,938] {logging_mixin.py:104} INFO - [2021-06-07 18:42:20,938] {dag.py:2305} INFO - Setting next_dagrun for example_kubernetes_executor_config to None
[2021-06-07 18:42:20,943] {scheduler_job.py:190} INFO - Processing /home/encrypted/abaceti/.virtualenvs/pumpwood-airflow-images/lib/python3.6/site-packages/airflow/example_dags/example_kubernetes_executor_config.py took 0.038 seconds
[2021-06-07 18:42:50,976] {scheduler_job.py:182} INFO - Started process (PID=6729) to work on /home/encrypted/abaceti/.virtualenvs/pumpwood-airflow-images/lib/python3.6/site-packages/airflow/example_dags/example_kubernetes_executor_config.py
[2021-06-07 18:42:50,976] {scheduler_job.py:633} INFO - Processing file /home/encrypted/abaceti/.virtualenvs/pumpwood-airflow-images/lib/python3.6/site-packages/airflow/example_dags/example_kubernetes_executor_config.py for tasks to queue
[2021-06-07 18:42:50,976] {logging_mixin.py:104} INFO - [2021-06-07 18:42:50,976] {dagbag.py:487} INFO - Filling up the DagBag from /home/encrypted/abaceti/.virtualenvs/pumpwood-airflow-images/lib/python3.6/site-packages/airflow/example_dags/example_kubernetes_executor_config.py
[2021-06-07 18:42:50,983] {scheduler_job.py:643} INFO - DAG(s) dict_keys(['example_kubernetes_executor_config']) retrieved from /home/encrypted/abaceti/.virtualenvs/pumpwood-airflow-images/lib/python3.6/site-packages/airflow/example_dags/example_kubernetes_executor_config.py
[2021-06-07 18:42:50,999] {logging_mixin.py:104} INFO - [2021-06-07 18:42:50,999] {dag.py:1832} INFO - Sync 1 DAGs
[2021-06-07 18:42:51,008] {logging_mixin.py:104} INFO - [2021-06-07 18:42:51,008] {dag.py:2305} INFO - Setting next_dagrun for example_kubernetes_executor_config to None
[2021-06-07 18:42:51,013] {scheduler_job.py:190} INFO - Processing /home/encrypted/abaceti/.virtualenvs/pumpwood-airflow-images/lib/python3.6/site-packages/airflow/example_dags/example_kubernetes_executor_config.py took 0.040 seconds
[2021-06-07 18:43:22,054] {scheduler_job.py:182} INFO - Started process (PID=6988) to work on /home/encrypted/abaceti/.virtualenvs/pumpwood-airflow-images/lib/python3.6/site-packages/airflow/example_dags/example_kubernetes_executor_config.py
[2021-06-07 18:43:22,054] {scheduler_job.py:633} INFO - Processing file /home/encrypted/abaceti/.virtualenvs/pumpwood-airflow-images/lib/python3.6/site-packages/airflow/example_dags/example_kubernetes_executor_config.py for tasks to queue
[2021-06-07 18:43:22,054] {logging_mixin.py:104} INFO - [2021-06-07 18:43:22,054] {dagbag.py:487} INFO - Filling up the DagBag from /home/encrypted/abaceti/.virtualenvs/pumpwood-airflow-images/lib/python3.6/site-packages/airflow/example_dags/example_kubernetes_executor_config.py
[2021-06-07 18:43:22,061] {scheduler_job.py:643} INFO - DAG(s) dict_keys(['example_kubernetes_executor_config']) retrieved from /home/encrypted/abaceti/.virtualenvs/pumpwood-airflow-images/lib/python3.6/site-packages/airflow/example_dags/example_kubernetes_executor_config.py
[2021-06-07 18:43:22,076] {logging_mixin.py:104} INFO - [2021-06-07 18:43:22,076] {dag.py:1832} INFO - Sync 1 DAGs
[2021-06-07 18:43:22,084] {logging_mixin.py:104} INFO - [2021-06-07 18:43:22,084] {dag.py:2305} INFO - Setting next_dagrun for example_kubernetes_executor_config to None
[2021-06-07 18:43:22,090] {scheduler_job.py:190} INFO - Processing /home/encrypted/abaceti/.virtualenvs/pumpwood-airflow-images/lib/python3.6/site-packages/airflow/example_dags/example_kubernetes_executor_config.py took 0.038 seconds
[2021-06-07 18:43:52,170] {scheduler_job.py:182} INFO - Started process (PID=7239) to work on /home/encrypted/abaceti/.virtualenvs/pumpwood-airflow-images/lib/python3.6/site-packages/airflow/example_dags/example_kubernetes_executor_config.py
[2021-06-07 18:43:52,171] {scheduler_job.py:633} INFO - Processing file /home/encrypted/abaceti/.virtualenvs/pumpwood-airflow-images/lib/python3.6/site-packages/airflow/example_dags/example_kubernetes_executor_config.py for tasks to queue
[2021-06-07 18:43:52,171] {logging_mixin.py:104} INFO - [2021-06-07 18:43:52,171] {dagbag.py:487} INFO - Filling up the DagBag from /home/encrypted/abaceti/.virtualenvs/pumpwood-airflow-images/lib/python3.6/site-packages/airflow/example_dags/example_kubernetes_executor_config.py
[2021-06-07 18:43:52,178] {scheduler_job.py:643} INFO - DAG(s) dict_keys(['example_kubernetes_executor_config']) retrieved from /home/encrypted/abaceti/.virtualenvs/pumpwood-airflow-images/lib/python3.6/site-packages/airflow/example_dags/example_kubernetes_executor_config.py
[2021-06-07 18:43:52,193] {logging_mixin.py:104} INFO - [2021-06-07 18:43:52,193] {dag.py:1832} INFO - Sync 1 DAGs
[2021-06-07 18:43:52,202] {logging_mixin.py:104} INFO - [2021-06-07 18:43:52,202] {dag.py:2305} INFO - Setting next_dagrun for example_kubernetes_executor_config to None
[2021-06-07 18:43:52,208] {scheduler_job.py:190} INFO - Processing /home/encrypted/abaceti/.virtualenvs/pumpwood-airflow-images/lib/python3.6/site-packages/airflow/example_dags/example_kubernetes_executor_config.py took 0.039 seconds
[2021-06-07 18:44:22,253] {scheduler_job.py:182} INFO - Started process (PID=7357) to work on /home/encrypted/abaceti/.virtualenvs/pumpwood-airflow-images/lib/python3.6/site-packages/airflow/example_dags/example_kubernetes_executor_config.py
[2021-06-07 18:44:22,254] {scheduler_job.py:633} INFO - Processing file /home/encrypted/abaceti/.virtualenvs/pumpwood-airflow-images/lib/python3.6/site-packages/airflow/example_dags/example_kubernetes_executor_config.py for tasks to queue
[2021-06-07 18:44:22,254] {logging_mixin.py:104} INFO - [2021-06-07 18:44:22,254] {dagbag.py:487} INFO - Filling up the DagBag from /home/encrypted/abaceti/.virtualenvs/pumpwood-airflow-images/lib/python3.6/site-packages/airflow/example_dags/example_kubernetes_executor_config.py
[2021-06-07 18:44:22,260] {scheduler_job.py:643} INFO - DAG(s) dict_keys(['example_kubernetes_executor_config']) retrieved from /home/encrypted/abaceti/.virtualenvs/pumpwood-airflow-images/lib/python3.6/site-packages/airflow/example_dags/example_kubernetes_executor_config.py
[2021-06-07 18:44:22,275] {logging_mixin.py:104} INFO - [2021-06-07 18:44:22,275] {dag.py:1832} INFO - Sync 1 DAGs
[2021-06-07 18:44:22,283] {logging_mixin.py:104} INFO - [2021-06-07 18:44:22,283] {dag.py:2305} INFO - Setting next_dagrun for example_kubernetes_executor_config to None
[2021-06-07 18:44:22,289] {scheduler_job.py:190} INFO - Processing /home/encrypted/abaceti/.virtualenvs/pumpwood-airflow-images/lib/python3.6/site-packages/airflow/example_dags/example_kubernetes_executor_config.py took 0.037 seconds
[2021-06-07 18:44:52,395] {scheduler_job.py:182} INFO - Started process (PID=7528) to work on /home/encrypted/abaceti/.virtualenvs/pumpwood-airflow-images/lib/python3.6/site-packages/airflow/example_dags/example_kubernetes_executor_config.py
[2021-06-07 18:44:52,396] {scheduler_job.py:633} INFO - Processing file /home/encrypted/abaceti/.virtualenvs/pumpwood-airflow-images/lib/python3.6/site-packages/airflow/example_dags/example_kubernetes_executor_config.py for tasks to queue
[2021-06-07 18:44:52,396] {logging_mixin.py:104} INFO - [2021-06-07 18:44:52,396] {dagbag.py:487} INFO - Filling up the DagBag from /home/encrypted/abaceti/.virtualenvs/pumpwood-airflow-images/lib/python3.6/site-packages/airflow/example_dags/example_kubernetes_executor_config.py
[2021-06-07 18:44:52,403] {scheduler_job.py:643} INFO - DAG(s) dict_keys(['example_kubernetes_executor_config']) retrieved from /home/encrypted/abaceti/.virtualenvs/pumpwood-airflow-images/lib/python3.6/site-packages/airflow/example_dags/example_kubernetes_executor_config.py
[2021-06-07 18:44:52,418] {logging_mixin.py:104} INFO - [2021-06-07 18:44:52,418] {dag.py:1832} INFO - Sync 1 DAGs
[2021-06-07 18:44:52,426] {logging_mixin.py:104} INFO - [2021-06-07 18:44:52,426] {dag.py:2305} INFO - Setting next_dagrun for example_kubernetes_executor_config to None
[2021-06-07 18:44:52,432] {scheduler_job.py:190} INFO - Processing /home/encrypted/abaceti/.virtualenvs/pumpwood-airflow-images/lib/python3.6/site-packages/airflow/example_dags/example_kubernetes_executor_config.py took 0.038 seconds
[2021-06-07 18:45:23,403] {scheduler_job.py:182} INFO - Started process (PID=7645) to work on /home/encrypted/abaceti/.virtualenvs/pumpwood-airflow-images/lib/python3.6/site-packages/airflow/example_dags/example_kubernetes_executor_config.py
[2021-06-07 18:45:23,403] {scheduler_job.py:633} INFO - Processing file /home/encrypted/abaceti/.virtualenvs/pumpwood-airflow-images/lib/python3.6/site-packages/airflow/example_dags/example_kubernetes_executor_config.py for tasks to queue
[2021-06-07 18:45:23,404] {logging_mixin.py:104} INFO - [2021-06-07 18:45:23,404] {dagbag.py:487} INFO - Filling up the DagBag from /home/encrypted/abaceti/.virtualenvs/pumpwood-airflow-images/lib/python3.6/site-packages/airflow/example_dags/example_kubernetes_executor_config.py
[2021-06-07 18:45:23,410] {scheduler_job.py:643} INFO - DAG(s) dict_keys(['example_kubernetes_executor_config']) retrieved from /home/encrypted/abaceti/.virtualenvs/pumpwood-airflow-images/lib/python3.6/site-packages/airflow/example_dags/example_kubernetes_executor_config.py
[2021-06-07 18:45:23,427] {logging_mixin.py:104} INFO - [2021-06-07 18:45:23,427] {dag.py:1832} INFO - Sync 1 DAGs
[2021-06-07 18:45:23,435] {logging_mixin.py:104} INFO - [2021-06-07 18:45:23,435] {dag.py:2305} INFO - Setting next_dagrun for example_kubernetes_executor_config to None
[2021-06-07 18:45:23,441] {scheduler_job.py:190} INFO - Processing /home/encrypted/abaceti/.virtualenvs/pumpwood-airflow-images/lib/python3.6/site-packages/airflow/example_dags/example_kubernetes_executor_config.py took 0.039 seconds
[2021-06-07 18:45:53,490] {scheduler_job.py:182} INFO - Started process (PID=7813) to work on /home/encrypted/abaceti/.virtualenvs/pumpwood-airflow-images/lib/python3.6/site-packages/airflow/example_dags/example_kubernetes_executor_config.py
[2021-06-07 18:45:53,490] {scheduler_job.py:633} INFO - Processing file /home/encrypted/abaceti/.virtualenvs/pumpwood-airflow-images/lib/python3.6/site-packages/airflow/example_dags/example_kubernetes_executor_config.py for tasks to queue
[2021-06-07 18:45:53,490] {logging_mixin.py:104} INFO - [2021-06-07 18:45:53,490] {dagbag.py:487} INFO - Filling up the DagBag from /home/encrypted/abaceti/.virtualenvs/pumpwood-airflow-images/lib/python3.6/site-packages/airflow/example_dags/example_kubernetes_executor_config.py
[2021-06-07 18:45:53,497] {scheduler_job.py:643} INFO - DAG(s) dict_keys(['example_kubernetes_executor_config']) retrieved from /home/encrypted/abaceti/.virtualenvs/pumpwood-airflow-images/lib/python3.6/site-packages/airflow/example_dags/example_kubernetes_executor_config.py
[2021-06-07 18:45:53,512] {logging_mixin.py:104} INFO - [2021-06-07 18:45:53,512] {dag.py:1832} INFO - Sync 1 DAGs
[2021-06-07 18:45:53,519] {logging_mixin.py:104} INFO - [2021-06-07 18:45:53,519] {dag.py:2305} INFO - Setting next_dagrun for example_kubernetes_executor_config to None
[2021-06-07 18:45:53,525] {scheduler_job.py:190} INFO - Processing /home/encrypted/abaceti/.virtualenvs/pumpwood-airflow-images/lib/python3.6/site-packages/airflow/example_dags/example_kubernetes_executor_config.py took 0.036 seconds
[2021-06-07 18:46:23,599] {scheduler_job.py:182} INFO - Started process (PID=7931) to work on /home/encrypted/abaceti/.virtualenvs/pumpwood-airflow-images/lib/python3.6/site-packages/airflow/example_dags/example_kubernetes_executor_config.py
[2021-06-07 18:46:23,600] {scheduler_job.py:633} INFO - Processing file /home/encrypted/abaceti/.virtualenvs/pumpwood-airflow-images/lib/python3.6/site-packages/airflow/example_dags/example_kubernetes_executor_config.py for tasks to queue
[2021-06-07 18:46:23,600] {logging_mixin.py:104} INFO - [2021-06-07 18:46:23,600] {dagbag.py:487} INFO - Filling up the DagBag from /home/encrypted/abaceti/.virtualenvs/pumpwood-airflow-images/lib/python3.6/site-packages/airflow/example_dags/example_kubernetes_executor_config.py
[2021-06-07 18:46:23,606] {scheduler_job.py:643} INFO - DAG(s) dict_keys(['example_kubernetes_executor_config']) retrieved from /home/encrypted/abaceti/.virtualenvs/pumpwood-airflow-images/lib/python3.6/site-packages/airflow/example_dags/example_kubernetes_executor_config.py
[2021-06-07 18:46:23,620] {logging_mixin.py:104} INFO - [2021-06-07 18:46:23,620] {dag.py:1832} INFO - Sync 1 DAGs
[2021-06-07 18:46:23,628] {logging_mixin.py:104} INFO - [2021-06-07 18:46:23,628] {dag.py:2305} INFO - Setting next_dagrun for example_kubernetes_executor_config to None
[2021-06-07 18:46:23,633] {scheduler_job.py:190} INFO - Processing /home/encrypted/abaceti/.virtualenvs/pumpwood-airflow-images/lib/python3.6/site-packages/airflow/example_dags/example_kubernetes_executor_config.py took 0.036 seconds
[2021-06-07 18:46:53,751] {scheduler_job.py:182} INFO - Started process (PID=8119) to work on /home/encrypted/abaceti/.virtualenvs/pumpwood-airflow-images/lib/python3.6/site-packages/airflow/example_dags/example_kubernetes_executor_config.py
[2021-06-07 18:46:53,751] {scheduler_job.py:633} INFO - Processing file /home/encrypted/abaceti/.virtualenvs/pumpwood-airflow-images/lib/python3.6/site-packages/airflow/example_dags/example_kubernetes_executor_config.py for tasks to queue
[2021-06-07 18:46:53,752] {logging_mixin.py:104} INFO - [2021-06-07 18:46:53,752] {dagbag.py:487} INFO - Filling up the DagBag from /home/encrypted/abaceti/.virtualenvs/pumpwood-airflow-images/lib/python3.6/site-packages/airflow/example_dags/example_kubernetes_executor_config.py
[2021-06-07 18:46:53,761] {scheduler_job.py:643} INFO - DAG(s) dict_keys(['example_kubernetes_executor_config']) retrieved from /home/encrypted/abaceti/.virtualenvs/pumpwood-airflow-images/lib/python3.6/site-packages/airflow/example_dags/example_kubernetes_executor_config.py
[2021-06-07 18:46:53,775] {logging_mixin.py:104} INFO - [2021-06-07 18:46:53,775] {dag.py:1832} INFO - Sync 1 DAGs
[2021-06-07 18:46:53,783] {logging_mixin.py:104} INFO - [2021-06-07 18:46:53,783] {dag.py:2305} INFO - Setting next_dagrun for example_kubernetes_executor_config to None
[2021-06-07 18:46:53,788] {scheduler_job.py:190} INFO - Processing /home/encrypted/abaceti/.virtualenvs/pumpwood-airflow-images/lib/python3.6/site-packages/airflow/example_dags/example_kubernetes_executor_config.py took 0.039 seconds
[2021-06-07 18:47:23,945] {scheduler_job.py:182} INFO - Started process (PID=8255) to work on /home/encrypted/abaceti/.virtualenvs/pumpwood-airflow-images/lib/python3.6/site-packages/airflow/example_dags/example_kubernetes_executor_config.py
[2021-06-07 18:47:23,946] {scheduler_job.py:633} INFO - Processing file /home/encrypted/abaceti/.virtualenvs/pumpwood-airflow-images/lib/python3.6/site-packages/airflow/example_dags/example_kubernetes_executor_config.py for tasks to queue
[2021-06-07 18:47:23,946] {logging_mixin.py:104} INFO - [2021-06-07 18:47:23,946] {dagbag.py:487} INFO - Filling up the DagBag from /home/encrypted/abaceti/.virtualenvs/pumpwood-airflow-images/lib/python3.6/site-packages/airflow/example_dags/example_kubernetes_executor_config.py
[2021-06-07 18:47:23,953] {scheduler_job.py:643} INFO - DAG(s) dict_keys(['example_kubernetes_executor_config']) retrieved from /home/encrypted/abaceti/.virtualenvs/pumpwood-airflow-images/lib/python3.6/site-packages/airflow/example_dags/example_kubernetes_executor_config.py
[2021-06-07 18:47:23,971] {logging_mixin.py:104} INFO - [2021-06-07 18:47:23,971] {dag.py:1832} INFO - Sync 1 DAGs
[2021-06-07 18:47:23,980] {logging_mixin.py:104} INFO - [2021-06-07 18:47:23,980] {dag.py:2305} INFO - Setting next_dagrun for example_kubernetes_executor_config to None
[2021-06-07 18:47:23,985] {scheduler_job.py:190} INFO - Processing /home/encrypted/abaceti/.virtualenvs/pumpwood-airflow-images/lib/python3.6/site-packages/airflow/example_dags/example_kubernetes_executor_config.py took 0.041 seconds
[2021-06-07 18:47:54,138] {scheduler_job.py:182} INFO - Started process (PID=8477) to work on /home/encrypted/abaceti/.virtualenvs/pumpwood-airflow-images/lib/python3.6/site-packages/airflow/example_dags/example_kubernetes_executor_config.py
[2021-06-07 18:47:54,139] {scheduler_job.py:633} INFO - Processing file /home/encrypted/abaceti/.virtualenvs/pumpwood-airflow-images/lib/python3.6/site-packages/airflow/example_dags/example_kubernetes_executor_config.py for tasks to queue
[2021-06-07 18:47:54,139] {logging_mixin.py:104} INFO - [2021-06-07 18:47:54,139] {dagbag.py:487} INFO - Filling up the DagBag from /home/encrypted/abaceti/.virtualenvs/pumpwood-airflow-images/lib/python3.6/site-packages/airflow/example_dags/example_kubernetes_executor_config.py
[2021-06-07 18:47:54,146] {scheduler_job.py:643} INFO - DAG(s) dict_keys(['example_kubernetes_executor_config']) retrieved from /home/encrypted/abaceti/.virtualenvs/pumpwood-airflow-images/lib/python3.6/site-packages/airflow/example_dags/example_kubernetes_executor_config.py
[2021-06-07 18:47:54,161] {logging_mixin.py:104} INFO - [2021-06-07 18:47:54,161] {dag.py:1832} INFO - Sync 1 DAGs
[2021-06-07 18:47:54,169] {logging_mixin.py:104} INFO - [2021-06-07 18:47:54,169] {dag.py:2305} INFO - Setting next_dagrun for example_kubernetes_executor_config to None
[2021-06-07 18:47:54,174] {scheduler_job.py:190} INFO - Processing /home/encrypted/abaceti/.virtualenvs/pumpwood-airflow-images/lib/python3.6/site-packages/airflow/example_dags/example_kubernetes_executor_config.py took 0.038 seconds
[2021-06-07 18:48:24,342] {scheduler_job.py:182} INFO - Started process (PID=8693) to work on /home/encrypted/abaceti/.virtualenvs/pumpwood-airflow-images/lib/python3.6/site-packages/airflow/example_dags/example_kubernetes_executor_config.py
[2021-06-07 18:48:24,343] {scheduler_job.py:633} INFO - Processing file /home/encrypted/abaceti/.virtualenvs/pumpwood-airflow-images/lib/python3.6/site-packages/airflow/example_dags/example_kubernetes_executor_config.py for tasks to queue
[2021-06-07 18:48:24,343] {logging_mixin.py:104} INFO - [2021-06-07 18:48:24,343] {dagbag.py:487} INFO - Filling up the DagBag from /home/encrypted/abaceti/.virtualenvs/pumpwood-airflow-images/lib/python3.6/site-packages/airflow/example_dags/example_kubernetes_executor_config.py
[2021-06-07 18:48:24,349] {scheduler_job.py:643} INFO - DAG(s) dict_keys(['example_kubernetes_executor_config']) retrieved from /home/encrypted/abaceti/.virtualenvs/pumpwood-airflow-images/lib/python3.6/site-packages/airflow/example_dags/example_kubernetes_executor_config.py
[2021-06-07 18:48:24,368] {logging_mixin.py:104} INFO - [2021-06-07 18:48:24,368] {dag.py:1832} INFO - Sync 1 DAGs
[2021-06-07 18:48:24,379] {logging_mixin.py:104} INFO - [2021-06-07 18:48:24,379] {dag.py:2305} INFO - Setting next_dagrun for example_kubernetes_executor_config to None
[2021-06-07 18:48:24,384] {scheduler_job.py:190} INFO - Processing /home/encrypted/abaceti/.virtualenvs/pumpwood-airflow-images/lib/python3.6/site-packages/airflow/example_dags/example_kubernetes_executor_config.py took 0.043 seconds
[2021-06-07 18:48:49,602] {scheduler_job.py:182} INFO - Started process (PID=8886) to work on /home/encrypted/abaceti/.virtualenvs/pumpwood-airflow-images/lib/python3.6/site-packages/airflow/example_dags/example_kubernetes_executor_config.py
[2021-06-07 18:48:49,602] {scheduler_job.py:633} INFO - Processing file /home/encrypted/abaceti/.virtualenvs/pumpwood-airflow-images/lib/python3.6/site-packages/airflow/example_dags/example_kubernetes_executor_config.py for tasks to queue
[2021-06-07 18:48:49,603] {logging_mixin.py:104} INFO - [2021-06-07 18:48:49,603] {dagbag.py:487} INFO - Filling up the DagBag from /home/encrypted/abaceti/.virtualenvs/pumpwood-airflow-images/lib/python3.6/site-packages/airflow/example_dags/example_kubernetes_executor_config.py
[2021-06-07 18:48:49,610] {scheduler_job.py:643} INFO - DAG(s) dict_keys(['example_kubernetes_executor_config']) retrieved from /home/encrypted/abaceti/.virtualenvs/pumpwood-airflow-images/lib/python3.6/site-packages/airflow/example_dags/example_kubernetes_executor_config.py
[2021-06-07 18:48:49,625] {logging_mixin.py:104} INFO - [2021-06-07 18:48:49,625] {dag.py:1832} INFO - Sync 1 DAGs
[2021-06-07 18:48:49,632] {logging_mixin.py:104} INFO - [2021-06-07 18:48:49,632] {dag.py:2305} INFO - Setting next_dagrun for example_kubernetes_executor_config to None
[2021-06-07 18:48:49,637] {scheduler_job.py:190} INFO - Processing /home/encrypted/abaceti/.virtualenvs/pumpwood-airflow-images/lib/python3.6/site-packages/airflow/example_dags/example_kubernetes_executor_config.py took 0.037 seconds
[2021-06-07 18:49:20,655] {scheduler_job.py:182} INFO - Started process (PID=9010) to work on /home/encrypted/abaceti/.virtualenvs/pumpwood-airflow-images/lib/python3.6/site-packages/airflow/example_dags/example_kubernetes_executor_config.py
[2021-06-07 18:49:20,655] {scheduler_job.py:633} INFO - Processing file /home/encrypted/abaceti/.virtualenvs/pumpwood-airflow-images/lib/python3.6/site-packages/airflow/example_dags/example_kubernetes_executor_config.py for tasks to queue
[2021-06-07 18:49:20,655] {logging_mixin.py:104} INFO - [2021-06-07 18:49:20,655] {dagbag.py:487} INFO - Filling up the DagBag from /home/encrypted/abaceti/.virtualenvs/pumpwood-airflow-images/lib/python3.6/site-packages/airflow/example_dags/example_kubernetes_executor_config.py
[2021-06-07 18:49:20,661] {scheduler_job.py:643} INFO - DAG(s) dict_keys(['example_kubernetes_executor_config']) retrieved from /home/encrypted/abaceti/.virtualenvs/pumpwood-airflow-images/lib/python3.6/site-packages/airflow/example_dags/example_kubernetes_executor_config.py
[2021-06-07 18:49:20,677] {logging_mixin.py:104} INFO - [2021-06-07 18:49:20,677] {dag.py:1832} INFO - Sync 1 DAGs
[2021-06-07 18:49:20,684] {logging_mixin.py:104} INFO - [2021-06-07 18:49:20,684] {dag.py:2305} INFO - Setting next_dagrun for example_kubernetes_executor_config to None
[2021-06-07 18:49:20,690] {scheduler_job.py:190} INFO - Processing /home/encrypted/abaceti/.virtualenvs/pumpwood-airflow-images/lib/python3.6/site-packages/airflow/example_dags/example_kubernetes_executor_config.py took 0.037 seconds
[2021-06-07 18:49:50,955] {scheduler_job.py:182} INFO - Started process (PID=9190) to work on /home/encrypted/abaceti/.virtualenvs/pumpwood-airflow-images/lib/python3.6/site-packages/airflow/example_dags/example_kubernetes_executor_config.py
[2021-06-07 18:49:50,955] {scheduler_job.py:633} INFO - Processing file /home/encrypted/abaceti/.virtualenvs/pumpwood-airflow-images/lib/python3.6/site-packages/airflow/example_dags/example_kubernetes_executor_config.py for tasks to queue
[2021-06-07 18:49:50,955] {logging_mixin.py:104} INFO - [2021-06-07 18:49:50,955] {dagbag.py:487} INFO - Filling up the DagBag from /home/encrypted/abaceti/.virtualenvs/pumpwood-airflow-images/lib/python3.6/site-packages/airflow/example_dags/example_kubernetes_executor_config.py
[2021-06-07 18:49:50,962] {scheduler_job.py:643} INFO - DAG(s) dict_keys(['example_kubernetes_executor_config']) retrieved from /home/encrypted/abaceti/.virtualenvs/pumpwood-airflow-images/lib/python3.6/site-packages/airflow/example_dags/example_kubernetes_executor_config.py
[2021-06-07 18:49:50,979] {logging_mixin.py:104} INFO - [2021-06-07 18:49:50,979] {dag.py:1832} INFO - Sync 1 DAGs
[2021-06-07 18:49:50,987] {logging_mixin.py:104} INFO - [2021-06-07 18:49:50,987] {dag.py:2305} INFO - Setting next_dagrun for example_kubernetes_executor_config to None
[2021-06-07 18:49:50,992] {scheduler_job.py:190} INFO - Processing /home/encrypted/abaceti/.virtualenvs/pumpwood-airflow-images/lib/python3.6/site-packages/airflow/example_dags/example_kubernetes_executor_config.py took 0.039 seconds
[2021-06-07 18:50:21,141] {scheduler_job.py:182} INFO - Started process (PID=9425) to work on /home/encrypted/abaceti/.virtualenvs/pumpwood-airflow-images/lib/python3.6/site-packages/airflow/example_dags/example_kubernetes_executor_config.py
[2021-06-07 18:50:21,142] {scheduler_job.py:633} INFO - Processing file /home/encrypted/abaceti/.virtualenvs/pumpwood-airflow-images/lib/python3.6/site-packages/airflow/example_dags/example_kubernetes_executor_config.py for tasks to queue
[2021-06-07 18:50:21,142] {logging_mixin.py:104} INFO - [2021-06-07 18:50:21,142] {dagbag.py:487} INFO - Filling up the DagBag from /home/encrypted/abaceti/.virtualenvs/pumpwood-airflow-images/lib/python3.6/site-packages/airflow/example_dags/example_kubernetes_executor_config.py
[2021-06-07 18:50:21,149] {scheduler_job.py:643} INFO - DAG(s) dict_keys(['example_kubernetes_executor_config']) retrieved from /home/encrypted/abaceti/.virtualenvs/pumpwood-airflow-images/lib/python3.6/site-packages/airflow/example_dags/example_kubernetes_executor_config.py
[2021-06-07 18:50:21,163] {logging_mixin.py:104} INFO - [2021-06-07 18:50:21,163] {dag.py:1832} INFO - Sync 1 DAGs
[2021-06-07 18:50:21,171] {logging_mixin.py:104} INFO - [2021-06-07 18:50:21,171] {dag.py:2305} INFO - Setting next_dagrun for example_kubernetes_executor_config to None
[2021-06-07 18:50:21,176] {scheduler_job.py:190} INFO - Processing /home/encrypted/abaceti/.virtualenvs/pumpwood-airflow-images/lib/python3.6/site-packages/airflow/example_dags/example_kubernetes_executor_config.py took 0.036 seconds
[2021-06-07 18:50:51,425] {scheduler_job.py:182} INFO - Started process (PID=9587) to work on /home/encrypted/abaceti/.virtualenvs/pumpwood-airflow-images/lib/python3.6/site-packages/airflow/example_dags/example_kubernetes_executor_config.py
[2021-06-07 18:50:51,425] {scheduler_job.py:633} INFO - Processing file /home/encrypted/abaceti/.virtualenvs/pumpwood-airflow-images/lib/python3.6/site-packages/airflow/example_dags/example_kubernetes_executor_config.py for tasks to queue
[2021-06-07 18:50:51,426] {logging_mixin.py:104} INFO - [2021-06-07 18:50:51,425] {dagbag.py:487} INFO - Filling up the DagBag from /home/encrypted/abaceti/.virtualenvs/pumpwood-airflow-images/lib/python3.6/site-packages/airflow/example_dags/example_kubernetes_executor_config.py
[2021-06-07 18:50:51,433] {scheduler_job.py:643} INFO - DAG(s) dict_keys(['example_kubernetes_executor_config']) retrieved from /home/encrypted/abaceti/.virtualenvs/pumpwood-airflow-images/lib/python3.6/site-packages/airflow/example_dags/example_kubernetes_executor_config.py
[2021-06-07 18:50:51,449] {logging_mixin.py:104} INFO - [2021-06-07 18:50:51,449] {dag.py:1832} INFO - Sync 1 DAGs
[2021-06-07 18:50:51,459] {logging_mixin.py:104} INFO - [2021-06-07 18:50:51,459] {dag.py:2305} INFO - Setting next_dagrun for example_kubernetes_executor_config to None
[2021-06-07 18:50:51,466] {scheduler_job.py:190} INFO - Processing /home/encrypted/abaceti/.virtualenvs/pumpwood-airflow-images/lib/python3.6/site-packages/airflow/example_dags/example_kubernetes_executor_config.py took 0.043 seconds
[2021-06-07 18:51:21,495] {scheduler_job.py:182} INFO - Started process (PID=9701) to work on /home/encrypted/abaceti/.virtualenvs/pumpwood-airflow-images/lib/python3.6/site-packages/airflow/example_dags/example_kubernetes_executor_config.py
[2021-06-07 18:51:21,496] {scheduler_job.py:633} INFO - Processing file /home/encrypted/abaceti/.virtualenvs/pumpwood-airflow-images/lib/python3.6/site-packages/airflow/example_dags/example_kubernetes_executor_config.py for tasks to queue
[2021-06-07 18:51:21,496] {logging_mixin.py:104} INFO - [2021-06-07 18:51:21,496] {dagbag.py:487} INFO - Filling up the DagBag from /home/encrypted/abaceti/.virtualenvs/pumpwood-airflow-images/lib/python3.6/site-packages/airflow/example_dags/example_kubernetes_executor_config.py
[2021-06-07 18:51:21,502] {scheduler_job.py:643} INFO - DAG(s) dict_keys(['example_kubernetes_executor_config']) retrieved from /home/encrypted/abaceti/.virtualenvs/pumpwood-airflow-images/lib/python3.6/site-packages/airflow/example_dags/example_kubernetes_executor_config.py
[2021-06-07 18:51:21,517] {logging_mixin.py:104} INFO - [2021-06-07 18:51:21,517] {dag.py:1832} INFO - Sync 1 DAGs
[2021-06-07 18:51:21,525] {logging_mixin.py:104} INFO - [2021-06-07 18:51:21,525] {dag.py:2305} INFO - Setting next_dagrun for example_kubernetes_executor_config to None
[2021-06-07 18:51:21,532] {scheduler_job.py:190} INFO - Processing /home/encrypted/abaceti/.virtualenvs/pumpwood-airflow-images/lib/python3.6/site-packages/airflow/example_dags/example_kubernetes_executor_config.py took 0.038 seconds
[2021-06-07 18:51:51,658] {scheduler_job.py:182} INFO - Started process (PID=9867) to work on /home/encrypted/abaceti/.virtualenvs/pumpwood-airflow-images/lib/python3.6/site-packages/airflow/example_dags/example_kubernetes_executor_config.py
[2021-06-07 18:51:51,659] {scheduler_job.py:633} INFO - Processing file /home/encrypted/abaceti/.virtualenvs/pumpwood-airflow-images/lib/python3.6/site-packages/airflow/example_dags/example_kubernetes_executor_config.py for tasks to queue
[2021-06-07 18:51:51,659] {logging_mixin.py:104} INFO - [2021-06-07 18:51:51,659] {dagbag.py:487} INFO - Filling up the DagBag from /home/encrypted/abaceti/.virtualenvs/pumpwood-airflow-images/lib/python3.6/site-packages/airflow/example_dags/example_kubernetes_executor_config.py
[2021-06-07 18:51:51,667] {scheduler_job.py:643} INFO - DAG(s) dict_keys(['example_kubernetes_executor_config']) retrieved from /home/encrypted/abaceti/.virtualenvs/pumpwood-airflow-images/lib/python3.6/site-packages/airflow/example_dags/example_kubernetes_executor_config.py
[2021-06-07 18:51:51,682] {logging_mixin.py:104} INFO - [2021-06-07 18:51:51,681] {dag.py:1832} INFO - Sync 1 DAGs
[2021-06-07 18:51:51,689] {logging_mixin.py:104} INFO - [2021-06-07 18:51:51,689] {dag.py:2305} INFO - Setting next_dagrun for example_kubernetes_executor_config to None
[2021-06-07 18:51:51,695] {scheduler_job.py:190} INFO - Processing /home/encrypted/abaceti/.virtualenvs/pumpwood-airflow-images/lib/python3.6/site-packages/airflow/example_dags/example_kubernetes_executor_config.py took 0.038 seconds
[2021-06-07 18:52:21,901] {scheduler_job.py:182} INFO - Started process (PID=9985) to work on /home/encrypted/abaceti/.virtualenvs/pumpwood-airflow-images/lib/python3.6/site-packages/airflow/example_dags/example_kubernetes_executor_config.py
[2021-06-07 18:52:21,901] {scheduler_job.py:633} INFO - Processing file /home/encrypted/abaceti/.virtualenvs/pumpwood-airflow-images/lib/python3.6/site-packages/airflow/example_dags/example_kubernetes_executor_config.py for tasks to queue
[2021-06-07 18:52:21,902] {logging_mixin.py:104} INFO - [2021-06-07 18:52:21,902] {dagbag.py:487} INFO - Filling up the DagBag from /home/encrypted/abaceti/.virtualenvs/pumpwood-airflow-images/lib/python3.6/site-packages/airflow/example_dags/example_kubernetes_executor_config.py
[2021-06-07 18:52:21,908] {scheduler_job.py:643} INFO - DAG(s) dict_keys(['example_kubernetes_executor_config']) retrieved from /home/encrypted/abaceti/.virtualenvs/pumpwood-airflow-images/lib/python3.6/site-packages/airflow/example_dags/example_kubernetes_executor_config.py
[2021-06-07 18:52:21,922] {logging_mixin.py:104} INFO - [2021-06-07 18:52:21,922] {dag.py:1832} INFO - Sync 1 DAGs
[2021-06-07 18:52:21,931] {logging_mixin.py:104} INFO - [2021-06-07 18:52:21,931] {dag.py:2305} INFO - Setting next_dagrun for example_kubernetes_executor_config to None
[2021-06-07 18:52:21,936] {scheduler_job.py:190} INFO - Processing /home/encrypted/abaceti/.virtualenvs/pumpwood-airflow-images/lib/python3.6/site-packages/airflow/example_dags/example_kubernetes_executor_config.py took 0.037 seconds
[2021-06-07 18:52:53,110] {scheduler_job.py:182} INFO - Started process (PID=10799) to work on /home/encrypted/abaceti/.virtualenvs/pumpwood-airflow-images/lib/python3.6/site-packages/airflow/example_dags/example_kubernetes_executor_config.py
[2021-06-07 18:52:53,111] {scheduler_job.py:633} INFO - Processing file /home/encrypted/abaceti/.virtualenvs/pumpwood-airflow-images/lib/python3.6/site-packages/airflow/example_dags/example_kubernetes_executor_config.py for tasks to queue
[2021-06-07 18:52:53,111] {logging_mixin.py:104} INFO - [2021-06-07 18:52:53,111] {dagbag.py:487} INFO - Filling up the DagBag from /home/encrypted/abaceti/.virtualenvs/pumpwood-airflow-images/lib/python3.6/site-packages/airflow/example_dags/example_kubernetes_executor_config.py
[2021-06-07 18:52:53,118] {scheduler_job.py:643} INFO - DAG(s) dict_keys(['example_kubernetes_executor_config']) retrieved from /home/encrypted/abaceti/.virtualenvs/pumpwood-airflow-images/lib/python3.6/site-packages/airflow/example_dags/example_kubernetes_executor_config.py
[2021-06-07 18:52:53,132] {logging_mixin.py:104} INFO - [2021-06-07 18:52:53,132] {dag.py:1832} INFO - Sync 1 DAGs
[2021-06-07 18:52:53,141] {logging_mixin.py:104} INFO - [2021-06-07 18:52:53,141] {dag.py:2305} INFO - Setting next_dagrun for example_kubernetes_executor_config to None
[2021-06-07 18:52:53,145] {scheduler_job.py:190} INFO - Processing /home/encrypted/abaceti/.virtualenvs/pumpwood-airflow-images/lib/python3.6/site-packages/airflow/example_dags/example_kubernetes_executor_config.py took 0.036 seconds
[2021-06-07 18:53:23,289] {scheduler_job.py:182} INFO - Started process (PID=11122) to work on /home/encrypted/abaceti/.virtualenvs/pumpwood-airflow-images/lib/python3.6/site-packages/airflow/example_dags/example_kubernetes_executor_config.py
[2021-06-07 18:53:23,290] {scheduler_job.py:633} INFO - Processing file /home/encrypted/abaceti/.virtualenvs/pumpwood-airflow-images/lib/python3.6/site-packages/airflow/example_dags/example_kubernetes_executor_config.py for tasks to queue
[2021-06-07 18:53:23,290] {logging_mixin.py:104} INFO - [2021-06-07 18:53:23,290] {dagbag.py:487} INFO - Filling up the DagBag from /home/encrypted/abaceti/.virtualenvs/pumpwood-airflow-images/lib/python3.6/site-packages/airflow/example_dags/example_kubernetes_executor_config.py
[2021-06-07 18:53:23,296] {scheduler_job.py:643} INFO - DAG(s) dict_keys(['example_kubernetes_executor_config']) retrieved from /home/encrypted/abaceti/.virtualenvs/pumpwood-airflow-images/lib/python3.6/site-packages/airflow/example_dags/example_kubernetes_executor_config.py
[2021-06-07 18:53:23,313] {logging_mixin.py:104} INFO - [2021-06-07 18:53:23,313] {dag.py:1832} INFO - Sync 1 DAGs
[2021-06-07 18:53:23,322] {logging_mixin.py:104} INFO - [2021-06-07 18:53:23,322] {dag.py:2305} INFO - Setting next_dagrun for example_kubernetes_executor_config to None
[2021-06-07 18:53:23,328] {scheduler_job.py:190} INFO - Processing /home/encrypted/abaceti/.virtualenvs/pumpwood-airflow-images/lib/python3.6/site-packages/airflow/example_dags/example_kubernetes_executor_config.py took 0.041 seconds
[2021-06-07 18:53:53,485] {scheduler_job.py:182} INFO - Started process (PID=11508) to work on /home/encrypted/abaceti/.virtualenvs/pumpwood-airflow-images/lib/python3.6/site-packages/airflow/example_dags/example_kubernetes_executor_config.py
[2021-06-07 18:53:53,486] {scheduler_job.py:633} INFO - Processing file /home/encrypted/abaceti/.virtualenvs/pumpwood-airflow-images/lib/python3.6/site-packages/airflow/example_dags/example_kubernetes_executor_config.py for tasks to queue
[2021-06-07 18:53:53,486] {logging_mixin.py:104} INFO - [2021-06-07 18:53:53,486] {dagbag.py:487} INFO - Filling up the DagBag from /home/encrypted/abaceti/.virtualenvs/pumpwood-airflow-images/lib/python3.6/site-packages/airflow/example_dags/example_kubernetes_executor_config.py
[2021-06-07 18:53:53,493] {scheduler_job.py:643} INFO - DAG(s) dict_keys(['example_kubernetes_executor_config']) retrieved from /home/encrypted/abaceti/.virtualenvs/pumpwood-airflow-images/lib/python3.6/site-packages/airflow/example_dags/example_kubernetes_executor_config.py
[2021-06-07 18:53:53,509] {logging_mixin.py:104} INFO - [2021-06-07 18:53:53,509] {dag.py:1832} INFO - Sync 1 DAGs
[2021-06-07 18:53:53,517] {logging_mixin.py:104} INFO - [2021-06-07 18:53:53,517] {dag.py:2305} INFO - Setting next_dagrun for example_kubernetes_executor_config to None
[2021-06-07 18:53:53,522] {scheduler_job.py:190} INFO - Processing /home/encrypted/abaceti/.virtualenvs/pumpwood-airflow-images/lib/python3.6/site-packages/airflow/example_dags/example_kubernetes_executor_config.py took 0.038 seconds
[2021-06-07 18:54:24,667] {scheduler_job.py:182} INFO - Started process (PID=11921) to work on /home/encrypted/abaceti/.virtualenvs/pumpwood-airflow-images/lib/python3.6/site-packages/airflow/example_dags/example_kubernetes_executor_config.py
[2021-06-07 18:54:24,668] {scheduler_job.py:633} INFO - Processing file /home/encrypted/abaceti/.virtualenvs/pumpwood-airflow-images/lib/python3.6/site-packages/airflow/example_dags/example_kubernetes_executor_config.py for tasks to queue
[2021-06-07 18:54:24,668] {logging_mixin.py:104} INFO - [2021-06-07 18:54:24,668] {dagbag.py:487} INFO - Filling up the DagBag from /home/encrypted/abaceti/.virtualenvs/pumpwood-airflow-images/lib/python3.6/site-packages/airflow/example_dags/example_kubernetes_executor_config.py
[2021-06-07 18:54:24,675] {scheduler_job.py:643} INFO - DAG(s) dict_keys(['example_kubernetes_executor_config']) retrieved from /home/encrypted/abaceti/.virtualenvs/pumpwood-airflow-images/lib/python3.6/site-packages/airflow/example_dags/example_kubernetes_executor_config.py
[2021-06-07 18:54:24,691] {logging_mixin.py:104} INFO - [2021-06-07 18:54:24,691] {dag.py:1832} INFO - Sync 1 DAGs
[2021-06-07 18:54:24,700] {logging_mixin.py:104} INFO - [2021-06-07 18:54:24,700] {dag.py:2305} INFO - Setting next_dagrun for example_kubernetes_executor_config to None
[2021-06-07 18:54:24,705] {scheduler_job.py:190} INFO - Processing /home/encrypted/abaceti/.virtualenvs/pumpwood-airflow-images/lib/python3.6/site-packages/airflow/example_dags/example_kubernetes_executor_config.py took 0.040 seconds
[2021-06-07 18:54:54,840] {scheduler_job.py:182} INFO - Started process (PID=12136) to work on /home/encrypted/abaceti/.virtualenvs/pumpwood-airflow-images/lib/python3.6/site-packages/airflow/example_dags/example_kubernetes_executor_config.py
[2021-06-07 18:54:54,840] {scheduler_job.py:633} INFO - Processing file /home/encrypted/abaceti/.virtualenvs/pumpwood-airflow-images/lib/python3.6/site-packages/airflow/example_dags/example_kubernetes_executor_config.py for tasks to queue
[2021-06-07 18:54:54,840] {logging_mixin.py:104} INFO - [2021-06-07 18:54:54,840] {dagbag.py:487} INFO - Filling up the DagBag from /home/encrypted/abaceti/.virtualenvs/pumpwood-airflow-images/lib/python3.6/site-packages/airflow/example_dags/example_kubernetes_executor_config.py
[2021-06-07 18:54:54,847] {scheduler_job.py:643} INFO - DAG(s) dict_keys(['example_kubernetes_executor_config']) retrieved from /home/encrypted/abaceti/.virtualenvs/pumpwood-airflow-images/lib/python3.6/site-packages/airflow/example_dags/example_kubernetes_executor_config.py
[2021-06-07 18:54:54,863] {logging_mixin.py:104} INFO - [2021-06-07 18:54:54,863] {dag.py:1832} INFO - Sync 1 DAGs
[2021-06-07 18:54:54,871] {logging_mixin.py:104} INFO - [2021-06-07 18:54:54,871] {dag.py:2305} INFO - Setting next_dagrun for example_kubernetes_executor_config to None
[2021-06-07 18:54:54,877] {scheduler_job.py:190} INFO - Processing /home/encrypted/abaceti/.virtualenvs/pumpwood-airflow-images/lib/python3.6/site-packages/airflow/example_dags/example_kubernetes_executor_config.py took 0.038 seconds
[2021-06-07 18:55:24,921] {scheduler_job.py:182} INFO - Started process (PID=12307) to work on /home/encrypted/abaceti/.virtualenvs/pumpwood-airflow-images/lib/python3.6/site-packages/airflow/example_dags/example_kubernetes_executor_config.py
[2021-06-07 18:55:24,921] {scheduler_job.py:633} INFO - Processing file /home/encrypted/abaceti/.virtualenvs/pumpwood-airflow-images/lib/python3.6/site-packages/airflow/example_dags/example_kubernetes_executor_config.py for tasks to queue
[2021-06-07 18:55:24,921] {logging_mixin.py:104} INFO - [2021-06-07 18:55:24,921] {dagbag.py:487} INFO - Filling up the DagBag from /home/encrypted/abaceti/.virtualenvs/pumpwood-airflow-images/lib/python3.6/site-packages/airflow/example_dags/example_kubernetes_executor_config.py
[2021-06-07 18:55:24,929] {scheduler_job.py:643} INFO - DAG(s) dict_keys(['example_kubernetes_executor_config']) retrieved from /home/encrypted/abaceti/.virtualenvs/pumpwood-airflow-images/lib/python3.6/site-packages/airflow/example_dags/example_kubernetes_executor_config.py
[2021-06-07 18:55:24,944] {logging_mixin.py:104} INFO - [2021-06-07 18:55:24,944] {dag.py:1832} INFO - Sync 1 DAGs
[2021-06-07 18:55:24,952] {logging_mixin.py:104} INFO - [2021-06-07 18:55:24,952] {dag.py:2305} INFO - Setting next_dagrun for example_kubernetes_executor_config to None
[2021-06-07 18:55:24,957] {scheduler_job.py:190} INFO - Processing /home/encrypted/abaceti/.virtualenvs/pumpwood-airflow-images/lib/python3.6/site-packages/airflow/example_dags/example_kubernetes_executor_config.py took 0.038 seconds
[2021-06-07 18:55:55,082] {scheduler_job.py:182} INFO - Started process (PID=12531) to work on /home/encrypted/abaceti/.virtualenvs/pumpwood-airflow-images/lib/python3.6/site-packages/airflow/example_dags/example_kubernetes_executor_config.py
[2021-06-07 18:55:55,083] {scheduler_job.py:633} INFO - Processing file /home/encrypted/abaceti/.virtualenvs/pumpwood-airflow-images/lib/python3.6/site-packages/airflow/example_dags/example_kubernetes_executor_config.py for tasks to queue
[2021-06-07 18:55:55,083] {logging_mixin.py:104} INFO - [2021-06-07 18:55:55,083] {dagbag.py:487} INFO - Filling up the DagBag from /home/encrypted/abaceti/.virtualenvs/pumpwood-airflow-images/lib/python3.6/site-packages/airflow/example_dags/example_kubernetes_executor_config.py
[2021-06-07 18:55:55,089] {scheduler_job.py:643} INFO - DAG(s) dict_keys(['example_kubernetes_executor_config']) retrieved from /home/encrypted/abaceti/.virtualenvs/pumpwood-airflow-images/lib/python3.6/site-packages/airflow/example_dags/example_kubernetes_executor_config.py
[2021-06-07 18:55:55,105] {logging_mixin.py:104} INFO - [2021-06-07 18:55:55,105] {dag.py:1832} INFO - Sync 1 DAGs
[2021-06-07 18:55:55,115] {logging_mixin.py:104} INFO - [2021-06-07 18:55:55,115] {dag.py:2305} INFO - Setting next_dagrun for example_kubernetes_executor_config to None
[2021-06-07 18:55:55,121] {scheduler_job.py:190} INFO - Processing /home/encrypted/abaceti/.virtualenvs/pumpwood-airflow-images/lib/python3.6/site-packages/airflow/example_dags/example_kubernetes_executor_config.py took 0.040 seconds
[2021-06-07 18:56:25,323] {scheduler_job.py:182} INFO - Started process (PID=12732) to work on /home/encrypted/abaceti/.virtualenvs/pumpwood-airflow-images/lib/python3.6/site-packages/airflow/example_dags/example_kubernetes_executor_config.py
[2021-06-07 18:56:25,324] {scheduler_job.py:633} INFO - Processing file /home/encrypted/abaceti/.virtualenvs/pumpwood-airflow-images/lib/python3.6/site-packages/airflow/example_dags/example_kubernetes_executor_config.py for tasks to queue
[2021-06-07 18:56:25,324] {logging_mixin.py:104} INFO - [2021-06-07 18:56:25,324] {dagbag.py:487} INFO - Filling up the DagBag from /home/encrypted/abaceti/.virtualenvs/pumpwood-airflow-images/lib/python3.6/site-packages/airflow/example_dags/example_kubernetes_executor_config.py
[2021-06-07 18:56:25,331] {scheduler_job.py:643} INFO - DAG(s) dict_keys(['example_kubernetes_executor_config']) retrieved from /home/encrypted/abaceti/.virtualenvs/pumpwood-airflow-images/lib/python3.6/site-packages/airflow/example_dags/example_kubernetes_executor_config.py
[2021-06-07 18:56:25,347] {logging_mixin.py:104} INFO - [2021-06-07 18:56:25,347] {dag.py:1832} INFO - Sync 1 DAGs
[2021-06-07 18:56:25,355] {logging_mixin.py:104} INFO - [2021-06-07 18:56:25,355] {dag.py:2305} INFO - Setting next_dagrun for example_kubernetes_executor_config to None
[2021-06-07 18:56:25,360] {scheduler_job.py:190} INFO - Processing /home/encrypted/abaceti/.virtualenvs/pumpwood-airflow-images/lib/python3.6/site-packages/airflow/example_dags/example_kubernetes_executor_config.py took 0.039 seconds
[2021-06-07 18:56:56,317] {scheduler_job.py:182} INFO - Started process (PID=12935) to work on /home/encrypted/abaceti/.virtualenvs/pumpwood-airflow-images/lib/python3.6/site-packages/airflow/example_dags/example_kubernetes_executor_config.py
[2021-06-07 18:56:56,317] {scheduler_job.py:633} INFO - Processing file /home/encrypted/abaceti/.virtualenvs/pumpwood-airflow-images/lib/python3.6/site-packages/airflow/example_dags/example_kubernetes_executor_config.py for tasks to queue
[2021-06-07 18:56:56,317] {logging_mixin.py:104} INFO - [2021-06-07 18:56:56,317] {dagbag.py:487} INFO - Filling up the DagBag from /home/encrypted/abaceti/.virtualenvs/pumpwood-airflow-images/lib/python3.6/site-packages/airflow/example_dags/example_kubernetes_executor_config.py
[2021-06-07 18:56:56,324] {scheduler_job.py:643} INFO - DAG(s) dict_keys(['example_kubernetes_executor_config']) retrieved from /home/encrypted/abaceti/.virtualenvs/pumpwood-airflow-images/lib/python3.6/site-packages/airflow/example_dags/example_kubernetes_executor_config.py
[2021-06-07 18:56:56,340] {logging_mixin.py:104} INFO - [2021-06-07 18:56:56,340] {dag.py:1832} INFO - Sync 1 DAGs
[2021-06-07 18:56:56,348] {logging_mixin.py:104} INFO - [2021-06-07 18:56:56,348] {dag.py:2305} INFO - Setting next_dagrun for example_kubernetes_executor_config to None
[2021-06-07 18:56:56,353] {scheduler_job.py:190} INFO - Processing /home/encrypted/abaceti/.virtualenvs/pumpwood-airflow-images/lib/python3.6/site-packages/airflow/example_dags/example_kubernetes_executor_config.py took 0.038 seconds
[2021-06-07 18:57:27,305] {scheduler_job.py:182} INFO - Started process (PID=13053) to work on /home/encrypted/abaceti/.virtualenvs/pumpwood-airflow-images/lib/python3.6/site-packages/airflow/example_dags/example_kubernetes_executor_config.py
[2021-06-07 18:57:27,306] {scheduler_job.py:633} INFO - Processing file /home/encrypted/abaceti/.virtualenvs/pumpwood-airflow-images/lib/python3.6/site-packages/airflow/example_dags/example_kubernetes_executor_config.py for tasks to queue
[2021-06-07 18:57:27,307] {logging_mixin.py:104} INFO - [2021-06-07 18:57:27,307] {dagbag.py:487} INFO - Filling up the DagBag from /home/encrypted/abaceti/.virtualenvs/pumpwood-airflow-images/lib/python3.6/site-packages/airflow/example_dags/example_kubernetes_executor_config.py
[2021-06-07 18:57:27,315] {scheduler_job.py:643} INFO - DAG(s) dict_keys(['example_kubernetes_executor_config']) retrieved from /home/encrypted/abaceti/.virtualenvs/pumpwood-airflow-images/lib/python3.6/site-packages/airflow/example_dags/example_kubernetes_executor_config.py
[2021-06-07 18:57:27,331] {logging_mixin.py:104} INFO - [2021-06-07 18:57:27,331] {dag.py:1832} INFO - Sync 1 DAGs
[2021-06-07 18:57:27,339] {logging_mixin.py:104} INFO - [2021-06-07 18:57:27,339] {dag.py:2305} INFO - Setting next_dagrun for example_kubernetes_executor_config to None
[2021-06-07 18:57:27,344] {scheduler_job.py:190} INFO - Processing /home/encrypted/abaceti/.virtualenvs/pumpwood-airflow-images/lib/python3.6/site-packages/airflow/example_dags/example_kubernetes_executor_config.py took 0.041 seconds
[2021-06-07 18:57:57,601] {scheduler_job.py:182} INFO - Started process (PID=13227) to work on /home/encrypted/abaceti/.virtualenvs/pumpwood-airflow-images/lib/python3.6/site-packages/airflow/example_dags/example_kubernetes_executor_config.py
[2021-06-07 18:57:57,601] {scheduler_job.py:633} INFO - Processing file /home/encrypted/abaceti/.virtualenvs/pumpwood-airflow-images/lib/python3.6/site-packages/airflow/example_dags/example_kubernetes_executor_config.py for tasks to queue
[2021-06-07 18:57:57,602] {logging_mixin.py:104} INFO - [2021-06-07 18:57:57,602] {dagbag.py:487} INFO - Filling up the DagBag from /home/encrypted/abaceti/.virtualenvs/pumpwood-airflow-images/lib/python3.6/site-packages/airflow/example_dags/example_kubernetes_executor_config.py
[2021-06-07 18:57:57,608] {scheduler_job.py:643} INFO - DAG(s) dict_keys(['example_kubernetes_executor_config']) retrieved from /home/encrypted/abaceti/.virtualenvs/pumpwood-airflow-images/lib/python3.6/site-packages/airflow/example_dags/example_kubernetes_executor_config.py
[2021-06-07 18:57:57,623] {logging_mixin.py:104} INFO - [2021-06-07 18:57:57,623] {dag.py:1832} INFO - Sync 1 DAGs
[2021-06-07 18:57:57,631] {logging_mixin.py:104} INFO - [2021-06-07 18:57:57,631] {dag.py:2305} INFO - Setting next_dagrun for example_kubernetes_executor_config to None
[2021-06-07 18:57:57,638] {scheduler_job.py:190} INFO - Processing /home/encrypted/abaceti/.virtualenvs/pumpwood-airflow-images/lib/python3.6/site-packages/airflow/example_dags/example_kubernetes_executor_config.py took 0.038 seconds
[2021-06-07 18:58:28,595] {scheduler_job.py:182} INFO - Started process (PID=13340) to work on /home/encrypted/abaceti/.virtualenvs/pumpwood-airflow-images/lib/python3.6/site-packages/airflow/example_dags/example_kubernetes_executor_config.py
[2021-06-07 18:58:28,595] {scheduler_job.py:633} INFO - Processing file /home/encrypted/abaceti/.virtualenvs/pumpwood-airflow-images/lib/python3.6/site-packages/airflow/example_dags/example_kubernetes_executor_config.py for tasks to queue
[2021-06-07 18:58:28,595] {logging_mixin.py:104} INFO - [2021-06-07 18:58:28,595] {dagbag.py:487} INFO - Filling up the DagBag from /home/encrypted/abaceti/.virtualenvs/pumpwood-airflow-images/lib/python3.6/site-packages/airflow/example_dags/example_kubernetes_executor_config.py
[2021-06-07 18:58:28,602] {scheduler_job.py:643} INFO - DAG(s) dict_keys(['example_kubernetes_executor_config']) retrieved from /home/encrypted/abaceti/.virtualenvs/pumpwood-airflow-images/lib/python3.6/site-packages/airflow/example_dags/example_kubernetes_executor_config.py
[2021-06-07 18:58:28,618] {logging_mixin.py:104} INFO - [2021-06-07 18:58:28,618] {dag.py:1832} INFO - Sync 1 DAGs
[2021-06-07 18:58:28,627] {logging_mixin.py:104} INFO - [2021-06-07 18:58:28,627] {dag.py:2305} INFO - Setting next_dagrun for example_kubernetes_executor_config to None
[2021-06-07 18:58:28,632] {scheduler_job.py:190} INFO - Processing /home/encrypted/abaceti/.virtualenvs/pumpwood-airflow-images/lib/python3.6/site-packages/airflow/example_dags/example_kubernetes_executor_config.py took 0.039 seconds
[2021-06-07 18:58:59,819] {scheduler_job.py:182} INFO - Started process (PID=13518) to work on /home/encrypted/abaceti/.virtualenvs/pumpwood-airflow-images/lib/python3.6/site-packages/airflow/example_dags/example_kubernetes_executor_config.py
[2021-06-07 18:58:59,819] {scheduler_job.py:633} INFO - Processing file /home/encrypted/abaceti/.virtualenvs/pumpwood-airflow-images/lib/python3.6/site-packages/airflow/example_dags/example_kubernetes_executor_config.py for tasks to queue
[2021-06-07 18:58:59,819] {logging_mixin.py:104} INFO - [2021-06-07 18:58:59,819] {dagbag.py:487} INFO - Filling up the DagBag from /home/encrypted/abaceti/.virtualenvs/pumpwood-airflow-images/lib/python3.6/site-packages/airflow/example_dags/example_kubernetes_executor_config.py
[2021-06-07 18:58:59,826] {scheduler_job.py:643} INFO - DAG(s) dict_keys(['example_kubernetes_executor_config']) retrieved from /home/encrypted/abaceti/.virtualenvs/pumpwood-airflow-images/lib/python3.6/site-packages/airflow/example_dags/example_kubernetes_executor_config.py
[2021-06-07 18:58:59,843] {logging_mixin.py:104} INFO - [2021-06-07 18:58:59,843] {dag.py:1832} INFO - Sync 1 DAGs
[2021-06-07 18:58:59,852] {logging_mixin.py:104} INFO - [2021-06-07 18:58:59,852] {dag.py:2305} INFO - Setting next_dagrun for example_kubernetes_executor_config to None
[2021-06-07 18:58:59,857] {scheduler_job.py:190} INFO - Processing /home/encrypted/abaceti/.virtualenvs/pumpwood-airflow-images/lib/python3.6/site-packages/airflow/example_dags/example_kubernetes_executor_config.py took 0.040 seconds
[2021-06-07 18:59:30,002] {scheduler_job.py:182} INFO - Started process (PID=13641) to work on /home/encrypted/abaceti/.virtualenvs/pumpwood-airflow-images/lib/python3.6/site-packages/airflow/example_dags/example_kubernetes_executor_config.py
[2021-06-07 18:59:30,003] {scheduler_job.py:633} INFO - Processing file /home/encrypted/abaceti/.virtualenvs/pumpwood-airflow-images/lib/python3.6/site-packages/airflow/example_dags/example_kubernetes_executor_config.py for tasks to queue
[2021-06-07 18:59:30,003] {logging_mixin.py:104} INFO - [2021-06-07 18:59:30,003] {dagbag.py:487} INFO - Filling up the DagBag from /home/encrypted/abaceti/.virtualenvs/pumpwood-airflow-images/lib/python3.6/site-packages/airflow/example_dags/example_kubernetes_executor_config.py
[2021-06-07 18:59:30,010] {scheduler_job.py:643} INFO - DAG(s) dict_keys(['example_kubernetes_executor_config']) retrieved from /home/encrypted/abaceti/.virtualenvs/pumpwood-airflow-images/lib/python3.6/site-packages/airflow/example_dags/example_kubernetes_executor_config.py
[2021-06-07 18:59:30,026] {logging_mixin.py:104} INFO - [2021-06-07 18:59:30,026] {dag.py:1832} INFO - Sync 1 DAGs
[2021-06-07 18:59:30,035] {logging_mixin.py:104} INFO - [2021-06-07 18:59:30,035] {dag.py:2305} INFO - Setting next_dagrun for example_kubernetes_executor_config to None
[2021-06-07 18:59:30,040] {scheduler_job.py:190} INFO - Processing /home/encrypted/abaceti/.virtualenvs/pumpwood-airflow-images/lib/python3.6/site-packages/airflow/example_dags/example_kubernetes_executor_config.py took 0.040 seconds
[2021-06-07 19:00:00,142] {scheduler_job.py:182} INFO - Started process (PID=13805) to work on /home/encrypted/abaceti/.virtualenvs/pumpwood-airflow-images/lib/python3.6/site-packages/airflow/example_dags/example_kubernetes_executor_config.py
[2021-06-07 19:00:00,142] {scheduler_job.py:633} INFO - Processing file /home/encrypted/abaceti/.virtualenvs/pumpwood-airflow-images/lib/python3.6/site-packages/airflow/example_dags/example_kubernetes_executor_config.py for tasks to queue
[2021-06-07 19:00:00,142] {logging_mixin.py:104} INFO - [2021-06-07 19:00:00,142] {dagbag.py:487} INFO - Filling up the DagBag from /home/encrypted/abaceti/.virtualenvs/pumpwood-airflow-images/lib/python3.6/site-packages/airflow/example_dags/example_kubernetes_executor_config.py
[2021-06-07 19:00:00,150] {scheduler_job.py:643} INFO - DAG(s) dict_keys(['example_kubernetes_executor_config']) retrieved from /home/encrypted/abaceti/.virtualenvs/pumpwood-airflow-images/lib/python3.6/site-packages/airflow/example_dags/example_kubernetes_executor_config.py
[2021-06-07 19:00:00,165] {logging_mixin.py:104} INFO - [2021-06-07 19:00:00,165] {dag.py:1832} INFO - Sync 1 DAGs
[2021-06-07 19:00:00,174] {logging_mixin.py:104} INFO - [2021-06-07 19:00:00,174] {dag.py:2305} INFO - Setting next_dagrun for example_kubernetes_executor_config to None
[2021-06-07 19:00:00,179] {scheduler_job.py:190} INFO - Processing /home/encrypted/abaceti/.virtualenvs/pumpwood-airflow-images/lib/python3.6/site-packages/airflow/example_dags/example_kubernetes_executor_config.py took 0.039 seconds
[2021-06-07 19:00:30,299] {scheduler_job.py:182} INFO - Started process (PID=13921) to work on /home/encrypted/abaceti/.virtualenvs/pumpwood-airflow-images/lib/python3.6/site-packages/airflow/example_dags/example_kubernetes_executor_config.py
[2021-06-07 19:00:30,300] {scheduler_job.py:633} INFO - Processing file /home/encrypted/abaceti/.virtualenvs/pumpwood-airflow-images/lib/python3.6/site-packages/airflow/example_dags/example_kubernetes_executor_config.py for tasks to queue
[2021-06-07 19:00:30,300] {logging_mixin.py:104} INFO - [2021-06-07 19:00:30,300] {dagbag.py:487} INFO - Filling up the DagBag from /home/encrypted/abaceti/.virtualenvs/pumpwood-airflow-images/lib/python3.6/site-packages/airflow/example_dags/example_kubernetes_executor_config.py
[2021-06-07 19:00:30,307] {scheduler_job.py:643} INFO - DAG(s) dict_keys(['example_kubernetes_executor_config']) retrieved from /home/encrypted/abaceti/.virtualenvs/pumpwood-airflow-images/lib/python3.6/site-packages/airflow/example_dags/example_kubernetes_executor_config.py
[2021-06-07 19:00:30,323] {logging_mixin.py:104} INFO - [2021-06-07 19:00:30,323] {dag.py:1832} INFO - Sync 1 DAGs
[2021-06-07 19:00:30,330] {logging_mixin.py:104} INFO - [2021-06-07 19:00:30,330] {dag.py:2305} INFO - Setting next_dagrun for example_kubernetes_executor_config to None
[2021-06-07 19:00:30,336] {scheduler_job.py:190} INFO - Processing /home/encrypted/abaceti/.virtualenvs/pumpwood-airflow-images/lib/python3.6/site-packages/airflow/example_dags/example_kubernetes_executor_config.py took 0.039 seconds
[2021-06-07 19:01:00,433] {scheduler_job.py:182} INFO - Started process (PID=14111) to work on /home/encrypted/abaceti/.virtualenvs/pumpwood-airflow-images/lib/python3.6/site-packages/airflow/example_dags/example_kubernetes_executor_config.py
[2021-06-07 19:01:00,434] {scheduler_job.py:633} INFO - Processing file /home/encrypted/abaceti/.virtualenvs/pumpwood-airflow-images/lib/python3.6/site-packages/airflow/example_dags/example_kubernetes_executor_config.py for tasks to queue
[2021-06-07 19:01:00,434] {logging_mixin.py:104} INFO - [2021-06-07 19:01:00,434] {dagbag.py:487} INFO - Filling up the DagBag from /home/encrypted/abaceti/.virtualenvs/pumpwood-airflow-images/lib/python3.6/site-packages/airflow/example_dags/example_kubernetes_executor_config.py
[2021-06-07 19:01:00,440] {scheduler_job.py:643} INFO - DAG(s) dict_keys(['example_kubernetes_executor_config']) retrieved from /home/encrypted/abaceti/.virtualenvs/pumpwood-airflow-images/lib/python3.6/site-packages/airflow/example_dags/example_kubernetes_executor_config.py
[2021-06-07 19:01:00,455] {logging_mixin.py:104} INFO - [2021-06-07 19:01:00,455] {dag.py:1832} INFO - Sync 1 DAGs
[2021-06-07 19:01:00,464] {logging_mixin.py:104} INFO - [2021-06-07 19:01:00,464] {dag.py:2305} INFO - Setting next_dagrun for example_kubernetes_executor_config to None
[2021-06-07 19:01:00,470] {scheduler_job.py:190} INFO - Processing /home/encrypted/abaceti/.virtualenvs/pumpwood-airflow-images/lib/python3.6/site-packages/airflow/example_dags/example_kubernetes_executor_config.py took 0.038 seconds
[2021-06-07 19:01:30,782] {scheduler_job.py:182} INFO - Started process (PID=14233) to work on /home/encrypted/abaceti/.virtualenvs/pumpwood-airflow-images/lib/python3.6/site-packages/airflow/example_dags/example_kubernetes_executor_config.py
[2021-06-07 19:01:30,782] {scheduler_job.py:633} INFO - Processing file /home/encrypted/abaceti/.virtualenvs/pumpwood-airflow-images/lib/python3.6/site-packages/airflow/example_dags/example_kubernetes_executor_config.py for tasks to queue
[2021-06-07 19:01:30,782] {logging_mixin.py:104} INFO - [2021-06-07 19:01:30,782] {dagbag.py:487} INFO - Filling up the DagBag from /home/encrypted/abaceti/.virtualenvs/pumpwood-airflow-images/lib/python3.6/site-packages/airflow/example_dags/example_kubernetes_executor_config.py
[2021-06-07 19:01:30,789] {scheduler_job.py:643} INFO - DAG(s) dict_keys(['example_kubernetes_executor_config']) retrieved from /home/encrypted/abaceti/.virtualenvs/pumpwood-airflow-images/lib/python3.6/site-packages/airflow/example_dags/example_kubernetes_executor_config.py
[2021-06-07 19:01:30,805] {logging_mixin.py:104} INFO - [2021-06-07 19:01:30,805] {dag.py:1832} INFO - Sync 1 DAGs
[2021-06-07 19:01:30,818] {logging_mixin.py:104} INFO - [2021-06-07 19:01:30,817] {dag.py:2305} INFO - Setting next_dagrun for example_kubernetes_executor_config to None
[2021-06-07 19:01:30,825] {scheduler_job.py:190} INFO - Processing /home/encrypted/abaceti/.virtualenvs/pumpwood-airflow-images/lib/python3.6/site-packages/airflow/example_dags/example_kubernetes_executor_config.py took 0.046 seconds
[2021-06-07 19:02:00,923] {scheduler_job.py:182} INFO - Started process (PID=14417) to work on /home/encrypted/abaceti/.virtualenvs/pumpwood-airflow-images/lib/python3.6/site-packages/airflow/example_dags/example_kubernetes_executor_config.py
[2021-06-07 19:02:00,923] {scheduler_job.py:633} INFO - Processing file /home/encrypted/abaceti/.virtualenvs/pumpwood-airflow-images/lib/python3.6/site-packages/airflow/example_dags/example_kubernetes_executor_config.py for tasks to queue
[2021-06-07 19:02:00,924] {logging_mixin.py:104} INFO - [2021-06-07 19:02:00,924] {dagbag.py:487} INFO - Filling up the DagBag from /home/encrypted/abaceti/.virtualenvs/pumpwood-airflow-images/lib/python3.6/site-packages/airflow/example_dags/example_kubernetes_executor_config.py
[2021-06-07 19:02:00,931] {scheduler_job.py:643} INFO - DAG(s) dict_keys(['example_kubernetes_executor_config']) retrieved from /home/encrypted/abaceti/.virtualenvs/pumpwood-airflow-images/lib/python3.6/site-packages/airflow/example_dags/example_kubernetes_executor_config.py
[2021-06-07 19:02:00,946] {logging_mixin.py:104} INFO - [2021-06-07 19:02:00,946] {dag.py:1832} INFO - Sync 1 DAGs
[2021-06-07 19:02:00,955] {logging_mixin.py:104} INFO - [2021-06-07 19:02:00,955] {dag.py:2305} INFO - Setting next_dagrun for example_kubernetes_executor_config to None
[2021-06-07 19:02:00,960] {scheduler_job.py:190} INFO - Processing /home/encrypted/abaceti/.virtualenvs/pumpwood-airflow-images/lib/python3.6/site-packages/airflow/example_dags/example_kubernetes_executor_config.py took 0.039 seconds
[2021-06-07 19:02:31,043] {scheduler_job.py:182} INFO - Started process (PID=14629) to work on /home/encrypted/abaceti/.virtualenvs/pumpwood-airflow-images/lib/python3.6/site-packages/airflow/example_dags/example_kubernetes_executor_config.py
[2021-06-07 19:02:31,044] {scheduler_job.py:633} INFO - Processing file /home/encrypted/abaceti/.virtualenvs/pumpwood-airflow-images/lib/python3.6/site-packages/airflow/example_dags/example_kubernetes_executor_config.py for tasks to queue
[2021-06-07 19:02:31,044] {logging_mixin.py:104} INFO - [2021-06-07 19:02:31,044] {dagbag.py:487} INFO - Filling up the DagBag from /home/encrypted/abaceti/.virtualenvs/pumpwood-airflow-images/lib/python3.6/site-packages/airflow/example_dags/example_kubernetes_executor_config.py
[2021-06-07 19:02:31,051] {scheduler_job.py:643} INFO - DAG(s) dict_keys(['example_kubernetes_executor_config']) retrieved from /home/encrypted/abaceti/.virtualenvs/pumpwood-airflow-images/lib/python3.6/site-packages/airflow/example_dags/example_kubernetes_executor_config.py
[2021-06-07 19:02:31,067] {logging_mixin.py:104} INFO - [2021-06-07 19:02:31,067] {dag.py:1832} INFO - Sync 1 DAGs
[2021-06-07 19:02:31,077] {logging_mixin.py:104} INFO - [2021-06-07 19:02:31,077] {dag.py:2305} INFO - Setting next_dagrun for example_kubernetes_executor_config to None
[2021-06-07 19:02:31,084] {scheduler_job.py:190} INFO - Processing /home/encrypted/abaceti/.virtualenvs/pumpwood-airflow-images/lib/python3.6/site-packages/airflow/example_dags/example_kubernetes_executor_config.py took 0.042 seconds
