[2021-06-07 18:39:19,453] {scheduler_job.py:182} INFO - Started process (PID=5629) to work on /home/encrypted/abaceti/.virtualenvs/pumpwood-airflow-images/lib/python3.6/site-packages/airflow/example_dags/example_trigger_target_dag.py
[2021-06-07 18:39:19,453] {scheduler_job.py:633} INFO - Processing file /home/encrypted/abaceti/.virtualenvs/pumpwood-airflow-images/lib/python3.6/site-packages/airflow/example_dags/example_trigger_target_dag.py for tasks to queue
[2021-06-07 18:39:19,454] {logging_mixin.py:104} INFO - [2021-06-07 18:39:19,453] {dagbag.py:487} INFO - Filling up the DagBag from /home/encrypted/abaceti/.virtualenvs/pumpwood-airflow-images/lib/python3.6/site-packages/airflow/example_dags/example_trigger_target_dag.py
[2021-06-07 18:39:19,461] {scheduler_job.py:643} INFO - DAG(s) dict_keys(['example_trigger_target_dag']) retrieved from /home/encrypted/abaceti/.virtualenvs/pumpwood-airflow-images/lib/python3.6/site-packages/airflow/example_dags/example_trigger_target_dag.py
[2021-06-07 18:39:19,480] {logging_mixin.py:104} INFO - [2021-06-07 18:39:19,480] {dag.py:1832} INFO - Sync 1 DAGs
[2021-06-07 18:39:19,493] {logging_mixin.py:104} INFO - [2021-06-07 18:39:19,493] {dag.py:2305} INFO - Setting next_dagrun for example_trigger_target_dag to None
[2021-06-07 18:39:19,501] {scheduler_job.py:190} INFO - Processing /home/encrypted/abaceti/.virtualenvs/pumpwood-airflow-images/lib/python3.6/site-packages/airflow/example_dags/example_trigger_target_dag.py took 0.050 seconds
[2021-06-07 18:39:49,761] {scheduler_job.py:182} INFO - Started process (PID=5797) to work on /home/encrypted/abaceti/.virtualenvs/pumpwood-airflow-images/lib/python3.6/site-packages/airflow/example_dags/example_trigger_target_dag.py
[2021-06-07 18:39:49,761] {scheduler_job.py:633} INFO - Processing file /home/encrypted/abaceti/.virtualenvs/pumpwood-airflow-images/lib/python3.6/site-packages/airflow/example_dags/example_trigger_target_dag.py for tasks to queue
[2021-06-07 18:39:49,762] {logging_mixin.py:104} INFO - [2021-06-07 18:39:49,762] {dagbag.py:487} INFO - Filling up the DagBag from /home/encrypted/abaceti/.virtualenvs/pumpwood-airflow-images/lib/python3.6/site-packages/airflow/example_dags/example_trigger_target_dag.py
[2021-06-07 18:39:49,768] {scheduler_job.py:643} INFO - DAG(s) dict_keys(['example_trigger_target_dag']) retrieved from /home/encrypted/abaceti/.virtualenvs/pumpwood-airflow-images/lib/python3.6/site-packages/airflow/example_dags/example_trigger_target_dag.py
[2021-06-07 18:39:49,783] {logging_mixin.py:104} INFO - [2021-06-07 18:39:49,783] {dag.py:1832} INFO - Sync 1 DAGs
[2021-06-07 18:39:49,791] {logging_mixin.py:104} INFO - [2021-06-07 18:39:49,791] {dag.py:2305} INFO - Setting next_dagrun for example_trigger_target_dag to None
[2021-06-07 18:39:49,796] {scheduler_job.py:190} INFO - Processing /home/encrypted/abaceti/.virtualenvs/pumpwood-airflow-images/lib/python3.6/site-packages/airflow/example_dags/example_trigger_target_dag.py took 0.037 seconds
[2021-06-07 18:40:19,919] {scheduler_job.py:182} INFO - Started process (PID=5947) to work on /home/encrypted/abaceti/.virtualenvs/pumpwood-airflow-images/lib/python3.6/site-packages/airflow/example_dags/example_trigger_target_dag.py
[2021-06-07 18:40:19,920] {scheduler_job.py:633} INFO - Processing file /home/encrypted/abaceti/.virtualenvs/pumpwood-airflow-images/lib/python3.6/site-packages/airflow/example_dags/example_trigger_target_dag.py for tasks to queue
[2021-06-07 18:40:19,920] {logging_mixin.py:104} INFO - [2021-06-07 18:40:19,920] {dagbag.py:487} INFO - Filling up the DagBag from /home/encrypted/abaceti/.virtualenvs/pumpwood-airflow-images/lib/python3.6/site-packages/airflow/example_dags/example_trigger_target_dag.py
[2021-06-07 18:40:19,926] {scheduler_job.py:643} INFO - DAG(s) dict_keys(['example_trigger_target_dag']) retrieved from /home/encrypted/abaceti/.virtualenvs/pumpwood-airflow-images/lib/python3.6/site-packages/airflow/example_dags/example_trigger_target_dag.py
[2021-06-07 18:40:19,940] {logging_mixin.py:104} INFO - [2021-06-07 18:40:19,940] {dag.py:1832} INFO - Sync 1 DAGs
[2021-06-07 18:40:19,948] {logging_mixin.py:104} INFO - [2021-06-07 18:40:19,948] {dag.py:2305} INFO - Setting next_dagrun for example_trigger_target_dag to None
[2021-06-07 18:40:19,954] {scheduler_job.py:190} INFO - Processing /home/encrypted/abaceti/.virtualenvs/pumpwood-airflow-images/lib/python3.6/site-packages/airflow/example_dags/example_trigger_target_dag.py took 0.037 seconds
[2021-06-07 18:40:50,139] {scheduler_job.py:182} INFO - Started process (PID=6140) to work on /home/encrypted/abaceti/.virtualenvs/pumpwood-airflow-images/lib/python3.6/site-packages/airflow/example_dags/example_trigger_target_dag.py
[2021-06-07 18:40:50,140] {scheduler_job.py:633} INFO - Processing file /home/encrypted/abaceti/.virtualenvs/pumpwood-airflow-images/lib/python3.6/site-packages/airflow/example_dags/example_trigger_target_dag.py for tasks to queue
[2021-06-07 18:40:50,140] {logging_mixin.py:104} INFO - [2021-06-07 18:40:50,140] {dagbag.py:487} INFO - Filling up the DagBag from /home/encrypted/abaceti/.virtualenvs/pumpwood-airflow-images/lib/python3.6/site-packages/airflow/example_dags/example_trigger_target_dag.py
[2021-06-07 18:40:50,146] {scheduler_job.py:643} INFO - DAG(s) dict_keys(['example_trigger_target_dag']) retrieved from /home/encrypted/abaceti/.virtualenvs/pumpwood-airflow-images/lib/python3.6/site-packages/airflow/example_dags/example_trigger_target_dag.py
[2021-06-07 18:40:50,160] {logging_mixin.py:104} INFO - [2021-06-07 18:40:50,160] {dag.py:1832} INFO - Sync 1 DAGs
[2021-06-07 18:40:50,168] {logging_mixin.py:104} INFO - [2021-06-07 18:40:50,168] {dag.py:2305} INFO - Setting next_dagrun for example_trigger_target_dag to None
[2021-06-07 18:40:50,174] {scheduler_job.py:190} INFO - Processing /home/encrypted/abaceti/.virtualenvs/pumpwood-airflow-images/lib/python3.6/site-packages/airflow/example_dags/example_trigger_target_dag.py took 0.036 seconds
[2021-06-07 18:41:20,282] {scheduler_job.py:182} INFO - Started process (PID=6253) to work on /home/encrypted/abaceti/.virtualenvs/pumpwood-airflow-images/lib/python3.6/site-packages/airflow/example_dags/example_trigger_target_dag.py
[2021-06-07 18:41:20,283] {scheduler_job.py:633} INFO - Processing file /home/encrypted/abaceti/.virtualenvs/pumpwood-airflow-images/lib/python3.6/site-packages/airflow/example_dags/example_trigger_target_dag.py for tasks to queue
[2021-06-07 18:41:20,283] {logging_mixin.py:104} INFO - [2021-06-07 18:41:20,283] {dagbag.py:487} INFO - Filling up the DagBag from /home/encrypted/abaceti/.virtualenvs/pumpwood-airflow-images/lib/python3.6/site-packages/airflow/example_dags/example_trigger_target_dag.py
[2021-06-07 18:41:20,290] {scheduler_job.py:643} INFO - DAG(s) dict_keys(['example_trigger_target_dag']) retrieved from /home/encrypted/abaceti/.virtualenvs/pumpwood-airflow-images/lib/python3.6/site-packages/airflow/example_dags/example_trigger_target_dag.py
[2021-06-07 18:41:20,305] {logging_mixin.py:104} INFO - [2021-06-07 18:41:20,305] {dag.py:1832} INFO - Sync 1 DAGs
[2021-06-07 18:41:20,313] {logging_mixin.py:104} INFO - [2021-06-07 18:41:20,313] {dag.py:2305} INFO - Setting next_dagrun for example_trigger_target_dag to None
[2021-06-07 18:41:20,318] {scheduler_job.py:190} INFO - Processing /home/encrypted/abaceti/.virtualenvs/pumpwood-airflow-images/lib/python3.6/site-packages/airflow/example_dags/example_trigger_target_dag.py took 0.037 seconds
[2021-06-07 18:41:50,530] {scheduler_job.py:182} INFO - Started process (PID=6421) to work on /home/encrypted/abaceti/.virtualenvs/pumpwood-airflow-images/lib/python3.6/site-packages/airflow/example_dags/example_trigger_target_dag.py
[2021-06-07 18:41:50,531] {scheduler_job.py:633} INFO - Processing file /home/encrypted/abaceti/.virtualenvs/pumpwood-airflow-images/lib/python3.6/site-packages/airflow/example_dags/example_trigger_target_dag.py for tasks to queue
[2021-06-07 18:41:50,531] {logging_mixin.py:104} INFO - [2021-06-07 18:41:50,531] {dagbag.py:487} INFO - Filling up the DagBag from /home/encrypted/abaceti/.virtualenvs/pumpwood-airflow-images/lib/python3.6/site-packages/airflow/example_dags/example_trigger_target_dag.py
[2021-06-07 18:41:50,537] {scheduler_job.py:643} INFO - DAG(s) dict_keys(['example_trigger_target_dag']) retrieved from /home/encrypted/abaceti/.virtualenvs/pumpwood-airflow-images/lib/python3.6/site-packages/airflow/example_dags/example_trigger_target_dag.py
[2021-06-07 18:41:50,552] {logging_mixin.py:104} INFO - [2021-06-07 18:41:50,552] {dag.py:1832} INFO - Sync 1 DAGs
[2021-06-07 18:41:50,560] {logging_mixin.py:104} INFO - [2021-06-07 18:41:50,560] {dag.py:2305} INFO - Setting next_dagrun for example_trigger_target_dag to None
[2021-06-07 18:41:50,565] {scheduler_job.py:190} INFO - Processing /home/encrypted/abaceti/.virtualenvs/pumpwood-airflow-images/lib/python3.6/site-packages/airflow/example_dags/example_trigger_target_dag.py took 0.037 seconds
[2021-06-07 18:42:20,677] {scheduler_job.py:182} INFO - Started process (PID=6540) to work on /home/encrypted/abaceti/.virtualenvs/pumpwood-airflow-images/lib/python3.6/site-packages/airflow/example_dags/example_trigger_target_dag.py
[2021-06-07 18:42:20,678] {scheduler_job.py:633} INFO - Processing file /home/encrypted/abaceti/.virtualenvs/pumpwood-airflow-images/lib/python3.6/site-packages/airflow/example_dags/example_trigger_target_dag.py for tasks to queue
[2021-06-07 18:42:20,678] {logging_mixin.py:104} INFO - [2021-06-07 18:42:20,678] {dagbag.py:487} INFO - Filling up the DagBag from /home/encrypted/abaceti/.virtualenvs/pumpwood-airflow-images/lib/python3.6/site-packages/airflow/example_dags/example_trigger_target_dag.py
[2021-06-07 18:42:20,685] {scheduler_job.py:643} INFO - DAG(s) dict_keys(['example_trigger_target_dag']) retrieved from /home/encrypted/abaceti/.virtualenvs/pumpwood-airflow-images/lib/python3.6/site-packages/airflow/example_dags/example_trigger_target_dag.py
[2021-06-07 18:42:20,700] {logging_mixin.py:104} INFO - [2021-06-07 18:42:20,700] {dag.py:1832} INFO - Sync 1 DAGs
[2021-06-07 18:42:20,708] {logging_mixin.py:104} INFO - [2021-06-07 18:42:20,708] {dag.py:2305} INFO - Setting next_dagrun for example_trigger_target_dag to None
[2021-06-07 18:42:20,712] {scheduler_job.py:190} INFO - Processing /home/encrypted/abaceti/.virtualenvs/pumpwood-airflow-images/lib/python3.6/site-packages/airflow/example_dags/example_trigger_target_dag.py took 0.038 seconds
[2021-06-07 18:42:50,828] {scheduler_job.py:182} INFO - Started process (PID=6714) to work on /home/encrypted/abaceti/.virtualenvs/pumpwood-airflow-images/lib/python3.6/site-packages/airflow/example_dags/example_trigger_target_dag.py
[2021-06-07 18:42:50,828] {scheduler_job.py:633} INFO - Processing file /home/encrypted/abaceti/.virtualenvs/pumpwood-airflow-images/lib/python3.6/site-packages/airflow/example_dags/example_trigger_target_dag.py for tasks to queue
[2021-06-07 18:42:50,829] {logging_mixin.py:104} INFO - [2021-06-07 18:42:50,829] {dagbag.py:487} INFO - Filling up the DagBag from /home/encrypted/abaceti/.virtualenvs/pumpwood-airflow-images/lib/python3.6/site-packages/airflow/example_dags/example_trigger_target_dag.py
[2021-06-07 18:42:50,835] {scheduler_job.py:643} INFO - DAG(s) dict_keys(['example_trigger_target_dag']) retrieved from /home/encrypted/abaceti/.virtualenvs/pumpwood-airflow-images/lib/python3.6/site-packages/airflow/example_dags/example_trigger_target_dag.py
[2021-06-07 18:42:50,849] {logging_mixin.py:104} INFO - [2021-06-07 18:42:50,849] {dag.py:1832} INFO - Sync 1 DAGs
[2021-06-07 18:42:50,857] {logging_mixin.py:104} INFO - [2021-06-07 18:42:50,857] {dag.py:2305} INFO - Setting next_dagrun for example_trigger_target_dag to None
[2021-06-07 18:42:50,862] {scheduler_job.py:190} INFO - Processing /home/encrypted/abaceti/.virtualenvs/pumpwood-airflow-images/lib/python3.6/site-packages/airflow/example_dags/example_trigger_target_dag.py took 0.036 seconds
[2021-06-07 18:43:21,866] {scheduler_job.py:182} INFO - Started process (PID=6969) to work on /home/encrypted/abaceti/.virtualenvs/pumpwood-airflow-images/lib/python3.6/site-packages/airflow/example_dags/example_trigger_target_dag.py
[2021-06-07 18:43:21,866] {scheduler_job.py:633} INFO - Processing file /home/encrypted/abaceti/.virtualenvs/pumpwood-airflow-images/lib/python3.6/site-packages/airflow/example_dags/example_trigger_target_dag.py for tasks to queue
[2021-06-07 18:43:21,867] {logging_mixin.py:104} INFO - [2021-06-07 18:43:21,867] {dagbag.py:487} INFO - Filling up the DagBag from /home/encrypted/abaceti/.virtualenvs/pumpwood-airflow-images/lib/python3.6/site-packages/airflow/example_dags/example_trigger_target_dag.py
[2021-06-07 18:43:21,873] {scheduler_job.py:643} INFO - DAG(s) dict_keys(['example_trigger_target_dag']) retrieved from /home/encrypted/abaceti/.virtualenvs/pumpwood-airflow-images/lib/python3.6/site-packages/airflow/example_dags/example_trigger_target_dag.py
[2021-06-07 18:43:21,887] {logging_mixin.py:104} INFO - [2021-06-07 18:43:21,887] {dag.py:1832} INFO - Sync 1 DAGs
[2021-06-07 18:43:21,896] {logging_mixin.py:104} INFO - [2021-06-07 18:43:21,896] {dag.py:2305} INFO - Setting next_dagrun for example_trigger_target_dag to None
[2021-06-07 18:43:21,901] {scheduler_job.py:190} INFO - Processing /home/encrypted/abaceti/.virtualenvs/pumpwood-airflow-images/lib/python3.6/site-packages/airflow/example_dags/example_trigger_target_dag.py took 0.036 seconds
[2021-06-07 18:43:51,981] {scheduler_job.py:182} INFO - Started process (PID=7210) to work on /home/encrypted/abaceti/.virtualenvs/pumpwood-airflow-images/lib/python3.6/site-packages/airflow/example_dags/example_trigger_target_dag.py
[2021-06-07 18:43:51,981] {scheduler_job.py:633} INFO - Processing file /home/encrypted/abaceti/.virtualenvs/pumpwood-airflow-images/lib/python3.6/site-packages/airflow/example_dags/example_trigger_target_dag.py for tasks to queue
[2021-06-07 18:43:51,981] {logging_mixin.py:104} INFO - [2021-06-07 18:43:51,981] {dagbag.py:487} INFO - Filling up the DagBag from /home/encrypted/abaceti/.virtualenvs/pumpwood-airflow-images/lib/python3.6/site-packages/airflow/example_dags/example_trigger_target_dag.py
[2021-06-07 18:43:51,989] {scheduler_job.py:643} INFO - DAG(s) dict_keys(['example_trigger_target_dag']) retrieved from /home/encrypted/abaceti/.virtualenvs/pumpwood-airflow-images/lib/python3.6/site-packages/airflow/example_dags/example_trigger_target_dag.py
[2021-06-07 18:43:52,003] {logging_mixin.py:104} INFO - [2021-06-07 18:43:52,003] {dag.py:1832} INFO - Sync 1 DAGs
[2021-06-07 18:43:52,011] {logging_mixin.py:104} INFO - [2021-06-07 18:43:52,011] {dag.py:2305} INFO - Setting next_dagrun for example_trigger_target_dag to None
[2021-06-07 18:43:52,017] {scheduler_job.py:190} INFO - Processing /home/encrypted/abaceti/.virtualenvs/pumpwood-airflow-images/lib/python3.6/site-packages/airflow/example_dags/example_trigger_target_dag.py took 0.038 seconds
[2021-06-07 18:44:22,118] {scheduler_job.py:182} INFO - Started process (PID=7341) to work on /home/encrypted/abaceti/.virtualenvs/pumpwood-airflow-images/lib/python3.6/site-packages/airflow/example_dags/example_trigger_target_dag.py
[2021-06-07 18:44:22,118] {scheduler_job.py:633} INFO - Processing file /home/encrypted/abaceti/.virtualenvs/pumpwood-airflow-images/lib/python3.6/site-packages/airflow/example_dags/example_trigger_target_dag.py for tasks to queue
[2021-06-07 18:44:22,118] {logging_mixin.py:104} INFO - [2021-06-07 18:44:22,118] {dagbag.py:487} INFO - Filling up the DagBag from /home/encrypted/abaceti/.virtualenvs/pumpwood-airflow-images/lib/python3.6/site-packages/airflow/example_dags/example_trigger_target_dag.py
[2021-06-07 18:44:22,125] {scheduler_job.py:643} INFO - DAG(s) dict_keys(['example_trigger_target_dag']) retrieved from /home/encrypted/abaceti/.virtualenvs/pumpwood-airflow-images/lib/python3.6/site-packages/airflow/example_dags/example_trigger_target_dag.py
[2021-06-07 18:44:22,140] {logging_mixin.py:104} INFO - [2021-06-07 18:44:22,140] {dag.py:1832} INFO - Sync 1 DAGs
[2021-06-07 18:44:22,148] {logging_mixin.py:104} INFO - [2021-06-07 18:44:22,148] {dag.py:2305} INFO - Setting next_dagrun for example_trigger_target_dag to None
[2021-06-07 18:44:22,154] {scheduler_job.py:190} INFO - Processing /home/encrypted/abaceti/.virtualenvs/pumpwood-airflow-images/lib/python3.6/site-packages/airflow/example_dags/example_trigger_target_dag.py took 0.038 seconds
[2021-06-07 18:44:52,219] {scheduler_job.py:182} INFO - Started process (PID=7512) to work on /home/encrypted/abaceti/.virtualenvs/pumpwood-airflow-images/lib/python3.6/site-packages/airflow/example_dags/example_trigger_target_dag.py
[2021-06-07 18:44:52,219] {scheduler_job.py:633} INFO - Processing file /home/encrypted/abaceti/.virtualenvs/pumpwood-airflow-images/lib/python3.6/site-packages/airflow/example_dags/example_trigger_target_dag.py for tasks to queue
[2021-06-07 18:44:52,220] {logging_mixin.py:104} INFO - [2021-06-07 18:44:52,220] {dagbag.py:487} INFO - Filling up the DagBag from /home/encrypted/abaceti/.virtualenvs/pumpwood-airflow-images/lib/python3.6/site-packages/airflow/example_dags/example_trigger_target_dag.py
[2021-06-07 18:44:52,226] {scheduler_job.py:643} INFO - DAG(s) dict_keys(['example_trigger_target_dag']) retrieved from /home/encrypted/abaceti/.virtualenvs/pumpwood-airflow-images/lib/python3.6/site-packages/airflow/example_dags/example_trigger_target_dag.py
[2021-06-07 18:44:52,240] {logging_mixin.py:104} INFO - [2021-06-07 18:44:52,240] {dag.py:1832} INFO - Sync 1 DAGs
[2021-06-07 18:44:52,248] {logging_mixin.py:104} INFO - [2021-06-07 18:44:52,248] {dag.py:2305} INFO - Setting next_dagrun for example_trigger_target_dag to None
[2021-06-07 18:44:52,253] {scheduler_job.py:190} INFO - Processing /home/encrypted/abaceti/.virtualenvs/pumpwood-airflow-images/lib/python3.6/site-packages/airflow/example_dags/example_trigger_target_dag.py took 0.036 seconds
[2021-06-07 18:45:23,175] {scheduler_job.py:182} INFO - Started process (PID=7629) to work on /home/encrypted/abaceti/.virtualenvs/pumpwood-airflow-images/lib/python3.6/site-packages/airflow/example_dags/example_trigger_target_dag.py
[2021-06-07 18:45:23,176] {scheduler_job.py:633} INFO - Processing file /home/encrypted/abaceti/.virtualenvs/pumpwood-airflow-images/lib/python3.6/site-packages/airflow/example_dags/example_trigger_target_dag.py for tasks to queue
[2021-06-07 18:45:23,176] {logging_mixin.py:104} INFO - [2021-06-07 18:45:23,176] {dagbag.py:487} INFO - Filling up the DagBag from /home/encrypted/abaceti/.virtualenvs/pumpwood-airflow-images/lib/python3.6/site-packages/airflow/example_dags/example_trigger_target_dag.py
[2021-06-07 18:45:23,183] {scheduler_job.py:643} INFO - DAG(s) dict_keys(['example_trigger_target_dag']) retrieved from /home/encrypted/abaceti/.virtualenvs/pumpwood-airflow-images/lib/python3.6/site-packages/airflow/example_dags/example_trigger_target_dag.py
[2021-06-07 18:45:23,197] {logging_mixin.py:104} INFO - [2021-06-07 18:45:23,197] {dag.py:1832} INFO - Sync 1 DAGs
[2021-06-07 18:45:23,206] {logging_mixin.py:104} INFO - [2021-06-07 18:45:23,206] {dag.py:2305} INFO - Setting next_dagrun for example_trigger_target_dag to None
[2021-06-07 18:45:23,211] {scheduler_job.py:190} INFO - Processing /home/encrypted/abaceti/.virtualenvs/pumpwood-airflow-images/lib/python3.6/site-packages/airflow/example_dags/example_trigger_target_dag.py took 0.037 seconds
[2021-06-07 18:45:53,305] {scheduler_job.py:182} INFO - Started process (PID=7797) to work on /home/encrypted/abaceti/.virtualenvs/pumpwood-airflow-images/lib/python3.6/site-packages/airflow/example_dags/example_trigger_target_dag.py
[2021-06-07 18:45:53,305] {scheduler_job.py:633} INFO - Processing file /home/encrypted/abaceti/.virtualenvs/pumpwood-airflow-images/lib/python3.6/site-packages/airflow/example_dags/example_trigger_target_dag.py for tasks to queue
[2021-06-07 18:45:53,306] {logging_mixin.py:104} INFO - [2021-06-07 18:45:53,306] {dagbag.py:487} INFO - Filling up the DagBag from /home/encrypted/abaceti/.virtualenvs/pumpwood-airflow-images/lib/python3.6/site-packages/airflow/example_dags/example_trigger_target_dag.py
[2021-06-07 18:45:53,312] {scheduler_job.py:643} INFO - DAG(s) dict_keys(['example_trigger_target_dag']) retrieved from /home/encrypted/abaceti/.virtualenvs/pumpwood-airflow-images/lib/python3.6/site-packages/airflow/example_dags/example_trigger_target_dag.py
[2021-06-07 18:45:53,327] {logging_mixin.py:104} INFO - [2021-06-07 18:45:53,327] {dag.py:1832} INFO - Sync 1 DAGs
[2021-06-07 18:45:53,335] {logging_mixin.py:104} INFO - [2021-06-07 18:45:53,335] {dag.py:2305} INFO - Setting next_dagrun for example_trigger_target_dag to None
[2021-06-07 18:45:53,340] {scheduler_job.py:190} INFO - Processing /home/encrypted/abaceti/.virtualenvs/pumpwood-airflow-images/lib/python3.6/site-packages/airflow/example_dags/example_trigger_target_dag.py took 0.036 seconds
[2021-06-07 18:46:23,457] {scheduler_job.py:182} INFO - Started process (PID=7916) to work on /home/encrypted/abaceti/.virtualenvs/pumpwood-airflow-images/lib/python3.6/site-packages/airflow/example_dags/example_trigger_target_dag.py
[2021-06-07 18:46:23,458] {scheduler_job.py:633} INFO - Processing file /home/encrypted/abaceti/.virtualenvs/pumpwood-airflow-images/lib/python3.6/site-packages/airflow/example_dags/example_trigger_target_dag.py for tasks to queue
[2021-06-07 18:46:23,458] {logging_mixin.py:104} INFO - [2021-06-07 18:46:23,458] {dagbag.py:487} INFO - Filling up the DagBag from /home/encrypted/abaceti/.virtualenvs/pumpwood-airflow-images/lib/python3.6/site-packages/airflow/example_dags/example_trigger_target_dag.py
[2021-06-07 18:46:23,465] {scheduler_job.py:643} INFO - DAG(s) dict_keys(['example_trigger_target_dag']) retrieved from /home/encrypted/abaceti/.virtualenvs/pumpwood-airflow-images/lib/python3.6/site-packages/airflow/example_dags/example_trigger_target_dag.py
[2021-06-07 18:46:23,481] {logging_mixin.py:104} INFO - [2021-06-07 18:46:23,481] {dag.py:1832} INFO - Sync 1 DAGs
[2021-06-07 18:46:23,489] {logging_mixin.py:104} INFO - [2021-06-07 18:46:23,489] {dag.py:2305} INFO - Setting next_dagrun for example_trigger_target_dag to None
[2021-06-07 18:46:23,494] {scheduler_job.py:190} INFO - Processing /home/encrypted/abaceti/.virtualenvs/pumpwood-airflow-images/lib/python3.6/site-packages/airflow/example_dags/example_trigger_target_dag.py took 0.038 seconds
[2021-06-07 18:46:53,576] {scheduler_job.py:182} INFO - Started process (PID=8104) to work on /home/encrypted/abaceti/.virtualenvs/pumpwood-airflow-images/lib/python3.6/site-packages/airflow/example_dags/example_trigger_target_dag.py
[2021-06-07 18:46:53,576] {scheduler_job.py:633} INFO - Processing file /home/encrypted/abaceti/.virtualenvs/pumpwood-airflow-images/lib/python3.6/site-packages/airflow/example_dags/example_trigger_target_dag.py for tasks to queue
[2021-06-07 18:46:53,576] {logging_mixin.py:104} INFO - [2021-06-07 18:46:53,576] {dagbag.py:487} INFO - Filling up the DagBag from /home/encrypted/abaceti/.virtualenvs/pumpwood-airflow-images/lib/python3.6/site-packages/airflow/example_dags/example_trigger_target_dag.py
[2021-06-07 18:46:53,583] {scheduler_job.py:643} INFO - DAG(s) dict_keys(['example_trigger_target_dag']) retrieved from /home/encrypted/abaceti/.virtualenvs/pumpwood-airflow-images/lib/python3.6/site-packages/airflow/example_dags/example_trigger_target_dag.py
[2021-06-07 18:46:53,596] {logging_mixin.py:104} INFO - [2021-06-07 18:46:53,596] {dag.py:1832} INFO - Sync 1 DAGs
[2021-06-07 18:46:53,604] {logging_mixin.py:104} INFO - [2021-06-07 18:46:53,604] {dag.py:2305} INFO - Setting next_dagrun for example_trigger_target_dag to None
[2021-06-07 18:46:53,609] {scheduler_job.py:190} INFO - Processing /home/encrypted/abaceti/.virtualenvs/pumpwood-airflow-images/lib/python3.6/site-packages/airflow/example_dags/example_trigger_target_dag.py took 0.035 seconds
[2021-06-07 18:47:23,740] {scheduler_job.py:182} INFO - Started process (PID=8239) to work on /home/encrypted/abaceti/.virtualenvs/pumpwood-airflow-images/lib/python3.6/site-packages/airflow/example_dags/example_trigger_target_dag.py
[2021-06-07 18:47:23,740] {scheduler_job.py:633} INFO - Processing file /home/encrypted/abaceti/.virtualenvs/pumpwood-airflow-images/lib/python3.6/site-packages/airflow/example_dags/example_trigger_target_dag.py for tasks to queue
[2021-06-07 18:47:23,741] {logging_mixin.py:104} INFO - [2021-06-07 18:47:23,741] {dagbag.py:487} INFO - Filling up the DagBag from /home/encrypted/abaceti/.virtualenvs/pumpwood-airflow-images/lib/python3.6/site-packages/airflow/example_dags/example_trigger_target_dag.py
[2021-06-07 18:47:23,748] {scheduler_job.py:643} INFO - DAG(s) dict_keys(['example_trigger_target_dag']) retrieved from /home/encrypted/abaceti/.virtualenvs/pumpwood-airflow-images/lib/python3.6/site-packages/airflow/example_dags/example_trigger_target_dag.py
[2021-06-07 18:47:23,765] {logging_mixin.py:104} INFO - [2021-06-07 18:47:23,765] {dag.py:1832} INFO - Sync 1 DAGs
[2021-06-07 18:47:23,773] {logging_mixin.py:104} INFO - [2021-06-07 18:47:23,773] {dag.py:2305} INFO - Setting next_dagrun for example_trigger_target_dag to None
[2021-06-07 18:47:23,778] {scheduler_job.py:190} INFO - Processing /home/encrypted/abaceti/.virtualenvs/pumpwood-airflow-images/lib/python3.6/site-packages/airflow/example_dags/example_trigger_target_dag.py took 0.041 seconds
[2021-06-07 18:47:53,841] {scheduler_job.py:182} INFO - Started process (PID=8456) to work on /home/encrypted/abaceti/.virtualenvs/pumpwood-airflow-images/lib/python3.6/site-packages/airflow/example_dags/example_trigger_target_dag.py
[2021-06-07 18:47:53,842] {scheduler_job.py:633} INFO - Processing file /home/encrypted/abaceti/.virtualenvs/pumpwood-airflow-images/lib/python3.6/site-packages/airflow/example_dags/example_trigger_target_dag.py for tasks to queue
[2021-06-07 18:47:53,842] {logging_mixin.py:104} INFO - [2021-06-07 18:47:53,842] {dagbag.py:487} INFO - Filling up the DagBag from /home/encrypted/abaceti/.virtualenvs/pumpwood-airflow-images/lib/python3.6/site-packages/airflow/example_dags/example_trigger_target_dag.py
[2021-06-07 18:47:53,849] {scheduler_job.py:643} INFO - DAG(s) dict_keys(['example_trigger_target_dag']) retrieved from /home/encrypted/abaceti/.virtualenvs/pumpwood-airflow-images/lib/python3.6/site-packages/airflow/example_dags/example_trigger_target_dag.py
[2021-06-07 18:47:53,864] {logging_mixin.py:104} INFO - [2021-06-07 18:47:53,864] {dag.py:1832} INFO - Sync 1 DAGs
[2021-06-07 18:47:53,871] {logging_mixin.py:104} INFO - [2021-06-07 18:47:53,871] {dag.py:2305} INFO - Setting next_dagrun for example_trigger_target_dag to None
[2021-06-07 18:47:53,876] {scheduler_job.py:190} INFO - Processing /home/encrypted/abaceti/.virtualenvs/pumpwood-airflow-images/lib/python3.6/site-packages/airflow/example_dags/example_trigger_target_dag.py took 0.037 seconds
[2021-06-07 18:48:24,063] {scheduler_job.py:182} INFO - Started process (PID=8673) to work on /home/encrypted/abaceti/.virtualenvs/pumpwood-airflow-images/lib/python3.6/site-packages/airflow/example_dags/example_trigger_target_dag.py
[2021-06-07 18:48:24,064] {scheduler_job.py:633} INFO - Processing file /home/encrypted/abaceti/.virtualenvs/pumpwood-airflow-images/lib/python3.6/site-packages/airflow/example_dags/example_trigger_target_dag.py for tasks to queue
[2021-06-07 18:48:24,064] {logging_mixin.py:104} INFO - [2021-06-07 18:48:24,064] {dagbag.py:487} INFO - Filling up the DagBag from /home/encrypted/abaceti/.virtualenvs/pumpwood-airflow-images/lib/python3.6/site-packages/airflow/example_dags/example_trigger_target_dag.py
[2021-06-07 18:48:24,070] {scheduler_job.py:643} INFO - DAG(s) dict_keys(['example_trigger_target_dag']) retrieved from /home/encrypted/abaceti/.virtualenvs/pumpwood-airflow-images/lib/python3.6/site-packages/airflow/example_dags/example_trigger_target_dag.py
[2021-06-07 18:48:24,085] {logging_mixin.py:104} INFO - [2021-06-07 18:48:24,085] {dag.py:1832} INFO - Sync 1 DAGs
[2021-06-07 18:48:24,093] {logging_mixin.py:104} INFO - [2021-06-07 18:48:24,093] {dag.py:2305} INFO - Setting next_dagrun for example_trigger_target_dag to None
[2021-06-07 18:48:24,098] {scheduler_job.py:190} INFO - Processing /home/encrypted/abaceti/.virtualenvs/pumpwood-airflow-images/lib/python3.6/site-packages/airflow/example_dags/example_trigger_target_dag.py took 0.037 seconds
[2021-06-07 18:48:49,410] {scheduler_job.py:182} INFO - Started process (PID=8866) to work on /home/encrypted/abaceti/.virtualenvs/pumpwood-airflow-images/lib/python3.6/site-packages/airflow/example_dags/example_trigger_target_dag.py
[2021-06-07 18:48:49,411] {scheduler_job.py:633} INFO - Processing file /home/encrypted/abaceti/.virtualenvs/pumpwood-airflow-images/lib/python3.6/site-packages/airflow/example_dags/example_trigger_target_dag.py for tasks to queue
[2021-06-07 18:48:49,411] {logging_mixin.py:104} INFO - [2021-06-07 18:48:49,411] {dagbag.py:487} INFO - Filling up the DagBag from /home/encrypted/abaceti/.virtualenvs/pumpwood-airflow-images/lib/python3.6/site-packages/airflow/example_dags/example_trigger_target_dag.py
[2021-06-07 18:48:49,417] {scheduler_job.py:643} INFO - DAG(s) dict_keys(['example_trigger_target_dag']) retrieved from /home/encrypted/abaceti/.virtualenvs/pumpwood-airflow-images/lib/python3.6/site-packages/airflow/example_dags/example_trigger_target_dag.py
[2021-06-07 18:48:49,432] {logging_mixin.py:104} INFO - [2021-06-07 18:48:49,432] {dag.py:1832} INFO - Sync 1 DAGs
[2021-06-07 18:48:49,441] {logging_mixin.py:104} INFO - [2021-06-07 18:48:49,441] {dag.py:2305} INFO - Setting next_dagrun for example_trigger_target_dag to None
[2021-06-07 18:48:49,446] {scheduler_job.py:190} INFO - Processing /home/encrypted/abaceti/.virtualenvs/pumpwood-airflow-images/lib/python3.6/site-packages/airflow/example_dags/example_trigger_target_dag.py took 0.038 seconds
[2021-06-07 18:49:20,331] {scheduler_job.py:182} INFO - Started process (PID=8988) to work on /home/encrypted/abaceti/.virtualenvs/pumpwood-airflow-images/lib/python3.6/site-packages/airflow/example_dags/example_trigger_target_dag.py
[2021-06-07 18:49:20,332] {scheduler_job.py:633} INFO - Processing file /home/encrypted/abaceti/.virtualenvs/pumpwood-airflow-images/lib/python3.6/site-packages/airflow/example_dags/example_trigger_target_dag.py for tasks to queue
[2021-06-07 18:49:20,332] {logging_mixin.py:104} INFO - [2021-06-07 18:49:20,332] {dagbag.py:487} INFO - Filling up the DagBag from /home/encrypted/abaceti/.virtualenvs/pumpwood-airflow-images/lib/python3.6/site-packages/airflow/example_dags/example_trigger_target_dag.py
[2021-06-07 18:49:20,339] {scheduler_job.py:643} INFO - DAG(s) dict_keys(['example_trigger_target_dag']) retrieved from /home/encrypted/abaceti/.virtualenvs/pumpwood-airflow-images/lib/python3.6/site-packages/airflow/example_dags/example_trigger_target_dag.py
[2021-06-07 18:49:20,353] {logging_mixin.py:104} INFO - [2021-06-07 18:49:20,353] {dag.py:1832} INFO - Sync 1 DAGs
[2021-06-07 18:49:20,362] {logging_mixin.py:104} INFO - [2021-06-07 18:49:20,361] {dag.py:2305} INFO - Setting next_dagrun for example_trigger_target_dag to None
[2021-06-07 18:49:20,367] {scheduler_job.py:190} INFO - Processing /home/encrypted/abaceti/.virtualenvs/pumpwood-airflow-images/lib/python3.6/site-packages/airflow/example_dags/example_trigger_target_dag.py took 0.037 seconds
[2021-06-07 18:49:50,432] {scheduler_job.py:182} INFO - Started process (PID=9162) to work on /home/encrypted/abaceti/.virtualenvs/pumpwood-airflow-images/lib/python3.6/site-packages/airflow/example_dags/example_trigger_target_dag.py
[2021-06-07 18:49:50,432] {scheduler_job.py:633} INFO - Processing file /home/encrypted/abaceti/.virtualenvs/pumpwood-airflow-images/lib/python3.6/site-packages/airflow/example_dags/example_trigger_target_dag.py for tasks to queue
[2021-06-07 18:49:50,432] {logging_mixin.py:104} INFO - [2021-06-07 18:49:50,432] {dagbag.py:487} INFO - Filling up the DagBag from /home/encrypted/abaceti/.virtualenvs/pumpwood-airflow-images/lib/python3.6/site-packages/airflow/example_dags/example_trigger_target_dag.py
[2021-06-07 18:49:50,440] {scheduler_job.py:643} INFO - DAG(s) dict_keys(['example_trigger_target_dag']) retrieved from /home/encrypted/abaceti/.virtualenvs/pumpwood-airflow-images/lib/python3.6/site-packages/airflow/example_dags/example_trigger_target_dag.py
[2021-06-07 18:49:50,454] {logging_mixin.py:104} INFO - [2021-06-07 18:49:50,454] {dag.py:1832} INFO - Sync 1 DAGs
[2021-06-07 18:49:50,462] {logging_mixin.py:104} INFO - [2021-06-07 18:49:50,462] {dag.py:2305} INFO - Setting next_dagrun for example_trigger_target_dag to None
[2021-06-07 18:49:50,468] {scheduler_job.py:190} INFO - Processing /home/encrypted/abaceti/.virtualenvs/pumpwood-airflow-images/lib/python3.6/site-packages/airflow/example_dags/example_trigger_target_dag.py took 0.038 seconds
[2021-06-07 18:50:20,816] {scheduler_job.py:182} INFO - Started process (PID=9403) to work on /home/encrypted/abaceti/.virtualenvs/pumpwood-airflow-images/lib/python3.6/site-packages/airflow/example_dags/example_trigger_target_dag.py
[2021-06-07 18:50:20,816] {scheduler_job.py:633} INFO - Processing file /home/encrypted/abaceti/.virtualenvs/pumpwood-airflow-images/lib/python3.6/site-packages/airflow/example_dags/example_trigger_target_dag.py for tasks to queue
[2021-06-07 18:50:20,817] {logging_mixin.py:104} INFO - [2021-06-07 18:50:20,817] {dagbag.py:487} INFO - Filling up the DagBag from /home/encrypted/abaceti/.virtualenvs/pumpwood-airflow-images/lib/python3.6/site-packages/airflow/example_dags/example_trigger_target_dag.py
[2021-06-07 18:50:20,823] {scheduler_job.py:643} INFO - DAG(s) dict_keys(['example_trigger_target_dag']) retrieved from /home/encrypted/abaceti/.virtualenvs/pumpwood-airflow-images/lib/python3.6/site-packages/airflow/example_dags/example_trigger_target_dag.py
[2021-06-07 18:50:20,837] {logging_mixin.py:104} INFO - [2021-06-07 18:50:20,837] {dag.py:1832} INFO - Sync 1 DAGs
[2021-06-07 18:50:20,845] {logging_mixin.py:104} INFO - [2021-06-07 18:50:20,845] {dag.py:2305} INFO - Setting next_dagrun for example_trigger_target_dag to None
[2021-06-07 18:50:20,850] {scheduler_job.py:190} INFO - Processing /home/encrypted/abaceti/.virtualenvs/pumpwood-airflow-images/lib/python3.6/site-packages/airflow/example_dags/example_trigger_target_dag.py took 0.036 seconds
[2021-06-07 18:50:51,079] {scheduler_job.py:182} INFO - Started process (PID=9563) to work on /home/encrypted/abaceti/.virtualenvs/pumpwood-airflow-images/lib/python3.6/site-packages/airflow/example_dags/example_trigger_target_dag.py
[2021-06-07 18:50:51,080] {scheduler_job.py:633} INFO - Processing file /home/encrypted/abaceti/.virtualenvs/pumpwood-airflow-images/lib/python3.6/site-packages/airflow/example_dags/example_trigger_target_dag.py for tasks to queue
[2021-06-07 18:50:51,080] {logging_mixin.py:104} INFO - [2021-06-07 18:50:51,080] {dagbag.py:487} INFO - Filling up the DagBag from /home/encrypted/abaceti/.virtualenvs/pumpwood-airflow-images/lib/python3.6/site-packages/airflow/example_dags/example_trigger_target_dag.py
[2021-06-07 18:50:51,087] {scheduler_job.py:643} INFO - DAG(s) dict_keys(['example_trigger_target_dag']) retrieved from /home/encrypted/abaceti/.virtualenvs/pumpwood-airflow-images/lib/python3.6/site-packages/airflow/example_dags/example_trigger_target_dag.py
[2021-06-07 18:50:51,102] {logging_mixin.py:104} INFO - [2021-06-07 18:50:51,102] {dag.py:1832} INFO - Sync 1 DAGs
[2021-06-07 18:50:51,110] {logging_mixin.py:104} INFO - [2021-06-07 18:50:51,110] {dag.py:2305} INFO - Setting next_dagrun for example_trigger_target_dag to None
[2021-06-07 18:50:51,116] {scheduler_job.py:190} INFO - Processing /home/encrypted/abaceti/.virtualenvs/pumpwood-airflow-images/lib/python3.6/site-packages/airflow/example_dags/example_trigger_target_dag.py took 0.039 seconds
[2021-06-07 18:51:21,210] {scheduler_job.py:182} INFO - Started process (PID=9679) to work on /home/encrypted/abaceti/.virtualenvs/pumpwood-airflow-images/lib/python3.6/site-packages/airflow/example_dags/example_trigger_target_dag.py
[2021-06-07 18:51:21,210] {scheduler_job.py:633} INFO - Processing file /home/encrypted/abaceti/.virtualenvs/pumpwood-airflow-images/lib/python3.6/site-packages/airflow/example_dags/example_trigger_target_dag.py for tasks to queue
[2021-06-07 18:51:21,211] {logging_mixin.py:104} INFO - [2021-06-07 18:51:21,211] {dagbag.py:487} INFO - Filling up the DagBag from /home/encrypted/abaceti/.virtualenvs/pumpwood-airflow-images/lib/python3.6/site-packages/airflow/example_dags/example_trigger_target_dag.py
[2021-06-07 18:51:21,217] {scheduler_job.py:643} INFO - DAG(s) dict_keys(['example_trigger_target_dag']) retrieved from /home/encrypted/abaceti/.virtualenvs/pumpwood-airflow-images/lib/python3.6/site-packages/airflow/example_dags/example_trigger_target_dag.py
[2021-06-07 18:51:21,232] {logging_mixin.py:104} INFO - [2021-06-07 18:51:21,232] {dag.py:1832} INFO - Sync 1 DAGs
[2021-06-07 18:51:21,242] {logging_mixin.py:104} INFO - [2021-06-07 18:51:21,242] {dag.py:2305} INFO - Setting next_dagrun for example_trigger_target_dag to None
[2021-06-07 18:51:21,248] {scheduler_job.py:190} INFO - Processing /home/encrypted/abaceti/.virtualenvs/pumpwood-airflow-images/lib/python3.6/site-packages/airflow/example_dags/example_trigger_target_dag.py took 0.039 seconds
[2021-06-07 18:51:51,361] {scheduler_job.py:182} INFO - Started process (PID=9845) to work on /home/encrypted/abaceti/.virtualenvs/pumpwood-airflow-images/lib/python3.6/site-packages/airflow/example_dags/example_trigger_target_dag.py
[2021-06-07 18:51:51,361] {scheduler_job.py:633} INFO - Processing file /home/encrypted/abaceti/.virtualenvs/pumpwood-airflow-images/lib/python3.6/site-packages/airflow/example_dags/example_trigger_target_dag.py for tasks to queue
[2021-06-07 18:51:51,361] {logging_mixin.py:104} INFO - [2021-06-07 18:51:51,361] {dagbag.py:487} INFO - Filling up the DagBag from /home/encrypted/abaceti/.virtualenvs/pumpwood-airflow-images/lib/python3.6/site-packages/airflow/example_dags/example_trigger_target_dag.py
[2021-06-07 18:51:51,368] {scheduler_job.py:643} INFO - DAG(s) dict_keys(['example_trigger_target_dag']) retrieved from /home/encrypted/abaceti/.virtualenvs/pumpwood-airflow-images/lib/python3.6/site-packages/airflow/example_dags/example_trigger_target_dag.py
[2021-06-07 18:51:51,382] {logging_mixin.py:104} INFO - [2021-06-07 18:51:51,382] {dag.py:1832} INFO - Sync 1 DAGs
[2021-06-07 18:51:51,391] {logging_mixin.py:104} INFO - [2021-06-07 18:51:51,391] {dag.py:2305} INFO - Setting next_dagrun for example_trigger_target_dag to None
[2021-06-07 18:51:51,396] {scheduler_job.py:190} INFO - Processing /home/encrypted/abaceti/.virtualenvs/pumpwood-airflow-images/lib/python3.6/site-packages/airflow/example_dags/example_trigger_target_dag.py took 0.037 seconds
[2021-06-07 18:52:21,574] {scheduler_job.py:182} INFO - Started process (PID=9963) to work on /home/encrypted/abaceti/.virtualenvs/pumpwood-airflow-images/lib/python3.6/site-packages/airflow/example_dags/example_trigger_target_dag.py
[2021-06-07 18:52:21,575] {scheduler_job.py:633} INFO - Processing file /home/encrypted/abaceti/.virtualenvs/pumpwood-airflow-images/lib/python3.6/site-packages/airflow/example_dags/example_trigger_target_dag.py for tasks to queue
[2021-06-07 18:52:21,575] {logging_mixin.py:104} INFO - [2021-06-07 18:52:21,575] {dagbag.py:487} INFO - Filling up the DagBag from /home/encrypted/abaceti/.virtualenvs/pumpwood-airflow-images/lib/python3.6/site-packages/airflow/example_dags/example_trigger_target_dag.py
[2021-06-07 18:52:21,582] {scheduler_job.py:643} INFO - DAG(s) dict_keys(['example_trigger_target_dag']) retrieved from /home/encrypted/abaceti/.virtualenvs/pumpwood-airflow-images/lib/python3.6/site-packages/airflow/example_dags/example_trigger_target_dag.py
[2021-06-07 18:52:21,597] {logging_mixin.py:104} INFO - [2021-06-07 18:52:21,597] {dag.py:1832} INFO - Sync 1 DAGs
[2021-06-07 18:52:21,605] {logging_mixin.py:104} INFO - [2021-06-07 18:52:21,605] {dag.py:2305} INFO - Setting next_dagrun for example_trigger_target_dag to None
[2021-06-07 18:52:21,611] {scheduler_job.py:190} INFO - Processing /home/encrypted/abaceti/.virtualenvs/pumpwood-airflow-images/lib/python3.6/site-packages/airflow/example_dags/example_trigger_target_dag.py took 0.039 seconds
[2021-06-07 18:52:51,701] {scheduler_job.py:182} INFO - Started process (PID=10769) to work on /home/encrypted/abaceti/.virtualenvs/pumpwood-airflow-images/lib/python3.6/site-packages/airflow/example_dags/example_trigger_target_dag.py
[2021-06-07 18:52:51,702] {scheduler_job.py:633} INFO - Processing file /home/encrypted/abaceti/.virtualenvs/pumpwood-airflow-images/lib/python3.6/site-packages/airflow/example_dags/example_trigger_target_dag.py for tasks to queue
[2021-06-07 18:52:51,702] {logging_mixin.py:104} INFO - [2021-06-07 18:52:51,702] {dagbag.py:487} INFO - Filling up the DagBag from /home/encrypted/abaceti/.virtualenvs/pumpwood-airflow-images/lib/python3.6/site-packages/airflow/example_dags/example_trigger_target_dag.py
[2021-06-07 18:52:51,710] {scheduler_job.py:643} INFO - DAG(s) dict_keys(['example_trigger_target_dag']) retrieved from /home/encrypted/abaceti/.virtualenvs/pumpwood-airflow-images/lib/python3.6/site-packages/airflow/example_dags/example_trigger_target_dag.py
[2021-06-07 18:52:51,726] {logging_mixin.py:104} INFO - [2021-06-07 18:52:51,725] {dag.py:1832} INFO - Sync 1 DAGs
[2021-06-07 18:52:51,734] {logging_mixin.py:104} INFO - [2021-06-07 18:52:51,733] {dag.py:2305} INFO - Setting next_dagrun for example_trigger_target_dag to None
[2021-06-07 18:52:51,739] {scheduler_job.py:190} INFO - Processing /home/encrypted/abaceti/.virtualenvs/pumpwood-airflow-images/lib/python3.6/site-packages/airflow/example_dags/example_trigger_target_dag.py took 0.039 seconds
[2021-06-07 18:53:21,866] {scheduler_job.py:182} INFO - Started process (PID=11095) to work on /home/encrypted/abaceti/.virtualenvs/pumpwood-airflow-images/lib/python3.6/site-packages/airflow/example_dags/example_trigger_target_dag.py
[2021-06-07 18:53:21,866] {scheduler_job.py:633} INFO - Processing file /home/encrypted/abaceti/.virtualenvs/pumpwood-airflow-images/lib/python3.6/site-packages/airflow/example_dags/example_trigger_target_dag.py for tasks to queue
[2021-06-07 18:53:21,866] {logging_mixin.py:104} INFO - [2021-06-07 18:53:21,866] {dagbag.py:487} INFO - Filling up the DagBag from /home/encrypted/abaceti/.virtualenvs/pumpwood-airflow-images/lib/python3.6/site-packages/airflow/example_dags/example_trigger_target_dag.py
[2021-06-07 18:53:21,873] {scheduler_job.py:643} INFO - DAG(s) dict_keys(['example_trigger_target_dag']) retrieved from /home/encrypted/abaceti/.virtualenvs/pumpwood-airflow-images/lib/python3.6/site-packages/airflow/example_dags/example_trigger_target_dag.py
[2021-06-07 18:53:21,887] {logging_mixin.py:104} INFO - [2021-06-07 18:53:21,887] {dag.py:1832} INFO - Sync 1 DAGs
[2021-06-07 18:53:21,895] {logging_mixin.py:104} INFO - [2021-06-07 18:53:21,895] {dag.py:2305} INFO - Setting next_dagrun for example_trigger_target_dag to None
[2021-06-07 18:53:21,900] {scheduler_job.py:190} INFO - Processing /home/encrypted/abaceti/.virtualenvs/pumpwood-airflow-images/lib/python3.6/site-packages/airflow/example_dags/example_trigger_target_dag.py took 0.036 seconds
[2021-06-07 18:53:52,133] {scheduler_job.py:182} INFO - Started process (PID=11479) to work on /home/encrypted/abaceti/.virtualenvs/pumpwood-airflow-images/lib/python3.6/site-packages/airflow/example_dags/example_trigger_target_dag.py
[2021-06-07 18:53:52,133] {scheduler_job.py:633} INFO - Processing file /home/encrypted/abaceti/.virtualenvs/pumpwood-airflow-images/lib/python3.6/site-packages/airflow/example_dags/example_trigger_target_dag.py for tasks to queue
[2021-06-07 18:53:52,133] {logging_mixin.py:104} INFO - [2021-06-07 18:53:52,133] {dagbag.py:487} INFO - Filling up the DagBag from /home/encrypted/abaceti/.virtualenvs/pumpwood-airflow-images/lib/python3.6/site-packages/airflow/example_dags/example_trigger_target_dag.py
[2021-06-07 18:53:52,140] {scheduler_job.py:643} INFO - DAG(s) dict_keys(['example_trigger_target_dag']) retrieved from /home/encrypted/abaceti/.virtualenvs/pumpwood-airflow-images/lib/python3.6/site-packages/airflow/example_dags/example_trigger_target_dag.py
[2021-06-07 18:53:52,155] {logging_mixin.py:104} INFO - [2021-06-07 18:53:52,155] {dag.py:1832} INFO - Sync 1 DAGs
[2021-06-07 18:53:52,164] {logging_mixin.py:104} INFO - [2021-06-07 18:53:52,163] {dag.py:2305} INFO - Setting next_dagrun for example_trigger_target_dag to None
[2021-06-07 18:53:52,168] {scheduler_job.py:190} INFO - Processing /home/encrypted/abaceti/.virtualenvs/pumpwood-airflow-images/lib/python3.6/site-packages/airflow/example_dags/example_trigger_target_dag.py took 0.037 seconds
[2021-06-07 18:54:22,195] {scheduler_job.py:182} INFO - Started process (PID=11886) to work on /home/encrypted/abaceti/.virtualenvs/pumpwood-airflow-images/lib/python3.6/site-packages/airflow/example_dags/example_trigger_target_dag.py
[2021-06-07 18:54:22,195] {scheduler_job.py:633} INFO - Processing file /home/encrypted/abaceti/.virtualenvs/pumpwood-airflow-images/lib/python3.6/site-packages/airflow/example_dags/example_trigger_target_dag.py for tasks to queue
[2021-06-07 18:54:22,195] {logging_mixin.py:104} INFO - [2021-06-07 18:54:22,195] {dagbag.py:487} INFO - Filling up the DagBag from /home/encrypted/abaceti/.virtualenvs/pumpwood-airflow-images/lib/python3.6/site-packages/airflow/example_dags/example_trigger_target_dag.py
[2021-06-07 18:54:22,202] {scheduler_job.py:643} INFO - DAG(s) dict_keys(['example_trigger_target_dag']) retrieved from /home/encrypted/abaceti/.virtualenvs/pumpwood-airflow-images/lib/python3.6/site-packages/airflow/example_dags/example_trigger_target_dag.py
[2021-06-07 18:54:22,216] {logging_mixin.py:104} INFO - [2021-06-07 18:54:22,216] {dag.py:1832} INFO - Sync 1 DAGs
[2021-06-07 18:54:22,225] {logging_mixin.py:104} INFO - [2021-06-07 18:54:22,225] {dag.py:2305} INFO - Setting next_dagrun for example_trigger_target_dag to None
[2021-06-07 18:54:22,230] {scheduler_job.py:190} INFO - Processing /home/encrypted/abaceti/.virtualenvs/pumpwood-airflow-images/lib/python3.6/site-packages/airflow/example_dags/example_trigger_target_dag.py took 0.037 seconds
[2021-06-07 18:54:52,370] {scheduler_job.py:182} INFO - Started process (PID=12099) to work on /home/encrypted/abaceti/.virtualenvs/pumpwood-airflow-images/lib/python3.6/site-packages/airflow/example_dags/example_trigger_target_dag.py
[2021-06-07 18:54:52,370] {scheduler_job.py:633} INFO - Processing file /home/encrypted/abaceti/.virtualenvs/pumpwood-airflow-images/lib/python3.6/site-packages/airflow/example_dags/example_trigger_target_dag.py for tasks to queue
[2021-06-07 18:54:52,371] {logging_mixin.py:104} INFO - [2021-06-07 18:54:52,370] {dagbag.py:487} INFO - Filling up the DagBag from /home/encrypted/abaceti/.virtualenvs/pumpwood-airflow-images/lib/python3.6/site-packages/airflow/example_dags/example_trigger_target_dag.py
[2021-06-07 18:54:52,377] {scheduler_job.py:643} INFO - DAG(s) dict_keys(['example_trigger_target_dag']) retrieved from /home/encrypted/abaceti/.virtualenvs/pumpwood-airflow-images/lib/python3.6/site-packages/airflow/example_dags/example_trigger_target_dag.py
[2021-06-07 18:54:52,391] {logging_mixin.py:104} INFO - [2021-06-07 18:54:52,391] {dag.py:1832} INFO - Sync 1 DAGs
[2021-06-07 18:54:52,400] {logging_mixin.py:104} INFO - [2021-06-07 18:54:52,400] {dag.py:2305} INFO - Setting next_dagrun for example_trigger_target_dag to None
[2021-06-07 18:54:52,405] {scheduler_job.py:190} INFO - Processing /home/encrypted/abaceti/.virtualenvs/pumpwood-airflow-images/lib/python3.6/site-packages/airflow/example_dags/example_trigger_target_dag.py took 0.037 seconds
[2021-06-07 18:55:22,537] {scheduler_job.py:182} INFO - Started process (PID=12276) to work on /home/encrypted/abaceti/.virtualenvs/pumpwood-airflow-images/lib/python3.6/site-packages/airflow/example_dags/example_trigger_target_dag.py
[2021-06-07 18:55:22,538] {scheduler_job.py:633} INFO - Processing file /home/encrypted/abaceti/.virtualenvs/pumpwood-airflow-images/lib/python3.6/site-packages/airflow/example_dags/example_trigger_target_dag.py for tasks to queue
[2021-06-07 18:55:22,538] {logging_mixin.py:104} INFO - [2021-06-07 18:55:22,538] {dagbag.py:487} INFO - Filling up the DagBag from /home/encrypted/abaceti/.virtualenvs/pumpwood-airflow-images/lib/python3.6/site-packages/airflow/example_dags/example_trigger_target_dag.py
[2021-06-07 18:55:22,544] {scheduler_job.py:643} INFO - DAG(s) dict_keys(['example_trigger_target_dag']) retrieved from /home/encrypted/abaceti/.virtualenvs/pumpwood-airflow-images/lib/python3.6/site-packages/airflow/example_dags/example_trigger_target_dag.py
[2021-06-07 18:55:22,559] {logging_mixin.py:104} INFO - [2021-06-07 18:55:22,559] {dag.py:1832} INFO - Sync 1 DAGs
[2021-06-07 18:55:22,568] {logging_mixin.py:104} INFO - [2021-06-07 18:55:22,568] {dag.py:2305} INFO - Setting next_dagrun for example_trigger_target_dag to None
[2021-06-07 18:55:22,574] {scheduler_job.py:190} INFO - Processing /home/encrypted/abaceti/.virtualenvs/pumpwood-airflow-images/lib/python3.6/site-packages/airflow/example_dags/example_trigger_target_dag.py took 0.038 seconds
[2021-06-07 18:55:52,641] {scheduler_job.py:182} INFO - Started process (PID=12495) to work on /home/encrypted/abaceti/.virtualenvs/pumpwood-airflow-images/lib/python3.6/site-packages/airflow/example_dags/example_trigger_target_dag.py
[2021-06-07 18:55:52,642] {scheduler_job.py:633} INFO - Processing file /home/encrypted/abaceti/.virtualenvs/pumpwood-airflow-images/lib/python3.6/site-packages/airflow/example_dags/example_trigger_target_dag.py for tasks to queue
[2021-06-07 18:55:52,642] {logging_mixin.py:104} INFO - [2021-06-07 18:55:52,642] {dagbag.py:487} INFO - Filling up the DagBag from /home/encrypted/abaceti/.virtualenvs/pumpwood-airflow-images/lib/python3.6/site-packages/airflow/example_dags/example_trigger_target_dag.py
[2021-06-07 18:55:52,648] {scheduler_job.py:643} INFO - DAG(s) dict_keys(['example_trigger_target_dag']) retrieved from /home/encrypted/abaceti/.virtualenvs/pumpwood-airflow-images/lib/python3.6/site-packages/airflow/example_dags/example_trigger_target_dag.py
[2021-06-07 18:55:52,663] {logging_mixin.py:104} INFO - [2021-06-07 18:55:52,663] {dag.py:1832} INFO - Sync 1 DAGs
[2021-06-07 18:55:52,671] {logging_mixin.py:104} INFO - [2021-06-07 18:55:52,671] {dag.py:2305} INFO - Setting next_dagrun for example_trigger_target_dag to None
[2021-06-07 18:55:52,676] {scheduler_job.py:190} INFO - Processing /home/encrypted/abaceti/.virtualenvs/pumpwood-airflow-images/lib/python3.6/site-packages/airflow/example_dags/example_trigger_target_dag.py took 0.037 seconds
[2021-06-07 18:56:22,777] {scheduler_job.py:182} INFO - Started process (PID=12671) to work on /home/encrypted/abaceti/.virtualenvs/pumpwood-airflow-images/lib/python3.6/site-packages/airflow/example_dags/example_trigger_target_dag.py
[2021-06-07 18:56:22,778] {scheduler_job.py:633} INFO - Processing file /home/encrypted/abaceti/.virtualenvs/pumpwood-airflow-images/lib/python3.6/site-packages/airflow/example_dags/example_trigger_target_dag.py for tasks to queue
[2021-06-07 18:56:22,778] {logging_mixin.py:104} INFO - [2021-06-07 18:56:22,778] {dagbag.py:487} INFO - Filling up the DagBag from /home/encrypted/abaceti/.virtualenvs/pumpwood-airflow-images/lib/python3.6/site-packages/airflow/example_dags/example_trigger_target_dag.py
[2021-06-07 18:56:22,785] {scheduler_job.py:643} INFO - DAG(s) dict_keys(['example_trigger_target_dag']) retrieved from /home/encrypted/abaceti/.virtualenvs/pumpwood-airflow-images/lib/python3.6/site-packages/airflow/example_dags/example_trigger_target_dag.py
[2021-06-07 18:56:22,800] {logging_mixin.py:104} INFO - [2021-06-07 18:56:22,800] {dag.py:1832} INFO - Sync 1 DAGs
[2021-06-07 18:56:22,807] {logging_mixin.py:104} INFO - [2021-06-07 18:56:22,807] {dag.py:2305} INFO - Setting next_dagrun for example_trigger_target_dag to None
[2021-06-07 18:56:22,813] {scheduler_job.py:190} INFO - Processing /home/encrypted/abaceti/.virtualenvs/pumpwood-airflow-images/lib/python3.6/site-packages/airflow/example_dags/example_trigger_target_dag.py took 0.037 seconds
[2021-06-07 18:56:53,043] {scheduler_job.py:182} INFO - Started process (PID=12905) to work on /home/encrypted/abaceti/.virtualenvs/pumpwood-airflow-images/lib/python3.6/site-packages/airflow/example_dags/example_trigger_target_dag.py
[2021-06-07 18:56:53,043] {scheduler_job.py:633} INFO - Processing file /home/encrypted/abaceti/.virtualenvs/pumpwood-airflow-images/lib/python3.6/site-packages/airflow/example_dags/example_trigger_target_dag.py for tasks to queue
[2021-06-07 18:56:53,044] {logging_mixin.py:104} INFO - [2021-06-07 18:56:53,043] {dagbag.py:487} INFO - Filling up the DagBag from /home/encrypted/abaceti/.virtualenvs/pumpwood-airflow-images/lib/python3.6/site-packages/airflow/example_dags/example_trigger_target_dag.py
[2021-06-07 18:56:53,050] {scheduler_job.py:643} INFO - DAG(s) dict_keys(['example_trigger_target_dag']) retrieved from /home/encrypted/abaceti/.virtualenvs/pumpwood-airflow-images/lib/python3.6/site-packages/airflow/example_dags/example_trigger_target_dag.py
[2021-06-07 18:56:53,063] {logging_mixin.py:104} INFO - [2021-06-07 18:56:53,063] {dag.py:1832} INFO - Sync 1 DAGs
[2021-06-07 18:56:53,071] {logging_mixin.py:104} INFO - [2021-06-07 18:56:53,071] {dag.py:2305} INFO - Setting next_dagrun for example_trigger_target_dag to None
[2021-06-07 18:56:53,076] {scheduler_job.py:190} INFO - Processing /home/encrypted/abaceti/.virtualenvs/pumpwood-airflow-images/lib/python3.6/site-packages/airflow/example_dags/example_trigger_target_dag.py took 0.035 seconds
[2021-06-07 18:57:23,983] {scheduler_job.py:182} INFO - Started process (PID=13022) to work on /home/encrypted/abaceti/.virtualenvs/pumpwood-airflow-images/lib/python3.6/site-packages/airflow/example_dags/example_trigger_target_dag.py
[2021-06-07 18:57:23,983] {scheduler_job.py:633} INFO - Processing file /home/encrypted/abaceti/.virtualenvs/pumpwood-airflow-images/lib/python3.6/site-packages/airflow/example_dags/example_trigger_target_dag.py for tasks to queue
[2021-06-07 18:57:23,984] {logging_mixin.py:104} INFO - [2021-06-07 18:57:23,984] {dagbag.py:487} INFO - Filling up the DagBag from /home/encrypted/abaceti/.virtualenvs/pumpwood-airflow-images/lib/python3.6/site-packages/airflow/example_dags/example_trigger_target_dag.py
[2021-06-07 18:57:23,991] {scheduler_job.py:643} INFO - DAG(s) dict_keys(['example_trigger_target_dag']) retrieved from /home/encrypted/abaceti/.virtualenvs/pumpwood-airflow-images/lib/python3.6/site-packages/airflow/example_dags/example_trigger_target_dag.py
[2021-06-07 18:57:24,005] {logging_mixin.py:104} INFO - [2021-06-07 18:57:24,005] {dag.py:1832} INFO - Sync 1 DAGs
[2021-06-07 18:57:24,013] {logging_mixin.py:104} INFO - [2021-06-07 18:57:24,013] {dag.py:2305} INFO - Setting next_dagrun for example_trigger_target_dag to None
[2021-06-07 18:57:24,019] {scheduler_job.py:190} INFO - Processing /home/encrypted/abaceti/.virtualenvs/pumpwood-airflow-images/lib/python3.6/site-packages/airflow/example_dags/example_trigger_target_dag.py took 0.038 seconds
[2021-06-07 18:57:54,178] {scheduler_job.py:182} INFO - Started process (PID=13198) to work on /home/encrypted/abaceti/.virtualenvs/pumpwood-airflow-images/lib/python3.6/site-packages/airflow/example_dags/example_trigger_target_dag.py
[2021-06-07 18:57:54,179] {scheduler_job.py:633} INFO - Processing file /home/encrypted/abaceti/.virtualenvs/pumpwood-airflow-images/lib/python3.6/site-packages/airflow/example_dags/example_trigger_target_dag.py for tasks to queue
[2021-06-07 18:57:54,179] {logging_mixin.py:104} INFO - [2021-06-07 18:57:54,179] {dagbag.py:487} INFO - Filling up the DagBag from /home/encrypted/abaceti/.virtualenvs/pumpwood-airflow-images/lib/python3.6/site-packages/airflow/example_dags/example_trigger_target_dag.py
[2021-06-07 18:57:54,186] {scheduler_job.py:643} INFO - DAG(s) dict_keys(['example_trigger_target_dag']) retrieved from /home/encrypted/abaceti/.virtualenvs/pumpwood-airflow-images/lib/python3.6/site-packages/airflow/example_dags/example_trigger_target_dag.py
[2021-06-07 18:57:54,200] {logging_mixin.py:104} INFO - [2021-06-07 18:57:54,200] {dag.py:1832} INFO - Sync 1 DAGs
[2021-06-07 18:57:54,208] {logging_mixin.py:104} INFO - [2021-06-07 18:57:54,208] {dag.py:2305} INFO - Setting next_dagrun for example_trigger_target_dag to None
[2021-06-07 18:57:54,214] {scheduler_job.py:190} INFO - Processing /home/encrypted/abaceti/.virtualenvs/pumpwood-airflow-images/lib/python3.6/site-packages/airflow/example_dags/example_trigger_target_dag.py took 0.037 seconds
[2021-06-07 18:58:24,295] {scheduler_job.py:182} INFO - Started process (PID=13315) to work on /home/encrypted/abaceti/.virtualenvs/pumpwood-airflow-images/lib/python3.6/site-packages/airflow/example_dags/example_trigger_target_dag.py
[2021-06-07 18:58:24,295] {scheduler_job.py:633} INFO - Processing file /home/encrypted/abaceti/.virtualenvs/pumpwood-airflow-images/lib/python3.6/site-packages/airflow/example_dags/example_trigger_target_dag.py for tasks to queue
[2021-06-07 18:58:24,296] {logging_mixin.py:104} INFO - [2021-06-07 18:58:24,295] {dagbag.py:487} INFO - Filling up the DagBag from /home/encrypted/abaceti/.virtualenvs/pumpwood-airflow-images/lib/python3.6/site-packages/airflow/example_dags/example_trigger_target_dag.py
[2021-06-07 18:58:24,303] {scheduler_job.py:643} INFO - DAG(s) dict_keys(['example_trigger_target_dag']) retrieved from /home/encrypted/abaceti/.virtualenvs/pumpwood-airflow-images/lib/python3.6/site-packages/airflow/example_dags/example_trigger_target_dag.py
[2021-06-07 18:58:24,317] {logging_mixin.py:104} INFO - [2021-06-07 18:58:24,317] {dag.py:1832} INFO - Sync 1 DAGs
[2021-06-07 18:58:24,325] {logging_mixin.py:104} INFO - [2021-06-07 18:58:24,325] {dag.py:2305} INFO - Setting next_dagrun for example_trigger_target_dag to None
[2021-06-07 18:58:24,331] {scheduler_job.py:190} INFO - Processing /home/encrypted/abaceti/.virtualenvs/pumpwood-airflow-images/lib/python3.6/site-packages/airflow/example_dags/example_trigger_target_dag.py took 0.037 seconds
[2021-06-07 18:58:54,414] {scheduler_job.py:182} INFO - Started process (PID=13488) to work on /home/encrypted/abaceti/.virtualenvs/pumpwood-airflow-images/lib/python3.6/site-packages/airflow/example_dags/example_trigger_target_dag.py
[2021-06-07 18:58:54,414] {scheduler_job.py:633} INFO - Processing file /home/encrypted/abaceti/.virtualenvs/pumpwood-airflow-images/lib/python3.6/site-packages/airflow/example_dags/example_trigger_target_dag.py for tasks to queue
[2021-06-07 18:58:54,414] {logging_mixin.py:104} INFO - [2021-06-07 18:58:54,414] {dagbag.py:487} INFO - Filling up the DagBag from /home/encrypted/abaceti/.virtualenvs/pumpwood-airflow-images/lib/python3.6/site-packages/airflow/example_dags/example_trigger_target_dag.py
[2021-06-07 18:58:54,422] {scheduler_job.py:643} INFO - DAG(s) dict_keys(['example_trigger_target_dag']) retrieved from /home/encrypted/abaceti/.virtualenvs/pumpwood-airflow-images/lib/python3.6/site-packages/airflow/example_dags/example_trigger_target_dag.py
[2021-06-07 18:58:54,438] {logging_mixin.py:104} INFO - [2021-06-07 18:58:54,438] {dag.py:1832} INFO - Sync 1 DAGs
[2021-06-07 18:58:54,446] {logging_mixin.py:104} INFO - [2021-06-07 18:58:54,446] {dag.py:2305} INFO - Setting next_dagrun for example_trigger_target_dag to None
[2021-06-07 18:58:54,451] {scheduler_job.py:190} INFO - Processing /home/encrypted/abaceti/.virtualenvs/pumpwood-airflow-images/lib/python3.6/site-packages/airflow/example_dags/example_trigger_target_dag.py took 0.039 seconds
[2021-06-07 18:59:24,577] {scheduler_job.py:182} INFO - Started process (PID=13613) to work on /home/encrypted/abaceti/.virtualenvs/pumpwood-airflow-images/lib/python3.6/site-packages/airflow/example_dags/example_trigger_target_dag.py
[2021-06-07 18:59:24,577] {scheduler_job.py:633} INFO - Processing file /home/encrypted/abaceti/.virtualenvs/pumpwood-airflow-images/lib/python3.6/site-packages/airflow/example_dags/example_trigger_target_dag.py for tasks to queue
[2021-06-07 18:59:24,578] {logging_mixin.py:104} INFO - [2021-06-07 18:59:24,578] {dagbag.py:487} INFO - Filling up the DagBag from /home/encrypted/abaceti/.virtualenvs/pumpwood-airflow-images/lib/python3.6/site-packages/airflow/example_dags/example_trigger_target_dag.py
[2021-06-07 18:59:24,585] {scheduler_job.py:643} INFO - DAG(s) dict_keys(['example_trigger_target_dag']) retrieved from /home/encrypted/abaceti/.virtualenvs/pumpwood-airflow-images/lib/python3.6/site-packages/airflow/example_dags/example_trigger_target_dag.py
[2021-06-07 18:59:24,599] {logging_mixin.py:104} INFO - [2021-06-07 18:59:24,599] {dag.py:1832} INFO - Sync 1 DAGs
[2021-06-07 18:59:24,607] {logging_mixin.py:104} INFO - [2021-06-07 18:59:24,607] {dag.py:2305} INFO - Setting next_dagrun for example_trigger_target_dag to None
[2021-06-07 18:59:24,612] {scheduler_job.py:190} INFO - Processing /home/encrypted/abaceti/.virtualenvs/pumpwood-airflow-images/lib/python3.6/site-packages/airflow/example_dags/example_trigger_target_dag.py took 0.037 seconds
[2021-06-07 18:59:54,732] {scheduler_job.py:182} INFO - Started process (PID=13775) to work on /home/encrypted/abaceti/.virtualenvs/pumpwood-airflow-images/lib/python3.6/site-packages/airflow/example_dags/example_trigger_target_dag.py
[2021-06-07 18:59:54,733] {scheduler_job.py:633} INFO - Processing file /home/encrypted/abaceti/.virtualenvs/pumpwood-airflow-images/lib/python3.6/site-packages/airflow/example_dags/example_trigger_target_dag.py for tasks to queue
[2021-06-07 18:59:54,733] {logging_mixin.py:104} INFO - [2021-06-07 18:59:54,733] {dagbag.py:487} INFO - Filling up the DagBag from /home/encrypted/abaceti/.virtualenvs/pumpwood-airflow-images/lib/python3.6/site-packages/airflow/example_dags/example_trigger_target_dag.py
[2021-06-07 18:59:54,740] {scheduler_job.py:643} INFO - DAG(s) dict_keys(['example_trigger_target_dag']) retrieved from /home/encrypted/abaceti/.virtualenvs/pumpwood-airflow-images/lib/python3.6/site-packages/airflow/example_dags/example_trigger_target_dag.py
[2021-06-07 18:59:54,754] {logging_mixin.py:104} INFO - [2021-06-07 18:59:54,754] {dag.py:1832} INFO - Sync 1 DAGs
[2021-06-07 18:59:54,763] {logging_mixin.py:104} INFO - [2021-06-07 18:59:54,763] {dag.py:2305} INFO - Setting next_dagrun for example_trigger_target_dag to None
[2021-06-07 18:59:54,769] {scheduler_job.py:190} INFO - Processing /home/encrypted/abaceti/.virtualenvs/pumpwood-airflow-images/lib/python3.6/site-packages/airflow/example_dags/example_trigger_target_dag.py took 0.038 seconds
[2021-06-07 19:00:24,997] {scheduler_job.py:182} INFO - Started process (PID=13892) to work on /home/encrypted/abaceti/.virtualenvs/pumpwood-airflow-images/lib/python3.6/site-packages/airflow/example_dags/example_trigger_target_dag.py
[2021-06-07 19:00:24,998] {scheduler_job.py:633} INFO - Processing file /home/encrypted/abaceti/.virtualenvs/pumpwood-airflow-images/lib/python3.6/site-packages/airflow/example_dags/example_trigger_target_dag.py for tasks to queue
[2021-06-07 19:00:24,998] {logging_mixin.py:104} INFO - [2021-06-07 19:00:24,998] {dagbag.py:487} INFO - Filling up the DagBag from /home/encrypted/abaceti/.virtualenvs/pumpwood-airflow-images/lib/python3.6/site-packages/airflow/example_dags/example_trigger_target_dag.py
[2021-06-07 19:00:25,005] {scheduler_job.py:643} INFO - DAG(s) dict_keys(['example_trigger_target_dag']) retrieved from /home/encrypted/abaceti/.virtualenvs/pumpwood-airflow-images/lib/python3.6/site-packages/airflow/example_dags/example_trigger_target_dag.py
[2021-06-07 19:00:25,020] {logging_mixin.py:104} INFO - [2021-06-07 19:00:25,020] {dag.py:1832} INFO - Sync 1 DAGs
[2021-06-07 19:00:25,029] {logging_mixin.py:104} INFO - [2021-06-07 19:00:25,029] {dag.py:2305} INFO - Setting next_dagrun for example_trigger_target_dag to None
[2021-06-07 19:00:25,035] {scheduler_job.py:190} INFO - Processing /home/encrypted/abaceti/.virtualenvs/pumpwood-airflow-images/lib/python3.6/site-packages/airflow/example_dags/example_trigger_target_dag.py took 0.040 seconds
[2021-06-07 19:00:55,181] {scheduler_job.py:182} INFO - Started process (PID=14086) to work on /home/encrypted/abaceti/.virtualenvs/pumpwood-airflow-images/lib/python3.6/site-packages/airflow/example_dags/example_trigger_target_dag.py
[2021-06-07 19:00:55,182] {scheduler_job.py:633} INFO - Processing file /home/encrypted/abaceti/.virtualenvs/pumpwood-airflow-images/lib/python3.6/site-packages/airflow/example_dags/example_trigger_target_dag.py for tasks to queue
[2021-06-07 19:00:55,182] {logging_mixin.py:104} INFO - [2021-06-07 19:00:55,182] {dagbag.py:487} INFO - Filling up the DagBag from /home/encrypted/abaceti/.virtualenvs/pumpwood-airflow-images/lib/python3.6/site-packages/airflow/example_dags/example_trigger_target_dag.py
[2021-06-07 19:00:55,188] {scheduler_job.py:643} INFO - DAG(s) dict_keys(['example_trigger_target_dag']) retrieved from /home/encrypted/abaceti/.virtualenvs/pumpwood-airflow-images/lib/python3.6/site-packages/airflow/example_dags/example_trigger_target_dag.py
[2021-06-07 19:00:55,203] {logging_mixin.py:104} INFO - [2021-06-07 19:00:55,203] {dag.py:1832} INFO - Sync 1 DAGs
[2021-06-07 19:00:55,211] {logging_mixin.py:104} INFO - [2021-06-07 19:00:55,211] {dag.py:2305} INFO - Setting next_dagrun for example_trigger_target_dag to None
[2021-06-07 19:00:55,218] {scheduler_job.py:190} INFO - Processing /home/encrypted/abaceti/.virtualenvs/pumpwood-airflow-images/lib/python3.6/site-packages/airflow/example_dags/example_trigger_target_dag.py took 0.038 seconds
[2021-06-07 19:01:25,338] {scheduler_job.py:182} INFO - Started process (PID=14202) to work on /home/encrypted/abaceti/.virtualenvs/pumpwood-airflow-images/lib/python3.6/site-packages/airflow/example_dags/example_trigger_target_dag.py
[2021-06-07 19:01:25,338] {scheduler_job.py:633} INFO - Processing file /home/encrypted/abaceti/.virtualenvs/pumpwood-airflow-images/lib/python3.6/site-packages/airflow/example_dags/example_trigger_target_dag.py for tasks to queue
[2021-06-07 19:01:25,339] {logging_mixin.py:104} INFO - [2021-06-07 19:01:25,338] {dagbag.py:487} INFO - Filling up the DagBag from /home/encrypted/abaceti/.virtualenvs/pumpwood-airflow-images/lib/python3.6/site-packages/airflow/example_dags/example_trigger_target_dag.py
[2021-06-07 19:01:25,345] {scheduler_job.py:643} INFO - DAG(s) dict_keys(['example_trigger_target_dag']) retrieved from /home/encrypted/abaceti/.virtualenvs/pumpwood-airflow-images/lib/python3.6/site-packages/airflow/example_dags/example_trigger_target_dag.py
[2021-06-07 19:01:25,359] {logging_mixin.py:104} INFO - [2021-06-07 19:01:25,359] {dag.py:1832} INFO - Sync 1 DAGs
[2021-06-07 19:01:25,368] {logging_mixin.py:104} INFO - [2021-06-07 19:01:25,368] {dag.py:2305} INFO - Setting next_dagrun for example_trigger_target_dag to None
[2021-06-07 19:01:25,374] {scheduler_job.py:190} INFO - Processing /home/encrypted/abaceti/.virtualenvs/pumpwood-airflow-images/lib/python3.6/site-packages/airflow/example_dags/example_trigger_target_dag.py took 0.038 seconds
[2021-06-07 19:01:55,565] {scheduler_job.py:182} INFO - Started process (PID=14389) to work on /home/encrypted/abaceti/.virtualenvs/pumpwood-airflow-images/lib/python3.6/site-packages/airflow/example_dags/example_trigger_target_dag.py
[2021-06-07 19:01:55,566] {scheduler_job.py:633} INFO - Processing file /home/encrypted/abaceti/.virtualenvs/pumpwood-airflow-images/lib/python3.6/site-packages/airflow/example_dags/example_trigger_target_dag.py for tasks to queue
[2021-06-07 19:01:55,566] {logging_mixin.py:104} INFO - [2021-06-07 19:01:55,566] {dagbag.py:487} INFO - Filling up the DagBag from /home/encrypted/abaceti/.virtualenvs/pumpwood-airflow-images/lib/python3.6/site-packages/airflow/example_dags/example_trigger_target_dag.py
[2021-06-07 19:01:55,573] {scheduler_job.py:643} INFO - DAG(s) dict_keys(['example_trigger_target_dag']) retrieved from /home/encrypted/abaceti/.virtualenvs/pumpwood-airflow-images/lib/python3.6/site-packages/airflow/example_dags/example_trigger_target_dag.py
[2021-06-07 19:01:55,587] {logging_mixin.py:104} INFO - [2021-06-07 19:01:55,587] {dag.py:1832} INFO - Sync 1 DAGs
[2021-06-07 19:01:55,597] {logging_mixin.py:104} INFO - [2021-06-07 19:01:55,596] {dag.py:2305} INFO - Setting next_dagrun for example_trigger_target_dag to None
[2021-06-07 19:01:55,602] {scheduler_job.py:190} INFO - Processing /home/encrypted/abaceti/.virtualenvs/pumpwood-airflow-images/lib/python3.6/site-packages/airflow/example_dags/example_trigger_target_dag.py took 0.039 seconds
[2021-06-07 19:02:25,707] {scheduler_job.py:182} INFO - Started process (PID=14532) to work on /home/encrypted/abaceti/.virtualenvs/pumpwood-airflow-images/lib/python3.6/site-packages/airflow/example_dags/example_trigger_target_dag.py
[2021-06-07 19:02:25,708] {scheduler_job.py:633} INFO - Processing file /home/encrypted/abaceti/.virtualenvs/pumpwood-airflow-images/lib/python3.6/site-packages/airflow/example_dags/example_trigger_target_dag.py for tasks to queue
[2021-06-07 19:02:25,708] {logging_mixin.py:104} INFO - [2021-06-07 19:02:25,708] {dagbag.py:487} INFO - Filling up the DagBag from /home/encrypted/abaceti/.virtualenvs/pumpwood-airflow-images/lib/python3.6/site-packages/airflow/example_dags/example_trigger_target_dag.py
[2021-06-07 19:02:25,716] {scheduler_job.py:643} INFO - DAG(s) dict_keys(['example_trigger_target_dag']) retrieved from /home/encrypted/abaceti/.virtualenvs/pumpwood-airflow-images/lib/python3.6/site-packages/airflow/example_dags/example_trigger_target_dag.py
[2021-06-07 19:02:25,732] {logging_mixin.py:104} INFO - [2021-06-07 19:02:25,732] {dag.py:1832} INFO - Sync 1 DAGs
[2021-06-07 19:02:25,742] {logging_mixin.py:104} INFO - [2021-06-07 19:02:25,742] {dag.py:2305} INFO - Setting next_dagrun for example_trigger_target_dag to None
[2021-06-07 19:02:25,748] {scheduler_job.py:190} INFO - Processing /home/encrypted/abaceti/.virtualenvs/pumpwood-airflow-images/lib/python3.6/site-packages/airflow/example_dags/example_trigger_target_dag.py took 0.042 seconds
