[2021-06-07 18:39:20,204] {scheduler_job.py:182} INFO - Started process (PID=5684) to work on /home/encrypted/abaceti/.virtualenvs/pumpwood-airflow-images/lib/python3.6/site-packages/airflow/example_dags/example_kubernetes_executor.py
[2021-06-07 18:39:20,205] {scheduler_job.py:633} INFO - Processing file /home/encrypted/abaceti/.virtualenvs/pumpwood-airflow-images/lib/python3.6/site-packages/airflow/example_dags/example_kubernetes_executor.py for tasks to queue
[2021-06-07 18:39:20,205] {logging_mixin.py:104} INFO - [2021-06-07 18:39:20,205] {dagbag.py:487} INFO - Filling up the DagBag from /home/encrypted/abaceti/.virtualenvs/pumpwood-airflow-images/lib/python3.6/site-packages/airflow/example_dags/example_kubernetes_executor.py
[2021-06-07 18:39:20,211] {scheduler_job.py:643} INFO - DAG(s) dict_keys(['example_kubernetes_executor']) retrieved from /home/encrypted/abaceti/.virtualenvs/pumpwood-airflow-images/lib/python3.6/site-packages/airflow/example_dags/example_kubernetes_executor.py
[2021-06-07 18:39:20,225] {logging_mixin.py:104} INFO - [2021-06-07 18:39:20,225] {dag.py:1832} INFO - Sync 1 DAGs
[2021-06-07 18:39:20,233] {logging_mixin.py:104} INFO - [2021-06-07 18:39:20,233] {dag.py:2305} INFO - Setting next_dagrun for example_kubernetes_executor to None
[2021-06-07 18:39:20,239] {scheduler_job.py:190} INFO - Processing /home/encrypted/abaceti/.virtualenvs/pumpwood-airflow-images/lib/python3.6/site-packages/airflow/example_dags/example_kubernetes_executor.py took 0.036 seconds
[2021-06-07 18:39:50,373] {scheduler_job.py:182} INFO - Started process (PID=5851) to work on /home/encrypted/abaceti/.virtualenvs/pumpwood-airflow-images/lib/python3.6/site-packages/airflow/example_dags/example_kubernetes_executor.py
[2021-06-07 18:39:50,374] {scheduler_job.py:633} INFO - Processing file /home/encrypted/abaceti/.virtualenvs/pumpwood-airflow-images/lib/python3.6/site-packages/airflow/example_dags/example_kubernetes_executor.py for tasks to queue
[2021-06-07 18:39:50,374] {logging_mixin.py:104} INFO - [2021-06-07 18:39:50,374] {dagbag.py:487} INFO - Filling up the DagBag from /home/encrypted/abaceti/.virtualenvs/pumpwood-airflow-images/lib/python3.6/site-packages/airflow/example_dags/example_kubernetes_executor.py
[2021-06-07 18:39:50,380] {scheduler_job.py:643} INFO - DAG(s) dict_keys(['example_kubernetes_executor']) retrieved from /home/encrypted/abaceti/.virtualenvs/pumpwood-airflow-images/lib/python3.6/site-packages/airflow/example_dags/example_kubernetes_executor.py
[2021-06-07 18:39:50,394] {logging_mixin.py:104} INFO - [2021-06-07 18:39:50,394] {dag.py:1832} INFO - Sync 1 DAGs
[2021-06-07 18:39:50,402] {logging_mixin.py:104} INFO - [2021-06-07 18:39:50,402] {dag.py:2305} INFO - Setting next_dagrun for example_kubernetes_executor to None
[2021-06-07 18:39:50,408] {scheduler_job.py:190} INFO - Processing /home/encrypted/abaceti/.virtualenvs/pumpwood-airflow-images/lib/python3.6/site-packages/airflow/example_dags/example_kubernetes_executor.py took 0.037 seconds
[2021-06-07 18:40:20,598] {scheduler_job.py:182} INFO - Started process (PID=5998) to work on /home/encrypted/abaceti/.virtualenvs/pumpwood-airflow-images/lib/python3.6/site-packages/airflow/example_dags/example_kubernetes_executor.py
[2021-06-07 18:40:20,598] {scheduler_job.py:633} INFO - Processing file /home/encrypted/abaceti/.virtualenvs/pumpwood-airflow-images/lib/python3.6/site-packages/airflow/example_dags/example_kubernetes_executor.py for tasks to queue
[2021-06-07 18:40:20,599] {logging_mixin.py:104} INFO - [2021-06-07 18:40:20,599] {dagbag.py:487} INFO - Filling up the DagBag from /home/encrypted/abaceti/.virtualenvs/pumpwood-airflow-images/lib/python3.6/site-packages/airflow/example_dags/example_kubernetes_executor.py
[2021-06-07 18:40:20,604] {scheduler_job.py:643} INFO - DAG(s) dict_keys(['example_kubernetes_executor']) retrieved from /home/encrypted/abaceti/.virtualenvs/pumpwood-airflow-images/lib/python3.6/site-packages/airflow/example_dags/example_kubernetes_executor.py
[2021-06-07 18:40:20,618] {logging_mixin.py:104} INFO - [2021-06-07 18:40:20,618] {dag.py:1832} INFO - Sync 1 DAGs
[2021-06-07 18:40:20,626] {logging_mixin.py:104} INFO - [2021-06-07 18:40:20,626] {dag.py:2305} INFO - Setting next_dagrun for example_kubernetes_executor to None
[2021-06-07 18:40:20,632] {scheduler_job.py:190} INFO - Processing /home/encrypted/abaceti/.virtualenvs/pumpwood-airflow-images/lib/python3.6/site-packages/airflow/example_dags/example_kubernetes_executor.py took 0.036 seconds
[2021-06-07 18:40:50,719] {scheduler_job.py:182} INFO - Started process (PID=6190) to work on /home/encrypted/abaceti/.virtualenvs/pumpwood-airflow-images/lib/python3.6/site-packages/airflow/example_dags/example_kubernetes_executor.py
[2021-06-07 18:40:50,720] {scheduler_job.py:633} INFO - Processing file /home/encrypted/abaceti/.virtualenvs/pumpwood-airflow-images/lib/python3.6/site-packages/airflow/example_dags/example_kubernetes_executor.py for tasks to queue
[2021-06-07 18:40:50,720] {logging_mixin.py:104} INFO - [2021-06-07 18:40:50,720] {dagbag.py:487} INFO - Filling up the DagBag from /home/encrypted/abaceti/.virtualenvs/pumpwood-airflow-images/lib/python3.6/site-packages/airflow/example_dags/example_kubernetes_executor.py
[2021-06-07 18:40:50,726] {scheduler_job.py:643} INFO - DAG(s) dict_keys(['example_kubernetes_executor']) retrieved from /home/encrypted/abaceti/.virtualenvs/pumpwood-airflow-images/lib/python3.6/site-packages/airflow/example_dags/example_kubernetes_executor.py
[2021-06-07 18:40:50,741] {logging_mixin.py:104} INFO - [2021-06-07 18:40:50,741] {dag.py:1832} INFO - Sync 1 DAGs
[2021-06-07 18:40:50,749] {logging_mixin.py:104} INFO - [2021-06-07 18:40:50,749] {dag.py:2305} INFO - Setting next_dagrun for example_kubernetes_executor to None
[2021-06-07 18:40:50,755] {scheduler_job.py:190} INFO - Processing /home/encrypted/abaceti/.virtualenvs/pumpwood-airflow-images/lib/python3.6/site-packages/airflow/example_dags/example_kubernetes_executor.py took 0.037 seconds
[2021-06-07 18:41:21,021] {scheduler_job.py:182} INFO - Started process (PID=6307) to work on /home/encrypted/abaceti/.virtualenvs/pumpwood-airflow-images/lib/python3.6/site-packages/airflow/example_dags/example_kubernetes_executor.py
[2021-06-07 18:41:21,021] {scheduler_job.py:633} INFO - Processing file /home/encrypted/abaceti/.virtualenvs/pumpwood-airflow-images/lib/python3.6/site-packages/airflow/example_dags/example_kubernetes_executor.py for tasks to queue
[2021-06-07 18:41:21,022] {logging_mixin.py:104} INFO - [2021-06-07 18:41:21,021] {dagbag.py:487} INFO - Filling up the DagBag from /home/encrypted/abaceti/.virtualenvs/pumpwood-airflow-images/lib/python3.6/site-packages/airflow/example_dags/example_kubernetes_executor.py
[2021-06-07 18:41:21,028] {scheduler_job.py:643} INFO - DAG(s) dict_keys(['example_kubernetes_executor']) retrieved from /home/encrypted/abaceti/.virtualenvs/pumpwood-airflow-images/lib/python3.6/site-packages/airflow/example_dags/example_kubernetes_executor.py
[2021-06-07 18:41:21,042] {logging_mixin.py:104} INFO - [2021-06-07 18:41:21,042] {dag.py:1832} INFO - Sync 1 DAGs
[2021-06-07 18:41:21,051] {logging_mixin.py:104} INFO - [2021-06-07 18:41:21,051] {dag.py:2305} INFO - Setting next_dagrun for example_kubernetes_executor to None
[2021-06-07 18:41:21,056] {scheduler_job.py:190} INFO - Processing /home/encrypted/abaceti/.virtualenvs/pumpwood-airflow-images/lib/python3.6/site-packages/airflow/example_dags/example_kubernetes_executor.py took 0.036 seconds
[2021-06-07 18:41:51,151] {scheduler_job.py:182} INFO - Started process (PID=6475) to work on /home/encrypted/abaceti/.virtualenvs/pumpwood-airflow-images/lib/python3.6/site-packages/airflow/example_dags/example_kubernetes_executor.py
[2021-06-07 18:41:51,152] {scheduler_job.py:633} INFO - Processing file /home/encrypted/abaceti/.virtualenvs/pumpwood-airflow-images/lib/python3.6/site-packages/airflow/example_dags/example_kubernetes_executor.py for tasks to queue
[2021-06-07 18:41:51,152] {logging_mixin.py:104} INFO - [2021-06-07 18:41:51,152] {dagbag.py:487} INFO - Filling up the DagBag from /home/encrypted/abaceti/.virtualenvs/pumpwood-airflow-images/lib/python3.6/site-packages/airflow/example_dags/example_kubernetes_executor.py
[2021-06-07 18:41:51,158] {scheduler_job.py:643} INFO - DAG(s) dict_keys(['example_kubernetes_executor']) retrieved from /home/encrypted/abaceti/.virtualenvs/pumpwood-airflow-images/lib/python3.6/site-packages/airflow/example_dags/example_kubernetes_executor.py
[2021-06-07 18:41:51,173] {logging_mixin.py:104} INFO - [2021-06-07 18:41:51,173] {dag.py:1832} INFO - Sync 1 DAGs
[2021-06-07 18:41:51,182] {logging_mixin.py:104} INFO - [2021-06-07 18:41:51,182] {dag.py:2305} INFO - Setting next_dagrun for example_kubernetes_executor to None
[2021-06-07 18:41:51,188] {scheduler_job.py:190} INFO - Processing /home/encrypted/abaceti/.virtualenvs/pumpwood-airflow-images/lib/python3.6/site-packages/airflow/example_dags/example_kubernetes_executor.py took 0.038 seconds
[2021-06-07 18:42:21,386] {scheduler_job.py:182} INFO - Started process (PID=6593) to work on /home/encrypted/abaceti/.virtualenvs/pumpwood-airflow-images/lib/python3.6/site-packages/airflow/example_dags/example_kubernetes_executor.py
[2021-06-07 18:42:21,387] {scheduler_job.py:633} INFO - Processing file /home/encrypted/abaceti/.virtualenvs/pumpwood-airflow-images/lib/python3.6/site-packages/airflow/example_dags/example_kubernetes_executor.py for tasks to queue
[2021-06-07 18:42:21,387] {logging_mixin.py:104} INFO - [2021-06-07 18:42:21,387] {dagbag.py:487} INFO - Filling up the DagBag from /home/encrypted/abaceti/.virtualenvs/pumpwood-airflow-images/lib/python3.6/site-packages/airflow/example_dags/example_kubernetes_executor.py
[2021-06-07 18:42:21,393] {scheduler_job.py:643} INFO - DAG(s) dict_keys(['example_kubernetes_executor']) retrieved from /home/encrypted/abaceti/.virtualenvs/pumpwood-airflow-images/lib/python3.6/site-packages/airflow/example_dags/example_kubernetes_executor.py
[2021-06-07 18:42:21,408] {logging_mixin.py:104} INFO - [2021-06-07 18:42:21,408] {dag.py:1832} INFO - Sync 1 DAGs
[2021-06-07 18:42:21,416] {logging_mixin.py:104} INFO - [2021-06-07 18:42:21,416] {dag.py:2305} INFO - Setting next_dagrun for example_kubernetes_executor to None
[2021-06-07 18:42:21,421] {scheduler_job.py:190} INFO - Processing /home/encrypted/abaceti/.virtualenvs/pumpwood-airflow-images/lib/python3.6/site-packages/airflow/example_dags/example_kubernetes_executor.py took 0.036 seconds
[2021-06-07 18:42:52,425] {scheduler_job.py:182} INFO - Started process (PID=6812) to work on /home/encrypted/abaceti/.virtualenvs/pumpwood-airflow-images/lib/python3.6/site-packages/airflow/example_dags/example_kubernetes_executor.py
[2021-06-07 18:42:52,426] {scheduler_job.py:633} INFO - Processing file /home/encrypted/abaceti/.virtualenvs/pumpwood-airflow-images/lib/python3.6/site-packages/airflow/example_dags/example_kubernetes_executor.py for tasks to queue
[2021-06-07 18:42:52,426] {logging_mixin.py:104} INFO - [2021-06-07 18:42:52,426] {dagbag.py:487} INFO - Filling up the DagBag from /home/encrypted/abaceti/.virtualenvs/pumpwood-airflow-images/lib/python3.6/site-packages/airflow/example_dags/example_kubernetes_executor.py
[2021-06-07 18:42:52,432] {scheduler_job.py:643} INFO - DAG(s) dict_keys(['example_kubernetes_executor']) retrieved from /home/encrypted/abaceti/.virtualenvs/pumpwood-airflow-images/lib/python3.6/site-packages/airflow/example_dags/example_kubernetes_executor.py
[2021-06-07 18:42:52,447] {logging_mixin.py:104} INFO - [2021-06-07 18:42:52,447] {dag.py:1832} INFO - Sync 1 DAGs
[2021-06-07 18:42:52,455] {logging_mixin.py:104} INFO - [2021-06-07 18:42:52,455] {dag.py:2305} INFO - Setting next_dagrun for example_kubernetes_executor to None
[2021-06-07 18:42:52,461] {scheduler_job.py:190} INFO - Processing /home/encrypted/abaceti/.virtualenvs/pumpwood-airflow-images/lib/python3.6/site-packages/airflow/example_dags/example_kubernetes_executor.py took 0.037 seconds
[2021-06-07 18:43:23,519] {scheduler_job.py:182} INFO - Started process (PID=7079) to work on /home/encrypted/abaceti/.virtualenvs/pumpwood-airflow-images/lib/python3.6/site-packages/airflow/example_dags/example_kubernetes_executor.py
[2021-06-07 18:43:23,520] {scheduler_job.py:633} INFO - Processing file /home/encrypted/abaceti/.virtualenvs/pumpwood-airflow-images/lib/python3.6/site-packages/airflow/example_dags/example_kubernetes_executor.py for tasks to queue
[2021-06-07 18:43:23,520] {logging_mixin.py:104} INFO - [2021-06-07 18:43:23,520] {dagbag.py:487} INFO - Filling up the DagBag from /home/encrypted/abaceti/.virtualenvs/pumpwood-airflow-images/lib/python3.6/site-packages/airflow/example_dags/example_kubernetes_executor.py
[2021-06-07 18:43:23,526] {scheduler_job.py:643} INFO - DAG(s) dict_keys(['example_kubernetes_executor']) retrieved from /home/encrypted/abaceti/.virtualenvs/pumpwood-airflow-images/lib/python3.6/site-packages/airflow/example_dags/example_kubernetes_executor.py
[2021-06-07 18:43:23,541] {logging_mixin.py:104} INFO - [2021-06-07 18:43:23,541] {dag.py:1832} INFO - Sync 1 DAGs
[2021-06-07 18:43:23,550] {logging_mixin.py:104} INFO - [2021-06-07 18:43:23,550] {dag.py:2305} INFO - Setting next_dagrun for example_kubernetes_executor to None
[2021-06-07 18:43:23,555] {scheduler_job.py:190} INFO - Processing /home/encrypted/abaceti/.virtualenvs/pumpwood-airflow-images/lib/python3.6/site-packages/airflow/example_dags/example_kubernetes_executor.py took 0.037 seconds
[2021-06-07 18:43:54,607] {scheduler_job.py:182} INFO - Started process (PID=7280) to work on /home/encrypted/abaceti/.virtualenvs/pumpwood-airflow-images/lib/python3.6/site-packages/airflow/example_dags/example_kubernetes_executor.py
[2021-06-07 18:43:54,607] {scheduler_job.py:633} INFO - Processing file /home/encrypted/abaceti/.virtualenvs/pumpwood-airflow-images/lib/python3.6/site-packages/airflow/example_dags/example_kubernetes_executor.py for tasks to queue
[2021-06-07 18:43:54,607] {logging_mixin.py:104} INFO - [2021-06-07 18:43:54,607] {dagbag.py:487} INFO - Filling up the DagBag from /home/encrypted/abaceti/.virtualenvs/pumpwood-airflow-images/lib/python3.6/site-packages/airflow/example_dags/example_kubernetes_executor.py
[2021-06-07 18:43:54,613] {scheduler_job.py:643} INFO - DAG(s) dict_keys(['example_kubernetes_executor']) retrieved from /home/encrypted/abaceti/.virtualenvs/pumpwood-airflow-images/lib/python3.6/site-packages/airflow/example_dags/example_kubernetes_executor.py
[2021-06-07 18:43:54,628] {logging_mixin.py:104} INFO - [2021-06-07 18:43:54,628] {dag.py:1832} INFO - Sync 1 DAGs
[2021-06-07 18:43:54,636] {logging_mixin.py:104} INFO - [2021-06-07 18:43:54,636] {dag.py:2305} INFO - Setting next_dagrun for example_kubernetes_executor to None
[2021-06-07 18:43:54,642] {scheduler_job.py:190} INFO - Processing /home/encrypted/abaceti/.virtualenvs/pumpwood-airflow-images/lib/python3.6/site-packages/airflow/example_dags/example_kubernetes_executor.py took 0.037 seconds
[2021-06-07 18:44:24,768] {scheduler_job.py:182} INFO - Started process (PID=7396) to work on /home/encrypted/abaceti/.virtualenvs/pumpwood-airflow-images/lib/python3.6/site-packages/airflow/example_dags/example_kubernetes_executor.py
[2021-06-07 18:44:24,768] {scheduler_job.py:633} INFO - Processing file /home/encrypted/abaceti/.virtualenvs/pumpwood-airflow-images/lib/python3.6/site-packages/airflow/example_dags/example_kubernetes_executor.py for tasks to queue
[2021-06-07 18:44:24,769] {logging_mixin.py:104} INFO - [2021-06-07 18:44:24,768] {dagbag.py:487} INFO - Filling up the DagBag from /home/encrypted/abaceti/.virtualenvs/pumpwood-airflow-images/lib/python3.6/site-packages/airflow/example_dags/example_kubernetes_executor.py
[2021-06-07 18:44:24,774] {scheduler_job.py:643} INFO - DAG(s) dict_keys(['example_kubernetes_executor']) retrieved from /home/encrypted/abaceti/.virtualenvs/pumpwood-airflow-images/lib/python3.6/site-packages/airflow/example_dags/example_kubernetes_executor.py
[2021-06-07 18:44:24,790] {logging_mixin.py:104} INFO - [2021-06-07 18:44:24,790] {dag.py:1832} INFO - Sync 1 DAGs
[2021-06-07 18:44:24,798] {logging_mixin.py:104} INFO - [2021-06-07 18:44:24,798] {dag.py:2305} INFO - Setting next_dagrun for example_kubernetes_executor to None
[2021-06-07 18:44:24,805] {scheduler_job.py:190} INFO - Processing /home/encrypted/abaceti/.virtualenvs/pumpwood-airflow-images/lib/python3.6/site-packages/airflow/example_dags/example_kubernetes_executor.py took 0.038 seconds
[2021-06-07 18:44:55,776] {scheduler_job.py:182} INFO - Started process (PID=7566) to work on /home/encrypted/abaceti/.virtualenvs/pumpwood-airflow-images/lib/python3.6/site-packages/airflow/example_dags/example_kubernetes_executor.py
[2021-06-07 18:44:55,776] {scheduler_job.py:633} INFO - Processing file /home/encrypted/abaceti/.virtualenvs/pumpwood-airflow-images/lib/python3.6/site-packages/airflow/example_dags/example_kubernetes_executor.py for tasks to queue
[2021-06-07 18:44:55,777] {logging_mixin.py:104} INFO - [2021-06-07 18:44:55,777] {dagbag.py:487} INFO - Filling up the DagBag from /home/encrypted/abaceti/.virtualenvs/pumpwood-airflow-images/lib/python3.6/site-packages/airflow/example_dags/example_kubernetes_executor.py
[2021-06-07 18:44:55,784] {scheduler_job.py:643} INFO - DAG(s) dict_keys(['example_kubernetes_executor']) retrieved from /home/encrypted/abaceti/.virtualenvs/pumpwood-airflow-images/lib/python3.6/site-packages/airflow/example_dags/example_kubernetes_executor.py
[2021-06-07 18:44:55,798] {logging_mixin.py:104} INFO - [2021-06-07 18:44:55,798] {dag.py:1832} INFO - Sync 1 DAGs
[2021-06-07 18:44:55,806] {logging_mixin.py:104} INFO - [2021-06-07 18:44:55,806] {dag.py:2305} INFO - Setting next_dagrun for example_kubernetes_executor to None
[2021-06-07 18:44:55,811] {scheduler_job.py:190} INFO - Processing /home/encrypted/abaceti/.virtualenvs/pumpwood-airflow-images/lib/python3.6/site-packages/airflow/example_dags/example_kubernetes_executor.py took 0.037 seconds
[2021-06-07 18:45:26,827] {scheduler_job.py:182} INFO - Started process (PID=7687) to work on /home/encrypted/abaceti/.virtualenvs/pumpwood-airflow-images/lib/python3.6/site-packages/airflow/example_dags/example_kubernetes_executor.py
[2021-06-07 18:45:26,828] {scheduler_job.py:633} INFO - Processing file /home/encrypted/abaceti/.virtualenvs/pumpwood-airflow-images/lib/python3.6/site-packages/airflow/example_dags/example_kubernetes_executor.py for tasks to queue
[2021-06-07 18:45:26,828] {logging_mixin.py:104} INFO - [2021-06-07 18:45:26,828] {dagbag.py:487} INFO - Filling up the DagBag from /home/encrypted/abaceti/.virtualenvs/pumpwood-airflow-images/lib/python3.6/site-packages/airflow/example_dags/example_kubernetes_executor.py
[2021-06-07 18:45:26,836] {scheduler_job.py:643} INFO - DAG(s) dict_keys(['example_kubernetes_executor']) retrieved from /home/encrypted/abaceti/.virtualenvs/pumpwood-airflow-images/lib/python3.6/site-packages/airflow/example_dags/example_kubernetes_executor.py
[2021-06-07 18:45:26,850] {logging_mixin.py:104} INFO - [2021-06-07 18:45:26,850] {dag.py:1832} INFO - Sync 1 DAGs
[2021-06-07 18:45:26,858] {logging_mixin.py:104} INFO - [2021-06-07 18:45:26,858] {dag.py:2305} INFO - Setting next_dagrun for example_kubernetes_executor to None
[2021-06-07 18:45:26,864] {scheduler_job.py:190} INFO - Processing /home/encrypted/abaceti/.virtualenvs/pumpwood-airflow-images/lib/python3.6/site-packages/airflow/example_dags/example_kubernetes_executor.py took 0.039 seconds
[2021-06-07 18:45:56,975] {scheduler_job.py:182} INFO - Started process (PID=7853) to work on /home/encrypted/abaceti/.virtualenvs/pumpwood-airflow-images/lib/python3.6/site-packages/airflow/example_dags/example_kubernetes_executor.py
[2021-06-07 18:45:56,976] {scheduler_job.py:633} INFO - Processing file /home/encrypted/abaceti/.virtualenvs/pumpwood-airflow-images/lib/python3.6/site-packages/airflow/example_dags/example_kubernetes_executor.py for tasks to queue
[2021-06-07 18:45:56,976] {logging_mixin.py:104} INFO - [2021-06-07 18:45:56,976] {dagbag.py:487} INFO - Filling up the DagBag from /home/encrypted/abaceti/.virtualenvs/pumpwood-airflow-images/lib/python3.6/site-packages/airflow/example_dags/example_kubernetes_executor.py
[2021-06-07 18:45:56,982] {scheduler_job.py:643} INFO - DAG(s) dict_keys(['example_kubernetes_executor']) retrieved from /home/encrypted/abaceti/.virtualenvs/pumpwood-airflow-images/lib/python3.6/site-packages/airflow/example_dags/example_kubernetes_executor.py
[2021-06-07 18:45:56,997] {logging_mixin.py:104} INFO - [2021-06-07 18:45:56,997] {dag.py:1832} INFO - Sync 1 DAGs
[2021-06-07 18:45:57,005] {logging_mixin.py:104} INFO - [2021-06-07 18:45:57,005] {dag.py:2305} INFO - Setting next_dagrun for example_kubernetes_executor to None
[2021-06-07 18:45:57,011] {scheduler_job.py:190} INFO - Processing /home/encrypted/abaceti/.virtualenvs/pumpwood-airflow-images/lib/python3.6/site-packages/airflow/example_dags/example_kubernetes_executor.py took 0.037 seconds
[2021-06-07 18:46:27,065] {scheduler_job.py:182} INFO - Started process (PID=7970) to work on /home/encrypted/abaceti/.virtualenvs/pumpwood-airflow-images/lib/python3.6/site-packages/airflow/example_dags/example_kubernetes_executor.py
[2021-06-07 18:46:27,066] {scheduler_job.py:633} INFO - Processing file /home/encrypted/abaceti/.virtualenvs/pumpwood-airflow-images/lib/python3.6/site-packages/airflow/example_dags/example_kubernetes_executor.py for tasks to queue
[2021-06-07 18:46:27,066] {logging_mixin.py:104} INFO - [2021-06-07 18:46:27,066] {dagbag.py:487} INFO - Filling up the DagBag from /home/encrypted/abaceti/.virtualenvs/pumpwood-airflow-images/lib/python3.6/site-packages/airflow/example_dags/example_kubernetes_executor.py
[2021-06-07 18:46:27,072] {scheduler_job.py:643} INFO - DAG(s) dict_keys(['example_kubernetes_executor']) retrieved from /home/encrypted/abaceti/.virtualenvs/pumpwood-airflow-images/lib/python3.6/site-packages/airflow/example_dags/example_kubernetes_executor.py
[2021-06-07 18:46:27,086] {logging_mixin.py:104} INFO - [2021-06-07 18:46:27,086] {dag.py:1832} INFO - Sync 1 DAGs
[2021-06-07 18:46:27,094] {logging_mixin.py:104} INFO - [2021-06-07 18:46:27,094] {dag.py:2305} INFO - Setting next_dagrun for example_kubernetes_executor to None
[2021-06-07 18:46:27,099] {scheduler_job.py:190} INFO - Processing /home/encrypted/abaceti/.virtualenvs/pumpwood-airflow-images/lib/python3.6/site-packages/airflow/example_dags/example_kubernetes_executor.py took 0.036 seconds
[2021-06-07 18:46:57,162] {scheduler_job.py:182} INFO - Started process (PID=8154) to work on /home/encrypted/abaceti/.virtualenvs/pumpwood-airflow-images/lib/python3.6/site-packages/airflow/example_dags/example_kubernetes_executor.py
[2021-06-07 18:46:57,163] {scheduler_job.py:633} INFO - Processing file /home/encrypted/abaceti/.virtualenvs/pumpwood-airflow-images/lib/python3.6/site-packages/airflow/example_dags/example_kubernetes_executor.py for tasks to queue
[2021-06-07 18:46:57,163] {logging_mixin.py:104} INFO - [2021-06-07 18:46:57,163] {dagbag.py:487} INFO - Filling up the DagBag from /home/encrypted/abaceti/.virtualenvs/pumpwood-airflow-images/lib/python3.6/site-packages/airflow/example_dags/example_kubernetes_executor.py
[2021-06-07 18:46:57,169] {scheduler_job.py:643} INFO - DAG(s) dict_keys(['example_kubernetes_executor']) retrieved from /home/encrypted/abaceti/.virtualenvs/pumpwood-airflow-images/lib/python3.6/site-packages/airflow/example_dags/example_kubernetes_executor.py
[2021-06-07 18:46:57,185] {logging_mixin.py:104} INFO - [2021-06-07 18:46:57,185] {dag.py:1832} INFO - Sync 1 DAGs
[2021-06-07 18:46:57,193] {logging_mixin.py:104} INFO - [2021-06-07 18:46:57,193] {dag.py:2305} INFO - Setting next_dagrun for example_kubernetes_executor to None
[2021-06-07 18:46:57,199] {scheduler_job.py:190} INFO - Processing /home/encrypted/abaceti/.virtualenvs/pumpwood-airflow-images/lib/python3.6/site-packages/airflow/example_dags/example_kubernetes_executor.py took 0.039 seconds
[2021-06-07 18:47:27,406] {scheduler_job.py:182} INFO - Started process (PID=8294) to work on /home/encrypted/abaceti/.virtualenvs/pumpwood-airflow-images/lib/python3.6/site-packages/airflow/example_dags/example_kubernetes_executor.py
[2021-06-07 18:47:27,407] {scheduler_job.py:633} INFO - Processing file /home/encrypted/abaceti/.virtualenvs/pumpwood-airflow-images/lib/python3.6/site-packages/airflow/example_dags/example_kubernetes_executor.py for tasks to queue
[2021-06-07 18:47:27,407] {logging_mixin.py:104} INFO - [2021-06-07 18:47:27,407] {dagbag.py:487} INFO - Filling up the DagBag from /home/encrypted/abaceti/.virtualenvs/pumpwood-airflow-images/lib/python3.6/site-packages/airflow/example_dags/example_kubernetes_executor.py
[2021-06-07 18:47:27,413] {scheduler_job.py:643} INFO - DAG(s) dict_keys(['example_kubernetes_executor']) retrieved from /home/encrypted/abaceti/.virtualenvs/pumpwood-airflow-images/lib/python3.6/site-packages/airflow/example_dags/example_kubernetes_executor.py
[2021-06-07 18:47:27,428] {logging_mixin.py:104} INFO - [2021-06-07 18:47:27,428] {dag.py:1832} INFO - Sync 1 DAGs
[2021-06-07 18:47:27,436] {logging_mixin.py:104} INFO - [2021-06-07 18:47:27,436] {dag.py:2305} INFO - Setting next_dagrun for example_kubernetes_executor to None
[2021-06-07 18:47:27,441] {scheduler_job.py:190} INFO - Processing /home/encrypted/abaceti/.virtualenvs/pumpwood-airflow-images/lib/python3.6/site-packages/airflow/example_dags/example_kubernetes_executor.py took 0.036 seconds
[2021-06-07 18:47:57,593] {scheduler_job.py:182} INFO - Started process (PID=8514) to work on /home/encrypted/abaceti/.virtualenvs/pumpwood-airflow-images/lib/python3.6/site-packages/airflow/example_dags/example_kubernetes_executor.py
[2021-06-07 18:47:57,594] {scheduler_job.py:633} INFO - Processing file /home/encrypted/abaceti/.virtualenvs/pumpwood-airflow-images/lib/python3.6/site-packages/airflow/example_dags/example_kubernetes_executor.py for tasks to queue
[2021-06-07 18:47:57,594] {logging_mixin.py:104} INFO - [2021-06-07 18:47:57,594] {dagbag.py:487} INFO - Filling up the DagBag from /home/encrypted/abaceti/.virtualenvs/pumpwood-airflow-images/lib/python3.6/site-packages/airflow/example_dags/example_kubernetes_executor.py
[2021-06-07 18:47:57,600] {scheduler_job.py:643} INFO - DAG(s) dict_keys(['example_kubernetes_executor']) retrieved from /home/encrypted/abaceti/.virtualenvs/pumpwood-airflow-images/lib/python3.6/site-packages/airflow/example_dags/example_kubernetes_executor.py
[2021-06-07 18:47:57,615] {logging_mixin.py:104} INFO - [2021-06-07 18:47:57,615] {dag.py:1832} INFO - Sync 1 DAGs
[2021-06-07 18:47:57,623] {logging_mixin.py:104} INFO - [2021-06-07 18:47:57,623] {dag.py:2305} INFO - Setting next_dagrun for example_kubernetes_executor to None
[2021-06-07 18:47:57,629] {scheduler_job.py:190} INFO - Processing /home/encrypted/abaceti/.virtualenvs/pumpwood-airflow-images/lib/python3.6/site-packages/airflow/example_dags/example_kubernetes_executor.py took 0.037 seconds
[2021-06-07 18:48:27,706] {scheduler_job.py:182} INFO - Started process (PID=8732) to work on /home/encrypted/abaceti/.virtualenvs/pumpwood-airflow-images/lib/python3.6/site-packages/airflow/example_dags/example_kubernetes_executor.py
[2021-06-07 18:48:27,707] {scheduler_job.py:633} INFO - Processing file /home/encrypted/abaceti/.virtualenvs/pumpwood-airflow-images/lib/python3.6/site-packages/airflow/example_dags/example_kubernetes_executor.py for tasks to queue
[2021-06-07 18:48:27,707] {logging_mixin.py:104} INFO - [2021-06-07 18:48:27,707] {dagbag.py:487} INFO - Filling up the DagBag from /home/encrypted/abaceti/.virtualenvs/pumpwood-airflow-images/lib/python3.6/site-packages/airflow/example_dags/example_kubernetes_executor.py
[2021-06-07 18:48:27,712] {scheduler_job.py:643} INFO - DAG(s) dict_keys(['example_kubernetes_executor']) retrieved from /home/encrypted/abaceti/.virtualenvs/pumpwood-airflow-images/lib/python3.6/site-packages/airflow/example_dags/example_kubernetes_executor.py
[2021-06-07 18:48:27,727] {logging_mixin.py:104} INFO - [2021-06-07 18:48:27,727] {dag.py:1832} INFO - Sync 1 DAGs
[2021-06-07 18:48:27,735] {logging_mixin.py:104} INFO - [2021-06-07 18:48:27,735] {dag.py:2305} INFO - Setting next_dagrun for example_kubernetes_executor to None
[2021-06-07 18:48:27,740] {scheduler_job.py:190} INFO - Processing /home/encrypted/abaceti/.virtualenvs/pumpwood-airflow-images/lib/python3.6/site-packages/airflow/example_dags/example_kubernetes_executor.py took 0.036 seconds
[2021-06-07 18:48:49,840] {scheduler_job.py:182} INFO - Started process (PID=8913) to work on /home/encrypted/abaceti/.virtualenvs/pumpwood-airflow-images/lib/python3.6/site-packages/airflow/example_dags/example_kubernetes_executor.py
[2021-06-07 18:48:49,841] {scheduler_job.py:633} INFO - Processing file /home/encrypted/abaceti/.virtualenvs/pumpwood-airflow-images/lib/python3.6/site-packages/airflow/example_dags/example_kubernetes_executor.py for tasks to queue
[2021-06-07 18:48:49,841] {logging_mixin.py:104} INFO - [2021-06-07 18:48:49,841] {dagbag.py:487} INFO - Filling up the DagBag from /home/encrypted/abaceti/.virtualenvs/pumpwood-airflow-images/lib/python3.6/site-packages/airflow/example_dags/example_kubernetes_executor.py
[2021-06-07 18:48:49,846] {scheduler_job.py:643} INFO - DAG(s) dict_keys(['example_kubernetes_executor']) retrieved from /home/encrypted/abaceti/.virtualenvs/pumpwood-airflow-images/lib/python3.6/site-packages/airflow/example_dags/example_kubernetes_executor.py
[2021-06-07 18:48:49,862] {logging_mixin.py:104} INFO - [2021-06-07 18:48:49,861] {dag.py:1832} INFO - Sync 1 DAGs
[2021-06-07 18:48:49,869] {logging_mixin.py:104} INFO - [2021-06-07 18:48:49,869] {dag.py:2305} INFO - Setting next_dagrun for example_kubernetes_executor to None
[2021-06-07 18:48:49,875] {scheduler_job.py:190} INFO - Processing /home/encrypted/abaceti/.virtualenvs/pumpwood-airflow-images/lib/python3.6/site-packages/airflow/example_dags/example_kubernetes_executor.py took 0.036 seconds
[2021-06-07 18:49:20,953] {scheduler_job.py:182} INFO - Started process (PID=9038) to work on /home/encrypted/abaceti/.virtualenvs/pumpwood-airflow-images/lib/python3.6/site-packages/airflow/example_dags/example_kubernetes_executor.py
[2021-06-07 18:49:20,954] {scheduler_job.py:633} INFO - Processing file /home/encrypted/abaceti/.virtualenvs/pumpwood-airflow-images/lib/python3.6/site-packages/airflow/example_dags/example_kubernetes_executor.py for tasks to queue
[2021-06-07 18:49:20,954] {logging_mixin.py:104} INFO - [2021-06-07 18:49:20,954] {dagbag.py:487} INFO - Filling up the DagBag from /home/encrypted/abaceti/.virtualenvs/pumpwood-airflow-images/lib/python3.6/site-packages/airflow/example_dags/example_kubernetes_executor.py
[2021-06-07 18:49:20,960] {scheduler_job.py:643} INFO - DAG(s) dict_keys(['example_kubernetes_executor']) retrieved from /home/encrypted/abaceti/.virtualenvs/pumpwood-airflow-images/lib/python3.6/site-packages/airflow/example_dags/example_kubernetes_executor.py
[2021-06-07 18:49:20,975] {logging_mixin.py:104} INFO - [2021-06-07 18:49:20,975] {dag.py:1832} INFO - Sync 1 DAGs
[2021-06-07 18:49:20,983] {logging_mixin.py:104} INFO - [2021-06-07 18:49:20,983] {dag.py:2305} INFO - Setting next_dagrun for example_kubernetes_executor to None
[2021-06-07 18:49:20,989] {scheduler_job.py:190} INFO - Processing /home/encrypted/abaceti/.virtualenvs/pumpwood-airflow-images/lib/python3.6/site-packages/airflow/example_dags/example_kubernetes_executor.py took 0.037 seconds
[2021-06-07 18:49:51,414] {scheduler_job.py:182} INFO - Started process (PID=9222) to work on /home/encrypted/abaceti/.virtualenvs/pumpwood-airflow-images/lib/python3.6/site-packages/airflow/example_dags/example_kubernetes_executor.py
[2021-06-07 18:49:51,415] {scheduler_job.py:633} INFO - Processing file /home/encrypted/abaceti/.virtualenvs/pumpwood-airflow-images/lib/python3.6/site-packages/airflow/example_dags/example_kubernetes_executor.py for tasks to queue
[2021-06-07 18:49:51,415] {logging_mixin.py:104} INFO - [2021-06-07 18:49:51,415] {dagbag.py:487} INFO - Filling up the DagBag from /home/encrypted/abaceti/.virtualenvs/pumpwood-airflow-images/lib/python3.6/site-packages/airflow/example_dags/example_kubernetes_executor.py
[2021-06-07 18:49:51,423] {scheduler_job.py:643} INFO - DAG(s) dict_keys(['example_kubernetes_executor']) retrieved from /home/encrypted/abaceti/.virtualenvs/pumpwood-airflow-images/lib/python3.6/site-packages/airflow/example_dags/example_kubernetes_executor.py
[2021-06-07 18:49:51,440] {logging_mixin.py:104} INFO - [2021-06-07 18:49:51,440] {dag.py:1832} INFO - Sync 1 DAGs
[2021-06-07 18:49:51,448] {logging_mixin.py:104} INFO - [2021-06-07 18:49:51,448] {dag.py:2305} INFO - Setting next_dagrun for example_kubernetes_executor to None
[2021-06-07 18:49:51,454] {scheduler_job.py:190} INFO - Processing /home/encrypted/abaceti/.virtualenvs/pumpwood-airflow-images/lib/python3.6/site-packages/airflow/example_dags/example_kubernetes_executor.py took 0.041 seconds
[2021-06-07 18:50:21,488] {scheduler_job.py:182} INFO - Started process (PID=9456) to work on /home/encrypted/abaceti/.virtualenvs/pumpwood-airflow-images/lib/python3.6/site-packages/airflow/example_dags/example_kubernetes_executor.py
[2021-06-07 18:50:21,488] {scheduler_job.py:633} INFO - Processing file /home/encrypted/abaceti/.virtualenvs/pumpwood-airflow-images/lib/python3.6/site-packages/airflow/example_dags/example_kubernetes_executor.py for tasks to queue
[2021-06-07 18:50:21,489] {logging_mixin.py:104} INFO - [2021-06-07 18:50:21,489] {dagbag.py:487} INFO - Filling up the DagBag from /home/encrypted/abaceti/.virtualenvs/pumpwood-airflow-images/lib/python3.6/site-packages/airflow/example_dags/example_kubernetes_executor.py
[2021-06-07 18:50:21,495] {scheduler_job.py:643} INFO - DAG(s) dict_keys(['example_kubernetes_executor']) retrieved from /home/encrypted/abaceti/.virtualenvs/pumpwood-airflow-images/lib/python3.6/site-packages/airflow/example_dags/example_kubernetes_executor.py
[2021-06-07 18:50:21,508] {logging_mixin.py:104} INFO - [2021-06-07 18:50:21,508] {dag.py:1832} INFO - Sync 1 DAGs
[2021-06-07 18:50:21,516] {logging_mixin.py:104} INFO - [2021-06-07 18:50:21,516] {dag.py:2305} INFO - Setting next_dagrun for example_kubernetes_executor to None
[2021-06-07 18:50:21,521] {scheduler_job.py:190} INFO - Processing /home/encrypted/abaceti/.virtualenvs/pumpwood-airflow-images/lib/python3.6/site-packages/airflow/example_dags/example_kubernetes_executor.py took 0.035 seconds
[2021-06-07 18:50:51,739] {scheduler_job.py:182} INFO - Started process (PID=9615) to work on /home/encrypted/abaceti/.virtualenvs/pumpwood-airflow-images/lib/python3.6/site-packages/airflow/example_dags/example_kubernetes_executor.py
[2021-06-07 18:50:51,739] {scheduler_job.py:633} INFO - Processing file /home/encrypted/abaceti/.virtualenvs/pumpwood-airflow-images/lib/python3.6/site-packages/airflow/example_dags/example_kubernetes_executor.py for tasks to queue
[2021-06-07 18:50:51,739] {logging_mixin.py:104} INFO - [2021-06-07 18:50:51,739] {dagbag.py:487} INFO - Filling up the DagBag from /home/encrypted/abaceti/.virtualenvs/pumpwood-airflow-images/lib/python3.6/site-packages/airflow/example_dags/example_kubernetes_executor.py
[2021-06-07 18:50:51,745] {scheduler_job.py:643} INFO - DAG(s) dict_keys(['example_kubernetes_executor']) retrieved from /home/encrypted/abaceti/.virtualenvs/pumpwood-airflow-images/lib/python3.6/site-packages/airflow/example_dags/example_kubernetes_executor.py
[2021-06-07 18:50:51,761] {logging_mixin.py:104} INFO - [2021-06-07 18:50:51,761] {dag.py:1832} INFO - Sync 1 DAGs
[2021-06-07 18:50:51,770] {logging_mixin.py:104} INFO - [2021-06-07 18:50:51,770] {dag.py:2305} INFO - Setting next_dagrun for example_kubernetes_executor to None
[2021-06-07 18:50:51,776] {scheduler_job.py:190} INFO - Processing /home/encrypted/abaceti/.virtualenvs/pumpwood-airflow-images/lib/python3.6/site-packages/airflow/example_dags/example_kubernetes_executor.py took 0.039 seconds
[2021-06-07 18:51:21,832] {scheduler_job.py:182} INFO - Started process (PID=9729) to work on /home/encrypted/abaceti/.virtualenvs/pumpwood-airflow-images/lib/python3.6/site-packages/airflow/example_dags/example_kubernetes_executor.py
[2021-06-07 18:51:21,833] {scheduler_job.py:633} INFO - Processing file /home/encrypted/abaceti/.virtualenvs/pumpwood-airflow-images/lib/python3.6/site-packages/airflow/example_dags/example_kubernetes_executor.py for tasks to queue
[2021-06-07 18:51:21,833] {logging_mixin.py:104} INFO - [2021-06-07 18:51:21,833] {dagbag.py:487} INFO - Filling up the DagBag from /home/encrypted/abaceti/.virtualenvs/pumpwood-airflow-images/lib/python3.6/site-packages/airflow/example_dags/example_kubernetes_executor.py
[2021-06-07 18:51:21,839] {scheduler_job.py:643} INFO - DAG(s) dict_keys(['example_kubernetes_executor']) retrieved from /home/encrypted/abaceti/.virtualenvs/pumpwood-airflow-images/lib/python3.6/site-packages/airflow/example_dags/example_kubernetes_executor.py
[2021-06-07 18:51:21,853] {logging_mixin.py:104} INFO - [2021-06-07 18:51:21,853] {dag.py:1832} INFO - Sync 1 DAGs
[2021-06-07 18:51:21,862] {logging_mixin.py:104} INFO - [2021-06-07 18:51:21,861] {dag.py:2305} INFO - Setting next_dagrun for example_kubernetes_executor to None
[2021-06-07 18:51:21,867] {scheduler_job.py:190} INFO - Processing /home/encrypted/abaceti/.virtualenvs/pumpwood-airflow-images/lib/python3.6/site-packages/airflow/example_dags/example_kubernetes_executor.py took 0.036 seconds
[2021-06-07 18:51:52,016] {scheduler_job.py:182} INFO - Started process (PID=9896) to work on /home/encrypted/abaceti/.virtualenvs/pumpwood-airflow-images/lib/python3.6/site-packages/airflow/example_dags/example_kubernetes_executor.py
[2021-06-07 18:51:52,017] {scheduler_job.py:633} INFO - Processing file /home/encrypted/abaceti/.virtualenvs/pumpwood-airflow-images/lib/python3.6/site-packages/airflow/example_dags/example_kubernetes_executor.py for tasks to queue
[2021-06-07 18:51:52,017] {logging_mixin.py:104} INFO - [2021-06-07 18:51:52,017] {dagbag.py:487} INFO - Filling up the DagBag from /home/encrypted/abaceti/.virtualenvs/pumpwood-airflow-images/lib/python3.6/site-packages/airflow/example_dags/example_kubernetes_executor.py
[2021-06-07 18:51:52,024] {scheduler_job.py:643} INFO - DAG(s) dict_keys(['example_kubernetes_executor']) retrieved from /home/encrypted/abaceti/.virtualenvs/pumpwood-airflow-images/lib/python3.6/site-packages/airflow/example_dags/example_kubernetes_executor.py
[2021-06-07 18:51:52,044] {logging_mixin.py:104} INFO - [2021-06-07 18:51:52,044] {dag.py:1832} INFO - Sync 1 DAGs
[2021-06-07 18:51:52,054] {logging_mixin.py:104} INFO - [2021-06-07 18:51:52,054] {dag.py:2305} INFO - Setting next_dagrun for example_kubernetes_executor to None
[2021-06-07 18:51:52,062] {scheduler_job.py:190} INFO - Processing /home/encrypted/abaceti/.virtualenvs/pumpwood-airflow-images/lib/python3.6/site-packages/airflow/example_dags/example_kubernetes_executor.py took 0.047 seconds
[2021-06-07 18:52:22,244] {scheduler_job.py:182} INFO - Started process (PID=10015) to work on /home/encrypted/abaceti/.virtualenvs/pumpwood-airflow-images/lib/python3.6/site-packages/airflow/example_dags/example_kubernetes_executor.py
[2021-06-07 18:52:22,245] {scheduler_job.py:633} INFO - Processing file /home/encrypted/abaceti/.virtualenvs/pumpwood-airflow-images/lib/python3.6/site-packages/airflow/example_dags/example_kubernetes_executor.py for tasks to queue
[2021-06-07 18:52:22,245] {logging_mixin.py:104} INFO - [2021-06-07 18:52:22,245] {dagbag.py:487} INFO - Filling up the DagBag from /home/encrypted/abaceti/.virtualenvs/pumpwood-airflow-images/lib/python3.6/site-packages/airflow/example_dags/example_kubernetes_executor.py
[2021-06-07 18:52:22,251] {scheduler_job.py:643} INFO - DAG(s) dict_keys(['example_kubernetes_executor']) retrieved from /home/encrypted/abaceti/.virtualenvs/pumpwood-airflow-images/lib/python3.6/site-packages/airflow/example_dags/example_kubernetes_executor.py
[2021-06-07 18:52:22,265] {logging_mixin.py:104} INFO - [2021-06-07 18:52:22,265] {dag.py:1832} INFO - Sync 1 DAGs
[2021-06-07 18:52:22,274] {logging_mixin.py:104} INFO - [2021-06-07 18:52:22,274] {dag.py:2305} INFO - Setting next_dagrun for example_kubernetes_executor to None
[2021-06-07 18:52:22,282] {scheduler_job.py:190} INFO - Processing /home/encrypted/abaceti/.virtualenvs/pumpwood-airflow-images/lib/python3.6/site-packages/airflow/example_dags/example_kubernetes_executor.py took 0.040 seconds
[2021-06-07 18:52:53,408] {scheduler_job.py:182} INFO - Started process (PID=10826) to work on /home/encrypted/abaceti/.virtualenvs/pumpwood-airflow-images/lib/python3.6/site-packages/airflow/example_dags/example_kubernetes_executor.py
[2021-06-07 18:52:53,409] {scheduler_job.py:633} INFO - Processing file /home/encrypted/abaceti/.virtualenvs/pumpwood-airflow-images/lib/python3.6/site-packages/airflow/example_dags/example_kubernetes_executor.py for tasks to queue
[2021-06-07 18:52:53,409] {logging_mixin.py:104} INFO - [2021-06-07 18:52:53,409] {dagbag.py:487} INFO - Filling up the DagBag from /home/encrypted/abaceti/.virtualenvs/pumpwood-airflow-images/lib/python3.6/site-packages/airflow/example_dags/example_kubernetes_executor.py
[2021-06-07 18:52:53,415] {scheduler_job.py:643} INFO - DAG(s) dict_keys(['example_kubernetes_executor']) retrieved from /home/encrypted/abaceti/.virtualenvs/pumpwood-airflow-images/lib/python3.6/site-packages/airflow/example_dags/example_kubernetes_executor.py
[2021-06-07 18:52:53,429] {logging_mixin.py:104} INFO - [2021-06-07 18:52:53,429] {dag.py:1832} INFO - Sync 1 DAGs
[2021-06-07 18:52:53,437] {logging_mixin.py:104} INFO - [2021-06-07 18:52:53,437] {dag.py:2305} INFO - Setting next_dagrun for example_kubernetes_executor to None
[2021-06-07 18:52:53,442] {scheduler_job.py:190} INFO - Processing /home/encrypted/abaceti/.virtualenvs/pumpwood-airflow-images/lib/python3.6/site-packages/airflow/example_dags/example_kubernetes_executor.py took 0.036 seconds
[2021-06-07 18:53:23,597] {scheduler_job.py:182} INFO - Started process (PID=11154) to work on /home/encrypted/abaceti/.virtualenvs/pumpwood-airflow-images/lib/python3.6/site-packages/airflow/example_dags/example_kubernetes_executor.py
[2021-06-07 18:53:23,598] {scheduler_job.py:633} INFO - Processing file /home/encrypted/abaceti/.virtualenvs/pumpwood-airflow-images/lib/python3.6/site-packages/airflow/example_dags/example_kubernetes_executor.py for tasks to queue
[2021-06-07 18:53:23,598] {logging_mixin.py:104} INFO - [2021-06-07 18:53:23,598] {dagbag.py:487} INFO - Filling up the DagBag from /home/encrypted/abaceti/.virtualenvs/pumpwood-airflow-images/lib/python3.6/site-packages/airflow/example_dags/example_kubernetes_executor.py
[2021-06-07 18:53:23,604] {scheduler_job.py:643} INFO - DAG(s) dict_keys(['example_kubernetes_executor']) retrieved from /home/encrypted/abaceti/.virtualenvs/pumpwood-airflow-images/lib/python3.6/site-packages/airflow/example_dags/example_kubernetes_executor.py
[2021-06-07 18:53:23,619] {logging_mixin.py:104} INFO - [2021-06-07 18:53:23,619] {dag.py:1832} INFO - Sync 1 DAGs
[2021-06-07 18:53:23,627] {logging_mixin.py:104} INFO - [2021-06-07 18:53:23,627] {dag.py:2305} INFO - Setting next_dagrun for example_kubernetes_executor to None
[2021-06-07 18:53:23,633] {scheduler_job.py:190} INFO - Processing /home/encrypted/abaceti/.virtualenvs/pumpwood-airflow-images/lib/python3.6/site-packages/airflow/example_dags/example_kubernetes_executor.py took 0.037 seconds
[2021-06-07 18:53:53,741] {scheduler_job.py:182} INFO - Started process (PID=11533) to work on /home/encrypted/abaceti/.virtualenvs/pumpwood-airflow-images/lib/python3.6/site-packages/airflow/example_dags/example_kubernetes_executor.py
[2021-06-07 18:53:53,741] {scheduler_job.py:633} INFO - Processing file /home/encrypted/abaceti/.virtualenvs/pumpwood-airflow-images/lib/python3.6/site-packages/airflow/example_dags/example_kubernetes_executor.py for tasks to queue
[2021-06-07 18:53:53,742] {logging_mixin.py:104} INFO - [2021-06-07 18:53:53,741] {dagbag.py:487} INFO - Filling up the DagBag from /home/encrypted/abaceti/.virtualenvs/pumpwood-airflow-images/lib/python3.6/site-packages/airflow/example_dags/example_kubernetes_executor.py
[2021-06-07 18:53:53,748] {scheduler_job.py:643} INFO - DAG(s) dict_keys(['example_kubernetes_executor']) retrieved from /home/encrypted/abaceti/.virtualenvs/pumpwood-airflow-images/lib/python3.6/site-packages/airflow/example_dags/example_kubernetes_executor.py
[2021-06-07 18:53:53,763] {logging_mixin.py:104} INFO - [2021-06-07 18:53:53,763] {dag.py:1832} INFO - Sync 1 DAGs
[2021-06-07 18:53:53,771] {logging_mixin.py:104} INFO - [2021-06-07 18:53:53,771] {dag.py:2305} INFO - Setting next_dagrun for example_kubernetes_executor to None
[2021-06-07 18:53:53,777] {scheduler_job.py:190} INFO - Processing /home/encrypted/abaceti/.virtualenvs/pumpwood-airflow-images/lib/python3.6/site-packages/airflow/example_dags/example_kubernetes_executor.py took 0.037 seconds
[2021-06-07 18:54:24,917] {scheduler_job.py:182} INFO - Started process (PID=11949) to work on /home/encrypted/abaceti/.virtualenvs/pumpwood-airflow-images/lib/python3.6/site-packages/airflow/example_dags/example_kubernetes_executor.py
[2021-06-07 18:54:24,917] {scheduler_job.py:633} INFO - Processing file /home/encrypted/abaceti/.virtualenvs/pumpwood-airflow-images/lib/python3.6/site-packages/airflow/example_dags/example_kubernetes_executor.py for tasks to queue
[2021-06-07 18:54:24,918] {logging_mixin.py:104} INFO - [2021-06-07 18:54:24,918] {dagbag.py:487} INFO - Filling up the DagBag from /home/encrypted/abaceti/.virtualenvs/pumpwood-airflow-images/lib/python3.6/site-packages/airflow/example_dags/example_kubernetes_executor.py
[2021-06-07 18:54:24,924] {scheduler_job.py:643} INFO - DAG(s) dict_keys(['example_kubernetes_executor']) retrieved from /home/encrypted/abaceti/.virtualenvs/pumpwood-airflow-images/lib/python3.6/site-packages/airflow/example_dags/example_kubernetes_executor.py
[2021-06-07 18:54:24,940] {logging_mixin.py:104} INFO - [2021-06-07 18:54:24,940] {dag.py:1832} INFO - Sync 1 DAGs
[2021-06-07 18:54:24,948] {logging_mixin.py:104} INFO - [2021-06-07 18:54:24,948] {dag.py:2305} INFO - Setting next_dagrun for example_kubernetes_executor to None
[2021-06-07 18:54:24,954] {scheduler_job.py:190} INFO - Processing /home/encrypted/abaceti/.virtualenvs/pumpwood-airflow-images/lib/python3.6/site-packages/airflow/example_dags/example_kubernetes_executor.py took 0.039 seconds
[2021-06-07 18:54:55,131] {scheduler_job.py:182} INFO - Started process (PID=12164) to work on /home/encrypted/abaceti/.virtualenvs/pumpwood-airflow-images/lib/python3.6/site-packages/airflow/example_dags/example_kubernetes_executor.py
[2021-06-07 18:54:55,131] {scheduler_job.py:633} INFO - Processing file /home/encrypted/abaceti/.virtualenvs/pumpwood-airflow-images/lib/python3.6/site-packages/airflow/example_dags/example_kubernetes_executor.py for tasks to queue
[2021-06-07 18:54:55,132] {logging_mixin.py:104} INFO - [2021-06-07 18:54:55,132] {dagbag.py:487} INFO - Filling up the DagBag from /home/encrypted/abaceti/.virtualenvs/pumpwood-airflow-images/lib/python3.6/site-packages/airflow/example_dags/example_kubernetes_executor.py
[2021-06-07 18:54:55,138] {scheduler_job.py:643} INFO - DAG(s) dict_keys(['example_kubernetes_executor']) retrieved from /home/encrypted/abaceti/.virtualenvs/pumpwood-airflow-images/lib/python3.6/site-packages/airflow/example_dags/example_kubernetes_executor.py
[2021-06-07 18:54:55,152] {logging_mixin.py:104} INFO - [2021-06-07 18:54:55,152] {dag.py:1832} INFO - Sync 1 DAGs
[2021-06-07 18:54:55,161] {logging_mixin.py:104} INFO - [2021-06-07 18:54:55,160] {dag.py:2305} INFO - Setting next_dagrun for example_kubernetes_executor to None
[2021-06-07 18:54:55,166] {scheduler_job.py:190} INFO - Processing /home/encrypted/abaceti/.virtualenvs/pumpwood-airflow-images/lib/python3.6/site-packages/airflow/example_dags/example_kubernetes_executor.py took 0.037 seconds
[2021-06-07 18:55:25,219] {scheduler_job.py:182} INFO - Started process (PID=12336) to work on /home/encrypted/abaceti/.virtualenvs/pumpwood-airflow-images/lib/python3.6/site-packages/airflow/example_dags/example_kubernetes_executor.py
[2021-06-07 18:55:25,219] {scheduler_job.py:633} INFO - Processing file /home/encrypted/abaceti/.virtualenvs/pumpwood-airflow-images/lib/python3.6/site-packages/airflow/example_dags/example_kubernetes_executor.py for tasks to queue
[2021-06-07 18:55:25,220] {logging_mixin.py:104} INFO - [2021-06-07 18:55:25,219] {dagbag.py:487} INFO - Filling up the DagBag from /home/encrypted/abaceti/.virtualenvs/pumpwood-airflow-images/lib/python3.6/site-packages/airflow/example_dags/example_kubernetes_executor.py
[2021-06-07 18:55:25,225] {scheduler_job.py:643} INFO - DAG(s) dict_keys(['example_kubernetes_executor']) retrieved from /home/encrypted/abaceti/.virtualenvs/pumpwood-airflow-images/lib/python3.6/site-packages/airflow/example_dags/example_kubernetes_executor.py
[2021-06-07 18:55:25,241] {logging_mixin.py:104} INFO - [2021-06-07 18:55:25,241] {dag.py:1832} INFO - Sync 1 DAGs
[2021-06-07 18:55:25,249] {logging_mixin.py:104} INFO - [2021-06-07 18:55:25,249] {dag.py:2305} INFO - Setting next_dagrun for example_kubernetes_executor to None
[2021-06-07 18:55:25,255] {scheduler_job.py:190} INFO - Processing /home/encrypted/abaceti/.virtualenvs/pumpwood-airflow-images/lib/python3.6/site-packages/airflow/example_dags/example_kubernetes_executor.py took 0.038 seconds
[2021-06-07 18:55:55,294] {scheduler_job.py:182} INFO - Started process (PID=12554) to work on /home/encrypted/abaceti/.virtualenvs/pumpwood-airflow-images/lib/python3.6/site-packages/airflow/example_dags/example_kubernetes_executor.py
[2021-06-07 18:55:55,295] {scheduler_job.py:633} INFO - Processing file /home/encrypted/abaceti/.virtualenvs/pumpwood-airflow-images/lib/python3.6/site-packages/airflow/example_dags/example_kubernetes_executor.py for tasks to queue
[2021-06-07 18:55:55,295] {logging_mixin.py:104} INFO - [2021-06-07 18:55:55,295] {dagbag.py:487} INFO - Filling up the DagBag from /home/encrypted/abaceti/.virtualenvs/pumpwood-airflow-images/lib/python3.6/site-packages/airflow/example_dags/example_kubernetes_executor.py
[2021-06-07 18:55:55,301] {scheduler_job.py:643} INFO - DAG(s) dict_keys(['example_kubernetes_executor']) retrieved from /home/encrypted/abaceti/.virtualenvs/pumpwood-airflow-images/lib/python3.6/site-packages/airflow/example_dags/example_kubernetes_executor.py
[2021-06-07 18:55:55,316] {logging_mixin.py:104} INFO - [2021-06-07 18:55:55,316] {dag.py:1832} INFO - Sync 1 DAGs
[2021-06-07 18:55:55,323] {logging_mixin.py:104} INFO - [2021-06-07 18:55:55,323] {dag.py:2305} INFO - Setting next_dagrun for example_kubernetes_executor to None
[2021-06-07 18:55:55,329] {scheduler_job.py:190} INFO - Processing /home/encrypted/abaceti/.virtualenvs/pumpwood-airflow-images/lib/python3.6/site-packages/airflow/example_dags/example_kubernetes_executor.py took 0.036 seconds
[2021-06-07 18:56:25,533] {scheduler_job.py:182} INFO - Started process (PID=12772) to work on /home/encrypted/abaceti/.virtualenvs/pumpwood-airflow-images/lib/python3.6/site-packages/airflow/example_dags/example_kubernetes_executor.py
[2021-06-07 18:56:25,534] {scheduler_job.py:633} INFO - Processing file /home/encrypted/abaceti/.virtualenvs/pumpwood-airflow-images/lib/python3.6/site-packages/airflow/example_dags/example_kubernetes_executor.py for tasks to queue
[2021-06-07 18:56:25,534] {logging_mixin.py:104} INFO - [2021-06-07 18:56:25,534] {dagbag.py:487} INFO - Filling up the DagBag from /home/encrypted/abaceti/.virtualenvs/pumpwood-airflow-images/lib/python3.6/site-packages/airflow/example_dags/example_kubernetes_executor.py
[2021-06-07 18:56:25,540] {scheduler_job.py:643} INFO - DAG(s) dict_keys(['example_kubernetes_executor']) retrieved from /home/encrypted/abaceti/.virtualenvs/pumpwood-airflow-images/lib/python3.6/site-packages/airflow/example_dags/example_kubernetes_executor.py
[2021-06-07 18:56:25,554] {logging_mixin.py:104} INFO - [2021-06-07 18:56:25,554] {dag.py:1832} INFO - Sync 1 DAGs
[2021-06-07 18:56:25,563] {logging_mixin.py:104} INFO - [2021-06-07 18:56:25,563] {dag.py:2305} INFO - Setting next_dagrun for example_kubernetes_executor to None
[2021-06-07 18:56:25,568] {scheduler_job.py:190} INFO - Processing /home/encrypted/abaceti/.virtualenvs/pumpwood-airflow-images/lib/python3.6/site-packages/airflow/example_dags/example_kubernetes_executor.py took 0.037 seconds
[2021-06-07 18:56:56,526] {scheduler_job.py:182} INFO - Started process (PID=12958) to work on /home/encrypted/abaceti/.virtualenvs/pumpwood-airflow-images/lib/python3.6/site-packages/airflow/example_dags/example_kubernetes_executor.py
[2021-06-07 18:56:56,527] {scheduler_job.py:633} INFO - Processing file /home/encrypted/abaceti/.virtualenvs/pumpwood-airflow-images/lib/python3.6/site-packages/airflow/example_dags/example_kubernetes_executor.py for tasks to queue
[2021-06-07 18:56:56,527] {logging_mixin.py:104} INFO - [2021-06-07 18:56:56,527] {dagbag.py:487} INFO - Filling up the DagBag from /home/encrypted/abaceti/.virtualenvs/pumpwood-airflow-images/lib/python3.6/site-packages/airflow/example_dags/example_kubernetes_executor.py
[2021-06-07 18:56:56,533] {scheduler_job.py:643} INFO - DAG(s) dict_keys(['example_kubernetes_executor']) retrieved from /home/encrypted/abaceti/.virtualenvs/pumpwood-airflow-images/lib/python3.6/site-packages/airflow/example_dags/example_kubernetes_executor.py
[2021-06-07 18:56:56,547] {logging_mixin.py:104} INFO - [2021-06-07 18:56:56,547] {dag.py:1832} INFO - Sync 1 DAGs
[2021-06-07 18:56:56,554] {logging_mixin.py:104} INFO - [2021-06-07 18:56:56,554] {dag.py:2305} INFO - Setting next_dagrun for example_kubernetes_executor to None
[2021-06-07 18:56:56,560] {scheduler_job.py:190} INFO - Processing /home/encrypted/abaceti/.virtualenvs/pumpwood-airflow-images/lib/python3.6/site-packages/airflow/example_dags/example_kubernetes_executor.py took 0.035 seconds
[2021-06-07 18:57:27,567] {scheduler_job.py:182} INFO - Started process (PID=13076) to work on /home/encrypted/abaceti/.virtualenvs/pumpwood-airflow-images/lib/python3.6/site-packages/airflow/example_dags/example_kubernetes_executor.py
[2021-06-07 18:57:27,568] {scheduler_job.py:633} INFO - Processing file /home/encrypted/abaceti/.virtualenvs/pumpwood-airflow-images/lib/python3.6/site-packages/airflow/example_dags/example_kubernetes_executor.py for tasks to queue
[2021-06-07 18:57:27,568] {logging_mixin.py:104} INFO - [2021-06-07 18:57:27,568] {dagbag.py:487} INFO - Filling up the DagBag from /home/encrypted/abaceti/.virtualenvs/pumpwood-airflow-images/lib/python3.6/site-packages/airflow/example_dags/example_kubernetes_executor.py
[2021-06-07 18:57:27,574] {scheduler_job.py:643} INFO - DAG(s) dict_keys(['example_kubernetes_executor']) retrieved from /home/encrypted/abaceti/.virtualenvs/pumpwood-airflow-images/lib/python3.6/site-packages/airflow/example_dags/example_kubernetes_executor.py
[2021-06-07 18:57:27,589] {logging_mixin.py:104} INFO - [2021-06-07 18:57:27,589] {dag.py:1832} INFO - Sync 1 DAGs
[2021-06-07 18:57:27,597] {logging_mixin.py:104} INFO - [2021-06-07 18:57:27,597] {dag.py:2305} INFO - Setting next_dagrun for example_kubernetes_executor to None
[2021-06-07 18:57:27,602] {scheduler_job.py:190} INFO - Processing /home/encrypted/abaceti/.virtualenvs/pumpwood-airflow-images/lib/python3.6/site-packages/airflow/example_dags/example_kubernetes_executor.py took 0.036 seconds
[2021-06-07 18:57:57,866] {scheduler_job.py:182} INFO - Started process (PID=13252) to work on /home/encrypted/abaceti/.virtualenvs/pumpwood-airflow-images/lib/python3.6/site-packages/airflow/example_dags/example_kubernetes_executor.py
[2021-06-07 18:57:57,866] {scheduler_job.py:633} INFO - Processing file /home/encrypted/abaceti/.virtualenvs/pumpwood-airflow-images/lib/python3.6/site-packages/airflow/example_dags/example_kubernetes_executor.py for tasks to queue
[2021-06-07 18:57:57,867] {logging_mixin.py:104} INFO - [2021-06-07 18:57:57,867] {dagbag.py:487} INFO - Filling up the DagBag from /home/encrypted/abaceti/.virtualenvs/pumpwood-airflow-images/lib/python3.6/site-packages/airflow/example_dags/example_kubernetes_executor.py
[2021-06-07 18:57:57,874] {scheduler_job.py:643} INFO - DAG(s) dict_keys(['example_kubernetes_executor']) retrieved from /home/encrypted/abaceti/.virtualenvs/pumpwood-airflow-images/lib/python3.6/site-packages/airflow/example_dags/example_kubernetes_executor.py
[2021-06-07 18:57:57,888] {logging_mixin.py:104} INFO - [2021-06-07 18:57:57,888] {dag.py:1832} INFO - Sync 1 DAGs
[2021-06-07 18:57:57,897] {logging_mixin.py:104} INFO - [2021-06-07 18:57:57,897] {dag.py:2305} INFO - Setting next_dagrun for example_kubernetes_executor to None
[2021-06-07 18:57:57,902] {scheduler_job.py:190} INFO - Processing /home/encrypted/abaceti/.virtualenvs/pumpwood-airflow-images/lib/python3.6/site-packages/airflow/example_dags/example_kubernetes_executor.py took 0.038 seconds
[2021-06-07 18:58:28,865] {scheduler_job.py:182} INFO - Started process (PID=13365) to work on /home/encrypted/abaceti/.virtualenvs/pumpwood-airflow-images/lib/python3.6/site-packages/airflow/example_dags/example_kubernetes_executor.py
[2021-06-07 18:58:28,866] {scheduler_job.py:633} INFO - Processing file /home/encrypted/abaceti/.virtualenvs/pumpwood-airflow-images/lib/python3.6/site-packages/airflow/example_dags/example_kubernetes_executor.py for tasks to queue
[2021-06-07 18:58:28,866] {logging_mixin.py:104} INFO - [2021-06-07 18:58:28,866] {dagbag.py:487} INFO - Filling up the DagBag from /home/encrypted/abaceti/.virtualenvs/pumpwood-airflow-images/lib/python3.6/site-packages/airflow/example_dags/example_kubernetes_executor.py
[2021-06-07 18:58:28,872] {scheduler_job.py:643} INFO - DAG(s) dict_keys(['example_kubernetes_executor']) retrieved from /home/encrypted/abaceti/.virtualenvs/pumpwood-airflow-images/lib/python3.6/site-packages/airflow/example_dags/example_kubernetes_executor.py
[2021-06-07 18:58:28,886] {logging_mixin.py:104} INFO - [2021-06-07 18:58:28,886] {dag.py:1832} INFO - Sync 1 DAGs
[2021-06-07 18:58:28,894] {logging_mixin.py:104} INFO - [2021-06-07 18:58:28,894] {dag.py:2305} INFO - Setting next_dagrun for example_kubernetes_executor to None
[2021-06-07 18:58:28,899] {scheduler_job.py:190} INFO - Processing /home/encrypted/abaceti/.virtualenvs/pumpwood-airflow-images/lib/python3.6/site-packages/airflow/example_dags/example_kubernetes_executor.py took 0.035 seconds
[2021-06-07 18:59:00,111] {scheduler_job.py:182} INFO - Started process (PID=13544) to work on /home/encrypted/abaceti/.virtualenvs/pumpwood-airflow-images/lib/python3.6/site-packages/airflow/example_dags/example_kubernetes_executor.py
[2021-06-07 18:59:00,112] {scheduler_job.py:633} INFO - Processing file /home/encrypted/abaceti/.virtualenvs/pumpwood-airflow-images/lib/python3.6/site-packages/airflow/example_dags/example_kubernetes_executor.py for tasks to queue
[2021-06-07 18:59:00,112] {logging_mixin.py:104} INFO - [2021-06-07 18:59:00,112] {dagbag.py:487} INFO - Filling up the DagBag from /home/encrypted/abaceti/.virtualenvs/pumpwood-airflow-images/lib/python3.6/site-packages/airflow/example_dags/example_kubernetes_executor.py
[2021-06-07 18:59:00,118] {scheduler_job.py:643} INFO - DAG(s) dict_keys(['example_kubernetes_executor']) retrieved from /home/encrypted/abaceti/.virtualenvs/pumpwood-airflow-images/lib/python3.6/site-packages/airflow/example_dags/example_kubernetes_executor.py
[2021-06-07 18:59:00,132] {logging_mixin.py:104} INFO - [2021-06-07 18:59:00,131] {dag.py:1832} INFO - Sync 1 DAGs
[2021-06-07 18:59:00,140] {logging_mixin.py:104} INFO - [2021-06-07 18:59:00,140] {dag.py:2305} INFO - Setting next_dagrun for example_kubernetes_executor to None
[2021-06-07 18:59:00,145] {scheduler_job.py:190} INFO - Processing /home/encrypted/abaceti/.virtualenvs/pumpwood-airflow-images/lib/python3.6/site-packages/airflow/example_dags/example_kubernetes_executor.py took 0.036 seconds
[2021-06-07 18:59:30,257] {scheduler_job.py:182} INFO - Started process (PID=13668) to work on /home/encrypted/abaceti/.virtualenvs/pumpwood-airflow-images/lib/python3.6/site-packages/airflow/example_dags/example_kubernetes_executor.py
[2021-06-07 18:59:30,258] {scheduler_job.py:633} INFO - Processing file /home/encrypted/abaceti/.virtualenvs/pumpwood-airflow-images/lib/python3.6/site-packages/airflow/example_dags/example_kubernetes_executor.py for tasks to queue
[2021-06-07 18:59:30,258] {logging_mixin.py:104} INFO - [2021-06-07 18:59:30,258] {dagbag.py:487} INFO - Filling up the DagBag from /home/encrypted/abaceti/.virtualenvs/pumpwood-airflow-images/lib/python3.6/site-packages/airflow/example_dags/example_kubernetes_executor.py
[2021-06-07 18:59:30,264] {scheduler_job.py:643} INFO - DAG(s) dict_keys(['example_kubernetes_executor']) retrieved from /home/encrypted/abaceti/.virtualenvs/pumpwood-airflow-images/lib/python3.6/site-packages/airflow/example_dags/example_kubernetes_executor.py
[2021-06-07 18:59:30,280] {logging_mixin.py:104} INFO - [2021-06-07 18:59:30,280] {dag.py:1832} INFO - Sync 1 DAGs
[2021-06-07 18:59:30,290] {logging_mixin.py:104} INFO - [2021-06-07 18:59:30,290] {dag.py:2305} INFO - Setting next_dagrun for example_kubernetes_executor to None
[2021-06-07 18:59:30,296] {scheduler_job.py:190} INFO - Processing /home/encrypted/abaceti/.virtualenvs/pumpwood-airflow-images/lib/python3.6/site-packages/airflow/example_dags/example_kubernetes_executor.py took 0.040 seconds
[2021-06-07 19:00:00,435] {scheduler_job.py:182} INFO - Started process (PID=13832) to work on /home/encrypted/abaceti/.virtualenvs/pumpwood-airflow-images/lib/python3.6/site-packages/airflow/example_dags/example_kubernetes_executor.py
[2021-06-07 19:00:00,435] {scheduler_job.py:633} INFO - Processing file /home/encrypted/abaceti/.virtualenvs/pumpwood-airflow-images/lib/python3.6/site-packages/airflow/example_dags/example_kubernetes_executor.py for tasks to queue
[2021-06-07 19:00:00,436] {logging_mixin.py:104} INFO - [2021-06-07 19:00:00,435] {dagbag.py:487} INFO - Filling up the DagBag from /home/encrypted/abaceti/.virtualenvs/pumpwood-airflow-images/lib/python3.6/site-packages/airflow/example_dags/example_kubernetes_executor.py
[2021-06-07 19:00:00,441] {scheduler_job.py:643} INFO - DAG(s) dict_keys(['example_kubernetes_executor']) retrieved from /home/encrypted/abaceti/.virtualenvs/pumpwood-airflow-images/lib/python3.6/site-packages/airflow/example_dags/example_kubernetes_executor.py
[2021-06-07 19:00:00,456] {logging_mixin.py:104} INFO - [2021-06-07 19:00:00,456] {dag.py:1832} INFO - Sync 1 DAGs
[2021-06-07 19:00:00,466] {logging_mixin.py:104} INFO - [2021-06-07 19:00:00,466] {dag.py:2305} INFO - Setting next_dagrun for example_kubernetes_executor to None
[2021-06-07 19:00:00,472] {scheduler_job.py:190} INFO - Processing /home/encrypted/abaceti/.virtualenvs/pumpwood-airflow-images/lib/python3.6/site-packages/airflow/example_dags/example_kubernetes_executor.py took 0.039 seconds
[2021-06-07 19:00:30,501] {scheduler_job.py:182} INFO - Started process (PID=13946) to work on /home/encrypted/abaceti/.virtualenvs/pumpwood-airflow-images/lib/python3.6/site-packages/airflow/example_dags/example_kubernetes_executor.py
[2021-06-07 19:00:30,501] {scheduler_job.py:633} INFO - Processing file /home/encrypted/abaceti/.virtualenvs/pumpwood-airflow-images/lib/python3.6/site-packages/airflow/example_dags/example_kubernetes_executor.py for tasks to queue
[2021-06-07 19:00:30,502] {logging_mixin.py:104} INFO - [2021-06-07 19:00:30,502] {dagbag.py:487} INFO - Filling up the DagBag from /home/encrypted/abaceti/.virtualenvs/pumpwood-airflow-images/lib/python3.6/site-packages/airflow/example_dags/example_kubernetes_executor.py
[2021-06-07 19:00:30,508] {scheduler_job.py:643} INFO - DAG(s) dict_keys(['example_kubernetes_executor']) retrieved from /home/encrypted/abaceti/.virtualenvs/pumpwood-airflow-images/lib/python3.6/site-packages/airflow/example_dags/example_kubernetes_executor.py
[2021-06-07 19:00:30,522] {logging_mixin.py:104} INFO - [2021-06-07 19:00:30,522] {dag.py:1832} INFO - Sync 1 DAGs
[2021-06-07 19:00:30,529] {logging_mixin.py:104} INFO - [2021-06-07 19:00:30,529] {dag.py:2305} INFO - Setting next_dagrun for example_kubernetes_executor to None
[2021-06-07 19:00:30,535] {scheduler_job.py:190} INFO - Processing /home/encrypted/abaceti/.virtualenvs/pumpwood-airflow-images/lib/python3.6/site-packages/airflow/example_dags/example_kubernetes_executor.py took 0.035 seconds
[2021-06-07 19:01:00,691] {scheduler_job.py:182} INFO - Started process (PID=14134) to work on /home/encrypted/abaceti/.virtualenvs/pumpwood-airflow-images/lib/python3.6/site-packages/airflow/example_dags/example_kubernetes_executor.py
[2021-06-07 19:01:00,692] {scheduler_job.py:633} INFO - Processing file /home/encrypted/abaceti/.virtualenvs/pumpwood-airflow-images/lib/python3.6/site-packages/airflow/example_dags/example_kubernetes_executor.py for tasks to queue
[2021-06-07 19:01:00,692] {logging_mixin.py:104} INFO - [2021-06-07 19:01:00,692] {dagbag.py:487} INFO - Filling up the DagBag from /home/encrypted/abaceti/.virtualenvs/pumpwood-airflow-images/lib/python3.6/site-packages/airflow/example_dags/example_kubernetes_executor.py
[2021-06-07 19:01:00,698] {scheduler_job.py:643} INFO - DAG(s) dict_keys(['example_kubernetes_executor']) retrieved from /home/encrypted/abaceti/.virtualenvs/pumpwood-airflow-images/lib/python3.6/site-packages/airflow/example_dags/example_kubernetes_executor.py
[2021-06-07 19:01:00,713] {logging_mixin.py:104} INFO - [2021-06-07 19:01:00,713] {dag.py:1832} INFO - Sync 1 DAGs
[2021-06-07 19:01:00,721] {logging_mixin.py:104} INFO - [2021-06-07 19:01:00,721] {dag.py:2305} INFO - Setting next_dagrun for example_kubernetes_executor to None
[2021-06-07 19:01:00,726] {scheduler_job.py:190} INFO - Processing /home/encrypted/abaceti/.virtualenvs/pumpwood-airflow-images/lib/python3.6/site-packages/airflow/example_dags/example_kubernetes_executor.py took 0.036 seconds
[2021-06-07 19:01:31,017] {scheduler_job.py:182} INFO - Started process (PID=14257) to work on /home/encrypted/abaceti/.virtualenvs/pumpwood-airflow-images/lib/python3.6/site-packages/airflow/example_dags/example_kubernetes_executor.py
[2021-06-07 19:01:31,017] {scheduler_job.py:633} INFO - Processing file /home/encrypted/abaceti/.virtualenvs/pumpwood-airflow-images/lib/python3.6/site-packages/airflow/example_dags/example_kubernetes_executor.py for tasks to queue
[2021-06-07 19:01:31,017] {logging_mixin.py:104} INFO - [2021-06-07 19:01:31,017] {dagbag.py:487} INFO - Filling up the DagBag from /home/encrypted/abaceti/.virtualenvs/pumpwood-airflow-images/lib/python3.6/site-packages/airflow/example_dags/example_kubernetes_executor.py
[2021-06-07 19:01:31,023] {scheduler_job.py:643} INFO - DAG(s) dict_keys(['example_kubernetes_executor']) retrieved from /home/encrypted/abaceti/.virtualenvs/pumpwood-airflow-images/lib/python3.6/site-packages/airflow/example_dags/example_kubernetes_executor.py
[2021-06-07 19:01:31,040] {logging_mixin.py:104} INFO - [2021-06-07 19:01:31,040] {dag.py:1832} INFO - Sync 1 DAGs
[2021-06-07 19:01:31,051] {logging_mixin.py:104} INFO - [2021-06-07 19:01:31,051] {dag.py:2305} INFO - Setting next_dagrun for example_kubernetes_executor to None
[2021-06-07 19:01:31,058] {scheduler_job.py:190} INFO - Processing /home/encrypted/abaceti/.virtualenvs/pumpwood-airflow-images/lib/python3.6/site-packages/airflow/example_dags/example_kubernetes_executor.py took 0.043 seconds
[2021-06-07 19:02:01,132] {scheduler_job.py:182} INFO - Started process (PID=14438) to work on /home/encrypted/abaceti/.virtualenvs/pumpwood-airflow-images/lib/python3.6/site-packages/airflow/example_dags/example_kubernetes_executor.py
[2021-06-07 19:02:01,133] {scheduler_job.py:633} INFO - Processing file /home/encrypted/abaceti/.virtualenvs/pumpwood-airflow-images/lib/python3.6/site-packages/airflow/example_dags/example_kubernetes_executor.py for tasks to queue
[2021-06-07 19:02:01,133] {logging_mixin.py:104} INFO - [2021-06-07 19:02:01,133] {dagbag.py:487} INFO - Filling up the DagBag from /home/encrypted/abaceti/.virtualenvs/pumpwood-airflow-images/lib/python3.6/site-packages/airflow/example_dags/example_kubernetes_executor.py
[2021-06-07 19:02:01,139] {scheduler_job.py:643} INFO - DAG(s) dict_keys(['example_kubernetes_executor']) retrieved from /home/encrypted/abaceti/.virtualenvs/pumpwood-airflow-images/lib/python3.6/site-packages/airflow/example_dags/example_kubernetes_executor.py
[2021-06-07 19:02:01,153] {logging_mixin.py:104} INFO - [2021-06-07 19:02:01,153] {dag.py:1832} INFO - Sync 1 DAGs
[2021-06-07 19:02:01,162] {logging_mixin.py:104} INFO - [2021-06-07 19:02:01,161] {dag.py:2305} INFO - Setting next_dagrun for example_kubernetes_executor to None
[2021-06-07 19:02:01,167] {scheduler_job.py:190} INFO - Processing /home/encrypted/abaceti/.virtualenvs/pumpwood-airflow-images/lib/python3.6/site-packages/airflow/example_dags/example_kubernetes_executor.py took 0.037 seconds
[2021-06-07 19:02:31,258] {scheduler_job.py:182} INFO - Started process (PID=14652) to work on /home/encrypted/abaceti/.virtualenvs/pumpwood-airflow-images/lib/python3.6/site-packages/airflow/example_dags/example_kubernetes_executor.py
[2021-06-07 19:02:31,259] {scheduler_job.py:633} INFO - Processing file /home/encrypted/abaceti/.virtualenvs/pumpwood-airflow-images/lib/python3.6/site-packages/airflow/example_dags/example_kubernetes_executor.py for tasks to queue
[2021-06-07 19:02:31,260] {logging_mixin.py:104} INFO - [2021-06-07 19:02:31,260] {dagbag.py:487} INFO - Filling up the DagBag from /home/encrypted/abaceti/.virtualenvs/pumpwood-airflow-images/lib/python3.6/site-packages/airflow/example_dags/example_kubernetes_executor.py
[2021-06-07 19:02:31,267] {scheduler_job.py:643} INFO - DAG(s) dict_keys(['example_kubernetes_executor']) retrieved from /home/encrypted/abaceti/.virtualenvs/pumpwood-airflow-images/lib/python3.6/site-packages/airflow/example_dags/example_kubernetes_executor.py
[2021-06-07 19:02:31,281] {logging_mixin.py:104} INFO - [2021-06-07 19:02:31,281] {dag.py:1832} INFO - Sync 1 DAGs
[2021-06-07 19:02:31,291] {logging_mixin.py:104} INFO - [2021-06-07 19:02:31,291] {dag.py:2305} INFO - Setting next_dagrun for example_kubernetes_executor to None
[2021-06-07 19:02:31,296] {scheduler_job.py:190} INFO - Processing /home/encrypted/abaceti/.virtualenvs/pumpwood-airflow-images/lib/python3.6/site-packages/airflow/example_dags/example_kubernetes_executor.py took 0.040 seconds
