[2021-06-07 18:39:19,214] {scheduler_job.py:182} INFO - Started process (PID=5610) to work on /home/encrypted/abaceti/.virtualenvs/pumpwood-airflow-images/lib/python3.6/site-packages/airflow/example_dags/tutorial_taskflow_api_etl_virtualenv.py
[2021-06-07 18:39:19,215] {scheduler_job.py:633} INFO - Processing file /home/encrypted/abaceti/.virtualenvs/pumpwood-airflow-images/lib/python3.6/site-packages/airflow/example_dags/tutorial_taskflow_api_etl_virtualenv.py for tasks to queue
[2021-06-07 18:39:19,215] {logging_mixin.py:104} INFO - [2021-06-07 18:39:19,215] {dagbag.py:487} INFO - Filling up the DagBag from /home/encrypted/abaceti/.virtualenvs/pumpwood-airflow-images/lib/python3.6/site-packages/airflow/example_dags/tutorial_taskflow_api_etl_virtualenv.py
[2021-06-07 18:39:19,224] {scheduler_job.py:643} INFO - DAG(s) dict_keys(['tutorial_taskflow_api_etl_virtualenv']) retrieved from /home/encrypted/abaceti/.virtualenvs/pumpwood-airflow-images/lib/python3.6/site-packages/airflow/example_dags/tutorial_taskflow_api_etl_virtualenv.py
[2021-06-07 18:39:19,351] {logging_mixin.py:104} INFO - [2021-06-07 18:39:19,351] {dag.py:1832} INFO - Sync 1 DAGs
[2021-06-07 18:39:19,362] {logging_mixin.py:104} INFO - [2021-06-07 18:39:19,362] {dag.py:2305} INFO - Setting next_dagrun for tutorial_taskflow_api_etl_virtualenv to None
[2021-06-07 18:39:19,372] {scheduler_job.py:190} INFO - Processing /home/encrypted/abaceti/.virtualenvs/pumpwood-airflow-images/lib/python3.6/site-packages/airflow/example_dags/tutorial_taskflow_api_etl_virtualenv.py took 0.159 seconds
[2021-06-07 18:39:49,498] {scheduler_job.py:182} INFO - Started process (PID=5781) to work on /home/encrypted/abaceti/.virtualenvs/pumpwood-airflow-images/lib/python3.6/site-packages/airflow/example_dags/tutorial_taskflow_api_etl_virtualenv.py
[2021-06-07 18:39:49,498] {scheduler_job.py:633} INFO - Processing file /home/encrypted/abaceti/.virtualenvs/pumpwood-airflow-images/lib/python3.6/site-packages/airflow/example_dags/tutorial_taskflow_api_etl_virtualenv.py for tasks to queue
[2021-06-07 18:39:49,498] {logging_mixin.py:104} INFO - [2021-06-07 18:39:49,498] {dagbag.py:487} INFO - Filling up the DagBag from /home/encrypted/abaceti/.virtualenvs/pumpwood-airflow-images/lib/python3.6/site-packages/airflow/example_dags/tutorial_taskflow_api_etl_virtualenv.py
[2021-06-07 18:39:49,506] {scheduler_job.py:643} INFO - DAG(s) dict_keys(['tutorial_taskflow_api_etl_virtualenv']) retrieved from /home/encrypted/abaceti/.virtualenvs/pumpwood-airflow-images/lib/python3.6/site-packages/airflow/example_dags/tutorial_taskflow_api_etl_virtualenv.py
[2021-06-07 18:39:49,608] {logging_mixin.py:104} INFO - [2021-06-07 18:39:49,608] {dag.py:1832} INFO - Sync 1 DAGs
[2021-06-07 18:39:49,615] {logging_mixin.py:104} INFO - [2021-06-07 18:39:49,615] {dag.py:2305} INFO - Setting next_dagrun for tutorial_taskflow_api_etl_virtualenv to None
[2021-06-07 18:39:49,623] {scheduler_job.py:190} INFO - Processing /home/encrypted/abaceti/.virtualenvs/pumpwood-airflow-images/lib/python3.6/site-packages/airflow/example_dags/tutorial_taskflow_api_etl_virtualenv.py took 0.126 seconds
[2021-06-07 18:40:19,702] {scheduler_job.py:182} INFO - Started process (PID=5933) to work on /home/encrypted/abaceti/.virtualenvs/pumpwood-airflow-images/lib/python3.6/site-packages/airflow/example_dags/tutorial_taskflow_api_etl_virtualenv.py
[2021-06-07 18:40:19,703] {scheduler_job.py:633} INFO - Processing file /home/encrypted/abaceti/.virtualenvs/pumpwood-airflow-images/lib/python3.6/site-packages/airflow/example_dags/tutorial_taskflow_api_etl_virtualenv.py for tasks to queue
[2021-06-07 18:40:19,703] {logging_mixin.py:104} INFO - [2021-06-07 18:40:19,703] {dagbag.py:487} INFO - Filling up the DagBag from /home/encrypted/abaceti/.virtualenvs/pumpwood-airflow-images/lib/python3.6/site-packages/airflow/example_dags/tutorial_taskflow_api_etl_virtualenv.py
[2021-06-07 18:40:19,710] {scheduler_job.py:643} INFO - DAG(s) dict_keys(['tutorial_taskflow_api_etl_virtualenv']) retrieved from /home/encrypted/abaceti/.virtualenvs/pumpwood-airflow-images/lib/python3.6/site-packages/airflow/example_dags/tutorial_taskflow_api_etl_virtualenv.py
[2021-06-07 18:40:19,814] {logging_mixin.py:104} INFO - [2021-06-07 18:40:19,814] {dag.py:1832} INFO - Sync 1 DAGs
[2021-06-07 18:40:19,822] {logging_mixin.py:104} INFO - [2021-06-07 18:40:19,822] {dag.py:2305} INFO - Setting next_dagrun for tutorial_taskflow_api_etl_virtualenv to None
[2021-06-07 18:40:19,829] {scheduler_job.py:190} INFO - Processing /home/encrypted/abaceti/.virtualenvs/pumpwood-airflow-images/lib/python3.6/site-packages/airflow/example_dags/tutorial_taskflow_api_etl_virtualenv.py took 0.128 seconds
[2021-06-07 18:40:49,919] {scheduler_job.py:182} INFO - Started process (PID=6127) to work on /home/encrypted/abaceti/.virtualenvs/pumpwood-airflow-images/lib/python3.6/site-packages/airflow/example_dags/tutorial_taskflow_api_etl_virtualenv.py
[2021-06-07 18:40:49,919] {scheduler_job.py:633} INFO - Processing file /home/encrypted/abaceti/.virtualenvs/pumpwood-airflow-images/lib/python3.6/site-packages/airflow/example_dags/tutorial_taskflow_api_etl_virtualenv.py for tasks to queue
[2021-06-07 18:40:49,920] {logging_mixin.py:104} INFO - [2021-06-07 18:40:49,919] {dagbag.py:487} INFO - Filling up the DagBag from /home/encrypted/abaceti/.virtualenvs/pumpwood-airflow-images/lib/python3.6/site-packages/airflow/example_dags/tutorial_taskflow_api_etl_virtualenv.py
[2021-06-07 18:40:49,928] {scheduler_job.py:643} INFO - DAG(s) dict_keys(['tutorial_taskflow_api_etl_virtualenv']) retrieved from /home/encrypted/abaceti/.virtualenvs/pumpwood-airflow-images/lib/python3.6/site-packages/airflow/example_dags/tutorial_taskflow_api_etl_virtualenv.py
[2021-06-07 18:40:50,031] {logging_mixin.py:104} INFO - [2021-06-07 18:40:50,031] {dag.py:1832} INFO - Sync 1 DAGs
[2021-06-07 18:40:50,038] {logging_mixin.py:104} INFO - [2021-06-07 18:40:50,038] {dag.py:2305} INFO - Setting next_dagrun for tutorial_taskflow_api_etl_virtualenv to None
[2021-06-07 18:40:50,045] {scheduler_job.py:190} INFO - Processing /home/encrypted/abaceti/.virtualenvs/pumpwood-airflow-images/lib/python3.6/site-packages/airflow/example_dags/tutorial_taskflow_api_etl_virtualenv.py took 0.127 seconds
[2021-06-07 18:41:20,060] {scheduler_job.py:182} INFO - Started process (PID=6240) to work on /home/encrypted/abaceti/.virtualenvs/pumpwood-airflow-images/lib/python3.6/site-packages/airflow/example_dags/tutorial_taskflow_api_etl_virtualenv.py
[2021-06-07 18:41:20,060] {scheduler_job.py:633} INFO - Processing file /home/encrypted/abaceti/.virtualenvs/pumpwood-airflow-images/lib/python3.6/site-packages/airflow/example_dags/tutorial_taskflow_api_etl_virtualenv.py for tasks to queue
[2021-06-07 18:41:20,060] {logging_mixin.py:104} INFO - [2021-06-07 18:41:20,060] {dagbag.py:487} INFO - Filling up the DagBag from /home/encrypted/abaceti/.virtualenvs/pumpwood-airflow-images/lib/python3.6/site-packages/airflow/example_dags/tutorial_taskflow_api_etl_virtualenv.py
[2021-06-07 18:41:20,068] {scheduler_job.py:643} INFO - DAG(s) dict_keys(['tutorial_taskflow_api_etl_virtualenv']) retrieved from /home/encrypted/abaceti/.virtualenvs/pumpwood-airflow-images/lib/python3.6/site-packages/airflow/example_dags/tutorial_taskflow_api_etl_virtualenv.py
[2021-06-07 18:41:20,170] {logging_mixin.py:104} INFO - [2021-06-07 18:41:20,170] {dag.py:1832} INFO - Sync 1 DAGs
[2021-06-07 18:41:20,177] {logging_mixin.py:104} INFO - [2021-06-07 18:41:20,177] {dag.py:2305} INFO - Setting next_dagrun for tutorial_taskflow_api_etl_virtualenv to None
[2021-06-07 18:41:20,184] {scheduler_job.py:190} INFO - Processing /home/encrypted/abaceti/.virtualenvs/pumpwood-airflow-images/lib/python3.6/site-packages/airflow/example_dags/tutorial_taskflow_api_etl_virtualenv.py took 0.126 seconds
[2021-06-07 18:41:50,304] {scheduler_job.py:182} INFO - Started process (PID=6407) to work on /home/encrypted/abaceti/.virtualenvs/pumpwood-airflow-images/lib/python3.6/site-packages/airflow/example_dags/tutorial_taskflow_api_etl_virtualenv.py
[2021-06-07 18:41:50,304] {scheduler_job.py:633} INFO - Processing file /home/encrypted/abaceti/.virtualenvs/pumpwood-airflow-images/lib/python3.6/site-packages/airflow/example_dags/tutorial_taskflow_api_etl_virtualenv.py for tasks to queue
[2021-06-07 18:41:50,305] {logging_mixin.py:104} INFO - [2021-06-07 18:41:50,305] {dagbag.py:487} INFO - Filling up the DagBag from /home/encrypted/abaceti/.virtualenvs/pumpwood-airflow-images/lib/python3.6/site-packages/airflow/example_dags/tutorial_taskflow_api_etl_virtualenv.py
[2021-06-07 18:41:50,312] {scheduler_job.py:643} INFO - DAG(s) dict_keys(['tutorial_taskflow_api_etl_virtualenv']) retrieved from /home/encrypted/abaceti/.virtualenvs/pumpwood-airflow-images/lib/python3.6/site-packages/airflow/example_dags/tutorial_taskflow_api_etl_virtualenv.py
[2021-06-07 18:41:50,414] {logging_mixin.py:104} INFO - [2021-06-07 18:41:50,414] {dag.py:1832} INFO - Sync 1 DAGs
[2021-06-07 18:41:50,421] {logging_mixin.py:104} INFO - [2021-06-07 18:41:50,421] {dag.py:2305} INFO - Setting next_dagrun for tutorial_taskflow_api_etl_virtualenv to None
[2021-06-07 18:41:50,427] {scheduler_job.py:190} INFO - Processing /home/encrypted/abaceti/.virtualenvs/pumpwood-airflow-images/lib/python3.6/site-packages/airflow/example_dags/tutorial_taskflow_api_etl_virtualenv.py took 0.125 seconds
[2021-06-07 18:42:20,454] {scheduler_job.py:182} INFO - Started process (PID=6525) to work on /home/encrypted/abaceti/.virtualenvs/pumpwood-airflow-images/lib/python3.6/site-packages/airflow/example_dags/tutorial_taskflow_api_etl_virtualenv.py
[2021-06-07 18:42:20,455] {scheduler_job.py:633} INFO - Processing file /home/encrypted/abaceti/.virtualenvs/pumpwood-airflow-images/lib/python3.6/site-packages/airflow/example_dags/tutorial_taskflow_api_etl_virtualenv.py for tasks to queue
[2021-06-07 18:42:20,455] {logging_mixin.py:104} INFO - [2021-06-07 18:42:20,455] {dagbag.py:487} INFO - Filling up the DagBag from /home/encrypted/abaceti/.virtualenvs/pumpwood-airflow-images/lib/python3.6/site-packages/airflow/example_dags/tutorial_taskflow_api_etl_virtualenv.py
[2021-06-07 18:42:20,463] {scheduler_job.py:643} INFO - DAG(s) dict_keys(['tutorial_taskflow_api_etl_virtualenv']) retrieved from /home/encrypted/abaceti/.virtualenvs/pumpwood-airflow-images/lib/python3.6/site-packages/airflow/example_dags/tutorial_taskflow_api_etl_virtualenv.py
[2021-06-07 18:42:20,566] {logging_mixin.py:104} INFO - [2021-06-07 18:42:20,565] {dag.py:1832} INFO - Sync 1 DAGs
[2021-06-07 18:42:20,573] {logging_mixin.py:104} INFO - [2021-06-07 18:42:20,573] {dag.py:2305} INFO - Setting next_dagrun for tutorial_taskflow_api_etl_virtualenv to None
[2021-06-07 18:42:20,580] {scheduler_job.py:190} INFO - Processing /home/encrypted/abaceti/.virtualenvs/pumpwood-airflow-images/lib/python3.6/site-packages/airflow/example_dags/tutorial_taskflow_api_etl_virtualenv.py took 0.127 seconds
[2021-06-07 18:42:50,698] {scheduler_job.py:182} INFO - Started process (PID=6702) to work on /home/encrypted/abaceti/.virtualenvs/pumpwood-airflow-images/lib/python3.6/site-packages/airflow/example_dags/tutorial_taskflow_api_etl_virtualenv.py
[2021-06-07 18:42:50,699] {scheduler_job.py:633} INFO - Processing file /home/encrypted/abaceti/.virtualenvs/pumpwood-airflow-images/lib/python3.6/site-packages/airflow/example_dags/tutorial_taskflow_api_etl_virtualenv.py for tasks to queue
[2021-06-07 18:42:50,699] {logging_mixin.py:104} INFO - [2021-06-07 18:42:50,699] {dagbag.py:487} INFO - Filling up the DagBag from /home/encrypted/abaceti/.virtualenvs/pumpwood-airflow-images/lib/python3.6/site-packages/airflow/example_dags/tutorial_taskflow_api_etl_virtualenv.py
[2021-06-07 18:42:50,706] {scheduler_job.py:643} INFO - DAG(s) dict_keys(['tutorial_taskflow_api_etl_virtualenv']) retrieved from /home/encrypted/abaceti/.virtualenvs/pumpwood-airflow-images/lib/python3.6/site-packages/airflow/example_dags/tutorial_taskflow_api_etl_virtualenv.py
[2021-06-07 18:42:50,720] {logging_mixin.py:104} INFO - [2021-06-07 18:42:50,720] {dag.py:1832} INFO - Sync 1 DAGs
[2021-06-07 18:42:50,728] {logging_mixin.py:104} INFO - [2021-06-07 18:42:50,728] {dag.py:2305} INFO - Setting next_dagrun for tutorial_taskflow_api_etl_virtualenv to None
[2021-06-07 18:42:50,733] {scheduler_job.py:190} INFO - Processing /home/encrypted/abaceti/.virtualenvs/pumpwood-airflow-images/lib/python3.6/site-packages/airflow/example_dags/tutorial_taskflow_api_etl_virtualenv.py took 0.037 seconds
[2021-06-07 18:43:21,680] {scheduler_job.py:182} INFO - Started process (PID=6948) to work on /home/encrypted/abaceti/.virtualenvs/pumpwood-airflow-images/lib/python3.6/site-packages/airflow/example_dags/tutorial_taskflow_api_etl_virtualenv.py
[2021-06-07 18:43:21,681] {scheduler_job.py:633} INFO - Processing file /home/encrypted/abaceti/.virtualenvs/pumpwood-airflow-images/lib/python3.6/site-packages/airflow/example_dags/tutorial_taskflow_api_etl_virtualenv.py for tasks to queue
[2021-06-07 18:43:21,681] {logging_mixin.py:104} INFO - [2021-06-07 18:43:21,681] {dagbag.py:487} INFO - Filling up the DagBag from /home/encrypted/abaceti/.virtualenvs/pumpwood-airflow-images/lib/python3.6/site-packages/airflow/example_dags/tutorial_taskflow_api_etl_virtualenv.py
[2021-06-07 18:43:21,688] {scheduler_job.py:643} INFO - DAG(s) dict_keys(['tutorial_taskflow_api_etl_virtualenv']) retrieved from /home/encrypted/abaceti/.virtualenvs/pumpwood-airflow-images/lib/python3.6/site-packages/airflow/example_dags/tutorial_taskflow_api_etl_virtualenv.py
[2021-06-07 18:43:21,798] {logging_mixin.py:104} INFO - [2021-06-07 18:43:21,797] {dag.py:1832} INFO - Sync 1 DAGs
[2021-06-07 18:43:21,806] {logging_mixin.py:104} INFO - [2021-06-07 18:43:21,806] {dag.py:2305} INFO - Setting next_dagrun for tutorial_taskflow_api_etl_virtualenv to None
[2021-06-07 18:43:21,813] {scheduler_job.py:190} INFO - Processing /home/encrypted/abaceti/.virtualenvs/pumpwood-airflow-images/lib/python3.6/site-packages/airflow/example_dags/tutorial_taskflow_api_etl_virtualenv.py took 0.134 seconds
[2021-06-07 18:43:51,843] {scheduler_job.py:182} INFO - Started process (PID=7199) to work on /home/encrypted/abaceti/.virtualenvs/pumpwood-airflow-images/lib/python3.6/site-packages/airflow/example_dags/tutorial_taskflow_api_etl_virtualenv.py
[2021-06-07 18:43:51,843] {scheduler_job.py:633} INFO - Processing file /home/encrypted/abaceti/.virtualenvs/pumpwood-airflow-images/lib/python3.6/site-packages/airflow/example_dags/tutorial_taskflow_api_etl_virtualenv.py for tasks to queue
[2021-06-07 18:43:51,844] {logging_mixin.py:104} INFO - [2021-06-07 18:43:51,844] {dagbag.py:487} INFO - Filling up the DagBag from /home/encrypted/abaceti/.virtualenvs/pumpwood-airflow-images/lib/python3.6/site-packages/airflow/example_dags/tutorial_taskflow_api_etl_virtualenv.py
[2021-06-07 18:43:51,851] {scheduler_job.py:643} INFO - DAG(s) dict_keys(['tutorial_taskflow_api_etl_virtualenv']) retrieved from /home/encrypted/abaceti/.virtualenvs/pumpwood-airflow-images/lib/python3.6/site-packages/airflow/example_dags/tutorial_taskflow_api_etl_virtualenv.py
[2021-06-07 18:43:51,956] {logging_mixin.py:104} INFO - [2021-06-07 18:43:51,956] {dag.py:1832} INFO - Sync 1 DAGs
[2021-06-07 18:43:51,965] {logging_mixin.py:104} INFO - [2021-06-07 18:43:51,965] {dag.py:2305} INFO - Setting next_dagrun for tutorial_taskflow_api_etl_virtualenv to None
[2021-06-07 18:43:51,972] {scheduler_job.py:190} INFO - Processing /home/encrypted/abaceti/.virtualenvs/pumpwood-airflow-images/lib/python3.6/site-packages/airflow/example_dags/tutorial_taskflow_api_etl_virtualenv.py took 0.130 seconds
[2021-06-07 18:44:21,984] {scheduler_job.py:182} INFO - Started process (PID=7329) to work on /home/encrypted/abaceti/.virtualenvs/pumpwood-airflow-images/lib/python3.6/site-packages/airflow/example_dags/tutorial_taskflow_api_etl_virtualenv.py
[2021-06-07 18:44:21,985] {scheduler_job.py:633} INFO - Processing file /home/encrypted/abaceti/.virtualenvs/pumpwood-airflow-images/lib/python3.6/site-packages/airflow/example_dags/tutorial_taskflow_api_etl_virtualenv.py for tasks to queue
[2021-06-07 18:44:21,985] {logging_mixin.py:104} INFO - [2021-06-07 18:44:21,985] {dagbag.py:487} INFO - Filling up the DagBag from /home/encrypted/abaceti/.virtualenvs/pumpwood-airflow-images/lib/python3.6/site-packages/airflow/example_dags/tutorial_taskflow_api_etl_virtualenv.py
[2021-06-07 18:44:21,993] {scheduler_job.py:643} INFO - DAG(s) dict_keys(['tutorial_taskflow_api_etl_virtualenv']) retrieved from /home/encrypted/abaceti/.virtualenvs/pumpwood-airflow-images/lib/python3.6/site-packages/airflow/example_dags/tutorial_taskflow_api_etl_virtualenv.py
[2021-06-07 18:44:22,103] {logging_mixin.py:104} INFO - [2021-06-07 18:44:22,103] {dag.py:1832} INFO - Sync 1 DAGs
[2021-06-07 18:44:22,111] {logging_mixin.py:104} INFO - [2021-06-07 18:44:22,111] {dag.py:2305} INFO - Setting next_dagrun for tutorial_taskflow_api_etl_virtualenv to None
[2021-06-07 18:44:22,117] {scheduler_job.py:190} INFO - Processing /home/encrypted/abaceti/.virtualenvs/pumpwood-airflow-images/lib/python3.6/site-packages/airflow/example_dags/tutorial_taskflow_api_etl_virtualenv.py took 0.135 seconds
[2021-06-07 18:44:52,170] {scheduler_job.py:182} INFO - Started process (PID=7507) to work on /home/encrypted/abaceti/.virtualenvs/pumpwood-airflow-images/lib/python3.6/site-packages/airflow/example_dags/tutorial_taskflow_api_etl_virtualenv.py
[2021-06-07 18:44:52,171] {scheduler_job.py:633} INFO - Processing file /home/encrypted/abaceti/.virtualenvs/pumpwood-airflow-images/lib/python3.6/site-packages/airflow/example_dags/tutorial_taskflow_api_etl_virtualenv.py for tasks to queue
[2021-06-07 18:44:52,171] {logging_mixin.py:104} INFO - [2021-06-07 18:44:52,171] {dagbag.py:487} INFO - Filling up the DagBag from /home/encrypted/abaceti/.virtualenvs/pumpwood-airflow-images/lib/python3.6/site-packages/airflow/example_dags/tutorial_taskflow_api_etl_virtualenv.py
[2021-06-07 18:44:52,179] {scheduler_job.py:643} INFO - DAG(s) dict_keys(['tutorial_taskflow_api_etl_virtualenv']) retrieved from /home/encrypted/abaceti/.virtualenvs/pumpwood-airflow-images/lib/python3.6/site-packages/airflow/example_dags/tutorial_taskflow_api_etl_virtualenv.py
[2021-06-07 18:44:52,296] {logging_mixin.py:104} INFO - [2021-06-07 18:44:52,296] {dag.py:1832} INFO - Sync 1 DAGs
[2021-06-07 18:44:52,305] {logging_mixin.py:104} INFO - [2021-06-07 18:44:52,304] {dag.py:2305} INFO - Setting next_dagrun for tutorial_taskflow_api_etl_virtualenv to None
[2021-06-07 18:44:52,311] {scheduler_job.py:190} INFO - Processing /home/encrypted/abaceti/.virtualenvs/pumpwood-airflow-images/lib/python3.6/site-packages/airflow/example_dags/tutorial_taskflow_api_etl_virtualenv.py took 0.142 seconds
[2021-06-07 18:45:22,979] {scheduler_job.py:182} INFO - Started process (PID=7611) to work on /home/encrypted/abaceti/.virtualenvs/pumpwood-airflow-images/lib/python3.6/site-packages/airflow/example_dags/tutorial_taskflow_api_etl_virtualenv.py
[2021-06-07 18:45:22,980] {scheduler_job.py:633} INFO - Processing file /home/encrypted/abaceti/.virtualenvs/pumpwood-airflow-images/lib/python3.6/site-packages/airflow/example_dags/tutorial_taskflow_api_etl_virtualenv.py for tasks to queue
[2021-06-07 18:45:22,980] {logging_mixin.py:104} INFO - [2021-06-07 18:45:22,980] {dagbag.py:487} INFO - Filling up the DagBag from /home/encrypted/abaceti/.virtualenvs/pumpwood-airflow-images/lib/python3.6/site-packages/airflow/example_dags/tutorial_taskflow_api_etl_virtualenv.py
[2021-06-07 18:45:22,989] {scheduler_job.py:643} INFO - DAG(s) dict_keys(['tutorial_taskflow_api_etl_virtualenv']) retrieved from /home/encrypted/abaceti/.virtualenvs/pumpwood-airflow-images/lib/python3.6/site-packages/airflow/example_dags/tutorial_taskflow_api_etl_virtualenv.py
[2021-06-07 18:45:23,104] {logging_mixin.py:104} INFO - [2021-06-07 18:45:23,104] {dag.py:1832} INFO - Sync 1 DAGs
[2021-06-07 18:45:23,113] {logging_mixin.py:104} INFO - [2021-06-07 18:45:23,113] {dag.py:2305} INFO - Setting next_dagrun for tutorial_taskflow_api_etl_virtualenv to None
[2021-06-07 18:45:23,120] {scheduler_job.py:190} INFO - Processing /home/encrypted/abaceti/.virtualenvs/pumpwood-airflow-images/lib/python3.6/site-packages/airflow/example_dags/tutorial_taskflow_api_etl_virtualenv.py took 0.142 seconds
[2021-06-07 18:45:53,166] {scheduler_job.py:182} INFO - Started process (PID=7787) to work on /home/encrypted/abaceti/.virtualenvs/pumpwood-airflow-images/lib/python3.6/site-packages/airflow/example_dags/tutorial_taskflow_api_etl_virtualenv.py
[2021-06-07 18:45:53,167] {scheduler_job.py:633} INFO - Processing file /home/encrypted/abaceti/.virtualenvs/pumpwood-airflow-images/lib/python3.6/site-packages/airflow/example_dags/tutorial_taskflow_api_etl_virtualenv.py for tasks to queue
[2021-06-07 18:45:53,167] {logging_mixin.py:104} INFO - [2021-06-07 18:45:53,167] {dagbag.py:487} INFO - Filling up the DagBag from /home/encrypted/abaceti/.virtualenvs/pumpwood-airflow-images/lib/python3.6/site-packages/airflow/example_dags/tutorial_taskflow_api_etl_virtualenv.py
[2021-06-07 18:45:53,175] {scheduler_job.py:643} INFO - DAG(s) dict_keys(['tutorial_taskflow_api_etl_virtualenv']) retrieved from /home/encrypted/abaceti/.virtualenvs/pumpwood-airflow-images/lib/python3.6/site-packages/airflow/example_dags/tutorial_taskflow_api_etl_virtualenv.py
[2021-06-07 18:45:53,287] {logging_mixin.py:104} INFO - [2021-06-07 18:45:53,287] {dag.py:1832} INFO - Sync 1 DAGs
[2021-06-07 18:45:53,294] {logging_mixin.py:104} INFO - [2021-06-07 18:45:53,294] {dag.py:2305} INFO - Setting next_dagrun for tutorial_taskflow_api_etl_virtualenv to None
[2021-06-07 18:45:53,301] {scheduler_job.py:190} INFO - Processing /home/encrypted/abaceti/.virtualenvs/pumpwood-airflow-images/lib/python3.6/site-packages/airflow/example_dags/tutorial_taskflow_api_etl_virtualenv.py took 0.137 seconds
[2021-06-07 18:46:23,367] {scheduler_job.py:182} INFO - Started process (PID=7908) to work on /home/encrypted/abaceti/.virtualenvs/pumpwood-airflow-images/lib/python3.6/site-packages/airflow/example_dags/tutorial_taskflow_api_etl_virtualenv.py
[2021-06-07 18:46:23,367] {scheduler_job.py:633} INFO - Processing file /home/encrypted/abaceti/.virtualenvs/pumpwood-airflow-images/lib/python3.6/site-packages/airflow/example_dags/tutorial_taskflow_api_etl_virtualenv.py for tasks to queue
[2021-06-07 18:46:23,368] {logging_mixin.py:104} INFO - [2021-06-07 18:46:23,368] {dagbag.py:487} INFO - Filling up the DagBag from /home/encrypted/abaceti/.virtualenvs/pumpwood-airflow-images/lib/python3.6/site-packages/airflow/example_dags/tutorial_taskflow_api_etl_virtualenv.py
[2021-06-07 18:46:23,375] {scheduler_job.py:643} INFO - DAG(s) dict_keys(['tutorial_taskflow_api_etl_virtualenv']) retrieved from /home/encrypted/abaceti/.virtualenvs/pumpwood-airflow-images/lib/python3.6/site-packages/airflow/example_dags/tutorial_taskflow_api_etl_virtualenv.py
[2021-06-07 18:46:23,485] {logging_mixin.py:104} INFO - [2021-06-07 18:46:23,485] {dag.py:1832} INFO - Sync 1 DAGs
[2021-06-07 18:46:23,493] {logging_mixin.py:104} INFO - [2021-06-07 18:46:23,493] {dag.py:2305} INFO - Setting next_dagrun for tutorial_taskflow_api_etl_virtualenv to None
[2021-06-07 18:46:23,500] {scheduler_job.py:190} INFO - Processing /home/encrypted/abaceti/.virtualenvs/pumpwood-airflow-images/lib/python3.6/site-packages/airflow/example_dags/tutorial_taskflow_api_etl_virtualenv.py took 0.134 seconds
[2021-06-07 18:46:53,526] {scheduler_job.py:182} INFO - Started process (PID=8098) to work on /home/encrypted/abaceti/.virtualenvs/pumpwood-airflow-images/lib/python3.6/site-packages/airflow/example_dags/tutorial_taskflow_api_etl_virtualenv.py
[2021-06-07 18:46:53,526] {scheduler_job.py:633} INFO - Processing file /home/encrypted/abaceti/.virtualenvs/pumpwood-airflow-images/lib/python3.6/site-packages/airflow/example_dags/tutorial_taskflow_api_etl_virtualenv.py for tasks to queue
[2021-06-07 18:46:53,527] {logging_mixin.py:104} INFO - [2021-06-07 18:46:53,527] {dagbag.py:487} INFO - Filling up the DagBag from /home/encrypted/abaceti/.virtualenvs/pumpwood-airflow-images/lib/python3.6/site-packages/airflow/example_dags/tutorial_taskflow_api_etl_virtualenv.py
[2021-06-07 18:46:53,535] {scheduler_job.py:643} INFO - DAG(s) dict_keys(['tutorial_taskflow_api_etl_virtualenv']) retrieved from /home/encrypted/abaceti/.virtualenvs/pumpwood-airflow-images/lib/python3.6/site-packages/airflow/example_dags/tutorial_taskflow_api_etl_virtualenv.py
[2021-06-07 18:46:53,651] {logging_mixin.py:104} INFO - [2021-06-07 18:46:53,651] {dag.py:1832} INFO - Sync 1 DAGs
[2021-06-07 18:46:53,660] {logging_mixin.py:104} INFO - [2021-06-07 18:46:53,660] {dag.py:2305} INFO - Setting next_dagrun for tutorial_taskflow_api_etl_virtualenv to None
[2021-06-07 18:46:53,666] {scheduler_job.py:190} INFO - Processing /home/encrypted/abaceti/.virtualenvs/pumpwood-airflow-images/lib/python3.6/site-packages/airflow/example_dags/tutorial_taskflow_api_etl_virtualenv.py took 0.142 seconds
[2021-06-07 18:47:23,737] {scheduler_job.py:182} INFO - Started process (PID=8238) to work on /home/encrypted/abaceti/.virtualenvs/pumpwood-airflow-images/lib/python3.6/site-packages/airflow/example_dags/tutorial_taskflow_api_etl_virtualenv.py
[2021-06-07 18:47:23,738] {scheduler_job.py:633} INFO - Processing file /home/encrypted/abaceti/.virtualenvs/pumpwood-airflow-images/lib/python3.6/site-packages/airflow/example_dags/tutorial_taskflow_api_etl_virtualenv.py for tasks to queue
[2021-06-07 18:47:23,738] {logging_mixin.py:104} INFO - [2021-06-07 18:47:23,738] {dagbag.py:487} INFO - Filling up the DagBag from /home/encrypted/abaceti/.virtualenvs/pumpwood-airflow-images/lib/python3.6/site-packages/airflow/example_dags/tutorial_taskflow_api_etl_virtualenv.py
[2021-06-07 18:47:23,747] {scheduler_job.py:643} INFO - DAG(s) dict_keys(['tutorial_taskflow_api_etl_virtualenv']) retrieved from /home/encrypted/abaceti/.virtualenvs/pumpwood-airflow-images/lib/python3.6/site-packages/airflow/example_dags/tutorial_taskflow_api_etl_virtualenv.py
[2021-06-07 18:47:23,865] {logging_mixin.py:104} INFO - [2021-06-07 18:47:23,865] {dag.py:1832} INFO - Sync 1 DAGs
[2021-06-07 18:47:23,873] {logging_mixin.py:104} INFO - [2021-06-07 18:47:23,873] {dag.py:2305} INFO - Setting next_dagrun for tutorial_taskflow_api_etl_virtualenv to None
[2021-06-07 18:47:23,880] {scheduler_job.py:190} INFO - Processing /home/encrypted/abaceti/.virtualenvs/pumpwood-airflow-images/lib/python3.6/site-packages/airflow/example_dags/tutorial_taskflow_api_etl_virtualenv.py took 0.145 seconds
[2021-06-07 18:47:53,895] {scheduler_job.py:182} INFO - Started process (PID=8462) to work on /home/encrypted/abaceti/.virtualenvs/pumpwood-airflow-images/lib/python3.6/site-packages/airflow/example_dags/tutorial_taskflow_api_etl_virtualenv.py
[2021-06-07 18:47:53,896] {scheduler_job.py:633} INFO - Processing file /home/encrypted/abaceti/.virtualenvs/pumpwood-airflow-images/lib/python3.6/site-packages/airflow/example_dags/tutorial_taskflow_api_etl_virtualenv.py for tasks to queue
[2021-06-07 18:47:53,896] {logging_mixin.py:104} INFO - [2021-06-07 18:47:53,896] {dagbag.py:487} INFO - Filling up the DagBag from /home/encrypted/abaceti/.virtualenvs/pumpwood-airflow-images/lib/python3.6/site-packages/airflow/example_dags/tutorial_taskflow_api_etl_virtualenv.py
[2021-06-07 18:47:53,904] {scheduler_job.py:643} INFO - DAG(s) dict_keys(['tutorial_taskflow_api_etl_virtualenv']) retrieved from /home/encrypted/abaceti/.virtualenvs/pumpwood-airflow-images/lib/python3.6/site-packages/airflow/example_dags/tutorial_taskflow_api_etl_virtualenv.py
[2021-06-07 18:47:54,016] {logging_mixin.py:104} INFO - [2021-06-07 18:47:54,016] {dag.py:1832} INFO - Sync 1 DAGs
[2021-06-07 18:47:54,023] {logging_mixin.py:104} INFO - [2021-06-07 18:47:54,023] {dag.py:2305} INFO - Setting next_dagrun for tutorial_taskflow_api_etl_virtualenv to None
[2021-06-07 18:47:54,029] {scheduler_job.py:190} INFO - Processing /home/encrypted/abaceti/.virtualenvs/pumpwood-airflow-images/lib/python3.6/site-packages/airflow/example_dags/tutorial_taskflow_api_etl_virtualenv.py took 0.135 seconds
[2021-06-07 18:48:24,107] {scheduler_job.py:182} INFO - Started process (PID=8679) to work on /home/encrypted/abaceti/.virtualenvs/pumpwood-airflow-images/lib/python3.6/site-packages/airflow/example_dags/tutorial_taskflow_api_etl_virtualenv.py
[2021-06-07 18:48:24,107] {scheduler_job.py:633} INFO - Processing file /home/encrypted/abaceti/.virtualenvs/pumpwood-airflow-images/lib/python3.6/site-packages/airflow/example_dags/tutorial_taskflow_api_etl_virtualenv.py for tasks to queue
[2021-06-07 18:48:24,107] {logging_mixin.py:104} INFO - [2021-06-07 18:48:24,107] {dagbag.py:487} INFO - Filling up the DagBag from /home/encrypted/abaceti/.virtualenvs/pumpwood-airflow-images/lib/python3.6/site-packages/airflow/example_dags/tutorial_taskflow_api_etl_virtualenv.py
[2021-06-07 18:48:24,115] {scheduler_job.py:643} INFO - DAG(s) dict_keys(['tutorial_taskflow_api_etl_virtualenv']) retrieved from /home/encrypted/abaceti/.virtualenvs/pumpwood-airflow-images/lib/python3.6/site-packages/airflow/example_dags/tutorial_taskflow_api_etl_virtualenv.py
[2021-06-07 18:48:24,216] {logging_mixin.py:104} INFO - [2021-06-07 18:48:24,216] {dag.py:1832} INFO - Sync 1 DAGs
[2021-06-07 18:48:24,223] {logging_mixin.py:104} INFO - [2021-06-07 18:48:24,223] {dag.py:2305} INFO - Setting next_dagrun for tutorial_taskflow_api_etl_virtualenv to None
[2021-06-07 18:48:24,230] {scheduler_job.py:190} INFO - Processing /home/encrypted/abaceti/.virtualenvs/pumpwood-airflow-images/lib/python3.6/site-packages/airflow/example_dags/tutorial_taskflow_api_etl_virtualenv.py took 0.125 seconds
[2021-06-07 18:48:49,234] {scheduler_job.py:182} INFO - Started process (PID=8848) to work on /home/encrypted/abaceti/.virtualenvs/pumpwood-airflow-images/lib/python3.6/site-packages/airflow/example_dags/tutorial_taskflow_api_etl_virtualenv.py
[2021-06-07 18:48:49,234] {scheduler_job.py:633} INFO - Processing file /home/encrypted/abaceti/.virtualenvs/pumpwood-airflow-images/lib/python3.6/site-packages/airflow/example_dags/tutorial_taskflow_api_etl_virtualenv.py for tasks to queue
[2021-06-07 18:48:49,234] {logging_mixin.py:104} INFO - [2021-06-07 18:48:49,234] {dagbag.py:487} INFO - Filling up the DagBag from /home/encrypted/abaceti/.virtualenvs/pumpwood-airflow-images/lib/python3.6/site-packages/airflow/example_dags/tutorial_taskflow_api_etl_virtualenv.py
[2021-06-07 18:48:49,242] {scheduler_job.py:643} INFO - DAG(s) dict_keys(['tutorial_taskflow_api_etl_virtualenv']) retrieved from /home/encrypted/abaceti/.virtualenvs/pumpwood-airflow-images/lib/python3.6/site-packages/airflow/example_dags/tutorial_taskflow_api_etl_virtualenv.py
[2021-06-07 18:48:49,253] {logging_mixin.py:104} INFO - [2021-06-07 18:48:49,253] {dag.py:1832} INFO - Sync 1 DAGs
[2021-06-07 18:48:49,261] {logging_mixin.py:104} INFO - [2021-06-07 18:48:49,261] {dag.py:2305} INFO - Setting next_dagrun for tutorial_taskflow_api_etl_virtualenv to None
[2021-06-07 18:48:49,266] {scheduler_job.py:190} INFO - Processing /home/encrypted/abaceti/.virtualenvs/pumpwood-airflow-images/lib/python3.6/site-packages/airflow/example_dags/tutorial_taskflow_api_etl_virtualenv.py took 0.034 seconds
[2021-06-07 18:49:20,141] {scheduler_job.py:182} INFO - Started process (PID=8970) to work on /home/encrypted/abaceti/.virtualenvs/pumpwood-airflow-images/lib/python3.6/site-packages/airflow/example_dags/tutorial_taskflow_api_etl_virtualenv.py
[2021-06-07 18:49:20,141] {scheduler_job.py:633} INFO - Processing file /home/encrypted/abaceti/.virtualenvs/pumpwood-airflow-images/lib/python3.6/site-packages/airflow/example_dags/tutorial_taskflow_api_etl_virtualenv.py for tasks to queue
[2021-06-07 18:49:20,141] {logging_mixin.py:104} INFO - [2021-06-07 18:49:20,141] {dagbag.py:487} INFO - Filling up the DagBag from /home/encrypted/abaceti/.virtualenvs/pumpwood-airflow-images/lib/python3.6/site-packages/airflow/example_dags/tutorial_taskflow_api_etl_virtualenv.py
[2021-06-07 18:49:20,149] {scheduler_job.py:643} INFO - DAG(s) dict_keys(['tutorial_taskflow_api_etl_virtualenv']) retrieved from /home/encrypted/abaceti/.virtualenvs/pumpwood-airflow-images/lib/python3.6/site-packages/airflow/example_dags/tutorial_taskflow_api_etl_virtualenv.py
[2021-06-07 18:49:20,263] {logging_mixin.py:104} INFO - [2021-06-07 18:49:20,262] {dag.py:1832} INFO - Sync 1 DAGs
[2021-06-07 18:49:20,270] {logging_mixin.py:104} INFO - [2021-06-07 18:49:20,270] {dag.py:2305} INFO - Setting next_dagrun for tutorial_taskflow_api_etl_virtualenv to None
[2021-06-07 18:49:20,277] {scheduler_job.py:190} INFO - Processing /home/encrypted/abaceti/.virtualenvs/pumpwood-airflow-images/lib/python3.6/site-packages/airflow/example_dags/tutorial_taskflow_api_etl_virtualenv.py took 0.138 seconds
[2021-06-07 18:49:50,288] {scheduler_job.py:182} INFO - Started process (PID=9150) to work on /home/encrypted/abaceti/.virtualenvs/pumpwood-airflow-images/lib/python3.6/site-packages/airflow/example_dags/tutorial_taskflow_api_etl_virtualenv.py
[2021-06-07 18:49:50,288] {scheduler_job.py:633} INFO - Processing file /home/encrypted/abaceti/.virtualenvs/pumpwood-airflow-images/lib/python3.6/site-packages/airflow/example_dags/tutorial_taskflow_api_etl_virtualenv.py for tasks to queue
[2021-06-07 18:49:50,288] {logging_mixin.py:104} INFO - [2021-06-07 18:49:50,288] {dagbag.py:487} INFO - Filling up the DagBag from /home/encrypted/abaceti/.virtualenvs/pumpwood-airflow-images/lib/python3.6/site-packages/airflow/example_dags/tutorial_taskflow_api_etl_virtualenv.py
[2021-06-07 18:49:50,296] {scheduler_job.py:643} INFO - DAG(s) dict_keys(['tutorial_taskflow_api_etl_virtualenv']) retrieved from /home/encrypted/abaceti/.virtualenvs/pumpwood-airflow-images/lib/python3.6/site-packages/airflow/example_dags/tutorial_taskflow_api_etl_virtualenv.py
[2021-06-07 18:49:50,406] {logging_mixin.py:104} INFO - [2021-06-07 18:49:50,406] {dag.py:1832} INFO - Sync 1 DAGs
[2021-06-07 18:49:50,415] {logging_mixin.py:104} INFO - [2021-06-07 18:49:50,415] {dag.py:2305} INFO - Setting next_dagrun for tutorial_taskflow_api_etl_virtualenv to None
[2021-06-07 18:49:50,422] {scheduler_job.py:190} INFO - Processing /home/encrypted/abaceti/.virtualenvs/pumpwood-airflow-images/lib/python3.6/site-packages/airflow/example_dags/tutorial_taskflow_api_etl_virtualenv.py took 0.136 seconds
[2021-06-07 18:50:20,632] {scheduler_job.py:182} INFO - Started process (PID=9386) to work on /home/encrypted/abaceti/.virtualenvs/pumpwood-airflow-images/lib/python3.6/site-packages/airflow/example_dags/tutorial_taskflow_api_etl_virtualenv.py
[2021-06-07 18:50:20,632] {scheduler_job.py:633} INFO - Processing file /home/encrypted/abaceti/.virtualenvs/pumpwood-airflow-images/lib/python3.6/site-packages/airflow/example_dags/tutorial_taskflow_api_etl_virtualenv.py for tasks to queue
[2021-06-07 18:50:20,632] {logging_mixin.py:104} INFO - [2021-06-07 18:50:20,632] {dagbag.py:487} INFO - Filling up the DagBag from /home/encrypted/abaceti/.virtualenvs/pumpwood-airflow-images/lib/python3.6/site-packages/airflow/example_dags/tutorial_taskflow_api_etl_virtualenv.py
[2021-06-07 18:50:20,640] {scheduler_job.py:643} INFO - DAG(s) dict_keys(['tutorial_taskflow_api_etl_virtualenv']) retrieved from /home/encrypted/abaceti/.virtualenvs/pumpwood-airflow-images/lib/python3.6/site-packages/airflow/example_dags/tutorial_taskflow_api_etl_virtualenv.py
[2021-06-07 18:50:20,748] {logging_mixin.py:104} INFO - [2021-06-07 18:50:20,748] {dag.py:1832} INFO - Sync 1 DAGs
[2021-06-07 18:50:20,755] {logging_mixin.py:104} INFO - [2021-06-07 18:50:20,755] {dag.py:2305} INFO - Setting next_dagrun for tutorial_taskflow_api_etl_virtualenv to None
[2021-06-07 18:50:20,762] {scheduler_job.py:190} INFO - Processing /home/encrypted/abaceti/.virtualenvs/pumpwood-airflow-images/lib/python3.6/site-packages/airflow/example_dags/tutorial_taskflow_api_etl_virtualenv.py took 0.133 seconds
[2021-06-07 18:50:50,802] {scheduler_job.py:182} INFO - Started process (PID=9549) to work on /home/encrypted/abaceti/.virtualenvs/pumpwood-airflow-images/lib/python3.6/site-packages/airflow/example_dags/tutorial_taskflow_api_etl_virtualenv.py
[2021-06-07 18:50:50,803] {scheduler_job.py:633} INFO - Processing file /home/encrypted/abaceti/.virtualenvs/pumpwood-airflow-images/lib/python3.6/site-packages/airflow/example_dags/tutorial_taskflow_api_etl_virtualenv.py for tasks to queue
[2021-06-07 18:50:50,803] {logging_mixin.py:104} INFO - [2021-06-07 18:50:50,803] {dagbag.py:487} INFO - Filling up the DagBag from /home/encrypted/abaceti/.virtualenvs/pumpwood-airflow-images/lib/python3.6/site-packages/airflow/example_dags/tutorial_taskflow_api_etl_virtualenv.py
[2021-06-07 18:50:50,811] {scheduler_job.py:643} INFO - DAG(s) dict_keys(['tutorial_taskflow_api_etl_virtualenv']) retrieved from /home/encrypted/abaceti/.virtualenvs/pumpwood-airflow-images/lib/python3.6/site-packages/airflow/example_dags/tutorial_taskflow_api_etl_virtualenv.py
[2021-06-07 18:50:50,920] {logging_mixin.py:104} INFO - [2021-06-07 18:50:50,920] {dag.py:1832} INFO - Sync 1 DAGs
[2021-06-07 18:50:50,927] {logging_mixin.py:104} INFO - [2021-06-07 18:50:50,927] {dag.py:2305} INFO - Setting next_dagrun for tutorial_taskflow_api_etl_virtualenv to None
[2021-06-07 18:50:50,935] {scheduler_job.py:190} INFO - Processing /home/encrypted/abaceti/.virtualenvs/pumpwood-airflow-images/lib/python3.6/site-packages/airflow/example_dags/tutorial_taskflow_api_etl_virtualenv.py took 0.134 seconds
[2021-06-07 18:51:21,078] {scheduler_job.py:182} INFO - Started process (PID=9665) to work on /home/encrypted/abaceti/.virtualenvs/pumpwood-airflow-images/lib/python3.6/site-packages/airflow/example_dags/tutorial_taskflow_api_etl_virtualenv.py
[2021-06-07 18:51:21,079] {scheduler_job.py:633} INFO - Processing file /home/encrypted/abaceti/.virtualenvs/pumpwood-airflow-images/lib/python3.6/site-packages/airflow/example_dags/tutorial_taskflow_api_etl_virtualenv.py for tasks to queue
[2021-06-07 18:51:21,079] {logging_mixin.py:104} INFO - [2021-06-07 18:51:21,079] {dagbag.py:487} INFO - Filling up the DagBag from /home/encrypted/abaceti/.virtualenvs/pumpwood-airflow-images/lib/python3.6/site-packages/airflow/example_dags/tutorial_taskflow_api_etl_virtualenv.py
[2021-06-07 18:51:21,087] {scheduler_job.py:643} INFO - DAG(s) dict_keys(['tutorial_taskflow_api_etl_virtualenv']) retrieved from /home/encrypted/abaceti/.virtualenvs/pumpwood-airflow-images/lib/python3.6/site-packages/airflow/example_dags/tutorial_taskflow_api_etl_virtualenv.py
[2021-06-07 18:51:21,101] {logging_mixin.py:104} INFO - [2021-06-07 18:51:21,101] {dag.py:1832} INFO - Sync 1 DAGs
[2021-06-07 18:51:21,109] {logging_mixin.py:104} INFO - [2021-06-07 18:51:21,109] {dag.py:2305} INFO - Setting next_dagrun for tutorial_taskflow_api_etl_virtualenv to None
[2021-06-07 18:51:21,115] {scheduler_job.py:190} INFO - Processing /home/encrypted/abaceti/.virtualenvs/pumpwood-airflow-images/lib/python3.6/site-packages/airflow/example_dags/tutorial_taskflow_api_etl_virtualenv.py took 0.039 seconds
[2021-06-07 18:51:51,132] {scheduler_job.py:182} INFO - Started process (PID=9830) to work on /home/encrypted/abaceti/.virtualenvs/pumpwood-airflow-images/lib/python3.6/site-packages/airflow/example_dags/tutorial_taskflow_api_etl_virtualenv.py
[2021-06-07 18:51:51,132] {scheduler_job.py:633} INFO - Processing file /home/encrypted/abaceti/.virtualenvs/pumpwood-airflow-images/lib/python3.6/site-packages/airflow/example_dags/tutorial_taskflow_api_etl_virtualenv.py for tasks to queue
[2021-06-07 18:51:51,133] {logging_mixin.py:104} INFO - [2021-06-07 18:51:51,133] {dagbag.py:487} INFO - Filling up the DagBag from /home/encrypted/abaceti/.virtualenvs/pumpwood-airflow-images/lib/python3.6/site-packages/airflow/example_dags/tutorial_taskflow_api_etl_virtualenv.py
[2021-06-07 18:51:51,140] {scheduler_job.py:643} INFO - DAG(s) dict_keys(['tutorial_taskflow_api_etl_virtualenv']) retrieved from /home/encrypted/abaceti/.virtualenvs/pumpwood-airflow-images/lib/python3.6/site-packages/airflow/example_dags/tutorial_taskflow_api_etl_virtualenv.py
[2021-06-07 18:51:51,247] {logging_mixin.py:104} INFO - [2021-06-07 18:51:51,247] {dag.py:1832} INFO - Sync 1 DAGs
[2021-06-07 18:51:51,254] {logging_mixin.py:104} INFO - [2021-06-07 18:51:51,254] {dag.py:2305} INFO - Setting next_dagrun for tutorial_taskflow_api_etl_virtualenv to None
[2021-06-07 18:51:51,261] {scheduler_job.py:190} INFO - Processing /home/encrypted/abaceti/.virtualenvs/pumpwood-airflow-images/lib/python3.6/site-packages/airflow/example_dags/tutorial_taskflow_api_etl_virtualenv.py took 0.130 seconds
[2021-06-07 18:52:21,351] {scheduler_job.py:182} INFO - Started process (PID=9950) to work on /home/encrypted/abaceti/.virtualenvs/pumpwood-airflow-images/lib/python3.6/site-packages/airflow/example_dags/tutorial_taskflow_api_etl_virtualenv.py
[2021-06-07 18:52:21,352] {scheduler_job.py:633} INFO - Processing file /home/encrypted/abaceti/.virtualenvs/pumpwood-airflow-images/lib/python3.6/site-packages/airflow/example_dags/tutorial_taskflow_api_etl_virtualenv.py for tasks to queue
[2021-06-07 18:52:21,352] {logging_mixin.py:104} INFO - [2021-06-07 18:52:21,352] {dagbag.py:487} INFO - Filling up the DagBag from /home/encrypted/abaceti/.virtualenvs/pumpwood-airflow-images/lib/python3.6/site-packages/airflow/example_dags/tutorial_taskflow_api_etl_virtualenv.py
[2021-06-07 18:52:21,360] {scheduler_job.py:643} INFO - DAG(s) dict_keys(['tutorial_taskflow_api_etl_virtualenv']) retrieved from /home/encrypted/abaceti/.virtualenvs/pumpwood-airflow-images/lib/python3.6/site-packages/airflow/example_dags/tutorial_taskflow_api_etl_virtualenv.py
[2021-06-07 18:52:21,465] {logging_mixin.py:104} INFO - [2021-06-07 18:52:21,465] {dag.py:1832} INFO - Sync 1 DAGs
[2021-06-07 18:52:21,473] {logging_mixin.py:104} INFO - [2021-06-07 18:52:21,473] {dag.py:2305} INFO - Setting next_dagrun for tutorial_taskflow_api_etl_virtualenv to None
[2021-06-07 18:52:21,480] {scheduler_job.py:190} INFO - Processing /home/encrypted/abaceti/.virtualenvs/pumpwood-airflow-images/lib/python3.6/site-packages/airflow/example_dags/tutorial_taskflow_api_etl_virtualenv.py took 0.130 seconds
[2021-06-07 18:52:51,561] {scheduler_job.py:182} INFO - Started process (PID=10758) to work on /home/encrypted/abaceti/.virtualenvs/pumpwood-airflow-images/lib/python3.6/site-packages/airflow/example_dags/tutorial_taskflow_api_etl_virtualenv.py
[2021-06-07 18:52:51,561] {scheduler_job.py:633} INFO - Processing file /home/encrypted/abaceti/.virtualenvs/pumpwood-airflow-images/lib/python3.6/site-packages/airflow/example_dags/tutorial_taskflow_api_etl_virtualenv.py for tasks to queue
[2021-06-07 18:52:51,562] {logging_mixin.py:104} INFO - [2021-06-07 18:52:51,561] {dagbag.py:487} INFO - Filling up the DagBag from /home/encrypted/abaceti/.virtualenvs/pumpwood-airflow-images/lib/python3.6/site-packages/airflow/example_dags/tutorial_taskflow_api_etl_virtualenv.py
[2021-06-07 18:52:51,569] {scheduler_job.py:643} INFO - DAG(s) dict_keys(['tutorial_taskflow_api_etl_virtualenv']) retrieved from /home/encrypted/abaceti/.virtualenvs/pumpwood-airflow-images/lib/python3.6/site-packages/airflow/example_dags/tutorial_taskflow_api_etl_virtualenv.py
[2021-06-07 18:52:51,678] {logging_mixin.py:104} INFO - [2021-06-07 18:52:51,678] {dag.py:1832} INFO - Sync 1 DAGs
[2021-06-07 18:52:51,686] {logging_mixin.py:104} INFO - [2021-06-07 18:52:51,686] {dag.py:2305} INFO - Setting next_dagrun for tutorial_taskflow_api_etl_virtualenv to None
[2021-06-07 18:52:51,693] {scheduler_job.py:190} INFO - Processing /home/encrypted/abaceti/.virtualenvs/pumpwood-airflow-images/lib/python3.6/site-packages/airflow/example_dags/tutorial_taskflow_api_etl_virtualenv.py took 0.133 seconds
[2021-06-07 18:53:21,817] {scheduler_job.py:182} INFO - Started process (PID=11091) to work on /home/encrypted/abaceti/.virtualenvs/pumpwood-airflow-images/lib/python3.6/site-packages/airflow/example_dags/tutorial_taskflow_api_etl_virtualenv.py
[2021-06-07 18:53:21,818] {scheduler_job.py:633} INFO - Processing file /home/encrypted/abaceti/.virtualenvs/pumpwood-airflow-images/lib/python3.6/site-packages/airflow/example_dags/tutorial_taskflow_api_etl_virtualenv.py for tasks to queue
[2021-06-07 18:53:21,818] {logging_mixin.py:104} INFO - [2021-06-07 18:53:21,818] {dagbag.py:487} INFO - Filling up the DagBag from /home/encrypted/abaceti/.virtualenvs/pumpwood-airflow-images/lib/python3.6/site-packages/airflow/example_dags/tutorial_taskflow_api_etl_virtualenv.py
[2021-06-07 18:53:21,826] {scheduler_job.py:643} INFO - DAG(s) dict_keys(['tutorial_taskflow_api_etl_virtualenv']) retrieved from /home/encrypted/abaceti/.virtualenvs/pumpwood-airflow-images/lib/python3.6/site-packages/airflow/example_dags/tutorial_taskflow_api_etl_virtualenv.py
[2021-06-07 18:53:21,933] {logging_mixin.py:104} INFO - [2021-06-07 18:53:21,932] {dag.py:1832} INFO - Sync 1 DAGs
[2021-06-07 18:53:21,940] {logging_mixin.py:104} INFO - [2021-06-07 18:53:21,940] {dag.py:2305} INFO - Setting next_dagrun for tutorial_taskflow_api_etl_virtualenv to None
[2021-06-07 18:53:21,946] {scheduler_job.py:190} INFO - Processing /home/encrypted/abaceti/.virtualenvs/pumpwood-airflow-images/lib/python3.6/site-packages/airflow/example_dags/tutorial_taskflow_api_etl_virtualenv.py took 0.130 seconds
[2021-06-07 18:53:52,039] {scheduler_job.py:182} INFO - Started process (PID=11467) to work on /home/encrypted/abaceti/.virtualenvs/pumpwood-airflow-images/lib/python3.6/site-packages/airflow/example_dags/tutorial_taskflow_api_etl_virtualenv.py
[2021-06-07 18:53:52,040] {scheduler_job.py:633} INFO - Processing file /home/encrypted/abaceti/.virtualenvs/pumpwood-airflow-images/lib/python3.6/site-packages/airflow/example_dags/tutorial_taskflow_api_etl_virtualenv.py for tasks to queue
[2021-06-07 18:53:52,040] {logging_mixin.py:104} INFO - [2021-06-07 18:53:52,040] {dagbag.py:487} INFO - Filling up the DagBag from /home/encrypted/abaceti/.virtualenvs/pumpwood-airflow-images/lib/python3.6/site-packages/airflow/example_dags/tutorial_taskflow_api_etl_virtualenv.py
[2021-06-07 18:53:52,048] {scheduler_job.py:643} INFO - DAG(s) dict_keys(['tutorial_taskflow_api_etl_virtualenv']) retrieved from /home/encrypted/abaceti/.virtualenvs/pumpwood-airflow-images/lib/python3.6/site-packages/airflow/example_dags/tutorial_taskflow_api_etl_virtualenv.py
[2021-06-07 18:53:52,162] {logging_mixin.py:104} INFO - [2021-06-07 18:53:52,162] {dag.py:1832} INFO - Sync 1 DAGs
[2021-06-07 18:53:52,171] {logging_mixin.py:104} INFO - [2021-06-07 18:53:52,171] {dag.py:2305} INFO - Setting next_dagrun for tutorial_taskflow_api_etl_virtualenv to None
[2021-06-07 18:53:52,178] {scheduler_job.py:190} INFO - Processing /home/encrypted/abaceti/.virtualenvs/pumpwood-airflow-images/lib/python3.6/site-packages/airflow/example_dags/tutorial_taskflow_api_etl_virtualenv.py took 0.140 seconds
[2021-06-07 18:54:22,193] {scheduler_job.py:182} INFO - Started process (PID=11885) to work on /home/encrypted/abaceti/.virtualenvs/pumpwood-airflow-images/lib/python3.6/site-packages/airflow/example_dags/tutorial_taskflow_api_etl_virtualenv.py
[2021-06-07 18:54:22,193] {scheduler_job.py:633} INFO - Processing file /home/encrypted/abaceti/.virtualenvs/pumpwood-airflow-images/lib/python3.6/site-packages/airflow/example_dags/tutorial_taskflow_api_etl_virtualenv.py for tasks to queue
[2021-06-07 18:54:22,194] {logging_mixin.py:104} INFO - [2021-06-07 18:54:22,194] {dagbag.py:487} INFO - Filling up the DagBag from /home/encrypted/abaceti/.virtualenvs/pumpwood-airflow-images/lib/python3.6/site-packages/airflow/example_dags/tutorial_taskflow_api_etl_virtualenv.py
[2021-06-07 18:54:22,202] {scheduler_job.py:643} INFO - DAG(s) dict_keys(['tutorial_taskflow_api_etl_virtualenv']) retrieved from /home/encrypted/abaceti/.virtualenvs/pumpwood-airflow-images/lib/python3.6/site-packages/airflow/example_dags/tutorial_taskflow_api_etl_virtualenv.py
[2021-06-07 18:54:22,314] {logging_mixin.py:104} INFO - [2021-06-07 18:54:22,314] {dag.py:1832} INFO - Sync 1 DAGs
[2021-06-07 18:54:22,322] {logging_mixin.py:104} INFO - [2021-06-07 18:54:22,322] {dag.py:2305} INFO - Setting next_dagrun for tutorial_taskflow_api_etl_virtualenv to None
[2021-06-07 18:54:22,329] {scheduler_job.py:190} INFO - Processing /home/encrypted/abaceti/.virtualenvs/pumpwood-airflow-images/lib/python3.6/site-packages/airflow/example_dags/tutorial_taskflow_api_etl_virtualenv.py took 0.138 seconds
[2021-06-07 18:54:52,368] {scheduler_job.py:182} INFO - Started process (PID=12098) to work on /home/encrypted/abaceti/.virtualenvs/pumpwood-airflow-images/lib/python3.6/site-packages/airflow/example_dags/tutorial_taskflow_api_etl_virtualenv.py
[2021-06-07 18:54:52,368] {scheduler_job.py:633} INFO - Processing file /home/encrypted/abaceti/.virtualenvs/pumpwood-airflow-images/lib/python3.6/site-packages/airflow/example_dags/tutorial_taskflow_api_etl_virtualenv.py for tasks to queue
[2021-06-07 18:54:52,369] {logging_mixin.py:104} INFO - [2021-06-07 18:54:52,369] {dagbag.py:487} INFO - Filling up the DagBag from /home/encrypted/abaceti/.virtualenvs/pumpwood-airflow-images/lib/python3.6/site-packages/airflow/example_dags/tutorial_taskflow_api_etl_virtualenv.py
[2021-06-07 18:54:52,377] {scheduler_job.py:643} INFO - DAG(s) dict_keys(['tutorial_taskflow_api_etl_virtualenv']) retrieved from /home/encrypted/abaceti/.virtualenvs/pumpwood-airflow-images/lib/python3.6/site-packages/airflow/example_dags/tutorial_taskflow_api_etl_virtualenv.py
[2021-06-07 18:54:52,487] {logging_mixin.py:104} INFO - [2021-06-07 18:54:52,487] {dag.py:1832} INFO - Sync 1 DAGs
[2021-06-07 18:54:52,494] {logging_mixin.py:104} INFO - [2021-06-07 18:54:52,494] {dag.py:2305} INFO - Setting next_dagrun for tutorial_taskflow_api_etl_virtualenv to None
[2021-06-07 18:54:52,501] {scheduler_job.py:190} INFO - Processing /home/encrypted/abaceti/.virtualenvs/pumpwood-airflow-images/lib/python3.6/site-packages/airflow/example_dags/tutorial_taskflow_api_etl_virtualenv.py took 0.135 seconds
[2021-06-07 18:55:22,625] {scheduler_job.py:182} INFO - Started process (PID=12283) to work on /home/encrypted/abaceti/.virtualenvs/pumpwood-airflow-images/lib/python3.6/site-packages/airflow/example_dags/tutorial_taskflow_api_etl_virtualenv.py
[2021-06-07 18:55:22,625] {scheduler_job.py:633} INFO - Processing file /home/encrypted/abaceti/.virtualenvs/pumpwood-airflow-images/lib/python3.6/site-packages/airflow/example_dags/tutorial_taskflow_api_etl_virtualenv.py for tasks to queue
[2021-06-07 18:55:22,626] {logging_mixin.py:104} INFO - [2021-06-07 18:55:22,626] {dagbag.py:487} INFO - Filling up the DagBag from /home/encrypted/abaceti/.virtualenvs/pumpwood-airflow-images/lib/python3.6/site-packages/airflow/example_dags/tutorial_taskflow_api_etl_virtualenv.py
[2021-06-07 18:55:22,635] {scheduler_job.py:643} INFO - DAG(s) dict_keys(['tutorial_taskflow_api_etl_virtualenv']) retrieved from /home/encrypted/abaceti/.virtualenvs/pumpwood-airflow-images/lib/python3.6/site-packages/airflow/example_dags/tutorial_taskflow_api_etl_virtualenv.py
[2021-06-07 18:55:22,650] {logging_mixin.py:104} INFO - [2021-06-07 18:55:22,650] {dag.py:1832} INFO - Sync 1 DAGs
[2021-06-07 18:55:22,658] {logging_mixin.py:104} INFO - [2021-06-07 18:55:22,658] {dag.py:2305} INFO - Setting next_dagrun for tutorial_taskflow_api_etl_virtualenv to None
[2021-06-07 18:55:22,664] {scheduler_job.py:190} INFO - Processing /home/encrypted/abaceti/.virtualenvs/pumpwood-airflow-images/lib/python3.6/site-packages/airflow/example_dags/tutorial_taskflow_api_etl_virtualenv.py took 0.041 seconds
[2021-06-07 18:55:52,690] {scheduler_job.py:182} INFO - Started process (PID=12501) to work on /home/encrypted/abaceti/.virtualenvs/pumpwood-airflow-images/lib/python3.6/site-packages/airflow/example_dags/tutorial_taskflow_api_etl_virtualenv.py
[2021-06-07 18:55:52,691] {scheduler_job.py:633} INFO - Processing file /home/encrypted/abaceti/.virtualenvs/pumpwood-airflow-images/lib/python3.6/site-packages/airflow/example_dags/tutorial_taskflow_api_etl_virtualenv.py for tasks to queue
[2021-06-07 18:55:52,691] {logging_mixin.py:104} INFO - [2021-06-07 18:55:52,691] {dagbag.py:487} INFO - Filling up the DagBag from /home/encrypted/abaceti/.virtualenvs/pumpwood-airflow-images/lib/python3.6/site-packages/airflow/example_dags/tutorial_taskflow_api_etl_virtualenv.py
[2021-06-07 18:55:52,700] {scheduler_job.py:643} INFO - DAG(s) dict_keys(['tutorial_taskflow_api_etl_virtualenv']) retrieved from /home/encrypted/abaceti/.virtualenvs/pumpwood-airflow-images/lib/python3.6/site-packages/airflow/example_dags/tutorial_taskflow_api_etl_virtualenv.py
[2021-06-07 18:55:52,809] {logging_mixin.py:104} INFO - [2021-06-07 18:55:52,809] {dag.py:1832} INFO - Sync 1 DAGs
[2021-06-07 18:55:52,817] {logging_mixin.py:104} INFO - [2021-06-07 18:55:52,817] {dag.py:2305} INFO - Setting next_dagrun for tutorial_taskflow_api_etl_virtualenv to None
[2021-06-07 18:55:52,824] {scheduler_job.py:190} INFO - Processing /home/encrypted/abaceti/.virtualenvs/pumpwood-airflow-images/lib/python3.6/site-packages/airflow/example_dags/tutorial_taskflow_api_etl_virtualenv.py took 0.135 seconds
[2021-06-07 18:56:22,865] {scheduler_job.py:182} INFO - Started process (PID=12680) to work on /home/encrypted/abaceti/.virtualenvs/pumpwood-airflow-images/lib/python3.6/site-packages/airflow/example_dags/tutorial_taskflow_api_etl_virtualenv.py
[2021-06-07 18:56:22,865] {scheduler_job.py:633} INFO - Processing file /home/encrypted/abaceti/.virtualenvs/pumpwood-airflow-images/lib/python3.6/site-packages/airflow/example_dags/tutorial_taskflow_api_etl_virtualenv.py for tasks to queue
[2021-06-07 18:56:22,865] {logging_mixin.py:104} INFO - [2021-06-07 18:56:22,865] {dagbag.py:487} INFO - Filling up the DagBag from /home/encrypted/abaceti/.virtualenvs/pumpwood-airflow-images/lib/python3.6/site-packages/airflow/example_dags/tutorial_taskflow_api_etl_virtualenv.py
[2021-06-07 18:56:22,872] {scheduler_job.py:643} INFO - DAG(s) dict_keys(['tutorial_taskflow_api_etl_virtualenv']) retrieved from /home/encrypted/abaceti/.virtualenvs/pumpwood-airflow-images/lib/python3.6/site-packages/airflow/example_dags/tutorial_taskflow_api_etl_virtualenv.py
[2021-06-07 18:56:22,974] {logging_mixin.py:104} INFO - [2021-06-07 18:56:22,974] {dag.py:1832} INFO - Sync 1 DAGs
[2021-06-07 18:56:22,982] {logging_mixin.py:104} INFO - [2021-06-07 18:56:22,982] {dag.py:2305} INFO - Setting next_dagrun for tutorial_taskflow_api_etl_virtualenv to None
[2021-06-07 18:56:22,988] {scheduler_job.py:190} INFO - Processing /home/encrypted/abaceti/.virtualenvs/pumpwood-airflow-images/lib/python3.6/site-packages/airflow/example_dags/tutorial_taskflow_api_etl_virtualenv.py took 0.124 seconds
[2021-06-07 18:56:52,998] {scheduler_job.py:182} INFO - Started process (PID=12902) to work on /home/encrypted/abaceti/.virtualenvs/pumpwood-airflow-images/lib/python3.6/site-packages/airflow/example_dags/tutorial_taskflow_api_etl_virtualenv.py
[2021-06-07 18:56:52,998] {scheduler_job.py:633} INFO - Processing file /home/encrypted/abaceti/.virtualenvs/pumpwood-airflow-images/lib/python3.6/site-packages/airflow/example_dags/tutorial_taskflow_api_etl_virtualenv.py for tasks to queue
[2021-06-07 18:56:52,998] {logging_mixin.py:104} INFO - [2021-06-07 18:56:52,998] {dagbag.py:487} INFO - Filling up the DagBag from /home/encrypted/abaceti/.virtualenvs/pumpwood-airflow-images/lib/python3.6/site-packages/airflow/example_dags/tutorial_taskflow_api_etl_virtualenv.py
[2021-06-07 18:56:53,006] {scheduler_job.py:643} INFO - DAG(s) dict_keys(['tutorial_taskflow_api_etl_virtualenv']) retrieved from /home/encrypted/abaceti/.virtualenvs/pumpwood-airflow-images/lib/python3.6/site-packages/airflow/example_dags/tutorial_taskflow_api_etl_virtualenv.py
[2021-06-07 18:56:53,020] {logging_mixin.py:104} INFO - [2021-06-07 18:56:53,020] {dag.py:1832} INFO - Sync 1 DAGs
[2021-06-07 18:56:53,028] {logging_mixin.py:104} INFO - [2021-06-07 18:56:53,028] {dag.py:2305} INFO - Setting next_dagrun for tutorial_taskflow_api_etl_virtualenv to None
[2021-06-07 18:56:53,033] {scheduler_job.py:190} INFO - Processing /home/encrypted/abaceti/.virtualenvs/pumpwood-airflow-images/lib/python3.6/site-packages/airflow/example_dags/tutorial_taskflow_api_etl_virtualenv.py took 0.036 seconds
[2021-06-07 18:57:23,799] {scheduler_job.py:182} INFO - Started process (PID=13004) to work on /home/encrypted/abaceti/.virtualenvs/pumpwood-airflow-images/lib/python3.6/site-packages/airflow/example_dags/tutorial_taskflow_api_etl_virtualenv.py
[2021-06-07 18:57:23,799] {scheduler_job.py:633} INFO - Processing file /home/encrypted/abaceti/.virtualenvs/pumpwood-airflow-images/lib/python3.6/site-packages/airflow/example_dags/tutorial_taskflow_api_etl_virtualenv.py for tasks to queue
[2021-06-07 18:57:23,799] {logging_mixin.py:104} INFO - [2021-06-07 18:57:23,799] {dagbag.py:487} INFO - Filling up the DagBag from /home/encrypted/abaceti/.virtualenvs/pumpwood-airflow-images/lib/python3.6/site-packages/airflow/example_dags/tutorial_taskflow_api_etl_virtualenv.py
[2021-06-07 18:57:23,807] {scheduler_job.py:643} INFO - DAG(s) dict_keys(['tutorial_taskflow_api_etl_virtualenv']) retrieved from /home/encrypted/abaceti/.virtualenvs/pumpwood-airflow-images/lib/python3.6/site-packages/airflow/example_dags/tutorial_taskflow_api_etl_virtualenv.py
[2021-06-07 18:57:23,914] {logging_mixin.py:104} INFO - [2021-06-07 18:57:23,914] {dag.py:1832} INFO - Sync 1 DAGs
[2021-06-07 18:57:23,922] {logging_mixin.py:104} INFO - [2021-06-07 18:57:23,922] {dag.py:2305} INFO - Setting next_dagrun for tutorial_taskflow_api_etl_virtualenv to None
[2021-06-07 18:57:23,929] {scheduler_job.py:190} INFO - Processing /home/encrypted/abaceti/.virtualenvs/pumpwood-airflow-images/lib/python3.6/site-packages/airflow/example_dags/tutorial_taskflow_api_etl_virtualenv.py took 0.132 seconds
[2021-06-07 18:57:53,949] {scheduler_job.py:182} INFO - Started process (PID=13184) to work on /home/encrypted/abaceti/.virtualenvs/pumpwood-airflow-images/lib/python3.6/site-packages/airflow/example_dags/tutorial_taskflow_api_etl_virtualenv.py
[2021-06-07 18:57:53,950] {scheduler_job.py:633} INFO - Processing file /home/encrypted/abaceti/.virtualenvs/pumpwood-airflow-images/lib/python3.6/site-packages/airflow/example_dags/tutorial_taskflow_api_etl_virtualenv.py for tasks to queue
[2021-06-07 18:57:53,950] {logging_mixin.py:104} INFO - [2021-06-07 18:57:53,950] {dagbag.py:487} INFO - Filling up the DagBag from /home/encrypted/abaceti/.virtualenvs/pumpwood-airflow-images/lib/python3.6/site-packages/airflow/example_dags/tutorial_taskflow_api_etl_virtualenv.py
[2021-06-07 18:57:53,958] {scheduler_job.py:643} INFO - DAG(s) dict_keys(['tutorial_taskflow_api_etl_virtualenv']) retrieved from /home/encrypted/abaceti/.virtualenvs/pumpwood-airflow-images/lib/python3.6/site-packages/airflow/example_dags/tutorial_taskflow_api_etl_virtualenv.py
[2021-06-07 18:57:54,068] {logging_mixin.py:104} INFO - [2021-06-07 18:57:54,068] {dag.py:1832} INFO - Sync 1 DAGs
[2021-06-07 18:57:54,075] {logging_mixin.py:104} INFO - [2021-06-07 18:57:54,075] {dag.py:2305} INFO - Setting next_dagrun for tutorial_taskflow_api_etl_virtualenv to None
[2021-06-07 18:57:54,082] {scheduler_job.py:190} INFO - Processing /home/encrypted/abaceti/.virtualenvs/pumpwood-airflow-images/lib/python3.6/site-packages/airflow/example_dags/tutorial_taskflow_api_etl_virtualenv.py took 0.133 seconds
[2021-06-07 18:58:24,114] {scheduler_job.py:182} INFO - Started process (PID=13298) to work on /home/encrypted/abaceti/.virtualenvs/pumpwood-airflow-images/lib/python3.6/site-packages/airflow/example_dags/tutorial_taskflow_api_etl_virtualenv.py
[2021-06-07 18:58:24,114] {scheduler_job.py:633} INFO - Processing file /home/encrypted/abaceti/.virtualenvs/pumpwood-airflow-images/lib/python3.6/site-packages/airflow/example_dags/tutorial_taskflow_api_etl_virtualenv.py for tasks to queue
[2021-06-07 18:58:24,115] {logging_mixin.py:104} INFO - [2021-06-07 18:58:24,115] {dagbag.py:487} INFO - Filling up the DagBag from /home/encrypted/abaceti/.virtualenvs/pumpwood-airflow-images/lib/python3.6/site-packages/airflow/example_dags/tutorial_taskflow_api_etl_virtualenv.py
[2021-06-07 18:58:24,123] {scheduler_job.py:643} INFO - DAG(s) dict_keys(['tutorial_taskflow_api_etl_virtualenv']) retrieved from /home/encrypted/abaceti/.virtualenvs/pumpwood-airflow-images/lib/python3.6/site-packages/airflow/example_dags/tutorial_taskflow_api_etl_virtualenv.py
[2021-06-07 18:58:24,139] {logging_mixin.py:104} INFO - [2021-06-07 18:58:24,138] {dag.py:1832} INFO - Sync 1 DAGs
[2021-06-07 18:58:24,147] {logging_mixin.py:104} INFO - [2021-06-07 18:58:24,147] {dag.py:2305} INFO - Setting next_dagrun for tutorial_taskflow_api_etl_virtualenv to None
[2021-06-07 18:58:24,152] {scheduler_job.py:190} INFO - Processing /home/encrypted/abaceti/.virtualenvs/pumpwood-airflow-images/lib/python3.6/site-packages/airflow/example_dags/tutorial_taskflow_api_etl_virtualenv.py took 0.040 seconds
[2021-06-07 18:58:54,232] {scheduler_job.py:182} INFO - Started process (PID=13473) to work on /home/encrypted/abaceti/.virtualenvs/pumpwood-airflow-images/lib/python3.6/site-packages/airflow/example_dags/tutorial_taskflow_api_etl_virtualenv.py
[2021-06-07 18:58:54,233] {scheduler_job.py:633} INFO - Processing file /home/encrypted/abaceti/.virtualenvs/pumpwood-airflow-images/lib/python3.6/site-packages/airflow/example_dags/tutorial_taskflow_api_etl_virtualenv.py for tasks to queue
[2021-06-07 18:58:54,233] {logging_mixin.py:104} INFO - [2021-06-07 18:58:54,233] {dagbag.py:487} INFO - Filling up the DagBag from /home/encrypted/abaceti/.virtualenvs/pumpwood-airflow-images/lib/python3.6/site-packages/airflow/example_dags/tutorial_taskflow_api_etl_virtualenv.py
[2021-06-07 18:58:54,241] {scheduler_job.py:643} INFO - DAG(s) dict_keys(['tutorial_taskflow_api_etl_virtualenv']) retrieved from /home/encrypted/abaceti/.virtualenvs/pumpwood-airflow-images/lib/python3.6/site-packages/airflow/example_dags/tutorial_taskflow_api_etl_virtualenv.py
[2021-06-07 18:58:54,355] {logging_mixin.py:104} INFO - [2021-06-07 18:58:54,355] {dag.py:1832} INFO - Sync 1 DAGs
[2021-06-07 18:58:54,362] {logging_mixin.py:104} INFO - [2021-06-07 18:58:54,362] {dag.py:2305} INFO - Setting next_dagrun for tutorial_taskflow_api_etl_virtualenv to None
[2021-06-07 18:58:54,369] {scheduler_job.py:190} INFO - Processing /home/encrypted/abaceti/.virtualenvs/pumpwood-airflow-images/lib/python3.6/site-packages/airflow/example_dags/tutorial_taskflow_api_etl_virtualenv.py took 0.138 seconds
[2021-06-07 18:59:24,448] {scheduler_job.py:182} INFO - Started process (PID=13598) to work on /home/encrypted/abaceti/.virtualenvs/pumpwood-airflow-images/lib/python3.6/site-packages/airflow/example_dags/tutorial_taskflow_api_etl_virtualenv.py
[2021-06-07 18:59:24,449] {scheduler_job.py:633} INFO - Processing file /home/encrypted/abaceti/.virtualenvs/pumpwood-airflow-images/lib/python3.6/site-packages/airflow/example_dags/tutorial_taskflow_api_etl_virtualenv.py for tasks to queue
[2021-06-07 18:59:24,449] {logging_mixin.py:104} INFO - [2021-06-07 18:59:24,449] {dagbag.py:487} INFO - Filling up the DagBag from /home/encrypted/abaceti/.virtualenvs/pumpwood-airflow-images/lib/python3.6/site-packages/airflow/example_dags/tutorial_taskflow_api_etl_virtualenv.py
[2021-06-07 18:59:24,457] {scheduler_job.py:643} INFO - DAG(s) dict_keys(['tutorial_taskflow_api_etl_virtualenv']) retrieved from /home/encrypted/abaceti/.virtualenvs/pumpwood-airflow-images/lib/python3.6/site-packages/airflow/example_dags/tutorial_taskflow_api_etl_virtualenv.py
[2021-06-07 18:59:24,470] {logging_mixin.py:104} INFO - [2021-06-07 18:59:24,470] {dag.py:1832} INFO - Sync 1 DAGs
[2021-06-07 18:59:24,477] {logging_mixin.py:104} INFO - [2021-06-07 18:59:24,477] {dag.py:2305} INFO - Setting next_dagrun for tutorial_taskflow_api_etl_virtualenv to None
[2021-06-07 18:59:24,483] {scheduler_job.py:190} INFO - Processing /home/encrypted/abaceti/.virtualenvs/pumpwood-airflow-images/lib/python3.6/site-packages/airflow/example_dags/tutorial_taskflow_api_etl_virtualenv.py took 0.036 seconds
[2021-06-07 18:59:54,552] {scheduler_job.py:182} INFO - Started process (PID=13759) to work on /home/encrypted/abaceti/.virtualenvs/pumpwood-airflow-images/lib/python3.6/site-packages/airflow/example_dags/tutorial_taskflow_api_etl_virtualenv.py
[2021-06-07 18:59:54,553] {scheduler_job.py:633} INFO - Processing file /home/encrypted/abaceti/.virtualenvs/pumpwood-airflow-images/lib/python3.6/site-packages/airflow/example_dags/tutorial_taskflow_api_etl_virtualenv.py for tasks to queue
[2021-06-07 18:59:54,553] {logging_mixin.py:104} INFO - [2021-06-07 18:59:54,553] {dagbag.py:487} INFO - Filling up the DagBag from /home/encrypted/abaceti/.virtualenvs/pumpwood-airflow-images/lib/python3.6/site-packages/airflow/example_dags/tutorial_taskflow_api_etl_virtualenv.py
[2021-06-07 18:59:54,561] {scheduler_job.py:643} INFO - DAG(s) dict_keys(['tutorial_taskflow_api_etl_virtualenv']) retrieved from /home/encrypted/abaceti/.virtualenvs/pumpwood-airflow-images/lib/python3.6/site-packages/airflow/example_dags/tutorial_taskflow_api_etl_virtualenv.py
[2021-06-07 18:59:54,673] {logging_mixin.py:104} INFO - [2021-06-07 18:59:54,673] {dag.py:1832} INFO - Sync 1 DAGs
[2021-06-07 18:59:54,680] {logging_mixin.py:104} INFO - [2021-06-07 18:59:54,680] {dag.py:2305} INFO - Setting next_dagrun for tutorial_taskflow_api_etl_virtualenv to None
[2021-06-07 18:59:54,687] {scheduler_job.py:190} INFO - Processing /home/encrypted/abaceti/.virtualenvs/pumpwood-airflow-images/lib/python3.6/site-packages/airflow/example_dags/tutorial_taskflow_api_etl_virtualenv.py took 0.136 seconds
[2021-06-07 19:00:24,901] {scheduler_job.py:182} INFO - Started process (PID=13883) to work on /home/encrypted/abaceti/.virtualenvs/pumpwood-airflow-images/lib/python3.6/site-packages/airflow/example_dags/tutorial_taskflow_api_etl_virtualenv.py
[2021-06-07 19:00:24,902] {scheduler_job.py:633} INFO - Processing file /home/encrypted/abaceti/.virtualenvs/pumpwood-airflow-images/lib/python3.6/site-packages/airflow/example_dags/tutorial_taskflow_api_etl_virtualenv.py for tasks to queue
[2021-06-07 19:00:24,902] {logging_mixin.py:104} INFO - [2021-06-07 19:00:24,902] {dagbag.py:487} INFO - Filling up the DagBag from /home/encrypted/abaceti/.virtualenvs/pumpwood-airflow-images/lib/python3.6/site-packages/airflow/example_dags/tutorial_taskflow_api_etl_virtualenv.py
[2021-06-07 19:00:24,910] {scheduler_job.py:643} INFO - DAG(s) dict_keys(['tutorial_taskflow_api_etl_virtualenv']) retrieved from /home/encrypted/abaceti/.virtualenvs/pumpwood-airflow-images/lib/python3.6/site-packages/airflow/example_dags/tutorial_taskflow_api_etl_virtualenv.py
[2021-06-07 19:00:24,926] {logging_mixin.py:104} INFO - [2021-06-07 19:00:24,926] {dag.py:1832} INFO - Sync 1 DAGs
[2021-06-07 19:00:24,934] {logging_mixin.py:104} INFO - [2021-06-07 19:00:24,934] {dag.py:2305} INFO - Setting next_dagrun for tutorial_taskflow_api_etl_virtualenv to None
[2021-06-07 19:00:24,940] {scheduler_job.py:190} INFO - Processing /home/encrypted/abaceti/.virtualenvs/pumpwood-airflow-images/lib/python3.6/site-packages/airflow/example_dags/tutorial_taskflow_api_etl_virtualenv.py took 0.040 seconds
[2021-06-07 19:00:54,962] {scheduler_job.py:182} INFO - Started process (PID=14073) to work on /home/encrypted/abaceti/.virtualenvs/pumpwood-airflow-images/lib/python3.6/site-packages/airflow/example_dags/tutorial_taskflow_api_etl_virtualenv.py
[2021-06-07 19:00:54,963] {scheduler_job.py:633} INFO - Processing file /home/encrypted/abaceti/.virtualenvs/pumpwood-airflow-images/lib/python3.6/site-packages/airflow/example_dags/tutorial_taskflow_api_etl_virtualenv.py for tasks to queue
[2021-06-07 19:00:54,964] {logging_mixin.py:104} INFO - [2021-06-07 19:00:54,963] {dagbag.py:487} INFO - Filling up the DagBag from /home/encrypted/abaceti/.virtualenvs/pumpwood-airflow-images/lib/python3.6/site-packages/airflow/example_dags/tutorial_taskflow_api_etl_virtualenv.py
[2021-06-07 19:00:54,971] {scheduler_job.py:643} INFO - DAG(s) dict_keys(['tutorial_taskflow_api_etl_virtualenv']) retrieved from /home/encrypted/abaceti/.virtualenvs/pumpwood-airflow-images/lib/python3.6/site-packages/airflow/example_dags/tutorial_taskflow_api_etl_virtualenv.py
[2021-06-07 19:00:55,073] {logging_mixin.py:104} INFO - [2021-06-07 19:00:55,073] {dag.py:1832} INFO - Sync 1 DAGs
[2021-06-07 19:00:55,080] {logging_mixin.py:104} INFO - [2021-06-07 19:00:55,080] {dag.py:2305} INFO - Setting next_dagrun for tutorial_taskflow_api_etl_virtualenv to None
[2021-06-07 19:00:55,086] {scheduler_job.py:190} INFO - Processing /home/encrypted/abaceti/.virtualenvs/pumpwood-airflow-images/lib/python3.6/site-packages/airflow/example_dags/tutorial_taskflow_api_etl_virtualenv.py took 0.126 seconds
[2021-06-07 19:01:25,106] {scheduler_job.py:182} INFO - Started process (PID=14188) to work on /home/encrypted/abaceti/.virtualenvs/pumpwood-airflow-images/lib/python3.6/site-packages/airflow/example_dags/tutorial_taskflow_api_etl_virtualenv.py
[2021-06-07 19:01:25,107] {scheduler_job.py:633} INFO - Processing file /home/encrypted/abaceti/.virtualenvs/pumpwood-airflow-images/lib/python3.6/site-packages/airflow/example_dags/tutorial_taskflow_api_etl_virtualenv.py for tasks to queue
[2021-06-07 19:01:25,107] {logging_mixin.py:104} INFO - [2021-06-07 19:01:25,107] {dagbag.py:487} INFO - Filling up the DagBag from /home/encrypted/abaceti/.virtualenvs/pumpwood-airflow-images/lib/python3.6/site-packages/airflow/example_dags/tutorial_taskflow_api_etl_virtualenv.py
[2021-06-07 19:01:25,115] {scheduler_job.py:643} INFO - DAG(s) dict_keys(['tutorial_taskflow_api_etl_virtualenv']) retrieved from /home/encrypted/abaceti/.virtualenvs/pumpwood-airflow-images/lib/python3.6/site-packages/airflow/example_dags/tutorial_taskflow_api_etl_virtualenv.py
[2021-06-07 19:01:25,221] {logging_mixin.py:104} INFO - [2021-06-07 19:01:25,221] {dag.py:1832} INFO - Sync 1 DAGs
[2021-06-07 19:01:25,228] {logging_mixin.py:104} INFO - [2021-06-07 19:01:25,228] {dag.py:2305} INFO - Setting next_dagrun for tutorial_taskflow_api_etl_virtualenv to None
[2021-06-07 19:01:25,235] {scheduler_job.py:190} INFO - Processing /home/encrypted/abaceti/.virtualenvs/pumpwood-airflow-images/lib/python3.6/site-packages/airflow/example_dags/tutorial_taskflow_api_etl_virtualenv.py took 0.130 seconds
[2021-06-07 19:01:55,375] {scheduler_job.py:182} INFO - Started process (PID=14370) to work on /home/encrypted/abaceti/.virtualenvs/pumpwood-airflow-images/lib/python3.6/site-packages/airflow/example_dags/tutorial_taskflow_api_etl_virtualenv.py
[2021-06-07 19:01:55,375] {scheduler_job.py:633} INFO - Processing file /home/encrypted/abaceti/.virtualenvs/pumpwood-airflow-images/lib/python3.6/site-packages/airflow/example_dags/tutorial_taskflow_api_etl_virtualenv.py for tasks to queue
[2021-06-07 19:01:55,375] {logging_mixin.py:104} INFO - [2021-06-07 19:01:55,375] {dagbag.py:487} INFO - Filling up the DagBag from /home/encrypted/abaceti/.virtualenvs/pumpwood-airflow-images/lib/python3.6/site-packages/airflow/example_dags/tutorial_taskflow_api_etl_virtualenv.py
[2021-06-07 19:01:55,383] {scheduler_job.py:643} INFO - DAG(s) dict_keys(['tutorial_taskflow_api_etl_virtualenv']) retrieved from /home/encrypted/abaceti/.virtualenvs/pumpwood-airflow-images/lib/python3.6/site-packages/airflow/example_dags/tutorial_taskflow_api_etl_virtualenv.py
[2021-06-07 19:01:55,497] {logging_mixin.py:104} INFO - [2021-06-07 19:01:55,497] {dag.py:1832} INFO - Sync 1 DAGs
[2021-06-07 19:01:55,505] {logging_mixin.py:104} INFO - [2021-06-07 19:01:55,505] {dag.py:2305} INFO - Setting next_dagrun for tutorial_taskflow_api_etl_virtualenv to None
[2021-06-07 19:01:55,511] {scheduler_job.py:190} INFO - Processing /home/encrypted/abaceti/.virtualenvs/pumpwood-airflow-images/lib/python3.6/site-packages/airflow/example_dags/tutorial_taskflow_api_etl_virtualenv.py took 0.138 seconds
[2021-06-07 19:02:25,606] {scheduler_job.py:182} INFO - Started process (PID=14520) to work on /home/encrypted/abaceti/.virtualenvs/pumpwood-airflow-images/lib/python3.6/site-packages/airflow/example_dags/tutorial_taskflow_api_etl_virtualenv.py
[2021-06-07 19:02:25,607] {scheduler_job.py:633} INFO - Processing file /home/encrypted/abaceti/.virtualenvs/pumpwood-airflow-images/lib/python3.6/site-packages/airflow/example_dags/tutorial_taskflow_api_etl_virtualenv.py for tasks to queue
[2021-06-07 19:02:25,607] {logging_mixin.py:104} INFO - [2021-06-07 19:02:25,607] {dagbag.py:487} INFO - Filling up the DagBag from /home/encrypted/abaceti/.virtualenvs/pumpwood-airflow-images/lib/python3.6/site-packages/airflow/example_dags/tutorial_taskflow_api_etl_virtualenv.py
[2021-06-07 19:02:25,615] {scheduler_job.py:643} INFO - DAG(s) dict_keys(['tutorial_taskflow_api_etl_virtualenv']) retrieved from /home/encrypted/abaceti/.virtualenvs/pumpwood-airflow-images/lib/python3.6/site-packages/airflow/example_dags/tutorial_taskflow_api_etl_virtualenv.py
[2021-06-07 19:02:25,632] {logging_mixin.py:104} INFO - [2021-06-07 19:02:25,632] {dag.py:1832} INFO - Sync 1 DAGs
[2021-06-07 19:02:25,641] {logging_mixin.py:104} INFO - [2021-06-07 19:02:25,641] {dag.py:2305} INFO - Setting next_dagrun for tutorial_taskflow_api_etl_virtualenv to None
[2021-06-07 19:02:25,648] {scheduler_job.py:190} INFO - Processing /home/encrypted/abaceti/.virtualenvs/pumpwood-airflow-images/lib/python3.6/site-packages/airflow/example_dags/tutorial_taskflow_api_etl_virtualenv.py took 0.043 seconds
