[2021-06-07 18:39:19,512] {scheduler_job.py:182} INFO - Started process (PID=5634) to work on /home/encrypted/abaceti/.virtualenvs/pumpwood-airflow-images/lib/python3.6/site-packages/airflow/example_dags/tutorial.py
[2021-06-07 18:39:19,512] {scheduler_job.py:633} INFO - Processing file /home/encrypted/abaceti/.virtualenvs/pumpwood-airflow-images/lib/python3.6/site-packages/airflow/example_dags/tutorial.py for tasks to queue
[2021-06-07 18:39:19,513] {logging_mixin.py:104} INFO - [2021-06-07 18:39:19,513] {dagbag.py:487} INFO - Filling up the DagBag from /home/encrypted/abaceti/.virtualenvs/pumpwood-airflow-images/lib/python3.6/site-packages/airflow/example_dags/tutorial.py
[2021-06-07 18:39:19,519] {scheduler_job.py:643} INFO - DAG(s) dict_keys(['tutorial']) retrieved from /home/encrypted/abaceti/.virtualenvs/pumpwood-airflow-images/lib/python3.6/site-packages/airflow/example_dags/tutorial.py
[2021-06-07 18:39:19,540] {logging_mixin.py:104} INFO - [2021-06-07 18:39:19,540] {dag.py:1832} INFO - Sync 1 DAGs
[2021-06-07 18:39:19,553] {logging_mixin.py:104} INFO - [2021-06-07 18:39:19,553] {dag.py:2305} INFO - Setting next_dagrun for tutorial to 2021-06-05 00:00:00+00:00
[2021-06-07 18:39:19,561] {scheduler_job.py:190} INFO - Processing /home/encrypted/abaceti/.virtualenvs/pumpwood-airflow-images/lib/python3.6/site-packages/airflow/example_dags/tutorial.py took 0.051 seconds
[2021-06-07 18:39:49,805] {scheduler_job.py:182} INFO - Started process (PID=5801) to work on /home/encrypted/abaceti/.virtualenvs/pumpwood-airflow-images/lib/python3.6/site-packages/airflow/example_dags/tutorial.py
[2021-06-07 18:39:49,805] {scheduler_job.py:633} INFO - Processing file /home/encrypted/abaceti/.virtualenvs/pumpwood-airflow-images/lib/python3.6/site-packages/airflow/example_dags/tutorial.py for tasks to queue
[2021-06-07 18:39:49,806] {logging_mixin.py:104} INFO - [2021-06-07 18:39:49,805] {dagbag.py:487} INFO - Filling up the DagBag from /home/encrypted/abaceti/.virtualenvs/pumpwood-airflow-images/lib/python3.6/site-packages/airflow/example_dags/tutorial.py
[2021-06-07 18:39:49,811] {scheduler_job.py:643} INFO - DAG(s) dict_keys(['tutorial']) retrieved from /home/encrypted/abaceti/.virtualenvs/pumpwood-airflow-images/lib/python3.6/site-packages/airflow/example_dags/tutorial.py
[2021-06-07 18:39:49,825] {logging_mixin.py:104} INFO - [2021-06-07 18:39:49,825] {dag.py:1832} INFO - Sync 1 DAGs
[2021-06-07 18:39:49,833] {logging_mixin.py:104} INFO - [2021-06-07 18:39:49,833] {dag.py:2305} INFO - Setting next_dagrun for tutorial to 2021-06-05 00:00:00+00:00
[2021-06-07 18:39:49,838] {scheduler_job.py:190} INFO - Processing /home/encrypted/abaceti/.virtualenvs/pumpwood-airflow-images/lib/python3.6/site-packages/airflow/example_dags/tutorial.py took 0.035 seconds
[2021-06-07 18:40:19,963] {scheduler_job.py:182} INFO - Started process (PID=5950) to work on /home/encrypted/abaceti/.virtualenvs/pumpwood-airflow-images/lib/python3.6/site-packages/airflow/example_dags/tutorial.py
[2021-06-07 18:40:19,963] {scheduler_job.py:633} INFO - Processing file /home/encrypted/abaceti/.virtualenvs/pumpwood-airflow-images/lib/python3.6/site-packages/airflow/example_dags/tutorial.py for tasks to queue
[2021-06-07 18:40:19,964] {logging_mixin.py:104} INFO - [2021-06-07 18:40:19,964] {dagbag.py:487} INFO - Filling up the DagBag from /home/encrypted/abaceti/.virtualenvs/pumpwood-airflow-images/lib/python3.6/site-packages/airflow/example_dags/tutorial.py
[2021-06-07 18:40:19,970] {scheduler_job.py:643} INFO - DAG(s) dict_keys(['tutorial']) retrieved from /home/encrypted/abaceti/.virtualenvs/pumpwood-airflow-images/lib/python3.6/site-packages/airflow/example_dags/tutorial.py
[2021-06-07 18:40:19,985] {logging_mixin.py:104} INFO - [2021-06-07 18:40:19,984] {dag.py:1832} INFO - Sync 1 DAGs
[2021-06-07 18:40:19,993] {logging_mixin.py:104} INFO - [2021-06-07 18:40:19,993] {dag.py:2305} INFO - Setting next_dagrun for tutorial to 2021-06-05 00:00:00+00:00
[2021-06-07 18:40:19,998] {scheduler_job.py:190} INFO - Processing /home/encrypted/abaceti/.virtualenvs/pumpwood-airflow-images/lib/python3.6/site-packages/airflow/example_dags/tutorial.py took 0.037 seconds
[2021-06-07 18:40:50,186] {scheduler_job.py:182} INFO - Started process (PID=6145) to work on /home/encrypted/abaceti/.virtualenvs/pumpwood-airflow-images/lib/python3.6/site-packages/airflow/example_dags/tutorial.py
[2021-06-07 18:40:50,186] {scheduler_job.py:633} INFO - Processing file /home/encrypted/abaceti/.virtualenvs/pumpwood-airflow-images/lib/python3.6/site-packages/airflow/example_dags/tutorial.py for tasks to queue
[2021-06-07 18:40:50,186] {logging_mixin.py:104} INFO - [2021-06-07 18:40:50,186] {dagbag.py:487} INFO - Filling up the DagBag from /home/encrypted/abaceti/.virtualenvs/pumpwood-airflow-images/lib/python3.6/site-packages/airflow/example_dags/tutorial.py
[2021-06-07 18:40:50,192] {scheduler_job.py:643} INFO - DAG(s) dict_keys(['tutorial']) retrieved from /home/encrypted/abaceti/.virtualenvs/pumpwood-airflow-images/lib/python3.6/site-packages/airflow/example_dags/tutorial.py
[2021-06-07 18:40:50,206] {logging_mixin.py:104} INFO - [2021-06-07 18:40:50,206] {dag.py:1832} INFO - Sync 1 DAGs
[2021-06-07 18:40:50,214] {logging_mixin.py:104} INFO - [2021-06-07 18:40:50,214] {dag.py:2305} INFO - Setting next_dagrun for tutorial to 2021-06-05 00:00:00+00:00
[2021-06-07 18:40:50,220] {scheduler_job.py:190} INFO - Processing /home/encrypted/abaceti/.virtualenvs/pumpwood-airflow-images/lib/python3.6/site-packages/airflow/example_dags/tutorial.py took 0.036 seconds
[2021-06-07 18:41:20,327] {scheduler_job.py:182} INFO - Started process (PID=6257) to work on /home/encrypted/abaceti/.virtualenvs/pumpwood-airflow-images/lib/python3.6/site-packages/airflow/example_dags/tutorial.py
[2021-06-07 18:41:20,327] {scheduler_job.py:633} INFO - Processing file /home/encrypted/abaceti/.virtualenvs/pumpwood-airflow-images/lib/python3.6/site-packages/airflow/example_dags/tutorial.py for tasks to queue
[2021-06-07 18:41:20,327] {logging_mixin.py:104} INFO - [2021-06-07 18:41:20,327] {dagbag.py:487} INFO - Filling up the DagBag from /home/encrypted/abaceti/.virtualenvs/pumpwood-airflow-images/lib/python3.6/site-packages/airflow/example_dags/tutorial.py
[2021-06-07 18:41:20,334] {scheduler_job.py:643} INFO - DAG(s) dict_keys(['tutorial']) retrieved from /home/encrypted/abaceti/.virtualenvs/pumpwood-airflow-images/lib/python3.6/site-packages/airflow/example_dags/tutorial.py
[2021-06-07 18:41:20,349] {logging_mixin.py:104} INFO - [2021-06-07 18:41:20,349] {dag.py:1832} INFO - Sync 1 DAGs
[2021-06-07 18:41:20,358] {logging_mixin.py:104} INFO - [2021-06-07 18:41:20,357] {dag.py:2305} INFO - Setting next_dagrun for tutorial to 2021-06-05 00:00:00+00:00
[2021-06-07 18:41:20,363] {scheduler_job.py:190} INFO - Processing /home/encrypted/abaceti/.virtualenvs/pumpwood-airflow-images/lib/python3.6/site-packages/airflow/example_dags/tutorial.py took 0.038 seconds
[2021-06-07 18:41:50,578] {scheduler_job.py:182} INFO - Started process (PID=6425) to work on /home/encrypted/abaceti/.virtualenvs/pumpwood-airflow-images/lib/python3.6/site-packages/airflow/example_dags/tutorial.py
[2021-06-07 18:41:50,579] {scheduler_job.py:633} INFO - Processing file /home/encrypted/abaceti/.virtualenvs/pumpwood-airflow-images/lib/python3.6/site-packages/airflow/example_dags/tutorial.py for tasks to queue
[2021-06-07 18:41:50,580] {logging_mixin.py:104} INFO - [2021-06-07 18:41:50,580] {dagbag.py:487} INFO - Filling up the DagBag from /home/encrypted/abaceti/.virtualenvs/pumpwood-airflow-images/lib/python3.6/site-packages/airflow/example_dags/tutorial.py
[2021-06-07 18:41:50,585] {scheduler_job.py:643} INFO - DAG(s) dict_keys(['tutorial']) retrieved from /home/encrypted/abaceti/.virtualenvs/pumpwood-airflow-images/lib/python3.6/site-packages/airflow/example_dags/tutorial.py
[2021-06-07 18:41:50,598] {logging_mixin.py:104} INFO - [2021-06-07 18:41:50,598] {dag.py:1832} INFO - Sync 1 DAGs
[2021-06-07 18:41:50,606] {logging_mixin.py:104} INFO - [2021-06-07 18:41:50,606] {dag.py:2305} INFO - Setting next_dagrun for tutorial to 2021-06-05 00:00:00+00:00
[2021-06-07 18:41:50,612] {scheduler_job.py:190} INFO - Processing /home/encrypted/abaceti/.virtualenvs/pumpwood-airflow-images/lib/python3.6/site-packages/airflow/example_dags/tutorial.py took 0.035 seconds
[2021-06-07 18:42:20,726] {scheduler_job.py:182} INFO - Started process (PID=6544) to work on /home/encrypted/abaceti/.virtualenvs/pumpwood-airflow-images/lib/python3.6/site-packages/airflow/example_dags/tutorial.py
[2021-06-07 18:42:20,726] {scheduler_job.py:633} INFO - Processing file /home/encrypted/abaceti/.virtualenvs/pumpwood-airflow-images/lib/python3.6/site-packages/airflow/example_dags/tutorial.py for tasks to queue
[2021-06-07 18:42:20,726] {logging_mixin.py:104} INFO - [2021-06-07 18:42:20,726] {dagbag.py:487} INFO - Filling up the DagBag from /home/encrypted/abaceti/.virtualenvs/pumpwood-airflow-images/lib/python3.6/site-packages/airflow/example_dags/tutorial.py
[2021-06-07 18:42:20,733] {scheduler_job.py:643} INFO - DAG(s) dict_keys(['tutorial']) retrieved from /home/encrypted/abaceti/.virtualenvs/pumpwood-airflow-images/lib/python3.6/site-packages/airflow/example_dags/tutorial.py
[2021-06-07 18:42:20,747] {logging_mixin.py:104} INFO - [2021-06-07 18:42:20,747] {dag.py:1832} INFO - Sync 1 DAGs
[2021-06-07 18:42:20,755] {logging_mixin.py:104} INFO - [2021-06-07 18:42:20,755] {dag.py:2305} INFO - Setting next_dagrun for tutorial to 2021-06-05 00:00:00+00:00
[2021-06-07 18:42:20,760] {scheduler_job.py:190} INFO - Processing /home/encrypted/abaceti/.virtualenvs/pumpwood-airflow-images/lib/python3.6/site-packages/airflow/example_dags/tutorial.py took 0.036 seconds
[2021-06-07 18:42:50,870] {scheduler_job.py:182} INFO - Started process (PID=6717) to work on /home/encrypted/abaceti/.virtualenvs/pumpwood-airflow-images/lib/python3.6/site-packages/airflow/example_dags/tutorial.py
[2021-06-07 18:42:50,871] {scheduler_job.py:633} INFO - Processing file /home/encrypted/abaceti/.virtualenvs/pumpwood-airflow-images/lib/python3.6/site-packages/airflow/example_dags/tutorial.py for tasks to queue
[2021-06-07 18:42:50,871] {logging_mixin.py:104} INFO - [2021-06-07 18:42:50,871] {dagbag.py:487} INFO - Filling up the DagBag from /home/encrypted/abaceti/.virtualenvs/pumpwood-airflow-images/lib/python3.6/site-packages/airflow/example_dags/tutorial.py
[2021-06-07 18:42:50,877] {scheduler_job.py:643} INFO - DAG(s) dict_keys(['tutorial']) retrieved from /home/encrypted/abaceti/.virtualenvs/pumpwood-airflow-images/lib/python3.6/site-packages/airflow/example_dags/tutorial.py
[2021-06-07 18:42:50,892] {logging_mixin.py:104} INFO - [2021-06-07 18:42:50,892] {dag.py:1832} INFO - Sync 1 DAGs
[2021-06-07 18:42:50,900] {logging_mixin.py:104} INFO - [2021-06-07 18:42:50,900] {dag.py:2305} INFO - Setting next_dagrun for tutorial to 2021-06-05 00:00:00+00:00
[2021-06-07 18:42:50,905] {scheduler_job.py:190} INFO - Processing /home/encrypted/abaceti/.virtualenvs/pumpwood-airflow-images/lib/python3.6/site-packages/airflow/example_dags/tutorial.py took 0.037 seconds
[2021-06-07 18:43:21,909] {scheduler_job.py:182} INFO - Started process (PID=6975) to work on /home/encrypted/abaceti/.virtualenvs/pumpwood-airflow-images/lib/python3.6/site-packages/airflow/example_dags/tutorial.py
[2021-06-07 18:43:21,910] {scheduler_job.py:633} INFO - Processing file /home/encrypted/abaceti/.virtualenvs/pumpwood-airflow-images/lib/python3.6/site-packages/airflow/example_dags/tutorial.py for tasks to queue
[2021-06-07 18:43:21,910] {logging_mixin.py:104} INFO - [2021-06-07 18:43:21,910] {dagbag.py:487} INFO - Filling up the DagBag from /home/encrypted/abaceti/.virtualenvs/pumpwood-airflow-images/lib/python3.6/site-packages/airflow/example_dags/tutorial.py
[2021-06-07 18:43:21,916] {scheduler_job.py:643} INFO - DAG(s) dict_keys(['tutorial']) retrieved from /home/encrypted/abaceti/.virtualenvs/pumpwood-airflow-images/lib/python3.6/site-packages/airflow/example_dags/tutorial.py
[2021-06-07 18:43:21,931] {logging_mixin.py:104} INFO - [2021-06-07 18:43:21,930] {dag.py:1832} INFO - Sync 1 DAGs
[2021-06-07 18:43:21,938] {logging_mixin.py:104} INFO - [2021-06-07 18:43:21,938] {dag.py:2305} INFO - Setting next_dagrun for tutorial to 2021-06-05 00:00:00+00:00
[2021-06-07 18:43:21,944] {scheduler_job.py:190} INFO - Processing /home/encrypted/abaceti/.virtualenvs/pumpwood-airflow-images/lib/python3.6/site-packages/airflow/example_dags/tutorial.py took 0.036 seconds
[2021-06-07 18:43:52,022] {scheduler_job.py:182} INFO - Started process (PID=7223) to work on /home/encrypted/abaceti/.virtualenvs/pumpwood-airflow-images/lib/python3.6/site-packages/airflow/example_dags/tutorial.py
[2021-06-07 18:43:52,022] {scheduler_job.py:633} INFO - Processing file /home/encrypted/abaceti/.virtualenvs/pumpwood-airflow-images/lib/python3.6/site-packages/airflow/example_dags/tutorial.py for tasks to queue
[2021-06-07 18:43:52,022] {logging_mixin.py:104} INFO - [2021-06-07 18:43:52,022] {dagbag.py:487} INFO - Filling up the DagBag from /home/encrypted/abaceti/.virtualenvs/pumpwood-airflow-images/lib/python3.6/site-packages/airflow/example_dags/tutorial.py
[2021-06-07 18:43:52,029] {scheduler_job.py:643} INFO - DAG(s) dict_keys(['tutorial']) retrieved from /home/encrypted/abaceti/.virtualenvs/pumpwood-airflow-images/lib/python3.6/site-packages/airflow/example_dags/tutorial.py
[2021-06-07 18:43:52,044] {logging_mixin.py:104} INFO - [2021-06-07 18:43:52,044] {dag.py:1832} INFO - Sync 1 DAGs
[2021-06-07 18:43:52,053] {logging_mixin.py:104} INFO - [2021-06-07 18:43:52,053] {dag.py:2305} INFO - Setting next_dagrun for tutorial to 2021-06-05 00:00:00+00:00
[2021-06-07 18:43:52,059] {scheduler_job.py:190} INFO - Processing /home/encrypted/abaceti/.virtualenvs/pumpwood-airflow-images/lib/python3.6/site-packages/airflow/example_dags/tutorial.py took 0.039 seconds
[2021-06-07 18:44:22,126] {scheduler_job.py:182} INFO - Started process (PID=7343) to work on /home/encrypted/abaceti/.virtualenvs/pumpwood-airflow-images/lib/python3.6/site-packages/airflow/example_dags/tutorial.py
[2021-06-07 18:44:22,127] {scheduler_job.py:633} INFO - Processing file /home/encrypted/abaceti/.virtualenvs/pumpwood-airflow-images/lib/python3.6/site-packages/airflow/example_dags/tutorial.py for tasks to queue
[2021-06-07 18:44:22,127] {logging_mixin.py:104} INFO - [2021-06-07 18:44:22,127] {dagbag.py:487} INFO - Filling up the DagBag from /home/encrypted/abaceti/.virtualenvs/pumpwood-airflow-images/lib/python3.6/site-packages/airflow/example_dags/tutorial.py
[2021-06-07 18:44:22,133] {scheduler_job.py:643} INFO - DAG(s) dict_keys(['tutorial']) retrieved from /home/encrypted/abaceti/.virtualenvs/pumpwood-airflow-images/lib/python3.6/site-packages/airflow/example_dags/tutorial.py
[2021-06-07 18:44:22,148] {logging_mixin.py:104} INFO - [2021-06-07 18:44:22,148] {dag.py:1832} INFO - Sync 1 DAGs
[2021-06-07 18:44:22,157] {logging_mixin.py:104} INFO - [2021-06-07 18:44:22,157] {dag.py:2305} INFO - Setting next_dagrun for tutorial to 2021-06-05 00:00:00+00:00
[2021-06-07 18:44:22,163] {scheduler_job.py:190} INFO - Processing /home/encrypted/abaceti/.virtualenvs/pumpwood-airflow-images/lib/python3.6/site-packages/airflow/example_dags/tutorial.py took 0.038 seconds
[2021-06-07 18:44:52,261] {scheduler_job.py:182} INFO - Started process (PID=7515) to work on /home/encrypted/abaceti/.virtualenvs/pumpwood-airflow-images/lib/python3.6/site-packages/airflow/example_dags/tutorial.py
[2021-06-07 18:44:52,262] {scheduler_job.py:633} INFO - Processing file /home/encrypted/abaceti/.virtualenvs/pumpwood-airflow-images/lib/python3.6/site-packages/airflow/example_dags/tutorial.py for tasks to queue
[2021-06-07 18:44:52,262] {logging_mixin.py:104} INFO - [2021-06-07 18:44:52,262] {dagbag.py:487} INFO - Filling up the DagBag from /home/encrypted/abaceti/.virtualenvs/pumpwood-airflow-images/lib/python3.6/site-packages/airflow/example_dags/tutorial.py
[2021-06-07 18:44:52,269] {scheduler_job.py:643} INFO - DAG(s) dict_keys(['tutorial']) retrieved from /home/encrypted/abaceti/.virtualenvs/pumpwood-airflow-images/lib/python3.6/site-packages/airflow/example_dags/tutorial.py
[2021-06-07 18:44:52,284] {logging_mixin.py:104} INFO - [2021-06-07 18:44:52,284] {dag.py:1832} INFO - Sync 1 DAGs
[2021-06-07 18:44:52,293] {logging_mixin.py:104} INFO - [2021-06-07 18:44:52,293] {dag.py:2305} INFO - Setting next_dagrun for tutorial to 2021-06-05 00:00:00+00:00
[2021-06-07 18:44:52,298] {scheduler_job.py:190} INFO - Processing /home/encrypted/abaceti/.virtualenvs/pumpwood-airflow-images/lib/python3.6/site-packages/airflow/example_dags/tutorial.py took 0.038 seconds
[2021-06-07 18:45:23,220] {scheduler_job.py:182} INFO - Started process (PID=7633) to work on /home/encrypted/abaceti/.virtualenvs/pumpwood-airflow-images/lib/python3.6/site-packages/airflow/example_dags/tutorial.py
[2021-06-07 18:45:23,220] {scheduler_job.py:633} INFO - Processing file /home/encrypted/abaceti/.virtualenvs/pumpwood-airflow-images/lib/python3.6/site-packages/airflow/example_dags/tutorial.py for tasks to queue
[2021-06-07 18:45:23,221] {logging_mixin.py:104} INFO - [2021-06-07 18:45:23,221] {dagbag.py:487} INFO - Filling up the DagBag from /home/encrypted/abaceti/.virtualenvs/pumpwood-airflow-images/lib/python3.6/site-packages/airflow/example_dags/tutorial.py
[2021-06-07 18:45:23,226] {scheduler_job.py:643} INFO - DAG(s) dict_keys(['tutorial']) retrieved from /home/encrypted/abaceti/.virtualenvs/pumpwood-airflow-images/lib/python3.6/site-packages/airflow/example_dags/tutorial.py
[2021-06-07 18:45:23,241] {logging_mixin.py:104} INFO - [2021-06-07 18:45:23,241] {dag.py:1832} INFO - Sync 1 DAGs
[2021-06-07 18:45:23,248] {logging_mixin.py:104} INFO - [2021-06-07 18:45:23,248] {dag.py:2305} INFO - Setting next_dagrun for tutorial to 2021-06-05 00:00:00+00:00
[2021-06-07 18:45:23,254] {scheduler_job.py:190} INFO - Processing /home/encrypted/abaceti/.virtualenvs/pumpwood-airflow-images/lib/python3.6/site-packages/airflow/example_dags/tutorial.py took 0.036 seconds
[2021-06-07 18:45:53,310] {scheduler_job.py:182} INFO - Started process (PID=7798) to work on /home/encrypted/abaceti/.virtualenvs/pumpwood-airflow-images/lib/python3.6/site-packages/airflow/example_dags/tutorial.py
[2021-06-07 18:45:53,310] {scheduler_job.py:633} INFO - Processing file /home/encrypted/abaceti/.virtualenvs/pumpwood-airflow-images/lib/python3.6/site-packages/airflow/example_dags/tutorial.py for tasks to queue
[2021-06-07 18:45:53,310] {logging_mixin.py:104} INFO - [2021-06-07 18:45:53,310] {dagbag.py:487} INFO - Filling up the DagBag from /home/encrypted/abaceti/.virtualenvs/pumpwood-airflow-images/lib/python3.6/site-packages/airflow/example_dags/tutorial.py
[2021-06-07 18:45:53,316] {scheduler_job.py:643} INFO - DAG(s) dict_keys(['tutorial']) retrieved from /home/encrypted/abaceti/.virtualenvs/pumpwood-airflow-images/lib/python3.6/site-packages/airflow/example_dags/tutorial.py
[2021-06-07 18:45:53,331] {logging_mixin.py:104} INFO - [2021-06-07 18:45:53,331] {dag.py:1832} INFO - Sync 1 DAGs
[2021-06-07 18:45:53,338] {logging_mixin.py:104} INFO - [2021-06-07 18:45:53,338] {dag.py:2305} INFO - Setting next_dagrun for tutorial to 2021-06-05 00:00:00+00:00
[2021-06-07 18:45:53,344] {scheduler_job.py:190} INFO - Processing /home/encrypted/abaceti/.virtualenvs/pumpwood-airflow-images/lib/python3.6/site-packages/airflow/example_dags/tutorial.py took 0.035 seconds
[2021-06-07 18:46:23,502] {scheduler_job.py:182} INFO - Started process (PID=7920) to work on /home/encrypted/abaceti/.virtualenvs/pumpwood-airflow-images/lib/python3.6/site-packages/airflow/example_dags/tutorial.py
[2021-06-07 18:46:23,503] {scheduler_job.py:633} INFO - Processing file /home/encrypted/abaceti/.virtualenvs/pumpwood-airflow-images/lib/python3.6/site-packages/airflow/example_dags/tutorial.py for tasks to queue
[2021-06-07 18:46:23,503] {logging_mixin.py:104} INFO - [2021-06-07 18:46:23,503] {dagbag.py:487} INFO - Filling up the DagBag from /home/encrypted/abaceti/.virtualenvs/pumpwood-airflow-images/lib/python3.6/site-packages/airflow/example_dags/tutorial.py
[2021-06-07 18:46:23,509] {scheduler_job.py:643} INFO - DAG(s) dict_keys(['tutorial']) retrieved from /home/encrypted/abaceti/.virtualenvs/pumpwood-airflow-images/lib/python3.6/site-packages/airflow/example_dags/tutorial.py
[2021-06-07 18:46:23,524] {logging_mixin.py:104} INFO - [2021-06-07 18:46:23,524] {dag.py:1832} INFO - Sync 1 DAGs
[2021-06-07 18:46:23,532] {logging_mixin.py:104} INFO - [2021-06-07 18:46:23,532] {dag.py:2305} INFO - Setting next_dagrun for tutorial to 2021-06-05 00:00:00+00:00
[2021-06-07 18:46:23,536] {scheduler_job.py:190} INFO - Processing /home/encrypted/abaceti/.virtualenvs/pumpwood-airflow-images/lib/python3.6/site-packages/airflow/example_dags/tutorial.py took 0.036 seconds
[2021-06-07 18:46:53,617] {scheduler_job.py:182} INFO - Started process (PID=8106) to work on /home/encrypted/abaceti/.virtualenvs/pumpwood-airflow-images/lib/python3.6/site-packages/airflow/example_dags/tutorial.py
[2021-06-07 18:46:53,618] {scheduler_job.py:633} INFO - Processing file /home/encrypted/abaceti/.virtualenvs/pumpwood-airflow-images/lib/python3.6/site-packages/airflow/example_dags/tutorial.py for tasks to queue
[2021-06-07 18:46:53,618] {logging_mixin.py:104} INFO - [2021-06-07 18:46:53,618] {dagbag.py:487} INFO - Filling up the DagBag from /home/encrypted/abaceti/.virtualenvs/pumpwood-airflow-images/lib/python3.6/site-packages/airflow/example_dags/tutorial.py
[2021-06-07 18:46:53,623] {scheduler_job.py:643} INFO - DAG(s) dict_keys(['tutorial']) retrieved from /home/encrypted/abaceti/.virtualenvs/pumpwood-airflow-images/lib/python3.6/site-packages/airflow/example_dags/tutorial.py
[2021-06-07 18:46:53,638] {logging_mixin.py:104} INFO - [2021-06-07 18:46:53,638] {dag.py:1832} INFO - Sync 1 DAGs
[2021-06-07 18:46:53,646] {logging_mixin.py:104} INFO - [2021-06-07 18:46:53,646] {dag.py:2305} INFO - Setting next_dagrun for tutorial to 2021-06-05 00:00:00+00:00
[2021-06-07 18:46:53,652] {scheduler_job.py:190} INFO - Processing /home/encrypted/abaceti/.virtualenvs/pumpwood-airflow-images/lib/python3.6/site-packages/airflow/example_dags/tutorial.py took 0.037 seconds
[2021-06-07 18:47:23,788] {scheduler_job.py:182} INFO - Started process (PID=8243) to work on /home/encrypted/abaceti/.virtualenvs/pumpwood-airflow-images/lib/python3.6/site-packages/airflow/example_dags/tutorial.py
[2021-06-07 18:47:23,788] {scheduler_job.py:633} INFO - Processing file /home/encrypted/abaceti/.virtualenvs/pumpwood-airflow-images/lib/python3.6/site-packages/airflow/example_dags/tutorial.py for tasks to queue
[2021-06-07 18:47:23,788] {logging_mixin.py:104} INFO - [2021-06-07 18:47:23,788] {dagbag.py:487} INFO - Filling up the DagBag from /home/encrypted/abaceti/.virtualenvs/pumpwood-airflow-images/lib/python3.6/site-packages/airflow/example_dags/tutorial.py
[2021-06-07 18:47:23,795] {scheduler_job.py:643} INFO - DAG(s) dict_keys(['tutorial']) retrieved from /home/encrypted/abaceti/.virtualenvs/pumpwood-airflow-images/lib/python3.6/site-packages/airflow/example_dags/tutorial.py
[2021-06-07 18:47:23,809] {logging_mixin.py:104} INFO - [2021-06-07 18:47:23,809] {dag.py:1832} INFO - Sync 1 DAGs
[2021-06-07 18:47:23,818] {logging_mixin.py:104} INFO - [2021-06-07 18:47:23,818] {dag.py:2305} INFO - Setting next_dagrun for tutorial to 2021-06-05 00:00:00+00:00
[2021-06-07 18:47:23,823] {scheduler_job.py:190} INFO - Processing /home/encrypted/abaceti/.virtualenvs/pumpwood-airflow-images/lib/python3.6/site-packages/airflow/example_dags/tutorial.py took 0.037 seconds
[2021-06-07 18:47:53,852] {scheduler_job.py:182} INFO - Started process (PID=8458) to work on /home/encrypted/abaceti/.virtualenvs/pumpwood-airflow-images/lib/python3.6/site-packages/airflow/example_dags/tutorial.py
[2021-06-07 18:47:53,852] {scheduler_job.py:633} INFO - Processing file /home/encrypted/abaceti/.virtualenvs/pumpwood-airflow-images/lib/python3.6/site-packages/airflow/example_dags/tutorial.py for tasks to queue
[2021-06-07 18:47:53,853] {logging_mixin.py:104} INFO - [2021-06-07 18:47:53,853] {dagbag.py:487} INFO - Filling up the DagBag from /home/encrypted/abaceti/.virtualenvs/pumpwood-airflow-images/lib/python3.6/site-packages/airflow/example_dags/tutorial.py
[2021-06-07 18:47:53,859] {scheduler_job.py:643} INFO - DAG(s) dict_keys(['tutorial']) retrieved from /home/encrypted/abaceti/.virtualenvs/pumpwood-airflow-images/lib/python3.6/site-packages/airflow/example_dags/tutorial.py
[2021-06-07 18:47:53,873] {logging_mixin.py:104} INFO - [2021-06-07 18:47:53,873] {dag.py:1832} INFO - Sync 1 DAGs
[2021-06-07 18:47:53,882] {logging_mixin.py:104} INFO - [2021-06-07 18:47:53,881] {dag.py:2305} INFO - Setting next_dagrun for tutorial to 2021-06-05 00:00:00+00:00
[2021-06-07 18:47:53,887] {scheduler_job.py:190} INFO - Processing /home/encrypted/abaceti/.virtualenvs/pumpwood-airflow-images/lib/python3.6/site-packages/airflow/example_dags/tutorial.py took 0.037 seconds
[2021-06-07 18:48:24,065] {scheduler_job.py:182} INFO - Started process (PID=8674) to work on /home/encrypted/abaceti/.virtualenvs/pumpwood-airflow-images/lib/python3.6/site-packages/airflow/example_dags/tutorial.py
[2021-06-07 18:48:24,065] {scheduler_job.py:633} INFO - Processing file /home/encrypted/abaceti/.virtualenvs/pumpwood-airflow-images/lib/python3.6/site-packages/airflow/example_dags/tutorial.py for tasks to queue
[2021-06-07 18:48:24,065] {logging_mixin.py:104} INFO - [2021-06-07 18:48:24,065] {dagbag.py:487} INFO - Filling up the DagBag from /home/encrypted/abaceti/.virtualenvs/pumpwood-airflow-images/lib/python3.6/site-packages/airflow/example_dags/tutorial.py
[2021-06-07 18:48:24,071] {scheduler_job.py:643} INFO - DAG(s) dict_keys(['tutorial']) retrieved from /home/encrypted/abaceti/.virtualenvs/pumpwood-airflow-images/lib/python3.6/site-packages/airflow/example_dags/tutorial.py
[2021-06-07 18:48:24,085] {logging_mixin.py:104} INFO - [2021-06-07 18:48:24,085] {dag.py:1832} INFO - Sync 1 DAGs
[2021-06-07 18:48:24,093] {logging_mixin.py:104} INFO - [2021-06-07 18:48:24,093] {dag.py:2305} INFO - Setting next_dagrun for tutorial to 2021-06-05 00:00:00+00:00
[2021-06-07 18:48:24,099] {scheduler_job.py:190} INFO - Processing /home/encrypted/abaceti/.virtualenvs/pumpwood-airflow-images/lib/python3.6/site-packages/airflow/example_dags/tutorial.py took 0.035 seconds
[2021-06-07 18:48:49,455] {scheduler_job.py:182} INFO - Started process (PID=8870) to work on /home/encrypted/abaceti/.virtualenvs/pumpwood-airflow-images/lib/python3.6/site-packages/airflow/example_dags/tutorial.py
[2021-06-07 18:48:49,456] {scheduler_job.py:633} INFO - Processing file /home/encrypted/abaceti/.virtualenvs/pumpwood-airflow-images/lib/python3.6/site-packages/airflow/example_dags/tutorial.py for tasks to queue
[2021-06-07 18:48:49,456] {logging_mixin.py:104} INFO - [2021-06-07 18:48:49,456] {dagbag.py:487} INFO - Filling up the DagBag from /home/encrypted/abaceti/.virtualenvs/pumpwood-airflow-images/lib/python3.6/site-packages/airflow/example_dags/tutorial.py
[2021-06-07 18:48:49,462] {scheduler_job.py:643} INFO - DAG(s) dict_keys(['tutorial']) retrieved from /home/encrypted/abaceti/.virtualenvs/pumpwood-airflow-images/lib/python3.6/site-packages/airflow/example_dags/tutorial.py
[2021-06-07 18:48:49,478] {logging_mixin.py:104} INFO - [2021-06-07 18:48:49,478] {dag.py:1832} INFO - Sync 1 DAGs
[2021-06-07 18:48:49,486] {logging_mixin.py:104} INFO - [2021-06-07 18:48:49,486] {dag.py:2305} INFO - Setting next_dagrun for tutorial to 2021-06-05 00:00:00+00:00
[2021-06-07 18:48:49,492] {scheduler_job.py:190} INFO - Processing /home/encrypted/abaceti/.virtualenvs/pumpwood-airflow-images/lib/python3.6/site-packages/airflow/example_dags/tutorial.py took 0.039 seconds
[2021-06-07 18:49:20,375] {scheduler_job.py:182} INFO - Started process (PID=8991) to work on /home/encrypted/abaceti/.virtualenvs/pumpwood-airflow-images/lib/python3.6/site-packages/airflow/example_dags/tutorial.py
[2021-06-07 18:49:20,375] {scheduler_job.py:633} INFO - Processing file /home/encrypted/abaceti/.virtualenvs/pumpwood-airflow-images/lib/python3.6/site-packages/airflow/example_dags/tutorial.py for tasks to queue
[2021-06-07 18:49:20,376] {logging_mixin.py:104} INFO - [2021-06-07 18:49:20,376] {dagbag.py:487} INFO - Filling up the DagBag from /home/encrypted/abaceti/.virtualenvs/pumpwood-airflow-images/lib/python3.6/site-packages/airflow/example_dags/tutorial.py
[2021-06-07 18:49:20,382] {scheduler_job.py:643} INFO - DAG(s) dict_keys(['tutorial']) retrieved from /home/encrypted/abaceti/.virtualenvs/pumpwood-airflow-images/lib/python3.6/site-packages/airflow/example_dags/tutorial.py
[2021-06-07 18:49:20,396] {logging_mixin.py:104} INFO - [2021-06-07 18:49:20,396] {dag.py:1832} INFO - Sync 1 DAGs
[2021-06-07 18:49:20,404] {logging_mixin.py:104} INFO - [2021-06-07 18:49:20,403] {dag.py:2305} INFO - Setting next_dagrun for tutorial to 2021-06-05 00:00:00+00:00
[2021-06-07 18:49:20,409] {scheduler_job.py:190} INFO - Processing /home/encrypted/abaceti/.virtualenvs/pumpwood-airflow-images/lib/python3.6/site-packages/airflow/example_dags/tutorial.py took 0.036 seconds
[2021-06-07 18:49:50,478] {scheduler_job.py:182} INFO - Started process (PID=9167) to work on /home/encrypted/abaceti/.virtualenvs/pumpwood-airflow-images/lib/python3.6/site-packages/airflow/example_dags/tutorial.py
[2021-06-07 18:49:50,478] {scheduler_job.py:633} INFO - Processing file /home/encrypted/abaceti/.virtualenvs/pumpwood-airflow-images/lib/python3.6/site-packages/airflow/example_dags/tutorial.py for tasks to queue
[2021-06-07 18:49:50,478] {logging_mixin.py:104} INFO - [2021-06-07 18:49:50,478] {dagbag.py:487} INFO - Filling up the DagBag from /home/encrypted/abaceti/.virtualenvs/pumpwood-airflow-images/lib/python3.6/site-packages/airflow/example_dags/tutorial.py
[2021-06-07 18:49:50,484] {scheduler_job.py:643} INFO - DAG(s) dict_keys(['tutorial']) retrieved from /home/encrypted/abaceti/.virtualenvs/pumpwood-airflow-images/lib/python3.6/site-packages/airflow/example_dags/tutorial.py
[2021-06-07 18:49:50,499] {logging_mixin.py:104} INFO - [2021-06-07 18:49:50,499] {dag.py:1832} INFO - Sync 1 DAGs
[2021-06-07 18:49:50,507] {logging_mixin.py:104} INFO - [2021-06-07 18:49:50,507] {dag.py:2305} INFO - Setting next_dagrun for tutorial to 2021-06-05 00:00:00+00:00
[2021-06-07 18:49:50,513] {scheduler_job.py:190} INFO - Processing /home/encrypted/abaceti/.virtualenvs/pumpwood-airflow-images/lib/python3.6/site-packages/airflow/example_dags/tutorial.py took 0.037 seconds
[2021-06-07 18:50:20,858] {scheduler_job.py:182} INFO - Started process (PID=9406) to work on /home/encrypted/abaceti/.virtualenvs/pumpwood-airflow-images/lib/python3.6/site-packages/airflow/example_dags/tutorial.py
[2021-06-07 18:50:20,858] {scheduler_job.py:633} INFO - Processing file /home/encrypted/abaceti/.virtualenvs/pumpwood-airflow-images/lib/python3.6/site-packages/airflow/example_dags/tutorial.py for tasks to queue
[2021-06-07 18:50:20,858] {logging_mixin.py:104} INFO - [2021-06-07 18:50:20,858] {dagbag.py:487} INFO - Filling up the DagBag from /home/encrypted/abaceti/.virtualenvs/pumpwood-airflow-images/lib/python3.6/site-packages/airflow/example_dags/tutorial.py
[2021-06-07 18:50:20,864] {scheduler_job.py:643} INFO - DAG(s) dict_keys(['tutorial']) retrieved from /home/encrypted/abaceti/.virtualenvs/pumpwood-airflow-images/lib/python3.6/site-packages/airflow/example_dags/tutorial.py
[2021-06-07 18:50:20,878] {logging_mixin.py:104} INFO - [2021-06-07 18:50:20,878] {dag.py:1832} INFO - Sync 1 DAGs
[2021-06-07 18:50:20,886] {logging_mixin.py:104} INFO - [2021-06-07 18:50:20,886] {dag.py:2305} INFO - Setting next_dagrun for tutorial to 2021-06-05 00:00:00+00:00
[2021-06-07 18:50:20,891] {scheduler_job.py:190} INFO - Processing /home/encrypted/abaceti/.virtualenvs/pumpwood-airflow-images/lib/python3.6/site-packages/airflow/example_dags/tutorial.py took 0.035 seconds
[2021-06-07 18:50:51,081] {scheduler_job.py:182} INFO - Started process (PID=9565) to work on /home/encrypted/abaceti/.virtualenvs/pumpwood-airflow-images/lib/python3.6/site-packages/airflow/example_dags/tutorial.py
[2021-06-07 18:50:51,082] {scheduler_job.py:633} INFO - Processing file /home/encrypted/abaceti/.virtualenvs/pumpwood-airflow-images/lib/python3.6/site-packages/airflow/example_dags/tutorial.py for tasks to queue
[2021-06-07 18:50:51,082] {logging_mixin.py:104} INFO - [2021-06-07 18:50:51,082] {dagbag.py:487} INFO - Filling up the DagBag from /home/encrypted/abaceti/.virtualenvs/pumpwood-airflow-images/lib/python3.6/site-packages/airflow/example_dags/tutorial.py
[2021-06-07 18:50:51,087] {scheduler_job.py:643} INFO - DAG(s) dict_keys(['tutorial']) retrieved from /home/encrypted/abaceti/.virtualenvs/pumpwood-airflow-images/lib/python3.6/site-packages/airflow/example_dags/tutorial.py
[2021-06-07 18:50:51,102] {logging_mixin.py:104} INFO - [2021-06-07 18:50:51,102] {dag.py:1832} INFO - Sync 1 DAGs
[2021-06-07 18:50:51,110] {logging_mixin.py:104} INFO - [2021-06-07 18:50:51,110] {dag.py:2305} INFO - Setting next_dagrun for tutorial to 2021-06-05 00:00:00+00:00
[2021-06-07 18:50:51,116] {scheduler_job.py:190} INFO - Processing /home/encrypted/abaceti/.virtualenvs/pumpwood-airflow-images/lib/python3.6/site-packages/airflow/example_dags/tutorial.py took 0.037 seconds
[2021-06-07 18:51:21,257] {scheduler_job.py:182} INFO - Started process (PID=9684) to work on /home/encrypted/abaceti/.virtualenvs/pumpwood-airflow-images/lib/python3.6/site-packages/airflow/example_dags/tutorial.py
[2021-06-07 18:51:21,257] {scheduler_job.py:633} INFO - Processing file /home/encrypted/abaceti/.virtualenvs/pumpwood-airflow-images/lib/python3.6/site-packages/airflow/example_dags/tutorial.py for tasks to queue
[2021-06-07 18:51:21,258] {logging_mixin.py:104} INFO - [2021-06-07 18:51:21,257] {dagbag.py:487} INFO - Filling up the DagBag from /home/encrypted/abaceti/.virtualenvs/pumpwood-airflow-images/lib/python3.6/site-packages/airflow/example_dags/tutorial.py
[2021-06-07 18:51:21,263] {scheduler_job.py:643} INFO - DAG(s) dict_keys(['tutorial']) retrieved from /home/encrypted/abaceti/.virtualenvs/pumpwood-airflow-images/lib/python3.6/site-packages/airflow/example_dags/tutorial.py
[2021-06-07 18:51:21,278] {logging_mixin.py:104} INFO - [2021-06-07 18:51:21,278] {dag.py:1832} INFO - Sync 1 DAGs
[2021-06-07 18:51:21,287] {logging_mixin.py:104} INFO - [2021-06-07 18:51:21,287] {dag.py:2305} INFO - Setting next_dagrun for tutorial to 2021-06-05 00:00:00+00:00
[2021-06-07 18:51:21,292] {scheduler_job.py:190} INFO - Processing /home/encrypted/abaceti/.virtualenvs/pumpwood-airflow-images/lib/python3.6/site-packages/airflow/example_dags/tutorial.py took 0.037 seconds
[2021-06-07 18:51:51,405] {scheduler_job.py:182} INFO - Started process (PID=9848) to work on /home/encrypted/abaceti/.virtualenvs/pumpwood-airflow-images/lib/python3.6/site-packages/airflow/example_dags/tutorial.py
[2021-06-07 18:51:51,406] {scheduler_job.py:633} INFO - Processing file /home/encrypted/abaceti/.virtualenvs/pumpwood-airflow-images/lib/python3.6/site-packages/airflow/example_dags/tutorial.py for tasks to queue
[2021-06-07 18:51:51,406] {logging_mixin.py:104} INFO - [2021-06-07 18:51:51,406] {dagbag.py:487} INFO - Filling up the DagBag from /home/encrypted/abaceti/.virtualenvs/pumpwood-airflow-images/lib/python3.6/site-packages/airflow/example_dags/tutorial.py
[2021-06-07 18:51:51,412] {scheduler_job.py:643} INFO - DAG(s) dict_keys(['tutorial']) retrieved from /home/encrypted/abaceti/.virtualenvs/pumpwood-airflow-images/lib/python3.6/site-packages/airflow/example_dags/tutorial.py
[2021-06-07 18:51:51,427] {logging_mixin.py:104} INFO - [2021-06-07 18:51:51,427] {dag.py:1832} INFO - Sync 1 DAGs
[2021-06-07 18:51:51,435] {logging_mixin.py:104} INFO - [2021-06-07 18:51:51,435] {dag.py:2305} INFO - Setting next_dagrun for tutorial to 2021-06-05 00:00:00+00:00
[2021-06-07 18:51:51,440] {scheduler_job.py:190} INFO - Processing /home/encrypted/abaceti/.virtualenvs/pumpwood-airflow-images/lib/python3.6/site-packages/airflow/example_dags/tutorial.py took 0.037 seconds
[2021-06-07 18:52:21,620] {scheduler_job.py:182} INFO - Started process (PID=9966) to work on /home/encrypted/abaceti/.virtualenvs/pumpwood-airflow-images/lib/python3.6/site-packages/airflow/example_dags/tutorial.py
[2021-06-07 18:52:21,620] {scheduler_job.py:633} INFO - Processing file /home/encrypted/abaceti/.virtualenvs/pumpwood-airflow-images/lib/python3.6/site-packages/airflow/example_dags/tutorial.py for tasks to queue
[2021-06-07 18:52:21,621] {logging_mixin.py:104} INFO - [2021-06-07 18:52:21,621] {dagbag.py:487} INFO - Filling up the DagBag from /home/encrypted/abaceti/.virtualenvs/pumpwood-airflow-images/lib/python3.6/site-packages/airflow/example_dags/tutorial.py
[2021-06-07 18:52:21,627] {scheduler_job.py:643} INFO - DAG(s) dict_keys(['tutorial']) retrieved from /home/encrypted/abaceti/.virtualenvs/pumpwood-airflow-images/lib/python3.6/site-packages/airflow/example_dags/tutorial.py
[2021-06-07 18:52:21,641] {logging_mixin.py:104} INFO - [2021-06-07 18:52:21,641] {dag.py:1832} INFO - Sync 1 DAGs
[2021-06-07 18:52:21,649] {logging_mixin.py:104} INFO - [2021-06-07 18:52:21,649] {dag.py:2305} INFO - Setting next_dagrun for tutorial to 2021-06-05 00:00:00+00:00
[2021-06-07 18:52:21,654] {scheduler_job.py:190} INFO - Processing /home/encrypted/abaceti/.virtualenvs/pumpwood-airflow-images/lib/python3.6/site-packages/airflow/example_dags/tutorial.py took 0.036 seconds
[2021-06-07 18:52:51,743] {scheduler_job.py:182} INFO - Started process (PID=10774) to work on /home/encrypted/abaceti/.virtualenvs/pumpwood-airflow-images/lib/python3.6/site-packages/airflow/example_dags/tutorial.py
[2021-06-07 18:52:51,744] {scheduler_job.py:633} INFO - Processing file /home/encrypted/abaceti/.virtualenvs/pumpwood-airflow-images/lib/python3.6/site-packages/airflow/example_dags/tutorial.py for tasks to queue
[2021-06-07 18:52:51,744] {logging_mixin.py:104} INFO - [2021-06-07 18:52:51,744] {dagbag.py:487} INFO - Filling up the DagBag from /home/encrypted/abaceti/.virtualenvs/pumpwood-airflow-images/lib/python3.6/site-packages/airflow/example_dags/tutorial.py
[2021-06-07 18:52:51,750] {scheduler_job.py:643} INFO - DAG(s) dict_keys(['tutorial']) retrieved from /home/encrypted/abaceti/.virtualenvs/pumpwood-airflow-images/lib/python3.6/site-packages/airflow/example_dags/tutorial.py
[2021-06-07 18:52:51,766] {logging_mixin.py:104} INFO - [2021-06-07 18:52:51,766] {dag.py:1832} INFO - Sync 1 DAGs
[2021-06-07 18:52:51,774] {logging_mixin.py:104} INFO - [2021-06-07 18:52:51,774] {dag.py:2305} INFO - Setting next_dagrun for tutorial to 2021-06-05 00:00:00+00:00
[2021-06-07 18:52:51,779] {scheduler_job.py:190} INFO - Processing /home/encrypted/abaceti/.virtualenvs/pumpwood-airflow-images/lib/python3.6/site-packages/airflow/example_dags/tutorial.py took 0.037 seconds
[2021-06-07 18:53:21,908] {scheduler_job.py:182} INFO - Started process (PID=11099) to work on /home/encrypted/abaceti/.virtualenvs/pumpwood-airflow-images/lib/python3.6/site-packages/airflow/example_dags/tutorial.py
[2021-06-07 18:53:21,909] {scheduler_job.py:633} INFO - Processing file /home/encrypted/abaceti/.virtualenvs/pumpwood-airflow-images/lib/python3.6/site-packages/airflow/example_dags/tutorial.py for tasks to queue
[2021-06-07 18:53:21,909] {logging_mixin.py:104} INFO - [2021-06-07 18:53:21,909] {dagbag.py:487} INFO - Filling up the DagBag from /home/encrypted/abaceti/.virtualenvs/pumpwood-airflow-images/lib/python3.6/site-packages/airflow/example_dags/tutorial.py
[2021-06-07 18:53:21,914] {scheduler_job.py:643} INFO - DAG(s) dict_keys(['tutorial']) retrieved from /home/encrypted/abaceti/.virtualenvs/pumpwood-airflow-images/lib/python3.6/site-packages/airflow/example_dags/tutorial.py
[2021-06-07 18:53:21,929] {logging_mixin.py:104} INFO - [2021-06-07 18:53:21,929] {dag.py:1832} INFO - Sync 1 DAGs
[2021-06-07 18:53:21,938] {logging_mixin.py:104} INFO - [2021-06-07 18:53:21,937] {dag.py:2305} INFO - Setting next_dagrun for tutorial to 2021-06-05 00:00:00+00:00
[2021-06-07 18:53:21,943] {scheduler_job.py:190} INFO - Processing /home/encrypted/abaceti/.virtualenvs/pumpwood-airflow-images/lib/python3.6/site-packages/airflow/example_dags/tutorial.py took 0.036 seconds
[2021-06-07 18:53:52,179] {scheduler_job.py:182} INFO - Started process (PID=11481) to work on /home/encrypted/abaceti/.virtualenvs/pumpwood-airflow-images/lib/python3.6/site-packages/airflow/example_dags/tutorial.py
[2021-06-07 18:53:52,179] {scheduler_job.py:633} INFO - Processing file /home/encrypted/abaceti/.virtualenvs/pumpwood-airflow-images/lib/python3.6/site-packages/airflow/example_dags/tutorial.py for tasks to queue
[2021-06-07 18:53:52,179] {logging_mixin.py:104} INFO - [2021-06-07 18:53:52,179] {dagbag.py:487} INFO - Filling up the DagBag from /home/encrypted/abaceti/.virtualenvs/pumpwood-airflow-images/lib/python3.6/site-packages/airflow/example_dags/tutorial.py
[2021-06-07 18:53:52,185] {scheduler_job.py:643} INFO - DAG(s) dict_keys(['tutorial']) retrieved from /home/encrypted/abaceti/.virtualenvs/pumpwood-airflow-images/lib/python3.6/site-packages/airflow/example_dags/tutorial.py
[2021-06-07 18:53:52,201] {logging_mixin.py:104} INFO - [2021-06-07 18:53:52,201] {dag.py:1832} INFO - Sync 1 DAGs
[2021-06-07 18:53:52,211] {logging_mixin.py:104} INFO - [2021-06-07 18:53:52,211] {dag.py:2305} INFO - Setting next_dagrun for tutorial to 2021-06-05 00:00:00+00:00
[2021-06-07 18:53:52,216] {scheduler_job.py:190} INFO - Processing /home/encrypted/abaceti/.virtualenvs/pumpwood-airflow-images/lib/python3.6/site-packages/airflow/example_dags/tutorial.py took 0.039 seconds
[2021-06-07 18:54:22,239] {scheduler_job.py:182} INFO - Started process (PID=11891) to work on /home/encrypted/abaceti/.virtualenvs/pumpwood-airflow-images/lib/python3.6/site-packages/airflow/example_dags/tutorial.py
[2021-06-07 18:54:22,239] {scheduler_job.py:633} INFO - Processing file /home/encrypted/abaceti/.virtualenvs/pumpwood-airflow-images/lib/python3.6/site-packages/airflow/example_dags/tutorial.py for tasks to queue
[2021-06-07 18:54:22,240] {logging_mixin.py:104} INFO - [2021-06-07 18:54:22,239] {dagbag.py:487} INFO - Filling up the DagBag from /home/encrypted/abaceti/.virtualenvs/pumpwood-airflow-images/lib/python3.6/site-packages/airflow/example_dags/tutorial.py
[2021-06-07 18:54:22,245] {scheduler_job.py:643} INFO - DAG(s) dict_keys(['tutorial']) retrieved from /home/encrypted/abaceti/.virtualenvs/pumpwood-airflow-images/lib/python3.6/site-packages/airflow/example_dags/tutorial.py
[2021-06-07 18:54:22,261] {logging_mixin.py:104} INFO - [2021-06-07 18:54:22,261] {dag.py:1832} INFO - Sync 1 DAGs
[2021-06-07 18:54:22,270] {logging_mixin.py:104} INFO - [2021-06-07 18:54:22,270] {dag.py:2305} INFO - Setting next_dagrun for tutorial to 2021-06-05 00:00:00+00:00
[2021-06-07 18:54:22,278] {scheduler_job.py:190} INFO - Processing /home/encrypted/abaceti/.virtualenvs/pumpwood-airflow-images/lib/python3.6/site-packages/airflow/example_dags/tutorial.py took 0.040 seconds
[2021-06-07 18:54:52,413] {scheduler_job.py:182} INFO - Started process (PID=12104) to work on /home/encrypted/abaceti/.virtualenvs/pumpwood-airflow-images/lib/python3.6/site-packages/airflow/example_dags/tutorial.py
[2021-06-07 18:54:52,414] {scheduler_job.py:633} INFO - Processing file /home/encrypted/abaceti/.virtualenvs/pumpwood-airflow-images/lib/python3.6/site-packages/airflow/example_dags/tutorial.py for tasks to queue
[2021-06-07 18:54:52,414] {logging_mixin.py:104} INFO - [2021-06-07 18:54:52,414] {dagbag.py:487} INFO - Filling up the DagBag from /home/encrypted/abaceti/.virtualenvs/pumpwood-airflow-images/lib/python3.6/site-packages/airflow/example_dags/tutorial.py
[2021-06-07 18:54:52,420] {scheduler_job.py:643} INFO - DAG(s) dict_keys(['tutorial']) retrieved from /home/encrypted/abaceti/.virtualenvs/pumpwood-airflow-images/lib/python3.6/site-packages/airflow/example_dags/tutorial.py
[2021-06-07 18:54:52,435] {logging_mixin.py:104} INFO - [2021-06-07 18:54:52,435] {dag.py:1832} INFO - Sync 1 DAGs
[2021-06-07 18:54:52,443] {logging_mixin.py:104} INFO - [2021-06-07 18:54:52,443] {dag.py:2305} INFO - Setting next_dagrun for tutorial to 2021-06-05 00:00:00+00:00
[2021-06-07 18:54:52,449] {scheduler_job.py:190} INFO - Processing /home/encrypted/abaceti/.virtualenvs/pumpwood-airflow-images/lib/python3.6/site-packages/airflow/example_dags/tutorial.py took 0.037 seconds
[2021-06-07 18:55:22,581] {scheduler_job.py:182} INFO - Started process (PID=12279) to work on /home/encrypted/abaceti/.virtualenvs/pumpwood-airflow-images/lib/python3.6/site-packages/airflow/example_dags/tutorial.py
[2021-06-07 18:55:22,582] {scheduler_job.py:633} INFO - Processing file /home/encrypted/abaceti/.virtualenvs/pumpwood-airflow-images/lib/python3.6/site-packages/airflow/example_dags/tutorial.py for tasks to queue
[2021-06-07 18:55:22,582] {logging_mixin.py:104} INFO - [2021-06-07 18:55:22,582] {dagbag.py:487} INFO - Filling up the DagBag from /home/encrypted/abaceti/.virtualenvs/pumpwood-airflow-images/lib/python3.6/site-packages/airflow/example_dags/tutorial.py
[2021-06-07 18:55:22,588] {scheduler_job.py:643} INFO - DAG(s) dict_keys(['tutorial']) retrieved from /home/encrypted/abaceti/.virtualenvs/pumpwood-airflow-images/lib/python3.6/site-packages/airflow/example_dags/tutorial.py
[2021-06-07 18:55:22,604] {logging_mixin.py:104} INFO - [2021-06-07 18:55:22,603] {dag.py:1832} INFO - Sync 1 DAGs
[2021-06-07 18:55:22,611] {logging_mixin.py:104} INFO - [2021-06-07 18:55:22,611] {dag.py:2305} INFO - Setting next_dagrun for tutorial to 2021-06-05 00:00:00+00:00
[2021-06-07 18:55:22,616] {scheduler_job.py:190} INFO - Processing /home/encrypted/abaceti/.virtualenvs/pumpwood-airflow-images/lib/python3.6/site-packages/airflow/example_dags/tutorial.py took 0.037 seconds
[2021-06-07 18:55:52,686] {scheduler_job.py:182} INFO - Started process (PID=12500) to work on /home/encrypted/abaceti/.virtualenvs/pumpwood-airflow-images/lib/python3.6/site-packages/airflow/example_dags/tutorial.py
[2021-06-07 18:55:52,686] {scheduler_job.py:633} INFO - Processing file /home/encrypted/abaceti/.virtualenvs/pumpwood-airflow-images/lib/python3.6/site-packages/airflow/example_dags/tutorial.py for tasks to queue
[2021-06-07 18:55:52,687] {logging_mixin.py:104} INFO - [2021-06-07 18:55:52,687] {dagbag.py:487} INFO - Filling up the DagBag from /home/encrypted/abaceti/.virtualenvs/pumpwood-airflow-images/lib/python3.6/site-packages/airflow/example_dags/tutorial.py
[2021-06-07 18:55:52,692] {scheduler_job.py:643} INFO - DAG(s) dict_keys(['tutorial']) retrieved from /home/encrypted/abaceti/.virtualenvs/pumpwood-airflow-images/lib/python3.6/site-packages/airflow/example_dags/tutorial.py
[2021-06-07 18:55:52,707] {logging_mixin.py:104} INFO - [2021-06-07 18:55:52,707] {dag.py:1832} INFO - Sync 1 DAGs
[2021-06-07 18:55:52,717] {logging_mixin.py:104} INFO - [2021-06-07 18:55:52,717] {dag.py:2305} INFO - Setting next_dagrun for tutorial to 2021-06-05 00:00:00+00:00
[2021-06-07 18:55:52,722] {scheduler_job.py:190} INFO - Processing /home/encrypted/abaceti/.virtualenvs/pumpwood-airflow-images/lib/python3.6/site-packages/airflow/example_dags/tutorial.py took 0.038 seconds
[2021-06-07 18:56:22,821] {scheduler_job.py:182} INFO - Started process (PID=12676) to work on /home/encrypted/abaceti/.virtualenvs/pumpwood-airflow-images/lib/python3.6/site-packages/airflow/example_dags/tutorial.py
[2021-06-07 18:56:22,821] {scheduler_job.py:633} INFO - Processing file /home/encrypted/abaceti/.virtualenvs/pumpwood-airflow-images/lib/python3.6/site-packages/airflow/example_dags/tutorial.py for tasks to queue
[2021-06-07 18:56:22,821] {logging_mixin.py:104} INFO - [2021-06-07 18:56:22,821] {dagbag.py:487} INFO - Filling up the DagBag from /home/encrypted/abaceti/.virtualenvs/pumpwood-airflow-images/lib/python3.6/site-packages/airflow/example_dags/tutorial.py
[2021-06-07 18:56:22,827] {scheduler_job.py:643} INFO - DAG(s) dict_keys(['tutorial']) retrieved from /home/encrypted/abaceti/.virtualenvs/pumpwood-airflow-images/lib/python3.6/site-packages/airflow/example_dags/tutorial.py
[2021-06-07 18:56:22,842] {logging_mixin.py:104} INFO - [2021-06-07 18:56:22,842] {dag.py:1832} INFO - Sync 1 DAGs
[2021-06-07 18:56:22,851] {logging_mixin.py:104} INFO - [2021-06-07 18:56:22,851] {dag.py:2305} INFO - Setting next_dagrun for tutorial to 2021-06-05 00:00:00+00:00
[2021-06-07 18:56:22,856] {scheduler_job.py:190} INFO - Processing /home/encrypted/abaceti/.virtualenvs/pumpwood-airflow-images/lib/python3.6/site-packages/airflow/example_dags/tutorial.py took 0.036 seconds
[2021-06-07 18:56:53,084] {scheduler_job.py:182} INFO - Started process (PID=12908) to work on /home/encrypted/abaceti/.virtualenvs/pumpwood-airflow-images/lib/python3.6/site-packages/airflow/example_dags/tutorial.py
[2021-06-07 18:56:53,085] {scheduler_job.py:633} INFO - Processing file /home/encrypted/abaceti/.virtualenvs/pumpwood-airflow-images/lib/python3.6/site-packages/airflow/example_dags/tutorial.py for tasks to queue
[2021-06-07 18:56:53,085] {logging_mixin.py:104} INFO - [2021-06-07 18:56:53,085] {dagbag.py:487} INFO - Filling up the DagBag from /home/encrypted/abaceti/.virtualenvs/pumpwood-airflow-images/lib/python3.6/site-packages/airflow/example_dags/tutorial.py
[2021-06-07 18:56:53,091] {scheduler_job.py:643} INFO - DAG(s) dict_keys(['tutorial']) retrieved from /home/encrypted/abaceti/.virtualenvs/pumpwood-airflow-images/lib/python3.6/site-packages/airflow/example_dags/tutorial.py
[2021-06-07 18:56:53,105] {logging_mixin.py:104} INFO - [2021-06-07 18:56:53,105] {dag.py:1832} INFO - Sync 1 DAGs
[2021-06-07 18:56:53,114] {logging_mixin.py:104} INFO - [2021-06-07 18:56:53,114] {dag.py:2305} INFO - Setting next_dagrun for tutorial to 2021-06-05 00:00:00+00:00
[2021-06-07 18:56:53,119] {scheduler_job.py:190} INFO - Processing /home/encrypted/abaceti/.virtualenvs/pumpwood-airflow-images/lib/python3.6/site-packages/airflow/example_dags/tutorial.py took 0.036 seconds
[2021-06-07 18:57:24,022] {scheduler_job.py:182} INFO - Started process (PID=13026) to work on /home/encrypted/abaceti/.virtualenvs/pumpwood-airflow-images/lib/python3.6/site-packages/airflow/example_dags/tutorial.py
[2021-06-07 18:57:24,023] {scheduler_job.py:633} INFO - Processing file /home/encrypted/abaceti/.virtualenvs/pumpwood-airflow-images/lib/python3.6/site-packages/airflow/example_dags/tutorial.py for tasks to queue
[2021-06-07 18:57:24,023] {logging_mixin.py:104} INFO - [2021-06-07 18:57:24,023] {dagbag.py:487} INFO - Filling up the DagBag from /home/encrypted/abaceti/.virtualenvs/pumpwood-airflow-images/lib/python3.6/site-packages/airflow/example_dags/tutorial.py
[2021-06-07 18:57:24,029] {scheduler_job.py:643} INFO - DAG(s) dict_keys(['tutorial']) retrieved from /home/encrypted/abaceti/.virtualenvs/pumpwood-airflow-images/lib/python3.6/site-packages/airflow/example_dags/tutorial.py
[2021-06-07 18:57:24,045] {logging_mixin.py:104} INFO - [2021-06-07 18:57:24,045] {dag.py:1832} INFO - Sync 1 DAGs
[2021-06-07 18:57:24,053] {logging_mixin.py:104} INFO - [2021-06-07 18:57:24,053] {dag.py:2305} INFO - Setting next_dagrun for tutorial to 2021-06-05 00:00:00+00:00
[2021-06-07 18:57:24,058] {scheduler_job.py:190} INFO - Processing /home/encrypted/abaceti/.virtualenvs/pumpwood-airflow-images/lib/python3.6/site-packages/airflow/example_dags/tutorial.py took 0.038 seconds
[2021-06-07 18:57:54,222] {scheduler_job.py:182} INFO - Started process (PID=13201) to work on /home/encrypted/abaceti/.virtualenvs/pumpwood-airflow-images/lib/python3.6/site-packages/airflow/example_dags/tutorial.py
[2021-06-07 18:57:54,222] {scheduler_job.py:633} INFO - Processing file /home/encrypted/abaceti/.virtualenvs/pumpwood-airflow-images/lib/python3.6/site-packages/airflow/example_dags/tutorial.py for tasks to queue
[2021-06-07 18:57:54,222] {logging_mixin.py:104} INFO - [2021-06-07 18:57:54,222] {dagbag.py:487} INFO - Filling up the DagBag from /home/encrypted/abaceti/.virtualenvs/pumpwood-airflow-images/lib/python3.6/site-packages/airflow/example_dags/tutorial.py
[2021-06-07 18:57:54,228] {scheduler_job.py:643} INFO - DAG(s) dict_keys(['tutorial']) retrieved from /home/encrypted/abaceti/.virtualenvs/pumpwood-airflow-images/lib/python3.6/site-packages/airflow/example_dags/tutorial.py
[2021-06-07 18:57:54,242] {logging_mixin.py:104} INFO - [2021-06-07 18:57:54,242] {dag.py:1832} INFO - Sync 1 DAGs
[2021-06-07 18:57:54,249] {logging_mixin.py:104} INFO - [2021-06-07 18:57:54,249] {dag.py:2305} INFO - Setting next_dagrun for tutorial to 2021-06-05 00:00:00+00:00
[2021-06-07 18:57:54,254] {scheduler_job.py:190} INFO - Processing /home/encrypted/abaceti/.virtualenvs/pumpwood-airflow-images/lib/python3.6/site-packages/airflow/example_dags/tutorial.py took 0.034 seconds
[2021-06-07 18:58:24,340] {scheduler_job.py:182} INFO - Started process (PID=13317) to work on /home/encrypted/abaceti/.virtualenvs/pumpwood-airflow-images/lib/python3.6/site-packages/airflow/example_dags/tutorial.py
[2021-06-07 18:58:24,340] {scheduler_job.py:633} INFO - Processing file /home/encrypted/abaceti/.virtualenvs/pumpwood-airflow-images/lib/python3.6/site-packages/airflow/example_dags/tutorial.py for tasks to queue
[2021-06-07 18:58:24,340] {logging_mixin.py:104} INFO - [2021-06-07 18:58:24,340] {dagbag.py:487} INFO - Filling up the DagBag from /home/encrypted/abaceti/.virtualenvs/pumpwood-airflow-images/lib/python3.6/site-packages/airflow/example_dags/tutorial.py
[2021-06-07 18:58:24,346] {scheduler_job.py:643} INFO - DAG(s) dict_keys(['tutorial']) retrieved from /home/encrypted/abaceti/.virtualenvs/pumpwood-airflow-images/lib/python3.6/site-packages/airflow/example_dags/tutorial.py
[2021-06-07 18:58:24,361] {logging_mixin.py:104} INFO - [2021-06-07 18:58:24,361] {dag.py:1832} INFO - Sync 1 DAGs
[2021-06-07 18:58:24,369] {logging_mixin.py:104} INFO - [2021-06-07 18:58:24,369] {dag.py:2305} INFO - Setting next_dagrun for tutorial to 2021-06-05 00:00:00+00:00
[2021-06-07 18:58:24,374] {scheduler_job.py:190} INFO - Processing /home/encrypted/abaceti/.virtualenvs/pumpwood-airflow-images/lib/python3.6/site-packages/airflow/example_dags/tutorial.py took 0.036 seconds
[2021-06-07 18:58:54,428] {scheduler_job.py:182} INFO - Started process (PID=13490) to work on /home/encrypted/abaceti/.virtualenvs/pumpwood-airflow-images/lib/python3.6/site-packages/airflow/example_dags/tutorial.py
[2021-06-07 18:58:54,428] {scheduler_job.py:633} INFO - Processing file /home/encrypted/abaceti/.virtualenvs/pumpwood-airflow-images/lib/python3.6/site-packages/airflow/example_dags/tutorial.py for tasks to queue
[2021-06-07 18:58:54,429] {logging_mixin.py:104} INFO - [2021-06-07 18:58:54,429] {dagbag.py:487} INFO - Filling up the DagBag from /home/encrypted/abaceti/.virtualenvs/pumpwood-airflow-images/lib/python3.6/site-packages/airflow/example_dags/tutorial.py
[2021-06-07 18:58:54,435] {scheduler_job.py:643} INFO - DAG(s) dict_keys(['tutorial']) retrieved from /home/encrypted/abaceti/.virtualenvs/pumpwood-airflow-images/lib/python3.6/site-packages/airflow/example_dags/tutorial.py
[2021-06-07 18:58:54,450] {logging_mixin.py:104} INFO - [2021-06-07 18:58:54,450] {dag.py:1832} INFO - Sync 1 DAGs
[2021-06-07 18:58:54,458] {logging_mixin.py:104} INFO - [2021-06-07 18:58:54,458] {dag.py:2305} INFO - Setting next_dagrun for tutorial to 2021-06-05 00:00:00+00:00
[2021-06-07 18:58:54,465] {scheduler_job.py:190} INFO - Processing /home/encrypted/abaceti/.virtualenvs/pumpwood-airflow-images/lib/python3.6/site-packages/airflow/example_dags/tutorial.py took 0.038 seconds
[2021-06-07 18:59:24,585] {scheduler_job.py:182} INFO - Started process (PID=13614) to work on /home/encrypted/abaceti/.virtualenvs/pumpwood-airflow-images/lib/python3.6/site-packages/airflow/example_dags/tutorial.py
[2021-06-07 18:59:24,585] {scheduler_job.py:633} INFO - Processing file /home/encrypted/abaceti/.virtualenvs/pumpwood-airflow-images/lib/python3.6/site-packages/airflow/example_dags/tutorial.py for tasks to queue
[2021-06-07 18:59:24,585] {logging_mixin.py:104} INFO - [2021-06-07 18:59:24,585] {dagbag.py:487} INFO - Filling up the DagBag from /home/encrypted/abaceti/.virtualenvs/pumpwood-airflow-images/lib/python3.6/site-packages/airflow/example_dags/tutorial.py
[2021-06-07 18:59:24,591] {scheduler_job.py:643} INFO - DAG(s) dict_keys(['tutorial']) retrieved from /home/encrypted/abaceti/.virtualenvs/pumpwood-airflow-images/lib/python3.6/site-packages/airflow/example_dags/tutorial.py
[2021-06-07 18:59:24,605] {logging_mixin.py:104} INFO - [2021-06-07 18:59:24,605] {dag.py:1832} INFO - Sync 1 DAGs
[2021-06-07 18:59:24,613] {logging_mixin.py:104} INFO - [2021-06-07 18:59:24,613] {dag.py:2305} INFO - Setting next_dagrun for tutorial to 2021-06-05 00:00:00+00:00
[2021-06-07 18:59:24,619] {scheduler_job.py:190} INFO - Processing /home/encrypted/abaceti/.virtualenvs/pumpwood-airflow-images/lib/python3.6/site-packages/airflow/example_dags/tutorial.py took 0.036 seconds
[2021-06-07 18:59:54,747] {scheduler_job.py:182} INFO - Started process (PID=13777) to work on /home/encrypted/abaceti/.virtualenvs/pumpwood-airflow-images/lib/python3.6/site-packages/airflow/example_dags/tutorial.py
[2021-06-07 18:59:54,747] {scheduler_job.py:633} INFO - Processing file /home/encrypted/abaceti/.virtualenvs/pumpwood-airflow-images/lib/python3.6/site-packages/airflow/example_dags/tutorial.py for tasks to queue
[2021-06-07 18:59:54,748] {logging_mixin.py:104} INFO - [2021-06-07 18:59:54,747] {dagbag.py:487} INFO - Filling up the DagBag from /home/encrypted/abaceti/.virtualenvs/pumpwood-airflow-images/lib/python3.6/site-packages/airflow/example_dags/tutorial.py
[2021-06-07 18:59:54,754] {scheduler_job.py:643} INFO - DAG(s) dict_keys(['tutorial']) retrieved from /home/encrypted/abaceti/.virtualenvs/pumpwood-airflow-images/lib/python3.6/site-packages/airflow/example_dags/tutorial.py
[2021-06-07 18:59:54,767] {logging_mixin.py:104} INFO - [2021-06-07 18:59:54,767] {dag.py:1832} INFO - Sync 1 DAGs
[2021-06-07 18:59:54,777] {logging_mixin.py:104} INFO - [2021-06-07 18:59:54,776] {dag.py:2305} INFO - Setting next_dagrun for tutorial to 2021-06-05 00:00:00+00:00
[2021-06-07 18:59:54,783] {scheduler_job.py:190} INFO - Processing /home/encrypted/abaceti/.virtualenvs/pumpwood-airflow-images/lib/python3.6/site-packages/airflow/example_dags/tutorial.py took 0.038 seconds
[2021-06-07 19:00:24,999] {scheduler_job.py:182} INFO - Started process (PID=13893) to work on /home/encrypted/abaceti/.virtualenvs/pumpwood-airflow-images/lib/python3.6/site-packages/airflow/example_dags/tutorial.py
[2021-06-07 19:00:25,000] {scheduler_job.py:633} INFO - Processing file /home/encrypted/abaceti/.virtualenvs/pumpwood-airflow-images/lib/python3.6/site-packages/airflow/example_dags/tutorial.py for tasks to queue
[2021-06-07 19:00:25,000] {logging_mixin.py:104} INFO - [2021-06-07 19:00:25,000] {dagbag.py:487} INFO - Filling up the DagBag from /home/encrypted/abaceti/.virtualenvs/pumpwood-airflow-images/lib/python3.6/site-packages/airflow/example_dags/tutorial.py
[2021-06-07 19:00:25,005] {scheduler_job.py:643} INFO - DAG(s) dict_keys(['tutorial']) retrieved from /home/encrypted/abaceti/.virtualenvs/pumpwood-airflow-images/lib/python3.6/site-packages/airflow/example_dags/tutorial.py
[2021-06-07 19:00:25,021] {logging_mixin.py:104} INFO - [2021-06-07 19:00:25,021] {dag.py:1832} INFO - Sync 1 DAGs
[2021-06-07 19:00:25,029] {logging_mixin.py:104} INFO - [2021-06-07 19:00:25,029] {dag.py:2305} INFO - Setting next_dagrun for tutorial to 2021-06-05 00:00:00+00:00
[2021-06-07 19:00:25,035] {scheduler_job.py:190} INFO - Processing /home/encrypted/abaceti/.virtualenvs/pumpwood-airflow-images/lib/python3.6/site-packages/airflow/example_dags/tutorial.py took 0.038 seconds
[2021-06-07 19:00:55,227] {scheduler_job.py:182} INFO - Started process (PID=14089) to work on /home/encrypted/abaceti/.virtualenvs/pumpwood-airflow-images/lib/python3.6/site-packages/airflow/example_dags/tutorial.py
[2021-06-07 19:00:55,227] {scheduler_job.py:633} INFO - Processing file /home/encrypted/abaceti/.virtualenvs/pumpwood-airflow-images/lib/python3.6/site-packages/airflow/example_dags/tutorial.py for tasks to queue
[2021-06-07 19:00:55,228] {logging_mixin.py:104} INFO - [2021-06-07 19:00:55,228] {dagbag.py:487} INFO - Filling up the DagBag from /home/encrypted/abaceti/.virtualenvs/pumpwood-airflow-images/lib/python3.6/site-packages/airflow/example_dags/tutorial.py
[2021-06-07 19:00:55,234] {scheduler_job.py:643} INFO - DAG(s) dict_keys(['tutorial']) retrieved from /home/encrypted/abaceti/.virtualenvs/pumpwood-airflow-images/lib/python3.6/site-packages/airflow/example_dags/tutorial.py
[2021-06-07 19:00:55,248] {logging_mixin.py:104} INFO - [2021-06-07 19:00:55,248] {dag.py:1832} INFO - Sync 1 DAGs
[2021-06-07 19:00:55,256] {logging_mixin.py:104} INFO - [2021-06-07 19:00:55,256] {dag.py:2305} INFO - Setting next_dagrun for tutorial to 2021-06-05 00:00:00+00:00
[2021-06-07 19:00:55,262] {scheduler_job.py:190} INFO - Processing /home/encrypted/abaceti/.virtualenvs/pumpwood-airflow-images/lib/python3.6/site-packages/airflow/example_dags/tutorial.py took 0.037 seconds
[2021-06-07 19:01:25,382] {scheduler_job.py:182} INFO - Started process (PID=14207) to work on /home/encrypted/abaceti/.virtualenvs/pumpwood-airflow-images/lib/python3.6/site-packages/airflow/example_dags/tutorial.py
[2021-06-07 19:01:25,383] {scheduler_job.py:633} INFO - Processing file /home/encrypted/abaceti/.virtualenvs/pumpwood-airflow-images/lib/python3.6/site-packages/airflow/example_dags/tutorial.py for tasks to queue
[2021-06-07 19:01:25,383] {logging_mixin.py:104} INFO - [2021-06-07 19:01:25,383] {dagbag.py:487} INFO - Filling up the DagBag from /home/encrypted/abaceti/.virtualenvs/pumpwood-airflow-images/lib/python3.6/site-packages/airflow/example_dags/tutorial.py
[2021-06-07 19:01:25,389] {scheduler_job.py:643} INFO - DAG(s) dict_keys(['tutorial']) retrieved from /home/encrypted/abaceti/.virtualenvs/pumpwood-airflow-images/lib/python3.6/site-packages/airflow/example_dags/tutorial.py
[2021-06-07 19:01:25,405] {logging_mixin.py:104} INFO - [2021-06-07 19:01:25,405] {dag.py:1832} INFO - Sync 1 DAGs
[2021-06-07 19:01:25,413] {logging_mixin.py:104} INFO - [2021-06-07 19:01:25,413] {dag.py:2305} INFO - Setting next_dagrun for tutorial to 2021-06-05 00:00:00+00:00
[2021-06-07 19:01:25,419] {scheduler_job.py:190} INFO - Processing /home/encrypted/abaceti/.virtualenvs/pumpwood-airflow-images/lib/python3.6/site-packages/airflow/example_dags/tutorial.py took 0.038 seconds
[2021-06-07 19:01:55,598] {scheduler_job.py:182} INFO - Started process (PID=14391) to work on /home/encrypted/abaceti/.virtualenvs/pumpwood-airflow-images/lib/python3.6/site-packages/airflow/example_dags/tutorial.py
[2021-06-07 19:01:55,599] {scheduler_job.py:633} INFO - Processing file /home/encrypted/abaceti/.virtualenvs/pumpwood-airflow-images/lib/python3.6/site-packages/airflow/example_dags/tutorial.py for tasks to queue
[2021-06-07 19:01:55,599] {logging_mixin.py:104} INFO - [2021-06-07 19:01:55,599] {dagbag.py:487} INFO - Filling up the DagBag from /home/encrypted/abaceti/.virtualenvs/pumpwood-airflow-images/lib/python3.6/site-packages/airflow/example_dags/tutorial.py
[2021-06-07 19:01:55,605] {scheduler_job.py:643} INFO - DAG(s) dict_keys(['tutorial']) retrieved from /home/encrypted/abaceti/.virtualenvs/pumpwood-airflow-images/lib/python3.6/site-packages/airflow/example_dags/tutorial.py
[2021-06-07 19:01:55,619] {logging_mixin.py:104} INFO - [2021-06-07 19:01:55,619] {dag.py:1832} INFO - Sync 1 DAGs
[2021-06-07 19:01:55,628] {logging_mixin.py:104} INFO - [2021-06-07 19:01:55,628] {dag.py:2305} INFO - Setting next_dagrun for tutorial to 2021-06-05 00:00:00+00:00
[2021-06-07 19:01:55,634] {scheduler_job.py:190} INFO - Processing /home/encrypted/abaceti/.virtualenvs/pumpwood-airflow-images/lib/python3.6/site-packages/airflow/example_dags/tutorial.py took 0.037 seconds
[2021-06-07 19:02:25,715] {scheduler_job.py:182} INFO - Started process (PID=14533) to work on /home/encrypted/abaceti/.virtualenvs/pumpwood-airflow-images/lib/python3.6/site-packages/airflow/example_dags/tutorial.py
[2021-06-07 19:02:25,716] {scheduler_job.py:633} INFO - Processing file /home/encrypted/abaceti/.virtualenvs/pumpwood-airflow-images/lib/python3.6/site-packages/airflow/example_dags/tutorial.py for tasks to queue
[2021-06-07 19:02:25,716] {logging_mixin.py:104} INFO - [2021-06-07 19:02:25,716] {dagbag.py:487} INFO - Filling up the DagBag from /home/encrypted/abaceti/.virtualenvs/pumpwood-airflow-images/lib/python3.6/site-packages/airflow/example_dags/tutorial.py
[2021-06-07 19:02:25,723] {scheduler_job.py:643} INFO - DAG(s) dict_keys(['tutorial']) retrieved from /home/encrypted/abaceti/.virtualenvs/pumpwood-airflow-images/lib/python3.6/site-packages/airflow/example_dags/tutorial.py
[2021-06-07 19:02:25,740] {logging_mixin.py:104} INFO - [2021-06-07 19:02:25,740] {dag.py:1832} INFO - Sync 1 DAGs
[2021-06-07 19:02:25,750] {logging_mixin.py:104} INFO - [2021-06-07 19:02:25,750] {dag.py:2305} INFO - Setting next_dagrun for tutorial to 2021-06-05 00:00:00+00:00
[2021-06-07 19:02:25,758] {scheduler_job.py:190} INFO - Processing /home/encrypted/abaceti/.virtualenvs/pumpwood-airflow-images/lib/python3.6/site-packages/airflow/example_dags/tutorial.py took 0.044 seconds
