[2021-06-07 18:39:19,172] {scheduler_job.py:182} INFO - Started process (PID=5608) to work on /home/encrypted/abaceti/.virtualenvs/pumpwood-airflow-images/lib/python3.6/site-packages/airflow/example_dags/tutorial_etl_dag.py
[2021-06-07 18:39:19,173] {scheduler_job.py:633} INFO - Processing file /home/encrypted/abaceti/.virtualenvs/pumpwood-airflow-images/lib/python3.6/site-packages/airflow/example_dags/tutorial_etl_dag.py for tasks to queue
[2021-06-07 18:39:19,173] {logging_mixin.py:104} INFO - [2021-06-07 18:39:19,173] {dagbag.py:487} INFO - Filling up the DagBag from /home/encrypted/abaceti/.virtualenvs/pumpwood-airflow-images/lib/python3.6/site-packages/airflow/example_dags/tutorial_etl_dag.py
[2021-06-07 18:39:19,180] {scheduler_job.py:643} INFO - DAG(s) dict_keys(['tutorial_etl_dag']) retrieved from /home/encrypted/abaceti/.virtualenvs/pumpwood-airflow-images/lib/python3.6/site-packages/airflow/example_dags/tutorial_etl_dag.py
[2021-06-07 18:39:19,197] {logging_mixin.py:104} INFO - [2021-06-07 18:39:19,197] {dag.py:1832} INFO - Sync 1 DAGs
[2021-06-07 18:39:19,209] {logging_mixin.py:104} INFO - [2021-06-07 18:39:19,209] {dag.py:2305} INFO - Setting next_dagrun for tutorial_etl_dag to None
[2021-06-07 18:39:19,217] {scheduler_job.py:190} INFO - Processing /home/encrypted/abaceti/.virtualenvs/pumpwood-airflow-images/lib/python3.6/site-packages/airflow/example_dags/tutorial_etl_dag.py took 0.047 seconds
[2021-06-07 18:39:49,418] {scheduler_job.py:182} INFO - Started process (PID=5774) to work on /home/encrypted/abaceti/.virtualenvs/pumpwood-airflow-images/lib/python3.6/site-packages/airflow/example_dags/tutorial_etl_dag.py
[2021-06-07 18:39:49,418] {scheduler_job.py:633} INFO - Processing file /home/encrypted/abaceti/.virtualenvs/pumpwood-airflow-images/lib/python3.6/site-packages/airflow/example_dags/tutorial_etl_dag.py for tasks to queue
[2021-06-07 18:39:49,419] {logging_mixin.py:104} INFO - [2021-06-07 18:39:49,419] {dagbag.py:487} INFO - Filling up the DagBag from /home/encrypted/abaceti/.virtualenvs/pumpwood-airflow-images/lib/python3.6/site-packages/airflow/example_dags/tutorial_etl_dag.py
[2021-06-07 18:39:49,424] {scheduler_job.py:643} INFO - DAG(s) dict_keys(['tutorial_etl_dag']) retrieved from /home/encrypted/abaceti/.virtualenvs/pumpwood-airflow-images/lib/python3.6/site-packages/airflow/example_dags/tutorial_etl_dag.py
[2021-06-07 18:39:49,437] {logging_mixin.py:104} INFO - [2021-06-07 18:39:49,437] {dag.py:1832} INFO - Sync 1 DAGs
[2021-06-07 18:39:49,444] {logging_mixin.py:104} INFO - [2021-06-07 18:39:49,444] {dag.py:2305} INFO - Setting next_dagrun for tutorial_etl_dag to None
[2021-06-07 18:39:49,450] {scheduler_job.py:190} INFO - Processing /home/encrypted/abaceti/.virtualenvs/pumpwood-airflow-images/lib/python3.6/site-packages/airflow/example_dags/tutorial_etl_dag.py took 0.033 seconds
[2021-06-07 18:40:19,620] {scheduler_job.py:182} INFO - Started process (PID=5923) to work on /home/encrypted/abaceti/.virtualenvs/pumpwood-airflow-images/lib/python3.6/site-packages/airflow/example_dags/tutorial_etl_dag.py
[2021-06-07 18:40:19,621] {scheduler_job.py:633} INFO - Processing file /home/encrypted/abaceti/.virtualenvs/pumpwood-airflow-images/lib/python3.6/site-packages/airflow/example_dags/tutorial_etl_dag.py for tasks to queue
[2021-06-07 18:40:19,621] {logging_mixin.py:104} INFO - [2021-06-07 18:40:19,621] {dagbag.py:487} INFO - Filling up the DagBag from /home/encrypted/abaceti/.virtualenvs/pumpwood-airflow-images/lib/python3.6/site-packages/airflow/example_dags/tutorial_etl_dag.py
[2021-06-07 18:40:19,626] {scheduler_job.py:643} INFO - DAG(s) dict_keys(['tutorial_etl_dag']) retrieved from /home/encrypted/abaceti/.virtualenvs/pumpwood-airflow-images/lib/python3.6/site-packages/airflow/example_dags/tutorial_etl_dag.py
[2021-06-07 18:40:19,640] {logging_mixin.py:104} INFO - [2021-06-07 18:40:19,640] {dag.py:1832} INFO - Sync 1 DAGs
[2021-06-07 18:40:19,647] {logging_mixin.py:104} INFO - [2021-06-07 18:40:19,647] {dag.py:2305} INFO - Setting next_dagrun for tutorial_etl_dag to None
[2021-06-07 18:40:19,652] {scheduler_job.py:190} INFO - Processing /home/encrypted/abaceti/.virtualenvs/pumpwood-airflow-images/lib/python3.6/site-packages/airflow/example_dags/tutorial_etl_dag.py took 0.033 seconds
[2021-06-07 18:40:49,836] {scheduler_job.py:182} INFO - Started process (PID=6120) to work on /home/encrypted/abaceti/.virtualenvs/pumpwood-airflow-images/lib/python3.6/site-packages/airflow/example_dags/tutorial_etl_dag.py
[2021-06-07 18:40:49,836] {scheduler_job.py:633} INFO - Processing file /home/encrypted/abaceti/.virtualenvs/pumpwood-airflow-images/lib/python3.6/site-packages/airflow/example_dags/tutorial_etl_dag.py for tasks to queue
[2021-06-07 18:40:49,837] {logging_mixin.py:104} INFO - [2021-06-07 18:40:49,837] {dagbag.py:487} INFO - Filling up the DagBag from /home/encrypted/abaceti/.virtualenvs/pumpwood-airflow-images/lib/python3.6/site-packages/airflow/example_dags/tutorial_etl_dag.py
[2021-06-07 18:40:49,843] {scheduler_job.py:643} INFO - DAG(s) dict_keys(['tutorial_etl_dag']) retrieved from /home/encrypted/abaceti/.virtualenvs/pumpwood-airflow-images/lib/python3.6/site-packages/airflow/example_dags/tutorial_etl_dag.py
[2021-06-07 18:40:49,856] {logging_mixin.py:104} INFO - [2021-06-07 18:40:49,856] {dag.py:1832} INFO - Sync 1 DAGs
[2021-06-07 18:40:49,864] {logging_mixin.py:104} INFO - [2021-06-07 18:40:49,864] {dag.py:2305} INFO - Setting next_dagrun for tutorial_etl_dag to None
[2021-06-07 18:40:49,870] {scheduler_job.py:190} INFO - Processing /home/encrypted/abaceti/.virtualenvs/pumpwood-airflow-images/lib/python3.6/site-packages/airflow/example_dags/tutorial_etl_dag.py took 0.035 seconds
[2021-06-07 18:41:19,976] {scheduler_job.py:182} INFO - Started process (PID=6230) to work on /home/encrypted/abaceti/.virtualenvs/pumpwood-airflow-images/lib/python3.6/site-packages/airflow/example_dags/tutorial_etl_dag.py
[2021-06-07 18:41:19,976] {scheduler_job.py:633} INFO - Processing file /home/encrypted/abaceti/.virtualenvs/pumpwood-airflow-images/lib/python3.6/site-packages/airflow/example_dags/tutorial_etl_dag.py for tasks to queue
[2021-06-07 18:41:19,976] {logging_mixin.py:104} INFO - [2021-06-07 18:41:19,976] {dagbag.py:487} INFO - Filling up the DagBag from /home/encrypted/abaceti/.virtualenvs/pumpwood-airflow-images/lib/python3.6/site-packages/airflow/example_dags/tutorial_etl_dag.py
[2021-06-07 18:41:19,982] {scheduler_job.py:643} INFO - DAG(s) dict_keys(['tutorial_etl_dag']) retrieved from /home/encrypted/abaceti/.virtualenvs/pumpwood-airflow-images/lib/python3.6/site-packages/airflow/example_dags/tutorial_etl_dag.py
[2021-06-07 18:41:19,996] {logging_mixin.py:104} INFO - [2021-06-07 18:41:19,996] {dag.py:1832} INFO - Sync 1 DAGs
[2021-06-07 18:41:20,003] {logging_mixin.py:104} INFO - [2021-06-07 18:41:20,003] {dag.py:2305} INFO - Setting next_dagrun for tutorial_etl_dag to None
[2021-06-07 18:41:20,008] {scheduler_job.py:190} INFO - Processing /home/encrypted/abaceti/.virtualenvs/pumpwood-airflow-images/lib/python3.6/site-packages/airflow/example_dags/tutorial_etl_dag.py took 0.034 seconds
[2021-06-07 18:41:50,219] {scheduler_job.py:182} INFO - Started process (PID=6400) to work on /home/encrypted/abaceti/.virtualenvs/pumpwood-airflow-images/lib/python3.6/site-packages/airflow/example_dags/tutorial_etl_dag.py
[2021-06-07 18:41:50,220] {scheduler_job.py:633} INFO - Processing file /home/encrypted/abaceti/.virtualenvs/pumpwood-airflow-images/lib/python3.6/site-packages/airflow/example_dags/tutorial_etl_dag.py for tasks to queue
[2021-06-07 18:41:50,220] {logging_mixin.py:104} INFO - [2021-06-07 18:41:50,220] {dagbag.py:487} INFO - Filling up the DagBag from /home/encrypted/abaceti/.virtualenvs/pumpwood-airflow-images/lib/python3.6/site-packages/airflow/example_dags/tutorial_etl_dag.py
[2021-06-07 18:41:50,225] {scheduler_job.py:643} INFO - DAG(s) dict_keys(['tutorial_etl_dag']) retrieved from /home/encrypted/abaceti/.virtualenvs/pumpwood-airflow-images/lib/python3.6/site-packages/airflow/example_dags/tutorial_etl_dag.py
[2021-06-07 18:41:50,239] {logging_mixin.py:104} INFO - [2021-06-07 18:41:50,239] {dag.py:1832} INFO - Sync 1 DAGs
[2021-06-07 18:41:50,247] {logging_mixin.py:104} INFO - [2021-06-07 18:41:50,246] {dag.py:2305} INFO - Setting next_dagrun for tutorial_etl_dag to None
[2021-06-07 18:41:50,252] {scheduler_job.py:190} INFO - Processing /home/encrypted/abaceti/.virtualenvs/pumpwood-airflow-images/lib/python3.6/site-packages/airflow/example_dags/tutorial_etl_dag.py took 0.034 seconds
[2021-06-07 18:42:20,366] {scheduler_job.py:182} INFO - Started process (PID=6518) to work on /home/encrypted/abaceti/.virtualenvs/pumpwood-airflow-images/lib/python3.6/site-packages/airflow/example_dags/tutorial_etl_dag.py
[2021-06-07 18:42:20,366] {scheduler_job.py:633} INFO - Processing file /home/encrypted/abaceti/.virtualenvs/pumpwood-airflow-images/lib/python3.6/site-packages/airflow/example_dags/tutorial_etl_dag.py for tasks to queue
[2021-06-07 18:42:20,367] {logging_mixin.py:104} INFO - [2021-06-07 18:42:20,366] {dagbag.py:487} INFO - Filling up the DagBag from /home/encrypted/abaceti/.virtualenvs/pumpwood-airflow-images/lib/python3.6/site-packages/airflow/example_dags/tutorial_etl_dag.py
[2021-06-07 18:42:20,372] {scheduler_job.py:643} INFO - DAG(s) dict_keys(['tutorial_etl_dag']) retrieved from /home/encrypted/abaceti/.virtualenvs/pumpwood-airflow-images/lib/python3.6/site-packages/airflow/example_dags/tutorial_etl_dag.py
[2021-06-07 18:42:20,386] {logging_mixin.py:104} INFO - [2021-06-07 18:42:20,386] {dag.py:1832} INFO - Sync 1 DAGs
[2021-06-07 18:42:20,394] {logging_mixin.py:104} INFO - [2021-06-07 18:42:20,394] {dag.py:2305} INFO - Setting next_dagrun for tutorial_etl_dag to None
[2021-06-07 18:42:20,399] {scheduler_job.py:190} INFO - Processing /home/encrypted/abaceti/.virtualenvs/pumpwood-airflow-images/lib/python3.6/site-packages/airflow/example_dags/tutorial_etl_dag.py took 0.035 seconds
[2021-06-07 18:42:50,617] {scheduler_job.py:182} INFO - Started process (PID=6695) to work on /home/encrypted/abaceti/.virtualenvs/pumpwood-airflow-images/lib/python3.6/site-packages/airflow/example_dags/tutorial_etl_dag.py
[2021-06-07 18:42:50,618] {scheduler_job.py:633} INFO - Processing file /home/encrypted/abaceti/.virtualenvs/pumpwood-airflow-images/lib/python3.6/site-packages/airflow/example_dags/tutorial_etl_dag.py for tasks to queue
[2021-06-07 18:42:50,618] {logging_mixin.py:104} INFO - [2021-06-07 18:42:50,618] {dagbag.py:487} INFO - Filling up the DagBag from /home/encrypted/abaceti/.virtualenvs/pumpwood-airflow-images/lib/python3.6/site-packages/airflow/example_dags/tutorial_etl_dag.py
[2021-06-07 18:42:50,623] {scheduler_job.py:643} INFO - DAG(s) dict_keys(['tutorial_etl_dag']) retrieved from /home/encrypted/abaceti/.virtualenvs/pumpwood-airflow-images/lib/python3.6/site-packages/airflow/example_dags/tutorial_etl_dag.py
[2021-06-07 18:42:50,637] {logging_mixin.py:104} INFO - [2021-06-07 18:42:50,636] {dag.py:1832} INFO - Sync 1 DAGs
[2021-06-07 18:42:50,645] {logging_mixin.py:104} INFO - [2021-06-07 18:42:50,645] {dag.py:2305} INFO - Setting next_dagrun for tutorial_etl_dag to None
[2021-06-07 18:42:50,650] {scheduler_job.py:190} INFO - Processing /home/encrypted/abaceti/.virtualenvs/pumpwood-airflow-images/lib/python3.6/site-packages/airflow/example_dags/tutorial_etl_dag.py took 0.034 seconds
[2021-06-07 18:43:21,638] {scheduler_job.py:182} INFO - Started process (PID=6941) to work on /home/encrypted/abaceti/.virtualenvs/pumpwood-airflow-images/lib/python3.6/site-packages/airflow/example_dags/tutorial_etl_dag.py
[2021-06-07 18:43:21,639] {scheduler_job.py:633} INFO - Processing file /home/encrypted/abaceti/.virtualenvs/pumpwood-airflow-images/lib/python3.6/site-packages/airflow/example_dags/tutorial_etl_dag.py for tasks to queue
[2021-06-07 18:43:21,639] {logging_mixin.py:104} INFO - [2021-06-07 18:43:21,639] {dagbag.py:487} INFO - Filling up the DagBag from /home/encrypted/abaceti/.virtualenvs/pumpwood-airflow-images/lib/python3.6/site-packages/airflow/example_dags/tutorial_etl_dag.py
[2021-06-07 18:43:21,645] {scheduler_job.py:643} INFO - DAG(s) dict_keys(['tutorial_etl_dag']) retrieved from /home/encrypted/abaceti/.virtualenvs/pumpwood-airflow-images/lib/python3.6/site-packages/airflow/example_dags/tutorial_etl_dag.py
[2021-06-07 18:43:21,659] {logging_mixin.py:104} INFO - [2021-06-07 18:43:21,659] {dag.py:1832} INFO - Sync 1 DAGs
[2021-06-07 18:43:21,667] {logging_mixin.py:104} INFO - [2021-06-07 18:43:21,667] {dag.py:2305} INFO - Setting next_dagrun for tutorial_etl_dag to None
[2021-06-07 18:43:21,672] {scheduler_job.py:190} INFO - Processing /home/encrypted/abaceti/.virtualenvs/pumpwood-airflow-images/lib/python3.6/site-packages/airflow/example_dags/tutorial_etl_dag.py took 0.035 seconds
[2021-06-07 18:43:51,720] {scheduler_job.py:182} INFO - Started process (PID=7191) to work on /home/encrypted/abaceti/.virtualenvs/pumpwood-airflow-images/lib/python3.6/site-packages/airflow/example_dags/tutorial_etl_dag.py
[2021-06-07 18:43:51,720] {scheduler_job.py:633} INFO - Processing file /home/encrypted/abaceti/.virtualenvs/pumpwood-airflow-images/lib/python3.6/site-packages/airflow/example_dags/tutorial_etl_dag.py for tasks to queue
[2021-06-07 18:43:51,721] {logging_mixin.py:104} INFO - [2021-06-07 18:43:51,721] {dagbag.py:487} INFO - Filling up the DagBag from /home/encrypted/abaceti/.virtualenvs/pumpwood-airflow-images/lib/python3.6/site-packages/airflow/example_dags/tutorial_etl_dag.py
[2021-06-07 18:43:51,726] {scheduler_job.py:643} INFO - DAG(s) dict_keys(['tutorial_etl_dag']) retrieved from /home/encrypted/abaceti/.virtualenvs/pumpwood-airflow-images/lib/python3.6/site-packages/airflow/example_dags/tutorial_etl_dag.py
[2021-06-07 18:43:51,740] {logging_mixin.py:104} INFO - [2021-06-07 18:43:51,740] {dag.py:1832} INFO - Sync 1 DAGs
[2021-06-07 18:43:51,748] {logging_mixin.py:104} INFO - [2021-06-07 18:43:51,748] {dag.py:2305} INFO - Setting next_dagrun for tutorial_etl_dag to None
[2021-06-07 18:43:51,754] {scheduler_job.py:190} INFO - Processing /home/encrypted/abaceti/.virtualenvs/pumpwood-airflow-images/lib/python3.6/site-packages/airflow/example_dags/tutorial_etl_dag.py took 0.036 seconds
[2021-06-07 18:44:21,854] {scheduler_job.py:182} INFO - Started process (PID=7318) to work on /home/encrypted/abaceti/.virtualenvs/pumpwood-airflow-images/lib/python3.6/site-packages/airflow/example_dags/tutorial_etl_dag.py
[2021-06-07 18:44:21,854] {scheduler_job.py:633} INFO - Processing file /home/encrypted/abaceti/.virtualenvs/pumpwood-airflow-images/lib/python3.6/site-packages/airflow/example_dags/tutorial_etl_dag.py for tasks to queue
[2021-06-07 18:44:21,855] {logging_mixin.py:104} INFO - [2021-06-07 18:44:21,855] {dagbag.py:487} INFO - Filling up the DagBag from /home/encrypted/abaceti/.virtualenvs/pumpwood-airflow-images/lib/python3.6/site-packages/airflow/example_dags/tutorial_etl_dag.py
[2021-06-07 18:44:21,861] {scheduler_job.py:643} INFO - DAG(s) dict_keys(['tutorial_etl_dag']) retrieved from /home/encrypted/abaceti/.virtualenvs/pumpwood-airflow-images/lib/python3.6/site-packages/airflow/example_dags/tutorial_etl_dag.py
[2021-06-07 18:44:21,876] {logging_mixin.py:104} INFO - [2021-06-07 18:44:21,876] {dag.py:1832} INFO - Sync 1 DAGs
[2021-06-07 18:44:21,884] {logging_mixin.py:104} INFO - [2021-06-07 18:44:21,884] {dag.py:2305} INFO - Setting next_dagrun for tutorial_etl_dag to None
[2021-06-07 18:44:21,890] {scheduler_job.py:190} INFO - Processing /home/encrypted/abaceti/.virtualenvs/pumpwood-airflow-images/lib/python3.6/site-packages/airflow/example_dags/tutorial_etl_dag.py took 0.037 seconds
[2021-06-07 18:44:51,995] {scheduler_job.py:182} INFO - Started process (PID=7480) to work on /home/encrypted/abaceti/.virtualenvs/pumpwood-airflow-images/lib/python3.6/site-packages/airflow/example_dags/tutorial_etl_dag.py
[2021-06-07 18:44:51,995] {scheduler_job.py:633} INFO - Processing file /home/encrypted/abaceti/.virtualenvs/pumpwood-airflow-images/lib/python3.6/site-packages/airflow/example_dags/tutorial_etl_dag.py for tasks to queue
[2021-06-07 18:44:51,995] {logging_mixin.py:104} INFO - [2021-06-07 18:44:51,995] {dagbag.py:487} INFO - Filling up the DagBag from /home/encrypted/abaceti/.virtualenvs/pumpwood-airflow-images/lib/python3.6/site-packages/airflow/example_dags/tutorial_etl_dag.py
[2021-06-07 18:44:52,001] {scheduler_job.py:643} INFO - DAG(s) dict_keys(['tutorial_etl_dag']) retrieved from /home/encrypted/abaceti/.virtualenvs/pumpwood-airflow-images/lib/python3.6/site-packages/airflow/example_dags/tutorial_etl_dag.py
[2021-06-07 18:44:52,015] {logging_mixin.py:104} INFO - [2021-06-07 18:44:52,015] {dag.py:1832} INFO - Sync 1 DAGs
[2021-06-07 18:44:52,024] {logging_mixin.py:104} INFO - [2021-06-07 18:44:52,024] {dag.py:2305} INFO - Setting next_dagrun for tutorial_etl_dag to None
[2021-06-07 18:44:52,032] {scheduler_job.py:190} INFO - Processing /home/encrypted/abaceti/.virtualenvs/pumpwood-airflow-images/lib/python3.6/site-packages/airflow/example_dags/tutorial_etl_dag.py took 0.039 seconds
[2021-06-07 18:45:22,934] {scheduler_job.py:182} INFO - Started process (PID=7609) to work on /home/encrypted/abaceti/.virtualenvs/pumpwood-airflow-images/lib/python3.6/site-packages/airflow/example_dags/tutorial_etl_dag.py
[2021-06-07 18:45:22,934] {scheduler_job.py:633} INFO - Processing file /home/encrypted/abaceti/.virtualenvs/pumpwood-airflow-images/lib/python3.6/site-packages/airflow/example_dags/tutorial_etl_dag.py for tasks to queue
[2021-06-07 18:45:22,934] {logging_mixin.py:104} INFO - [2021-06-07 18:45:22,934] {dagbag.py:487} INFO - Filling up the DagBag from /home/encrypted/abaceti/.virtualenvs/pumpwood-airflow-images/lib/python3.6/site-packages/airflow/example_dags/tutorial_etl_dag.py
[2021-06-07 18:45:22,941] {scheduler_job.py:643} INFO - DAG(s) dict_keys(['tutorial_etl_dag']) retrieved from /home/encrypted/abaceti/.virtualenvs/pumpwood-airflow-images/lib/python3.6/site-packages/airflow/example_dags/tutorial_etl_dag.py
[2021-06-07 18:45:22,955] {logging_mixin.py:104} INFO - [2021-06-07 18:45:22,955] {dag.py:1832} INFO - Sync 1 DAGs
[2021-06-07 18:45:22,964] {logging_mixin.py:104} INFO - [2021-06-07 18:45:22,964] {dag.py:2305} INFO - Setting next_dagrun for tutorial_etl_dag to None
[2021-06-07 18:45:22,971] {scheduler_job.py:190} INFO - Processing /home/encrypted/abaceti/.virtualenvs/pumpwood-airflow-images/lib/python3.6/site-packages/airflow/example_dags/tutorial_etl_dag.py took 0.039 seconds
[2021-06-07 18:45:53,041] {scheduler_job.py:182} INFO - Started process (PID=7776) to work on /home/encrypted/abaceti/.virtualenvs/pumpwood-airflow-images/lib/python3.6/site-packages/airflow/example_dags/tutorial_etl_dag.py
[2021-06-07 18:45:53,042] {scheduler_job.py:633} INFO - Processing file /home/encrypted/abaceti/.virtualenvs/pumpwood-airflow-images/lib/python3.6/site-packages/airflow/example_dags/tutorial_etl_dag.py for tasks to queue
[2021-06-07 18:45:53,042] {logging_mixin.py:104} INFO - [2021-06-07 18:45:53,042] {dagbag.py:487} INFO - Filling up the DagBag from /home/encrypted/abaceti/.virtualenvs/pumpwood-airflow-images/lib/python3.6/site-packages/airflow/example_dags/tutorial_etl_dag.py
[2021-06-07 18:45:53,048] {scheduler_job.py:643} INFO - DAG(s) dict_keys(['tutorial_etl_dag']) retrieved from /home/encrypted/abaceti/.virtualenvs/pumpwood-airflow-images/lib/python3.6/site-packages/airflow/example_dags/tutorial_etl_dag.py
[2021-06-07 18:45:53,061] {logging_mixin.py:104} INFO - [2021-06-07 18:45:53,061] {dag.py:1832} INFO - Sync 1 DAGs
[2021-06-07 18:45:53,070] {logging_mixin.py:104} INFO - [2021-06-07 18:45:53,070] {dag.py:2305} INFO - Setting next_dagrun for tutorial_etl_dag to None
[2021-06-07 18:45:53,075] {scheduler_job.py:190} INFO - Processing /home/encrypted/abaceti/.virtualenvs/pumpwood-airflow-images/lib/python3.6/site-packages/airflow/example_dags/tutorial_etl_dag.py took 0.036 seconds
[2021-06-07 18:46:23,195] {scheduler_job.py:182} INFO - Started process (PID=7896) to work on /home/encrypted/abaceti/.virtualenvs/pumpwood-airflow-images/lib/python3.6/site-packages/airflow/example_dags/tutorial_etl_dag.py
[2021-06-07 18:46:23,195] {scheduler_job.py:633} INFO - Processing file /home/encrypted/abaceti/.virtualenvs/pumpwood-airflow-images/lib/python3.6/site-packages/airflow/example_dags/tutorial_etl_dag.py for tasks to queue
[2021-06-07 18:46:23,196] {logging_mixin.py:104} INFO - [2021-06-07 18:46:23,195] {dagbag.py:487} INFO - Filling up the DagBag from /home/encrypted/abaceti/.virtualenvs/pumpwood-airflow-images/lib/python3.6/site-packages/airflow/example_dags/tutorial_etl_dag.py
[2021-06-07 18:46:23,201] {scheduler_job.py:643} INFO - DAG(s) dict_keys(['tutorial_etl_dag']) retrieved from /home/encrypted/abaceti/.virtualenvs/pumpwood-airflow-images/lib/python3.6/site-packages/airflow/example_dags/tutorial_etl_dag.py
[2021-06-07 18:46:23,218] {logging_mixin.py:104} INFO - [2021-06-07 18:46:23,218] {dag.py:1832} INFO - Sync 1 DAGs
[2021-06-07 18:46:23,225] {logging_mixin.py:104} INFO - [2021-06-07 18:46:23,225] {dag.py:2305} INFO - Setting next_dagrun for tutorial_etl_dag to None
[2021-06-07 18:46:23,230] {scheduler_job.py:190} INFO - Processing /home/encrypted/abaceti/.virtualenvs/pumpwood-airflow-images/lib/python3.6/site-packages/airflow/example_dags/tutorial_etl_dag.py took 0.037 seconds
[2021-06-07 18:46:53,359] {scheduler_job.py:182} INFO - Started process (PID=8084) to work on /home/encrypted/abaceti/.virtualenvs/pumpwood-airflow-images/lib/python3.6/site-packages/airflow/example_dags/tutorial_etl_dag.py
[2021-06-07 18:46:53,359] {scheduler_job.py:633} INFO - Processing file /home/encrypted/abaceti/.virtualenvs/pumpwood-airflow-images/lib/python3.6/site-packages/airflow/example_dags/tutorial_etl_dag.py for tasks to queue
[2021-06-07 18:46:53,359] {logging_mixin.py:104} INFO - [2021-06-07 18:46:53,359] {dagbag.py:487} INFO - Filling up the DagBag from /home/encrypted/abaceti/.virtualenvs/pumpwood-airflow-images/lib/python3.6/site-packages/airflow/example_dags/tutorial_etl_dag.py
[2021-06-07 18:46:53,365] {scheduler_job.py:643} INFO - DAG(s) dict_keys(['tutorial_etl_dag']) retrieved from /home/encrypted/abaceti/.virtualenvs/pumpwood-airflow-images/lib/python3.6/site-packages/airflow/example_dags/tutorial_etl_dag.py
[2021-06-07 18:46:53,379] {logging_mixin.py:104} INFO - [2021-06-07 18:46:53,379] {dag.py:1832} INFO - Sync 1 DAGs
[2021-06-07 18:46:53,387] {logging_mixin.py:104} INFO - [2021-06-07 18:46:53,387] {dag.py:2305} INFO - Setting next_dagrun for tutorial_etl_dag to None
[2021-06-07 18:46:53,393] {scheduler_job.py:190} INFO - Processing /home/encrypted/abaceti/.virtualenvs/pumpwood-airflow-images/lib/python3.6/site-packages/airflow/example_dags/tutorial_etl_dag.py took 0.035 seconds
[2021-06-07 18:47:23,516] {scheduler_job.py:182} INFO - Started process (PID=8219) to work on /home/encrypted/abaceti/.virtualenvs/pumpwood-airflow-images/lib/python3.6/site-packages/airflow/example_dags/tutorial_etl_dag.py
[2021-06-07 18:47:23,517] {scheduler_job.py:633} INFO - Processing file /home/encrypted/abaceti/.virtualenvs/pumpwood-airflow-images/lib/python3.6/site-packages/airflow/example_dags/tutorial_etl_dag.py for tasks to queue
[2021-06-07 18:47:23,517] {logging_mixin.py:104} INFO - [2021-06-07 18:47:23,517] {dagbag.py:487} INFO - Filling up the DagBag from /home/encrypted/abaceti/.virtualenvs/pumpwood-airflow-images/lib/python3.6/site-packages/airflow/example_dags/tutorial_etl_dag.py
[2021-06-07 18:47:23,523] {scheduler_job.py:643} INFO - DAG(s) dict_keys(['tutorial_etl_dag']) retrieved from /home/encrypted/abaceti/.virtualenvs/pumpwood-airflow-images/lib/python3.6/site-packages/airflow/example_dags/tutorial_etl_dag.py
[2021-06-07 18:47:23,536] {logging_mixin.py:104} INFO - [2021-06-07 18:47:23,536] {dag.py:1832} INFO - Sync 1 DAGs
[2021-06-07 18:47:23,544] {logging_mixin.py:104} INFO - [2021-06-07 18:47:23,544] {dag.py:2305} INFO - Setting next_dagrun for tutorial_etl_dag to None
[2021-06-07 18:47:23,550] {scheduler_job.py:190} INFO - Processing /home/encrypted/abaceti/.virtualenvs/pumpwood-airflow-images/lib/python3.6/site-packages/airflow/example_dags/tutorial_etl_dag.py took 0.035 seconds
[2021-06-07 18:47:53,665] {scheduler_job.py:182} INFO - Started process (PID=8439) to work on /home/encrypted/abaceti/.virtualenvs/pumpwood-airflow-images/lib/python3.6/site-packages/airflow/example_dags/tutorial_etl_dag.py
[2021-06-07 18:47:53,666] {scheduler_job.py:633} INFO - Processing file /home/encrypted/abaceti/.virtualenvs/pumpwood-airflow-images/lib/python3.6/site-packages/airflow/example_dags/tutorial_etl_dag.py for tasks to queue
[2021-06-07 18:47:53,666] {logging_mixin.py:104} INFO - [2021-06-07 18:47:53,666] {dagbag.py:487} INFO - Filling up the DagBag from /home/encrypted/abaceti/.virtualenvs/pumpwood-airflow-images/lib/python3.6/site-packages/airflow/example_dags/tutorial_etl_dag.py
[2021-06-07 18:47:53,672] {scheduler_job.py:643} INFO - DAG(s) dict_keys(['tutorial_etl_dag']) retrieved from /home/encrypted/abaceti/.virtualenvs/pumpwood-airflow-images/lib/python3.6/site-packages/airflow/example_dags/tutorial_etl_dag.py
[2021-06-07 18:47:53,687] {logging_mixin.py:104} INFO - [2021-06-07 18:47:53,687] {dag.py:1832} INFO - Sync 1 DAGs
[2021-06-07 18:47:53,695] {logging_mixin.py:104} INFO - [2021-06-07 18:47:53,695] {dag.py:2305} INFO - Setting next_dagrun for tutorial_etl_dag to None
[2021-06-07 18:47:53,700] {scheduler_job.py:190} INFO - Processing /home/encrypted/abaceti/.virtualenvs/pumpwood-airflow-images/lib/python3.6/site-packages/airflow/example_dags/tutorial_etl_dag.py took 0.036 seconds
[2021-06-07 18:48:23,843] {scheduler_job.py:182} INFO - Started process (PID=8654) to work on /home/encrypted/abaceti/.virtualenvs/pumpwood-airflow-images/lib/python3.6/site-packages/airflow/example_dags/tutorial_etl_dag.py
[2021-06-07 18:48:23,844] {scheduler_job.py:633} INFO - Processing file /home/encrypted/abaceti/.virtualenvs/pumpwood-airflow-images/lib/python3.6/site-packages/airflow/example_dags/tutorial_etl_dag.py for tasks to queue
[2021-06-07 18:48:23,844] {logging_mixin.py:104} INFO - [2021-06-07 18:48:23,844] {dagbag.py:487} INFO - Filling up the DagBag from /home/encrypted/abaceti/.virtualenvs/pumpwood-airflow-images/lib/python3.6/site-packages/airflow/example_dags/tutorial_etl_dag.py
[2021-06-07 18:48:23,849] {scheduler_job.py:643} INFO - DAG(s) dict_keys(['tutorial_etl_dag']) retrieved from /home/encrypted/abaceti/.virtualenvs/pumpwood-airflow-images/lib/python3.6/site-packages/airflow/example_dags/tutorial_etl_dag.py
[2021-06-07 18:48:23,863] {logging_mixin.py:104} INFO - [2021-06-07 18:48:23,863] {dag.py:1832} INFO - Sync 1 DAGs
[2021-06-07 18:48:23,870] {logging_mixin.py:104} INFO - [2021-06-07 18:48:23,870] {dag.py:2305} INFO - Setting next_dagrun for tutorial_etl_dag to None
[2021-06-07 18:48:23,876] {scheduler_job.py:190} INFO - Processing /home/encrypted/abaceti/.virtualenvs/pumpwood-airflow-images/lib/python3.6/site-packages/airflow/example_dags/tutorial_etl_dag.py took 0.035 seconds
[2021-06-07 18:48:49,193] {scheduler_job.py:182} INFO - Started process (PID=8846) to work on /home/encrypted/abaceti/.virtualenvs/pumpwood-airflow-images/lib/python3.6/site-packages/airflow/example_dags/tutorial_etl_dag.py
[2021-06-07 18:48:49,193] {scheduler_job.py:633} INFO - Processing file /home/encrypted/abaceti/.virtualenvs/pumpwood-airflow-images/lib/python3.6/site-packages/airflow/example_dags/tutorial_etl_dag.py for tasks to queue
[2021-06-07 18:48:49,194] {logging_mixin.py:104} INFO - [2021-06-07 18:48:49,194] {dagbag.py:487} INFO - Filling up the DagBag from /home/encrypted/abaceti/.virtualenvs/pumpwood-airflow-images/lib/python3.6/site-packages/airflow/example_dags/tutorial_etl_dag.py
[2021-06-07 18:48:49,199] {scheduler_job.py:643} INFO - DAG(s) dict_keys(['tutorial_etl_dag']) retrieved from /home/encrypted/abaceti/.virtualenvs/pumpwood-airflow-images/lib/python3.6/site-packages/airflow/example_dags/tutorial_etl_dag.py
[2021-06-07 18:48:49,213] {logging_mixin.py:104} INFO - [2021-06-07 18:48:49,213] {dag.py:1832} INFO - Sync 1 DAGs
[2021-06-07 18:48:49,221] {logging_mixin.py:104} INFO - [2021-06-07 18:48:49,221] {dag.py:2305} INFO - Setting next_dagrun for tutorial_etl_dag to None
[2021-06-07 18:48:49,226] {scheduler_job.py:190} INFO - Processing /home/encrypted/abaceti/.virtualenvs/pumpwood-airflow-images/lib/python3.6/site-packages/airflow/example_dags/tutorial_etl_dag.py took 0.035 seconds
[2021-06-07 18:49:20,100] {scheduler_job.py:182} INFO - Started process (PID=8968) to work on /home/encrypted/abaceti/.virtualenvs/pumpwood-airflow-images/lib/python3.6/site-packages/airflow/example_dags/tutorial_etl_dag.py
[2021-06-07 18:49:20,100] {scheduler_job.py:633} INFO - Processing file /home/encrypted/abaceti/.virtualenvs/pumpwood-airflow-images/lib/python3.6/site-packages/airflow/example_dags/tutorial_etl_dag.py for tasks to queue
[2021-06-07 18:49:20,101] {logging_mixin.py:104} INFO - [2021-06-07 18:49:20,101] {dagbag.py:487} INFO - Filling up the DagBag from /home/encrypted/abaceti/.virtualenvs/pumpwood-airflow-images/lib/python3.6/site-packages/airflow/example_dags/tutorial_etl_dag.py
[2021-06-07 18:49:20,106] {scheduler_job.py:643} INFO - DAG(s) dict_keys(['tutorial_etl_dag']) retrieved from /home/encrypted/abaceti/.virtualenvs/pumpwood-airflow-images/lib/python3.6/site-packages/airflow/example_dags/tutorial_etl_dag.py
[2021-06-07 18:49:20,119] {logging_mixin.py:104} INFO - [2021-06-07 18:49:20,119] {dag.py:1832} INFO - Sync 1 DAGs
[2021-06-07 18:49:20,127] {logging_mixin.py:104} INFO - [2021-06-07 18:49:20,127] {dag.py:2305} INFO - Setting next_dagrun for tutorial_etl_dag to None
[2021-06-07 18:49:20,133] {scheduler_job.py:190} INFO - Processing /home/encrypted/abaceti/.virtualenvs/pumpwood-airflow-images/lib/python3.6/site-packages/airflow/example_dags/tutorial_etl_dag.py took 0.034 seconds
[2021-06-07 18:49:50,166] {scheduler_job.py:182} INFO - Started process (PID=9142) to work on /home/encrypted/abaceti/.virtualenvs/pumpwood-airflow-images/lib/python3.6/site-packages/airflow/example_dags/tutorial_etl_dag.py
[2021-06-07 18:49:50,166] {scheduler_job.py:633} INFO - Processing file /home/encrypted/abaceti/.virtualenvs/pumpwood-airflow-images/lib/python3.6/site-packages/airflow/example_dags/tutorial_etl_dag.py for tasks to queue
[2021-06-07 18:49:50,166] {logging_mixin.py:104} INFO - [2021-06-07 18:49:50,166] {dagbag.py:487} INFO - Filling up the DagBag from /home/encrypted/abaceti/.virtualenvs/pumpwood-airflow-images/lib/python3.6/site-packages/airflow/example_dags/tutorial_etl_dag.py
[2021-06-07 18:49:50,172] {scheduler_job.py:643} INFO - DAG(s) dict_keys(['tutorial_etl_dag']) retrieved from /home/encrypted/abaceti/.virtualenvs/pumpwood-airflow-images/lib/python3.6/site-packages/airflow/example_dags/tutorial_etl_dag.py
[2021-06-07 18:49:50,185] {logging_mixin.py:104} INFO - [2021-06-07 18:49:50,185] {dag.py:1832} INFO - Sync 1 DAGs
[2021-06-07 18:49:50,193] {logging_mixin.py:104} INFO - [2021-06-07 18:49:50,193] {dag.py:2305} INFO - Setting next_dagrun for tutorial_etl_dag to None
[2021-06-07 18:49:50,198] {scheduler_job.py:190} INFO - Processing /home/encrypted/abaceti/.virtualenvs/pumpwood-airflow-images/lib/python3.6/site-packages/airflow/example_dags/tutorial_etl_dag.py took 0.034 seconds
[2021-06-07 18:50:20,591] {scheduler_job.py:182} INFO - Started process (PID=9384) to work on /home/encrypted/abaceti/.virtualenvs/pumpwood-airflow-images/lib/python3.6/site-packages/airflow/example_dags/tutorial_etl_dag.py
[2021-06-07 18:50:20,591] {scheduler_job.py:633} INFO - Processing file /home/encrypted/abaceti/.virtualenvs/pumpwood-airflow-images/lib/python3.6/site-packages/airflow/example_dags/tutorial_etl_dag.py for tasks to queue
[2021-06-07 18:50:20,592] {logging_mixin.py:104} INFO - [2021-06-07 18:50:20,592] {dagbag.py:487} INFO - Filling up the DagBag from /home/encrypted/abaceti/.virtualenvs/pumpwood-airflow-images/lib/python3.6/site-packages/airflow/example_dags/tutorial_etl_dag.py
[2021-06-07 18:50:20,597] {scheduler_job.py:643} INFO - DAG(s) dict_keys(['tutorial_etl_dag']) retrieved from /home/encrypted/abaceti/.virtualenvs/pumpwood-airflow-images/lib/python3.6/site-packages/airflow/example_dags/tutorial_etl_dag.py
[2021-06-07 18:50:20,611] {logging_mixin.py:104} INFO - [2021-06-07 18:50:20,611] {dag.py:1832} INFO - Sync 1 DAGs
[2021-06-07 18:50:20,619] {logging_mixin.py:104} INFO - [2021-06-07 18:50:20,619] {dag.py:2305} INFO - Setting next_dagrun for tutorial_etl_dag to None
[2021-06-07 18:50:20,624] {scheduler_job.py:190} INFO - Processing /home/encrypted/abaceti/.virtualenvs/pumpwood-airflow-images/lib/python3.6/site-packages/airflow/example_dags/tutorial_etl_dag.py took 0.034 seconds
[2021-06-07 18:50:50,712] {scheduler_job.py:182} INFO - Started process (PID=9541) to work on /home/encrypted/abaceti/.virtualenvs/pumpwood-airflow-images/lib/python3.6/site-packages/airflow/example_dags/tutorial_etl_dag.py
[2021-06-07 18:50:50,712] {scheduler_job.py:633} INFO - Processing file /home/encrypted/abaceti/.virtualenvs/pumpwood-airflow-images/lib/python3.6/site-packages/airflow/example_dags/tutorial_etl_dag.py for tasks to queue
[2021-06-07 18:50:50,712] {logging_mixin.py:104} INFO - [2021-06-07 18:50:50,712] {dagbag.py:487} INFO - Filling up the DagBag from /home/encrypted/abaceti/.virtualenvs/pumpwood-airflow-images/lib/python3.6/site-packages/airflow/example_dags/tutorial_etl_dag.py
[2021-06-07 18:50:50,719] {scheduler_job.py:643} INFO - DAG(s) dict_keys(['tutorial_etl_dag']) retrieved from /home/encrypted/abaceti/.virtualenvs/pumpwood-airflow-images/lib/python3.6/site-packages/airflow/example_dags/tutorial_etl_dag.py
[2021-06-07 18:50:50,734] {logging_mixin.py:104} INFO - [2021-06-07 18:50:50,734] {dag.py:1832} INFO - Sync 1 DAGs
[2021-06-07 18:50:50,742] {logging_mixin.py:104} INFO - [2021-06-07 18:50:50,742] {dag.py:2305} INFO - Setting next_dagrun for tutorial_etl_dag to None
[2021-06-07 18:50:50,747] {scheduler_job.py:190} INFO - Processing /home/encrypted/abaceti/.virtualenvs/pumpwood-airflow-images/lib/python3.6/site-packages/airflow/example_dags/tutorial_etl_dag.py took 0.037 seconds
[2021-06-07 18:51:20,992] {scheduler_job.py:182} INFO - Started process (PID=9657) to work on /home/encrypted/abaceti/.virtualenvs/pumpwood-airflow-images/lib/python3.6/site-packages/airflow/example_dags/tutorial_etl_dag.py
[2021-06-07 18:51:20,992] {scheduler_job.py:633} INFO - Processing file /home/encrypted/abaceti/.virtualenvs/pumpwood-airflow-images/lib/python3.6/site-packages/airflow/example_dags/tutorial_etl_dag.py for tasks to queue
[2021-06-07 18:51:20,993] {logging_mixin.py:104} INFO - [2021-06-07 18:51:20,993] {dagbag.py:487} INFO - Filling up the DagBag from /home/encrypted/abaceti/.virtualenvs/pumpwood-airflow-images/lib/python3.6/site-packages/airflow/example_dags/tutorial_etl_dag.py
[2021-06-07 18:51:20,998] {scheduler_job.py:643} INFO - DAG(s) dict_keys(['tutorial_etl_dag']) retrieved from /home/encrypted/abaceti/.virtualenvs/pumpwood-airflow-images/lib/python3.6/site-packages/airflow/example_dags/tutorial_etl_dag.py
[2021-06-07 18:51:21,013] {logging_mixin.py:104} INFO - [2021-06-07 18:51:21,013] {dag.py:1832} INFO - Sync 1 DAGs
[2021-06-07 18:51:21,021] {logging_mixin.py:104} INFO - [2021-06-07 18:51:21,021] {dag.py:2305} INFO - Setting next_dagrun for tutorial_etl_dag to None
[2021-06-07 18:51:21,026] {scheduler_job.py:190} INFO - Processing /home/encrypted/abaceti/.virtualenvs/pumpwood-airflow-images/lib/python3.6/site-packages/airflow/example_dags/tutorial_etl_dag.py took 0.035 seconds
[2021-06-07 18:51:51,046] {scheduler_job.py:182} INFO - Started process (PID=9822) to work on /home/encrypted/abaceti/.virtualenvs/pumpwood-airflow-images/lib/python3.6/site-packages/airflow/example_dags/tutorial_etl_dag.py
[2021-06-07 18:51:51,046] {scheduler_job.py:633} INFO - Processing file /home/encrypted/abaceti/.virtualenvs/pumpwood-airflow-images/lib/python3.6/site-packages/airflow/example_dags/tutorial_etl_dag.py for tasks to queue
[2021-06-07 18:51:51,047] {logging_mixin.py:104} INFO - [2021-06-07 18:51:51,046] {dagbag.py:487} INFO - Filling up the DagBag from /home/encrypted/abaceti/.virtualenvs/pumpwood-airflow-images/lib/python3.6/site-packages/airflow/example_dags/tutorial_etl_dag.py
[2021-06-07 18:51:51,052] {scheduler_job.py:643} INFO - DAG(s) dict_keys(['tutorial_etl_dag']) retrieved from /home/encrypted/abaceti/.virtualenvs/pumpwood-airflow-images/lib/python3.6/site-packages/airflow/example_dags/tutorial_etl_dag.py
[2021-06-07 18:51:51,066] {logging_mixin.py:104} INFO - [2021-06-07 18:51:51,066] {dag.py:1832} INFO - Sync 1 DAGs
[2021-06-07 18:51:51,074] {logging_mixin.py:104} INFO - [2021-06-07 18:51:51,074] {dag.py:2305} INFO - Setting next_dagrun for tutorial_etl_dag to None
[2021-06-07 18:51:51,079] {scheduler_job.py:190} INFO - Processing /home/encrypted/abaceti/.virtualenvs/pumpwood-airflow-images/lib/python3.6/site-packages/airflow/example_dags/tutorial_etl_dag.py took 0.034 seconds
[2021-06-07 18:52:21,262] {scheduler_job.py:182} INFO - Started process (PID=9942) to work on /home/encrypted/abaceti/.virtualenvs/pumpwood-airflow-images/lib/python3.6/site-packages/airflow/example_dags/tutorial_etl_dag.py
[2021-06-07 18:52:21,263] {scheduler_job.py:633} INFO - Processing file /home/encrypted/abaceti/.virtualenvs/pumpwood-airflow-images/lib/python3.6/site-packages/airflow/example_dags/tutorial_etl_dag.py for tasks to queue
[2021-06-07 18:52:21,263] {logging_mixin.py:104} INFO - [2021-06-07 18:52:21,263] {dagbag.py:487} INFO - Filling up the DagBag from /home/encrypted/abaceti/.virtualenvs/pumpwood-airflow-images/lib/python3.6/site-packages/airflow/example_dags/tutorial_etl_dag.py
[2021-06-07 18:52:21,269] {scheduler_job.py:643} INFO - DAG(s) dict_keys(['tutorial_etl_dag']) retrieved from /home/encrypted/abaceti/.virtualenvs/pumpwood-airflow-images/lib/python3.6/site-packages/airflow/example_dags/tutorial_etl_dag.py
[2021-06-07 18:52:21,284] {logging_mixin.py:104} INFO - [2021-06-07 18:52:21,284] {dag.py:1832} INFO - Sync 1 DAGs
[2021-06-07 18:52:21,293] {logging_mixin.py:104} INFO - [2021-06-07 18:52:21,293] {dag.py:2305} INFO - Setting next_dagrun for tutorial_etl_dag to None
[2021-06-07 18:52:21,299] {scheduler_job.py:190} INFO - Processing /home/encrypted/abaceti/.virtualenvs/pumpwood-airflow-images/lib/python3.6/site-packages/airflow/example_dags/tutorial_etl_dag.py took 0.038 seconds
[2021-06-07 18:52:51,476] {scheduler_job.py:182} INFO - Started process (PID=10750) to work on /home/encrypted/abaceti/.virtualenvs/pumpwood-airflow-images/lib/python3.6/site-packages/airflow/example_dags/tutorial_etl_dag.py
[2021-06-07 18:52:51,477] {scheduler_job.py:633} INFO - Processing file /home/encrypted/abaceti/.virtualenvs/pumpwood-airflow-images/lib/python3.6/site-packages/airflow/example_dags/tutorial_etl_dag.py for tasks to queue
[2021-06-07 18:52:51,477] {logging_mixin.py:104} INFO - [2021-06-07 18:52:51,477] {dagbag.py:487} INFO - Filling up the DagBag from /home/encrypted/abaceti/.virtualenvs/pumpwood-airflow-images/lib/python3.6/site-packages/airflow/example_dags/tutorial_etl_dag.py
[2021-06-07 18:52:51,483] {scheduler_job.py:643} INFO - DAG(s) dict_keys(['tutorial_etl_dag']) retrieved from /home/encrypted/abaceti/.virtualenvs/pumpwood-airflow-images/lib/python3.6/site-packages/airflow/example_dags/tutorial_etl_dag.py
[2021-06-07 18:52:51,498] {logging_mixin.py:104} INFO - [2021-06-07 18:52:51,497] {dag.py:1832} INFO - Sync 1 DAGs
[2021-06-07 18:52:51,505] {logging_mixin.py:104} INFO - [2021-06-07 18:52:51,505] {dag.py:2305} INFO - Setting next_dagrun for tutorial_etl_dag to None
[2021-06-07 18:52:51,511] {scheduler_job.py:190} INFO - Processing /home/encrypted/abaceti/.virtualenvs/pumpwood-airflow-images/lib/python3.6/site-packages/airflow/example_dags/tutorial_etl_dag.py took 0.037 seconds
[2021-06-07 18:53:21,612] {scheduler_job.py:182} INFO - Started process (PID=11075) to work on /home/encrypted/abaceti/.virtualenvs/pumpwood-airflow-images/lib/python3.6/site-packages/airflow/example_dags/tutorial_etl_dag.py
[2021-06-07 18:53:21,612] {scheduler_job.py:633} INFO - Processing file /home/encrypted/abaceti/.virtualenvs/pumpwood-airflow-images/lib/python3.6/site-packages/airflow/example_dags/tutorial_etl_dag.py for tasks to queue
[2021-06-07 18:53:21,613] {logging_mixin.py:104} INFO - [2021-06-07 18:53:21,613] {dagbag.py:487} INFO - Filling up the DagBag from /home/encrypted/abaceti/.virtualenvs/pumpwood-airflow-images/lib/python3.6/site-packages/airflow/example_dags/tutorial_etl_dag.py
[2021-06-07 18:53:21,618] {scheduler_job.py:643} INFO - DAG(s) dict_keys(['tutorial_etl_dag']) retrieved from /home/encrypted/abaceti/.virtualenvs/pumpwood-airflow-images/lib/python3.6/site-packages/airflow/example_dags/tutorial_etl_dag.py
[2021-06-07 18:53:21,633] {logging_mixin.py:104} INFO - [2021-06-07 18:53:21,632] {dag.py:1832} INFO - Sync 1 DAGs
[2021-06-07 18:53:21,640] {logging_mixin.py:104} INFO - [2021-06-07 18:53:21,640] {dag.py:2305} INFO - Setting next_dagrun for tutorial_etl_dag to None
[2021-06-07 18:53:21,646] {scheduler_job.py:190} INFO - Processing /home/encrypted/abaceti/.virtualenvs/pumpwood-airflow-images/lib/python3.6/site-packages/airflow/example_dags/tutorial_etl_dag.py took 0.035 seconds
[2021-06-07 18:53:51,867] {scheduler_job.py:182} INFO - Started process (PID=11450) to work on /home/encrypted/abaceti/.virtualenvs/pumpwood-airflow-images/lib/python3.6/site-packages/airflow/example_dags/tutorial_etl_dag.py
[2021-06-07 18:53:51,868] {scheduler_job.py:633} INFO - Processing file /home/encrypted/abaceti/.virtualenvs/pumpwood-airflow-images/lib/python3.6/site-packages/airflow/example_dags/tutorial_etl_dag.py for tasks to queue
[2021-06-07 18:53:51,868] {logging_mixin.py:104} INFO - [2021-06-07 18:53:51,868] {dagbag.py:487} INFO - Filling up the DagBag from /home/encrypted/abaceti/.virtualenvs/pumpwood-airflow-images/lib/python3.6/site-packages/airflow/example_dags/tutorial_etl_dag.py
[2021-06-07 18:53:51,873] {scheduler_job.py:643} INFO - DAG(s) dict_keys(['tutorial_etl_dag']) retrieved from /home/encrypted/abaceti/.virtualenvs/pumpwood-airflow-images/lib/python3.6/site-packages/airflow/example_dags/tutorial_etl_dag.py
[2021-06-07 18:53:51,887] {logging_mixin.py:104} INFO - [2021-06-07 18:53:51,887] {dag.py:1832} INFO - Sync 1 DAGs
[2021-06-07 18:53:51,894] {logging_mixin.py:104} INFO - [2021-06-07 18:53:51,894] {dag.py:2305} INFO - Setting next_dagrun for tutorial_etl_dag to None
[2021-06-07 18:53:51,900] {scheduler_job.py:190} INFO - Processing /home/encrypted/abaceti/.virtualenvs/pumpwood-airflow-images/lib/python3.6/site-packages/airflow/example_dags/tutorial_etl_dag.py took 0.034 seconds
[2021-06-07 18:54:21,962] {scheduler_job.py:182} INFO - Started process (PID=11867) to work on /home/encrypted/abaceti/.virtualenvs/pumpwood-airflow-images/lib/python3.6/site-packages/airflow/example_dags/tutorial_etl_dag.py
[2021-06-07 18:54:21,962] {scheduler_job.py:633} INFO - Processing file /home/encrypted/abaceti/.virtualenvs/pumpwood-airflow-images/lib/python3.6/site-packages/airflow/example_dags/tutorial_etl_dag.py for tasks to queue
[2021-06-07 18:54:21,963] {logging_mixin.py:104} INFO - [2021-06-07 18:54:21,963] {dagbag.py:487} INFO - Filling up the DagBag from /home/encrypted/abaceti/.virtualenvs/pumpwood-airflow-images/lib/python3.6/site-packages/airflow/example_dags/tutorial_etl_dag.py
[2021-06-07 18:54:21,969] {scheduler_job.py:643} INFO - DAG(s) dict_keys(['tutorial_etl_dag']) retrieved from /home/encrypted/abaceti/.virtualenvs/pumpwood-airflow-images/lib/python3.6/site-packages/airflow/example_dags/tutorial_etl_dag.py
[2021-06-07 18:54:21,984] {logging_mixin.py:104} INFO - [2021-06-07 18:54:21,983] {dag.py:1832} INFO - Sync 1 DAGs
[2021-06-07 18:54:21,992] {logging_mixin.py:104} INFO - [2021-06-07 18:54:21,992] {dag.py:2305} INFO - Setting next_dagrun for tutorial_etl_dag to None
[2021-06-07 18:54:21,998] {scheduler_job.py:190} INFO - Processing /home/encrypted/abaceti/.virtualenvs/pumpwood-airflow-images/lib/python3.6/site-packages/airflow/example_dags/tutorial_etl_dag.py took 0.038 seconds
[2021-06-07 18:54:52,142] {scheduler_job.py:182} INFO - Started process (PID=12077) to work on /home/encrypted/abaceti/.virtualenvs/pumpwood-airflow-images/lib/python3.6/site-packages/airflow/example_dags/tutorial_etl_dag.py
[2021-06-07 18:54:52,142] {scheduler_job.py:633} INFO - Processing file /home/encrypted/abaceti/.virtualenvs/pumpwood-airflow-images/lib/python3.6/site-packages/airflow/example_dags/tutorial_etl_dag.py for tasks to queue
[2021-06-07 18:54:52,142] {logging_mixin.py:104} INFO - [2021-06-07 18:54:52,142] {dagbag.py:487} INFO - Filling up the DagBag from /home/encrypted/abaceti/.virtualenvs/pumpwood-airflow-images/lib/python3.6/site-packages/airflow/example_dags/tutorial_etl_dag.py
[2021-06-07 18:54:52,149] {scheduler_job.py:643} INFO - DAG(s) dict_keys(['tutorial_etl_dag']) retrieved from /home/encrypted/abaceti/.virtualenvs/pumpwood-airflow-images/lib/python3.6/site-packages/airflow/example_dags/tutorial_etl_dag.py
[2021-06-07 18:54:52,162] {logging_mixin.py:104} INFO - [2021-06-07 18:54:52,162] {dag.py:1832} INFO - Sync 1 DAGs
[2021-06-07 18:54:52,172] {logging_mixin.py:104} INFO - [2021-06-07 18:54:52,171] {dag.py:2305} INFO - Setting next_dagrun for tutorial_etl_dag to None
[2021-06-07 18:54:52,177] {scheduler_job.py:190} INFO - Processing /home/encrypted/abaceti/.virtualenvs/pumpwood-airflow-images/lib/python3.6/site-packages/airflow/example_dags/tutorial_etl_dag.py took 0.037 seconds
[2021-06-07 18:55:22,341] {scheduler_job.py:182} INFO - Started process (PID=12256) to work on /home/encrypted/abaceti/.virtualenvs/pumpwood-airflow-images/lib/python3.6/site-packages/airflow/example_dags/tutorial_etl_dag.py
[2021-06-07 18:55:22,341] {scheduler_job.py:633} INFO - Processing file /home/encrypted/abaceti/.virtualenvs/pumpwood-airflow-images/lib/python3.6/site-packages/airflow/example_dags/tutorial_etl_dag.py for tasks to queue
[2021-06-07 18:55:22,342] {logging_mixin.py:104} INFO - [2021-06-07 18:55:22,342] {dagbag.py:487} INFO - Filling up the DagBag from /home/encrypted/abaceti/.virtualenvs/pumpwood-airflow-images/lib/python3.6/site-packages/airflow/example_dags/tutorial_etl_dag.py
[2021-06-07 18:55:22,351] {scheduler_job.py:643} INFO - DAG(s) dict_keys(['tutorial_etl_dag']) retrieved from /home/encrypted/abaceti/.virtualenvs/pumpwood-airflow-images/lib/python3.6/site-packages/airflow/example_dags/tutorial_etl_dag.py
[2021-06-07 18:55:22,368] {logging_mixin.py:104} INFO - [2021-06-07 18:55:22,368] {dag.py:1832} INFO - Sync 1 DAGs
[2021-06-07 18:55:22,379] {logging_mixin.py:104} INFO - [2021-06-07 18:55:22,379] {dag.py:2305} INFO - Setting next_dagrun for tutorial_etl_dag to None
[2021-06-07 18:55:22,386] {scheduler_job.py:190} INFO - Processing /home/encrypted/abaceti/.virtualenvs/pumpwood-airflow-images/lib/python3.6/site-packages/airflow/example_dags/tutorial_etl_dag.py took 0.047 seconds
[2021-06-07 18:55:52,466] {scheduler_job.py:182} INFO - Started process (PID=12479) to work on /home/encrypted/abaceti/.virtualenvs/pumpwood-airflow-images/lib/python3.6/site-packages/airflow/example_dags/tutorial_etl_dag.py
[2021-06-07 18:55:52,467] {scheduler_job.py:633} INFO - Processing file /home/encrypted/abaceti/.virtualenvs/pumpwood-airflow-images/lib/python3.6/site-packages/airflow/example_dags/tutorial_etl_dag.py for tasks to queue
[2021-06-07 18:55:52,467] {logging_mixin.py:104} INFO - [2021-06-07 18:55:52,467] {dagbag.py:487} INFO - Filling up the DagBag from /home/encrypted/abaceti/.virtualenvs/pumpwood-airflow-images/lib/python3.6/site-packages/airflow/example_dags/tutorial_etl_dag.py
[2021-06-07 18:55:52,473] {scheduler_job.py:643} INFO - DAG(s) dict_keys(['tutorial_etl_dag']) retrieved from /home/encrypted/abaceti/.virtualenvs/pumpwood-airflow-images/lib/python3.6/site-packages/airflow/example_dags/tutorial_etl_dag.py
[2021-06-07 18:55:52,486] {logging_mixin.py:104} INFO - [2021-06-07 18:55:52,486] {dag.py:1832} INFO - Sync 1 DAGs
[2021-06-07 18:55:52,494] {logging_mixin.py:104} INFO - [2021-06-07 18:55:52,494] {dag.py:2305} INFO - Setting next_dagrun for tutorial_etl_dag to None
[2021-06-07 18:55:52,501] {scheduler_job.py:190} INFO - Processing /home/encrypted/abaceti/.virtualenvs/pumpwood-airflow-images/lib/python3.6/site-packages/airflow/example_dags/tutorial_etl_dag.py took 0.036 seconds
[2021-06-07 18:56:22,556] {scheduler_job.py:182} INFO - Started process (PID=12646) to work on /home/encrypted/abaceti/.virtualenvs/pumpwood-airflow-images/lib/python3.6/site-packages/airflow/example_dags/tutorial_etl_dag.py
[2021-06-07 18:56:22,557] {scheduler_job.py:633} INFO - Processing file /home/encrypted/abaceti/.virtualenvs/pumpwood-airflow-images/lib/python3.6/site-packages/airflow/example_dags/tutorial_etl_dag.py for tasks to queue
[2021-06-07 18:56:22,557] {logging_mixin.py:104} INFO - [2021-06-07 18:56:22,557] {dagbag.py:487} INFO - Filling up the DagBag from /home/encrypted/abaceti/.virtualenvs/pumpwood-airflow-images/lib/python3.6/site-packages/airflow/example_dags/tutorial_etl_dag.py
[2021-06-07 18:56:22,562] {scheduler_job.py:643} INFO - DAG(s) dict_keys(['tutorial_etl_dag']) retrieved from /home/encrypted/abaceti/.virtualenvs/pumpwood-airflow-images/lib/python3.6/site-packages/airflow/example_dags/tutorial_etl_dag.py
[2021-06-07 18:56:22,575] {logging_mixin.py:104} INFO - [2021-06-07 18:56:22,575] {dag.py:1832} INFO - Sync 1 DAGs
[2021-06-07 18:56:22,583] {logging_mixin.py:104} INFO - [2021-06-07 18:56:22,583] {dag.py:2305} INFO - Setting next_dagrun for tutorial_etl_dag to None
[2021-06-07 18:56:22,588] {scheduler_job.py:190} INFO - Processing /home/encrypted/abaceti/.virtualenvs/pumpwood-airflow-images/lib/python3.6/site-packages/airflow/example_dags/tutorial_etl_dag.py took 0.033 seconds
[2021-06-07 18:56:52,828] {scheduler_job.py:182} INFO - Started process (PID=12876) to work on /home/encrypted/abaceti/.virtualenvs/pumpwood-airflow-images/lib/python3.6/site-packages/airflow/example_dags/tutorial_etl_dag.py
[2021-06-07 18:56:52,828] {scheduler_job.py:633} INFO - Processing file /home/encrypted/abaceti/.virtualenvs/pumpwood-airflow-images/lib/python3.6/site-packages/airflow/example_dags/tutorial_etl_dag.py for tasks to queue
[2021-06-07 18:56:52,829] {logging_mixin.py:104} INFO - [2021-06-07 18:56:52,829] {dagbag.py:487} INFO - Filling up the DagBag from /home/encrypted/abaceti/.virtualenvs/pumpwood-airflow-images/lib/python3.6/site-packages/airflow/example_dags/tutorial_etl_dag.py
[2021-06-07 18:56:52,834] {scheduler_job.py:643} INFO - DAG(s) dict_keys(['tutorial_etl_dag']) retrieved from /home/encrypted/abaceti/.virtualenvs/pumpwood-airflow-images/lib/python3.6/site-packages/airflow/example_dags/tutorial_etl_dag.py
[2021-06-07 18:56:52,848] {logging_mixin.py:104} INFO - [2021-06-07 18:56:52,848] {dag.py:1832} INFO - Sync 1 DAGs
[2021-06-07 18:56:52,856] {logging_mixin.py:104} INFO - [2021-06-07 18:56:52,856] {dag.py:2305} INFO - Setting next_dagrun for tutorial_etl_dag to None
[2021-06-07 18:56:52,861] {scheduler_job.py:190} INFO - Processing /home/encrypted/abaceti/.virtualenvs/pumpwood-airflow-images/lib/python3.6/site-packages/airflow/example_dags/tutorial_etl_dag.py took 0.035 seconds
[2021-06-07 18:57:23,755] {scheduler_job.py:182} INFO - Started process (PID=13002) to work on /home/encrypted/abaceti/.virtualenvs/pumpwood-airflow-images/lib/python3.6/site-packages/airflow/example_dags/tutorial_etl_dag.py
[2021-06-07 18:57:23,756] {scheduler_job.py:633} INFO - Processing file /home/encrypted/abaceti/.virtualenvs/pumpwood-airflow-images/lib/python3.6/site-packages/airflow/example_dags/tutorial_etl_dag.py for tasks to queue
[2021-06-07 18:57:23,757] {logging_mixin.py:104} INFO - [2021-06-07 18:57:23,756] {dagbag.py:487} INFO - Filling up the DagBag from /home/encrypted/abaceti/.virtualenvs/pumpwood-airflow-images/lib/python3.6/site-packages/airflow/example_dags/tutorial_etl_dag.py
[2021-06-07 18:57:23,764] {scheduler_job.py:643} INFO - DAG(s) dict_keys(['tutorial_etl_dag']) retrieved from /home/encrypted/abaceti/.virtualenvs/pumpwood-airflow-images/lib/python3.6/site-packages/airflow/example_dags/tutorial_etl_dag.py
[2021-06-07 18:57:23,777] {logging_mixin.py:104} INFO - [2021-06-07 18:57:23,777] {dag.py:1832} INFO - Sync 1 DAGs
[2021-06-07 18:57:23,785] {logging_mixin.py:104} INFO - [2021-06-07 18:57:23,785] {dag.py:2305} INFO - Setting next_dagrun for tutorial_etl_dag to None
[2021-06-07 18:57:23,791] {scheduler_job.py:190} INFO - Processing /home/encrypted/abaceti/.virtualenvs/pumpwood-airflow-images/lib/python3.6/site-packages/airflow/example_dags/tutorial_etl_dag.py took 0.037 seconds
[2021-06-07 18:57:53,857] {scheduler_job.py:182} INFO - Started process (PID=13175) to work on /home/encrypted/abaceti/.virtualenvs/pumpwood-airflow-images/lib/python3.6/site-packages/airflow/example_dags/tutorial_etl_dag.py
[2021-06-07 18:57:53,857] {scheduler_job.py:633} INFO - Processing file /home/encrypted/abaceti/.virtualenvs/pumpwood-airflow-images/lib/python3.6/site-packages/airflow/example_dags/tutorial_etl_dag.py for tasks to queue
[2021-06-07 18:57:53,858] {logging_mixin.py:104} INFO - [2021-06-07 18:57:53,858] {dagbag.py:487} INFO - Filling up the DagBag from /home/encrypted/abaceti/.virtualenvs/pumpwood-airflow-images/lib/python3.6/site-packages/airflow/example_dags/tutorial_etl_dag.py
[2021-06-07 18:57:53,865] {scheduler_job.py:643} INFO - DAG(s) dict_keys(['tutorial_etl_dag']) retrieved from /home/encrypted/abaceti/.virtualenvs/pumpwood-airflow-images/lib/python3.6/site-packages/airflow/example_dags/tutorial_etl_dag.py
[2021-06-07 18:57:53,879] {logging_mixin.py:104} INFO - [2021-06-07 18:57:53,879] {dag.py:1832} INFO - Sync 1 DAGs
[2021-06-07 18:57:53,887] {logging_mixin.py:104} INFO - [2021-06-07 18:57:53,887] {dag.py:2305} INFO - Setting next_dagrun for tutorial_etl_dag to None
[2021-06-07 18:57:53,892] {scheduler_job.py:190} INFO - Processing /home/encrypted/abaceti/.virtualenvs/pumpwood-airflow-images/lib/python3.6/site-packages/airflow/example_dags/tutorial_etl_dag.py took 0.037 seconds
[2021-06-07 18:58:24,068] {scheduler_job.py:182} INFO - Started process (PID=13293) to work on /home/encrypted/abaceti/.virtualenvs/pumpwood-airflow-images/lib/python3.6/site-packages/airflow/example_dags/tutorial_etl_dag.py
[2021-06-07 18:58:24,068] {scheduler_job.py:633} INFO - Processing file /home/encrypted/abaceti/.virtualenvs/pumpwood-airflow-images/lib/python3.6/site-packages/airflow/example_dags/tutorial_etl_dag.py for tasks to queue
[2021-06-07 18:58:24,069] {logging_mixin.py:104} INFO - [2021-06-07 18:58:24,069] {dagbag.py:487} INFO - Filling up the DagBag from /home/encrypted/abaceti/.virtualenvs/pumpwood-airflow-images/lib/python3.6/site-packages/airflow/example_dags/tutorial_etl_dag.py
[2021-06-07 18:58:24,075] {scheduler_job.py:643} INFO - DAG(s) dict_keys(['tutorial_etl_dag']) retrieved from /home/encrypted/abaceti/.virtualenvs/pumpwood-airflow-images/lib/python3.6/site-packages/airflow/example_dags/tutorial_etl_dag.py
[2021-06-07 18:58:24,089] {logging_mixin.py:104} INFO - [2021-06-07 18:58:24,089] {dag.py:1832} INFO - Sync 1 DAGs
[2021-06-07 18:58:24,097] {logging_mixin.py:104} INFO - [2021-06-07 18:58:24,097] {dag.py:2305} INFO - Setting next_dagrun for tutorial_etl_dag to None
[2021-06-07 18:58:24,102] {scheduler_job.py:190} INFO - Processing /home/encrypted/abaceti/.virtualenvs/pumpwood-airflow-images/lib/python3.6/site-packages/airflow/example_dags/tutorial_etl_dag.py took 0.036 seconds
[2021-06-07 18:58:54,149] {scheduler_job.py:182} INFO - Started process (PID=13468) to work on /home/encrypted/abaceti/.virtualenvs/pumpwood-airflow-images/lib/python3.6/site-packages/airflow/example_dags/tutorial_etl_dag.py
[2021-06-07 18:58:54,149] {scheduler_job.py:633} INFO - Processing file /home/encrypted/abaceti/.virtualenvs/pumpwood-airflow-images/lib/python3.6/site-packages/airflow/example_dags/tutorial_etl_dag.py for tasks to queue
[2021-06-07 18:58:54,150] {logging_mixin.py:104} INFO - [2021-06-07 18:58:54,150] {dagbag.py:487} INFO - Filling up the DagBag from /home/encrypted/abaceti/.virtualenvs/pumpwood-airflow-images/lib/python3.6/site-packages/airflow/example_dags/tutorial_etl_dag.py
[2021-06-07 18:58:54,155] {scheduler_job.py:643} INFO - DAG(s) dict_keys(['tutorial_etl_dag']) retrieved from /home/encrypted/abaceti/.virtualenvs/pumpwood-airflow-images/lib/python3.6/site-packages/airflow/example_dags/tutorial_etl_dag.py
[2021-06-07 18:58:54,169] {logging_mixin.py:104} INFO - [2021-06-07 18:58:54,169] {dag.py:1832} INFO - Sync 1 DAGs
[2021-06-07 18:58:54,177] {logging_mixin.py:104} INFO - [2021-06-07 18:58:54,177] {dag.py:2305} INFO - Setting next_dagrun for tutorial_etl_dag to None
[2021-06-07 18:58:54,182] {scheduler_job.py:190} INFO - Processing /home/encrypted/abaceti/.virtualenvs/pumpwood-airflow-images/lib/python3.6/site-packages/airflow/example_dags/tutorial_etl_dag.py took 0.034 seconds
[2021-06-07 18:59:24,364] {scheduler_job.py:182} INFO - Started process (PID=13592) to work on /home/encrypted/abaceti/.virtualenvs/pumpwood-airflow-images/lib/python3.6/site-packages/airflow/example_dags/tutorial_etl_dag.py
[2021-06-07 18:59:24,364] {scheduler_job.py:633} INFO - Processing file /home/encrypted/abaceti/.virtualenvs/pumpwood-airflow-images/lib/python3.6/site-packages/airflow/example_dags/tutorial_etl_dag.py for tasks to queue
[2021-06-07 18:59:24,365] {logging_mixin.py:104} INFO - [2021-06-07 18:59:24,365] {dagbag.py:487} INFO - Filling up the DagBag from /home/encrypted/abaceti/.virtualenvs/pumpwood-airflow-images/lib/python3.6/site-packages/airflow/example_dags/tutorial_etl_dag.py
[2021-06-07 18:59:24,370] {scheduler_job.py:643} INFO - DAG(s) dict_keys(['tutorial_etl_dag']) retrieved from /home/encrypted/abaceti/.virtualenvs/pumpwood-airflow-images/lib/python3.6/site-packages/airflow/example_dags/tutorial_etl_dag.py
[2021-06-07 18:59:24,385] {logging_mixin.py:104} INFO - [2021-06-07 18:59:24,385] {dag.py:1832} INFO - Sync 1 DAGs
[2021-06-07 18:59:24,394] {logging_mixin.py:104} INFO - [2021-06-07 18:59:24,394] {dag.py:2305} INFO - Setting next_dagrun for tutorial_etl_dag to None
[2021-06-07 18:59:24,399] {scheduler_job.py:190} INFO - Processing /home/encrypted/abaceti/.virtualenvs/pumpwood-airflow-images/lib/python3.6/site-packages/airflow/example_dags/tutorial_etl_dag.py took 0.036 seconds
[2021-06-07 18:59:54,468] {scheduler_job.py:182} INFO - Started process (PID=13752) to work on /home/encrypted/abaceti/.virtualenvs/pumpwood-airflow-images/lib/python3.6/site-packages/airflow/example_dags/tutorial_etl_dag.py
[2021-06-07 18:59:54,468] {scheduler_job.py:633} INFO - Processing file /home/encrypted/abaceti/.virtualenvs/pumpwood-airflow-images/lib/python3.6/site-packages/airflow/example_dags/tutorial_etl_dag.py for tasks to queue
[2021-06-07 18:59:54,468] {logging_mixin.py:104} INFO - [2021-06-07 18:59:54,468] {dagbag.py:487} INFO - Filling up the DagBag from /home/encrypted/abaceti/.virtualenvs/pumpwood-airflow-images/lib/python3.6/site-packages/airflow/example_dags/tutorial_etl_dag.py
[2021-06-07 18:59:54,474] {scheduler_job.py:643} INFO - DAG(s) dict_keys(['tutorial_etl_dag']) retrieved from /home/encrypted/abaceti/.virtualenvs/pumpwood-airflow-images/lib/python3.6/site-packages/airflow/example_dags/tutorial_etl_dag.py
[2021-06-07 18:59:54,489] {logging_mixin.py:104} INFO - [2021-06-07 18:59:54,489] {dag.py:1832} INFO - Sync 1 DAGs
[2021-06-07 18:59:54,497] {logging_mixin.py:104} INFO - [2021-06-07 18:59:54,497] {dag.py:2305} INFO - Setting next_dagrun for tutorial_etl_dag to None
[2021-06-07 18:59:54,502] {scheduler_job.py:190} INFO - Processing /home/encrypted/abaceti/.virtualenvs/pumpwood-airflow-images/lib/python3.6/site-packages/airflow/example_dags/tutorial_etl_dag.py took 0.036 seconds
[2021-06-07 19:00:24,736] {scheduler_job.py:182} INFO - Started process (PID=13867) to work on /home/encrypted/abaceti/.virtualenvs/pumpwood-airflow-images/lib/python3.6/site-packages/airflow/example_dags/tutorial_etl_dag.py
[2021-06-07 19:00:24,736] {scheduler_job.py:633} INFO - Processing file /home/encrypted/abaceti/.virtualenvs/pumpwood-airflow-images/lib/python3.6/site-packages/airflow/example_dags/tutorial_etl_dag.py for tasks to queue
[2021-06-07 19:00:24,737] {logging_mixin.py:104} INFO - [2021-06-07 19:00:24,737] {dagbag.py:487} INFO - Filling up the DagBag from /home/encrypted/abaceti/.virtualenvs/pumpwood-airflow-images/lib/python3.6/site-packages/airflow/example_dags/tutorial_etl_dag.py
[2021-06-07 19:00:24,743] {scheduler_job.py:643} INFO - DAG(s) dict_keys(['tutorial_etl_dag']) retrieved from /home/encrypted/abaceti/.virtualenvs/pumpwood-airflow-images/lib/python3.6/site-packages/airflow/example_dags/tutorial_etl_dag.py
[2021-06-07 19:00:24,755] {logging_mixin.py:104} INFO - [2021-06-07 19:00:24,755] {dag.py:1832} INFO - Sync 1 DAGs
[2021-06-07 19:00:24,764] {logging_mixin.py:104} INFO - [2021-06-07 19:00:24,763] {dag.py:2305} INFO - Setting next_dagrun for tutorial_etl_dag to None
[2021-06-07 19:00:24,769] {scheduler_job.py:190} INFO - Processing /home/encrypted/abaceti/.virtualenvs/pumpwood-airflow-images/lib/python3.6/site-packages/airflow/example_dags/tutorial_etl_dag.py took 0.034 seconds
[2021-06-07 19:00:54,875] {scheduler_job.py:182} INFO - Started process (PID=14062) to work on /home/encrypted/abaceti/.virtualenvs/pumpwood-airflow-images/lib/python3.6/site-packages/airflow/example_dags/tutorial_etl_dag.py
[2021-06-07 19:00:54,876] {scheduler_job.py:633} INFO - Processing file /home/encrypted/abaceti/.virtualenvs/pumpwood-airflow-images/lib/python3.6/site-packages/airflow/example_dags/tutorial_etl_dag.py for tasks to queue
[2021-06-07 19:00:54,876] {logging_mixin.py:104} INFO - [2021-06-07 19:00:54,876] {dagbag.py:487} INFO - Filling up the DagBag from /home/encrypted/abaceti/.virtualenvs/pumpwood-airflow-images/lib/python3.6/site-packages/airflow/example_dags/tutorial_etl_dag.py
[2021-06-07 19:00:54,882] {scheduler_job.py:643} INFO - DAG(s) dict_keys(['tutorial_etl_dag']) retrieved from /home/encrypted/abaceti/.virtualenvs/pumpwood-airflow-images/lib/python3.6/site-packages/airflow/example_dags/tutorial_etl_dag.py
[2021-06-07 19:00:54,896] {logging_mixin.py:104} INFO - [2021-06-07 19:00:54,896] {dag.py:1832} INFO - Sync 1 DAGs
[2021-06-07 19:00:54,905] {logging_mixin.py:104} INFO - [2021-06-07 19:00:54,905] {dag.py:2305} INFO - Setting next_dagrun for tutorial_etl_dag to None
[2021-06-07 19:00:54,910] {scheduler_job.py:190} INFO - Processing /home/encrypted/abaceti/.virtualenvs/pumpwood-airflow-images/lib/python3.6/site-packages/airflow/example_dags/tutorial_etl_dag.py took 0.036 seconds
[2021-06-07 19:01:25,024] {scheduler_job.py:182} INFO - Started process (PID=14182) to work on /home/encrypted/abaceti/.virtualenvs/pumpwood-airflow-images/lib/python3.6/site-packages/airflow/example_dags/tutorial_etl_dag.py
[2021-06-07 19:01:25,024] {scheduler_job.py:633} INFO - Processing file /home/encrypted/abaceti/.virtualenvs/pumpwood-airflow-images/lib/python3.6/site-packages/airflow/example_dags/tutorial_etl_dag.py for tasks to queue
[2021-06-07 19:01:25,025] {logging_mixin.py:104} INFO - [2021-06-07 19:01:25,025] {dagbag.py:487} INFO - Filling up the DagBag from /home/encrypted/abaceti/.virtualenvs/pumpwood-airflow-images/lib/python3.6/site-packages/airflow/example_dags/tutorial_etl_dag.py
[2021-06-07 19:01:25,030] {scheduler_job.py:643} INFO - DAG(s) dict_keys(['tutorial_etl_dag']) retrieved from /home/encrypted/abaceti/.virtualenvs/pumpwood-airflow-images/lib/python3.6/site-packages/airflow/example_dags/tutorial_etl_dag.py
[2021-06-07 19:01:25,043] {logging_mixin.py:104} INFO - [2021-06-07 19:01:25,043] {dag.py:1832} INFO - Sync 1 DAGs
[2021-06-07 19:01:25,051] {logging_mixin.py:104} INFO - [2021-06-07 19:01:25,051] {dag.py:2305} INFO - Setting next_dagrun for tutorial_etl_dag to None
[2021-06-07 19:01:25,056] {scheduler_job.py:190} INFO - Processing /home/encrypted/abaceti/.virtualenvs/pumpwood-airflow-images/lib/python3.6/site-packages/airflow/example_dags/tutorial_etl_dag.py took 0.034 seconds
[2021-06-07 19:01:55,332] {scheduler_job.py:182} INFO - Started process (PID=14366) to work on /home/encrypted/abaceti/.virtualenvs/pumpwood-airflow-images/lib/python3.6/site-packages/airflow/example_dags/tutorial_etl_dag.py
[2021-06-07 19:01:55,333] {scheduler_job.py:633} INFO - Processing file /home/encrypted/abaceti/.virtualenvs/pumpwood-airflow-images/lib/python3.6/site-packages/airflow/example_dags/tutorial_etl_dag.py for tasks to queue
[2021-06-07 19:01:55,333] {logging_mixin.py:104} INFO - [2021-06-07 19:01:55,333] {dagbag.py:487} INFO - Filling up the DagBag from /home/encrypted/abaceti/.virtualenvs/pumpwood-airflow-images/lib/python3.6/site-packages/airflow/example_dags/tutorial_etl_dag.py
[2021-06-07 19:01:55,339] {scheduler_job.py:643} INFO - DAG(s) dict_keys(['tutorial_etl_dag']) retrieved from /home/encrypted/abaceti/.virtualenvs/pumpwood-airflow-images/lib/python3.6/site-packages/airflow/example_dags/tutorial_etl_dag.py
[2021-06-07 19:01:55,353] {logging_mixin.py:104} INFO - [2021-06-07 19:01:55,353] {dag.py:1832} INFO - Sync 1 DAGs
[2021-06-07 19:01:55,360] {logging_mixin.py:104} INFO - [2021-06-07 19:01:55,360] {dag.py:2305} INFO - Setting next_dagrun for tutorial_etl_dag to None
[2021-06-07 19:01:55,367] {scheduler_job.py:190} INFO - Processing /home/encrypted/abaceti/.virtualenvs/pumpwood-airflow-images/lib/python3.6/site-packages/airflow/example_dags/tutorial_etl_dag.py took 0.036 seconds
[2021-06-07 19:02:25,464] {scheduler_job.py:182} INFO - Started process (PID=14510) to work on /home/encrypted/abaceti/.virtualenvs/pumpwood-airflow-images/lib/python3.6/site-packages/airflow/example_dags/tutorial_etl_dag.py
[2021-06-07 19:02:25,465] {scheduler_job.py:633} INFO - Processing file /home/encrypted/abaceti/.virtualenvs/pumpwood-airflow-images/lib/python3.6/site-packages/airflow/example_dags/tutorial_etl_dag.py for tasks to queue
[2021-06-07 19:02:25,465] {logging_mixin.py:104} INFO - [2021-06-07 19:02:25,465] {dagbag.py:487} INFO - Filling up the DagBag from /home/encrypted/abaceti/.virtualenvs/pumpwood-airflow-images/lib/python3.6/site-packages/airflow/example_dags/tutorial_etl_dag.py
[2021-06-07 19:02:25,472] {scheduler_job.py:643} INFO - DAG(s) dict_keys(['tutorial_etl_dag']) retrieved from /home/encrypted/abaceti/.virtualenvs/pumpwood-airflow-images/lib/python3.6/site-packages/airflow/example_dags/tutorial_etl_dag.py
[2021-06-07 19:02:25,488] {logging_mixin.py:104} INFO - [2021-06-07 19:02:25,488] {dag.py:1832} INFO - Sync 1 DAGs
[2021-06-07 19:02:25,497] {logging_mixin.py:104} INFO - [2021-06-07 19:02:25,497] {dag.py:2305} INFO - Setting next_dagrun for tutorial_etl_dag to None
[2021-06-07 19:02:25,503] {scheduler_job.py:190} INFO - Processing /home/encrypted/abaceti/.virtualenvs/pumpwood-airflow-images/lib/python3.6/site-packages/airflow/example_dags/tutorial_etl_dag.py took 0.041 seconds
