[2021-06-07 18:39:19,712] {scheduler_job.py:182} INFO - Started process (PID=5644) to work on /home/encrypted/abaceti/.virtualenvs/pumpwood-airflow-images/lib/python3.6/site-packages/airflow/example_dags/tutorial_taskflow_api_etl.py
[2021-06-07 18:39:19,712] {scheduler_job.py:633} INFO - Processing file /home/encrypted/abaceti/.virtualenvs/pumpwood-airflow-images/lib/python3.6/site-packages/airflow/example_dags/tutorial_taskflow_api_etl.py for tasks to queue
[2021-06-07 18:39:19,713] {logging_mixin.py:104} INFO - [2021-06-07 18:39:19,712] {dagbag.py:487} INFO - Filling up the DagBag from /home/encrypted/abaceti/.virtualenvs/pumpwood-airflow-images/lib/python3.6/site-packages/airflow/example_dags/tutorial_taskflow_api_etl.py
[2021-06-07 18:39:19,722] {scheduler_job.py:643} INFO - DAG(s) dict_keys(['tutorial_taskflow_api_etl']) retrieved from /home/encrypted/abaceti/.virtualenvs/pumpwood-airflow-images/lib/python3.6/site-packages/airflow/example_dags/tutorial_taskflow_api_etl.py
[2021-06-07 18:39:19,894] {logging_mixin.py:104} INFO - [2021-06-07 18:39:19,894] {dag.py:1832} INFO - Sync 1 DAGs
[2021-06-07 18:39:19,902] {logging_mixin.py:104} INFO - [2021-06-07 18:39:19,902] {dag.py:2305} INFO - Setting next_dagrun for tutorial_taskflow_api_etl to None
[2021-06-07 18:39:19,910] {scheduler_job.py:190} INFO - Processing /home/encrypted/abaceti/.virtualenvs/pumpwood-airflow-images/lib/python3.6/site-packages/airflow/example_dags/tutorial_taskflow_api_etl.py took 0.200 seconds
[2021-06-07 18:39:49,948] {scheduler_job.py:182} INFO - Started process (PID=5811) to work on /home/encrypted/abaceti/.virtualenvs/pumpwood-airflow-images/lib/python3.6/site-packages/airflow/example_dags/tutorial_taskflow_api_etl.py
[2021-06-07 18:39:49,949] {scheduler_job.py:633} INFO - Processing file /home/encrypted/abaceti/.virtualenvs/pumpwood-airflow-images/lib/python3.6/site-packages/airflow/example_dags/tutorial_taskflow_api_etl.py for tasks to queue
[2021-06-07 18:39:49,949] {logging_mixin.py:104} INFO - [2021-06-07 18:39:49,949] {dagbag.py:487} INFO - Filling up the DagBag from /home/encrypted/abaceti/.virtualenvs/pumpwood-airflow-images/lib/python3.6/site-packages/airflow/example_dags/tutorial_taskflow_api_etl.py
[2021-06-07 18:39:49,956] {scheduler_job.py:643} INFO - DAG(s) dict_keys(['tutorial_taskflow_api_etl']) retrieved from /home/encrypted/abaceti/.virtualenvs/pumpwood-airflow-images/lib/python3.6/site-packages/airflow/example_dags/tutorial_taskflow_api_etl.py
[2021-06-07 18:39:50,068] {logging_mixin.py:104} INFO - [2021-06-07 18:39:50,068] {dag.py:1832} INFO - Sync 1 DAGs
[2021-06-07 18:39:50,075] {logging_mixin.py:104} INFO - [2021-06-07 18:39:50,075] {dag.py:2305} INFO - Setting next_dagrun for tutorial_taskflow_api_etl to None
[2021-06-07 18:39:50,082] {scheduler_job.py:190} INFO - Processing /home/encrypted/abaceti/.virtualenvs/pumpwood-airflow-images/lib/python3.6/site-packages/airflow/example_dags/tutorial_taskflow_api_etl.py took 0.135 seconds
[2021-06-07 18:40:20,165] {scheduler_job.py:182} INFO - Started process (PID=5965) to work on /home/encrypted/abaceti/.virtualenvs/pumpwood-airflow-images/lib/python3.6/site-packages/airflow/example_dags/tutorial_taskflow_api_etl.py
[2021-06-07 18:40:20,166] {scheduler_job.py:633} INFO - Processing file /home/encrypted/abaceti/.virtualenvs/pumpwood-airflow-images/lib/python3.6/site-packages/airflow/example_dags/tutorial_taskflow_api_etl.py for tasks to queue
[2021-06-07 18:40:20,166] {logging_mixin.py:104} INFO - [2021-06-07 18:40:20,166] {dagbag.py:487} INFO - Filling up the DagBag from /home/encrypted/abaceti/.virtualenvs/pumpwood-airflow-images/lib/python3.6/site-packages/airflow/example_dags/tutorial_taskflow_api_etl.py
[2021-06-07 18:40:20,174] {scheduler_job.py:643} INFO - DAG(s) dict_keys(['tutorial_taskflow_api_etl']) retrieved from /home/encrypted/abaceti/.virtualenvs/pumpwood-airflow-images/lib/python3.6/site-packages/airflow/example_dags/tutorial_taskflow_api_etl.py
[2021-06-07 18:40:20,285] {logging_mixin.py:104} INFO - [2021-06-07 18:40:20,285] {dag.py:1832} INFO - Sync 1 DAGs
[2021-06-07 18:40:20,293] {logging_mixin.py:104} INFO - [2021-06-07 18:40:20,293] {dag.py:2305} INFO - Setting next_dagrun for tutorial_taskflow_api_etl to None
[2021-06-07 18:40:20,300] {scheduler_job.py:190} INFO - Processing /home/encrypted/abaceti/.virtualenvs/pumpwood-airflow-images/lib/python3.6/site-packages/airflow/example_dags/tutorial_taskflow_api_etl.py took 0.136 seconds
[2021-06-07 18:40:50,417] {scheduler_job.py:182} INFO - Started process (PID=6161) to work on /home/encrypted/abaceti/.virtualenvs/pumpwood-airflow-images/lib/python3.6/site-packages/airflow/example_dags/tutorial_taskflow_api_etl.py
[2021-06-07 18:40:50,418] {scheduler_job.py:633} INFO - Processing file /home/encrypted/abaceti/.virtualenvs/pumpwood-airflow-images/lib/python3.6/site-packages/airflow/example_dags/tutorial_taskflow_api_etl.py for tasks to queue
[2021-06-07 18:40:50,418] {logging_mixin.py:104} INFO - [2021-06-07 18:40:50,418] {dagbag.py:487} INFO - Filling up the DagBag from /home/encrypted/abaceti/.virtualenvs/pumpwood-airflow-images/lib/python3.6/site-packages/airflow/example_dags/tutorial_taskflow_api_etl.py
[2021-06-07 18:40:50,426] {scheduler_job.py:643} INFO - DAG(s) dict_keys(['tutorial_taskflow_api_etl']) retrieved from /home/encrypted/abaceti/.virtualenvs/pumpwood-airflow-images/lib/python3.6/site-packages/airflow/example_dags/tutorial_taskflow_api_etl.py
[2021-06-07 18:40:50,535] {logging_mixin.py:104} INFO - [2021-06-07 18:40:50,535] {dag.py:1832} INFO - Sync 1 DAGs
[2021-06-07 18:40:50,542] {logging_mixin.py:104} INFO - [2021-06-07 18:40:50,542] {dag.py:2305} INFO - Setting next_dagrun for tutorial_taskflow_api_etl to None
[2021-06-07 18:40:50,549] {scheduler_job.py:190} INFO - Processing /home/encrypted/abaceti/.virtualenvs/pumpwood-airflow-images/lib/python3.6/site-packages/airflow/example_dags/tutorial_taskflow_api_etl.py took 0.133 seconds
[2021-06-07 18:41:20,672] {scheduler_job.py:182} INFO - Started process (PID=6280) to work on /home/encrypted/abaceti/.virtualenvs/pumpwood-airflow-images/lib/python3.6/site-packages/airflow/example_dags/tutorial_taskflow_api_etl.py
[2021-06-07 18:41:20,672] {scheduler_job.py:633} INFO - Processing file /home/encrypted/abaceti/.virtualenvs/pumpwood-airflow-images/lib/python3.6/site-packages/airflow/example_dags/tutorial_taskflow_api_etl.py for tasks to queue
[2021-06-07 18:41:20,673] {logging_mixin.py:104} INFO - [2021-06-07 18:41:20,673] {dagbag.py:487} INFO - Filling up the DagBag from /home/encrypted/abaceti/.virtualenvs/pumpwood-airflow-images/lib/python3.6/site-packages/airflow/example_dags/tutorial_taskflow_api_etl.py
[2021-06-07 18:41:20,681] {scheduler_job.py:643} INFO - DAG(s) dict_keys(['tutorial_taskflow_api_etl']) retrieved from /home/encrypted/abaceti/.virtualenvs/pumpwood-airflow-images/lib/python3.6/site-packages/airflow/example_dags/tutorial_taskflow_api_etl.py
[2021-06-07 18:41:20,798] {logging_mixin.py:104} INFO - [2021-06-07 18:41:20,797] {dag.py:1832} INFO - Sync 1 DAGs
[2021-06-07 18:41:20,805] {logging_mixin.py:104} INFO - [2021-06-07 18:41:20,805] {dag.py:2305} INFO - Setting next_dagrun for tutorial_taskflow_api_etl to None
[2021-06-07 18:41:20,811] {scheduler_job.py:190} INFO - Processing /home/encrypted/abaceti/.virtualenvs/pumpwood-airflow-images/lib/python3.6/site-packages/airflow/example_dags/tutorial_taskflow_api_etl.py took 0.141 seconds
[2021-06-07 18:41:50,868] {scheduler_job.py:182} INFO - Started process (PID=6451) to work on /home/encrypted/abaceti/.virtualenvs/pumpwood-airflow-images/lib/python3.6/site-packages/airflow/example_dags/tutorial_taskflow_api_etl.py
[2021-06-07 18:41:50,869] {scheduler_job.py:633} INFO - Processing file /home/encrypted/abaceti/.virtualenvs/pumpwood-airflow-images/lib/python3.6/site-packages/airflow/example_dags/tutorial_taskflow_api_etl.py for tasks to queue
[2021-06-07 18:41:50,869] {logging_mixin.py:104} INFO - [2021-06-07 18:41:50,869] {dagbag.py:487} INFO - Filling up the DagBag from /home/encrypted/abaceti/.virtualenvs/pumpwood-airflow-images/lib/python3.6/site-packages/airflow/example_dags/tutorial_taskflow_api_etl.py
[2021-06-07 18:41:50,877] {scheduler_job.py:643} INFO - DAG(s) dict_keys(['tutorial_taskflow_api_etl']) retrieved from /home/encrypted/abaceti/.virtualenvs/pumpwood-airflow-images/lib/python3.6/site-packages/airflow/example_dags/tutorial_taskflow_api_etl.py
[2021-06-07 18:41:50,989] {logging_mixin.py:104} INFO - [2021-06-07 18:41:50,989] {dag.py:1832} INFO - Sync 1 DAGs
[2021-06-07 18:41:50,996] {logging_mixin.py:104} INFO - [2021-06-07 18:41:50,996] {dag.py:2305} INFO - Setting next_dagrun for tutorial_taskflow_api_etl to None
[2021-06-07 18:41:51,003] {scheduler_job.py:190} INFO - Processing /home/encrypted/abaceti/.virtualenvs/pumpwood-airflow-images/lib/python3.6/site-packages/airflow/example_dags/tutorial_taskflow_api_etl.py took 0.136 seconds
[2021-06-07 18:42:21,112] {scheduler_job.py:182} INFO - Started process (PID=6569) to work on /home/encrypted/abaceti/.virtualenvs/pumpwood-airflow-images/lib/python3.6/site-packages/airflow/example_dags/tutorial_taskflow_api_etl.py
[2021-06-07 18:42:21,112] {scheduler_job.py:633} INFO - Processing file /home/encrypted/abaceti/.virtualenvs/pumpwood-airflow-images/lib/python3.6/site-packages/airflow/example_dags/tutorial_taskflow_api_etl.py for tasks to queue
[2021-06-07 18:42:21,113] {logging_mixin.py:104} INFO - [2021-06-07 18:42:21,112] {dagbag.py:487} INFO - Filling up the DagBag from /home/encrypted/abaceti/.virtualenvs/pumpwood-airflow-images/lib/python3.6/site-packages/airflow/example_dags/tutorial_taskflow_api_etl.py
[2021-06-07 18:42:21,120] {scheduler_job.py:643} INFO - DAG(s) dict_keys(['tutorial_taskflow_api_etl']) retrieved from /home/encrypted/abaceti/.virtualenvs/pumpwood-airflow-images/lib/python3.6/site-packages/airflow/example_dags/tutorial_taskflow_api_etl.py
[2021-06-07 18:42:21,229] {logging_mixin.py:104} INFO - [2021-06-07 18:42:21,229] {dag.py:1832} INFO - Sync 1 DAGs
[2021-06-07 18:42:21,236] {logging_mixin.py:104} INFO - [2021-06-07 18:42:21,236] {dag.py:2305} INFO - Setting next_dagrun for tutorial_taskflow_api_etl to None
[2021-06-07 18:42:21,242] {scheduler_job.py:190} INFO - Processing /home/encrypted/abaceti/.virtualenvs/pumpwood-airflow-images/lib/python3.6/site-packages/airflow/example_dags/tutorial_taskflow_api_etl.py took 0.132 seconds
[2021-06-07 18:42:52,029] {scheduler_job.py:182} INFO - Started process (PID=6769) to work on /home/encrypted/abaceti/.virtualenvs/pumpwood-airflow-images/lib/python3.6/site-packages/airflow/example_dags/tutorial_taskflow_api_etl.py
[2021-06-07 18:42:52,030] {scheduler_job.py:633} INFO - Processing file /home/encrypted/abaceti/.virtualenvs/pumpwood-airflow-images/lib/python3.6/site-packages/airflow/example_dags/tutorial_taskflow_api_etl.py for tasks to queue
[2021-06-07 18:42:52,030] {logging_mixin.py:104} INFO - [2021-06-07 18:42:52,030] {dagbag.py:487} INFO - Filling up the DagBag from /home/encrypted/abaceti/.virtualenvs/pumpwood-airflow-images/lib/python3.6/site-packages/airflow/example_dags/tutorial_taskflow_api_etl.py
[2021-06-07 18:42:52,039] {scheduler_job.py:643} INFO - DAG(s) dict_keys(['tutorial_taskflow_api_etl']) retrieved from /home/encrypted/abaceti/.virtualenvs/pumpwood-airflow-images/lib/python3.6/site-packages/airflow/example_dags/tutorial_taskflow_api_etl.py
[2021-06-07 18:42:52,151] {logging_mixin.py:104} INFO - [2021-06-07 18:42:52,151] {dag.py:1832} INFO - Sync 1 DAGs
[2021-06-07 18:42:52,160] {logging_mixin.py:104} INFO - [2021-06-07 18:42:52,159] {dag.py:2305} INFO - Setting next_dagrun for tutorial_taskflow_api_etl to None
[2021-06-07 18:42:52,167] {scheduler_job.py:190} INFO - Processing /home/encrypted/abaceti/.virtualenvs/pumpwood-airflow-images/lib/python3.6/site-packages/airflow/example_dags/tutorial_taskflow_api_etl.py took 0.139 seconds
[2021-06-07 18:43:23,119] {scheduler_job.py:182} INFO - Started process (PID=6999) to work on /home/encrypted/abaceti/.virtualenvs/pumpwood-airflow-images/lib/python3.6/site-packages/airflow/example_dags/tutorial_taskflow_api_etl.py
[2021-06-07 18:43:23,120] {scheduler_job.py:633} INFO - Processing file /home/encrypted/abaceti/.virtualenvs/pumpwood-airflow-images/lib/python3.6/site-packages/airflow/example_dags/tutorial_taskflow_api_etl.py for tasks to queue
[2021-06-07 18:43:23,121] {logging_mixin.py:104} INFO - [2021-06-07 18:43:23,121] {dagbag.py:487} INFO - Filling up the DagBag from /home/encrypted/abaceti/.virtualenvs/pumpwood-airflow-images/lib/python3.6/site-packages/airflow/example_dags/tutorial_taskflow_api_etl.py
[2021-06-07 18:43:23,143] {scheduler_job.py:643} INFO - DAG(s) dict_keys(['tutorial_taskflow_api_etl']) retrieved from /home/encrypted/abaceti/.virtualenvs/pumpwood-airflow-images/lib/python3.6/site-packages/airflow/example_dags/tutorial_taskflow_api_etl.py
[2021-06-07 18:43:23,250] {logging_mixin.py:104} INFO - [2021-06-07 18:43:23,250] {dag.py:1832} INFO - Sync 1 DAGs
[2021-06-07 18:43:23,258] {logging_mixin.py:104} INFO - [2021-06-07 18:43:23,258] {dag.py:2305} INFO - Setting next_dagrun for tutorial_taskflow_api_etl to None
[2021-06-07 18:43:23,267] {scheduler_job.py:190} INFO - Processing /home/encrypted/abaceti/.virtualenvs/pumpwood-airflow-images/lib/python3.6/site-packages/airflow/example_dags/tutorial_taskflow_api_etl.py took 0.154 seconds
[2021-06-07 18:43:54,226] {scheduler_job.py:182} INFO - Started process (PID=7251) to work on /home/encrypted/abaceti/.virtualenvs/pumpwood-airflow-images/lib/python3.6/site-packages/airflow/example_dags/tutorial_taskflow_api_etl.py
[2021-06-07 18:43:54,226] {scheduler_job.py:633} INFO - Processing file /home/encrypted/abaceti/.virtualenvs/pumpwood-airflow-images/lib/python3.6/site-packages/airflow/example_dags/tutorial_taskflow_api_etl.py for tasks to queue
[2021-06-07 18:43:54,226] {logging_mixin.py:104} INFO - [2021-06-07 18:43:54,226] {dagbag.py:487} INFO - Filling up the DagBag from /home/encrypted/abaceti/.virtualenvs/pumpwood-airflow-images/lib/python3.6/site-packages/airflow/example_dags/tutorial_taskflow_api_etl.py
[2021-06-07 18:43:54,234] {scheduler_job.py:643} INFO - DAG(s) dict_keys(['tutorial_taskflow_api_etl']) retrieved from /home/encrypted/abaceti/.virtualenvs/pumpwood-airflow-images/lib/python3.6/site-packages/airflow/example_dags/tutorial_taskflow_api_etl.py
[2021-06-07 18:43:54,340] {logging_mixin.py:104} INFO - [2021-06-07 18:43:54,340] {dag.py:1832} INFO - Sync 1 DAGs
[2021-06-07 18:43:54,347] {logging_mixin.py:104} INFO - [2021-06-07 18:43:54,347] {dag.py:2305} INFO - Setting next_dagrun for tutorial_taskflow_api_etl to None
[2021-06-07 18:43:54,353] {scheduler_job.py:190} INFO - Processing /home/encrypted/abaceti/.virtualenvs/pumpwood-airflow-images/lib/python3.6/site-packages/airflow/example_dags/tutorial_taskflow_api_etl.py took 0.129 seconds
[2021-06-07 18:44:24,387] {scheduler_job.py:182} INFO - Started process (PID=7367) to work on /home/encrypted/abaceti/.virtualenvs/pumpwood-airflow-images/lib/python3.6/site-packages/airflow/example_dags/tutorial_taskflow_api_etl.py
[2021-06-07 18:44:24,387] {scheduler_job.py:633} INFO - Processing file /home/encrypted/abaceti/.virtualenvs/pumpwood-airflow-images/lib/python3.6/site-packages/airflow/example_dags/tutorial_taskflow_api_etl.py for tasks to queue
[2021-06-07 18:44:24,387] {logging_mixin.py:104} INFO - [2021-06-07 18:44:24,387] {dagbag.py:487} INFO - Filling up the DagBag from /home/encrypted/abaceti/.virtualenvs/pumpwood-airflow-images/lib/python3.6/site-packages/airflow/example_dags/tutorial_taskflow_api_etl.py
[2021-06-07 18:44:24,394] {scheduler_job.py:643} INFO - DAG(s) dict_keys(['tutorial_taskflow_api_etl']) retrieved from /home/encrypted/abaceti/.virtualenvs/pumpwood-airflow-images/lib/python3.6/site-packages/airflow/example_dags/tutorial_taskflow_api_etl.py
[2021-06-07 18:44:24,499] {logging_mixin.py:104} INFO - [2021-06-07 18:44:24,499] {dag.py:1832} INFO - Sync 1 DAGs
[2021-06-07 18:44:24,506] {logging_mixin.py:104} INFO - [2021-06-07 18:44:24,506] {dag.py:2305} INFO - Setting next_dagrun for tutorial_taskflow_api_etl to None
[2021-06-07 18:44:24,513] {scheduler_job.py:190} INFO - Processing /home/encrypted/abaceti/.virtualenvs/pumpwood-airflow-images/lib/python3.6/site-packages/airflow/example_dags/tutorial_taskflow_api_etl.py took 0.128 seconds
[2021-06-07 18:44:55,450] {scheduler_job.py:182} INFO - Started process (PID=7537) to work on /home/encrypted/abaceti/.virtualenvs/pumpwood-airflow-images/lib/python3.6/site-packages/airflow/example_dags/tutorial_taskflow_api_etl.py
[2021-06-07 18:44:55,450] {scheduler_job.py:633} INFO - Processing file /home/encrypted/abaceti/.virtualenvs/pumpwood-airflow-images/lib/python3.6/site-packages/airflow/example_dags/tutorial_taskflow_api_etl.py for tasks to queue
[2021-06-07 18:44:55,450] {logging_mixin.py:104} INFO - [2021-06-07 18:44:55,450] {dagbag.py:487} INFO - Filling up the DagBag from /home/encrypted/abaceti/.virtualenvs/pumpwood-airflow-images/lib/python3.6/site-packages/airflow/example_dags/tutorial_taskflow_api_etl.py
[2021-06-07 18:44:55,458] {scheduler_job.py:643} INFO - DAG(s) dict_keys(['tutorial_taskflow_api_etl']) retrieved from /home/encrypted/abaceti/.virtualenvs/pumpwood-airflow-images/lib/python3.6/site-packages/airflow/example_dags/tutorial_taskflow_api_etl.py
[2021-06-07 18:44:55,561] {logging_mixin.py:104} INFO - [2021-06-07 18:44:55,561] {dag.py:1832} INFO - Sync 1 DAGs
[2021-06-07 18:44:55,568] {logging_mixin.py:104} INFO - [2021-06-07 18:44:55,568] {dag.py:2305} INFO - Setting next_dagrun for tutorial_taskflow_api_etl to None
[2021-06-07 18:44:55,574] {scheduler_job.py:190} INFO - Processing /home/encrypted/abaceti/.virtualenvs/pumpwood-airflow-images/lib/python3.6/site-packages/airflow/example_dags/tutorial_taskflow_api_etl.py took 0.126 seconds
[2021-06-07 18:45:26,426] {scheduler_job.py:182} INFO - Started process (PID=7659) to work on /home/encrypted/abaceti/.virtualenvs/pumpwood-airflow-images/lib/python3.6/site-packages/airflow/example_dags/tutorial_taskflow_api_etl.py
[2021-06-07 18:45:26,427] {scheduler_job.py:633} INFO - Processing file /home/encrypted/abaceti/.virtualenvs/pumpwood-airflow-images/lib/python3.6/site-packages/airflow/example_dags/tutorial_taskflow_api_etl.py for tasks to queue
[2021-06-07 18:45:26,427] {logging_mixin.py:104} INFO - [2021-06-07 18:45:26,427] {dagbag.py:487} INFO - Filling up the DagBag from /home/encrypted/abaceti/.virtualenvs/pumpwood-airflow-images/lib/python3.6/site-packages/airflow/example_dags/tutorial_taskflow_api_etl.py
[2021-06-07 18:45:26,434] {scheduler_job.py:643} INFO - DAG(s) dict_keys(['tutorial_taskflow_api_etl']) retrieved from /home/encrypted/abaceti/.virtualenvs/pumpwood-airflow-images/lib/python3.6/site-packages/airflow/example_dags/tutorial_taskflow_api_etl.py
[2021-06-07 18:45:26,541] {logging_mixin.py:104} INFO - [2021-06-07 18:45:26,541] {dag.py:1832} INFO - Sync 1 DAGs
[2021-06-07 18:45:26,550] {logging_mixin.py:104} INFO - [2021-06-07 18:45:26,550] {dag.py:2305} INFO - Setting next_dagrun for tutorial_taskflow_api_etl to None
[2021-06-07 18:45:26,559] {scheduler_job.py:190} INFO - Processing /home/encrypted/abaceti/.virtualenvs/pumpwood-airflow-images/lib/python3.6/site-packages/airflow/example_dags/tutorial_taskflow_api_etl.py took 0.134 seconds
[2021-06-07 18:45:56,602] {scheduler_job.py:182} INFO - Started process (PID=7824) to work on /home/encrypted/abaceti/.virtualenvs/pumpwood-airflow-images/lib/python3.6/site-packages/airflow/example_dags/tutorial_taskflow_api_etl.py
[2021-06-07 18:45:56,604] {scheduler_job.py:633} INFO - Processing file /home/encrypted/abaceti/.virtualenvs/pumpwood-airflow-images/lib/python3.6/site-packages/airflow/example_dags/tutorial_taskflow_api_etl.py for tasks to queue
[2021-06-07 18:45:56,605] {logging_mixin.py:104} INFO - [2021-06-07 18:45:56,605] {dagbag.py:487} INFO - Filling up the DagBag from /home/encrypted/abaceti/.virtualenvs/pumpwood-airflow-images/lib/python3.6/site-packages/airflow/example_dags/tutorial_taskflow_api_etl.py
[2021-06-07 18:45:56,628] {scheduler_job.py:643} INFO - DAG(s) dict_keys(['tutorial_taskflow_api_etl']) retrieved from /home/encrypted/abaceti/.virtualenvs/pumpwood-airflow-images/lib/python3.6/site-packages/airflow/example_dags/tutorial_taskflow_api_etl.py
[2021-06-07 18:45:56,647] {logging_mixin.py:104} INFO - [2021-06-07 18:45:56,647] {dag.py:1832} INFO - Sync 1 DAGs
[2021-06-07 18:45:56,655] {logging_mixin.py:104} INFO - [2021-06-07 18:45:56,655] {dag.py:2305} INFO - Setting next_dagrun for tutorial_taskflow_api_etl to None
[2021-06-07 18:45:56,664] {scheduler_job.py:190} INFO - Processing /home/encrypted/abaceti/.virtualenvs/pumpwood-airflow-images/lib/python3.6/site-packages/airflow/example_dags/tutorial_taskflow_api_etl.py took 0.068 seconds
[2021-06-07 18:46:26,697] {scheduler_job.py:182} INFO - Started process (PID=7942) to work on /home/encrypted/abaceti/.virtualenvs/pumpwood-airflow-images/lib/python3.6/site-packages/airflow/example_dags/tutorial_taskflow_api_etl.py
[2021-06-07 18:46:26,698] {scheduler_job.py:633} INFO - Processing file /home/encrypted/abaceti/.virtualenvs/pumpwood-airflow-images/lib/python3.6/site-packages/airflow/example_dags/tutorial_taskflow_api_etl.py for tasks to queue
[2021-06-07 18:46:26,698] {logging_mixin.py:104} INFO - [2021-06-07 18:46:26,698] {dagbag.py:487} INFO - Filling up the DagBag from /home/encrypted/abaceti/.virtualenvs/pumpwood-airflow-images/lib/python3.6/site-packages/airflow/example_dags/tutorial_taskflow_api_etl.py
[2021-06-07 18:46:26,706] {scheduler_job.py:643} INFO - DAG(s) dict_keys(['tutorial_taskflow_api_etl']) retrieved from /home/encrypted/abaceti/.virtualenvs/pumpwood-airflow-images/lib/python3.6/site-packages/airflow/example_dags/tutorial_taskflow_api_etl.py
[2021-06-07 18:46:26,807] {logging_mixin.py:104} INFO - [2021-06-07 18:46:26,807] {dag.py:1832} INFO - Sync 1 DAGs
[2021-06-07 18:46:26,814] {logging_mixin.py:104} INFO - [2021-06-07 18:46:26,814] {dag.py:2305} INFO - Setting next_dagrun for tutorial_taskflow_api_etl to None
[2021-06-07 18:46:26,823] {scheduler_job.py:190} INFO - Processing /home/encrypted/abaceti/.virtualenvs/pumpwood-airflow-images/lib/python3.6/site-packages/airflow/example_dags/tutorial_taskflow_api_etl.py took 0.127 seconds
[2021-06-07 18:46:56,862] {scheduler_job.py:182} INFO - Started process (PID=8130) to work on /home/encrypted/abaceti/.virtualenvs/pumpwood-airflow-images/lib/python3.6/site-packages/airflow/example_dags/tutorial_taskflow_api_etl.py
[2021-06-07 18:46:56,864] {scheduler_job.py:633} INFO - Processing file /home/encrypted/abaceti/.virtualenvs/pumpwood-airflow-images/lib/python3.6/site-packages/airflow/example_dags/tutorial_taskflow_api_etl.py for tasks to queue
[2021-06-07 18:46:56,865] {logging_mixin.py:104} INFO - [2021-06-07 18:46:56,865] {dagbag.py:487} INFO - Filling up the DagBag from /home/encrypted/abaceti/.virtualenvs/pumpwood-airflow-images/lib/python3.6/site-packages/airflow/example_dags/tutorial_taskflow_api_etl.py
[2021-06-07 18:46:56,889] {scheduler_job.py:643} INFO - DAG(s) dict_keys(['tutorial_taskflow_api_etl']) retrieved from /home/encrypted/abaceti/.virtualenvs/pumpwood-airflow-images/lib/python3.6/site-packages/airflow/example_dags/tutorial_taskflow_api_etl.py
[2021-06-07 18:46:57,003] {logging_mixin.py:104} INFO - [2021-06-07 18:46:57,003] {dag.py:1832} INFO - Sync 1 DAGs
[2021-06-07 18:46:57,010] {logging_mixin.py:104} INFO - [2021-06-07 18:46:57,010] {dag.py:2305} INFO - Setting next_dagrun for tutorial_taskflow_api_etl to None
[2021-06-07 18:46:57,017] {scheduler_job.py:190} INFO - Processing /home/encrypted/abaceti/.virtualenvs/pumpwood-airflow-images/lib/python3.6/site-packages/airflow/example_dags/tutorial_taskflow_api_etl.py took 0.162 seconds
[2021-06-07 18:47:27,054] {scheduler_job.py:182} INFO - Started process (PID=8273) to work on /home/encrypted/abaceti/.virtualenvs/pumpwood-airflow-images/lib/python3.6/site-packages/airflow/example_dags/tutorial_taskflow_api_etl.py
[2021-06-07 18:47:27,055] {scheduler_job.py:633} INFO - Processing file /home/encrypted/abaceti/.virtualenvs/pumpwood-airflow-images/lib/python3.6/site-packages/airflow/example_dags/tutorial_taskflow_api_etl.py for tasks to queue
[2021-06-07 18:47:27,055] {logging_mixin.py:104} INFO - [2021-06-07 18:47:27,055] {dagbag.py:487} INFO - Filling up the DagBag from /home/encrypted/abaceti/.virtualenvs/pumpwood-airflow-images/lib/python3.6/site-packages/airflow/example_dags/tutorial_taskflow_api_etl.py
[2021-06-07 18:47:27,063] {scheduler_job.py:643} INFO - DAG(s) dict_keys(['tutorial_taskflow_api_etl']) retrieved from /home/encrypted/abaceti/.virtualenvs/pumpwood-airflow-images/lib/python3.6/site-packages/airflow/example_dags/tutorial_taskflow_api_etl.py
[2021-06-07 18:47:27,174] {logging_mixin.py:104} INFO - [2021-06-07 18:47:27,174] {dag.py:1832} INFO - Sync 1 DAGs
[2021-06-07 18:47:27,181] {logging_mixin.py:104} INFO - [2021-06-07 18:47:27,181] {dag.py:2305} INFO - Setting next_dagrun for tutorial_taskflow_api_etl to None
[2021-06-07 18:47:27,187] {scheduler_job.py:190} INFO - Processing /home/encrypted/abaceti/.virtualenvs/pumpwood-airflow-images/lib/python3.6/site-packages/airflow/example_dags/tutorial_taskflow_api_etl.py took 0.134 seconds
[2021-06-07 18:47:57,245] {scheduler_job.py:182} INFO - Started process (PID=8493) to work on /home/encrypted/abaceti/.virtualenvs/pumpwood-airflow-images/lib/python3.6/site-packages/airflow/example_dags/tutorial_taskflow_api_etl.py
[2021-06-07 18:47:57,245] {scheduler_job.py:633} INFO - Processing file /home/encrypted/abaceti/.virtualenvs/pumpwood-airflow-images/lib/python3.6/site-packages/airflow/example_dags/tutorial_taskflow_api_etl.py for tasks to queue
[2021-06-07 18:47:57,246] {logging_mixin.py:104} INFO - [2021-06-07 18:47:57,245] {dagbag.py:487} INFO - Filling up the DagBag from /home/encrypted/abaceti/.virtualenvs/pumpwood-airflow-images/lib/python3.6/site-packages/airflow/example_dags/tutorial_taskflow_api_etl.py
[2021-06-07 18:47:57,254] {scheduler_job.py:643} INFO - DAG(s) dict_keys(['tutorial_taskflow_api_etl']) retrieved from /home/encrypted/abaceti/.virtualenvs/pumpwood-airflow-images/lib/python3.6/site-packages/airflow/example_dags/tutorial_taskflow_api_etl.py
[2021-06-07 18:47:57,269] {logging_mixin.py:104} INFO - [2021-06-07 18:47:57,269] {dag.py:1832} INFO - Sync 1 DAGs
[2021-06-07 18:47:57,278] {logging_mixin.py:104} INFO - [2021-06-07 18:47:57,278] {dag.py:2305} INFO - Setting next_dagrun for tutorial_taskflow_api_etl to None
[2021-06-07 18:47:57,284] {scheduler_job.py:190} INFO - Processing /home/encrypted/abaceti/.virtualenvs/pumpwood-airflow-images/lib/python3.6/site-packages/airflow/example_dags/tutorial_taskflow_api_etl.py took 0.040 seconds
[2021-06-07 18:48:27,448] {scheduler_job.py:182} INFO - Started process (PID=8708) to work on /home/encrypted/abaceti/.virtualenvs/pumpwood-airflow-images/lib/python3.6/site-packages/airflow/example_dags/tutorial_taskflow_api_etl.py
[2021-06-07 18:48:27,448] {scheduler_job.py:633} INFO - Processing file /home/encrypted/abaceti/.virtualenvs/pumpwood-airflow-images/lib/python3.6/site-packages/airflow/example_dags/tutorial_taskflow_api_etl.py for tasks to queue
[2021-06-07 18:48:27,449] {logging_mixin.py:104} INFO - [2021-06-07 18:48:27,449] {dagbag.py:487} INFO - Filling up the DagBag from /home/encrypted/abaceti/.virtualenvs/pumpwood-airflow-images/lib/python3.6/site-packages/airflow/example_dags/tutorial_taskflow_api_etl.py
[2021-06-07 18:48:27,456] {scheduler_job.py:643} INFO - DAG(s) dict_keys(['tutorial_taskflow_api_etl']) retrieved from /home/encrypted/abaceti/.virtualenvs/pumpwood-airflow-images/lib/python3.6/site-packages/airflow/example_dags/tutorial_taskflow_api_etl.py
[2021-06-07 18:48:27,578] {logging_mixin.py:104} INFO - [2021-06-07 18:48:27,578] {dag.py:1832} INFO - Sync 1 DAGs
[2021-06-07 18:48:27,586] {logging_mixin.py:104} INFO - [2021-06-07 18:48:27,586] {dag.py:2305} INFO - Setting next_dagrun for tutorial_taskflow_api_etl to None
[2021-06-07 18:48:27,592] {scheduler_job.py:190} INFO - Processing /home/encrypted/abaceti/.virtualenvs/pumpwood-airflow-images/lib/python3.6/site-packages/airflow/example_dags/tutorial_taskflow_api_etl.py took 0.146 seconds
[2021-06-07 18:48:49,517] {scheduler_job.py:182} INFO - Started process (PID=8878) to work on /home/encrypted/abaceti/.virtualenvs/pumpwood-airflow-images/lib/python3.6/site-packages/airflow/example_dags/tutorial_taskflow_api_etl.py
[2021-06-07 18:48:49,517] {scheduler_job.py:633} INFO - Processing file /home/encrypted/abaceti/.virtualenvs/pumpwood-airflow-images/lib/python3.6/site-packages/airflow/example_dags/tutorial_taskflow_api_etl.py for tasks to queue
[2021-06-07 18:48:49,517] {logging_mixin.py:104} INFO - [2021-06-07 18:48:49,517] {dagbag.py:487} INFO - Filling up the DagBag from /home/encrypted/abaceti/.virtualenvs/pumpwood-airflow-images/lib/python3.6/site-packages/airflow/example_dags/tutorial_taskflow_api_etl.py
[2021-06-07 18:48:49,526] {scheduler_job.py:643} INFO - DAG(s) dict_keys(['tutorial_taskflow_api_etl']) retrieved from /home/encrypted/abaceti/.virtualenvs/pumpwood-airflow-images/lib/python3.6/site-packages/airflow/example_dags/tutorial_taskflow_api_etl.py
[2021-06-07 18:48:49,536] {logging_mixin.py:104} INFO - [2021-06-07 18:48:49,536] {dag.py:1832} INFO - Sync 1 DAGs
[2021-06-07 18:48:49,546] {logging_mixin.py:104} INFO - [2021-06-07 18:48:49,546] {dag.py:2305} INFO - Setting next_dagrun for tutorial_taskflow_api_etl to None
[2021-06-07 18:48:49,552] {scheduler_job.py:190} INFO - Processing /home/encrypted/abaceti/.virtualenvs/pumpwood-airflow-images/lib/python3.6/site-packages/airflow/example_dags/tutorial_taskflow_api_etl.py took 0.037 seconds
[2021-06-07 18:49:20,554] {scheduler_job.py:182} INFO - Started process (PID=9002) to work on /home/encrypted/abaceti/.virtualenvs/pumpwood-airflow-images/lib/python3.6/site-packages/airflow/example_dags/tutorial_taskflow_api_etl.py
[2021-06-07 18:49:20,554] {scheduler_job.py:633} INFO - Processing file /home/encrypted/abaceti/.virtualenvs/pumpwood-airflow-images/lib/python3.6/site-packages/airflow/example_dags/tutorial_taskflow_api_etl.py for tasks to queue
[2021-06-07 18:49:20,555] {logging_mixin.py:104} INFO - [2021-06-07 18:49:20,555] {dagbag.py:487} INFO - Filling up the DagBag from /home/encrypted/abaceti/.virtualenvs/pumpwood-airflow-images/lib/python3.6/site-packages/airflow/example_dags/tutorial_taskflow_api_etl.py
[2021-06-07 18:49:20,562] {scheduler_job.py:643} INFO - DAG(s) dict_keys(['tutorial_taskflow_api_etl']) retrieved from /home/encrypted/abaceti/.virtualenvs/pumpwood-airflow-images/lib/python3.6/site-packages/airflow/example_dags/tutorial_taskflow_api_etl.py
[2021-06-07 18:49:20,670] {logging_mixin.py:104} INFO - [2021-06-07 18:49:20,670] {dag.py:1832} INFO - Sync 1 DAGs
[2021-06-07 18:49:20,677] {logging_mixin.py:104} INFO - [2021-06-07 18:49:20,677] {dag.py:2305} INFO - Setting next_dagrun for tutorial_taskflow_api_etl to None
[2021-06-07 18:49:20,683] {scheduler_job.py:190} INFO - Processing /home/encrypted/abaceti/.virtualenvs/pumpwood-airflow-images/lib/python3.6/site-packages/airflow/example_dags/tutorial_taskflow_api_etl.py took 0.131 seconds
[2021-06-07 18:49:50,818] {scheduler_job.py:182} INFO - Started process (PID=9185) to work on /home/encrypted/abaceti/.virtualenvs/pumpwood-airflow-images/lib/python3.6/site-packages/airflow/example_dags/tutorial_taskflow_api_etl.py
[2021-06-07 18:49:50,818] {scheduler_job.py:633} INFO - Processing file /home/encrypted/abaceti/.virtualenvs/pumpwood-airflow-images/lib/python3.6/site-packages/airflow/example_dags/tutorial_taskflow_api_etl.py for tasks to queue
[2021-06-07 18:49:50,819] {logging_mixin.py:104} INFO - [2021-06-07 18:49:50,819] {dagbag.py:487} INFO - Filling up the DagBag from /home/encrypted/abaceti/.virtualenvs/pumpwood-airflow-images/lib/python3.6/site-packages/airflow/example_dags/tutorial_taskflow_api_etl.py
[2021-06-07 18:49:50,826] {scheduler_job.py:643} INFO - DAG(s) dict_keys(['tutorial_taskflow_api_etl']) retrieved from /home/encrypted/abaceti/.virtualenvs/pumpwood-airflow-images/lib/python3.6/site-packages/airflow/example_dags/tutorial_taskflow_api_etl.py
[2021-06-07 18:49:50,931] {logging_mixin.py:104} INFO - [2021-06-07 18:49:50,931] {dag.py:1832} INFO - Sync 1 DAGs
[2021-06-07 18:49:50,939] {logging_mixin.py:104} INFO - [2021-06-07 18:49:50,939] {dag.py:2305} INFO - Setting next_dagrun for tutorial_taskflow_api_etl to None
[2021-06-07 18:49:50,946] {scheduler_job.py:190} INFO - Processing /home/encrypted/abaceti/.virtualenvs/pumpwood-airflow-images/lib/python3.6/site-packages/airflow/example_dags/tutorial_taskflow_api_etl.py took 0.130 seconds
[2021-06-07 18:50:21,131] {scheduler_job.py:182} INFO - Started process (PID=9424) to work on /home/encrypted/abaceti/.virtualenvs/pumpwood-airflow-images/lib/python3.6/site-packages/airflow/example_dags/tutorial_taskflow_api_etl.py
[2021-06-07 18:50:21,132] {scheduler_job.py:633} INFO - Processing file /home/encrypted/abaceti/.virtualenvs/pumpwood-airflow-images/lib/python3.6/site-packages/airflow/example_dags/tutorial_taskflow_api_etl.py for tasks to queue
[2021-06-07 18:50:21,132] {logging_mixin.py:104} INFO - [2021-06-07 18:50:21,132] {dagbag.py:487} INFO - Filling up the DagBag from /home/encrypted/abaceti/.virtualenvs/pumpwood-airflow-images/lib/python3.6/site-packages/airflow/example_dags/tutorial_taskflow_api_etl.py
[2021-06-07 18:50:21,141] {scheduler_job.py:643} INFO - DAG(s) dict_keys(['tutorial_taskflow_api_etl']) retrieved from /home/encrypted/abaceti/.virtualenvs/pumpwood-airflow-images/lib/python3.6/site-packages/airflow/example_dags/tutorial_taskflow_api_etl.py
[2021-06-07 18:50:21,254] {logging_mixin.py:104} INFO - [2021-06-07 18:50:21,254] {dag.py:1832} INFO - Sync 1 DAGs
[2021-06-07 18:50:21,262] {logging_mixin.py:104} INFO - [2021-06-07 18:50:21,262] {dag.py:2305} INFO - Setting next_dagrun for tutorial_taskflow_api_etl to None
[2021-06-07 18:50:21,269] {scheduler_job.py:190} INFO - Processing /home/encrypted/abaceti/.virtualenvs/pumpwood-airflow-images/lib/python3.6/site-packages/airflow/example_dags/tutorial_taskflow_api_etl.py took 0.139 seconds
[2021-06-07 18:50:51,317] {scheduler_job.py:182} INFO - Started process (PID=9579) to work on /home/encrypted/abaceti/.virtualenvs/pumpwood-airflow-images/lib/python3.6/site-packages/airflow/example_dags/tutorial_taskflow_api_etl.py
[2021-06-07 18:50:51,317] {scheduler_job.py:633} INFO - Processing file /home/encrypted/abaceti/.virtualenvs/pumpwood-airflow-images/lib/python3.6/site-packages/airflow/example_dags/tutorial_taskflow_api_etl.py for tasks to queue
[2021-06-07 18:50:51,317] {logging_mixin.py:104} INFO - [2021-06-07 18:50:51,317] {dagbag.py:487} INFO - Filling up the DagBag from /home/encrypted/abaceti/.virtualenvs/pumpwood-airflow-images/lib/python3.6/site-packages/airflow/example_dags/tutorial_taskflow_api_etl.py
[2021-06-07 18:50:51,326] {scheduler_job.py:643} INFO - DAG(s) dict_keys(['tutorial_taskflow_api_etl']) retrieved from /home/encrypted/abaceti/.virtualenvs/pumpwood-airflow-images/lib/python3.6/site-packages/airflow/example_dags/tutorial_taskflow_api_etl.py
[2021-06-07 18:50:51,438] {logging_mixin.py:104} INFO - [2021-06-07 18:50:51,438] {dag.py:1832} INFO - Sync 1 DAGs
[2021-06-07 18:50:51,445] {logging_mixin.py:104} INFO - [2021-06-07 18:50:51,445] {dag.py:2305} INFO - Setting next_dagrun for tutorial_taskflow_api_etl to None
[2021-06-07 18:50:51,452] {scheduler_job.py:190} INFO - Processing /home/encrypted/abaceti/.virtualenvs/pumpwood-airflow-images/lib/python3.6/site-packages/airflow/example_dags/tutorial_taskflow_api_etl.py took 0.137 seconds
[2021-06-07 18:51:21,493] {scheduler_job.py:182} INFO - Started process (PID=9700) to work on /home/encrypted/abaceti/.virtualenvs/pumpwood-airflow-images/lib/python3.6/site-packages/airflow/example_dags/tutorial_taskflow_api_etl.py
[2021-06-07 18:51:21,494] {scheduler_job.py:633} INFO - Processing file /home/encrypted/abaceti/.virtualenvs/pumpwood-airflow-images/lib/python3.6/site-packages/airflow/example_dags/tutorial_taskflow_api_etl.py for tasks to queue
[2021-06-07 18:51:21,494] {logging_mixin.py:104} INFO - [2021-06-07 18:51:21,494] {dagbag.py:487} INFO - Filling up the DagBag from /home/encrypted/abaceti/.virtualenvs/pumpwood-airflow-images/lib/python3.6/site-packages/airflow/example_dags/tutorial_taskflow_api_etl.py
[2021-06-07 18:51:21,502] {scheduler_job.py:643} INFO - DAG(s) dict_keys(['tutorial_taskflow_api_etl']) retrieved from /home/encrypted/abaceti/.virtualenvs/pumpwood-airflow-images/lib/python3.6/site-packages/airflow/example_dags/tutorial_taskflow_api_etl.py
[2021-06-07 18:51:21,618] {logging_mixin.py:104} INFO - [2021-06-07 18:51:21,618] {dag.py:1832} INFO - Sync 1 DAGs
[2021-06-07 18:51:21,626] {logging_mixin.py:104} INFO - [2021-06-07 18:51:21,626] {dag.py:2305} INFO - Setting next_dagrun for tutorial_taskflow_api_etl to None
[2021-06-07 18:51:21,632] {scheduler_job.py:190} INFO - Processing /home/encrypted/abaceti/.virtualenvs/pumpwood-airflow-images/lib/python3.6/site-packages/airflow/example_dags/tutorial_taskflow_api_etl.py took 0.141 seconds
[2021-06-07 18:51:51,645] {scheduler_job.py:182} INFO - Started process (PID=9866) to work on /home/encrypted/abaceti/.virtualenvs/pumpwood-airflow-images/lib/python3.6/site-packages/airflow/example_dags/tutorial_taskflow_api_etl.py
[2021-06-07 18:51:51,646] {scheduler_job.py:633} INFO - Processing file /home/encrypted/abaceti/.virtualenvs/pumpwood-airflow-images/lib/python3.6/site-packages/airflow/example_dags/tutorial_taskflow_api_etl.py for tasks to queue
[2021-06-07 18:51:51,646] {logging_mixin.py:104} INFO - [2021-06-07 18:51:51,646] {dagbag.py:487} INFO - Filling up the DagBag from /home/encrypted/abaceti/.virtualenvs/pumpwood-airflow-images/lib/python3.6/site-packages/airflow/example_dags/tutorial_taskflow_api_etl.py
[2021-06-07 18:51:51,654] {scheduler_job.py:643} INFO - DAG(s) dict_keys(['tutorial_taskflow_api_etl']) retrieved from /home/encrypted/abaceti/.virtualenvs/pumpwood-airflow-images/lib/python3.6/site-packages/airflow/example_dags/tutorial_taskflow_api_etl.py
[2021-06-07 18:51:51,768] {logging_mixin.py:104} INFO - [2021-06-07 18:51:51,768] {dag.py:1832} INFO - Sync 1 DAGs
[2021-06-07 18:51:51,777] {logging_mixin.py:104} INFO - [2021-06-07 18:51:51,777] {dag.py:2305} INFO - Setting next_dagrun for tutorial_taskflow_api_etl to None
[2021-06-07 18:51:51,783] {scheduler_job.py:190} INFO - Processing /home/encrypted/abaceti/.virtualenvs/pumpwood-airflow-images/lib/python3.6/site-packages/airflow/example_dags/tutorial_taskflow_api_etl.py took 0.139 seconds
[2021-06-07 18:52:21,899] {scheduler_job.py:182} INFO - Started process (PID=9984) to work on /home/encrypted/abaceti/.virtualenvs/pumpwood-airflow-images/lib/python3.6/site-packages/airflow/example_dags/tutorial_taskflow_api_etl.py
[2021-06-07 18:52:21,900] {scheduler_job.py:633} INFO - Processing file /home/encrypted/abaceti/.virtualenvs/pumpwood-airflow-images/lib/python3.6/site-packages/airflow/example_dags/tutorial_taskflow_api_etl.py for tasks to queue
[2021-06-07 18:52:21,900] {logging_mixin.py:104} INFO - [2021-06-07 18:52:21,900] {dagbag.py:487} INFO - Filling up the DagBag from /home/encrypted/abaceti/.virtualenvs/pumpwood-airflow-images/lib/python3.6/site-packages/airflow/example_dags/tutorial_taskflow_api_etl.py
[2021-06-07 18:52:21,907] {scheduler_job.py:643} INFO - DAG(s) dict_keys(['tutorial_taskflow_api_etl']) retrieved from /home/encrypted/abaceti/.virtualenvs/pumpwood-airflow-images/lib/python3.6/site-packages/airflow/example_dags/tutorial_taskflow_api_etl.py
[2021-06-07 18:52:22,023] {logging_mixin.py:104} INFO - [2021-06-07 18:52:22,023] {dag.py:1832} INFO - Sync 1 DAGs
[2021-06-07 18:52:22,030] {logging_mixin.py:104} INFO - [2021-06-07 18:52:22,030] {dag.py:2305} INFO - Setting next_dagrun for tutorial_taskflow_api_etl to None
[2021-06-07 18:52:22,037] {scheduler_job.py:190} INFO - Processing /home/encrypted/abaceti/.virtualenvs/pumpwood-airflow-images/lib/python3.6/site-packages/airflow/example_dags/tutorial_taskflow_api_etl.py took 0.140 seconds
[2021-06-07 18:52:52,933] {scheduler_job.py:182} INFO - Started process (PID=10789) to work on /home/encrypted/abaceti/.virtualenvs/pumpwood-airflow-images/lib/python3.6/site-packages/airflow/example_dags/tutorial_taskflow_api_etl.py
[2021-06-07 18:52:52,934] {scheduler_job.py:633} INFO - Processing file /home/encrypted/abaceti/.virtualenvs/pumpwood-airflow-images/lib/python3.6/site-packages/airflow/example_dags/tutorial_taskflow_api_etl.py for tasks to queue
[2021-06-07 18:52:52,934] {logging_mixin.py:104} INFO - [2021-06-07 18:52:52,934] {dagbag.py:487} INFO - Filling up the DagBag from /home/encrypted/abaceti/.virtualenvs/pumpwood-airflow-images/lib/python3.6/site-packages/airflow/example_dags/tutorial_taskflow_api_etl.py
[2021-06-07 18:52:52,941] {scheduler_job.py:643} INFO - DAG(s) dict_keys(['tutorial_taskflow_api_etl']) retrieved from /home/encrypted/abaceti/.virtualenvs/pumpwood-airflow-images/lib/python3.6/site-packages/airflow/example_dags/tutorial_taskflow_api_etl.py
[2021-06-07 18:52:53,045] {logging_mixin.py:104} INFO - [2021-06-07 18:52:53,045] {dag.py:1832} INFO - Sync 1 DAGs
[2021-06-07 18:52:53,052] {logging_mixin.py:104} INFO - [2021-06-07 18:52:53,052] {dag.py:2305} INFO - Setting next_dagrun for tutorial_taskflow_api_etl to None
[2021-06-07 18:52:53,059] {scheduler_job.py:190} INFO - Processing /home/encrypted/abaceti/.virtualenvs/pumpwood-airflow-images/lib/python3.6/site-packages/airflow/example_dags/tutorial_taskflow_api_etl.py took 0.127 seconds
[2021-06-07 18:53:23,112] {scheduler_job.py:182} INFO - Started process (PID=11115) to work on /home/encrypted/abaceti/.virtualenvs/pumpwood-airflow-images/lib/python3.6/site-packages/airflow/example_dags/tutorial_taskflow_api_etl.py
[2021-06-07 18:53:23,112] {scheduler_job.py:633} INFO - Processing file /home/encrypted/abaceti/.virtualenvs/pumpwood-airflow-images/lib/python3.6/site-packages/airflow/example_dags/tutorial_taskflow_api_etl.py for tasks to queue
[2021-06-07 18:53:23,112] {logging_mixin.py:104} INFO - [2021-06-07 18:53:23,112] {dagbag.py:487} INFO - Filling up the DagBag from /home/encrypted/abaceti/.virtualenvs/pumpwood-airflow-images/lib/python3.6/site-packages/airflow/example_dags/tutorial_taskflow_api_etl.py
[2021-06-07 18:53:23,119] {scheduler_job.py:643} INFO - DAG(s) dict_keys(['tutorial_taskflow_api_etl']) retrieved from /home/encrypted/abaceti/.virtualenvs/pumpwood-airflow-images/lib/python3.6/site-packages/airflow/example_dags/tutorial_taskflow_api_etl.py
[2021-06-07 18:53:23,219] {logging_mixin.py:104} INFO - [2021-06-07 18:53:23,219] {dag.py:1832} INFO - Sync 1 DAGs
[2021-06-07 18:53:23,226] {logging_mixin.py:104} INFO - [2021-06-07 18:53:23,226] {dag.py:2305} INFO - Setting next_dagrun for tutorial_taskflow_api_etl to None
[2021-06-07 18:53:23,233] {scheduler_job.py:190} INFO - Processing /home/encrypted/abaceti/.virtualenvs/pumpwood-airflow-images/lib/python3.6/site-packages/airflow/example_dags/tutorial_taskflow_api_etl.py took 0.123 seconds
[2021-06-07 18:53:53,383] {scheduler_job.py:182} INFO - Started process (PID=11499) to work on /home/encrypted/abaceti/.virtualenvs/pumpwood-airflow-images/lib/python3.6/site-packages/airflow/example_dags/tutorial_taskflow_api_etl.py
[2021-06-07 18:53:53,383] {scheduler_job.py:633} INFO - Processing file /home/encrypted/abaceti/.virtualenvs/pumpwood-airflow-images/lib/python3.6/site-packages/airflow/example_dags/tutorial_taskflow_api_etl.py for tasks to queue
[2021-06-07 18:53:53,384] {logging_mixin.py:104} INFO - [2021-06-07 18:53:53,384] {dagbag.py:487} INFO - Filling up the DagBag from /home/encrypted/abaceti/.virtualenvs/pumpwood-airflow-images/lib/python3.6/site-packages/airflow/example_dags/tutorial_taskflow_api_etl.py
[2021-06-07 18:53:53,393] {scheduler_job.py:643} INFO - DAG(s) dict_keys(['tutorial_taskflow_api_etl']) retrieved from /home/encrypted/abaceti/.virtualenvs/pumpwood-airflow-images/lib/python3.6/site-packages/airflow/example_dags/tutorial_taskflow_api_etl.py
[2021-06-07 18:53:53,507] {logging_mixin.py:104} INFO - [2021-06-07 18:53:53,507] {dag.py:1832} INFO - Sync 1 DAGs
[2021-06-07 18:53:53,515] {logging_mixin.py:104} INFO - [2021-06-07 18:53:53,515] {dag.py:2305} INFO - Setting next_dagrun for tutorial_taskflow_api_etl to None
[2021-06-07 18:53:53,521] {scheduler_job.py:190} INFO - Processing /home/encrypted/abaceti/.virtualenvs/pumpwood-airflow-images/lib/python3.6/site-packages/airflow/example_dags/tutorial_taskflow_api_etl.py took 0.140 seconds
[2021-06-07 18:54:24,489] {scheduler_job.py:182} INFO - Started process (PID=11913) to work on /home/encrypted/abaceti/.virtualenvs/pumpwood-airflow-images/lib/python3.6/site-packages/airflow/example_dags/tutorial_taskflow_api_etl.py
[2021-06-07 18:54:24,490] {scheduler_job.py:633} INFO - Processing file /home/encrypted/abaceti/.virtualenvs/pumpwood-airflow-images/lib/python3.6/site-packages/airflow/example_dags/tutorial_taskflow_api_etl.py for tasks to queue
[2021-06-07 18:54:24,490] {logging_mixin.py:104} INFO - [2021-06-07 18:54:24,490] {dagbag.py:487} INFO - Filling up the DagBag from /home/encrypted/abaceti/.virtualenvs/pumpwood-airflow-images/lib/python3.6/site-packages/airflow/example_dags/tutorial_taskflow_api_etl.py
[2021-06-07 18:54:24,497] {scheduler_job.py:643} INFO - DAG(s) dict_keys(['tutorial_taskflow_api_etl']) retrieved from /home/encrypted/abaceti/.virtualenvs/pumpwood-airflow-images/lib/python3.6/site-packages/airflow/example_dags/tutorial_taskflow_api_etl.py
[2021-06-07 18:54:24,598] {logging_mixin.py:104} INFO - [2021-06-07 18:54:24,598] {dag.py:1832} INFO - Sync 1 DAGs
[2021-06-07 18:54:24,606] {logging_mixin.py:104} INFO - [2021-06-07 18:54:24,606] {dag.py:2305} INFO - Setting next_dagrun for tutorial_taskflow_api_etl to None
[2021-06-07 18:54:24,613] {scheduler_job.py:190} INFO - Processing /home/encrypted/abaceti/.virtualenvs/pumpwood-airflow-images/lib/python3.6/site-packages/airflow/example_dags/tutorial_taskflow_api_etl.py took 0.125 seconds
[2021-06-07 18:54:54,651] {scheduler_job.py:182} INFO - Started process (PID=12123) to work on /home/encrypted/abaceti/.virtualenvs/pumpwood-airflow-images/lib/python3.6/site-packages/airflow/example_dags/tutorial_taskflow_api_etl.py
[2021-06-07 18:54:54,651] {scheduler_job.py:633} INFO - Processing file /home/encrypted/abaceti/.virtualenvs/pumpwood-airflow-images/lib/python3.6/site-packages/airflow/example_dags/tutorial_taskflow_api_etl.py for tasks to queue
[2021-06-07 18:54:54,652] {logging_mixin.py:104} INFO - [2021-06-07 18:54:54,651] {dagbag.py:487} INFO - Filling up the DagBag from /home/encrypted/abaceti/.virtualenvs/pumpwood-airflow-images/lib/python3.6/site-packages/airflow/example_dags/tutorial_taskflow_api_etl.py
[2021-06-07 18:54:54,659] {scheduler_job.py:643} INFO - DAG(s) dict_keys(['tutorial_taskflow_api_etl']) retrieved from /home/encrypted/abaceti/.virtualenvs/pumpwood-airflow-images/lib/python3.6/site-packages/airflow/example_dags/tutorial_taskflow_api_etl.py
[2021-06-07 18:54:54,769] {logging_mixin.py:104} INFO - [2021-06-07 18:54:54,769] {dag.py:1832} INFO - Sync 1 DAGs
[2021-06-07 18:54:54,777] {logging_mixin.py:104} INFO - [2021-06-07 18:54:54,776] {dag.py:2305} INFO - Setting next_dagrun for tutorial_taskflow_api_etl to None
[2021-06-07 18:54:54,784] {scheduler_job.py:190} INFO - Processing /home/encrypted/abaceti/.virtualenvs/pumpwood-airflow-images/lib/python3.6/site-packages/airflow/example_dags/tutorial_taskflow_api_etl.py took 0.135 seconds
[2021-06-07 18:55:24,824] {scheduler_job.py:182} INFO - Started process (PID=12300) to work on /home/encrypted/abaceti/.virtualenvs/pumpwood-airflow-images/lib/python3.6/site-packages/airflow/example_dags/tutorial_taskflow_api_etl.py
[2021-06-07 18:55:24,825] {scheduler_job.py:633} INFO - Processing file /home/encrypted/abaceti/.virtualenvs/pumpwood-airflow-images/lib/python3.6/site-packages/airflow/example_dags/tutorial_taskflow_api_etl.py for tasks to queue
[2021-06-07 18:55:24,825] {logging_mixin.py:104} INFO - [2021-06-07 18:55:24,825] {dagbag.py:487} INFO - Filling up the DagBag from /home/encrypted/abaceti/.virtualenvs/pumpwood-airflow-images/lib/python3.6/site-packages/airflow/example_dags/tutorial_taskflow_api_etl.py
[2021-06-07 18:55:24,832] {scheduler_job.py:643} INFO - DAG(s) dict_keys(['tutorial_taskflow_api_etl']) retrieved from /home/encrypted/abaceti/.virtualenvs/pumpwood-airflow-images/lib/python3.6/site-packages/airflow/example_dags/tutorial_taskflow_api_etl.py
[2021-06-07 18:55:24,847] {logging_mixin.py:104} INFO - [2021-06-07 18:55:24,847] {dag.py:1832} INFO - Sync 1 DAGs
[2021-06-07 18:55:24,855] {logging_mixin.py:104} INFO - [2021-06-07 18:55:24,855] {dag.py:2305} INFO - Setting next_dagrun for tutorial_taskflow_api_etl to None
[2021-06-07 18:55:24,861] {scheduler_job.py:190} INFO - Processing /home/encrypted/abaceti/.virtualenvs/pumpwood-airflow-images/lib/python3.6/site-packages/airflow/example_dags/tutorial_taskflow_api_etl.py took 0.038 seconds
[2021-06-07 18:55:54,971] {scheduler_job.py:182} INFO - Started process (PID=12522) to work on /home/encrypted/abaceti/.virtualenvs/pumpwood-airflow-images/lib/python3.6/site-packages/airflow/example_dags/tutorial_taskflow_api_etl.py
[2021-06-07 18:55:54,972] {scheduler_job.py:633} INFO - Processing file /home/encrypted/abaceti/.virtualenvs/pumpwood-airflow-images/lib/python3.6/site-packages/airflow/example_dags/tutorial_taskflow_api_etl.py for tasks to queue
[2021-06-07 18:55:54,973] {logging_mixin.py:104} INFO - [2021-06-07 18:55:54,973] {dagbag.py:487} INFO - Filling up the DagBag from /home/encrypted/abaceti/.virtualenvs/pumpwood-airflow-images/lib/python3.6/site-packages/airflow/example_dags/tutorial_taskflow_api_etl.py
[2021-06-07 18:55:54,981] {scheduler_job.py:643} INFO - DAG(s) dict_keys(['tutorial_taskflow_api_etl']) retrieved from /home/encrypted/abaceti/.virtualenvs/pumpwood-airflow-images/lib/python3.6/site-packages/airflow/example_dags/tutorial_taskflow_api_etl.py
[2021-06-07 18:55:55,089] {logging_mixin.py:104} INFO - [2021-06-07 18:55:55,089] {dag.py:1832} INFO - Sync 1 DAGs
[2021-06-07 18:55:55,098] {logging_mixin.py:104} INFO - [2021-06-07 18:55:55,097] {dag.py:2305} INFO - Setting next_dagrun for tutorial_taskflow_api_etl to None
[2021-06-07 18:55:55,103] {scheduler_job.py:190} INFO - Processing /home/encrypted/abaceti/.virtualenvs/pumpwood-airflow-images/lib/python3.6/site-packages/airflow/example_dags/tutorial_taskflow_api_etl.py took 0.134 seconds
[2021-06-07 18:56:25,145] {scheduler_job.py:182} INFO - Started process (PID=12708) to work on /home/encrypted/abaceti/.virtualenvs/pumpwood-airflow-images/lib/python3.6/site-packages/airflow/example_dags/tutorial_taskflow_api_etl.py
[2021-06-07 18:56:25,145] {scheduler_job.py:633} INFO - Processing file /home/encrypted/abaceti/.virtualenvs/pumpwood-airflow-images/lib/python3.6/site-packages/airflow/example_dags/tutorial_taskflow_api_etl.py for tasks to queue
[2021-06-07 18:56:25,145] {logging_mixin.py:104} INFO - [2021-06-07 18:56:25,145] {dagbag.py:487} INFO - Filling up the DagBag from /home/encrypted/abaceti/.virtualenvs/pumpwood-airflow-images/lib/python3.6/site-packages/airflow/example_dags/tutorial_taskflow_api_etl.py
[2021-06-07 18:56:25,152] {scheduler_job.py:643} INFO - DAG(s) dict_keys(['tutorial_taskflow_api_etl']) retrieved from /home/encrypted/abaceti/.virtualenvs/pumpwood-airflow-images/lib/python3.6/site-packages/airflow/example_dags/tutorial_taskflow_api_etl.py
[2021-06-07 18:56:25,253] {logging_mixin.py:104} INFO - [2021-06-07 18:56:25,253] {dag.py:1832} INFO - Sync 1 DAGs
[2021-06-07 18:56:25,260] {logging_mixin.py:104} INFO - [2021-06-07 18:56:25,260] {dag.py:2305} INFO - Setting next_dagrun for tutorial_taskflow_api_etl to None
[2021-06-07 18:56:25,266] {scheduler_job.py:190} INFO - Processing /home/encrypted/abaceti/.virtualenvs/pumpwood-airflow-images/lib/python3.6/site-packages/airflow/example_dags/tutorial_taskflow_api_etl.py took 0.123 seconds
[2021-06-07 18:56:56,225] {scheduler_job.py:182} INFO - Started process (PID=12927) to work on /home/encrypted/abaceti/.virtualenvs/pumpwood-airflow-images/lib/python3.6/site-packages/airflow/example_dags/tutorial_taskflow_api_etl.py
[2021-06-07 18:56:56,226] {scheduler_job.py:633} INFO - Processing file /home/encrypted/abaceti/.virtualenvs/pumpwood-airflow-images/lib/python3.6/site-packages/airflow/example_dags/tutorial_taskflow_api_etl.py for tasks to queue
[2021-06-07 18:56:56,226] {logging_mixin.py:104} INFO - [2021-06-07 18:56:56,226] {dagbag.py:487} INFO - Filling up the DagBag from /home/encrypted/abaceti/.virtualenvs/pumpwood-airflow-images/lib/python3.6/site-packages/airflow/example_dags/tutorial_taskflow_api_etl.py
[2021-06-07 18:56:56,233] {scheduler_job.py:643} INFO - DAG(s) dict_keys(['tutorial_taskflow_api_etl']) retrieved from /home/encrypted/abaceti/.virtualenvs/pumpwood-airflow-images/lib/python3.6/site-packages/airflow/example_dags/tutorial_taskflow_api_etl.py
[2021-06-07 18:56:56,249] {logging_mixin.py:104} INFO - [2021-06-07 18:56:56,248] {dag.py:1832} INFO - Sync 1 DAGs
[2021-06-07 18:56:56,257] {logging_mixin.py:104} INFO - [2021-06-07 18:56:56,257] {dag.py:2305} INFO - Setting next_dagrun for tutorial_taskflow_api_etl to None
[2021-06-07 18:56:56,262] {scheduler_job.py:190} INFO - Processing /home/encrypted/abaceti/.virtualenvs/pumpwood-airflow-images/lib/python3.6/site-packages/airflow/example_dags/tutorial_taskflow_api_etl.py took 0.038 seconds
[2021-06-07 18:57:27,216] {scheduler_job.py:182} INFO - Started process (PID=13045) to work on /home/encrypted/abaceti/.virtualenvs/pumpwood-airflow-images/lib/python3.6/site-packages/airflow/example_dags/tutorial_taskflow_api_etl.py
[2021-06-07 18:57:27,217] {scheduler_job.py:633} INFO - Processing file /home/encrypted/abaceti/.virtualenvs/pumpwood-airflow-images/lib/python3.6/site-packages/airflow/example_dags/tutorial_taskflow_api_etl.py for tasks to queue
[2021-06-07 18:57:27,217] {logging_mixin.py:104} INFO - [2021-06-07 18:57:27,217] {dagbag.py:487} INFO - Filling up the DagBag from /home/encrypted/abaceti/.virtualenvs/pumpwood-airflow-images/lib/python3.6/site-packages/airflow/example_dags/tutorial_taskflow_api_etl.py
[2021-06-07 18:57:27,224] {scheduler_job.py:643} INFO - DAG(s) dict_keys(['tutorial_taskflow_api_etl']) retrieved from /home/encrypted/abaceti/.virtualenvs/pumpwood-airflow-images/lib/python3.6/site-packages/airflow/example_dags/tutorial_taskflow_api_etl.py
[2021-06-07 18:57:27,238] {logging_mixin.py:104} INFO - [2021-06-07 18:57:27,237] {dag.py:1832} INFO - Sync 1 DAGs
[2021-06-07 18:57:27,245] {logging_mixin.py:104} INFO - [2021-06-07 18:57:27,245] {dag.py:2305} INFO - Setting next_dagrun for tutorial_taskflow_api_etl to None
[2021-06-07 18:57:27,250] {scheduler_job.py:190} INFO - Processing /home/encrypted/abaceti/.virtualenvs/pumpwood-airflow-images/lib/python3.6/site-packages/airflow/example_dags/tutorial_taskflow_api_etl.py took 0.035 seconds
[2021-06-07 18:57:57,418] {scheduler_job.py:182} INFO - Started process (PID=13218) to work on /home/encrypted/abaceti/.virtualenvs/pumpwood-airflow-images/lib/python3.6/site-packages/airflow/example_dags/tutorial_taskflow_api_etl.py
[2021-06-07 18:57:57,418] {scheduler_job.py:633} INFO - Processing file /home/encrypted/abaceti/.virtualenvs/pumpwood-airflow-images/lib/python3.6/site-packages/airflow/example_dags/tutorial_taskflow_api_etl.py for tasks to queue
[2021-06-07 18:57:57,418] {logging_mixin.py:104} INFO - [2021-06-07 18:57:57,418] {dagbag.py:487} INFO - Filling up the DagBag from /home/encrypted/abaceti/.virtualenvs/pumpwood-airflow-images/lib/python3.6/site-packages/airflow/example_dags/tutorial_taskflow_api_etl.py
[2021-06-07 18:57:57,426] {scheduler_job.py:643} INFO - DAG(s) dict_keys(['tutorial_taskflow_api_etl']) retrieved from /home/encrypted/abaceti/.virtualenvs/pumpwood-airflow-images/lib/python3.6/site-packages/airflow/example_dags/tutorial_taskflow_api_etl.py
[2021-06-07 18:57:57,532] {logging_mixin.py:104} INFO - [2021-06-07 18:57:57,531] {dag.py:1832} INFO - Sync 1 DAGs
[2021-06-07 18:57:57,539] {logging_mixin.py:104} INFO - [2021-06-07 18:57:57,539] {dag.py:2305} INFO - Setting next_dagrun for tutorial_taskflow_api_etl to None
[2021-06-07 18:57:57,547] {scheduler_job.py:190} INFO - Processing /home/encrypted/abaceti/.virtualenvs/pumpwood-airflow-images/lib/python3.6/site-packages/airflow/example_dags/tutorial_taskflow_api_etl.py took 0.130 seconds
[2021-06-07 18:58:28,537] {scheduler_job.py:182} INFO - Started process (PID=13334) to work on /home/encrypted/abaceti/.virtualenvs/pumpwood-airflow-images/lib/python3.6/site-packages/airflow/example_dags/tutorial_taskflow_api_etl.py
[2021-06-07 18:58:28,538] {scheduler_job.py:633} INFO - Processing file /home/encrypted/abaceti/.virtualenvs/pumpwood-airflow-images/lib/python3.6/site-packages/airflow/example_dags/tutorial_taskflow_api_etl.py for tasks to queue
[2021-06-07 18:58:28,538] {logging_mixin.py:104} INFO - [2021-06-07 18:58:28,538] {dagbag.py:487} INFO - Filling up the DagBag from /home/encrypted/abaceti/.virtualenvs/pumpwood-airflow-images/lib/python3.6/site-packages/airflow/example_dags/tutorial_taskflow_api_etl.py
[2021-06-07 18:58:28,545] {scheduler_job.py:643} INFO - DAG(s) dict_keys(['tutorial_taskflow_api_etl']) retrieved from /home/encrypted/abaceti/.virtualenvs/pumpwood-airflow-images/lib/python3.6/site-packages/airflow/example_dags/tutorial_taskflow_api_etl.py
[2021-06-07 18:58:28,560] {logging_mixin.py:104} INFO - [2021-06-07 18:58:28,559] {dag.py:1832} INFO - Sync 1 DAGs
[2021-06-07 18:58:28,567] {logging_mixin.py:104} INFO - [2021-06-07 18:58:28,567] {dag.py:2305} INFO - Setting next_dagrun for tutorial_taskflow_api_etl to None
[2021-06-07 18:58:28,573] {scheduler_job.py:190} INFO - Processing /home/encrypted/abaceti/.virtualenvs/pumpwood-airflow-images/lib/python3.6/site-packages/airflow/example_dags/tutorial_taskflow_api_etl.py took 0.037 seconds
[2021-06-07 18:58:59,638] {scheduler_job.py:182} INFO - Started process (PID=13508) to work on /home/encrypted/abaceti/.virtualenvs/pumpwood-airflow-images/lib/python3.6/site-packages/airflow/example_dags/tutorial_taskflow_api_etl.py
[2021-06-07 18:58:59,639] {scheduler_job.py:633} INFO - Processing file /home/encrypted/abaceti/.virtualenvs/pumpwood-airflow-images/lib/python3.6/site-packages/airflow/example_dags/tutorial_taskflow_api_etl.py for tasks to queue
[2021-06-07 18:58:59,639] {logging_mixin.py:104} INFO - [2021-06-07 18:58:59,639] {dagbag.py:487} INFO - Filling up the DagBag from /home/encrypted/abaceti/.virtualenvs/pumpwood-airflow-images/lib/python3.6/site-packages/airflow/example_dags/tutorial_taskflow_api_etl.py
[2021-06-07 18:58:59,646] {scheduler_job.py:643} INFO - DAG(s) dict_keys(['tutorial_taskflow_api_etl']) retrieved from /home/encrypted/abaceti/.virtualenvs/pumpwood-airflow-images/lib/python3.6/site-packages/airflow/example_dags/tutorial_taskflow_api_etl.py
[2021-06-07 18:58:59,749] {logging_mixin.py:104} INFO - [2021-06-07 18:58:59,749] {dag.py:1832} INFO - Sync 1 DAGs
[2021-06-07 18:58:59,758] {logging_mixin.py:104} INFO - [2021-06-07 18:58:59,758] {dag.py:2305} INFO - Setting next_dagrun for tutorial_taskflow_api_etl to None
[2021-06-07 18:58:59,765] {scheduler_job.py:190} INFO - Processing /home/encrypted/abaceti/.virtualenvs/pumpwood-airflow-images/lib/python3.6/site-packages/airflow/example_dags/tutorial_taskflow_api_etl.py took 0.128 seconds
[2021-06-07 18:59:29,810] {scheduler_job.py:182} INFO - Started process (PID=13632) to work on /home/encrypted/abaceti/.virtualenvs/pumpwood-airflow-images/lib/python3.6/site-packages/airflow/example_dags/tutorial_taskflow_api_etl.py
[2021-06-07 18:59:29,810] {scheduler_job.py:633} INFO - Processing file /home/encrypted/abaceti/.virtualenvs/pumpwood-airflow-images/lib/python3.6/site-packages/airflow/example_dags/tutorial_taskflow_api_etl.py for tasks to queue
[2021-06-07 18:59:29,811] {logging_mixin.py:104} INFO - [2021-06-07 18:59:29,811] {dagbag.py:487} INFO - Filling up the DagBag from /home/encrypted/abaceti/.virtualenvs/pumpwood-airflow-images/lib/python3.6/site-packages/airflow/example_dags/tutorial_taskflow_api_etl.py
[2021-06-07 18:59:29,818] {scheduler_job.py:643} INFO - DAG(s) dict_keys(['tutorial_taskflow_api_etl']) retrieved from /home/encrypted/abaceti/.virtualenvs/pumpwood-airflow-images/lib/python3.6/site-packages/airflow/example_dags/tutorial_taskflow_api_etl.py
[2021-06-07 18:59:29,926] {logging_mixin.py:104} INFO - [2021-06-07 18:59:29,925] {dag.py:1832} INFO - Sync 1 DAGs
[2021-06-07 18:59:29,933] {logging_mixin.py:104} INFO - [2021-06-07 18:59:29,933] {dag.py:2305} INFO - Setting next_dagrun for tutorial_taskflow_api_etl to None
[2021-06-07 18:59:29,941] {scheduler_job.py:190} INFO - Processing /home/encrypted/abaceti/.virtualenvs/pumpwood-airflow-images/lib/python3.6/site-packages/airflow/example_dags/tutorial_taskflow_api_etl.py took 0.132 seconds
[2021-06-07 18:59:59,955] {scheduler_job.py:182} INFO - Started process (PID=13795) to work on /home/encrypted/abaceti/.virtualenvs/pumpwood-airflow-images/lib/python3.6/site-packages/airflow/example_dags/tutorial_taskflow_api_etl.py
[2021-06-07 18:59:59,955] {scheduler_job.py:633} INFO - Processing file /home/encrypted/abaceti/.virtualenvs/pumpwood-airflow-images/lib/python3.6/site-packages/airflow/example_dags/tutorial_taskflow_api_etl.py for tasks to queue
[2021-06-07 18:59:59,955] {logging_mixin.py:104} INFO - [2021-06-07 18:59:59,955] {dagbag.py:487} INFO - Filling up the DagBag from /home/encrypted/abaceti/.virtualenvs/pumpwood-airflow-images/lib/python3.6/site-packages/airflow/example_dags/tutorial_taskflow_api_etl.py
[2021-06-07 18:59:59,963] {scheduler_job.py:643} INFO - DAG(s) dict_keys(['tutorial_taskflow_api_etl']) retrieved from /home/encrypted/abaceti/.virtualenvs/pumpwood-airflow-images/lib/python3.6/site-packages/airflow/example_dags/tutorial_taskflow_api_etl.py
[2021-06-07 19:00:00,072] {logging_mixin.py:104} INFO - [2021-06-07 19:00:00,072] {dag.py:1832} INFO - Sync 1 DAGs
[2021-06-07 19:00:00,080] {logging_mixin.py:104} INFO - [2021-06-07 19:00:00,080] {dag.py:2305} INFO - Setting next_dagrun for tutorial_taskflow_api_etl to None
[2021-06-07 19:00:00,087] {scheduler_job.py:190} INFO - Processing /home/encrypted/abaceti/.virtualenvs/pumpwood-airflow-images/lib/python3.6/site-packages/airflow/example_dags/tutorial_taskflow_api_etl.py took 0.134 seconds
[2021-06-07 19:00:30,207] {scheduler_job.py:182} INFO - Started process (PID=13913) to work on /home/encrypted/abaceti/.virtualenvs/pumpwood-airflow-images/lib/python3.6/site-packages/airflow/example_dags/tutorial_taskflow_api_etl.py
[2021-06-07 19:00:30,207] {scheduler_job.py:633} INFO - Processing file /home/encrypted/abaceti/.virtualenvs/pumpwood-airflow-images/lib/python3.6/site-packages/airflow/example_dags/tutorial_taskflow_api_etl.py for tasks to queue
[2021-06-07 19:00:30,207] {logging_mixin.py:104} INFO - [2021-06-07 19:00:30,207] {dagbag.py:487} INFO - Filling up the DagBag from /home/encrypted/abaceti/.virtualenvs/pumpwood-airflow-images/lib/python3.6/site-packages/airflow/example_dags/tutorial_taskflow_api_etl.py
[2021-06-07 19:00:30,215] {scheduler_job.py:643} INFO - DAG(s) dict_keys(['tutorial_taskflow_api_etl']) retrieved from /home/encrypted/abaceti/.virtualenvs/pumpwood-airflow-images/lib/python3.6/site-packages/airflow/example_dags/tutorial_taskflow_api_etl.py
[2021-06-07 19:00:30,229] {logging_mixin.py:104} INFO - [2021-06-07 19:00:30,228] {dag.py:1832} INFO - Sync 1 DAGs
[2021-06-07 19:00:30,237] {logging_mixin.py:104} INFO - [2021-06-07 19:00:30,236] {dag.py:2305} INFO - Setting next_dagrun for tutorial_taskflow_api_etl to None
[2021-06-07 19:00:30,242] {scheduler_job.py:190} INFO - Processing /home/encrypted/abaceti/.virtualenvs/pumpwood-airflow-images/lib/python3.6/site-packages/airflow/example_dags/tutorial_taskflow_api_etl.py took 0.037 seconds
[2021-06-07 19:01:00,331] {scheduler_job.py:182} INFO - Started process (PID=14104) to work on /home/encrypted/abaceti/.virtualenvs/pumpwood-airflow-images/lib/python3.6/site-packages/airflow/example_dags/tutorial_taskflow_api_etl.py
[2021-06-07 19:01:00,331] {scheduler_job.py:633} INFO - Processing file /home/encrypted/abaceti/.virtualenvs/pumpwood-airflow-images/lib/python3.6/site-packages/airflow/example_dags/tutorial_taskflow_api_etl.py for tasks to queue
[2021-06-07 19:01:00,332] {logging_mixin.py:104} INFO - [2021-06-07 19:01:00,332] {dagbag.py:487} INFO - Filling up the DagBag from /home/encrypted/abaceti/.virtualenvs/pumpwood-airflow-images/lib/python3.6/site-packages/airflow/example_dags/tutorial_taskflow_api_etl.py
[2021-06-07 19:01:00,339] {scheduler_job.py:643} INFO - DAG(s) dict_keys(['tutorial_taskflow_api_etl']) retrieved from /home/encrypted/abaceti/.virtualenvs/pumpwood-airflow-images/lib/python3.6/site-packages/airflow/example_dags/tutorial_taskflow_api_etl.py
[2021-06-07 19:01:00,353] {logging_mixin.py:104} INFO - [2021-06-07 19:01:00,353] {dag.py:1832} INFO - Sync 1 DAGs
[2021-06-07 19:01:00,362] {logging_mixin.py:104} INFO - [2021-06-07 19:01:00,362] {dag.py:2305} INFO - Setting next_dagrun for tutorial_taskflow_api_etl to None
[2021-06-07 19:01:00,367] {scheduler_job.py:190} INFO - Processing /home/encrypted/abaceti/.virtualenvs/pumpwood-airflow-images/lib/python3.6/site-packages/airflow/example_dags/tutorial_taskflow_api_etl.py took 0.038 seconds
[2021-06-07 19:01:30,589] {scheduler_job.py:182} INFO - Started process (PID=14224) to work on /home/encrypted/abaceti/.virtualenvs/pumpwood-airflow-images/lib/python3.6/site-packages/airflow/example_dags/tutorial_taskflow_api_etl.py
[2021-06-07 19:01:30,590] {scheduler_job.py:633} INFO - Processing file /home/encrypted/abaceti/.virtualenvs/pumpwood-airflow-images/lib/python3.6/site-packages/airflow/example_dags/tutorial_taskflow_api_etl.py for tasks to queue
[2021-06-07 19:01:30,590] {logging_mixin.py:104} INFO - [2021-06-07 19:01:30,590] {dagbag.py:487} INFO - Filling up the DagBag from /home/encrypted/abaceti/.virtualenvs/pumpwood-airflow-images/lib/python3.6/site-packages/airflow/example_dags/tutorial_taskflow_api_etl.py
[2021-06-07 19:01:30,597] {scheduler_job.py:643} INFO - DAG(s) dict_keys(['tutorial_taskflow_api_etl']) retrieved from /home/encrypted/abaceti/.virtualenvs/pumpwood-airflow-images/lib/python3.6/site-packages/airflow/example_dags/tutorial_taskflow_api_etl.py
[2021-06-07 19:01:30,698] {logging_mixin.py:104} INFO - [2021-06-07 19:01:30,698] {dag.py:1832} INFO - Sync 1 DAGs
[2021-06-07 19:01:30,705] {logging_mixin.py:104} INFO - [2021-06-07 19:01:30,705] {dag.py:2305} INFO - Setting next_dagrun for tutorial_taskflow_api_etl to None
[2021-06-07 19:01:30,712] {scheduler_job.py:190} INFO - Processing /home/encrypted/abaceti/.virtualenvs/pumpwood-airflow-images/lib/python3.6/site-packages/airflow/example_dags/tutorial_taskflow_api_etl.py took 0.124 seconds
[2021-06-07 19:02:00,818] {scheduler_job.py:182} INFO - Started process (PID=14408) to work on /home/encrypted/abaceti/.virtualenvs/pumpwood-airflow-images/lib/python3.6/site-packages/airflow/example_dags/tutorial_taskflow_api_etl.py
[2021-06-07 19:02:00,819] {scheduler_job.py:633} INFO - Processing file /home/encrypted/abaceti/.virtualenvs/pumpwood-airflow-images/lib/python3.6/site-packages/airflow/example_dags/tutorial_taskflow_api_etl.py for tasks to queue
[2021-06-07 19:02:00,819] {logging_mixin.py:104} INFO - [2021-06-07 19:02:00,819] {dagbag.py:487} INFO - Filling up the DagBag from /home/encrypted/abaceti/.virtualenvs/pumpwood-airflow-images/lib/python3.6/site-packages/airflow/example_dags/tutorial_taskflow_api_etl.py
[2021-06-07 19:02:00,828] {scheduler_job.py:643} INFO - DAG(s) dict_keys(['tutorial_taskflow_api_etl']) retrieved from /home/encrypted/abaceti/.virtualenvs/pumpwood-airflow-images/lib/python3.6/site-packages/airflow/example_dags/tutorial_taskflow_api_etl.py
[2021-06-07 19:02:00,945] {logging_mixin.py:104} INFO - [2021-06-07 19:02:00,945] {dag.py:1832} INFO - Sync 1 DAGs
[2021-06-07 19:02:00,953] {logging_mixin.py:104} INFO - [2021-06-07 19:02:00,953] {dag.py:2305} INFO - Setting next_dagrun for tutorial_taskflow_api_etl to None
[2021-06-07 19:02:00,959] {scheduler_job.py:190} INFO - Processing /home/encrypted/abaceti/.virtualenvs/pumpwood-airflow-images/lib/python3.6/site-packages/airflow/example_dags/tutorial_taskflow_api_etl.py took 0.143 seconds
[2021-06-07 19:02:30,988] {scheduler_job.py:182} INFO - Started process (PID=14622) to work on /home/encrypted/abaceti/.virtualenvs/pumpwood-airflow-images/lib/python3.6/site-packages/airflow/example_dags/tutorial_taskflow_api_etl.py
[2021-06-07 19:02:30,989] {scheduler_job.py:633} INFO - Processing file /home/encrypted/abaceti/.virtualenvs/pumpwood-airflow-images/lib/python3.6/site-packages/airflow/example_dags/tutorial_taskflow_api_etl.py for tasks to queue
[2021-06-07 19:02:30,989] {logging_mixin.py:104} INFO - [2021-06-07 19:02:30,989] {dagbag.py:487} INFO - Filling up the DagBag from /home/encrypted/abaceti/.virtualenvs/pumpwood-airflow-images/lib/python3.6/site-packages/airflow/example_dags/tutorial_taskflow_api_etl.py
[2021-06-07 19:02:30,997] {scheduler_job.py:643} INFO - DAG(s) dict_keys(['tutorial_taskflow_api_etl']) retrieved from /home/encrypted/abaceti/.virtualenvs/pumpwood-airflow-images/lib/python3.6/site-packages/airflow/example_dags/tutorial_taskflow_api_etl.py
[2021-06-07 19:02:31,012] {logging_mixin.py:104} INFO - [2021-06-07 19:02:31,012] {dag.py:1832} INFO - Sync 1 DAGs
[2021-06-07 19:02:31,021] {logging_mixin.py:104} INFO - [2021-06-07 19:02:31,021] {dag.py:2305} INFO - Setting next_dagrun for tutorial_taskflow_api_etl to None
[2021-06-07 19:02:31,027] {scheduler_job.py:190} INFO - Processing /home/encrypted/abaceti/.virtualenvs/pumpwood-airflow-images/lib/python3.6/site-packages/airflow/example_dags/tutorial_taskflow_api_etl.py took 0.040 seconds
