[2021-06-07 18:52:42,679] {taskinstance.py:876} INFO - Dependencies all met for <TaskInstance: example_bash_operator.this_will_skip 2021-06-05T00:00:00+00:00 [queued]>
[2021-06-07 18:52:42,698] {taskinstance.py:876} INFO - Dependencies all met for <TaskInstance: example_bash_operator.this_will_skip 2021-06-05T00:00:00+00:00 [queued]>
[2021-06-07 18:52:42,698] {taskinstance.py:1067} INFO - 
--------------------------------------------------------------------------------
[2021-06-07 18:52:42,698] {taskinstance.py:1068} INFO - Starting attempt 1 of 1
[2021-06-07 18:52:42,700] {taskinstance.py:1069} INFO - 
--------------------------------------------------------------------------------
[2021-06-07 18:52:42,720] {taskinstance.py:1087} INFO - Executing <Task(BashOperator): this_will_skip> on 2021-06-05T00:00:00+00:00
[2021-06-07 18:52:42,725] {standard_task_runner.py:52} INFO - Started process 10222 to run task
[2021-06-07 18:52:42,728] {standard_task_runner.py:76} INFO - Running: ['airflow', 'tasks', 'run', 'example_bash_operator', 'this_will_skip', '2021-06-05T00:00:00+00:00', '--job-id', '5', '--pool', 'default_pool', '--raw', '--subdir', '/home/encrypted/abaceti/.virtualenvs/***-airflow-images/lib/python3.6/site-packages/airflow/example_dags/example_bash_operator.py', '--cfg-path', '/tmp/tmpnzw0bv3i', '--error-file', '/tmp/tmp230xwypk']
[2021-06-07 18:52:42,728] {standard_task_runner.py:77} INFO - Job 5: Subtask this_will_skip
[2021-06-07 18:52:42,794] {logging_mixin.py:104} INFO - Running <TaskInstance: example_bash_operator.this_will_skip 2021-06-05T00:00:00+00:00 [running]> on host abaceti-A62-LIV
[2021-06-07 18:52:42,886] {taskinstance.py:1282} INFO - Exporting the following env vars:
AIRFLOW_CTX_DAG_OWNER=airflow
AIRFLOW_CTX_DAG_ID=example_bash_operator
AIRFLOW_CTX_TASK_ID=this_will_skip
AIRFLOW_CTX_EXECUTION_DATE=2021-06-05T00:00:00+00:00
AIRFLOW_CTX_DAG_RUN_ID=scheduled__2021-06-05T00:00:00+00:00
[2021-06-07 18:52:42,887] {subprocess.py:52} INFO - Tmp dir root location: 
 /tmp
[2021-06-07 18:52:42,887] {subprocess.py:63} INFO - Running command: ['bash', '-c', 'echo "hello world"; exit 99;']
[2021-06-07 18:52:42,896] {subprocess.py:75} INFO - Output:
[2021-06-07 18:52:42,897] {subprocess.py:79} INFO - hello world
[2021-06-07 18:52:42,897] {subprocess.py:83} INFO - Command exited with return code 99
[2021-06-07 18:52:42,898] {taskinstance.py:1147} INFO - Bash command returned exit code 99. Skipping.
[2021-06-07 18:52:42,911] {taskinstance.py:1157} INFO - Marking task as SKIPPED. dag_id=example_bash_operator, task_id=this_will_skip, execution_date=20210605T000000, start_date=20210607T215242, end_date=
[2021-06-07 18:52:42,912] {taskinstance.py:1191} INFO - Marking task as SUCCESS. dag_id=example_bash_operator, task_id=this_will_skip, execution_date=20210605T000000, start_date=20210607T215242, end_date=20210607T215242
[2021-06-07 18:52:42,935] {taskinstance.py:1245} INFO - 0 downstream tasks scheduled from follow-on schedule check
[2021-06-07 18:52:42,949] {local_task_job.py:151} INFO - Task exited with return code 0
