[2021-06-07 18:52:42,718] {taskinstance.py:876} INFO - Dependencies all met for <TaskInstance: example_bash_operator.runme_0 2021-06-05T00:00:00+00:00 [queued]>
[2021-06-07 18:52:42,729] {taskinstance.py:876} INFO - Dependencies all met for <TaskInstance: example_bash_operator.runme_0 2021-06-05T00:00:00+00:00 [queued]>
[2021-06-07 18:52:42,729] {taskinstance.py:1067} INFO - 
--------------------------------------------------------------------------------
[2021-06-07 18:52:42,730] {taskinstance.py:1068} INFO - Starting attempt 1 of 1
[2021-06-07 18:52:42,731] {taskinstance.py:1069} INFO - 
--------------------------------------------------------------------------------
[2021-06-07 18:52:42,751] {taskinstance.py:1087} INFO - Executing <Task(BashOperator): runme_0> on 2021-06-05T00:00:00+00:00
[2021-06-07 18:52:42,756] {standard_task_runner.py:52} INFO - Started process 10241 to run task
[2021-06-07 18:52:42,761] {standard_task_runner.py:76} INFO - Running: ['airflow', 'tasks', 'run', 'example_bash_operator', 'runme_0', '2021-06-05T00:00:00+00:00', '--job-id', '11', '--pool', 'default_pool', '--raw', '--subdir', '/home/encrypted/abaceti/.virtualenvs/***-airflow-images/lib/python3.6/site-packages/airflow/example_dags/example_bash_operator.py', '--cfg-path', '/tmp/tmpkgzhd7rx', '--error-file', '/tmp/tmp84nsuhx9']
[2021-06-07 18:52:42,761] {standard_task_runner.py:77} INFO - Job 11: Subtask runme_0
[2021-06-07 18:52:42,813] {logging_mixin.py:104} INFO - Running <TaskInstance: example_bash_operator.runme_0 2021-06-05T00:00:00+00:00 [running]> on host abaceti-A62-LIV
[2021-06-07 18:52:42,898] {taskinstance.py:1282} INFO - Exporting the following env vars:
AIRFLOW_CTX_DAG_OWNER=airflow
AIRFLOW_CTX_DAG_ID=example_bash_operator
AIRFLOW_CTX_TASK_ID=runme_0
AIRFLOW_CTX_EXECUTION_DATE=2021-06-05T00:00:00+00:00
AIRFLOW_CTX_DAG_RUN_ID=scheduled__2021-06-05T00:00:00+00:00
[2021-06-07 18:52:42,899] {subprocess.py:52} INFO - Tmp dir root location: 
 /tmp
[2021-06-07 18:52:42,899] {subprocess.py:63} INFO - Running command: ['bash', '-c', 'echo "example_bash_operator__runme_0__20210605" && sleep 1']
[2021-06-07 18:52:42,906] {subprocess.py:75} INFO - Output:
[2021-06-07 18:52:42,907] {subprocess.py:79} INFO - example_bash_operator__runme_0__20210605
[2021-06-07 18:52:43,908] {subprocess.py:83} INFO - Command exited with return code 0
[2021-06-07 18:52:43,935] {taskinstance.py:1191} INFO - Marking task as SUCCESS. dag_id=example_bash_operator, task_id=runme_0, execution_date=20210605T000000, start_date=20210607T215242, end_date=20210607T215243
[2021-06-07 18:52:43,965] {taskinstance.py:1245} INFO - 0 downstream tasks scheduled from follow-on schedule check
[2021-06-07 18:52:43,975] {local_task_job.py:151} INFO - Task exited with return code 0
