[2021-06-07 18:52:42,693] {taskinstance.py:876} INFO - Dependencies all met for <TaskInstance: example_bash_operator.runme_1 2021-06-05T00:00:00+00:00 [queued]>
[2021-06-07 18:52:42,707] {taskinstance.py:876} INFO - Dependencies all met for <TaskInstance: example_bash_operator.runme_1 2021-06-05T00:00:00+00:00 [queued]>
[2021-06-07 18:52:42,707] {taskinstance.py:1067} INFO - 
--------------------------------------------------------------------------------
[2021-06-07 18:52:42,707] {taskinstance.py:1068} INFO - Starting attempt 1 of 1
[2021-06-07 18:52:42,709] {taskinstance.py:1069} INFO - 
--------------------------------------------------------------------------------
[2021-06-07 18:52:42,727] {taskinstance.py:1087} INFO - Executing <Task(BashOperator): runme_1> on 2021-06-05T00:00:00+00:00
[2021-06-07 18:52:42,732] {standard_task_runner.py:52} INFO - Started process 10227 to run task
[2021-06-07 18:52:42,735] {standard_task_runner.py:76} INFO - Running: ['airflow', 'tasks', 'run', 'example_bash_operator', 'runme_1', '2021-06-05T00:00:00+00:00', '--job-id', '6', '--pool', 'default_pool', '--raw', '--subdir', '/home/encrypted/abaceti/.virtualenvs/***-airflow-images/lib/python3.6/site-packages/airflow/example_dags/example_bash_operator.py', '--cfg-path', '/tmp/tmpi33au5fr', '--error-file', '/tmp/tmpxdob1v9q']
[2021-06-07 18:52:42,735] {standard_task_runner.py:77} INFO - Job 6: Subtask runme_1
[2021-06-07 18:52:42,793] {logging_mixin.py:104} INFO - Running <TaskInstance: example_bash_operator.runme_1 2021-06-05T00:00:00+00:00 [running]> on host abaceti-A62-LIV
[2021-06-07 18:52:42,876] {taskinstance.py:1282} INFO - Exporting the following env vars:
AIRFLOW_CTX_DAG_OWNER=airflow
AIRFLOW_CTX_DAG_ID=example_bash_operator
AIRFLOW_CTX_TASK_ID=runme_1
AIRFLOW_CTX_EXECUTION_DATE=2021-06-05T00:00:00+00:00
AIRFLOW_CTX_DAG_RUN_ID=scheduled__2021-06-05T00:00:00+00:00
[2021-06-07 18:52:42,877] {subprocess.py:52} INFO - Tmp dir root location: 
 /tmp
[2021-06-07 18:52:42,877] {subprocess.py:63} INFO - Running command: ['bash', '-c', 'echo "example_bash_operator__runme_1__20210605" && sleep 1']
[2021-06-07 18:52:42,886] {subprocess.py:75} INFO - Output:
[2021-06-07 18:52:42,886] {subprocess.py:79} INFO - example_bash_operator__runme_1__20210605
[2021-06-07 18:52:43,887] {subprocess.py:83} INFO - Command exited with return code 0
[2021-06-07 18:52:43,915] {taskinstance.py:1191} INFO - Marking task as SUCCESS. dag_id=example_bash_operator, task_id=runme_1, execution_date=20210605T000000, start_date=20210607T215242, end_date=20210607T215243
[2021-06-07 18:52:43,943] {taskinstance.py:1245} INFO - 0 downstream tasks scheduled from follow-on schedule check
[2021-06-07 18:52:43,950] {local_task_job.py:151} INFO - Task exited with return code 0
