[2021-06-07 18:52:42,714] {taskinstance.py:876} INFO - Dependencies all met for <TaskInstance: example_bash_operator.also_run_this 2021-06-07T21:51:38.947406+00:00 [queued]>
[2021-06-07 18:52:42,725] {taskinstance.py:876} INFO - Dependencies all met for <TaskInstance: example_bash_operator.also_run_this 2021-06-07T21:51:38.947406+00:00 [queued]>
[2021-06-07 18:52:42,725] {taskinstance.py:1067} INFO - 
--------------------------------------------------------------------------------
[2021-06-07 18:52:42,725] {taskinstance.py:1068} INFO - Starting attempt 1 of 1
[2021-06-07 18:52:42,727] {taskinstance.py:1069} INFO - 
--------------------------------------------------------------------------------
[2021-06-07 18:52:42,749] {taskinstance.py:1087} INFO - Executing <Task(BashOperator): also_run_this> on 2021-06-07T21:51:38.947406+00:00
[2021-06-07 18:52:42,755] {standard_task_runner.py:52} INFO - Started process 10239 to run task
[2021-06-07 18:52:42,761] {standard_task_runner.py:76} INFO - Running: ['airflow', 'tasks', 'run', 'example_bash_operator', 'also_run_this', '2021-06-07T21:51:38.947406+00:00', '--job-id', '10', '--pool', 'default_pool', '--raw', '--subdir', '/home/encrypted/abaceti/.virtualenvs/***-airflow-images/lib/python3.6/site-packages/airflow/example_dags/example_bash_operator.py', '--cfg-path', '/tmp/tmpt7dsagkm', '--error-file', '/tmp/tmpmmvu__bk']
[2021-06-07 18:52:42,761] {standard_task_runner.py:77} INFO - Job 10: Subtask also_run_this
[2021-06-07 18:52:42,810] {logging_mixin.py:104} INFO - Running <TaskInstance: example_bash_operator.also_run_this 2021-06-07T21:51:38.947406+00:00 [running]> on host abaceti-A62-LIV
[2021-06-07 18:52:42,892] {taskinstance.py:1282} INFO - Exporting the following env vars:
AIRFLOW_CTX_DAG_OWNER=airflow
AIRFLOW_CTX_DAG_ID=example_bash_operator
AIRFLOW_CTX_TASK_ID=also_run_this
AIRFLOW_CTX_EXECUTION_DATE=2021-06-07T21:51:38.947406+00:00
AIRFLOW_CTX_DAG_RUN_ID=manual__2021-06-07T21:51:38.947406+00:00
[2021-06-07 18:52:42,893] {subprocess.py:52} INFO - Tmp dir root location: 
 /tmp
[2021-06-07 18:52:42,893] {subprocess.py:63} INFO - Running command: ['bash', '-c', 'echo "run_id=manual__2021-06-07T21:51:38.947406+00:00 | dag_run=<DagRun example_bash_operator @ 2021-06-07 21:51:38.947406+00:00: manual__2021-06-07T21:51:38.947406+00:00, externally triggered: True>"']
[2021-06-07 18:52:42,900] {subprocess.py:75} INFO - Output:
[2021-06-07 18:52:42,901] {subprocess.py:79} INFO - run_id=manual__2021-06-07T21:51:38.947406+00:00 | dag_run=<DagRun example_bash_operator @ 2021-06-07 21:51:38.947406+00:00: manual__2021-06-07T21:51:38.947406+00:00, externally triggered: True>
[2021-06-07 18:52:42,901] {subprocess.py:83} INFO - Command exited with return code 0
[2021-06-07 18:52:42,930] {taskinstance.py:1191} INFO - Marking task as SUCCESS. dag_id=example_bash_operator, task_id=also_run_this, execution_date=20210607T215138, start_date=20210607T215242, end_date=20210607T215242
[2021-06-07 18:52:42,963] {taskinstance.py:1245} INFO - 0 downstream tasks scheduled from follow-on schedule check
[2021-06-07 18:52:42,973] {local_task_job.py:151} INFO - Task exited with return code 0
