[2021-06-07 18:54:20,264] {taskinstance.py:876} INFO - Dependencies all met for <TaskInstance: example_python_operator.sleep_for_1 2021-06-07T21:54:12.435420+00:00 [queued]>
[2021-06-07 18:54:20,273] {taskinstance.py:876} INFO - Dependencies all met for <TaskInstance: example_python_operator.sleep_for_1 2021-06-07T21:54:12.435420+00:00 [queued]>
[2021-06-07 18:54:20,273] {taskinstance.py:1067} INFO - 
--------------------------------------------------------------------------------
[2021-06-07 18:54:20,273] {taskinstance.py:1068} INFO - Starting attempt 1 of 1
[2021-06-07 18:54:20,274] {taskinstance.py:1069} INFO - 
--------------------------------------------------------------------------------
[2021-06-07 18:54:20,289] {taskinstance.py:1087} INFO - Executing <Task(PythonOperator): sleep_for_1> on 2021-06-07T21:54:12.435420+00:00
[2021-06-07 18:54:20,294] {standard_task_runner.py:52} INFO - Started process 11787 to run task
[2021-06-07 18:54:20,296] {standard_task_runner.py:76} INFO - Running: ['airflow', 'tasks', 'run', 'example_python_operator', 'sleep_for_1', '2021-06-07T21:54:12.435420+00:00', '--job-id', '39', '--pool', 'default_pool', '--raw', '--subdir', '/home/encrypted/abaceti/.virtualenvs/***-airflow-images/lib/python3.6/site-packages/airflow/example_dags/example_python_operator.py', '--cfg-path', '/tmp/tmp1nvd_unb', '--error-file', '/tmp/tmpul_kkrx_']
[2021-06-07 18:54:20,297] {standard_task_runner.py:77} INFO - Job 39: Subtask sleep_for_1
[2021-06-07 18:54:20,333] {logging_mixin.py:104} INFO - Running <TaskInstance: example_python_operator.sleep_for_1 2021-06-07T21:54:12.435420+00:00 [running]> on host abaceti-A62-LIV
[2021-06-07 18:54:20,377] {taskinstance.py:1282} INFO - Exporting the following env vars:
AIRFLOW_CTX_DAG_OWNER=airflow
AIRFLOW_CTX_DAG_ID=example_python_operator
AIRFLOW_CTX_TASK_ID=sleep_for_1
AIRFLOW_CTX_EXECUTION_DATE=2021-06-07T21:54:12.435420+00:00
AIRFLOW_CTX_DAG_RUN_ID=manual__2021-06-07T21:54:12.435420+00:00
[2021-06-07 18:54:20,477] {python.py:151} INFO - Done. Returned value was: None
[2021-06-07 18:54:20,503] {taskinstance.py:1191} INFO - Marking task as SUCCESS. dag_id=example_python_operator, task_id=sleep_for_1, execution_date=20210607T215412, start_date=20210607T215420, end_date=20210607T215420
[2021-06-07 18:54:20,549] {taskinstance.py:1245} INFO - 0 downstream tasks scheduled from follow-on schedule check
[2021-06-07 18:54:20,588] {local_task_job.py:151} INFO - Task exited with return code 0
