[2021-06-07 18:52:44,531] {taskinstance.py:876} INFO - Dependencies all met for <TaskInstance: example_bash_operator.run_after_loop 2021-06-05T00:00:00+00:00 [queued]>
[2021-06-07 18:52:44,538] {taskinstance.py:876} INFO - Dependencies all met for <TaskInstance: example_bash_operator.run_after_loop 2021-06-05T00:00:00+00:00 [queued]>
[2021-06-07 18:52:44,538] {taskinstance.py:1067} INFO - 
--------------------------------------------------------------------------------
[2021-06-07 18:52:44,538] {taskinstance.py:1068} INFO - Starting attempt 1 of 1
[2021-06-07 18:52:44,540] {taskinstance.py:1069} INFO - 
--------------------------------------------------------------------------------
[2021-06-07 18:52:44,553] {taskinstance.py:1087} INFO - Executing <Task(BashOperator): run_after_loop> on 2021-06-05T00:00:00+00:00
[2021-06-07 18:52:44,556] {standard_task_runner.py:52} INFO - Started process 10665 to run task
[2021-06-07 18:52:44,559] {standard_task_runner.py:76} INFO - Running: ['airflow', 'tasks', 'run', 'example_bash_operator', 'run_after_loop', '2021-06-05T00:00:00+00:00', '--job-id', '18', '--pool', 'default_pool', '--raw', '--subdir', '/home/encrypted/abaceti/.virtualenvs/***-airflow-images/lib/python3.6/site-packages/airflow/example_dags/example_bash_operator.py', '--cfg-path', '/tmp/tmpl0ah9k4j', '--error-file', '/tmp/tmpcyrb_rev']
[2021-06-07 18:52:44,559] {standard_task_runner.py:77} INFO - Job 18: Subtask run_after_loop
[2021-06-07 18:52:44,593] {logging_mixin.py:104} INFO - Running <TaskInstance: example_bash_operator.run_after_loop 2021-06-05T00:00:00+00:00 [running]> on host abaceti-A62-LIV
[2021-06-07 18:52:44,643] {taskinstance.py:1282} INFO - Exporting the following env vars:
AIRFLOW_CTX_DAG_OWNER=airflow
AIRFLOW_CTX_DAG_ID=example_bash_operator
AIRFLOW_CTX_TASK_ID=run_after_loop
AIRFLOW_CTX_EXECUTION_DATE=2021-06-05T00:00:00+00:00
AIRFLOW_CTX_DAG_RUN_ID=scheduled__2021-06-05T00:00:00+00:00
[2021-06-07 18:52:44,644] {subprocess.py:52} INFO - Tmp dir root location: 
 /tmp
[2021-06-07 18:52:44,644] {subprocess.py:63} INFO - Running command: ['bash', '-c', 'echo 1']
[2021-06-07 18:52:44,649] {subprocess.py:75} INFO - Output:
[2021-06-07 18:52:44,650] {subprocess.py:79} INFO - 1
[2021-06-07 18:52:44,650] {subprocess.py:83} INFO - Command exited with return code 0
[2021-06-07 18:52:44,673] {taskinstance.py:1191} INFO - Marking task as SUCCESS. dag_id=example_bash_operator, task_id=run_after_loop, execution_date=20210605T000000, start_date=20210607T215244, end_date=20210607T215244
[2021-06-07 18:52:44,694] {taskinstance.py:1245} INFO - 0 downstream tasks scheduled from follow-on schedule check
[2021-06-07 18:52:44,730] {local_task_job.py:151} INFO - Task exited with return code 0
