[2021-06-07 18:53:29,782] {taskinstance.py:876} INFO - Dependencies all met for <TaskInstance: example_bash_operator.runme_2 2021-06-07T21:53:28.791199+00:00 [queued]>
[2021-06-07 18:53:29,795] {taskinstance.py:876} INFO - Dependencies all met for <TaskInstance: example_bash_operator.runme_2 2021-06-07T21:53:28.791199+00:00 [queued]>
[2021-06-07 18:53:29,796] {taskinstance.py:1067} INFO - 
--------------------------------------------------------------------------------
[2021-06-07 18:53:29,796] {taskinstance.py:1068} INFO - Starting attempt 1 of 1
[2021-06-07 18:53:29,797] {taskinstance.py:1069} INFO - 
--------------------------------------------------------------------------------
[2021-06-07 18:53:29,812] {taskinstance.py:1087} INFO - Executing <Task(BashOperator): runme_2> on 2021-06-07T21:53:28.791199+00:00
[2021-06-07 18:53:29,818] {standard_task_runner.py:52} INFO - Started process 11260 to run task
[2021-06-07 18:53:29,820] {standard_task_runner.py:76} INFO - Running: ['airflow', 'tasks', 'run', 'example_bash_operator', 'runme_2', '2021-06-07T21:53:28.791199+00:00', '--job-id', '31', '--pool', 'default_pool', '--raw', '--subdir', '/home/encrypted/abaceti/.virtualenvs/***-airflow-images/lib/python3.6/site-packages/airflow/example_dags/example_bash_operator.py', '--cfg-path', '/tmp/tmp3rkbkx8x', '--error-file', '/tmp/tmpnht4e82_']
[2021-06-07 18:53:29,821] {standard_task_runner.py:77} INFO - Job 31: Subtask runme_2
[2021-06-07 18:53:29,862] {logging_mixin.py:104} INFO - Running <TaskInstance: example_bash_operator.runme_2 2021-06-07T21:53:28.791199+00:00 [running]> on host abaceti-A62-LIV
[2021-06-07 18:53:29,920] {taskinstance.py:1282} INFO - Exporting the following env vars:
AIRFLOW_CTX_DAG_OWNER=airflow
AIRFLOW_CTX_DAG_ID=example_bash_operator
AIRFLOW_CTX_TASK_ID=runme_2
AIRFLOW_CTX_EXECUTION_DATE=2021-06-07T21:53:28.791199+00:00
AIRFLOW_CTX_DAG_RUN_ID=manual__2021-06-07T21:53:28.791199+00:00
[2021-06-07 18:53:29,920] {subprocess.py:52} INFO - Tmp dir root location: 
 /tmp
[2021-06-07 18:53:29,921] {subprocess.py:63} INFO - Running command: ['bash', '-c', 'echo "example_bash_operator__runme_2__20210607" && sleep 1']
[2021-06-07 18:53:29,928] {subprocess.py:75} INFO - Output:
[2021-06-07 18:53:29,928] {subprocess.py:79} INFO - example_bash_operator__runme_2__20210607
[2021-06-07 18:53:30,929] {subprocess.py:83} INFO - Command exited with return code 0
[2021-06-07 18:53:30,953] {taskinstance.py:1191} INFO - Marking task as SUCCESS. dag_id=example_bash_operator, task_id=runme_2, execution_date=20210607T215328, start_date=20210607T215329, end_date=20210607T215330
[2021-06-07 18:53:30,978] {taskinstance.py:1245} INFO - 1 downstream tasks scheduled from follow-on schedule check
[2021-06-07 18:53:30,998] {local_task_job.py:151} INFO - Task exited with return code 0
