[2021-06-07 18:53:14,905] {taskinstance.py:876} INFO - Dependencies all met for <TaskInstance: example_bash_operator.run_after_loop 2021-06-07T21:53:08.311476+00:00 [queued]>
[2021-06-07 18:53:14,910] {taskinstance.py:876} INFO - Dependencies all met for <TaskInstance: example_bash_operator.run_after_loop 2021-06-07T21:53:08.311476+00:00 [queued]>
[2021-06-07 18:53:14,911] {taskinstance.py:1067} INFO - 
--------------------------------------------------------------------------------
[2021-06-07 18:53:14,911] {taskinstance.py:1068} INFO - Starting attempt 1 of 1
[2021-06-07 18:53:14,911] {taskinstance.py:1069} INFO - 
--------------------------------------------------------------------------------
[2021-06-07 18:53:14,922] {taskinstance.py:1087} INFO - Executing <Task(BashOperator): run_after_loop> on 2021-06-07T21:53:08.311476+00:00
[2021-06-07 18:53:14,924] {standard_task_runner.py:52} INFO - Started process 11045 to run task
[2021-06-07 18:53:14,927] {standard_task_runner.py:76} INFO - Running: ['airflow', 'tasks', 'run', 'example_bash_operator', 'run_after_loop', '2021-06-07T21:53:08.311476+00:00', '--job-id', '26', '--pool', 'default_pool', '--raw', '--subdir', '/home/encrypted/abaceti/.virtualenvs/***-airflow-images/lib/python3.6/site-packages/airflow/example_dags/example_bash_operator.py', '--cfg-path', '/tmp/tmpfsiylyef', '--error-file', '/tmp/tmp9lta6qp8']
[2021-06-07 18:53:14,927] {standard_task_runner.py:77} INFO - Job 26: Subtask run_after_loop
[2021-06-07 18:53:14,959] {logging_mixin.py:104} INFO - Running <TaskInstance: example_bash_operator.run_after_loop 2021-06-07T21:53:08.311476+00:00 [running]> on host abaceti-A62-LIV
[2021-06-07 18:53:15,003] {taskinstance.py:1282} INFO - Exporting the following env vars:
AIRFLOW_CTX_DAG_OWNER=airflow
AIRFLOW_CTX_DAG_ID=example_bash_operator
AIRFLOW_CTX_TASK_ID=run_after_loop
AIRFLOW_CTX_EXECUTION_DATE=2021-06-07T21:53:08.311476+00:00
AIRFLOW_CTX_DAG_RUN_ID=manual__2021-06-07T21:53:08.311476+00:00
[2021-06-07 18:53:15,004] {subprocess.py:52} INFO - Tmp dir root location: 
 /tmp
[2021-06-07 18:53:15,004] {subprocess.py:63} INFO - Running command: ['bash', '-c', 'echo 1']
[2021-06-07 18:53:15,009] {subprocess.py:75} INFO - Output:
[2021-06-07 18:53:15,009] {subprocess.py:79} INFO - 1
[2021-06-07 18:53:15,009] {subprocess.py:83} INFO - Command exited with return code 0
[2021-06-07 18:53:15,033] {taskinstance.py:1191} INFO - Marking task as SUCCESS. dag_id=example_bash_operator, task_id=run_after_loop, execution_date=20210607T215308, start_date=20210607T215314, end_date=20210607T215315
[2021-06-07 18:53:15,052] {taskinstance.py:1245} INFO - 0 downstream tasks scheduled from follow-on schedule check
[2021-06-07 18:53:15,058] {local_task_job.py:151} INFO - Task exited with return code 0
