[2021-06-07 18:39:19,922] {scheduler_job.py:182} INFO - Started process (PID=5657) to work on /home/encrypted/abaceti/.virtualenvs/pumpwood-airflow-images/lib/python3.6/site-packages/airflow/example_dags/subdags/subdag.py
[2021-06-07 18:39:19,922] {scheduler_job.py:633} INFO - Processing file /home/encrypted/abaceti/.virtualenvs/pumpwood-airflow-images/lib/python3.6/site-packages/airflow/example_dags/subdags/subdag.py for tasks to queue
[2021-06-07 18:39:19,923] {logging_mixin.py:104} INFO - [2021-06-07 18:39:19,923] {dagbag.py:487} INFO - Filling up the DagBag from /home/encrypted/abaceti/.virtualenvs/pumpwood-airflow-images/lib/python3.6/site-packages/airflow/example_dags/subdags/subdag.py
[2021-06-07 18:39:19,924] {scheduler_job.py:645} WARNING - No viable dags retrieved from /home/encrypted/abaceti/.virtualenvs/pumpwood-airflow-images/lib/python3.6/site-packages/airflow/example_dags/subdags/subdag.py
[2021-06-07 18:39:19,936] {scheduler_job.py:190} INFO - Processing /home/encrypted/abaceti/.virtualenvs/pumpwood-airflow-images/lib/python3.6/site-packages/airflow/example_dags/subdags/subdag.py took 0.015 seconds
[2021-06-07 18:39:50,089] {scheduler_job.py:182} INFO - Started process (PID=5820) to work on /home/encrypted/abaceti/.virtualenvs/pumpwood-airflow-images/lib/python3.6/site-packages/airflow/example_dags/subdags/subdag.py
[2021-06-07 18:39:50,090] {scheduler_job.py:633} INFO - Processing file /home/encrypted/abaceti/.virtualenvs/pumpwood-airflow-images/lib/python3.6/site-packages/airflow/example_dags/subdags/subdag.py for tasks to queue
[2021-06-07 18:39:50,090] {logging_mixin.py:104} INFO - [2021-06-07 18:39:50,090] {dagbag.py:487} INFO - Filling up the DagBag from /home/encrypted/abaceti/.virtualenvs/pumpwood-airflow-images/lib/python3.6/site-packages/airflow/example_dags/subdags/subdag.py
[2021-06-07 18:39:50,091] {scheduler_job.py:645} WARNING - No viable dags retrieved from /home/encrypted/abaceti/.virtualenvs/pumpwood-airflow-images/lib/python3.6/site-packages/airflow/example_dags/subdags/subdag.py
[2021-06-07 18:39:50,102] {scheduler_job.py:190} INFO - Processing /home/encrypted/abaceti/.virtualenvs/pumpwood-airflow-images/lib/python3.6/site-packages/airflow/example_dags/subdags/subdag.py took 0.014 seconds
[2021-06-07 18:40:20,309] {scheduler_job.py:182} INFO - Started process (PID=5978) to work on /home/encrypted/abaceti/.virtualenvs/pumpwood-airflow-images/lib/python3.6/site-packages/airflow/example_dags/subdags/subdag.py
[2021-06-07 18:40:20,310] {scheduler_job.py:633} INFO - Processing file /home/encrypted/abaceti/.virtualenvs/pumpwood-airflow-images/lib/python3.6/site-packages/airflow/example_dags/subdags/subdag.py for tasks to queue
[2021-06-07 18:40:20,310] {logging_mixin.py:104} INFO - [2021-06-07 18:40:20,310] {dagbag.py:487} INFO - Filling up the DagBag from /home/encrypted/abaceti/.virtualenvs/pumpwood-airflow-images/lib/python3.6/site-packages/airflow/example_dags/subdags/subdag.py
[2021-06-07 18:40:20,311] {scheduler_job.py:645} WARNING - No viable dags retrieved from /home/encrypted/abaceti/.virtualenvs/pumpwood-airflow-images/lib/python3.6/site-packages/airflow/example_dags/subdags/subdag.py
[2021-06-07 18:40:20,322] {scheduler_job.py:190} INFO - Processing /home/encrypted/abaceti/.virtualenvs/pumpwood-airflow-images/lib/python3.6/site-packages/airflow/example_dags/subdags/subdag.py took 0.014 seconds
[2021-06-07 18:40:50,511] {scheduler_job.py:182} INFO - Started process (PID=6169) to work on /home/encrypted/abaceti/.virtualenvs/pumpwood-airflow-images/lib/python3.6/site-packages/airflow/example_dags/subdags/subdag.py
[2021-06-07 18:40:50,512] {scheduler_job.py:633} INFO - Processing file /home/encrypted/abaceti/.virtualenvs/pumpwood-airflow-images/lib/python3.6/site-packages/airflow/example_dags/subdags/subdag.py for tasks to queue
[2021-06-07 18:40:50,512] {logging_mixin.py:104} INFO - [2021-06-07 18:40:50,512] {dagbag.py:487} INFO - Filling up the DagBag from /home/encrypted/abaceti/.virtualenvs/pumpwood-airflow-images/lib/python3.6/site-packages/airflow/example_dags/subdags/subdag.py
[2021-06-07 18:40:50,513] {scheduler_job.py:645} WARNING - No viable dags retrieved from /home/encrypted/abaceti/.virtualenvs/pumpwood-airflow-images/lib/python3.6/site-packages/airflow/example_dags/subdags/subdag.py
[2021-06-07 18:40:50,524] {scheduler_job.py:190} INFO - Processing /home/encrypted/abaceti/.virtualenvs/pumpwood-airflow-images/lib/python3.6/site-packages/airflow/example_dags/subdags/subdag.py took 0.014 seconds
[2021-06-07 18:41:20,717] {scheduler_job.py:182} INFO - Started process (PID=6283) to work on /home/encrypted/abaceti/.virtualenvs/pumpwood-airflow-images/lib/python3.6/site-packages/airflow/example_dags/subdags/subdag.py
[2021-06-07 18:41:20,717] {scheduler_job.py:633} INFO - Processing file /home/encrypted/abaceti/.virtualenvs/pumpwood-airflow-images/lib/python3.6/site-packages/airflow/example_dags/subdags/subdag.py for tasks to queue
[2021-06-07 18:41:20,717] {logging_mixin.py:104} INFO - [2021-06-07 18:41:20,717] {dagbag.py:487} INFO - Filling up the DagBag from /home/encrypted/abaceti/.virtualenvs/pumpwood-airflow-images/lib/python3.6/site-packages/airflow/example_dags/subdags/subdag.py
[2021-06-07 18:41:20,719] {scheduler_job.py:645} WARNING - No viable dags retrieved from /home/encrypted/abaceti/.virtualenvs/pumpwood-airflow-images/lib/python3.6/site-packages/airflow/example_dags/subdags/subdag.py
[2021-06-07 18:41:20,729] {scheduler_job.py:190} INFO - Processing /home/encrypted/abaceti/.virtualenvs/pumpwood-airflow-images/lib/python3.6/site-packages/airflow/example_dags/subdags/subdag.py took 0.014 seconds
[2021-06-07 18:41:50,847] {scheduler_job.py:182} INFO - Started process (PID=6449) to work on /home/encrypted/abaceti/.virtualenvs/pumpwood-airflow-images/lib/python3.6/site-packages/airflow/example_dags/subdags/subdag.py
[2021-06-07 18:41:50,848] {scheduler_job.py:633} INFO - Processing file /home/encrypted/abaceti/.virtualenvs/pumpwood-airflow-images/lib/python3.6/site-packages/airflow/example_dags/subdags/subdag.py for tasks to queue
[2021-06-07 18:41:50,848] {logging_mixin.py:104} INFO - [2021-06-07 18:41:50,848] {dagbag.py:487} INFO - Filling up the DagBag from /home/encrypted/abaceti/.virtualenvs/pumpwood-airflow-images/lib/python3.6/site-packages/airflow/example_dags/subdags/subdag.py
[2021-06-07 18:41:50,849] {scheduler_job.py:645} WARNING - No viable dags retrieved from /home/encrypted/abaceti/.virtualenvs/pumpwood-airflow-images/lib/python3.6/site-packages/airflow/example_dags/subdags/subdag.py
[2021-06-07 18:41:50,860] {scheduler_job.py:190} INFO - Processing /home/encrypted/abaceti/.virtualenvs/pumpwood-airflow-images/lib/python3.6/site-packages/airflow/example_dags/subdags/subdag.py took 0.015 seconds
[2021-06-07 18:42:21,091] {scheduler_job.py:182} INFO - Started process (PID=6567) to work on /home/encrypted/abaceti/.virtualenvs/pumpwood-airflow-images/lib/python3.6/site-packages/airflow/example_dags/subdags/subdag.py
[2021-06-07 18:42:21,091] {scheduler_job.py:633} INFO - Processing file /home/encrypted/abaceti/.virtualenvs/pumpwood-airflow-images/lib/python3.6/site-packages/airflow/example_dags/subdags/subdag.py for tasks to queue
[2021-06-07 18:42:21,092] {logging_mixin.py:104} INFO - [2021-06-07 18:42:21,092] {dagbag.py:487} INFO - Filling up the DagBag from /home/encrypted/abaceti/.virtualenvs/pumpwood-airflow-images/lib/python3.6/site-packages/airflow/example_dags/subdags/subdag.py
[2021-06-07 18:42:21,093] {scheduler_job.py:645} WARNING - No viable dags retrieved from /home/encrypted/abaceti/.virtualenvs/pumpwood-airflow-images/lib/python3.6/site-packages/airflow/example_dags/subdags/subdag.py
[2021-06-07 18:42:21,104] {scheduler_job.py:190} INFO - Processing /home/encrypted/abaceti/.virtualenvs/pumpwood-airflow-images/lib/python3.6/site-packages/airflow/example_dags/subdags/subdag.py took 0.014 seconds
[2021-06-07 18:42:52,176] {scheduler_job.py:182} INFO - Started process (PID=6777) to work on /home/encrypted/abaceti/.virtualenvs/pumpwood-airflow-images/lib/python3.6/site-packages/airflow/example_dags/subdags/subdag.py
[2021-06-07 18:42:52,176] {scheduler_job.py:633} INFO - Processing file /home/encrypted/abaceti/.virtualenvs/pumpwood-airflow-images/lib/python3.6/site-packages/airflow/example_dags/subdags/subdag.py for tasks to queue
[2021-06-07 18:42:52,177] {logging_mixin.py:104} INFO - [2021-06-07 18:42:52,177] {dagbag.py:487} INFO - Filling up the DagBag from /home/encrypted/abaceti/.virtualenvs/pumpwood-airflow-images/lib/python3.6/site-packages/airflow/example_dags/subdags/subdag.py
[2021-06-07 18:42:52,178] {scheduler_job.py:645} WARNING - No viable dags retrieved from /home/encrypted/abaceti/.virtualenvs/pumpwood-airflow-images/lib/python3.6/site-packages/airflow/example_dags/subdags/subdag.py
[2021-06-07 18:42:52,189] {scheduler_job.py:190} INFO - Processing /home/encrypted/abaceti/.virtualenvs/pumpwood-airflow-images/lib/python3.6/site-packages/airflow/example_dags/subdags/subdag.py took 0.015 seconds
[2021-06-07 18:43:23,276] {scheduler_job.py:182} INFO - Started process (PID=7010) to work on /home/encrypted/abaceti/.virtualenvs/pumpwood-airflow-images/lib/python3.6/site-packages/airflow/example_dags/subdags/subdag.py
[2021-06-07 18:43:23,277] {scheduler_job.py:633} INFO - Processing file /home/encrypted/abaceti/.virtualenvs/pumpwood-airflow-images/lib/python3.6/site-packages/airflow/example_dags/subdags/subdag.py for tasks to queue
[2021-06-07 18:43:23,277] {logging_mixin.py:104} INFO - [2021-06-07 18:43:23,277] {dagbag.py:487} INFO - Filling up the DagBag from /home/encrypted/abaceti/.virtualenvs/pumpwood-airflow-images/lib/python3.6/site-packages/airflow/example_dags/subdags/subdag.py
[2021-06-07 18:43:23,278] {scheduler_job.py:645} WARNING - No viable dags retrieved from /home/encrypted/abaceti/.virtualenvs/pumpwood-airflow-images/lib/python3.6/site-packages/airflow/example_dags/subdags/subdag.py
[2021-06-07 18:43:23,290] {scheduler_job.py:190} INFO - Processing /home/encrypted/abaceti/.virtualenvs/pumpwood-airflow-images/lib/python3.6/site-packages/airflow/example_dags/subdags/subdag.py took 0.015 seconds
[2021-06-07 18:43:54,363] {scheduler_job.py:182} INFO - Started process (PID=7258) to work on /home/encrypted/abaceti/.virtualenvs/pumpwood-airflow-images/lib/python3.6/site-packages/airflow/example_dags/subdags/subdag.py
[2021-06-07 18:43:54,363] {scheduler_job.py:633} INFO - Processing file /home/encrypted/abaceti/.virtualenvs/pumpwood-airflow-images/lib/python3.6/site-packages/airflow/example_dags/subdags/subdag.py for tasks to queue
[2021-06-07 18:43:54,363] {logging_mixin.py:104} INFO - [2021-06-07 18:43:54,363] {dagbag.py:487} INFO - Filling up the DagBag from /home/encrypted/abaceti/.virtualenvs/pumpwood-airflow-images/lib/python3.6/site-packages/airflow/example_dags/subdags/subdag.py
[2021-06-07 18:43:54,365] {scheduler_job.py:645} WARNING - No viable dags retrieved from /home/encrypted/abaceti/.virtualenvs/pumpwood-airflow-images/lib/python3.6/site-packages/airflow/example_dags/subdags/subdag.py
[2021-06-07 18:43:54,376] {scheduler_job.py:190} INFO - Processing /home/encrypted/abaceti/.virtualenvs/pumpwood-airflow-images/lib/python3.6/site-packages/airflow/example_dags/subdags/subdag.py took 0.015 seconds
[2021-06-07 18:44:24,523] {scheduler_job.py:182} INFO - Started process (PID=7373) to work on /home/encrypted/abaceti/.virtualenvs/pumpwood-airflow-images/lib/python3.6/site-packages/airflow/example_dags/subdags/subdag.py
[2021-06-07 18:44:24,524] {scheduler_job.py:633} INFO - Processing file /home/encrypted/abaceti/.virtualenvs/pumpwood-airflow-images/lib/python3.6/site-packages/airflow/example_dags/subdags/subdag.py for tasks to queue
[2021-06-07 18:44:24,524] {logging_mixin.py:104} INFO - [2021-06-07 18:44:24,524] {dagbag.py:487} INFO - Filling up the DagBag from /home/encrypted/abaceti/.virtualenvs/pumpwood-airflow-images/lib/python3.6/site-packages/airflow/example_dags/subdags/subdag.py
[2021-06-07 18:44:24,525] {scheduler_job.py:645} WARNING - No viable dags retrieved from /home/encrypted/abaceti/.virtualenvs/pumpwood-airflow-images/lib/python3.6/site-packages/airflow/example_dags/subdags/subdag.py
[2021-06-07 18:44:24,536] {scheduler_job.py:190} INFO - Processing /home/encrypted/abaceti/.virtualenvs/pumpwood-airflow-images/lib/python3.6/site-packages/airflow/example_dags/subdags/subdag.py took 0.014 seconds
[2021-06-07 18:44:55,582] {scheduler_job.py:182} INFO - Started process (PID=7543) to work on /home/encrypted/abaceti/.virtualenvs/pumpwood-airflow-images/lib/python3.6/site-packages/airflow/example_dags/subdags/subdag.py
[2021-06-07 18:44:55,583] {scheduler_job.py:633} INFO - Processing file /home/encrypted/abaceti/.virtualenvs/pumpwood-airflow-images/lib/python3.6/site-packages/airflow/example_dags/subdags/subdag.py for tasks to queue
[2021-06-07 18:44:55,583] {logging_mixin.py:104} INFO - [2021-06-07 18:44:55,583] {dagbag.py:487} INFO - Filling up the DagBag from /home/encrypted/abaceti/.virtualenvs/pumpwood-airflow-images/lib/python3.6/site-packages/airflow/example_dags/subdags/subdag.py
[2021-06-07 18:44:55,584] {scheduler_job.py:645} WARNING - No viable dags retrieved from /home/encrypted/abaceti/.virtualenvs/pumpwood-airflow-images/lib/python3.6/site-packages/airflow/example_dags/subdags/subdag.py
[2021-06-07 18:44:55,595] {scheduler_job.py:190} INFO - Processing /home/encrypted/abaceti/.virtualenvs/pumpwood-airflow-images/lib/python3.6/site-packages/airflow/example_dags/subdags/subdag.py took 0.014 seconds
[2021-06-07 18:45:26,567] {scheduler_job.py:182} INFO - Started process (PID=7665) to work on /home/encrypted/abaceti/.virtualenvs/pumpwood-airflow-images/lib/python3.6/site-packages/airflow/example_dags/subdags/subdag.py
[2021-06-07 18:45:26,568] {scheduler_job.py:633} INFO - Processing file /home/encrypted/abaceti/.virtualenvs/pumpwood-airflow-images/lib/python3.6/site-packages/airflow/example_dags/subdags/subdag.py for tasks to queue
[2021-06-07 18:45:26,568] {logging_mixin.py:104} INFO - [2021-06-07 18:45:26,568] {dagbag.py:487} INFO - Filling up the DagBag from /home/encrypted/abaceti/.virtualenvs/pumpwood-airflow-images/lib/python3.6/site-packages/airflow/example_dags/subdags/subdag.py
[2021-06-07 18:45:26,569] {scheduler_job.py:645} WARNING - No viable dags retrieved from /home/encrypted/abaceti/.virtualenvs/pumpwood-airflow-images/lib/python3.6/site-packages/airflow/example_dags/subdags/subdag.py
[2021-06-07 18:45:26,579] {scheduler_job.py:190} INFO - Processing /home/encrypted/abaceti/.virtualenvs/pumpwood-airflow-images/lib/python3.6/site-packages/airflow/example_dags/subdags/subdag.py took 0.014 seconds
[2021-06-07 18:45:56,672] {scheduler_job.py:182} INFO - Started process (PID=7829) to work on /home/encrypted/abaceti/.virtualenvs/pumpwood-airflow-images/lib/python3.6/site-packages/airflow/example_dags/subdags/subdag.py
[2021-06-07 18:45:56,672] {scheduler_job.py:633} INFO - Processing file /home/encrypted/abaceti/.virtualenvs/pumpwood-airflow-images/lib/python3.6/site-packages/airflow/example_dags/subdags/subdag.py for tasks to queue
[2021-06-07 18:45:56,673] {logging_mixin.py:104} INFO - [2021-06-07 18:45:56,673] {dagbag.py:487} INFO - Filling up the DagBag from /home/encrypted/abaceti/.virtualenvs/pumpwood-airflow-images/lib/python3.6/site-packages/airflow/example_dags/subdags/subdag.py
[2021-06-07 18:45:56,674] {scheduler_job.py:645} WARNING - No viable dags retrieved from /home/encrypted/abaceti/.virtualenvs/pumpwood-airflow-images/lib/python3.6/site-packages/airflow/example_dags/subdags/subdag.py
[2021-06-07 18:45:56,685] {scheduler_job.py:190} INFO - Processing /home/encrypted/abaceti/.virtualenvs/pumpwood-airflow-images/lib/python3.6/site-packages/airflow/example_dags/subdags/subdag.py took 0.014 seconds
[2021-06-07 18:46:26,699] {scheduler_job.py:182} INFO - Started process (PID=7943) to work on /home/encrypted/abaceti/.virtualenvs/pumpwood-airflow-images/lib/python3.6/site-packages/airflow/example_dags/subdags/subdag.py
[2021-06-07 18:46:26,700] {scheduler_job.py:633} INFO - Processing file /home/encrypted/abaceti/.virtualenvs/pumpwood-airflow-images/lib/python3.6/site-packages/airflow/example_dags/subdags/subdag.py for tasks to queue
[2021-06-07 18:46:26,700] {logging_mixin.py:104} INFO - [2021-06-07 18:46:26,700] {dagbag.py:487} INFO - Filling up the DagBag from /home/encrypted/abaceti/.virtualenvs/pumpwood-airflow-images/lib/python3.6/site-packages/airflow/example_dags/subdags/subdag.py
[2021-06-07 18:46:26,701] {scheduler_job.py:645} WARNING - No viable dags retrieved from /home/encrypted/abaceti/.virtualenvs/pumpwood-airflow-images/lib/python3.6/site-packages/airflow/example_dags/subdags/subdag.py
[2021-06-07 18:46:26,712] {scheduler_job.py:190} INFO - Processing /home/encrypted/abaceti/.virtualenvs/pumpwood-airflow-images/lib/python3.6/site-packages/airflow/example_dags/subdags/subdag.py took 0.015 seconds
[2021-06-07 18:46:56,868] {scheduler_job.py:182} INFO - Started process (PID=8131) to work on /home/encrypted/abaceti/.virtualenvs/pumpwood-airflow-images/lib/python3.6/site-packages/airflow/example_dags/subdags/subdag.py
[2021-06-07 18:46:56,870] {scheduler_job.py:633} INFO - Processing file /home/encrypted/abaceti/.virtualenvs/pumpwood-airflow-images/lib/python3.6/site-packages/airflow/example_dags/subdags/subdag.py for tasks to queue
[2021-06-07 18:46:56,871] {logging_mixin.py:104} INFO - [2021-06-07 18:46:56,871] {dagbag.py:487} INFO - Filling up the DagBag from /home/encrypted/abaceti/.virtualenvs/pumpwood-airflow-images/lib/python3.6/site-packages/airflow/example_dags/subdags/subdag.py
[2021-06-07 18:46:56,876] {scheduler_job.py:645} WARNING - No viable dags retrieved from /home/encrypted/abaceti/.virtualenvs/pumpwood-airflow-images/lib/python3.6/site-packages/airflow/example_dags/subdags/subdag.py
[2021-06-07 18:46:56,896] {scheduler_job.py:190} INFO - Processing /home/encrypted/abaceti/.virtualenvs/pumpwood-airflow-images/lib/python3.6/site-packages/airflow/example_dags/subdags/subdag.py took 0.035 seconds
[2021-06-07 18:47:27,000] {scheduler_job.py:182} INFO - Started process (PID=8265) to work on /home/encrypted/abaceti/.virtualenvs/pumpwood-airflow-images/lib/python3.6/site-packages/airflow/example_dags/subdags/subdag.py
[2021-06-07 18:47:27,000] {scheduler_job.py:633} INFO - Processing file /home/encrypted/abaceti/.virtualenvs/pumpwood-airflow-images/lib/python3.6/site-packages/airflow/example_dags/subdags/subdag.py for tasks to queue
[2021-06-07 18:47:27,000] {logging_mixin.py:104} INFO - [2021-06-07 18:47:27,000] {dagbag.py:487} INFO - Filling up the DagBag from /home/encrypted/abaceti/.virtualenvs/pumpwood-airflow-images/lib/python3.6/site-packages/airflow/example_dags/subdags/subdag.py
[2021-06-07 18:47:27,002] {scheduler_job.py:645} WARNING - No viable dags retrieved from /home/encrypted/abaceti/.virtualenvs/pumpwood-airflow-images/lib/python3.6/site-packages/airflow/example_dags/subdags/subdag.py
[2021-06-07 18:47:27,013] {scheduler_job.py:190} INFO - Processing /home/encrypted/abaceti/.virtualenvs/pumpwood-airflow-images/lib/python3.6/site-packages/airflow/example_dags/subdags/subdag.py took 0.015 seconds
[2021-06-07 18:47:57,192] {scheduler_job.py:182} INFO - Started process (PID=8485) to work on /home/encrypted/abaceti/.virtualenvs/pumpwood-airflow-images/lib/python3.6/site-packages/airflow/example_dags/subdags/subdag.py
[2021-06-07 18:47:57,193] {scheduler_job.py:633} INFO - Processing file /home/encrypted/abaceti/.virtualenvs/pumpwood-airflow-images/lib/python3.6/site-packages/airflow/example_dags/subdags/subdag.py for tasks to queue
[2021-06-07 18:47:57,193] {logging_mixin.py:104} INFO - [2021-06-07 18:47:57,193] {dagbag.py:487} INFO - Filling up the DagBag from /home/encrypted/abaceti/.virtualenvs/pumpwood-airflow-images/lib/python3.6/site-packages/airflow/example_dags/subdags/subdag.py
[2021-06-07 18:47:57,194] {scheduler_job.py:645} WARNING - No viable dags retrieved from /home/encrypted/abaceti/.virtualenvs/pumpwood-airflow-images/lib/python3.6/site-packages/airflow/example_dags/subdags/subdag.py
[2021-06-07 18:47:57,207] {scheduler_job.py:190} INFO - Processing /home/encrypted/abaceti/.virtualenvs/pumpwood-airflow-images/lib/python3.6/site-packages/airflow/example_dags/subdags/subdag.py took 0.017 seconds
[2021-06-07 18:48:27,450] {scheduler_job.py:182} INFO - Started process (PID=8709) to work on /home/encrypted/abaceti/.virtualenvs/pumpwood-airflow-images/lib/python3.6/site-packages/airflow/example_dags/subdags/subdag.py
[2021-06-07 18:48:27,450] {scheduler_job.py:633} INFO - Processing file /home/encrypted/abaceti/.virtualenvs/pumpwood-airflow-images/lib/python3.6/site-packages/airflow/example_dags/subdags/subdag.py for tasks to queue
[2021-06-07 18:48:27,450] {logging_mixin.py:104} INFO - [2021-06-07 18:48:27,450] {dagbag.py:487} INFO - Filling up the DagBag from /home/encrypted/abaceti/.virtualenvs/pumpwood-airflow-images/lib/python3.6/site-packages/airflow/example_dags/subdags/subdag.py
[2021-06-07 18:48:27,451] {scheduler_job.py:645} WARNING - No viable dags retrieved from /home/encrypted/abaceti/.virtualenvs/pumpwood-airflow-images/lib/python3.6/site-packages/airflow/example_dags/subdags/subdag.py
[2021-06-07 18:48:27,462] {scheduler_job.py:190} INFO - Processing /home/encrypted/abaceti/.virtualenvs/pumpwood-airflow-images/lib/python3.6/site-packages/airflow/example_dags/subdags/subdag.py took 0.014 seconds
[2021-06-07 18:48:49,646] {scheduler_job.py:182} INFO - Started process (PID=8890) to work on /home/encrypted/abaceti/.virtualenvs/pumpwood-airflow-images/lib/python3.6/site-packages/airflow/example_dags/subdags/subdag.py
[2021-06-07 18:48:49,646] {scheduler_job.py:633} INFO - Processing file /home/encrypted/abaceti/.virtualenvs/pumpwood-airflow-images/lib/python3.6/site-packages/airflow/example_dags/subdags/subdag.py for tasks to queue
[2021-06-07 18:48:49,646] {logging_mixin.py:104} INFO - [2021-06-07 18:48:49,646] {dagbag.py:487} INFO - Filling up the DagBag from /home/encrypted/abaceti/.virtualenvs/pumpwood-airflow-images/lib/python3.6/site-packages/airflow/example_dags/subdags/subdag.py
[2021-06-07 18:48:49,648] {scheduler_job.py:645} WARNING - No viable dags retrieved from /home/encrypted/abaceti/.virtualenvs/pumpwood-airflow-images/lib/python3.6/site-packages/airflow/example_dags/subdags/subdag.py
[2021-06-07 18:48:49,658] {scheduler_job.py:190} INFO - Processing /home/encrypted/abaceti/.virtualenvs/pumpwood-airflow-images/lib/python3.6/site-packages/airflow/example_dags/subdags/subdag.py took 0.014 seconds
[2021-06-07 18:49:20,698] {scheduler_job.py:182} INFO - Started process (PID=9015) to work on /home/encrypted/abaceti/.virtualenvs/pumpwood-airflow-images/lib/python3.6/site-packages/airflow/example_dags/subdags/subdag.py
[2021-06-07 18:49:20,698] {scheduler_job.py:633} INFO - Processing file /home/encrypted/abaceti/.virtualenvs/pumpwood-airflow-images/lib/python3.6/site-packages/airflow/example_dags/subdags/subdag.py for tasks to queue
[2021-06-07 18:49:20,699] {logging_mixin.py:104} INFO - [2021-06-07 18:49:20,699] {dagbag.py:487} INFO - Filling up the DagBag from /home/encrypted/abaceti/.virtualenvs/pumpwood-airflow-images/lib/python3.6/site-packages/airflow/example_dags/subdags/subdag.py
[2021-06-07 18:49:20,700] {scheduler_job.py:645} WARNING - No viable dags retrieved from /home/encrypted/abaceti/.virtualenvs/pumpwood-airflow-images/lib/python3.6/site-packages/airflow/example_dags/subdags/subdag.py
[2021-06-07 18:49:20,711] {scheduler_job.py:190} INFO - Processing /home/encrypted/abaceti/.virtualenvs/pumpwood-airflow-images/lib/python3.6/site-packages/airflow/example_dags/subdags/subdag.py took 0.014 seconds
[2021-06-07 18:49:51,001] {scheduler_job.py:182} INFO - Started process (PID=9195) to work on /home/encrypted/abaceti/.virtualenvs/pumpwood-airflow-images/lib/python3.6/site-packages/airflow/example_dags/subdags/subdag.py
[2021-06-07 18:49:51,001] {scheduler_job.py:633} INFO - Processing file /home/encrypted/abaceti/.virtualenvs/pumpwood-airflow-images/lib/python3.6/site-packages/airflow/example_dags/subdags/subdag.py for tasks to queue
[2021-06-07 18:49:51,002] {logging_mixin.py:104} INFO - [2021-06-07 18:49:51,002] {dagbag.py:487} INFO - Filling up the DagBag from /home/encrypted/abaceti/.virtualenvs/pumpwood-airflow-images/lib/python3.6/site-packages/airflow/example_dags/subdags/subdag.py
[2021-06-07 18:49:51,003] {scheduler_job.py:645} WARNING - No viable dags retrieved from /home/encrypted/abaceti/.virtualenvs/pumpwood-airflow-images/lib/python3.6/site-packages/airflow/example_dags/subdags/subdag.py
[2021-06-07 18:49:51,013] {scheduler_job.py:190} INFO - Processing /home/encrypted/abaceti/.virtualenvs/pumpwood-airflow-images/lib/python3.6/site-packages/airflow/example_dags/subdags/subdag.py took 0.014 seconds
[2021-06-07 18:50:21,229] {scheduler_job.py:182} INFO - Started process (PID=9433) to work on /home/encrypted/abaceti/.virtualenvs/pumpwood-airflow-images/lib/python3.6/site-packages/airflow/example_dags/subdags/subdag.py
[2021-06-07 18:50:21,230] {scheduler_job.py:633} INFO - Processing file /home/encrypted/abaceti/.virtualenvs/pumpwood-airflow-images/lib/python3.6/site-packages/airflow/example_dags/subdags/subdag.py for tasks to queue
[2021-06-07 18:50:21,230] {logging_mixin.py:104} INFO - [2021-06-07 18:50:21,230] {dagbag.py:487} INFO - Filling up the DagBag from /home/encrypted/abaceti/.virtualenvs/pumpwood-airflow-images/lib/python3.6/site-packages/airflow/example_dags/subdags/subdag.py
[2021-06-07 18:50:21,231] {scheduler_job.py:645} WARNING - No viable dags retrieved from /home/encrypted/abaceti/.virtualenvs/pumpwood-airflow-images/lib/python3.6/site-packages/airflow/example_dags/subdags/subdag.py
[2021-06-07 18:50:21,242] {scheduler_job.py:190} INFO - Processing /home/encrypted/abaceti/.virtualenvs/pumpwood-airflow-images/lib/python3.6/site-packages/airflow/example_dags/subdags/subdag.py took 0.014 seconds
[2021-06-07 18:50:51,474] {scheduler_job.py:182} INFO - Started process (PID=9590) to work on /home/encrypted/abaceti/.virtualenvs/pumpwood-airflow-images/lib/python3.6/site-packages/airflow/example_dags/subdags/subdag.py
[2021-06-07 18:50:51,475] {scheduler_job.py:633} INFO - Processing file /home/encrypted/abaceti/.virtualenvs/pumpwood-airflow-images/lib/python3.6/site-packages/airflow/example_dags/subdags/subdag.py for tasks to queue
[2021-06-07 18:50:51,475] {logging_mixin.py:104} INFO - [2021-06-07 18:50:51,475] {dagbag.py:487} INFO - Filling up the DagBag from /home/encrypted/abaceti/.virtualenvs/pumpwood-airflow-images/lib/python3.6/site-packages/airflow/example_dags/subdags/subdag.py
[2021-06-07 18:50:51,476] {scheduler_job.py:645} WARNING - No viable dags retrieved from /home/encrypted/abaceti/.virtualenvs/pumpwood-airflow-images/lib/python3.6/site-packages/airflow/example_dags/subdags/subdag.py
[2021-06-07 18:50:51,489] {scheduler_job.py:190} INFO - Processing /home/encrypted/abaceti/.virtualenvs/pumpwood-airflow-images/lib/python3.6/site-packages/airflow/example_dags/subdags/subdag.py took 0.016 seconds
[2021-06-07 18:51:21,587] {scheduler_job.py:182} INFO - Started process (PID=9709) to work on /home/encrypted/abaceti/.virtualenvs/pumpwood-airflow-images/lib/python3.6/site-packages/airflow/example_dags/subdags/subdag.py
[2021-06-07 18:51:21,588] {scheduler_job.py:633} INFO - Processing file /home/encrypted/abaceti/.virtualenvs/pumpwood-airflow-images/lib/python3.6/site-packages/airflow/example_dags/subdags/subdag.py for tasks to queue
[2021-06-07 18:51:21,588] {logging_mixin.py:104} INFO - [2021-06-07 18:51:21,588] {dagbag.py:487} INFO - Filling up the DagBag from /home/encrypted/abaceti/.virtualenvs/pumpwood-airflow-images/lib/python3.6/site-packages/airflow/example_dags/subdags/subdag.py
[2021-06-07 18:51:21,589] {scheduler_job.py:645} WARNING - No viable dags retrieved from /home/encrypted/abaceti/.virtualenvs/pumpwood-airflow-images/lib/python3.6/site-packages/airflow/example_dags/subdags/subdag.py
[2021-06-07 18:51:21,599] {scheduler_job.py:190} INFO - Processing /home/encrypted/abaceti/.virtualenvs/pumpwood-airflow-images/lib/python3.6/site-packages/airflow/example_dags/subdags/subdag.py took 0.014 seconds
[2021-06-07 18:51:51,753] {scheduler_job.py:182} INFO - Started process (PID=9874) to work on /home/encrypted/abaceti/.virtualenvs/pumpwood-airflow-images/lib/python3.6/site-packages/airflow/example_dags/subdags/subdag.py
[2021-06-07 18:51:51,754] {scheduler_job.py:633} INFO - Processing file /home/encrypted/abaceti/.virtualenvs/pumpwood-airflow-images/lib/python3.6/site-packages/airflow/example_dags/subdags/subdag.py for tasks to queue
[2021-06-07 18:51:51,754] {logging_mixin.py:104} INFO - [2021-06-07 18:51:51,754] {dagbag.py:487} INFO - Filling up the DagBag from /home/encrypted/abaceti/.virtualenvs/pumpwood-airflow-images/lib/python3.6/site-packages/airflow/example_dags/subdags/subdag.py
[2021-06-07 18:51:51,756] {scheduler_job.py:645} WARNING - No viable dags retrieved from /home/encrypted/abaceti/.virtualenvs/pumpwood-airflow-images/lib/python3.6/site-packages/airflow/example_dags/subdags/subdag.py
[2021-06-07 18:51:51,766] {scheduler_job.py:190} INFO - Processing /home/encrypted/abaceti/.virtualenvs/pumpwood-airflow-images/lib/python3.6/site-packages/airflow/example_dags/subdags/subdag.py took 0.015 seconds
[2021-06-07 18:52:21,995] {scheduler_job.py:182} INFO - Started process (PID=9993) to work on /home/encrypted/abaceti/.virtualenvs/pumpwood-airflow-images/lib/python3.6/site-packages/airflow/example_dags/subdags/subdag.py
[2021-06-07 18:52:21,996] {scheduler_job.py:633} INFO - Processing file /home/encrypted/abaceti/.virtualenvs/pumpwood-airflow-images/lib/python3.6/site-packages/airflow/example_dags/subdags/subdag.py for tasks to queue
[2021-06-07 18:52:21,997] {logging_mixin.py:104} INFO - [2021-06-07 18:52:21,997] {dagbag.py:487} INFO - Filling up the DagBag from /home/encrypted/abaceti/.virtualenvs/pumpwood-airflow-images/lib/python3.6/site-packages/airflow/example_dags/subdags/subdag.py
[2021-06-07 18:52:21,998] {scheduler_job.py:645} WARNING - No viable dags retrieved from /home/encrypted/abaceti/.virtualenvs/pumpwood-airflow-images/lib/python3.6/site-packages/airflow/example_dags/subdags/subdag.py
[2021-06-07 18:52:22,009] {scheduler_job.py:190} INFO - Processing /home/encrypted/abaceti/.virtualenvs/pumpwood-airflow-images/lib/python3.6/site-packages/airflow/example_dags/subdags/subdag.py took 0.015 seconds
[2021-06-07 18:52:53,154] {scheduler_job.py:182} INFO - Started process (PID=10805) to work on /home/encrypted/abaceti/.virtualenvs/pumpwood-airflow-images/lib/python3.6/site-packages/airflow/example_dags/subdags/subdag.py
[2021-06-07 18:52:53,154] {scheduler_job.py:633} INFO - Processing file /home/encrypted/abaceti/.virtualenvs/pumpwood-airflow-images/lib/python3.6/site-packages/airflow/example_dags/subdags/subdag.py for tasks to queue
[2021-06-07 18:52:53,154] {logging_mixin.py:104} INFO - [2021-06-07 18:52:53,154] {dagbag.py:487} INFO - Filling up the DagBag from /home/encrypted/abaceti/.virtualenvs/pumpwood-airflow-images/lib/python3.6/site-packages/airflow/example_dags/subdags/subdag.py
[2021-06-07 18:52:53,156] {scheduler_job.py:645} WARNING - No viable dags retrieved from /home/encrypted/abaceti/.virtualenvs/pumpwood-airflow-images/lib/python3.6/site-packages/airflow/example_dags/subdags/subdag.py
[2021-06-07 18:52:53,167] {scheduler_job.py:190} INFO - Processing /home/encrypted/abaceti/.virtualenvs/pumpwood-airflow-images/lib/python3.6/site-packages/airflow/example_dags/subdags/subdag.py took 0.015 seconds
[2021-06-07 18:53:23,344] {scheduler_job.py:182} INFO - Started process (PID=11128) to work on /home/encrypted/abaceti/.virtualenvs/pumpwood-airflow-images/lib/python3.6/site-packages/airflow/example_dags/subdags/subdag.py
[2021-06-07 18:53:23,344] {scheduler_job.py:633} INFO - Processing file /home/encrypted/abaceti/.virtualenvs/pumpwood-airflow-images/lib/python3.6/site-packages/airflow/example_dags/subdags/subdag.py for tasks to queue
[2021-06-07 18:53:23,345] {logging_mixin.py:104} INFO - [2021-06-07 18:53:23,345] {dagbag.py:487} INFO - Filling up the DagBag from /home/encrypted/abaceti/.virtualenvs/pumpwood-airflow-images/lib/python3.6/site-packages/airflow/example_dags/subdags/subdag.py
[2021-06-07 18:53:23,346] {scheduler_job.py:645} WARNING - No viable dags retrieved from /home/encrypted/abaceti/.virtualenvs/pumpwood-airflow-images/lib/python3.6/site-packages/airflow/example_dags/subdags/subdag.py
[2021-06-07 18:53:23,356] {scheduler_job.py:190} INFO - Processing /home/encrypted/abaceti/.virtualenvs/pumpwood-airflow-images/lib/python3.6/site-packages/airflow/example_dags/subdags/subdag.py took 0.014 seconds
[2021-06-07 18:53:53,529] {scheduler_job.py:182} INFO - Started process (PID=11510) to work on /home/encrypted/abaceti/.virtualenvs/pumpwood-airflow-images/lib/python3.6/site-packages/airflow/example_dags/subdags/subdag.py
[2021-06-07 18:53:53,530] {scheduler_job.py:633} INFO - Processing file /home/encrypted/abaceti/.virtualenvs/pumpwood-airflow-images/lib/python3.6/site-packages/airflow/example_dags/subdags/subdag.py for tasks to queue
[2021-06-07 18:53:53,530] {logging_mixin.py:104} INFO - [2021-06-07 18:53:53,530] {dagbag.py:487} INFO - Filling up the DagBag from /home/encrypted/abaceti/.virtualenvs/pumpwood-airflow-images/lib/python3.6/site-packages/airflow/example_dags/subdags/subdag.py
[2021-06-07 18:53:53,531] {scheduler_job.py:645} WARNING - No viable dags retrieved from /home/encrypted/abaceti/.virtualenvs/pumpwood-airflow-images/lib/python3.6/site-packages/airflow/example_dags/subdags/subdag.py
[2021-06-07 18:53:53,542] {scheduler_job.py:190} INFO - Processing /home/encrypted/abaceti/.virtualenvs/pumpwood-airflow-images/lib/python3.6/site-packages/airflow/example_dags/subdags/subdag.py took 0.014 seconds
[2021-06-07 18:54:24,713] {scheduler_job.py:182} INFO - Started process (PID=11927) to work on /home/encrypted/abaceti/.virtualenvs/pumpwood-airflow-images/lib/python3.6/site-packages/airflow/example_dags/subdags/subdag.py
[2021-06-07 18:54:24,714] {scheduler_job.py:633} INFO - Processing file /home/encrypted/abaceti/.virtualenvs/pumpwood-airflow-images/lib/python3.6/site-packages/airflow/example_dags/subdags/subdag.py for tasks to queue
[2021-06-07 18:54:24,714] {logging_mixin.py:104} INFO - [2021-06-07 18:54:24,714] {dagbag.py:487} INFO - Filling up the DagBag from /home/encrypted/abaceti/.virtualenvs/pumpwood-airflow-images/lib/python3.6/site-packages/airflow/example_dags/subdags/subdag.py
[2021-06-07 18:54:24,715] {scheduler_job.py:645} WARNING - No viable dags retrieved from /home/encrypted/abaceti/.virtualenvs/pumpwood-airflow-images/lib/python3.6/site-packages/airflow/example_dags/subdags/subdag.py
[2021-06-07 18:54:24,726] {scheduler_job.py:190} INFO - Processing /home/encrypted/abaceti/.virtualenvs/pumpwood-airflow-images/lib/python3.6/site-packages/airflow/example_dags/subdags/subdag.py took 0.014 seconds
[2021-06-07 18:54:54,885] {scheduler_job.py:182} INFO - Started process (PID=12142) to work on /home/encrypted/abaceti/.virtualenvs/pumpwood-airflow-images/lib/python3.6/site-packages/airflow/example_dags/subdags/subdag.py
[2021-06-07 18:54:54,885] {scheduler_job.py:633} INFO - Processing file /home/encrypted/abaceti/.virtualenvs/pumpwood-airflow-images/lib/python3.6/site-packages/airflow/example_dags/subdags/subdag.py for tasks to queue
[2021-06-07 18:54:54,885] {logging_mixin.py:104} INFO - [2021-06-07 18:54:54,885] {dagbag.py:487} INFO - Filling up the DagBag from /home/encrypted/abaceti/.virtualenvs/pumpwood-airflow-images/lib/python3.6/site-packages/airflow/example_dags/subdags/subdag.py
[2021-06-07 18:54:54,887] {scheduler_job.py:645} WARNING - No viable dags retrieved from /home/encrypted/abaceti/.virtualenvs/pumpwood-airflow-images/lib/python3.6/site-packages/airflow/example_dags/subdags/subdag.py
[2021-06-07 18:54:54,898] {scheduler_job.py:190} INFO - Processing /home/encrypted/abaceti/.virtualenvs/pumpwood-airflow-images/lib/python3.6/site-packages/airflow/example_dags/subdags/subdag.py took 0.014 seconds
[2021-06-07 18:55:24,967] {scheduler_job.py:182} INFO - Started process (PID=12313) to work on /home/encrypted/abaceti/.virtualenvs/pumpwood-airflow-images/lib/python3.6/site-packages/airflow/example_dags/subdags/subdag.py
[2021-06-07 18:55:24,968] {scheduler_job.py:633} INFO - Processing file /home/encrypted/abaceti/.virtualenvs/pumpwood-airflow-images/lib/python3.6/site-packages/airflow/example_dags/subdags/subdag.py for tasks to queue
[2021-06-07 18:55:24,968] {logging_mixin.py:104} INFO - [2021-06-07 18:55:24,968] {dagbag.py:487} INFO - Filling up the DagBag from /home/encrypted/abaceti/.virtualenvs/pumpwood-airflow-images/lib/python3.6/site-packages/airflow/example_dags/subdags/subdag.py
[2021-06-07 18:55:24,970] {scheduler_job.py:645} WARNING - No viable dags retrieved from /home/encrypted/abaceti/.virtualenvs/pumpwood-airflow-images/lib/python3.6/site-packages/airflow/example_dags/subdags/subdag.py
[2021-06-07 18:55:24,981] {scheduler_job.py:190} INFO - Processing /home/encrypted/abaceti/.virtualenvs/pumpwood-airflow-images/lib/python3.6/site-packages/airflow/example_dags/subdags/subdag.py took 0.015 seconds
[2021-06-07 18:55:55,130] {scheduler_job.py:182} INFO - Started process (PID=12535) to work on /home/encrypted/abaceti/.virtualenvs/pumpwood-airflow-images/lib/python3.6/site-packages/airflow/example_dags/subdags/subdag.py
[2021-06-07 18:55:55,130] {scheduler_job.py:633} INFO - Processing file /home/encrypted/abaceti/.virtualenvs/pumpwood-airflow-images/lib/python3.6/site-packages/airflow/example_dags/subdags/subdag.py for tasks to queue
[2021-06-07 18:55:55,131] {logging_mixin.py:104} INFO - [2021-06-07 18:55:55,131] {dagbag.py:487} INFO - Filling up the DagBag from /home/encrypted/abaceti/.virtualenvs/pumpwood-airflow-images/lib/python3.6/site-packages/airflow/example_dags/subdags/subdag.py
[2021-06-07 18:55:55,132] {scheduler_job.py:645} WARNING - No viable dags retrieved from /home/encrypted/abaceti/.virtualenvs/pumpwood-airflow-images/lib/python3.6/site-packages/airflow/example_dags/subdags/subdag.py
[2021-06-07 18:55:55,142] {scheduler_job.py:190} INFO - Processing /home/encrypted/abaceti/.virtualenvs/pumpwood-airflow-images/lib/python3.6/site-packages/airflow/example_dags/subdags/subdag.py took 0.014 seconds
[2021-06-07 18:56:25,369] {scheduler_job.py:182} INFO - Started process (PID=12749) to work on /home/encrypted/abaceti/.virtualenvs/pumpwood-airflow-images/lib/python3.6/site-packages/airflow/example_dags/subdags/subdag.py
[2021-06-07 18:56:25,369] {scheduler_job.py:633} INFO - Processing file /home/encrypted/abaceti/.virtualenvs/pumpwood-airflow-images/lib/python3.6/site-packages/airflow/example_dags/subdags/subdag.py for tasks to queue
[2021-06-07 18:56:25,370] {logging_mixin.py:104} INFO - [2021-06-07 18:56:25,369] {dagbag.py:487} INFO - Filling up the DagBag from /home/encrypted/abaceti/.virtualenvs/pumpwood-airflow-images/lib/python3.6/site-packages/airflow/example_dags/subdags/subdag.py
[2021-06-07 18:56:25,371] {scheduler_job.py:645} WARNING - No viable dags retrieved from /home/encrypted/abaceti/.virtualenvs/pumpwood-airflow-images/lib/python3.6/site-packages/airflow/example_dags/subdags/subdag.py
[2021-06-07 18:56:25,382] {scheduler_job.py:190} INFO - Processing /home/encrypted/abaceti/.virtualenvs/pumpwood-airflow-images/lib/python3.6/site-packages/airflow/example_dags/subdags/subdag.py took 0.014 seconds
[2021-06-07 18:56:56,362] {scheduler_job.py:182} INFO - Started process (PID=12939) to work on /home/encrypted/abaceti/.virtualenvs/pumpwood-airflow-images/lib/python3.6/site-packages/airflow/example_dags/subdags/subdag.py
[2021-06-07 18:56:56,362] {scheduler_job.py:633} INFO - Processing file /home/encrypted/abaceti/.virtualenvs/pumpwood-airflow-images/lib/python3.6/site-packages/airflow/example_dags/subdags/subdag.py for tasks to queue
[2021-06-07 18:56:56,363] {logging_mixin.py:104} INFO - [2021-06-07 18:56:56,363] {dagbag.py:487} INFO - Filling up the DagBag from /home/encrypted/abaceti/.virtualenvs/pumpwood-airflow-images/lib/python3.6/site-packages/airflow/example_dags/subdags/subdag.py
[2021-06-07 18:56:56,364] {scheduler_job.py:645} WARNING - No viable dags retrieved from /home/encrypted/abaceti/.virtualenvs/pumpwood-airflow-images/lib/python3.6/site-packages/airflow/example_dags/subdags/subdag.py
[2021-06-07 18:56:56,375] {scheduler_job.py:190} INFO - Processing /home/encrypted/abaceti/.virtualenvs/pumpwood-airflow-images/lib/python3.6/site-packages/airflow/example_dags/subdags/subdag.py took 0.015 seconds
[2021-06-07 18:57:27,353] {scheduler_job.py:182} INFO - Started process (PID=13057) to work on /home/encrypted/abaceti/.virtualenvs/pumpwood-airflow-images/lib/python3.6/site-packages/airflow/example_dags/subdags/subdag.py
[2021-06-07 18:57:27,354] {scheduler_job.py:633} INFO - Processing file /home/encrypted/abaceti/.virtualenvs/pumpwood-airflow-images/lib/python3.6/site-packages/airflow/example_dags/subdags/subdag.py for tasks to queue
[2021-06-07 18:57:27,354] {logging_mixin.py:104} INFO - [2021-06-07 18:57:27,354] {dagbag.py:487} INFO - Filling up the DagBag from /home/encrypted/abaceti/.virtualenvs/pumpwood-airflow-images/lib/python3.6/site-packages/airflow/example_dags/subdags/subdag.py
[2021-06-07 18:57:27,355] {scheduler_job.py:645} WARNING - No viable dags retrieved from /home/encrypted/abaceti/.virtualenvs/pumpwood-airflow-images/lib/python3.6/site-packages/airflow/example_dags/subdags/subdag.py
[2021-06-07 18:57:27,367] {scheduler_job.py:190} INFO - Processing /home/encrypted/abaceti/.virtualenvs/pumpwood-airflow-images/lib/python3.6/site-packages/airflow/example_dags/subdags/subdag.py took 0.016 seconds
[2021-06-07 18:57:57,646] {scheduler_job.py:182} INFO - Started process (PID=13232) to work on /home/encrypted/abaceti/.virtualenvs/pumpwood-airflow-images/lib/python3.6/site-packages/airflow/example_dags/subdags/subdag.py
[2021-06-07 18:57:57,647] {scheduler_job.py:633} INFO - Processing file /home/encrypted/abaceti/.virtualenvs/pumpwood-airflow-images/lib/python3.6/site-packages/airflow/example_dags/subdags/subdag.py for tasks to queue
[2021-06-07 18:57:57,647] {logging_mixin.py:104} INFO - [2021-06-07 18:57:57,647] {dagbag.py:487} INFO - Filling up the DagBag from /home/encrypted/abaceti/.virtualenvs/pumpwood-airflow-images/lib/python3.6/site-packages/airflow/example_dags/subdags/subdag.py
[2021-06-07 18:57:57,648] {scheduler_job.py:645} WARNING - No viable dags retrieved from /home/encrypted/abaceti/.virtualenvs/pumpwood-airflow-images/lib/python3.6/site-packages/airflow/example_dags/subdags/subdag.py
[2021-06-07 18:57:57,660] {scheduler_job.py:190} INFO - Processing /home/encrypted/abaceti/.virtualenvs/pumpwood-airflow-images/lib/python3.6/site-packages/airflow/example_dags/subdags/subdag.py took 0.015 seconds
[2021-06-07 18:58:28,641] {scheduler_job.py:182} INFO - Started process (PID=13346) to work on /home/encrypted/abaceti/.virtualenvs/pumpwood-airflow-images/lib/python3.6/site-packages/airflow/example_dags/subdags/subdag.py
[2021-06-07 18:58:28,641] {scheduler_job.py:633} INFO - Processing file /home/encrypted/abaceti/.virtualenvs/pumpwood-airflow-images/lib/python3.6/site-packages/airflow/example_dags/subdags/subdag.py for tasks to queue
[2021-06-07 18:58:28,641] {logging_mixin.py:104} INFO - [2021-06-07 18:58:28,641] {dagbag.py:487} INFO - Filling up the DagBag from /home/encrypted/abaceti/.virtualenvs/pumpwood-airflow-images/lib/python3.6/site-packages/airflow/example_dags/subdags/subdag.py
[2021-06-07 18:58:28,643] {scheduler_job.py:645} WARNING - No viable dags retrieved from /home/encrypted/abaceti/.virtualenvs/pumpwood-airflow-images/lib/python3.6/site-packages/airflow/example_dags/subdags/subdag.py
[2021-06-07 18:58:28,653] {scheduler_job.py:190} INFO - Processing /home/encrypted/abaceti/.virtualenvs/pumpwood-airflow-images/lib/python3.6/site-packages/airflow/example_dags/subdags/subdag.py took 0.014 seconds
[2021-06-07 18:58:59,866] {scheduler_job.py:182} INFO - Started process (PID=13522) to work on /home/encrypted/abaceti/.virtualenvs/pumpwood-airflow-images/lib/python3.6/site-packages/airflow/example_dags/subdags/subdag.py
[2021-06-07 18:58:59,866] {scheduler_job.py:633} INFO - Processing file /home/encrypted/abaceti/.virtualenvs/pumpwood-airflow-images/lib/python3.6/site-packages/airflow/example_dags/subdags/subdag.py for tasks to queue
[2021-06-07 18:58:59,866] {logging_mixin.py:104} INFO - [2021-06-07 18:58:59,866] {dagbag.py:487} INFO - Filling up the DagBag from /home/encrypted/abaceti/.virtualenvs/pumpwood-airflow-images/lib/python3.6/site-packages/airflow/example_dags/subdags/subdag.py
[2021-06-07 18:58:59,868] {scheduler_job.py:645} WARNING - No viable dags retrieved from /home/encrypted/abaceti/.virtualenvs/pumpwood-airflow-images/lib/python3.6/site-packages/airflow/example_dags/subdags/subdag.py
[2021-06-07 18:58:59,878] {scheduler_job.py:190} INFO - Processing /home/encrypted/abaceti/.virtualenvs/pumpwood-airflow-images/lib/python3.6/site-packages/airflow/example_dags/subdags/subdag.py took 0.014 seconds
[2021-06-07 18:59:30,049] {scheduler_job.py:182} INFO - Started process (PID=13647) to work on /home/encrypted/abaceti/.virtualenvs/pumpwood-airflow-images/lib/python3.6/site-packages/airflow/example_dags/subdags/subdag.py
[2021-06-07 18:59:30,049] {scheduler_job.py:633} INFO - Processing file /home/encrypted/abaceti/.virtualenvs/pumpwood-airflow-images/lib/python3.6/site-packages/airflow/example_dags/subdags/subdag.py for tasks to queue
[2021-06-07 18:59:30,050] {logging_mixin.py:104} INFO - [2021-06-07 18:59:30,050] {dagbag.py:487} INFO - Filling up the DagBag from /home/encrypted/abaceti/.virtualenvs/pumpwood-airflow-images/lib/python3.6/site-packages/airflow/example_dags/subdags/subdag.py
[2021-06-07 18:59:30,052] {scheduler_job.py:645} WARNING - No viable dags retrieved from /home/encrypted/abaceti/.virtualenvs/pumpwood-airflow-images/lib/python3.6/site-packages/airflow/example_dags/subdags/subdag.py
[2021-06-07 18:59:30,062] {scheduler_job.py:190} INFO - Processing /home/encrypted/abaceti/.virtualenvs/pumpwood-airflow-images/lib/python3.6/site-packages/airflow/example_dags/subdags/subdag.py took 0.015 seconds
[2021-06-07 19:00:00,187] {scheduler_job.py:182} INFO - Started process (PID=13809) to work on /home/encrypted/abaceti/.virtualenvs/pumpwood-airflow-images/lib/python3.6/site-packages/airflow/example_dags/subdags/subdag.py
[2021-06-07 19:00:00,188] {scheduler_job.py:633} INFO - Processing file /home/encrypted/abaceti/.virtualenvs/pumpwood-airflow-images/lib/python3.6/site-packages/airflow/example_dags/subdags/subdag.py for tasks to queue
[2021-06-07 19:00:00,188] {logging_mixin.py:104} INFO - [2021-06-07 19:00:00,188] {dagbag.py:487} INFO - Filling up the DagBag from /home/encrypted/abaceti/.virtualenvs/pumpwood-airflow-images/lib/python3.6/site-packages/airflow/example_dags/subdags/subdag.py
[2021-06-07 19:00:00,189] {scheduler_job.py:645} WARNING - No viable dags retrieved from /home/encrypted/abaceti/.virtualenvs/pumpwood-airflow-images/lib/python3.6/site-packages/airflow/example_dags/subdags/subdag.py
[2021-06-07 19:00:00,201] {scheduler_job.py:190} INFO - Processing /home/encrypted/abaceti/.virtualenvs/pumpwood-airflow-images/lib/python3.6/site-packages/airflow/example_dags/subdags/subdag.py took 0.015 seconds
[2021-06-07 19:00:30,345] {scheduler_job.py:182} INFO - Started process (PID=13925) to work on /home/encrypted/abaceti/.virtualenvs/pumpwood-airflow-images/lib/python3.6/site-packages/airflow/example_dags/subdags/subdag.py
[2021-06-07 19:00:30,345] {scheduler_job.py:633} INFO - Processing file /home/encrypted/abaceti/.virtualenvs/pumpwood-airflow-images/lib/python3.6/site-packages/airflow/example_dags/subdags/subdag.py for tasks to queue
[2021-06-07 19:00:30,345] {logging_mixin.py:104} INFO - [2021-06-07 19:00:30,345] {dagbag.py:487} INFO - Filling up the DagBag from /home/encrypted/abaceti/.virtualenvs/pumpwood-airflow-images/lib/python3.6/site-packages/airflow/example_dags/subdags/subdag.py
[2021-06-07 19:00:30,347] {scheduler_job.py:645} WARNING - No viable dags retrieved from /home/encrypted/abaceti/.virtualenvs/pumpwood-airflow-images/lib/python3.6/site-packages/airflow/example_dags/subdags/subdag.py
[2021-06-07 19:00:30,357] {scheduler_job.py:190} INFO - Processing /home/encrypted/abaceti/.virtualenvs/pumpwood-airflow-images/lib/python3.6/site-packages/airflow/example_dags/subdags/subdag.py took 0.014 seconds
[2021-06-07 19:01:00,523] {scheduler_job.py:182} INFO - Started process (PID=14118) to work on /home/encrypted/abaceti/.virtualenvs/pumpwood-airflow-images/lib/python3.6/site-packages/airflow/example_dags/subdags/subdag.py
[2021-06-07 19:01:00,524] {scheduler_job.py:633} INFO - Processing file /home/encrypted/abaceti/.virtualenvs/pumpwood-airflow-images/lib/python3.6/site-packages/airflow/example_dags/subdags/subdag.py for tasks to queue
[2021-06-07 19:01:00,524] {logging_mixin.py:104} INFO - [2021-06-07 19:01:00,524] {dagbag.py:487} INFO - Filling up the DagBag from /home/encrypted/abaceti/.virtualenvs/pumpwood-airflow-images/lib/python3.6/site-packages/airflow/example_dags/subdags/subdag.py
[2021-06-07 19:01:00,525] {scheduler_job.py:645} WARNING - No viable dags retrieved from /home/encrypted/abaceti/.virtualenvs/pumpwood-airflow-images/lib/python3.6/site-packages/airflow/example_dags/subdags/subdag.py
[2021-06-07 19:01:00,537] {scheduler_job.py:190} INFO - Processing /home/encrypted/abaceti/.virtualenvs/pumpwood-airflow-images/lib/python3.6/site-packages/airflow/example_dags/subdags/subdag.py took 0.016 seconds
[2021-06-07 19:01:30,836] {scheduler_job.py:182} INFO - Started process (PID=14238) to work on /home/encrypted/abaceti/.virtualenvs/pumpwood-airflow-images/lib/python3.6/site-packages/airflow/example_dags/subdags/subdag.py
[2021-06-07 19:01:30,837] {scheduler_job.py:633} INFO - Processing file /home/encrypted/abaceti/.virtualenvs/pumpwood-airflow-images/lib/python3.6/site-packages/airflow/example_dags/subdags/subdag.py for tasks to queue
[2021-06-07 19:01:30,837] {logging_mixin.py:104} INFO - [2021-06-07 19:01:30,837] {dagbag.py:487} INFO - Filling up the DagBag from /home/encrypted/abaceti/.virtualenvs/pumpwood-airflow-images/lib/python3.6/site-packages/airflow/example_dags/subdags/subdag.py
[2021-06-07 19:01:30,839] {scheduler_job.py:645} WARNING - No viable dags retrieved from /home/encrypted/abaceti/.virtualenvs/pumpwood-airflow-images/lib/python3.6/site-packages/airflow/example_dags/subdags/subdag.py
[2021-06-07 19:01:30,850] {scheduler_job.py:190} INFO - Processing /home/encrypted/abaceti/.virtualenvs/pumpwood-airflow-images/lib/python3.6/site-packages/airflow/example_dags/subdags/subdag.py took 0.015 seconds
[2021-06-07 19:02:00,968] {scheduler_job.py:182} INFO - Started process (PID=14419) to work on /home/encrypted/abaceti/.virtualenvs/pumpwood-airflow-images/lib/python3.6/site-packages/airflow/example_dags/subdags/subdag.py
[2021-06-07 19:02:00,969] {scheduler_job.py:633} INFO - Processing file /home/encrypted/abaceti/.virtualenvs/pumpwood-airflow-images/lib/python3.6/site-packages/airflow/example_dags/subdags/subdag.py for tasks to queue
[2021-06-07 19:02:00,969] {logging_mixin.py:104} INFO - [2021-06-07 19:02:00,969] {dagbag.py:487} INFO - Filling up the DagBag from /home/encrypted/abaceti/.virtualenvs/pumpwood-airflow-images/lib/python3.6/site-packages/airflow/example_dags/subdags/subdag.py
[2021-06-07 19:02:00,970] {scheduler_job.py:645} WARNING - No viable dags retrieved from /home/encrypted/abaceti/.virtualenvs/pumpwood-airflow-images/lib/python3.6/site-packages/airflow/example_dags/subdags/subdag.py
[2021-06-07 19:02:00,981] {scheduler_job.py:190} INFO - Processing /home/encrypted/abaceti/.virtualenvs/pumpwood-airflow-images/lib/python3.6/site-packages/airflow/example_dags/subdags/subdag.py took 0.014 seconds
[2021-06-07 19:02:31,093] {scheduler_job.py:182} INFO - Started process (PID=14633) to work on /home/encrypted/abaceti/.virtualenvs/pumpwood-airflow-images/lib/python3.6/site-packages/airflow/example_dags/subdags/subdag.py
[2021-06-07 19:02:31,094] {scheduler_job.py:633} INFO - Processing file /home/encrypted/abaceti/.virtualenvs/pumpwood-airflow-images/lib/python3.6/site-packages/airflow/example_dags/subdags/subdag.py for tasks to queue
[2021-06-07 19:02:31,094] {logging_mixin.py:104} INFO - [2021-06-07 19:02:31,094] {dagbag.py:487} INFO - Filling up the DagBag from /home/encrypted/abaceti/.virtualenvs/pumpwood-airflow-images/lib/python3.6/site-packages/airflow/example_dags/subdags/subdag.py
[2021-06-07 19:02:31,096] {scheduler_job.py:645} WARNING - No viable dags retrieved from /home/encrypted/abaceti/.virtualenvs/pumpwood-airflow-images/lib/python3.6/site-packages/airflow/example_dags/subdags/subdag.py
[2021-06-07 19:02:31,107] {scheduler_job.py:190} INFO - Processing /home/encrypted/abaceti/.virtualenvs/pumpwood-airflow-images/lib/python3.6/site-packages/airflow/example_dags/subdags/subdag.py took 0.016 seconds
