[2021-06-07 18:54:19,143] {taskinstance.py:876} INFO - Dependencies all met for <TaskInstance: example_python_operator.print_the_context 2021-06-07T21:54:12.435420+00:00 [queued]>
[2021-06-07 18:54:19,150] {taskinstance.py:876} INFO - Dependencies all met for <TaskInstance: example_python_operator.print_the_context 2021-06-07T21:54:12.435420+00:00 [queued]>
[2021-06-07 18:54:19,151] {taskinstance.py:1067} INFO - 
--------------------------------------------------------------------------------
[2021-06-07 18:54:19,151] {taskinstance.py:1068} INFO - Starting attempt 1 of 1
[2021-06-07 18:54:19,152] {taskinstance.py:1069} INFO - 
--------------------------------------------------------------------------------
[2021-06-07 18:54:19,163] {taskinstance.py:1087} INFO - Executing <Task(PythonOperator): print_the_context> on 2021-06-07T21:54:12.435420+00:00
[2021-06-07 18:54:19,166] {standard_task_runner.py:52} INFO - Started process 11600 to run task
[2021-06-07 18:54:19,168] {standard_task_runner.py:76} INFO - Running: ['airflow', 'tasks', 'run', 'example_python_operator', 'print_the_context', '2021-06-07T21:54:12.435420+00:00', '--job-id', '33', '--pool', 'default_pool', '--raw', '--subdir', '/home/encrypted/abaceti/.virtualenvs/***-airflow-images/lib/python3.6/site-packages/airflow/example_dags/example_python_operator.py', '--cfg-path', '/tmp/tmplgm2dwi3', '--error-file', '/tmp/tmpud6sj1bn']
[2021-06-07 18:54:19,168] {standard_task_runner.py:77} INFO - Job 33: Subtask print_the_context
[2021-06-07 18:54:19,200] {logging_mixin.py:104} INFO - Running <TaskInstance: example_python_operator.print_the_context 2021-06-07T21:54:12.435420+00:00 [running]> on host abaceti-A62-LIV
[2021-06-07 18:54:19,244] {taskinstance.py:1282} INFO - Exporting the following env vars:
AIRFLOW_CTX_DAG_OWNER=airflow
AIRFLOW_CTX_DAG_ID=example_python_operator
AIRFLOW_CTX_TASK_ID=print_the_context
AIRFLOW_CTX_EXECUTION_DATE=2021-06-07T21:54:12.435420+00:00
AIRFLOW_CTX_DAG_RUN_ID=manual__2021-06-07T21:54:12.435420+00:00
[2021-06-07 18:54:19,262] {logging_mixin.py:104} INFO - {'conf': <airflow.configuration.AirflowConfigParser object at 0x7fd65a3a2278>,
 'dag': <DAG: example_python_operator>,
 'dag_run': <DagRun example_python_operator @ 2021-06-07 21:54:12.435420+00:00: manual__2021-06-07T21:54:12.435420+00:00, externally triggered: True>,
 'ds_nodash': '20210607',
 'execution_date': DateTime(2021, 6, 7, 21, 54, 12, 435420, tzinfo=Timezone('+00:00')),
 'inlets': [],
 'macros': <module 'airflow.macros' from '/home/encrypted/abaceti/.virtualenvs/***-airflow-images/lib/python3.6/site-packages/airflow/macros/__init__.py'>,
 'next_ds': '2021-06-07',
 'next_ds_nodash': '20210607',
 'next_execution_date': DateTime(2021, 6, 7, 21, 54, 12, 435420, tzinfo=Timezone('+00:00')),
 'outlets': [],
 'params': {},
 'prev_ds': '2021-06-07',
 'prev_ds_nodash': '20210607',
 'prev_execution_date': DateTime(2021, 6, 7, 21, 54, 12, 435420, tzinfo=Timezone('+00:00')),
 'prev_execution_date_success': <Proxy at 0x7fd64af753c8 with factory <function TaskInstance.get_template_context.<locals>.<lambda> at 0x7fd64b02cd90>>,
 'prev_start_date_success': <Proxy at 0x7fd64af961c8 with factory <function TaskInstance.get_template_context.<locals>.<lambda> at 0x7fd64afe3c80>>,
 'run_id': 'manual__2021-06-07T21:54:12.435420+00:00',
 'task': <Task(PythonOperator): print_the_context>,
 'task_instance': <TaskInstance: example_python_operator.print_the_context 2021-06-07T21:54:12.435420+00:00 [running]>,
 'task_instance_key_str': 'example_python_operator__print_the_context__20210607',
 'templates_dict': None,
 'test_mode': False,
 'ti': <TaskInstance: example_python_operator.print_the_context 2021-06-07T21:54:12.435420+00:00 [running]>,
 'tomorrow_ds': '2021-06-08',
 'tomorrow_ds_nodash': '20210608',
 'ts': '2021-06-07T21:54:12.435420+00:00',
 'ts_nodash': '20210607T215412',
 'ts_nodash_with_tz': '20210607T215412.435420+0000',
 'var': {'json': None, 'value': None},
 'yesterday_ds': '2021-06-06',
 'yesterday_ds_nodash': '20210606'}
[2021-06-07 18:54:19,262] {logging_mixin.py:104} INFO - 2021-06-07
[2021-06-07 18:54:19,262] {python.py:151} INFO - Done. Returned value was: Whatever you return gets printed in the logs
[2021-06-07 18:54:19,285] {taskinstance.py:1191} INFO - Marking task as SUCCESS. dag_id=example_python_operator, task_id=print_the_context, execution_date=20210607T215412, start_date=20210607T215419, end_date=20210607T215419
[2021-06-07 18:54:19,309] {taskinstance.py:1245} INFO - 5 downstream tasks scheduled from follow-on schedule check
[2021-06-07 18:54:19,339] {local_task_job.py:151} INFO - Task exited with return code 0
