[2021-06-07 18:53:29,756] {taskinstance.py:876} INFO - Dependencies all met for <TaskInstance: example_bash_operator.runme_1 2021-06-07T21:53:28.791199+00:00 [queued]>
[2021-06-07 18:53:29,766] {taskinstance.py:876} INFO - Dependencies all met for <TaskInstance: example_bash_operator.runme_1 2021-06-07T21:53:28.791199+00:00 [queued]>
[2021-06-07 18:53:29,766] {taskinstance.py:1067} INFO - 
--------------------------------------------------------------------------------
[2021-06-07 18:53:29,766] {taskinstance.py:1068} INFO - Starting attempt 1 of 1
[2021-06-07 18:53:29,768] {taskinstance.py:1069} INFO - 
--------------------------------------------------------------------------------
[2021-06-07 18:53:29,781] {taskinstance.py:1087} INFO - Executing <Task(BashOperator): runme_1> on 2021-06-07T21:53:28.791199+00:00
[2021-06-07 18:53:29,786] {standard_task_runner.py:52} INFO - Started process 11244 to run task
[2021-06-07 18:53:29,789] {standard_task_runner.py:76} INFO - Running: ['airflow', 'tasks', 'run', 'example_bash_operator', 'runme_1', '2021-06-07T21:53:28.791199+00:00', '--job-id', '30', '--pool', 'default_pool', '--raw', '--subdir', '/home/encrypted/abaceti/.virtualenvs/***-airflow-images/lib/python3.6/site-packages/airflow/example_dags/example_bash_operator.py', '--cfg-path', '/tmp/tmpbs9f0n63', '--error-file', '/tmp/tmpufr0jfsy']
[2021-06-07 18:53:29,789] {standard_task_runner.py:77} INFO - Job 30: Subtask runme_1
[2021-06-07 18:53:29,831] {logging_mixin.py:104} INFO - Running <TaskInstance: example_bash_operator.runme_1 2021-06-07T21:53:28.791199+00:00 [running]> on host abaceti-A62-LIV
[2021-06-07 18:53:29,890] {taskinstance.py:1282} INFO - Exporting the following env vars:
AIRFLOW_CTX_DAG_OWNER=airflow
AIRFLOW_CTX_DAG_ID=example_bash_operator
AIRFLOW_CTX_TASK_ID=runme_1
AIRFLOW_CTX_EXECUTION_DATE=2021-06-07T21:53:28.791199+00:00
AIRFLOW_CTX_DAG_RUN_ID=manual__2021-06-07T21:53:28.791199+00:00
[2021-06-07 18:53:29,890] {subprocess.py:52} INFO - Tmp dir root location: 
 /tmp
[2021-06-07 18:53:29,891] {subprocess.py:63} INFO - Running command: ['bash', '-c', 'echo "example_bash_operator__runme_1__20210607" && sleep 1']
[2021-06-07 18:53:29,898] {subprocess.py:75} INFO - Output:
[2021-06-07 18:53:29,898] {subprocess.py:79} INFO - example_bash_operator__runme_1__20210607
[2021-06-07 18:53:30,899] {subprocess.py:83} INFO - Command exited with return code 0
[2021-06-07 18:53:30,926] {taskinstance.py:1191} INFO - Marking task as SUCCESS. dag_id=example_bash_operator, task_id=runme_1, execution_date=20210607T215328, start_date=20210607T215329, end_date=20210607T215330
[2021-06-07 18:53:30,950] {taskinstance.py:1245} INFO - 0 downstream tasks scheduled from follow-on schedule check
[2021-06-07 18:53:30,963] {local_task_job.py:151} INFO - Task exited with return code 0
