[2021-06-07 18:54:19,145] {taskinstance.py:876} INFO - Dependencies all met for <TaskInstance: example_python_operator.virtualenv_python 2021-06-07T21:54:12.435420+00:00 [queued]>
[2021-06-07 18:54:19,153] {taskinstance.py:876} INFO - Dependencies all met for <TaskInstance: example_python_operator.virtualenv_python 2021-06-07T21:54:12.435420+00:00 [queued]>
[2021-06-07 18:54:19,153] {taskinstance.py:1067} INFO - 
--------------------------------------------------------------------------------
[2021-06-07 18:54:19,153] {taskinstance.py:1068} INFO - Starting attempt 1 of 1
[2021-06-07 18:54:19,155] {taskinstance.py:1069} INFO - 
--------------------------------------------------------------------------------
[2021-06-07 18:54:19,164] {taskinstance.py:1087} INFO - Executing <Task(PythonVirtualenvOperator): virtualenv_python> on 2021-06-07T21:54:12.435420+00:00
[2021-06-07 18:54:19,168] {standard_task_runner.py:52} INFO - Started process 11601 to run task
[2021-06-07 18:54:19,170] {standard_task_runner.py:76} INFO - Running: ['airflow', 'tasks', 'run', 'example_python_operator', 'virtualenv_python', '2021-06-07T21:54:12.435420+00:00', '--job-id', '34', '--pool', 'default_pool', '--raw', '--subdir', '/home/encrypted/abaceti/.virtualenvs/***-airflow-images/lib/python3.6/site-packages/airflow/example_dags/example_python_operator.py', '--cfg-path', '/tmp/tmpk1_gwuuh', '--error-file', '/tmp/tmpnbswo_he']
[2021-06-07 18:54:19,171] {standard_task_runner.py:77} INFO - Job 34: Subtask virtualenv_python
[2021-06-07 18:54:19,202] {logging_mixin.py:104} INFO - Running <TaskInstance: example_python_operator.virtualenv_python 2021-06-07T21:54:12.435420+00:00 [running]> on host abaceti-A62-LIV
[2021-06-07 18:54:19,244] {taskinstance.py:1282} INFO - Exporting the following env vars:
AIRFLOW_CTX_DAG_OWNER=airflow
AIRFLOW_CTX_DAG_ID=example_python_operator
AIRFLOW_CTX_TASK_ID=virtualenv_python
AIRFLOW_CTX_EXECUTION_DATE=2021-06-07T21:54:12.435420+00:00
AIRFLOW_CTX_DAG_RUN_ID=manual__2021-06-07T21:54:12.435420+00:00
[2021-06-07 18:54:19,245] {process_utils.py:135} INFO - Executing cmd: virtualenv /tmp/venvvx5_u6v9
[2021-06-07 18:54:19,249] {process_utils.py:139} INFO - Output:
[2021-06-07 18:54:19,517] {process_utils.py:143} INFO - created virtual environment CPython3.6.9.final.0-64 in 162ms
[2021-06-07 18:54:19,518] {process_utils.py:143} INFO -   creator CPython3Posix(dest=/tmp/venvvx5_u6v9, clear=False, no_vcs_ignore=False, global=False)
[2021-06-07 18:54:19,518] {process_utils.py:143} INFO -   seeder FromAppData(download=False, pip=bundle, setuptools=bundle, wheel=bundle, via=copy, app_data_dir=/home/encrypted/abaceti/.local/share/virtualenv)
[2021-06-07 18:54:19,518] {process_utils.py:143} INFO -     added seed packages: pip==21.0.1, setuptools==56.2.0, wheel==0.36.2
[2021-06-07 18:54:19,518] {process_utils.py:143} INFO -   activators BashActivator,CShellActivator,FishActivator,PowerShellActivator,PythonActivator,XonshActivator
[2021-06-07 18:54:19,531] {process_utils.py:135} INFO - Executing cmd: /tmp/venvvx5_u6v9/bin/pip install colorama==0.4.0
[2021-06-07 18:54:19,535] {process_utils.py:139} INFO - Output:
[2021-06-07 18:54:20,350] {process_utils.py:143} INFO - Collecting colorama==0.4.0
[2021-06-07 18:54:20,466] {process_utils.py:143} INFO -   Downloading colorama-0.4.0-py2.py3-none-any.whl (21 kB)
[2021-06-07 18:54:20,671] {process_utils.py:143} INFO - Installing collected packages: colorama
[2021-06-07 18:54:20,682] {process_utils.py:143} INFO - Successfully installed colorama-0.4.0
[2021-06-07 18:54:21,236] {process_utils.py:143} INFO - WARNING: You are using pip version 21.0.1; however, version 21.1.2 is available.
[2021-06-07 18:54:21,236] {process_utils.py:143} INFO - You should consider upgrading via the '/tmp/venvvx5_u6v9/bin/python -m pip install --upgrade pip' command.
[2021-06-07 18:54:21,269] {process_utils.py:135} INFO - Executing cmd: /tmp/venvvx5_u6v9/bin/python /tmp/venvvx5_u6v9/script.py /tmp/venvvx5_u6v9/script.in /tmp/venvvx5_u6v9/script.out /tmp/venvvx5_u6v9/string_args.txt
[2021-06-07 18:54:21,274] {process_utils.py:139} INFO - Output:
[2021-06-07 18:54:21,293] {process_utils.py:143} INFO - [31msome red text
[2021-06-07 18:54:21,293] {process_utils.py:143} INFO - [42mand with a green background
[2021-06-07 18:54:21,293] {process_utils.py:143} INFO - [2mand in dim text
[2021-06-07 18:54:21,293] {process_utils.py:143} INFO - [0m
[2021-06-07 18:54:21,293] {process_utils.py:143} INFO - [2mPlease wait...
[2021-06-07 18:54:31,303] {process_utils.py:143} INFO - [2mPlease wait...
[2021-06-07 18:54:41,311] {process_utils.py:143} INFO - [2mPlease wait...
[2021-06-07 18:54:51,319] {process_utils.py:143} INFO - [2mPlease wait...
[2021-06-07 18:55:01,327] {process_utils.py:143} INFO - [2mPlease wait...
[2021-06-07 18:55:11,337] {process_utils.py:143} INFO - [2mPlease wait...
[2021-06-07 18:55:21,347] {process_utils.py:143} INFO - [2mPlease wait...
[2021-06-07 18:55:31,355] {process_utils.py:143} INFO - [2mPlease wait...
[2021-06-07 18:55:41,363] {process_utils.py:143} INFO - [2mPlease wait...
[2021-06-07 18:55:51,373] {process_utils.py:143} INFO - [2mPlease wait...
[2021-06-07 18:56:01,383] {process_utils.py:143} INFO - Finished
[2021-06-07 18:56:01,398] {python.py:151} INFO - Done. Returned value was: None
[2021-06-07 18:56:01,409] {taskinstance.py:1191} INFO - Marking task as SUCCESS. dag_id=example_python_operator, task_id=virtualenv_python, execution_date=20210607T215412, start_date=20210607T215419, end_date=20210607T215601
[2021-06-07 18:56:01,428] {taskinstance.py:1245} INFO - 0 downstream tasks scheduled from follow-on schedule check
[2021-06-07 18:56:01,439] {local_task_job.py:151} INFO - Task exited with return code 0
